#
# A fatal error has been detected by the Java Runtime Environment:
#
#  EXCEPTION_ACCESS_VIOLATION (0xc0000005) at pc=0x00007ffdc13c0451, pid=5948, tid=12164
#
# JRE version: OpenJDK Runtime Environment Temurin-17.0.8.1+1 (17.0.8.1+1) (build 17.0.8.1+1)
# Java VM: OpenJDK 64-Bit Server VM Temurin-17.0.8.1+1 (17.0.8.1+1, mixed mode, tiered, compressed oops, compressed class ptrs, g1 gc, windows-amd64)
# Problematic frame:
# V  [jvm.dll+0x560451]
#
# No core dump will be written. Minidumps are not enabled by default on client versions of Windows
#
# If you would like to submit a bug report, please visit:
#   https://github.com/adoptium/adoptium-support/issues
#

---------------  S U M M A R Y ------------

Command Line: -Dfile.encoding=UTF-8 -XX:+ShowCodeDetailsInExceptionMessages -agentpath:C:\Program Files\SentinelOne\Sentinel Agent 23.1.4.650\SentinelJava64.dll com.spencer.ItemApp.ItemAppApplication

Host: Intel(R) Core(TM) i7-5600U CPU @ 2.60GHz, 4 cores, 15G,  Windows 10 , 64 bit Build 19041 (10.0.19041.3570)
Time: Thu Nov  9 11:28:31 2023 Eastern Standard Time elapsed time: 22.162741 seconds (0d 0h 0m 22s)

---------------  T H R E A D  ---------------

Current thread (0x0000019eb4f77e00):  JavaThread "http-nio-8080-exec-1" daemon [_thread_in_vm, id=12164, stack(0x0000008d9d000000,0x0000008d9d100000)]

Stack: [0x0000008d9d000000,0x0000008d9d100000],  sp=0x0000008d9d0f90c0,  free space=996k
Native frames: (J=compiled Java code, j=interpreted, Vv=VM code, C=native code)
V  [jvm.dll+0x560451]
V  [jvm.dll+0x385914]
V  [jvm.dll+0x384f7f]
C  0x0000019e9b79bb83

Java frames: (J=compiled Java code, j=interpreted, Vv=VM code)
j  org.springframework.security.web.servletapi.SecurityContextHolderAwareRequestWrapper.getAuthentication()Lorg/springframework/security/core/Authentication;+4
j  org.springframework.security.web.servletapi.SecurityContextHolderAwareRequestWrapper.isGranted(Ljava/lang/String;)Z+1
j  org.springframework.security.web.servletapi.SecurityContextHolderAwareRequestWrapper.isUserInRole(Ljava/lang/String;)Z+2
v  ~StubRoutines::call_stub
j  org.apache.jasper.runtime.HttpJspBase.service(Ljakarta/servlet/http/HttpServletRequest;Ljakarta/servlet/http/HttpServletResponse;)V+0
j  jakarta.servlet.http.HttpServlet.service(Ljakarta/servlet/ServletRequest;Ljakarta/servlet/ServletResponse;)V+36
j  org.apache.jasper.servlet.JspServletWrapper.service(Ljakarta/servlet/http/HttpServletRequest;Ljakarta/servlet/http/HttpServletResponse;Z)V+372
j  org.apache.jasper.servlet.JspServlet.serviceJspFile(Ljakarta/servlet/http/HttpServletRequest;Ljakarta/servlet/http/HttpServletResponse;Ljava/lang/String;Z)V+112
j  org.apache.jasper.servlet.JspServlet.service(Ljakarta/servlet/http/HttpServletRequest;Ljakarta/servlet/http/HttpServletResponse;)V+228
j  jakarta.servlet.http.HttpServlet.service(Ljakarta/servlet/ServletRequest;Ljakarta/servlet/ServletResponse;)V+36
j  org.apache.catalina.core.ApplicationFilterChain.internalDoFilter(Ljakarta/servlet/ServletRequest;Ljakarta/servlet/ServletResponse;)V+305
j  org.apache.catalina.core.ApplicationFilterChain.doFilter(Ljakarta/servlet/ServletRequest;Ljakarta/servlet/ServletResponse;)V+99
j  org.apache.tomcat.websocket.server.WsFilter.doFilter(Ljakarta/servlet/ServletRequest;Ljakarta/servlet/ServletResponse;Ljakarta/servlet/FilterChain;)V+21
j  org.apache.catalina.core.ApplicationFilterChain.internalDoFilter(Ljakarta/servlet/ServletRequest;Ljakarta/servlet/ServletResponse;)V+135
j  org.apache.catalina.core.ApplicationFilterChain.doFilter(Ljakarta/servlet/ServletRequest;Ljakarta/servlet/ServletResponse;)V+99
j  org.springframework.security.web.FilterChainProxy.lambda$doFilterInternal$3(Lorg/springframework/security/web/firewall/FirewalledRequest;Ljakarta/servlet/FilterChain;Ljakarta/servlet/ServletRequest;Ljakarta/servlet/ServletResponse;)V+35
j  org.springframework.security.web.FilterChainProxy$$Lambda$1362+0x0000000800996198.doFilter(Ljakarta/servlet/ServletRequest;Ljakarta/servlet/ServletResponse;)V+10
j  org.springframework.security.web.FilterChainProxy$VirtualFilterChain.doFilter(Ljakarta/servlet/ServletRequest;Ljakarta/servlet/ServletResponse;)V+17
j  org.springframework.security.web.access.intercept.AuthorizationFilter.doFilter(Ljakarta/servlet/ServletRequest;Ljakarta/servlet/ServletResponse;Ljakarta/servlet/FilterChain;)V+143
j  org.springframework.security.web.FilterChainProxy$VirtualFilterChain.doFilter(Ljakarta/servlet/ServletRequest;Ljakarta/servlet/ServletResponse;)V+105
j  org.springframework.security.web.access.ExceptionTranslationFilter.doFilter(Ljakarta/servlet/http/HttpServletRequest;Ljakarta/servlet/http/HttpServletResponse;Ljakarta/servlet/FilterChain;)V+3
j  org.springframework.security.web.access.ExceptionTranslationFilter.doFilter(Ljakarta/servlet/ServletRequest;Ljakarta/servlet/ServletResponse;Ljakarta/servlet/FilterChain;)V+10
j  org.springframework.security.web.FilterChainProxy$VirtualFilterChain.doFilter(Ljakarta/servlet/ServletRequest;Ljakarta/servlet/ServletResponse;)V+105
j  org.springframework.security.web.authentication.AnonymousAuthenticationFilter.doFilter(Ljakarta/servlet/ServletRequest;Ljakarta/servlet/ServletResponse;Ljakarta/servlet/FilterChain;)V+33
j  org.springframework.security.web.FilterChainProxy$VirtualFilterChain.doFilter(Ljakarta/servlet/ServletRequest;Ljakarta/servlet/ServletResponse;)V+105
j  org.springframework.security.web.servletapi.SecurityContextHolderAwareRequestFilter.doFilter(Ljakarta/servlet/ServletRequest;Ljakarta/servlet/ServletResponse;Ljakarta/servlet/FilterChain;)V+19
j  org.springframework.security.web.FilterChainProxy$VirtualFilterChain.doFilter(Ljakarta/servlet/ServletRequest;Ljakarta/servlet/ServletResponse;)V+105
j  org.springframework.security.web.savedrequest.RequestCacheAwareFilter.doFilter(Ljakarta/servlet/ServletRequest;Ljakarta/servlet/ServletResponse;Ljakarta/servlet/FilterChain;)V+32
j  org.springframework.security.web.FilterChainProxy$VirtualFilterChain.doFilter(Ljakarta/servlet/ServletRequest;Ljakarta/servlet/ServletResponse;)V+105
j  org.springframework.security.web.authentication.AbstractAuthenticationProcessingFilter.doFilter(Ljakarta/servlet/http/HttpServletRequest;Ljakarta/servlet/http/HttpServletResponse;Ljakarta/servlet/FilterChain;)V+12
j  org.springframework.security.web.authentication.AbstractAuthenticationProcessingFilter.doFilter(Ljakarta/servlet/ServletRequest;Ljakarta/servlet/ServletResponse;Ljakarta/servlet/FilterChain;)V+10
j  org.springframework.security.web.FilterChainProxy$VirtualFilterChain.doFilter(Ljakarta/servlet/ServletRequest;Ljakarta/servlet/ServletResponse;)V+105
j  org.springframework.security.web.authentication.logout.LogoutFilter.doFilter(Ljakarta/servlet/http/HttpServletRequest;Ljakarta/servlet/http/HttpServletResponse;Ljakarta/servlet/FilterChain;)V+83
j  org.springframework.security.web.authentication.logout.LogoutFilter.doFilter(Ljakarta/servlet/ServletRequest;Ljakarta/servlet/ServletResponse;Ljakarta/servlet/FilterChain;)V+10
j  org.springframework.security.web.FilterChainProxy$VirtualFilterChain.doFilter(Ljakarta/servlet/ServletRequest;Ljakarta/servlet/ServletResponse;)V+105
j  org.springframework.web.filter.OncePerRequestFilter.doFilter(Ljakarta/servlet/ServletRequest;Ljakarta/servlet/ServletResponse;Ljakarta/servlet/FilterChain;)V+125
j  org.springframework.security.web.FilterChainProxy$VirtualFilterChain.doFilter(Ljakarta/servlet/ServletRequest;Ljakarta/servlet/ServletResponse;)V+105
j  org.springframework.security.web.context.SecurityContextHolderFilter.doFilter(Ljakarta/servlet/http/HttpServletRequest;Ljakarta/servlet/http/HttpServletResponse;Ljakarta/servlet/FilterChain;)V+15
j  org.springframework.security.web.context.SecurityContextHolderFilter.doFilter(Ljakarta/servlet/ServletRequest;Ljakarta/servlet/ServletResponse;Ljakarta/servlet/FilterChain;)V+10
j  org.springframework.security.web.FilterChainProxy$VirtualFilterChain.doFilter(Ljakarta/servlet/ServletRequest;Ljakarta/servlet/ServletResponse;)V+105
j  org.springframework.web.filter.OncePerRequestFilter.doFilter(Ljakarta/servlet/ServletRequest;Ljakarta/servlet/ServletResponse;Ljakarta/servlet/FilterChain;)V+125
j  org.springframework.security.web.FilterChainProxy$VirtualFilterChain.doFilter(Ljakarta/servlet/ServletRequest;Ljakarta/servlet/ServletResponse;)V+105
j  org.springframework.web.filter.OncePerRequestFilter.doFilter(Ljakarta/servlet/ServletRequest;Ljakarta/servlet/ServletResponse;Ljakarta/servlet/FilterChain;)V+125
j  org.springframework.security.web.FilterChainProxy$VirtualFilterChain.doFilter(Ljakarta/servlet/ServletRequest;Ljakarta/servlet/ServletResponse;)V+105
j  org.springframework.security.web.FilterChainProxy.doFilterInternal(Ljakarta/servlet/ServletRequest;Ljakarta/servlet/ServletResponse;Ljakarta/servlet/FilterChain;)V+163
j  org.springframework.security.web.FilterChainProxy.doFilter(Ljakarta/servlet/ServletRequest;Ljakarta/servlet/ServletResponse;Ljakarta/servlet/FilterChain;)V+28
j  org.springframework.web.filter.DelegatingFilterProxy.invokeDelegate(Ljakarta/servlet/Filter;Ljakarta/servlet/ServletRequest;Ljakarta/servlet/ServletResponse;Ljakarta/servlet/FilterChain;)V+5
j  org.springframework.web.filter.DelegatingFilterProxy.doFilter(Ljakarta/servlet/ServletRequest;Ljakarta/servlet/ServletResponse;Ljakarta/servlet/FilterChain;)V+85
j  org.apache.catalina.core.ApplicationFilterChain.internalDoFilter(Ljakarta/servlet/ServletRequest;Ljakarta/servlet/ServletResponse;)V+135
j  org.apache.catalina.core.ApplicationFilterChain.doFilter(Ljakarta/servlet/ServletRequest;Ljakarta/servlet/ServletResponse;)V+99
j  org.springframework.web.filter.OncePerRequestFilter.doFilter(Ljakarta/servlet/ServletRequest;Ljakarta/servlet/ServletResponse;Ljakarta/servlet/FilterChain;)V+125
j  org.apache.catalina.core.ApplicationFilterChain.internalDoFilter(Ljakarta/servlet/ServletRequest;Ljakarta/servlet/ServletResponse;)V+135
j  org.apache.catalina.core.ApplicationFilterChain.doFilter(Ljakarta/servlet/ServletRequest;Ljakarta/servlet/ServletResponse;)V+99
j  org.springframework.web.filter.OncePerRequestFilter.doFilter(Ljakarta/servlet/ServletRequest;Ljakarta/servlet/ServletResponse;Ljakarta/servlet/FilterChain;)V+125
j  org.apache.catalina.core.ApplicationFilterChain.internalDoFilter(Ljakarta/servlet/ServletRequest;Ljakarta/servlet/ServletResponse;)V+135
j  org.apache.catalina.core.ApplicationFilterChain.doFilter(Ljakarta/servlet/ServletRequest;Ljakarta/servlet/ServletResponse;)V+99
j  org.springframework.web.filter.OncePerRequestFilter.doFilter(Ljakarta/servlet/ServletRequest;Ljakarta/servlet/ServletResponse;Ljakarta/servlet/FilterChain;)V+125
j  org.apache.catalina.core.ApplicationFilterChain.internalDoFilter(Ljakarta/servlet/ServletRequest;Ljakarta/servlet/ServletResponse;)V+135
j  org.apache.catalina.core.ApplicationFilterChain.doFilter(Ljakarta/servlet/ServletRequest;Ljakarta/servlet/ServletResponse;)V+99
j  org.apache.catalina.core.ApplicationDispatcher.invoke(Ljakarta/servlet/ServletRequest;Ljakarta/servlet/ServletResponse;Lorg/apache/catalina/core/ApplicationDispatcher$State;)V+341
j  org.apache.catalina.core.ApplicationDispatcher.processRequest(Ljakarta/servlet/ServletRequest;Ljakarta/servlet/ServletResponse;Lorg/apache/catalina/core/ApplicationDispatcher$State;)V+98
j  org.apache.catalina.core.ApplicationDispatcher.doForward(Ljakarta/servlet/ServletRequest;Ljakarta/servlet/ServletResponse;)V+363
j  org.apache.catalina.core.ApplicationDispatcher.forward(Ljakarta/servlet/ServletRequest;Ljakarta/servlet/ServletResponse;)V+55
j  org.springframework.security.web.header.HeaderWriterFilter$HeaderWriterRequestDispatcher.forward(Ljakarta/servlet/ServletRequest;Ljakarta/servlet/ServletResponse;)V+6
j  org.springframework.web.servlet.view.InternalResourceView.renderMergedOutputModel(Ljava/util/Map;Ljakarta/servlet/http/HttpServletRequest;Ljakarta/servlet/http/HttpServletResponse;)V+145
j  org.springframework.web.servlet.view.AbstractView.render(Ljava/util/Map;Ljakarta/servlet/http/HttpServletRequest;Ljakarta/servlet/http/HttpServletResponse;)V+91
j  org.springframework.web.servlet.DispatcherServlet.render(Lorg/springframework/web/servlet/ModelAndView;Ljakarta/servlet/http/HttpServletRequest;Ljakarta/servlet/http/HttpServletResponse;)V+188
j  org.springframework.web.servlet.DispatcherServlet.processDispatchResult(Ljakarta/servlet/http/HttpServletRequest;Ljakarta/servlet/http/HttpServletResponse;Lorg/springframework/web/servlet/HandlerExecutionChain;Lorg/springframework/web/servlet/ModelAndView;Ljava/lang/Exception;)V+103
j  org.springframework.web.servlet.DispatcherServlet.doDispatch(Ljakarta/servlet/http/HttpServletRequest;Ljakarta/servlet/http/HttpServletResponse;)V+365
j  org.springframework.web.servlet.DispatcherServlet.doService(Ljakarta/servlet/http/HttpServletRequest;Ljakarta/servlet/http/HttpServletResponse;)V+242
j  org.springframework.web.servlet.FrameworkServlet.processRequest(Ljakarta/servlet/http/HttpServletRequest;Ljakarta/servlet/http/HttpServletResponse;)V+70
j  org.springframework.web.servlet.FrameworkServlet.doGet(Ljakarta/servlet/http/HttpServletRequest;Ljakarta/servlet/http/HttpServletResponse;)V+3
j  jakarta.servlet.http.HttpServlet.service(Ljakarta/servlet/http/HttpServletRequest;Ljakarta/servlet/http/HttpServletResponse;)V+35
j  org.springframework.web.servlet.FrameworkServlet.service(Ljakarta/servlet/http/HttpServletRequest;Ljakarta/servlet/http/HttpServletResponse;)V+20
j  jakarta.servlet.http.HttpServlet.service(Ljakarta/servlet/ServletRequest;Ljakarta/servlet/ServletResponse;)V+36
j  org.apache.catalina.core.ApplicationFilterChain.internalDoFilter(Ljakarta/servlet/ServletRequest;Ljakarta/servlet/ServletResponse;)V+305
j  org.apache.catalina.core.ApplicationFilterChain.doFilter(Ljakarta/servlet/ServletRequest;Ljakarta/servlet/ServletResponse;)V+99
j  org.apache.tomcat.websocket.server.WsFilter.doFilter(Ljakarta/servlet/ServletRequest;Ljakarta/servlet/ServletResponse;Ljakarta/servlet/FilterChain;)V+21
j  org.apache.catalina.core.ApplicationFilterChain.internalDoFilter(Ljakarta/servlet/ServletRequest;Ljakarta/servlet/ServletResponse;)V+135
j  org.apache.catalina.core.ApplicationFilterChain.doFilter(Ljakarta/servlet/ServletRequest;Ljakarta/servlet/ServletResponse;)V+99
j  org.springframework.security.web.FilterChainProxy.lambda$doFilterInternal$3(Lorg/springframework/security/web/firewall/FirewalledRequest;Ljakarta/servlet/FilterChain;Ljakarta/servlet/ServletRequest;Ljakarta/servlet/ServletResponse;)V+35
j  org.springframework.security.web.FilterChainProxy$$Lambda$1362+0x0000000800996198.doFilter(Ljakarta/servlet/ServletRequest;Ljakarta/servlet/ServletResponse;)V+10
j  org.springframework.security.web.FilterChainProxy$VirtualFilterChain.doFilter(Ljakarta/servlet/ServletRequest;Ljakarta/servlet/ServletResponse;)V+17
j  org.springframework.security.web.access.intercept.AuthorizationFilter.doFilter(Ljakarta/servlet/ServletRequest;Ljakarta/servlet/ServletResponse;Ljakarta/servlet/FilterChain;)V+143
j  org.springframework.security.web.FilterChainProxy$VirtualFilterChain.doFilter(Ljakarta/servlet/ServletRequest;Ljakarta/servlet/ServletResponse;)V+105
j  org.springframework.security.web.access.ExceptionTranslationFilter.doFilter(Ljakarta/servlet/http/HttpServletRequest;Ljakarta/servlet/http/HttpServletResponse;Ljakarta/servlet/FilterChain;)V+3
j  org.springframework.security.web.access.ExceptionTranslationFilter.doFilter(Ljakarta/servlet/ServletRequest;Ljakarta/servlet/ServletResponse;Ljakarta/servlet/FilterChain;)V+10
j  org.springframework.security.web.FilterChainProxy$VirtualFilterChain.doFilter(Ljakarta/servlet/ServletRequest;Ljakarta/servlet/ServletResponse;)V+105
j  org.springframework.security.web.authentication.AnonymousAuthenticationFilter.doFilter(Ljakarta/servlet/ServletRequest;Ljakarta/servlet/ServletResponse;Ljakarta/servlet/FilterChain;)V+33
j  org.springframework.security.web.FilterChainProxy$VirtualFilterChain.doFilter(Ljakarta/servlet/ServletRequest;Ljakarta/servlet/ServletResponse;)V+105
j  org.springframework.security.web.servletapi.SecurityContextHolderAwareRequestFilter.doFilter(Ljakarta/servlet/ServletRequest;Ljakarta/servlet/ServletResponse;Ljakarta/servlet/FilterChain;)V+19
j  org.springframework.security.web.FilterChainProxy$VirtualFilterChain.doFilter(Ljakarta/servlet/ServletRequest;Ljakarta/servlet/ServletResponse;)V+105
j  org.springframework.security.web.savedrequest.RequestCacheAwareFilter.doFilter(Ljakarta/servlet/ServletRequest;Ljakarta/servlet/ServletResponse;Ljakarta/servlet/FilterChain;)V+32
j  org.springframework.security.web.FilterChainProxy$VirtualFilterChain.doFilter(Ljakarta/servlet/ServletRequest;Ljakarta/servlet/ServletResponse;)V+105
j  org.springframework.security.web.authentication.AbstractAuthenticationProcessingFilter.doFilter(Ljakarta/servlet/http/HttpServletRequest;Ljakarta/servlet/http/HttpServletResponse;Ljakarta/servlet/FilterChain;)V+12
j  org.springframework.security.web.authentication.AbstractAuthenticationProcessingFilter.doFilter(Ljakarta/servlet/ServletRequest;Ljakarta/servlet/ServletResponse;Ljakarta/servlet/FilterChain;)V+10
j  org.springframework.security.web.FilterChainProxy$VirtualFilterChain.doFilter(Ljakarta/servlet/ServletRequest;Ljakarta/servlet/ServletResponse;)V+105
j  org.springframework.security.web.authentication.logout.LogoutFilter.doFilter(Ljakarta/servlet/http/HttpServletRequest;Ljakarta/servlet/http/HttpServletResponse;Ljakarta/servlet/FilterChain;)V+83
j  org.springframework.security.web.authentication.logout.LogoutFilter.doFilter(Ljakarta/servlet/ServletRequest;Ljakarta/servlet/ServletResponse;Ljakarta/servlet/FilterChain;)V+10
j  org.springframework.security.web.FilterChainProxy$VirtualFilterChain.doFilter(Ljakarta/servlet/ServletRequest;Ljakarta/servlet/ServletResponse;)V+105
j  org.springframework.security.web.header.HeaderWriterFilter.doHeadersAfter(Ljakarta/servlet/http/HttpServletRequest;Ljakarta/servlet/http/HttpServletResponse;Ljakarta/servlet/FilterChain;)V+29
j  org.springframework.security.web.header.HeaderWriterFilter.doFilterInternal(Ljakarta/servlet/http/HttpServletRequest;Ljakarta/servlet/http/HttpServletResponse;Ljakarta/servlet/FilterChain;)V+21
j  org.springframework.web.filter.OncePerRequestFilter.doFilter(Ljakarta/servlet/ServletRequest;Ljakarta/servlet/ServletResponse;Ljakarta/servlet/FilterChain;)V+150
j  org.springframework.security.web.FilterChainProxy$VirtualFilterChain.doFilter(Ljakarta/servlet/ServletRequest;Ljakarta/servlet/ServletResponse;)V+105
j  org.springframework.security.web.context.SecurityContextHolderFilter.doFilter(Ljakarta/servlet/http/HttpServletRequest;Ljakarta/servlet/http/HttpServletResponse;Ljakarta/servlet/FilterChain;)V+59
j  org.springframework.security.web.context.SecurityContextHolderFilter.doFilter(Ljakarta/servlet/ServletRequest;Ljakarta/servlet/ServletResponse;Ljakarta/servlet/FilterChain;)V+10
j  org.springframework.security.web.FilterChainProxy$VirtualFilterChain.doFilter(Ljakarta/servlet/ServletRequest;Ljakarta/servlet/ServletResponse;)V+105
j  org.springframework.security.web.context.request.async.WebAsyncManagerIntegrationFilter.doFilterInternal(Ljakarta/servlet/http/HttpServletRequest;Ljakarta/servlet/http/HttpServletResponse;Ljakarta/servlet/FilterChain;)V+55
j  org.springframework.web.filter.OncePerRequestFilter.doFilter(Ljakarta/servlet/ServletRequest;Ljakarta/servlet/ServletResponse;Ljakarta/servlet/FilterChain;)V+150
j  org.springframework.security.web.FilterChainProxy$VirtualFilterChain.doFilter(Ljakarta/servlet/ServletRequest;Ljakarta/servlet/ServletResponse;)V+105
j  org.springframework.security.web.session.DisableEncodeUrlFilter.doFilterInternal(Ljakarta/servlet/http/HttpServletRequest;Ljakarta/servlet/http/HttpServletResponse;Ljakarta/servlet/FilterChain;)V+10
j  org.springframework.web.filter.OncePerRequestFilter.doFilter(Ljakarta/servlet/ServletRequest;Ljakarta/servlet/ServletResponse;Ljakarta/servlet/FilterChain;)V+150
j  org.springframework.security.web.FilterChainProxy$VirtualFilterChain.doFilter(Ljakarta/servlet/ServletRequest;Ljakarta/servlet/ServletResponse;)V+105
j  org.springframework.security.web.FilterChainProxy.doFilterInternal(Ljakarta/servlet/ServletRequest;Ljakarta/servlet/ServletResponse;Ljakarta/servlet/FilterChain;)V+163
j  org.springframework.security.web.FilterChainProxy.doFilter(Ljakarta/servlet/ServletRequest;Ljakarta/servlet/ServletResponse;Ljakarta/servlet/FilterChain;)V+48
j  org.springframework.web.filter.DelegatingFilterProxy.invokeDelegate(Ljakarta/servlet/Filter;Ljakarta/servlet/ServletRequest;Ljakarta/servlet/ServletResponse;Ljakarta/servlet/FilterChain;)V+5
j  org.springframework.web.filter.DelegatingFilterProxy.doFilter(Ljakarta/servlet/ServletRequest;Ljakarta/servlet/ServletResponse;Ljakarta/servlet/FilterChain;)V+85
j  org.apache.catalina.core.ApplicationFilterChain.internalDoFilter(Ljakarta/servlet/ServletRequest;Ljakarta/servlet/ServletResponse;)V+135
j  org.apache.catalina.core.ApplicationFilterChain.doFilter(Ljakarta/servlet/ServletRequest;Ljakarta/servlet/ServletResponse;)V+99
j  org.springframework.web.filter.RequestContextFilter.doFilterInternal(Ljakarta/servlet/http/HttpServletRequest;Ljakarta/servlet/http/HttpServletResponse;Ljakarta/servlet/FilterChain;)V+21
j  org.springframework.web.filter.OncePerRequestFilter.doFilter(Ljakarta/servlet/ServletRequest;Ljakarta/servlet/ServletResponse;Ljakarta/servlet/FilterChain;)V+150
j  org.apache.catalina.core.ApplicationFilterChain.internalDoFilter(Ljakarta/servlet/ServletRequest;Ljakarta/servlet/ServletResponse;)V+135
j  org.apache.catalina.core.ApplicationFilterChain.doFilter(Ljakarta/servlet/ServletRequest;Ljakarta/servlet/ServletResponse;)V+99
j  org.springframework.web.filter.FormContentFilter.doFilterInternal(Ljakarta/servlet/http/HttpServletRequest;Ljakarta/servlet/http/HttpServletResponse;Ljakarta/servlet/FilterChain;)V+38
j  org.springframework.web.filter.OncePerRequestFilter.doFilter(Ljakarta/servlet/ServletRequest;Ljakarta/servlet/ServletResponse;Ljakarta/servlet/FilterChain;)V+150
j  org.apache.catalina.core.ApplicationFilterChain.internalDoFilter(Ljakarta/servlet/ServletRequest;Ljakarta/servlet/ServletResponse;)V+135
j  org.apache.catalina.core.ApplicationFilterChain.doFilter(Ljakarta/servlet/ServletRequest;Ljakarta/servlet/ServletResponse;)V+99
j  org.springframework.web.filter.CharacterEncodingFilter.doFilterInternal(Ljakarta/servlet/http/HttpServletRequest;Ljakarta/servlet/http/HttpServletResponse;Ljakarta/servlet/FilterChain;)V+53
j  org.springframework.web.filter.OncePerRequestFilter.doFilter(Ljakarta/servlet/ServletRequest;Ljakarta/servlet/ServletResponse;Ljakarta/servlet/FilterChain;)V+150
j  org.apache.catalina.core.ApplicationFilterChain.internalDoFilter(Ljakarta/servlet/ServletRequest;Ljakarta/servlet/ServletResponse;)V+135
j  org.apache.catalina.core.ApplicationFilterChain.doFilter(Ljakarta/servlet/ServletRequest;Ljakarta/servlet/ServletResponse;)V+99
j  org.apache.catalina.core.StandardWrapperValve.invoke(Lorg/apache/catalina/connector/Request;Lorg/apache/catalina/connector/Response;)V+514
j  org.apache.catalina.core.StandardContextValve.invoke(Lorg/apache/catalina/connector/Request;Lorg/apache/catalina/connector/Response;)V+169
j  org.apache.catalina.authenticator.AuthenticatorBase.invoke(Lorg/apache/catalina/connector/Request;Lorg/apache/catalina/connector/Response;)V+218
j  org.apache.catalina.core.StandardHostValve.invoke(Lorg/apache/catalina/connector/Request;Lorg/apache/catalina/connector/Response;)V+131
j  org.apache.catalina.valves.ErrorReportValve.invoke(Lorg/apache/catalina/connector/Request;Lorg/apache/catalina/connector/Response;)V+6
j  org.apache.catalina.core.StandardEngineValve.invoke(Lorg/apache/catalina/connector/Request;Lorg/apache/catalina/connector/Response;)V+59
j  org.apache.catalina.connector.CoyoteAdapter.service(Lorg/apache/coyote/Request;Lorg/apache/coyote/Response;)V+187
j  org.apache.coyote.http11.Http11Processor.service(Lorg/apache/tomcat/util/net/SocketWrapperBase;)Lorg/apache/tomcat/util/net/AbstractEndpoint$Handler$SocketState;+785
j  org.apache.coyote.AbstractProcessorLight.process(Lorg/apache/tomcat/util/net/SocketWrapperBase;Lorg/apache/tomcat/util/net/SocketEvent;)Lorg/apache/tomcat/util/net/AbstractEndpoint$Handler$SocketState;+152
j  org.apache.coyote.AbstractProtocol$ConnectionHandler.process(Lorg/apache/tomcat/util/net/SocketWrapperBase;Lorg/apache/tomcat/util/net/SocketEvent;)Lorg/apache/tomcat/util/net/AbstractEndpoint$Handler$SocketState;+482
j  org.apache.tomcat.util.net.NioEndpoint$SocketProcessor.doRun()V+249
j  org.apache.tomcat.util.net.SocketProcessorBase.run()V+32
j  org.apache.tomcat.util.threads.ThreadPoolExecutor.runWorker(Lorg/apache/tomcat/util/threads/ThreadPoolExecutor$Worker;)V+92
j  org.apache.tomcat.util.threads.ThreadPoolExecutor$Worker.run()V+5
j  org.apache.tomcat.util.threads.TaskThread$WrappingRunnable.run()V+4
j  java.lang.Thread.run()V+11 java.base@17.0.8.1
v  ~StubRoutines::call_stub

siginfo: EXCEPTION_ACCESS_VIOLATION (0xc0000005), reading address 0x00000005a7bbf008


Register to memory mapping:

RIP=0x00007ffdc13c0451 jvm.dll
RAX=0x0000008d9d0f9118 is pointing into the stack for thread: 0x0000019eb4f77e00
RBX=0x0000019eb72aab00 points into unknown readable memory: 0x00000005a7bbf000 | 00 f0 bb a7 05 00 00 00
RCX=0x0000008d9d0f9090 is pointing into the stack for thread: 0x0000019eb4f77e00
RDX=0x0000008d9d0f9090 is pointing into the stack for thread: 0x0000019eb4f77e00
RSP=0x0000008d9d0f90c0 is pointing into the stack for thread: 0x0000019eb4f77e00
RBP=0x0000008d9d0f9109 is pointing into the stack for thread: 0x0000019eb4f77e00
RSI=0x0000019eb4f77e00 is a thread
RDI=0x00000005a7bbf000 is an unknown value
R8 =0x0 is NULL
R9 =0x0000019ebc00e590 is pointing into metadata
R10=0x0000019ebc00d630 is pointing into metadata
R11=0x0 is NULL
R12=0x0 is NULL
R13=0x0000019ebc00df24 is pointing into metadata
R14=0x0000008d9d0f9230 is pointing into the stack for thread: 0x0000019eb4f77e00
R15=0x0000019ebc00df24 is pointing into metadata


Registers:
RAX=0x0000008d9d0f9118, RBX=0x0000019eb72aab00, RCX=0x0000008d9d0f9090, RDX=0x0000008d9d0f9090
RSP=0x0000008d9d0f90c0, RBP=0x0000008d9d0f9109, RSI=0x0000019eb4f77e00, RDI=0x00000005a7bbf000
R8 =0x0000000000000000, R9 =0x0000019ebc00e590, R10=0x0000019ebc00d630, R11=0x0000000000000000
R12=0x0000000000000000, R13=0x0000019ebc00df24, R14=0x0000008d9d0f9230, R15=0x0000019ebc00df24
RIP=0x00007ffdc13c0451, EFLAGS=0x0000000000010202

Top of Stack: (sp=0x0000008d9d0f90c0)
0x0000008d9d0f90c0:   0000019ebc00d60b 0000019eb72aab00
0x0000008d9d0f90d0:   0000008d9d0f9109 0000003d00000002
0x0000008d9d0f90e0:   000000000000003d 000000030000000c
0x0000008d9d0f90f0:   0000019eac8a72a0 0000000000000000
0x0000008d9d0f9100:   00000000000000b9 00007ffdc1129b9f
0x0000008d9d0f9110:   0000008d9d0f9a20 0000019eac8bfcb0
0x0000008d9d0f9120:   0000019eb4c3e8b0 0000000800309788
0x0000008d9d0f9130:   0000000800999640 0000000000000000
0x0000008d9d0f9140:   0000000000000000 0000019e000b0101
0x0000008d9d0f9150:   0000008d9d0f9260 00007ffdc11e5914
0x0000008d9d0f9160:   0000019eb5916b00 0000019eb4f77e00
0x0000008d9d0f9170:   0000019eb72aab00 00000000000000b9
0x0000008d9d0f9180:   0000019e000000b9 0000019eb4f77e00
0x0000008d9d0f9190:   0000019ebc00df68 0000019eb4f77e00
0x0000008d9d0f91a0:   0000000000000000 0000000000000000
0x0000008d9d0f91b0:   0000019ebc00d630 0000019eb4f77e00 

Instructions: (pc=0x00007ffdc13c0451)
0x00007ffdc13c0351:   6b d0 ff ff 48 83 7e 08 00 0f 85 6e 01 00 00 48
0x00007ffdc13c0361:   85 db 75 04 33 ff eb 25 80 3d 0e e3 60 00 00 48
0x00007ffdc13c0371:   8b 3b 74 15 8b 7f 08 8b 0d 8a 1f 5a 00 48 d3 e7
0x00007ffdc13c0381:   48 03 3d 78 1f 5a 00 eb 04 48 8b 7f 08 48 8b d6
0x00007ffdc13c0391:   48 8d 4d 0f e8 56 e5 ff ff 48 83 7e 08 00 0f 85
0x00007ffdc13c03a1:   29 01 00 00 48 89 45 ff 48 89 75 07 48 85 c0 74
0x00007ffdc13c03b1:   14 48 8b 8e 48 02 00 00 48 8d 55 f7 48 89 45 f7
0x00007ffdc13c03c1:   e8 9a a6 aa ff 4c 8b 45 1f 48 8d 55 ff 48 89 74
0x00007ffdc13c03d1:   24 30 4c 8b cb c6 44 24 28 01 49 8b ce 48 89 7c
0x00007ffdc13c03e1:   24 20 e8 48 1e 00 00 e9 d8 00 00 00 4c 8b 4d 7f
0x00007ffdc13c03f1:   45 8b c2 49 8b d3 49 8b ce e8 31 03 00 00 e9 d3
0x00007ffdc13c0401:   00 00 00 4c 8b 4d 7f 45 8b c2 49 8b d3 49 8b ce
0x00007ffdc13c0411:   e8 3a 01 00 00 e9 bc 00 00 00 48 8b 75 7f 48 8d
0x00007ffdc13c0421:   4d 0f 4c 8b ce 45 8b c2 49 8b d3 e8 8f cf ff ff
0x00007ffdc13c0431:   48 83 7e 08 00 0f 85 92 00 00 00 48 85 db 75 04
0x00007ffdc13c0441:   33 ff eb 25 80 3d 32 e2 60 00 00 48 8b 3b 74 15
0x00007ffdc13c0451:   8b 7f 08 8b 0d ae 1e 5a 00 48 d3 e7 48 03 3d 9c
0x00007ffdc13c0461:   1e 5a 00 eb 04 48 8b 7f 08 4c 8b c6 48 8d 4d 0f
0x00007ffdc13c0471:   ba b9 00 00 00 e8 85 f6 ff ff 48 83 7e 08 00 75
0x00007ffdc13c0481:   4c 48 89 45 ff 48 89 75 07 48 85 c0 74 14 48 8b
0x00007ffdc13c0491:   8e 48 02 00 00 48 8d 55 f7 48 89 45 f7 e8 bd a5
0x00007ffdc13c04a1:   aa ff 4c 8b 45 1f 48 8d 55 ff 48 89 74 24 30 4c
0x00007ffdc13c04b1:   8b cb c6 44 24 28 01 49 8b ce 48 89 7c 24 20 e8
0x00007ffdc13c04c1:   cb 13 00 00 48 8d 4d ff e8 22 cc de ff 48 8d 4d
0x00007ffdc13c04d1:   2f e8 19 cc de ff 48 8b b4 24 a0 00 00 00 48 8b
0x00007ffdc13c04e1:   bc 24 a8 00 00 00 4c 8d 9c 24 90 00 00 00 49 8b
0x00007ffdc13c04f1:   5b 20 4d 8b 73 28 49 8b e3 5d c3 3f 03 56 00 c9
0x00007ffdc13c0501:   02 56 00 91 02 56 00 1b 04 56 00 04 04 56 00 ed
0x00007ffdc13c0511:   03 56 00 d7 04 56 00 00 01 02 03 04 06 06 06 06
0x00007ffdc13c0521:   06 06 06 06 06 06 06 06 06 06 06 06 06 06 06 06
0x00007ffdc13c0531:   06 06 06 06 06 06 06 06 06 06 06 06 06 06 06 06
0x00007ffdc13c0541:   06 06 06 06 06 06 06 06 06 06 05 cc cc cc cc 40 


Stack slot to memory mapping:
stack at sp + 0 slots: 0x0000019ebc00d60b is pointing into metadata
stack at sp + 1 slots: 0x0000019eb72aab00 points into unknown readable memory: 0x00000005a7bbf000 | 00 f0 bb a7 05 00 00 00
stack at sp + 2 slots: 0x0000008d9d0f9109 is pointing into the stack for thread: 0x0000019eb4f77e00
stack at sp + 3 slots: 0x0000003d00000002 is an unknown value
stack at sp + 4 slots: 0x000000000000003d is an unknown value
stack at sp + 5 slots: 0x000000030000000c is an unknown value
stack at sp + 6 slots: 0x0000019eac8a72a0 points into unknown readable memory: 0x616a00106e30ffff | ff ff 30 6e 10 00 6a 61
stack at sp + 7 slots: 0x0 is NULL


---------------  P R O C E S S  ---------------

Threads class SMR info:
_java_thread_list=0x0000019eb9bae8b0, length=30, elements={
0x0000019eb30933e0, 0x0000019eb3095590, 0x0000019eb307e290, 0x0000019eb307eb60,
0x0000019eb307f430, 0x0000019eb307fd00, 0x0000019eb30be020, 0x0000019eb3131f60,
0x0000019eb3132c20, 0x0000019eb325f130, 0x0000019eb3271470, 0x0000019eb3f83670,
0x0000019eb3f84ab0, 0x0000019eb3f82740, 0x0000019eb3f82c50, 0x0000019eb3f84fc0,
0x0000019eb4f77e00, 0x0000019eb4f75580, 0x0000019eb4f75a90, 0x0000019eb4f75070,
0x0000019eb4f76ed0, 0x0000019eb4f75fa0, 0x0000019eb4f764b0, 0x0000019eb4f773e0,
0x0000019eb4f78310, 0x0000019eb4f78820, 0x0000019eb8572740, 0x0000019eb8571d20,
0x0000019eb8572230, 0x0000019eb7df1020
}

Java Threads: ( => current thread )
  0x0000019eb30933e0 JavaThread "Reference Handler" daemon [_thread_blocked, id=708, stack(0x0000008d9b700000,0x0000008d9b800000)]
  0x0000019eb3095590 JavaThread "Finalizer" daemon [_thread_blocked, id=17824, stack(0x0000008d9b800000,0x0000008d9b900000)]
  0x0000019eb307e290 JavaThread "Signal Dispatcher" daemon [_thread_blocked, id=6820, stack(0x0000008d9b900000,0x0000008d9ba00000)]
  0x0000019eb307eb60 JavaThread "Attach Listener" daemon [_thread_blocked, id=7804, stack(0x0000008d9ba00000,0x0000008d9bb00000)]
  0x0000019eb307f430 JavaThread "Service Thread" daemon [_thread_blocked, id=11640, stack(0x0000008d9bb00000,0x0000008d9bc00000)]
  0x0000019eb307fd00 JavaThread "Monitor Deflation Thread" daemon [_thread_blocked, id=7520, stack(0x0000008d9bc00000,0x0000008d9bd00000)]
  0x0000019eb30be020 JavaThread "C2 CompilerThread0" daemon [_thread_blocked, id=12896, stack(0x0000008d9bd00000,0x0000008d9be00000)]
  0x0000019eb3131f60 JavaThread "C1 CompilerThread0" daemon [_thread_blocked, id=10716, stack(0x0000008d9be00000,0x0000008d9bf00000)]
  0x0000019eb3132c20 JavaThread "Sweeper thread" daemon [_thread_blocked, id=15772, stack(0x0000008d9bf00000,0x0000008d9c000000)]
  0x0000019eb325f130 JavaThread "Notification Thread" daemon [_thread_blocked, id=15264, stack(0x0000008d9c000000,0x0000008d9c100000)]
  0x0000019eb3271470 JavaThread "Common-Cleaner" daemon [_thread_blocked, id=14536, stack(0x0000008d9c200000,0x0000008d9c300000)]
  0x0000019eb3f83670 JavaThread "Catalina-utility-1" [_thread_blocked, id=11800, stack(0x0000008d9c900000,0x0000008d9ca00000)]
  0x0000019eb3f84ab0 JavaThread "Catalina-utility-2" [_thread_blocked, id=1260, stack(0x0000008d9ca00000,0x0000008d9cb00000)]
  0x0000019eb3f82740 JavaThread "container-0" [_thread_blocked, id=2356, stack(0x0000008d9cb00000,0x0000008d9cc00000)]
  0x0000019eb3f82c50 JavaThread "mssql-jdbc-shared-timer-core-0" daemon [_thread_blocked, id=9272, stack(0x0000008d9cd00000,0x0000008d9ce00000)]
  0x0000019eb3f84fc0 JavaThread "HikariPool-1 housekeeper" daemon [_thread_blocked, id=14888, stack(0x0000008d9ce00000,0x0000008d9cf00000)]
=>0x0000019eb4f77e00 JavaThread "http-nio-8080-exec-1" daemon [_thread_in_vm, id=12164, stack(0x0000008d9d000000,0x0000008d9d100000)]
  0x0000019eb4f75580 JavaThread "http-nio-8080-exec-2" daemon [_thread_blocked, id=4044, stack(0x0000008d9d100000,0x0000008d9d200000)]
  0x0000019eb4f75a90 JavaThread "http-nio-8080-exec-3" daemon [_thread_blocked, id=8972, stack(0x0000008d9d200000,0x0000008d9d300000)]
  0x0000019eb4f75070 JavaThread "http-nio-8080-exec-4" daemon [_thread_blocked, id=1788, stack(0x0000008d9d300000,0x0000008d9d400000)]
  0x0000019eb4f76ed0 JavaThread "http-nio-8080-exec-5" daemon [_thread_blocked, id=15804, stack(0x0000008d9d400000,0x0000008d9d500000)]
  0x0000019eb4f75fa0 JavaThread "http-nio-8080-exec-6" daemon [_thread_blocked, id=19420, stack(0x0000008d9d500000,0x0000008d9d600000)]
  0x0000019eb4f764b0 JavaThread "http-nio-8080-exec-7" daemon [_thread_blocked, id=3240, stack(0x0000008d9d600000,0x0000008d9d700000)]
  0x0000019eb4f773e0 JavaThread "http-nio-8080-exec-8" daemon [_thread_blocked, id=15248, stack(0x0000008d9d700000,0x0000008d9d800000)]
  0x0000019eb4f78310 JavaThread "http-nio-8080-exec-9" daemon [_thread_blocked, id=19316, stack(0x0000008d9d800000,0x0000008d9d900000)]
  0x0000019eb4f78820 JavaThread "http-nio-8080-exec-10" daemon [_thread_blocked, id=9512, stack(0x0000008d9d900000,0x0000008d9da00000)]
  0x0000019eb8572740 JavaThread "http-nio-8080-Poller" daemon [_thread_in_native, id=8120, stack(0x0000008d9da00000,0x0000008d9db00000)]
  0x0000019eb8571d20 JavaThread "http-nio-8080-Acceptor" daemon [_thread_in_native, id=16784, stack(0x0000008d9db00000,0x0000008d9dc00000)]
  0x0000019eb8572230 JavaThread "DestroyJavaVM" [_thread_blocked, id=14776, stack(0x0000008d9b000000,0x0000008d9b100000)]
  0x0000019eb7df1020 JavaThread "C2 CompilerThread1" daemon [_thread_blocked, id=10948, stack(0x0000008d9c300000,0x0000008d9c400000)]

Other Threads:
  0x0000019eb30140f0 VMThread "VM Thread" [stack: 0x0000008d9b600000,0x0000008d9b700000] [id=5976]
  0x0000019eb3263620 WatcherThread [stack: 0x0000008d9c100000,0x0000008d9c200000] [id=7296]
  0x0000019e90c32460 GCTaskThread "GC Thread#0" [stack: 0x0000008d9b100000,0x0000008d9b200000] [id=4944]
  0x0000019eb3ea1220 GCTaskThread "GC Thread#1" [stack: 0x0000008d9c400000,0x0000008d9c500000] [id=7764]
  0x0000019eb3f0fa90 GCTaskThread "GC Thread#2" [stack: 0x0000008d9c500000,0x0000008d9c600000] [id=2508]
  0x0000019eb3f0fd50 GCTaskThread "GC Thread#3" [stack: 0x0000008d9c600000,0x0000008d9c700000] [id=5444]
  0x0000019e90c43e20 ConcurrentGCThread "G1 Main Marker" [stack: 0x0000008d9b200000,0x0000008d9b300000] [id=14016]
  0x0000019e90c45760 ConcurrentGCThread "G1 Conc#0" [stack: 0x0000008d9b300000,0x0000008d9b400000] [id=6984]
  0x0000019e90c4da30 ConcurrentGCThread "G1 Refine#0" [stack: 0x0000008d9b400000,0x0000008d9b500000] [id=4692]
  0x0000019eb40cd140 ConcurrentGCThread "G1 Refine#1" [stack: 0x0000008d9c700000,0x0000008d9c800000] [id=7188]
  0x0000019eb40cd720 ConcurrentGCThread "G1 Refine#2" [stack: 0x0000008d9c800000,0x0000008d9c900000] [id=18404]
  0x0000019e90c4e910 ConcurrentGCThread "G1 Service" [stack: 0x0000008d9b500000,0x0000008d9b600000] [id=13196]

Threads with active compile tasks:

VM state: not at safepoint (normal execution)

VM Mutex/Monitor currently owned by a thread: None

Heap address: 0x0000000704c00000, size: 4020 MB, Compressed Oops mode: Zero based, Oop shift amount: 3

CDS archive(s) not mapped
Compressed class space mapped at: 0x0000000800000000-0x0000000840000000, reserved size: 1073741824
Narrow klass base: 0x0000000800000000, Narrow klass shift: 0, Narrow klass range: 0x40000000

GC Precious Log:
 CPUs: 4 total, 4 available
 Memory: 16079M
 Large Page Support: Disabled
 NUMA Support: Disabled
 Compressed Oops: Enabled (Zero based)
 Heap Region Size: 2M
 Heap Min Capacity: 8M
 Heap Initial Capacity: 252M
 Heap Max Capacity: 4020M
 Pre-touch: Disabled
 Parallel Workers: 4
 Concurrent Workers: 1
 Concurrent Refinement Workers: 4
 Periodic GC: Disabled

Heap:
 garbage-first heap   total 69632K, used 50005K [0x0000000704c00000, 0x0000000800000000)
  region size 2048K, 12 young (24576K), 2 survivors (4096K)
 Metaspace       used 83031K, committed 83648K, reserved 1179648K
  class space    used 10262K, committed 10560K, reserved 1048576K

Heap Regions: E=young(eden), S=young(survivor), O=old, HS=humongous(starts), HC=humongous(continues), CS=collection set, F=free, OA=open archive, CA=closed archive, TAMS=top-at-mark-start (previous, next)
|   0|0x0000000704c00000, 0x0000000704e00000, 0x0000000704e00000|100%| O|  |TAMS 0x0000000704e00000, 0x0000000704c00000| Untracked 
|   1|0x0000000704e00000, 0x0000000705000000, 0x0000000705000000|100%| O|  |TAMS 0x0000000705000000, 0x0000000704e00000| Untracked 
|   2|0x0000000705000000, 0x0000000705200000, 0x0000000705200000|100%| O|  |TAMS 0x0000000705200000, 0x0000000705000000| Untracked 
|   3|0x0000000705200000, 0x0000000705400000, 0x0000000705400000|100%| O|  |TAMS 0x0000000705400000, 0x0000000705200000| Untracked 
|   4|0x0000000705400000, 0x0000000705600000, 0x0000000705600000|100%| O|  |TAMS 0x0000000705600000, 0x0000000705400000| Untracked 
|   5|0x0000000705600000, 0x0000000705800000, 0x0000000705800000|100%| O|  |TAMS 0x0000000705800000, 0x0000000705600000| Untracked 
|   6|0x0000000705800000, 0x0000000705a00000, 0x0000000705a00000|100%| O|  |TAMS 0x0000000705a00000, 0x0000000705800000| Untracked 
|   7|0x0000000705a00000, 0x0000000705c00000, 0x0000000705c00000|100%| O|  |TAMS 0x0000000705c00000, 0x0000000705a00000| Untracked 
|   8|0x0000000705c00000, 0x0000000705ddf400, 0x0000000705e00000| 93%| O|  |TAMS 0x0000000705ddf400, 0x0000000705c00000| Untracked 
|   9|0x0000000705e00000, 0x0000000706000000, 0x0000000706000000|100%| O|  |TAMS 0x0000000705f7fa00, 0x0000000705e00000| Untracked 
|  10|0x0000000706000000, 0x0000000706200000, 0x0000000706200000|100%| O|  |TAMS 0x0000000706000000, 0x0000000706000000| Untracked 
|  11|0x0000000706200000, 0x0000000706400000, 0x0000000706400000|100%| O|  |TAMS 0x0000000706200000, 0x0000000706200000| Untracked 
|  12|0x0000000706400000, 0x0000000706600000, 0x0000000706600000|100%| O|  |TAMS 0x0000000706400000, 0x0000000706400000| Untracked 
|  13|0x0000000706600000, 0x0000000706800000, 0x0000000706800000|100%| O|  |TAMS 0x0000000706600000, 0x0000000706600000| Untracked 
|  14|0x0000000706800000, 0x00000007068f6c00, 0x0000000706a00000| 48%| O|  |TAMS 0x0000000706800000, 0x0000000706800000| Untracked 
|  15|0x0000000706a00000, 0x0000000706a00000, 0x0000000706c00000|  0%| F|  |TAMS 0x0000000706a00000, 0x0000000706a00000| Untracked 
|  16|0x0000000706c00000, 0x0000000706c00000, 0x0000000706e00000|  0%| F|  |TAMS 0x0000000706c00000, 0x0000000706c00000| Untracked 
|  17|0x0000000706e00000, 0x0000000706e00000, 0x0000000707000000|  0%| F|  |TAMS 0x0000000706e00000, 0x0000000706e00000| Untracked 
|  18|0x0000000707000000, 0x0000000707000000, 0x0000000707200000|  0%| F|  |TAMS 0x0000000707000000, 0x0000000707000000| Untracked 
|  19|0x0000000707200000, 0x0000000707200000, 0x0000000707400000|  0%| F|  |TAMS 0x0000000707200000, 0x0000000707200000| Untracked 
|  20|0x0000000707400000, 0x0000000707400000, 0x0000000707600000|  0%| F|  |TAMS 0x0000000707400000, 0x0000000707400000| Untracked 
|  21|0x0000000707600000, 0x00000007077ff690, 0x0000000707800000| 99%| S|CS|TAMS 0x0000000707600000, 0x0000000707600000| Complete 
|  22|0x0000000707800000, 0x0000000707a00000, 0x0000000707a00000|100%| S|CS|TAMS 0x0000000707800000, 0x0000000707800000| Complete 
|  23|0x0000000707a00000, 0x0000000707a00000, 0x0000000707c00000|  0%| F|  |TAMS 0x0000000707a00000, 0x0000000707a00000| Untracked 
|  24|0x0000000707c00000, 0x0000000707d2f2f8, 0x0000000707e00000| 59%| E|  |TAMS 0x0000000707c00000, 0x0000000707c00000| Complete 
|  25|0x0000000707e00000, 0x0000000708000000, 0x0000000708000000|100%| E|  |TAMS 0x0000000707e00000, 0x0000000707e00000| Complete 
|  26|0x0000000708000000, 0x0000000708200000, 0x0000000708200000|100%| E|CS|TAMS 0x0000000708000000, 0x0000000708000000| Complete 
|  27|0x0000000708200000, 0x0000000708400000, 0x0000000708400000|100%| E|CS|TAMS 0x0000000708200000, 0x0000000708200000| Complete 
|  28|0x0000000708400000, 0x0000000708600000, 0x0000000708600000|100%| E|CS|TAMS 0x0000000708400000, 0x0000000708400000| Complete 
|  29|0x0000000708600000, 0x0000000708800000, 0x0000000708800000|100%| E|CS|TAMS 0x0000000708600000, 0x0000000708600000| Complete 
|  65|0x000000070ce00000, 0x000000070d000000, 0x000000070d000000|100%| E|CS|TAMS 0x000000070ce00000, 0x000000070ce00000| Complete 
|  66|0x000000070d000000, 0x000000070d200000, 0x000000070d200000|100%| E|CS|TAMS 0x000000070d000000, 0x000000070d000000| Complete 
|  67|0x000000070d200000, 0x000000070d400000, 0x000000070d400000|100%| E|CS|TAMS 0x000000070d200000, 0x000000070d200000| Complete 
| 125|0x0000000714600000, 0x0000000714800000, 0x0000000714800000|100%| E|CS|TAMS 0x0000000714600000, 0x0000000714600000| Complete 

Card table byte_map: [0x0000019ea3a30000,0x0000019ea4210000] _byte_map_base: 0x0000019ea020a000

Marking Bits (Prev, Next): (CMBitMap*) 0x0000019e90c32e80, (CMBitMap*) 0x0000019e90c32e40
 Prev Bits: [0x0000019ea88c0000, 0x0000019eac790000)
 Next Bits: [0x0000019ea49f0000, 0x0000019ea88c0000)

Polling page: 0x0000019e8e2c0000

Metaspace:

Usage:
  Non-class:     71.06 MB used.
      Class:     10.02 MB used.
       Both:     81.09 MB used.

Virtual space:
  Non-class space:      128.00 MB reserved,      71.38 MB ( 56%) committed,  2 nodes.
      Class space:        1.00 GB reserved,      10.31 MB (  1%) committed,  1 nodes.
             Both:        1.12 GB reserved,      81.69 MB (  7%) committed. 

Chunk freelists:
   Non-Class:  8.37 MB
       Class:  5.73 MB
        Both:  14.09 MB

MaxMetaspaceSize: unlimited
CompressedClassSpaceSize: 1.00 GB
Initial GC threshold: 21.00 MB
Current GC threshold: 98.56 MB
CDS: off
MetaspaceReclaimPolicy: balanced
 - commit_granule_bytes: 65536.
 - commit_granule_words: 8192.
 - virtual_space_node_default_size: 8388608.
 - enlarge_chunks_in_place: 1.
 - new_chunks_are_fully_committed: 0.
 - uncommit_free_chunks: 1.
 - use_allocation_guard: 0.
 - handle_deallocations: 1.


Internal statistics:

num_allocs_failed_limit: 9.
num_arena_births: 802.
num_arena_deaths: 0.
num_vsnodes_births: 3.
num_vsnodes_deaths: 0.
num_space_committed: 1307.
num_space_uncommitted: 0.
num_chunks_returned_to_freelist: 9.
num_chunks_taken_from_freelist: 3328.
num_chunk_merges: 6.
num_chunk_splits: 2437.
num_chunks_enlarged: 1915.
num_inconsistent_stats: 0.

CodeHeap 'non-profiled nmethods': size=120000Kb used=4457Kb max_used=4457Kb free=115542Kb
 bounds [0x0000019e9bd20000, 0x0000019e9c180000, 0x0000019ea3250000]
CodeHeap 'profiled nmethods': size=120000Kb used=12019Kb max_used=12019Kb free=107980Kb
 bounds [0x0000019e94250000, 0x0000019e94e10000, 0x0000019e9b780000]
CodeHeap 'non-nmethods': size=5760Kb used=1391Kb max_used=1460Kb free=4368Kb
 bounds [0x0000019e9b780000, 0x0000019e9b9f0000, 0x0000019e9bd20000]
 total_blobs=6437 nmethods=5705 adapters=644
 compilation: enabled
              stopped_count=0, restarted_count=0
 full_count=0

Compilation events (20 events):
Event: 22.119 Thread 0x0000019eb3131f60 6445       3       java.lang.invoke.LambdaFormBuffer::endEdit (313 bytes)
Event: 22.120 Thread 0x0000019eb3131f60 nmethod 6445 0x0000019e94e07e90 code [0x0000019e94e08100, 0x0000019e94e08f78]
Event: 22.120 Thread 0x0000019eb3131f60 6446       3       java.lang.invoke.LambdaFormBuffer::replaceName (124 bytes)
Event: 22.120 Thread 0x0000019eb3131f60 nmethod 6446 0x0000019e94e09390 code [0x0000019e94e09540, 0x0000019e94e09728]
Event: 22.122 Thread 0x0000019eb3131f60 6447       1       java.util.logging.LogManager$LoggerWeakRef::setParentRef (6 bytes)
Event: 22.122 Thread 0x0000019eb3131f60 nmethod 6447 0x0000019e9c172e10 code [0x0000019e9c172fa0, 0x0000019e9c1730b8]
Event: 22.123 Thread 0x0000019eb3131f60 6448       3       org.apache.jasper.compiler.SmapUtil$SDEInstaller::readU1 (21 bytes)
Event: 22.123 Thread 0x0000019eb3131f60 nmethod 6448 0x0000019e94e09810 code [0x0000019e94e099a0, 0x0000019e94e09af8]
Event: 22.123 Thread 0x0000019eb3131f60 6449       3       org.apache.jasper.compiler.SmapUtil$SDEInstaller::writeU1 (19 bytes)
Event: 22.124 Thread 0x0000019eb3131f60 nmethod 6449 0x0000019e94e09c10 code [0x0000019e94e09da0, 0x0000019e94e09ef8]
Event: 22.124 Thread 0x0000019eb3131f60 6450       3       org.apache.jasper.compiler.SmapUtil$SDEInstaller::readBytes (38 bytes)
Event: 22.124 Thread 0x0000019eb3131f60 nmethod 6450 0x0000019e94e0a010 code [0x0000019e94e0a1c0, 0x0000019e94e0a478]
Event: 22.124 Thread 0x0000019eb3131f60 6451       3       org.apache.jasper.compiler.SmapUtil$SDEInstaller::writeBytes (45 bytes)
Event: 22.124 Thread 0x0000019eb3131f60 nmethod 6451 0x0000019e94e0a590 code [0x0000019e94e0a740, 0x0000019e94e0a958]
Event: 22.124 Thread 0x0000019eb3131f60 6452       3       org.apache.jasper.compiler.SmapUtil$SDEInstaller::copy (46 bytes)
Event: 22.124 Thread 0x0000019eb3131f60 nmethod 6452 0x0000019e94e0aa90 code [0x0000019e94e0ac40, 0x0000019e94e0ae78]
Event: 22.124 Thread 0x0000019eb3131f60 6453       3       org.apache.jasper.compiler.SmapUtil$SDEInstaller::writeU2 (18 bytes)
Event: 22.125 Thread 0x0000019eb3131f60 nmethod 6453 0x0000019e94e0b010 code [0x0000019e94e0b1c0, 0x0000019e94e0b378]
Event: 22.136 Thread 0x0000019eb7df1020 6454       4       java.lang.StringBuilder::<init> (6 bytes)
Event: 22.136 Thread 0x0000019eb3131f60 6455       3       org.apache.catalina.core.DefaultInstanceManager::findLifecycleCallback (110 bytes)

GC Heap History (20 events):
Event: 5.329 GC heap before
{Heap before GC invocations=11 (full 0):
 garbage-first heap   total 149504K, used 24445K [0x0000000704c00000, 0x0000000800000000)
  region size 2048K, 7 young (14336K), 2 survivors (4096K)
 Metaspace       used 35587K, committed 35968K, reserved 1114112K
  class space    used 4164K, committed 4352K, reserved 1048576K
}
Event: 5.338 GC heap after
{Heap after GC invocations=12 (full 0):
 garbage-first heap   total 149504K, used 17143K [0x0000000704c00000, 0x0000000800000000)
  region size 2048K, 3 young (6144K), 3 survivors (6144K)
 Metaspace       used 35587K, committed 35968K, reserved 1114112K
  class space    used 4164K, committed 4352K, reserved 1048576K
}
Event: 6.588 GC heap before
{Heap before GC invocations=13 (full 0):
 garbage-first heap   total 69632K, used 51959K [0x0000000704c00000, 0x0000000800000000)
  region size 2048K, 20 young (40960K), 3 survivors (6144K)
 Metaspace       used 41712K, committed 42176K, reserved 1114112K
  class space    used 4856K, committed 5120K, reserved 1048576K
}
Event: 6.596 GC heap after
{Heap after GC invocations=14 (full 0):
 garbage-first heap   total 69632K, used 19920K [0x0000000704c00000, 0x0000000800000000)
  region size 2048K, 3 young (6144K), 3 survivors (6144K)
 Metaspace       used 41712K, committed 42176K, reserved 1114112K
  class space    used 4856K, committed 5120K, reserved 1048576K
}
Event: 7.785 GC heap before
{Heap before GC invocations=14 (full 0):
 garbage-first heap   total 69632K, used 50640K [0x0000000704c00000, 0x0000000800000000)
  region size 2048K, 18 young (36864K), 3 survivors (6144K)
 Metaspace       used 51304K, committed 51776K, reserved 1114112K
  class space    used 6138K, committed 6336K, reserved 1048576K
}
Event: 7.793 GC heap after
{Heap after GC invocations=15 (full 0):
 garbage-first heap   total 69632K, used 22044K [0x0000000704c00000, 0x0000000800000000)
  region size 2048K, 3 young (6144K), 3 survivors (6144K)
 Metaspace       used 51304K, committed 51776K, reserved 1114112K
  class space    used 6138K, committed 6336K, reserved 1048576K
}
Event: 8.771 GC heap before
{Heap before GC invocations=15 (full 0):
 garbage-first heap   total 69632K, used 50716K [0x0000000704c00000, 0x0000000800000000)
  region size 2048K, 17 young (34816K), 3 survivors (6144K)
 Metaspace       used 57209K, committed 57600K, reserved 1114112K
  class space    used 6920K, committed 7104K, reserved 1048576K
}
Event: 8.779 GC heap after
{Heap after GC invocations=16 (full 0):
 garbage-first heap   total 69632K, used 24165K [0x0000000704c00000, 0x0000000800000000)
  region size 2048K, 3 young (6144K), 3 survivors (6144K)
 Metaspace       used 57209K, committed 57600K, reserved 1114112K
  class space    used 6920K, committed 7104K, reserved 1048576K
}
Event: 9.031 GC heap before
{Heap before GC invocations=16 (full 0):
 garbage-first heap   total 69632K, used 30309K [0x0000000704c00000, 0x0000000800000000)
  region size 2048K, 7 young (14336K), 3 survivors (6144K)
 Metaspace       used 59883K, committed 60288K, reserved 1114112K
  class space    used 7334K, committed 7552K, reserved 1048576K
}
Event: 9.037 GC heap after
{Heap after GC invocations=17 (full 0):
 garbage-first heap   total 69632K, used 24937K [0x0000000704c00000, 0x0000000800000000)
  region size 2048K, 2 young (4096K), 2 survivors (4096K)
 Metaspace       used 59883K, committed 60288K, reserved 1114112K
  class space    used 7334K, committed 7552K, reserved 1048576K
}
Event: 9.911 GC heap before
{Heap before GC invocations=18 (full 0):
 garbage-first heap   total 69632K, used 51561K [0x0000000704c00000, 0x0000000800000000)
  region size 2048K, 15 young (30720K), 2 survivors (4096K)
 Metaspace       used 65077K, committed 65600K, reserved 1114112K
  class space    used 8269K, committed 8512K, reserved 1048576K
}
Event: 9.916 GC heap after
{Heap after GC invocations=19 (full 0):
 garbage-first heap   total 69632K, used 25975K [0x0000000704c00000, 0x0000000800000000)
  region size 2048K, 1 young (2048K), 1 survivors (2048K)
 Metaspace       used 65077K, committed 65600K, reserved 1114112K
  class space    used 8269K, committed 8512K, reserved 1048576K
}
Event: 10.964 GC heap before
{Heap before GC invocations=19 (full 0):
 garbage-first heap   total 69632K, used 50551K [0x0000000704c00000, 0x0000000800000000)
  region size 2048K, 14 young (28672K), 1 survivors (2048K)
 Metaspace       used 69437K, committed 70016K, reserved 1114112K
  class space    used 8814K, committed 9088K, reserved 1048576K
}
Event: 10.972 GC heap after
{Heap after GC invocations=20 (full 0):
 garbage-first heap   total 69632K, used 28029K [0x0000000704c00000, 0x0000000800000000)
  region size 2048K, 2 young (4096K), 2 survivors (4096K)
 Metaspace       used 69437K, committed 70016K, reserved 1114112K
  class space    used 8814K, committed 9088K, reserved 1048576K
}
Event: 11.597 GC heap before
{Heap before GC invocations=20 (full 0):
 garbage-first heap   total 69632K, used 52605K [0x0000000704c00000, 0x0000000800000000)
  region size 2048K, 14 young (28672K), 2 survivors (4096K)
 Metaspace       used 71738K, committed 72256K, reserved 1114112K
  class space    used 9163K, committed 9408K, reserved 1048576K
}
Event: 11.605 GC heap after
{Heap after GC invocations=21 (full 0):
 garbage-first heap   total 69632K, used 29914K [0x0000000704c00000, 0x0000000800000000)
  region size 2048K, 1 young (2048K), 1 survivors (2048K)
 Metaspace       used 71738K, committed 72256K, reserved 1114112K
  class space    used 9163K, committed 9408K, reserved 1048576K
}
Event: 20.867 GC heap before
{Heap before GC invocations=21 (full 0):
 garbage-first heap   total 69632K, used 54490K [0x0000000704c00000, 0x0000000800000000)
  region size 2048K, 13 young (26624K), 1 survivors (2048K)
 Metaspace       used 75107K, committed 75712K, reserved 1179648K
  class space    used 9609K, committed 9920K, reserved 1048576K
}
Event: 20.874 GC heap after
{Heap after GC invocations=22 (full 0):
 garbage-first heap   total 69632K, used 31727K [0x0000000704c00000, 0x0000000800000000)
  region size 2048K, 2 young (4096K), 2 survivors (4096K)
 Metaspace       used 75107K, committed 75712K, reserved 1179648K
  class space    used 9609K, committed 9920K, reserved 1048576K
}
Event: 21.488 GC heap before
{Heap before GC invocations=22 (full 0):
 garbage-first heap   total 69632K, used 52207K [0x0000000704c00000, 0x0000000800000000)
  region size 2048K, 13 young (26624K), 2 survivors (4096K)
 Metaspace       used 79287K, committed 79872K, reserved 1179648K
  class space    used 9946K, committed 10240K, reserved 1048576K
}
Event: 21.496 GC heap after
{Heap after GC invocations=23 (full 0):
 garbage-first heap   total 69632K, used 33621K [0x0000000704c00000, 0x0000000800000000)
  region size 2048K, 2 young (4096K), 2 survivors (4096K)
 Metaspace       used 79287K, committed 79872K, reserved 1179648K
  class space    used 9946K, committed 10240K, reserved 1048576K
}

Dll operation events (9 events):
Event: 0.021 Loaded shared library C:\Users\JPiccione\.p2\pool\plugins\org.eclipse.justj.openjdk.hotspot.jre.full.win32.x86_64_17.0.8.v20230831-1047\jre\bin\java.dll
Event: 0.273 Loaded shared library C:\Users\JPiccione\.p2\pool\plugins\org.eclipse.justj.openjdk.hotspot.jre.full.win32.x86_64_17.0.8.v20230831-1047\jre\bin\jimage.dll
Event: 0.287 Loaded shared library C:\Users\JPiccione\.p2\pool\plugins\org.eclipse.justj.openjdk.hotspot.jre.full.win32.x86_64_17.0.8.v20230831-1047\jre\bin\net.dll
Event: 0.290 Loaded shared library C:\Users\JPiccione\.p2\pool\plugins\org.eclipse.justj.openjdk.hotspot.jre.full.win32.x86_64_17.0.8.v20230831-1047\jre\bin\nio.dll
Event: 0.296 Loaded shared library C:\Users\JPiccione\.p2\pool\plugins\org.eclipse.justj.openjdk.hotspot.jre.full.win32.x86_64_17.0.8.v20230831-1047\jre\bin\zip.dll
Event: 5.419 Loaded shared library C:\Users\JPiccione\.p2\pool\plugins\org.eclipse.justj.openjdk.hotspot.jre.full.win32.x86_64_17.0.8.v20230831-1047\jre\bin\sunmscapi.dll
Event: 5.470 Loaded shared library C:\Users\JPiccione\.p2\pool\plugins\org.eclipse.justj.openjdk.hotspot.jre.full.win32.x86_64_17.0.8.v20230831-1047\jre\bin\management.dll
Event: 5.475 Loaded shared library C:\Users\JPiccione\.p2\pool\plugins\org.eclipse.justj.openjdk.hotspot.jre.full.win32.x86_64_17.0.8.v20230831-1047\jre\bin\management_ext.dll
Event: 6.990 Loaded shared library C:\Users\JPiccione\.p2\pool\plugins\org.eclipse.justj.openjdk.hotspot.jre.full.win32.x86_64_17.0.8.v20230831-1047\jre\bin\verify.dll

Deoptimization events (20 events):
Event: 21.916 Thread 0x0000019eb4f77e00 Uncommon trap: trap_request=0xffffff6e fr.pc=0x0000019e9c16163c relative=0x000000000000049c
Event: 21.916 Thread 0x0000019eb4f77e00 Uncommon trap: reason=loop_limit_check action=maybe_recompile pc=0x0000019e9c16163c method=org.eclipse.jdt.internal.compiler.classfmt.ClassFileStruct.utf8At(II)[C @ 143 c2
Event: 21.916 Thread 0x0000019eb4f77e00 DEOPT PACKING pc=0x0000019e9c16163c sp=0x0000008d9d0f97e0
Event: 21.916 Thread 0x0000019eb4f77e00 DEOPT UNPACKING pc=0x0000019e9b7d69a3 sp=0x0000008d9d0f9778 mode 2
Event: 21.938 Thread 0x0000019eb4f77e00 Uncommon trap: trap_request=0xffffffcc fr.pc=0x0000019e9c163720 relative=0x0000000000000280
Event: 21.938 Thread 0x0000019eb4f77e00 Uncommon trap: reason=intrinsic_or_type_checked_inlining action=make_not_entrant pc=0x0000019e9c163720 method=java.util.ArrayList.toArray([Ljava/lang/Object;)[Ljava/lang/Object; @ 36 c2
Event: 21.938 Thread 0x0000019eb4f77e00 DEOPT PACKING pc=0x0000019e9c163720 sp=0x0000008d9d0f8f40
Event: 21.938 Thread 0x0000019eb4f77e00 DEOPT UNPACKING pc=0x0000019e9b7d69a3 sp=0x0000008d9d0f8f00 mode 2
Event: 21.969 Thread 0x0000019eb4f77e00 Uncommon trap: trap_request=0xffffff45 fr.pc=0x0000019e9bf3bfcc relative=0x000000000000032c
Event: 21.969 Thread 0x0000019eb4f77e00 Uncommon trap: reason=unstable_if action=reinterpret pc=0x0000019e9bf3bfcc method=java.util.HashMap.getNode(Ljava/lang/Object;)Ljava/util/HashMap$Node; @ 66 c2
Event: 21.969 Thread 0x0000019eb4f77e00 DEOPT PACKING pc=0x0000019e9bf3bfcc sp=0x0000008d9d0f8bd0
Event: 21.969 Thread 0x0000019eb4f77e00 DEOPT UNPACKING pc=0x0000019e9b7d69a3 sp=0x0000008d9d0f8b10 mode 2
Event: 21.969 Thread 0x0000019eb4f77e00 Uncommon trap: trap_request=0xffffff45 fr.pc=0x0000019e9be11fe0 relative=0x0000000000000340
Event: 21.969 Thread 0x0000019eb4f77e00 Uncommon trap: reason=unstable_if action=reinterpret pc=0x0000019e9be11fe0 method=java.util.HashMap.getNode(Ljava/lang/Object;)Ljava/util/HashMap$Node; @ 66 c2
Event: 21.969 Thread 0x0000019eb4f77e00 DEOPT PACKING pc=0x0000019e9be11fe0 sp=0x0000008d9d0f8ba0
Event: 21.969 Thread 0x0000019eb4f77e00 DEOPT UNPACKING pc=0x0000019e9b7d69a3 sp=0x0000008d9d0f8b40 mode 2
Event: 22.128 Thread 0x0000019eb4f77e00 Uncommon trap: trap_request=0xffffffde fr.pc=0x0000019e9bd8d058 relative=0x0000000000001358
Event: 22.128 Thread 0x0000019eb4f77e00 Uncommon trap: reason=class_check action=maybe_recompile pc=0x0000019e9bd8d058 method=jdk.internal.loader.URLClassPath.getLoader(I)Ljdk/internal/loader/URLClassPath$Loader; @ 88 c2
Event: 22.128 Thread 0x0000019eb4f77e00 DEOPT PACKING pc=0x0000019e9bd8d058 sp=0x0000008d9d0f9e40
Event: 22.128 Thread 0x0000019eb4f77e00 DEOPT UNPACKING pc=0x0000019e9b7d69a3 sp=0x0000008d9d0f9e80 mode 2

Classes unloaded (0 events):
No events

Classes redefined (0 events):
No events

Internal exceptions (20 events):
Event: 10.789 Thread 0x0000019e8e3fd6d0 Exception <a 'java/lang/reflect/InvocationTargetException'{0x0000000707b4f788}> (0x0000000707b4f788) 
thrown [s\src\hotspot\share\runtime\reflection.cpp, line 1121]
Event: 10.793 Thread 0x0000019e8e3fd6d0 Exception <a 'java/lang/reflect/InvocationTargetException'{0x0000000707b5f8a0}> (0x0000000707b5f8a0) 
thrown [s\src\hotspot\share\runtime\reflection.cpp, line 1121]
Event: 10.840 Thread 0x0000019e8e3fd6d0 Exception <a 'java/lang/NoSuchMethodError'{0x0000000707827458}: 'int java.lang.invoke.DirectMethodHandle$Holder.invokeStatic(java.lang.Object, java.lang.Object, int)'> (0x0000000707827458) 
thrown [s\src\hotspot\share\interpreter\linkResolver.cpp, line 759]
Event: 10.844 Thread 0x0000019e8e3fd6d0 Exception <a 'java/lang/NoSuchMethodError'{0x0000000707846370}: 'java.lang.Object java.lang.invoke.DirectMethodHandle$Holder.newInvokeSpecial(java.lang.Object, java.lang.Object, int)'> (0x0000000707846370) 
thrown [s\src\hotspot\share\interpreter\linkResolver.cpp, line 759]
Event: 10.850 Thread 0x0000019e8e3fd6d0 Exception <a 'java/lang/NoSuchMethodError'{0x00000007078684d8}: 'java.lang.Object java.lang.invoke.Invokers$Holder.invoke_MT(java.lang.Object, java.lang.Object, java.lang.Object, java.lang.Object, java.lang.Object, java.lang.Object, java.lang.Object, java.lang.Object, java.lang.Object)'> (0x00000007078684d8) 
thrown [s\src\hotspot\share\interpreter\linkResolver.cpp, line 759]
Event: 10.855 Thread 0x0000019e8e3fd6d0 Exception <a 'java/lang/IncompatibleClassChangeError'{0x00000007078922a8}: Found class java.lang.Object, but interface was expected> (0x00000007078922a8) 
thrown [s\src\hotspot\share\interpreter\linkResolver.cpp, line 826]
Event: 11.164 Thread 0x0000019e8e3fd6d0 Implicit null exception at 0x0000019e9be56241 to 0x0000019e9be56302
Event: 11.622 Thread 0x0000019e8e3fd6d0 Exception <a 'sun/nio/fs/WindowsException'{0x000000071465cb38}> (0x000000071465cb38) 
thrown [s\src\hotspot\share\prims\jni.cpp, line 516]
Event: 11.694 Thread 0x0000019e8e3fd6d0 Exception <a 'java/lang/IncompatibleClassChangeError'{0x000000070d3b7cd0}: Found class java.lang.Object, but interface was expected> (0x000000070d3b7cd0) 
thrown [s\src\hotspot\share\interpreter\linkResolver.cpp, line 826]
Event: 11.812 Thread 0x0000019e8e3fd6d0 Exception <a 'java/lang/NoSuchMethodError'{0x000000070ce55800}: 'void java.lang.invoke.DirectMethodHandle$Holder.invokeVirtual(java.lang.Object, java.lang.Object, long)'> (0x000000070ce55800) 
thrown [s\src\hotspot\share\interpreter\linkResolver.cpp, line 759]
Event: 11.973 Thread 0x0000019e8e3fd6d0 Implicit null exception at 0x0000019e9bf6971c to 0x0000019e9bf699b4
Event: 12.049 Thread 0x0000019e8e3fd6d0 Exception <a 'java/lang/NoSuchMethodError'{0x00000007080dfb48}: 'java.lang.Object java.lang.invoke.DirectMethodHandle$Holder.newInvokeSpecial(java.lang.Object, java.lang.Object, int, java.lang.Object, java.lang.Object)'> (0x00000007080dfb48) 
thrown [s\src\hotspot\share\interpreter\linkResolver.cpp, line 759]
Event: 12.050 Thread 0x0000019e8e3fd6d0 Exception <a 'java/lang/NoSuchMethodError'{0x00000007080eb1c0}: 'java.lang.Object java.lang.invoke.DirectMethodHandle$Holder.invokeSpecial(java.lang.Object, java.lang.Object, int, java.lang.Object, int, java.lang.Object)'> (0x00000007080eb1c0) 
thrown [s\src\hotspot\share\interpreter\linkResolver.cpp, line 759]
Event: 12.051 Thread 0x0000019e8e3fd6d0 Exception <a 'java/lang/NoSuchMethodError'{0x00000007080f3210}: 'java.lang.Object java.lang.invoke.DirectMethodHandle$Holder.newInvokeSpecial(java.lang.Object, java.lang.Object, int, java.lang.Object, int)'> (0x00000007080f3210) 
thrown [s\src\hotspot\share\interpreter\linkResolver.cpp, line 759]
Event: 12.052 Thread 0x0000019e8e3fd6d0 Exception <a 'java/lang/NoSuchMethodError'{0x00000007080f7310}: 'java.lang.Object java.lang.invoke.DirectMethodHandle$Holder.invokeSpecial(java.lang.Object, java.lang.Object, java.lang.Object, int, java.lang.Object, int)'> (0x00000007080f7310) 
thrown [s\src\hotspot\share\interpreter\linkResolver.cpp, line 759]
Event: 20.695 Thread 0x0000019eb4f77e00 Exception <a 'java/lang/NoSuchMethodError'{0x0000000707a59780}: 'java.lang.Object java.lang.invoke.DirectMethodHandle$Holder.invokeSpecial(java.lang.Object, java.lang.Object, java.lang.Object, java.lang.Object, java.lang.Object, long)'> (0x0000000707a59780) 
thrown [s\src\hotspot\share\interpreter\linkResolver.cpp, line 759]
Event: 20.695 Thread 0x0000019eb4f77e00 Exception <a 'java/lang/NoSuchMethodError'{0x0000000707a5d1c0}: 'java.lang.Object java.lang.invoke.Invokers$Holder.linkToTargetMethod(java.lang.Object, java.lang.Object, java.lang.Object, long, java.lang.Object)'> (0x0000000707a5d1c0) 
thrown [s\src\hotspot\share\interpreter\linkResolver.cpp, line 759]
Event: 20.744 Thread 0x0000019eb4f77e00 Exception <a 'java/lang/NoSuchMethodError'{0x0000000707b923e8}: getSession> (0x0000000707b923e8) 
thrown [s\src\hotspot\share\prims\jni.cpp, line 1073]
Event: 21.087 Thread 0x0000019eb4f77e00 Implicit null exception at 0x0000019e9bd683d7 to 0x0000019e9bd689c4
Event: 21.087 Thread 0x0000019eb4f77e00 Implicit null exception at 0x0000019e9bd622d7 to 0x0000019e9bd62898

VM Operations (20 events):
Event: 20.885 Executing VM operation: HandshakeAllThreads
Event: 20.885 Executing VM operation: HandshakeAllThreads done
Event: 20.896 Executing VM operation: HandshakeAllThreads
Event: 20.896 Executing VM operation: HandshakeAllThreads done
Event: 21.027 Executing VM operation: HandshakeAllThreads
Event: 21.027 Executing VM operation: HandshakeAllThreads done
Event: 21.027 Executing VM operation: HandshakeAllThreads
Event: 21.027 Executing VM operation: HandshakeAllThreads done
Event: 21.052 Executing VM operation: HandshakeAllThreads
Event: 21.052 Executing VM operation: HandshakeAllThreads done
Event: 21.488 Executing VM operation: G1CollectForAllocation
Event: 21.496 Executing VM operation: G1CollectForAllocation done
Event: 22.133 Executing VM operation: ChangeBreakpoints
Event: 22.134 Executing VM operation: ChangeBreakpoints done
Event: 22.134 Executing VM operation: ChangeBreakpoints
Event: 22.136 Executing VM operation: ChangeBreakpoints done
Event: 22.137 Executing VM operation: get/set locals
Event: 22.137 Executing VM operation: get/set locals done
Event: 22.138 Executing VM operation: get/set locals
Event: 22.138 Executing VM operation: get/set locals done

Events (20 events):
Event: 21.174 loading class java/io/FileOutputStream$1
Event: 21.175 loading class java/io/FileOutputStream$1 done
Event: 21.234 loading class sun/util/ResourceBundleEnumeration
Event: 21.234 loading class sun/util/ResourceBundleEnumeration done
Event: 21.454 loading class java/io/FileWriter
Event: 21.454 loading class java/io/FileWriter done
Event: 21.718 loading class java/lang/NegativeArraySizeException
Event: 21.718 loading class java/lang/NegativeArraySizeException done
Event: 21.744 loading class java/net/URLClassLoader$2
Event: 21.745 loading class java/net/URLClassLoader$2 done
Event: 21.857 loading class sun/net/www/protocol/jrt/JavaRuntimeURLConnection
Event: 21.858 loading class sun/net/www/protocol/jrt/JavaRuntimeURLConnection done
Event: 21.858 loading class sun/net/www/protocol/jrt/JavaRuntimeURLConnection$1
Event: 21.858 loading class sun/net/www/protocol/jrt/JavaRuntimeURLConnection$1 done
Event: 21.870 loading class java/text/MessageFormat$Field
Event: 21.870 loading class java/text/MessageFormat$Field done
Event: 22.117 loading class java/util/Hashtable$ValueCollection
Event: 22.117 loading class java/util/Hashtable$ValueCollection done
Event: 22.127 loading class java/net/URLClassLoader$1
Event: 22.127 loading class java/net/URLClassLoader$1 done


Dynamic libraries:
0x00007ff764760000 - 0x00007ff76476e000 	C:\Users\JPiccione\.p2\pool\plugins\org.eclipse.justj.openjdk.hotspot.jre.full.win32.x86_64_17.0.8.v20230831-1047\jre\bin\javaw.exe
0x0000019e8e880000 - 0x0000019e8ea77000 	C:\windows\SYSTEM32\ntd1l.dll
0x0000019e8ea80000 - 0x0000019e8eb3d000 	C:\windows\System32\kern3l32.dll
0x00007ffe167d0000 - 0x00007ffe169c7000 	C:\windows\SYSTEM32\ntdll.dll
0x00007ffe14a40000 - 0x00007ffe14afd000 	C:\windows\System32\KERNEL32.DLL
0x00007ffe13fa0000 - 0x00007ffe14296000 	C:\windows\System32\KERNELBASE.dll
0x00007ffe13920000 - 0x00007ffe13c33000 	C:\Program Files\SentinelOne\Sentinel Agent 23.1.4.650\InProcessClient64.dll
0x00007ffe15b00000 - 0x00007ffe15bae000 	C:\windows\System32\ADVAPI32.dll
0x00007ffe15ef0000 - 0x00007ffe15f8e000 	C:\windows\System32\msvcrt.dll
0x00007ffe14b00000 - 0x00007ffe14b9c000 	C:\windows\System32\sechost.dll
0x00007ffe15dc0000 - 0x00007ffe15ee6000 	C:\windows\System32\RPCRT4.dll
0x00007ffe14530000 - 0x00007ffe14630000 	C:\windows\System32\ucrtbase.dll
0x00007ffe0d130000 - 0x00007ffe0d147000 	C:\Users\JPiccione\.p2\pool\plugins\org.eclipse.justj.openjdk.hotspot.jre.full.win32.x86_64_17.0.8.v20230831-1047\jre\bin\jli.dll
0x00007ffe08a00000 - 0x00007ffe08a19000 	C:\Users\JPiccione\.p2\pool\plugins\org.eclipse.justj.openjdk.hotspot.jre.full.win32.x86_64_17.0.8.v20230831-1047\jre\bin\VCRUNTIME140.dll
0x00007ffe15670000 - 0x00007ffe1580e000 	C:\windows\System32\USER32.dll
0x00007ffe14800000 - 0x00007ffe14822000 	C:\windows\System32\win32u.dll
0x00007ffe06950000 - 0x00007ffe06bea000 	C:\windows\WinSxS\amd64_microsoft.windows.common-controls_6595b64144ccf1df_6.0.19041.3570_none_60bb2a3971f3e41a\COMCTL32.dll
0x00007ffe15bb0000 - 0x00007ffe15bdc000 	C:\windows\System32\GDI32.dll
0x00007ffe146e0000 - 0x00007ffe147fa000 	C:\windows\System32\gdi32full.dll
0x00007ffe14490000 - 0x00007ffe1452d000 	C:\windows\System32\msvcp_win.dll
0x00007ffe13910000 - 0x00007ffe1391a000 	C:\windows\SYSTEM32\VERSION.dll
0x00007ffe13900000 - 0x00007ffe1390b000 	C:\windows\SYSTEM32\FLTLIB.DLL
0x00007ffe15a40000 - 0x00007ffe15a70000 	C:\windows\System32\IMM32.DLL
0x00007ffe0eae0000 - 0x00007ffe0eaec000 	C:\Users\JPiccione\.p2\pool\plugins\org.eclipse.justj.openjdk.hotspot.jre.full.win32.x86_64_17.0.8.v20230831-1047\jre\bin\vcruntime140_1.dll
0x00007ffddb9d0000 - 0x00007ffddba61000 	C:\Users\JPiccione\.p2\pool\plugins\org.eclipse.justj.openjdk.hotspot.jre.full.win32.x86_64_17.0.8.v20230831-1047\jre\bin\msvcp140.dll
0x00007ffdc0e60000 - 0x00007ffdc1aac000 	C:\Users\JPiccione\.p2\pool\plugins\org.eclipse.justj.openjdk.hotspot.jre.full.win32.x86_64_17.0.8.v20230831-1047\jre\bin\server\jvm.dll
0x00007ffe130d0000 - 0x00007ffe1311b000 	C:\windows\SYSTEM32\POWRPROF.dll
0x00007ffdf9c20000 - 0x00007ffdf9c29000 	C:\windows\SYSTEM32\WSOCK32.dll
0x00007ffe15810000 - 0x00007ffe1587b000 	C:\windows\System32\WS2_32.dll
0x00007ffdfc5c0000 - 0x00007ffdfc5e7000 	C:\windows\SYSTEM32\WINMM.dll
0x00007ffe12f90000 - 0x00007ffe12fa2000 	C:\windows\SYSTEM32\UMPDC.dll
0x00007ffe117b0000 - 0x00007ffe117c2000 	C:\windows\SYSTEM32\kernel.appcore.dll
0x00007ffe0eb10000 - 0x00007ffe0eb1a000 	C:\Users\JPiccione\.p2\pool\plugins\org.eclipse.justj.openjdk.hotspot.jre.full.win32.x86_64_17.0.8.v20230831-1047\jre\bin\jimage.dll
0x00007ffe07370000 - 0x00007ffe07554000 	C:\windows\SYSTEM32\DBGHELP.DLL
0x00007ffe07330000 - 0x00007ffe07364000 	C:\windows\SYSTEM32\dbgcore.DLL
0x00007ffe142a0000 - 0x00007ffe14322000 	C:\windows\System32\bcryptPrimitives.dll
0x00007ffdee410000 - 0x00007ffdee48b000 	C:\Program Files\SentinelOne\Sentinel Agent 23.1.4.650\SentinelJava64.dll
0x00007ffe14830000 - 0x00007ffe1495b000 	C:\windows\System32\ole32.dll
0x00007ffe152e0000 - 0x00007ffe15634000 	C:\windows\System32\combase.dll
0x00007ffe0aef0000 - 0x00007ffe0af15000 	C:\Users\JPiccione\.p2\pool\plugins\org.eclipse.justj.openjdk.hotspot.jre.full.win32.x86_64_17.0.8.v20230831-1047\jre\bin\java.dll
0x00007ffe0b010000 - 0x00007ffe0b028000 	C:\Users\JPiccione\.p2\pool\plugins\org.eclipse.justj.openjdk.hotspot.jre.full.win32.x86_64_17.0.8.v20230831-1047\jre\bin\zip.dll
0x00007ffe16040000 - 0x00007ffe16784000 	C:\windows\System32\SHELL32.dll
0x00007ffe11920000 - 0x00007ffe120bb000 	C:\windows\SYSTEM32\windows.storage.dll
0x00007ffe135b0000 - 0x00007ffe135dd000 	C:\windows\SYSTEM32\Wldp.dll
0x00007ffe15f90000 - 0x00007ffe1603d000 	C:\windows\System32\SHCORE.dll
0x00007ffe150c0000 - 0x00007ffe15115000 	C:\windows\System32\shlwapi.dll
0x00007ffe13de0000 - 0x00007ffe13e05000 	C:\windows\SYSTEM32\profapi.dll
0x00007ffe0afe0000 - 0x00007ffe0aff9000 	C:\Users\JPiccione\.p2\pool\plugins\org.eclipse.justj.openjdk.hotspot.jre.full.win32.x86_64_17.0.8.v20230831-1047\jre\bin\net.dll
0x00007ffe12b30000 - 0x00007ffe12c3a000 	C:\windows\SYSTEM32\WINHTTP.dll
0x00007ffe13310000 - 0x00007ffe1337a000 	C:\windows\system32\mswsock.dll
0x00007ffe08a60000 - 0x00007ffe08a75000 	C:\Users\JPiccione\.p2\pool\plugins\org.eclipse.justj.openjdk.hotspot.jre.full.win32.x86_64_17.0.8.v20230831-1047\jre\bin\nio.dll
0x00007ffe13500000 - 0x00007ffe13518000 	C:\windows\SYSTEM32\CRYPTSP.dll
0x00007ffe12aa0000 - 0x00007ffe12ad4000 	C:\windows\system32\rsaenh.dll
0x00007ffe13f70000 - 0x00007ffe13f97000 	C:\windows\System32\bcrypt.dll
0x00007ffe13d60000 - 0x00007ffe13d8e000 	C:\windows\SYSTEM32\USERENV.dll
0x00007ffe13520000 - 0x00007ffe1352c000 	C:\windows\SYSTEM32\CRYPTBASE.dll
0x00007ffe12fb0000 - 0x00007ffe12feb000 	C:\windows\SYSTEM32\IPHLPAPI.DLL
0x00007ffe15660000 - 0x00007ffe15668000 	C:\windows\System32\NSI.dll
0x00007ffe0d300000 - 0x00007ffe0d317000 	C:\windows\SYSTEM32\dhcpcsvc6.DLL
0x00007ffe0cec0000 - 0x00007ffe0cedd000 	C:\windows\SYSTEM32\dhcpcsvc.DLL
0x00007ffe13000000 - 0x00007ffe130ca000 	C:\windows\SYSTEM32\DNSAPI.dll
0x00007ffe0d110000 - 0x00007ffe0d11e000 	C:\Users\JPiccione\.p2\pool\plugins\org.eclipse.justj.openjdk.hotspot.jre.full.win32.x86_64_17.0.8.v20230831-1047\jre\bin\sunmscapi.dll
0x00007ffe14330000 - 0x00007ffe1448d000 	C:\windows\System32\CRYPT32.dll
0x00007ffe13620000 - 0x00007ffe13647000 	C:\windows\SYSTEM32\ncrypt.dll
0x00007ffe135e0000 - 0x00007ffe1361b000 	C:\windows\SYSTEM32\NTASN1.dll
0x00007ffe0c4a0000 - 0x00007ffe0c4a9000 	C:\Users\JPiccione\.p2\pool\plugins\org.eclipse.justj.openjdk.hotspot.jre.full.win32.x86_64_17.0.8.v20230831-1047\jre\bin\management.dll
0x00007ffe0b030000 - 0x00007ffe0b03b000 	C:\Users\JPiccione\.p2\pool\plugins\org.eclipse.justj.openjdk.hotspot.jre.full.win32.x86_64_17.0.8.v20230831-1047\jre\bin\management_ext.dll
0x00007ffe15880000 - 0x00007ffe15888000 	C:\windows\System32\PSAPI.DLL
0x00007ffe0ea40000 - 0x00007ffe0ea50000 	C:\Users\JPiccione\.p2\pool\plugins\org.eclipse.justj.openjdk.hotspot.jre.full.win32.x86_64_17.0.8.v20230831-1047\jre\bin\verify.dll
0x00007ffe07e20000 - 0x00007ffe07e2a000 	C:\Windows\System32\rasadhlp.dll
0x00007ffe0d670000 - 0x00007ffe0d6f2000 	C:\windows\System32\fwpuclnt.dll
0x00007ffdf0070000 - 0x00007ffdf0087000 	C:\windows\system32\napinsp.dll
0x00007ffe0aa00000 - 0x00007ffe0aa1b000 	C:\windows\system32\pnrpnsp.dll
0x00007ffe0d150000 - 0x00007ffe0d165000 	C:\windows\system32\wshbth.dll
0x00007ffe0e560000 - 0x00007ffe0e57d000 	C:\windows\system32\NLAapi.dll
0x00007ffdf0090000 - 0x00007ffdf00a2000 	C:\windows\System32\winrnr.dll
0x00007ffddecb0000 - 0x00007ffddecb7000 	C:\windows\system32\wshunix.dll

dbghelp: loaded successfully - version: 4.0.5 - missing functions: none
symbol engine: initialized successfully - sym options: 0x614 - pdb path: .;C:\Users\JPiccione\.p2\pool\plugins\org.eclipse.justj.openjdk.hotspot.jre.full.win32.x86_64_17.0.8.v20230831-1047\jre\bin;C:\windows\SYSTEM32;C:\Program Files\SentinelOne\Sentinel Agent 23.1.4.650;C:\windows\WinSxS\amd64_microsoft.windows.common-controls_6595b64144ccf1df_6.0.19041.3570_none_60bb2a3971f3e41a;C:\Users\JPiccione\.p2\pool\plugins\org.eclipse.justj.openjdk.hotspot.jre.full.win32.x86_64_17.0.8.v20230831-1047\jre\bin\server

VM Arguments:
jvm_args: -Dfile.encoding=UTF-8 -XX:+ShowCodeDetailsInExceptionMessages -agentpath:C:\Program Files\SentinelOne\Sentinel Agent 23.1.4.650\SentinelJava64.dll 
java_command: com.spencer.ItemApp.ItemAppApplication
java_class_path (initial): C:\Users\JPiccione\OneDrive - Spencer Gifts LLC\Documents\ItemApp\target\classes;C:\Users\JPiccione\.m2\repository\org\springframework\boot\spring-boot-starter-data-jpa\3.1.4\spring-boot-starter-data-jpa-3.1.4.jar;C:\Users\JPiccione\.m2\repository\org\springframework\boot\spring-boot-starter-aop\3.1.4\spring-boot-starter-aop-3.1.4.jar;C:\Users\JPiccione\.m2\repository\org\aspectj\aspectjweaver\1.9.20\aspectjweaver-1.9.20.jar;C:\Users\JPiccione\.m2\repository\org\springframework\boot\spring-boot-starter-jdbc\3.1.4\spring-boot-starter-jdbc-3.1.4.jar;C:\Users\JPiccione\.m2\repository\com\zaxxer\HikariCP\5.0.1\HikariCP-5.0.1.jar;C:\Users\JPiccione\.m2\repository\org\springframework\spring-jdbc\6.0.12\spring-jdbc-6.0.12.jar;C:\Users\JPiccione\.m2\repository\org\hibernate\orm\hibernate-core\6.2.9.Final\hibernate-core-6.2.9.Final.jar;C:\Users\JPiccione\.m2\repository\jakarta\persistence\jakarta.persistence-api\3.1.0\jakarta.persistence-api-3.1.0.jar;C:\Users\JPiccione\.m2\repository\jakarta\transaction\jakarta.transaction-api\2.0.1\jakarta.transaction-api-2.0.1.jar;C:\Users\JPiccione\.m2\repository\org\jboss\logging\jboss-logging\3.5.3.Final\jboss-logging-3.5.3.Final.jar;C:\Users\JPiccione\.m2\repository\org\hibernate\common\hibernate-commons-annotations\6.0.6.Final\hibernate-commons-annotations-6.0.6.Final.jar;C:\Users\JPiccione\.m2\repository\io\smallrye\jandex\3.0.5\jandex-3.0.5.jar;C:\Users\JPiccione\.m2\repository\com\fasterxml\classmate\1.5.1\classmate-1.5.1.jar;C:\Users\JPiccione\.m2\repository\net\bytebuddy\byte-buddy\1.14.8\byte-buddy-1.14.8.jar;C:\Users\JPiccione\.m2\repository\org\glassfish\jaxb\jaxb-runtime\4.0.3\jaxb-runtime-4.0.3.jar;C:\Users\JPiccione\.m2\repository\org\glassfish\jaxb\jaxb-core\4.0.3\jaxb-core-4.0.3.jar;C:\Users\JPiccione\.m2\repository\org\eclipse\angus\angus-activation\2.0.1\angus-activation-2.0.1.jar;C:\Users\JPiccione\.m2\repository\org\glassfish\jaxb\txw2\4.0.3\txw2-4.0.3.jar;C:\Users\JPiccione\.m2\repositor
Launcher Type: SUN_STANDARD

[Global flags]
     intx CICompilerCount                          = 3                                         {product} {ergonomic}
     uint ConcGCThreads                            = 1                                         {product} {ergonomic}
     uint G1ConcRefinementThreads                  = 4                                         {product} {ergonomic}
   size_t G1HeapRegionSize                         = 2097152                                   {product} {ergonomic}
    uintx GCDrainStackTargetSize                   = 64                                        {product} {ergonomic}
   size_t InitialHeapSize                          = 264241152                                 {product} {ergonomic}
   size_t MarkStackSize                            = 4194304                                   {product} {ergonomic}
   size_t MaxHeapSize                              = 4215275520                                {product} {ergonomic}
   size_t MaxNewSize                               = 2529165312                                {product} {ergonomic}
   size_t MinHeapDeltaBytes                        = 2097152                                   {product} {ergonomic}
   size_t MinHeapSize                              = 8388608                                   {product} {ergonomic}
    uintx NonNMethodCodeHeapSize                   = 5832780                                {pd product} {ergonomic}
    uintx NonProfiledCodeHeapSize                  = 122912730                              {pd product} {ergonomic}
    uintx ProfiledCodeHeapSize                     = 122912730                              {pd product} {ergonomic}
    uintx ReservedCodeCacheSize                    = 251658240                              {pd product} {ergonomic}
     bool SegmentedCodeCache                       = true                                      {product} {ergonomic}
     bool ShowCodeDetailsInExceptionMessages       = true                                   {manageable} {command line}
   size_t SoftMaxHeapSize                          = 4215275520                             {manageable} {ergonomic}
     bool UseCompressedClassPointers               = true                           {product lp64_product} {ergonomic}
     bool UseCompressedOops                        = true                           {product lp64_product} {ergonomic}
     bool UseG1GC                                  = true                                      {product} {ergonomic}
     bool UseLargePagesIndividualAllocation        = false                                  {pd product} {ergonomic}

Logging:
Log output configuration:
 #0: stdout all=warning uptime,level,tags
 #1: stderr all=off uptime,level,tags

Environment Variables:
PATH=C:/Users/JPiccione/.p2/pool/plugins/org.eclipse.justj.openjdk.hotspot.jre.full.win32.x86_64_17.0.8.v20230831-1047/jre/bin/server;C:/Users/JPiccione/.p2/pool/plugins/org.eclipse.justj.openjdk.hotspot.jre.full.win32.x86_64_17.0.8.v20230831-1047/jre/bin;C:\Program Files\Common Files\Oracle\Java\javapath;C:\Program Files (x86)\Common Files\Oracle\Java\javapath;C:\Program Files\Microsoft\jdk-11.0.16.101-hotspot\bin;C:\Program Files (x86)\Business Objects\Common\3.5\bin\NOTES\;C:\Program Files (x86)\Business Objects\Common\3.5\bin\NOTES\DATA\;C:\windows\system32;C:\windows;C:\windows\System32\Wbem;C:\windows\System32\WindowsPowerShell\v1.0\;C:\windows\System32\OpenSSH\;C:\Program Files (x86)\IBM\Client Access\Emulator;C:\Program Files (x86)\IBM\Client Access\Shared;C:\Program Files (x86)\IBM\Client Access\;C:\Program Files (x86)\HEAT\;C:\Program Files (x86)\Microsoft SQL Server\160\DTS\Binn\;C:\Program Files\Azure Data Studio\bin;C:\Program Files\PuTTY\;C:\Program Files\Git\cmd;C:\Program Files\Microsoft SQL Server\150\Tools\Binn\;C:\Program Files\Microsoft SQL Server\Client SDK\ODBC\170\Tools\Binn\;C:\Program Files\dotnet\;C:\Program Files (x86)\Windows Kits\10\Windows Performance Toolkit\;c:\Program Files (x86)\Microsoft SQL Server\110\Tools\Binn\;c:\Program Files\Microsoft SQL Server\110\Tools\Binn\;c:\Program Files\Microsoft SQL Server\110\DTS\Binn\;C:\Program Files (x86)\Microsoft SQL Server\150\Tools\Binn\;C:\Program Files\Microsoft SQL Server\150\DTS\Binn\;C:\Users\JPiccione\AppData\Local\Microsoft\WindowsApps;C:\Program Files\Azure Data Studio\bin;C:\Users\JPiccione\.dotnet\tools;C:\Users\JPiccione\AppData\Local\Programs\Azure Data Studio\bin;C:\Program Files\JetBrains\IntelliJ IDEA 2023.2\bin;;C:\Users\JPiccione\AppData\Local\GitHubDesktop\bin;C:\windows\system32;
USERNAME=JPiccione
OS=Windows_NT
PROCESSOR_IDENTIFIER=Intel64 Family 6 Model 61 Stepping 4, GenuineIntel
TMP=C:\Users\JPICCI~1\AppData\Local\Temp
TEMP=C:\Users\JPICCI~1\AppData\Local\Temp



---------------  S Y S T E M  ---------------

OS:
 Windows 10 , 64 bit Build 19041 (10.0.19041.3570)
OS uptime: 5 days 16:39 hours

CPU: total 4 (initial active 4) (2 cores per cpu, 2 threads per core) family 6 model 61 stepping 4 microcode 0x2d, cx8, cmov, fxsr, ht, mmx, 3dnowpref, sse, sse2, sse3, ssse3, sse4.1, sse4.2, popcnt, lzcnt, tsc, tscinvbit, avx, avx2, aes, erms, clmul, bmi1, bmi2, rtm, adx, fma, vzeroupper, clflush
Processor Information for all 4 processors :
  Max Mhz: 2594, Current Mhz: 2594, Mhz Limit: 2594

Memory: 4k page, system-wide physical 16079M (7113M free)
TotalPageFile size 18511M (AvailPageFile size 7486M)
current process WorkingSet (physical memory assigned to process): 298M, peak: 327M
current process commit charge ("private bytes"): 313M, peak: 369M

vm_info: OpenJDK 64-Bit Server VM (17.0.8.1+1) for windows-amd64 JRE (17.0.8.1+1), built on Aug 23 2023 15:29:17 by "admin" with MS VC++ 16.7 (VS2019)

END.
