#
# A fatal error has been detected by the Java Runtime Environment:
#
#  EXCEPTION_ACCESS_VIOLATION (0xc0000005) at pc=0x00007ffb7dbae8a3, pid=5696, tid=12264
#
# JRE version: OpenJDK Runtime Environment Temurin-17.0.8.1+1 (17.0.8.1+1) (build 17.0.8.1+1)
# Java VM: OpenJDK 64-Bit Server VM Temurin-17.0.8.1+1 (17.0.8.1+1, mixed mode, tiered, compressed oops, compressed class ptrs, g1 gc, windows-amd64)
# Problematic frame:
# V  [jvm.dll+0x53e8a3]
#
# No core dump will be written. Minidumps are not enabled by default on client versions of Windows
#
# If you would like to submit a bug report, please visit:
#   https://github.com/adoptium/adoptium-support/issues
#

---------------  S U M M A R Y ------------

Command Line: -Dfile.encoding=UTF-8 -XX:+ShowCodeDetailsInExceptionMessages -agentpath:C:\Program Files\SentinelOne\Sentinel Agent 23.1.4.650\SentinelJava64.dll com.spencer.ItemApp.ItemAppApplication

Host: Intel(R) Core(TM) i7-5600U CPU @ 2.60GHz, 4 cores, 15G,  Windows 10 , 64 bit Build 19041 (10.0.19041.3570)
Time: Tue Nov 21 14:41:52 2023 Eastern Standard Time elapsed time: 33.376108 seconds (0d 0h 0m 33s)

---------------  T H R E A D  ---------------

Current thread (0x0000020f9aac6df0):  JavaThread "http-nio-8080-exec-6" daemon [_thread_in_vm, id=12264, stack(0x0000005965b00000,0x0000005965c00000)]

Stack: [0x0000005965b00000,0x0000005965c00000],  sp=0x0000005965bf9298,  free space=996k
Native frames: (J=compiled Java code, j=interpreted, Vv=VM code, C=native code)
V  [jvm.dll+0x53e8a3]

Java frames: (J=compiled Java code, j=interpreted, Vv=VM code)
j  org.springframework.security.web.servletapi.HttpServlet3RequestFactory$Servlet3SecurityContextHolderAwareRequestWrapper.isAuthenticated()Z+1
j  org.springframework.security.web.servletapi.HttpServlet3RequestFactory$Servlet3SecurityContextHolderAwareRequestWrapper.login(Ljava/lang/String;Ljava/lang/String;)V+1
v  ~StubRoutines::call_stub
j  org.apache.jasper.runtime.HttpJspBase.service(Ljakarta/servlet/http/HttpServletRequest;Ljakarta/servlet/http/HttpServletResponse;)V+0
j  jakarta.servlet.http.HttpServlet.service(Ljakarta/servlet/ServletRequest;Ljakarta/servlet/ServletResponse;)V+36
j  org.apache.jasper.servlet.JspServletWrapper.service(Ljakarta/servlet/http/HttpServletRequest;Ljakarta/servlet/http/HttpServletResponse;Z)V+372
j  org.apache.jasper.servlet.JspServlet.serviceJspFile(Ljakarta/servlet/http/HttpServletRequest;Ljakarta/servlet/http/HttpServletResponse;Ljava/lang/String;Z)V+112
j  org.apache.jasper.servlet.JspServlet.service(Ljakarta/servlet/http/HttpServletRequest;Ljakarta/servlet/http/HttpServletResponse;)V+228
j  jakarta.servlet.http.HttpServlet.service(Ljakarta/servlet/ServletRequest;Ljakarta/servlet/ServletResponse;)V+36
j  org.apache.catalina.core.ApplicationFilterChain.internalDoFilter(Ljakarta/servlet/ServletRequest;Ljakarta/servlet/ServletResponse;)V+305
j  org.apache.catalina.core.ApplicationFilterChain.doFilter(Ljakarta/servlet/ServletRequest;Ljakarta/servlet/ServletResponse;)V+99
j  org.apache.tomcat.websocket.server.WsFilter.doFilter(Ljakarta/servlet/ServletRequest;Ljakarta/servlet/ServletResponse;Ljakarta/servlet/FilterChain;)V+21
j  org.apache.catalina.core.ApplicationFilterChain.internalDoFilter(Ljakarta/servlet/ServletRequest;Ljakarta/servlet/ServletResponse;)V+135
j  org.apache.catalina.core.ApplicationFilterChain.doFilter(Ljakarta/servlet/ServletRequest;Ljakarta/servlet/ServletResponse;)V+99
j  org.springframework.security.web.FilterChainProxy.lambda$doFilterInternal$3(Lorg/springframework/security/web/firewall/FirewalledRequest;Ljakarta/servlet/FilterChain;Ljakarta/servlet/ServletRequest;Ljakarta/servlet/ServletResponse;)V+35
j  org.springframework.security.web.FilterChainProxy$$Lambda$1366+0x000000080099ba80.doFilter(Ljakarta/servlet/ServletRequest;Ljakarta/servlet/ServletResponse;)V+10
j  org.springframework.security.web.FilterChainProxy$VirtualFilterChain.doFilter(Ljakarta/servlet/ServletRequest;Ljakarta/servlet/ServletResponse;)V+17
j  org.springframework.security.web.access.intercept.AuthorizationFilter.doFilter(Ljakarta/servlet/ServletRequest;Ljakarta/servlet/ServletResponse;Ljakarta/servlet/FilterChain;)V+143
j  org.springframework.security.web.FilterChainProxy$VirtualFilterChain.doFilter(Ljakarta/servlet/ServletRequest;Ljakarta/servlet/ServletResponse;)V+105
j  org.springframework.security.web.access.ExceptionTranslationFilter.doFilter(Ljakarta/servlet/http/HttpServletRequest;Ljakarta/servlet/http/HttpServletResponse;Ljakarta/servlet/FilterChain;)V+3
j  org.springframework.security.web.access.ExceptionTranslationFilter.doFilter(Ljakarta/servlet/ServletRequest;Ljakarta/servlet/ServletResponse;Ljakarta/servlet/FilterChain;)V+10
j  org.springframework.security.web.FilterChainProxy$VirtualFilterChain.doFilter(Ljakarta/servlet/ServletRequest;Ljakarta/servlet/ServletResponse;)V+105
j  org.springframework.security.web.authentication.AnonymousAuthenticationFilter.doFilter(Ljakarta/servlet/ServletRequest;Ljakarta/servlet/ServletResponse;Ljakarta/servlet/FilterChain;)V+33
j  org.springframework.security.web.FilterChainProxy$VirtualFilterChain.doFilter(Ljakarta/servlet/ServletRequest;Ljakarta/servlet/ServletResponse;)V+105
j  org.springframework.security.web.servletapi.SecurityContextHolderAwareRequestFilter.doFilter(Ljakarta/servlet/ServletRequest;Ljakarta/servlet/ServletResponse;Ljakarta/servlet/FilterChain;)V+19
j  org.springframework.security.web.FilterChainProxy$VirtualFilterChain.doFilter(Ljakarta/servlet/ServletRequest;Ljakarta/servlet/ServletResponse;)V+105
j  org.springframework.security.web.savedrequest.RequestCacheAwareFilter.doFilter(Ljakarta/servlet/ServletRequest;Ljakarta/servlet/ServletResponse;Ljakarta/servlet/FilterChain;)V+32
j  org.springframework.security.web.FilterChainProxy$VirtualFilterChain.doFilter(Ljakarta/servlet/ServletRequest;Ljakarta/servlet/ServletResponse;)V+105
j  org.springframework.security.web.authentication.AbstractAuthenticationProcessingFilter.doFilter(Ljakarta/servlet/http/HttpServletRequest;Ljakarta/servlet/http/HttpServletResponse;Ljakarta/servlet/FilterChain;)V+12
j  org.springframework.security.web.authentication.AbstractAuthenticationProcessingFilter.doFilter(Ljakarta/servlet/ServletRequest;Ljakarta/servlet/ServletResponse;Ljakarta/servlet/FilterChain;)V+10
j  org.springframework.security.web.FilterChainProxy$VirtualFilterChain.doFilter(Ljakarta/servlet/ServletRequest;Ljakarta/servlet/ServletResponse;)V+105
j  org.springframework.security.web.authentication.logout.LogoutFilter.doFilter(Ljakarta/servlet/http/HttpServletRequest;Ljakarta/servlet/http/HttpServletResponse;Ljakarta/servlet/FilterChain;)V+83
j  org.springframework.security.web.authentication.logout.LogoutFilter.doFilter(Ljakarta/servlet/ServletRequest;Ljakarta/servlet/ServletResponse;Ljakarta/servlet/FilterChain;)V+10
j  org.springframework.security.web.FilterChainProxy$VirtualFilterChain.doFilter(Ljakarta/servlet/ServletRequest;Ljakarta/servlet/ServletResponse;)V+105
j  org.springframework.web.filter.OncePerRequestFilter.doFilter(Ljakarta/servlet/ServletRequest;Ljakarta/servlet/ServletResponse;Ljakarta/servlet/FilterChain;)V+125
j  org.springframework.security.web.FilterChainProxy$VirtualFilterChain.doFilter(Ljakarta/servlet/ServletRequest;Ljakarta/servlet/ServletResponse;)V+105
j  org.springframework.security.web.context.SecurityContextHolderFilter.doFilter(Ljakarta/servlet/http/HttpServletRequest;Ljakarta/servlet/http/HttpServletResponse;Ljakarta/servlet/FilterChain;)V+15
j  org.springframework.security.web.context.SecurityContextHolderFilter.doFilter(Ljakarta/servlet/ServletRequest;Ljakarta/servlet/ServletResponse;Ljakarta/servlet/FilterChain;)V+10
j  org.springframework.security.web.FilterChainProxy$VirtualFilterChain.doFilter(Ljakarta/servlet/ServletRequest;Ljakarta/servlet/ServletResponse;)V+105
j  org.springframework.web.filter.OncePerRequestFilter.doFilter(Ljakarta/servlet/ServletRequest;Ljakarta/servlet/ServletResponse;Ljakarta/servlet/FilterChain;)V+125
j  org.springframework.security.web.FilterChainProxy$VirtualFilterChain.doFilter(Ljakarta/servlet/ServletRequest;Ljakarta/servlet/ServletResponse;)V+105
j  org.springframework.web.filter.OncePerRequestFilter.doFilter(Ljakarta/servlet/ServletRequest;Ljakarta/servlet/ServletResponse;Ljakarta/servlet/FilterChain;)V+125
j  org.springframework.security.web.FilterChainProxy$VirtualFilterChain.doFilter(Ljakarta/servlet/ServletRequest;Ljakarta/servlet/ServletResponse;)V+105
j  org.springframework.security.web.FilterChainProxy.doFilterInternal(Ljakarta/servlet/ServletRequest;Ljakarta/servlet/ServletResponse;Ljakarta/servlet/FilterChain;)V+163
j  org.springframework.security.web.FilterChainProxy.doFilter(Ljakarta/servlet/ServletRequest;Ljakarta/servlet/ServletResponse;Ljakarta/servlet/FilterChain;)V+28
j  org.springframework.web.filter.DelegatingFilterProxy.invokeDelegate(Ljakarta/servlet/Filter;Ljakarta/servlet/ServletRequest;Ljakarta/servlet/ServletResponse;Ljakarta/servlet/FilterChain;)V+5
j  org.springframework.web.filter.DelegatingFilterProxy.doFilter(Ljakarta/servlet/ServletRequest;Ljakarta/servlet/ServletResponse;Ljakarta/servlet/FilterChain;)V+85
j  org.apache.catalina.core.ApplicationFilterChain.internalDoFilter(Ljakarta/servlet/ServletRequest;Ljakarta/servlet/ServletResponse;)V+135
j  org.apache.catalina.core.ApplicationFilterChain.doFilter(Ljakarta/servlet/ServletRequest;Ljakarta/servlet/ServletResponse;)V+99
j  org.springframework.web.filter.OncePerRequestFilter.doFilter(Ljakarta/servlet/ServletRequest;Ljakarta/servlet/ServletResponse;Ljakarta/servlet/FilterChain;)V+125
j  org.apache.catalina.core.ApplicationFilterChain.internalDoFilter(Ljakarta/servlet/ServletRequest;Ljakarta/servlet/ServletResponse;)V+135
j  org.apache.catalina.core.ApplicationFilterChain.doFilter(Ljakarta/servlet/ServletRequest;Ljakarta/servlet/ServletResponse;)V+99
j  org.springframework.web.filter.OncePerRequestFilter.doFilter(Ljakarta/servlet/ServletRequest;Ljakarta/servlet/ServletResponse;Ljakarta/servlet/FilterChain;)V+125
j  org.apache.catalina.core.ApplicationFilterChain.internalDoFilter(Ljakarta/servlet/ServletRequest;Ljakarta/servlet/ServletResponse;)V+135
j  org.apache.catalina.core.ApplicationFilterChain.doFilter(Ljakarta/servlet/ServletRequest;Ljakarta/servlet/ServletResponse;)V+99
j  org.springframework.web.filter.OncePerRequestFilter.doFilter(Ljakarta/servlet/ServletRequest;Ljakarta/servlet/ServletResponse;Ljakarta/servlet/FilterChain;)V+125
j  org.apache.catalina.core.ApplicationFilterChain.internalDoFilter(Ljakarta/servlet/ServletRequest;Ljakarta/servlet/ServletResponse;)V+135
j  org.apache.catalina.core.ApplicationFilterChain.doFilter(Ljakarta/servlet/ServletRequest;Ljakarta/servlet/ServletResponse;)V+99
j  org.apache.catalina.core.ApplicationDispatcher.invoke(Ljakarta/servlet/ServletRequest;Ljakarta/servlet/ServletResponse;Lorg/apache/catalina/core/ApplicationDispatcher$State;)V+341
j  org.apache.catalina.core.ApplicationDispatcher.processRequest(Ljakarta/servlet/ServletRequest;Ljakarta/servlet/ServletResponse;Lorg/apache/catalina/core/ApplicationDispatcher$State;)V+98
j  org.apache.catalina.core.ApplicationDispatcher.doForward(Ljakarta/servlet/ServletRequest;Ljakarta/servlet/ServletResponse;)V+363
j  org.apache.catalina.core.ApplicationDispatcher.forward(Ljakarta/servlet/ServletRequest;Ljakarta/servlet/ServletResponse;)V+55
j  org.springframework.security.web.header.HeaderWriterFilter$HeaderWriterRequestDispatcher.forward(Ljakarta/servlet/ServletRequest;Ljakarta/servlet/ServletResponse;)V+6
j  org.springframework.web.servlet.view.InternalResourceView.renderMergedOutputModel(Ljava/util/Map;Ljakarta/servlet/http/HttpServletRequest;Ljakarta/servlet/http/HttpServletResponse;)V+145
j  org.springframework.web.servlet.view.AbstractView.render(Ljava/util/Map;Ljakarta/servlet/http/HttpServletRequest;Ljakarta/servlet/http/HttpServletResponse;)V+91
j  org.springframework.web.servlet.DispatcherServlet.render(Lorg/springframework/web/servlet/ModelAndView;Ljakarta/servlet/http/HttpServletRequest;Ljakarta/servlet/http/HttpServletResponse;)V+188
j  org.springframework.web.servlet.DispatcherServlet.processDispatchResult(Ljakarta/servlet/http/HttpServletRequest;Ljakarta/servlet/http/HttpServletResponse;Lorg/springframework/web/servlet/HandlerExecutionChain;Lorg/springframework/web/servlet/ModelAndView;Ljava/lang/Exception;)V+103
j  org.springframework.web.servlet.DispatcherServlet.doDispatch(Ljakarta/servlet/http/HttpServletRequest;Ljakarta/servlet/http/HttpServletResponse;)V+365
j  org.springframework.web.servlet.DispatcherServlet.doService(Ljakarta/servlet/http/HttpServletRequest;Ljakarta/servlet/http/HttpServletResponse;)V+242
j  org.springframework.web.servlet.FrameworkServlet.processRequest(Ljakarta/servlet/http/HttpServletRequest;Ljakarta/servlet/http/HttpServletResponse;)V+70
j  org.springframework.web.servlet.FrameworkServlet.doGet(Ljakarta/servlet/http/HttpServletRequest;Ljakarta/servlet/http/HttpServletResponse;)V+3
j  jakarta.servlet.http.HttpServlet.service(Ljakarta/servlet/http/HttpServletRequest;Ljakarta/servlet/http/HttpServletResponse;)V+35
j  org.springframework.web.servlet.FrameworkServlet.service(Ljakarta/servlet/http/HttpServletRequest;Ljakarta/servlet/http/HttpServletResponse;)V+20
j  jakarta.servlet.http.HttpServlet.service(Ljakarta/servlet/ServletRequest;Ljakarta/servlet/ServletResponse;)V+36
j  org.apache.catalina.core.ApplicationFilterChain.internalDoFilter(Ljakarta/servlet/ServletRequest;Ljakarta/servlet/ServletResponse;)V+305
j  org.apache.catalina.core.ApplicationFilterChain.doFilter(Ljakarta/servlet/ServletRequest;Ljakarta/servlet/ServletResponse;)V+99
j  org.apache.tomcat.websocket.server.WsFilter.doFilter(Ljakarta/servlet/ServletRequest;Ljakarta/servlet/ServletResponse;Ljakarta/servlet/FilterChain;)V+21
j  org.apache.catalina.core.ApplicationFilterChain.internalDoFilter(Ljakarta/servlet/ServletRequest;Ljakarta/servlet/ServletResponse;)V+135
j  org.apache.catalina.core.ApplicationFilterChain.doFilter(Ljakarta/servlet/ServletRequest;Ljakarta/servlet/ServletResponse;)V+99
j  org.springframework.security.web.FilterChainProxy.lambda$doFilterInternal$3(Lorg/springframework/security/web/firewall/FirewalledRequest;Ljakarta/servlet/FilterChain;Ljakarta/servlet/ServletRequest;Ljakarta/servlet/ServletResponse;)V+35
j  org.springframework.security.web.FilterChainProxy$$Lambda$1366+0x000000080099ba80.doFilter(Ljakarta/servlet/ServletRequest;Ljakarta/servlet/ServletResponse;)V+10
j  org.springframework.security.web.FilterChainProxy$VirtualFilterChain.doFilter(Ljakarta/servlet/ServletRequest;Ljakarta/servlet/ServletResponse;)V+17
j  org.springframework.security.web.access.intercept.AuthorizationFilter.doFilter(Ljakarta/servlet/ServletRequest;Ljakarta/servlet/ServletResponse;Ljakarta/servlet/FilterChain;)V+143
j  org.springframework.security.web.FilterChainProxy$VirtualFilterChain.doFilter(Ljakarta/servlet/ServletRequest;Ljakarta/servlet/ServletResponse;)V+105
j  org.springframework.security.web.access.ExceptionTranslationFilter.doFilter(Ljakarta/servlet/http/HttpServletRequest;Ljakarta/servlet/http/HttpServletResponse;Ljakarta/servlet/FilterChain;)V+3
j  org.springframework.security.web.access.ExceptionTranslationFilter.doFilter(Ljakarta/servlet/ServletRequest;Ljakarta/servlet/ServletResponse;Ljakarta/servlet/FilterChain;)V+10
j  org.springframework.security.web.FilterChainProxy$VirtualFilterChain.doFilter(Ljakarta/servlet/ServletRequest;Ljakarta/servlet/ServletResponse;)V+105
j  org.springframework.security.web.authentication.AnonymousAuthenticationFilter.doFilter(Ljakarta/servlet/ServletRequest;Ljakarta/servlet/ServletResponse;Ljakarta/servlet/FilterChain;)V+33
j  org.springframework.security.web.FilterChainProxy$VirtualFilterChain.doFilter(Ljakarta/servlet/ServletRequest;Ljakarta/servlet/ServletResponse;)V+105
j  org.springframework.security.web.servletapi.SecurityContextHolderAwareRequestFilter.doFilter(Ljakarta/servlet/ServletRequest;Ljakarta/servlet/ServletResponse;Ljakarta/servlet/FilterChain;)V+19
j  org.springframework.security.web.FilterChainProxy$VirtualFilterChain.doFilter(Ljakarta/servlet/ServletRequest;Ljakarta/servlet/ServletResponse;)V+105
j  org.springframework.security.web.savedrequest.RequestCacheAwareFilter.doFilter(Ljakarta/servlet/ServletRequest;Ljakarta/servlet/ServletResponse;Ljakarta/servlet/FilterChain;)V+32
j  org.springframework.security.web.FilterChainProxy$VirtualFilterChain.doFilter(Ljakarta/servlet/ServletRequest;Ljakarta/servlet/ServletResponse;)V+105
j  org.springframework.security.web.authentication.AbstractAuthenticationProcessingFilter.doFilter(Ljakarta/servlet/http/HttpServletRequest;Ljakarta/servlet/http/HttpServletResponse;Ljakarta/servlet/FilterChain;)V+12
j  org.springframework.security.web.authentication.AbstractAuthenticationProcessingFilter.doFilter(Ljakarta/servlet/ServletRequest;Ljakarta/servlet/ServletResponse;Ljakarta/servlet/FilterChain;)V+10
j  org.springframework.security.web.FilterChainProxy$VirtualFilterChain.doFilter(Ljakarta/servlet/ServletRequest;Ljakarta/servlet/ServletResponse;)V+105
j  org.springframework.security.web.authentication.logout.LogoutFilter.doFilter(Ljakarta/servlet/http/HttpServletRequest;Ljakarta/servlet/http/HttpServletResponse;Ljakarta/servlet/FilterChain;)V+83
j  org.springframework.security.web.authentication.logout.LogoutFilter.doFilter(Ljakarta/servlet/ServletRequest;Ljakarta/servlet/ServletResponse;Ljakarta/servlet/FilterChain;)V+10
j  org.springframework.security.web.FilterChainProxy$VirtualFilterChain.doFilter(Ljakarta/servlet/ServletRequest;Ljakarta/servlet/ServletResponse;)V+105
j  org.springframework.security.web.header.HeaderWriterFilter.doHeadersAfter(Ljakarta/servlet/http/HttpServletRequest;Ljakarta/servlet/http/HttpServletResponse;Ljakarta/servlet/FilterChain;)V+29
j  org.springframework.security.web.header.HeaderWriterFilter.doFilterInternal(Ljakarta/servlet/http/HttpServletRequest;Ljakarta/servlet/http/HttpServletResponse;Ljakarta/servlet/FilterChain;)V+21
j  org.springframework.web.filter.OncePerRequestFilter.doFilter(Ljakarta/servlet/ServletRequest;Ljakarta/servlet/ServletResponse;Ljakarta/servlet/FilterChain;)V+150
j  org.springframework.security.web.FilterChainProxy$VirtualFilterChain.doFilter(Ljakarta/servlet/ServletRequest;Ljakarta/servlet/ServletResponse;)V+105
j  org.springframework.security.web.context.SecurityContextHolderFilter.doFilter(Ljakarta/servlet/http/HttpServletRequest;Ljakarta/servlet/http/HttpServletResponse;Ljakarta/servlet/FilterChain;)V+59
j  org.springframework.security.web.context.SecurityContextHolderFilter.doFilter(Ljakarta/servlet/ServletRequest;Ljakarta/servlet/ServletResponse;Ljakarta/servlet/FilterChain;)V+10
j  org.springframework.security.web.FilterChainProxy$VirtualFilterChain.doFilter(Ljakarta/servlet/ServletRequest;Ljakarta/servlet/ServletResponse;)V+105
j  org.springframework.security.web.context.request.async.WebAsyncManagerIntegrationFilter.doFilterInternal(Ljakarta/servlet/http/HttpServletRequest;Ljakarta/servlet/http/HttpServletResponse;Ljakarta/servlet/FilterChain;)V+55
j  org.springframework.web.filter.OncePerRequestFilter.doFilter(Ljakarta/servlet/ServletRequest;Ljakarta/servlet/ServletResponse;Ljakarta/servlet/FilterChain;)V+150
j  org.springframework.security.web.FilterChainProxy$VirtualFilterChain.doFilter(Ljakarta/servlet/ServletRequest;Ljakarta/servlet/ServletResponse;)V+105
j  org.springframework.security.web.session.DisableEncodeUrlFilter.doFilterInternal(Ljakarta/servlet/http/HttpServletRequest;Ljakarta/servlet/http/HttpServletResponse;Ljakarta/servlet/FilterChain;)V+10
j  org.springframework.web.filter.OncePerRequestFilter.doFilter(Ljakarta/servlet/ServletRequest;Ljakarta/servlet/ServletResponse;Ljakarta/servlet/FilterChain;)V+150
j  org.springframework.security.web.FilterChainProxy$VirtualFilterChain.doFilter(Ljakarta/servlet/ServletRequest;Ljakarta/servlet/ServletResponse;)V+105
j  org.springframework.security.web.FilterChainProxy.doFilterInternal(Ljakarta/servlet/ServletRequest;Ljakarta/servlet/ServletResponse;Ljakarta/servlet/FilterChain;)V+163
j  org.springframework.security.web.FilterChainProxy.doFilter(Ljakarta/servlet/ServletRequest;Ljakarta/servlet/ServletResponse;Ljakarta/servlet/FilterChain;)V+48
j  org.springframework.web.filter.DelegatingFilterProxy.invokeDelegate(Ljakarta/servlet/Filter;Ljakarta/servlet/ServletRequest;Ljakarta/servlet/ServletResponse;Ljakarta/servlet/FilterChain;)V+5
j  org.springframework.web.filter.DelegatingFilterProxy.doFilter(Ljakarta/servlet/ServletRequest;Ljakarta/servlet/ServletResponse;Ljakarta/servlet/FilterChain;)V+85
j  org.apache.catalina.core.ApplicationFilterChain.internalDoFilter(Ljakarta/servlet/ServletRequest;Ljakarta/servlet/ServletResponse;)V+135
j  org.apache.catalina.core.ApplicationFilterChain.doFilter(Ljakarta/servlet/ServletRequest;Ljakarta/servlet/ServletResponse;)V+99
j  org.springframework.web.filter.RequestContextFilter.doFilterInternal(Ljakarta/servlet/http/HttpServletRequest;Ljakarta/servlet/http/HttpServletResponse;Ljakarta/servlet/FilterChain;)V+21
j  org.springframework.web.filter.OncePerRequestFilter.doFilter(Ljakarta/servlet/ServletRequest;Ljakarta/servlet/ServletResponse;Ljakarta/servlet/FilterChain;)V+150
j  org.apache.catalina.core.ApplicationFilterChain.internalDoFilter(Ljakarta/servlet/ServletRequest;Ljakarta/servlet/ServletResponse;)V+135
j  org.apache.catalina.core.ApplicationFilterChain.doFilter(Ljakarta/servlet/ServletRequest;Ljakarta/servlet/ServletResponse;)V+99
j  org.springframework.web.filter.FormContentFilter.doFilterInternal(Ljakarta/servlet/http/HttpServletRequest;Ljakarta/servlet/http/HttpServletResponse;Ljakarta/servlet/FilterChain;)V+38
j  org.springframework.web.filter.OncePerRequestFilter.doFilter(Ljakarta/servlet/ServletRequest;Ljakarta/servlet/ServletResponse;Ljakarta/servlet/FilterChain;)V+150
j  org.apache.catalina.core.ApplicationFilterChain.internalDoFilter(Ljakarta/servlet/ServletRequest;Ljakarta/servlet/ServletResponse;)V+135
j  org.apache.catalina.core.ApplicationFilterChain.doFilter(Ljakarta/servlet/ServletRequest;Ljakarta/servlet/ServletResponse;)V+99
j  org.springframework.web.filter.CharacterEncodingFilter.doFilterInternal(Ljakarta/servlet/http/HttpServletRequest;Ljakarta/servlet/http/HttpServletResponse;Ljakarta/servlet/FilterChain;)V+53
j  org.springframework.web.filter.OncePerRequestFilter.doFilter(Ljakarta/servlet/ServletRequest;Ljakarta/servlet/ServletResponse;Ljakarta/servlet/FilterChain;)V+150
j  org.apache.catalina.core.ApplicationFilterChain.internalDoFilter(Ljakarta/servlet/ServletRequest;Ljakarta/servlet/ServletResponse;)V+135
j  org.apache.catalina.core.ApplicationFilterChain.doFilter(Ljakarta/servlet/ServletRequest;Ljakarta/servlet/ServletResponse;)V+99
j  org.apache.catalina.core.StandardWrapperValve.invoke(Lorg/apache/catalina/connector/Request;Lorg/apache/catalina/connector/Response;)V+514
j  org.apache.catalina.core.StandardContextValve.invoke(Lorg/apache/catalina/connector/Request;Lorg/apache/catalina/connector/Response;)V+169
j  org.apache.catalina.authenticator.AuthenticatorBase.invoke(Lorg/apache/catalina/connector/Request;Lorg/apache/catalina/connector/Response;)V+218
j  org.apache.catalina.core.StandardHostValve.invoke(Lorg/apache/catalina/connector/Request;Lorg/apache/catalina/connector/Response;)V+131
j  org.apache.catalina.valves.ErrorReportValve.invoke(Lorg/apache/catalina/connector/Request;Lorg/apache/catalina/connector/Response;)V+6
j  org.apache.catalina.core.StandardEngineValve.invoke(Lorg/apache/catalina/connector/Request;Lorg/apache/catalina/connector/Response;)V+59
j  org.apache.catalina.connector.CoyoteAdapter.service(Lorg/apache/coyote/Request;Lorg/apache/coyote/Response;)V+187
j  org.apache.coyote.http11.Http11Processor.service(Lorg/apache/tomcat/util/net/SocketWrapperBase;)Lorg/apache/tomcat/util/net/AbstractEndpoint$Handler$SocketState;+785
j  org.apache.coyote.AbstractProcessorLight.process(Lorg/apache/tomcat/util/net/SocketWrapperBase;Lorg/apache/tomcat/util/net/SocketEvent;)Lorg/apache/tomcat/util/net/AbstractEndpoint$Handler$SocketState;+152
j  org.apache.coyote.AbstractProtocol$ConnectionHandler.process(Lorg/apache/tomcat/util/net/SocketWrapperBase;Lorg/apache/tomcat/util/net/SocketEvent;)Lorg/apache/tomcat/util/net/AbstractEndpoint$Handler$SocketState;+482
j  org.apache.tomcat.util.net.NioEndpoint$SocketProcessor.doRun()V+249
j  org.apache.tomcat.util.net.SocketProcessorBase.run()V+32
j  org.apache.tomcat.util.threads.ThreadPoolExecutor.runWorker(Lorg/apache/tomcat/util/threads/ThreadPoolExecutor$Worker;)V+92
j  org.apache.tomcat.util.threads.ThreadPoolExecutor$Worker.run()V+5
j  org.apache.tomcat.util.threads.TaskThread$WrappingRunnable.run()V+4
j  java.lang.Thread.run()V+11 java.base@17.0.8.1
v  ~StubRoutines::call_stub

siginfo: EXCEPTION_ACCESS_VIOLATION (0xc0000005), reading address 0x00000008f4820948


Register to memory mapping:

RIP=0x00007ffb7dbae8a3 jvm.dll
RAX=0x0000000000000034 is an unknown value
RBX=0x0000020f9aac6df0 is a thread
RCX=0x00000008f48205e0 is an unknown value
RDX=0x0000000000000034 is an unknown value
RSP=0x0000005965bf9298 is pointing into the stack for thread: 0x0000020f9aac6df0
RBP=0x0000005965bf9300 is pointing into the stack for thread: 0x0000020f9aac6df0
RSI=0x0000005965bf9368 is pointing into the stack for thread: 0x0000020f9aac6df0
RDI=0x0000000000000034 is an unknown value
R8 =0x00000008009a1b28 is a pointer to class: 
org.springframework.security.web.servletapi.HttpServlet3RequestFactory$Servlet3SecurityContextHolderAwareRequestWrapper {0x00000008009a1b30}
 - instance size:     5
 - klass size:        261
 - access:            synchronized 
 - state:             fully_initialized
 - name:              'org/springframework/security/web/servletapi/HttpServlet3RequestFactory$Servlet3SecurityContextHolderAwareRequestWrapper'
 - super:             'org/springframework/security/web/servletapi/SecurityContextHolderAwareRequestWrapper'
 - sub:               
 - arrays:            NULL
 - methods:           Array<T>(0x0000020fa30f09e0)
 - method ordering:   Array<T>(0x0000020f96000018)
 - default_methods:   Array<T>(0x0000000000000000)
 - local interfaces:  Array<T>(0x0000020f96000058)
 - trans. interfaces: Array<T>(0x0000020f99cf2ca8)
 - constants:         constant pool [276]/operands[5] {0x0000020fa30f0008} for 'org/springframework/security/web/servletapi/HttpServlet3RequestFactory$Servlet3SecurityContextHolderAwareRequestWrapper' cache=0x0000020fa30f1fd0
 - class loader data:  loader data: 0x0000020f9547dc00 for instance a 'jdk/internal/loader/ClassLoaders$AppClassLoader'{0x0000000704f77c78}
 - source file:       'HttpServlet3RequestFactory.java'
 - class annotations:       Array<T>(0x0000000000000000)
 - class type annotations:  Array<T>(0x0000000000000000)
 - field annotations:       Array<T>(0x0000000000000000)
 - field type annotations:  Array<T>(0x0000000000000000)
 - inner classes:     Array<T>(0x0000020fa30f1280)
 - nest members:     Array<T>(0x0000020f96000028)
 - permitted subclasses:     Array<T>(0x0000020f96000028)
 - java mirror:       a 'java/lang/Class'{0x0000000708169e90} = 'org/springframework/security/web/servletapi/HttpServlet3RequestFactory$Servlet3SecurityContextHolderAwareRequestWrapper'
 - vtable length      84  (start addr: 0x00000008009a1cf0)
 - itable length      119 (start addr: 0x00000008009a1f90)
 - ---- static fields (0 words):
 - ---- non-static fields (6 words):
 - private 'request' 'Ljakarta/servlet/ServletRequest;' @12 
 - private 'securityContextHolderStrategy' 'Lorg/springframework/security/core/context/SecurityContextHolderStrategy;' @16 
 - private final 'trustResolver' 'Lorg/springframework/security/authentication/AuthenticationTrustResolver;' @20 
 - private final 'rolePrefix' 'Ljava/lang/String;' @24 
 - private final 'response' 'Ljakarta/servlet/http/HttpServletResponse;' @28 
 - final synthetic 'this$0' 'Lorg/springframework/security/web/servletapi/HttpServlet3RequestFactory;' @32 
 - non-static oop maps: 12-32 
R9 =0x0000020f9b197d20 points into unknown readable memory: 0x0000020ff47e0000 | 00 00 7e f4 0f 02 00 00
R10=0x0000020f9d7329e0 points into unknown readable memory: 0x0000001e00000007 | 07 00 00 00 1e 00 00 00
R11={method} {0x0000020fa30f17e8} 'getUserPrincipal' '()Ljava/security/Principal;' in 'org/springframework/security/web/servletapi/SecurityContextHolderAwareRequestWrapper'
R12=0x0 is NULL
R13=0x00000008009a1b28 is a pointer to class: 
org.springframework.security.web.servletapi.HttpServlet3RequestFactory$Servlet3SecurityContextHolderAwareRequestWrapper {0x00000008009a1b30}
 - instance size:     5
 - klass size:        261
 - access:            synchronized 
 - state:             fully_initialized
 - name:              'org/springframework/security/web/servletapi/HttpServlet3RequestFactory$Servlet3SecurityContextHolderAwareRequestWrapper'
 - super:             'org/springframework/security/web/servletapi/SecurityContextHolderAwareRequestWrapper'
 - sub:               
 - arrays:            NULL
 - methods:           Array<T>(0x0000020fa30f09e0)
 - method ordering:   Array<T>(0x0000020f96000018)
 - default_methods:   Array<T>(0x0000000000000000)
 - local interfaces:  Array<T>(0x0000020f96000058)
 - trans. interfaces: Array<T>(0x0000020f99cf2ca8)
 - constants:         constant pool [276]/operands[5] {0x0000020fa30f0008} for 'org/springframework/security/web/servletapi/HttpServlet3RequestFactory$Servlet3SecurityContextHolderAwareRequestWrapper' cache=0x0000020fa30f1fd0
 - class loader data:  loader data: 0x0000020f9547dc00 for instance a 'jdk/internal/loader/ClassLoaders$AppClassLoader'{0x0000000704f77c78}
 - source file:       'HttpServlet3RequestFactory.java'
 - class annotations:       Array<T>(0x0000000000000000)
 - class type annotations:  Array<T>(0x0000000000000000)
 - field annotations:       Array<T>(0x0000000000000000)
 - field type annotations:  Array<T>(0x0000000000000000)
 - inner classes:     Array<T>(0x0000020fa30f1280)
 - nest members:     Array<T>(0x0000020f96000028)
 - permitted subclasses:     Array<T>(0x0000020f96000028)
 - java mirror:       a 'java/lang/Class'{0x0000000708169e90} = 'org/springframework/security/web/servletapi/HttpServlet3RequestFactory$Servlet3SecurityContextHolderAwareRequestWrapper'
 - vtable length      84  (start addr: 0x00000008009a1cf0)
 - itable length      119 (start addr: 0x00000008009a1f90)
 - ---- static fields (0 words):
 - ---- non-static fields (6 words):
 - private 'request' 'Ljakarta/servlet/ServletRequest;' @12 
 - private 'securityContextHolderStrategy' 'Lorg/springframework/security/core/context/SecurityContextHolderStrategy;' @16 
 - private final 'trustResolver' 'Lorg/springframework/security/authentication/AuthenticationTrustResolver;' @20 
 - private final 'rolePrefix' 'Ljava/lang/String;' @24 
 - private final 'response' 'Ljakarta/servlet/http/HttpServletResponse;' @28 
 - final synthetic 'this$0' 'Lorg/springframework/security/web/servletapi/HttpServlet3RequestFactory;' @32 
 - non-static oop maps: 12-32 
R14=0x00000008f48205e0 is an unknown value
R15=0x0000005965bf9490 is pointing into the stack for thread: 0x0000020f9aac6df0


Registers:
RAX=0x0000000000000034, RBX=0x0000020f9aac6df0, RCX=0x00000008f48205e0, RDX=0x0000000000000034
RSP=0x0000005965bf9298, RBP=0x0000005965bf9300, RSI=0x0000005965bf9368, RDI=0x0000000000000034
R8 =0x00000008009a1b28, R9 =0x0000020f9b197d20, R10=0x0000020f9d7329e0, R11=0x0000020fa30f17e0
R12=0x0000000000000000, R13=0x00000008009a1b28, R14=0x00000008f48205e0, R15=0x0000005965bf9490
RIP=0x00007ffb7dbae8a3, EFLAGS=0x0000000000010217

Top of Stack: (sp=0x0000005965bf9298)
0x0000005965bf9298:   00007ffb7dbd22ef 0000000000000000
0x0000005965bf92a8:   0000000000000000 0000020fa30f0000
0x0000005965bf92b8:   0000020f9aac6df0 0000005965bf9378
0x0000005965bf92c8:   00007ffb7dbcd46b 00004935c5380c5b
0x0000005965bf92d8:   0000000000000000 0000000000000000
0x0000005965bf92e8:   0000005965bf9490 0000000000000000
0x0000005965bf92f8:   0000000000000000 0000020fa30f11e9
0x0000005965bf9308:   0000020fa30f11e9 0000005965bf9369
0x0000005965bf9318:   00007ffb7dbd03e8 0000020f9b197d20
0x0000005965bf9328:   00000008f48205e0 0000005965bf9490
0x0000005965bf9338:   0000020f9aac6df0 00000008f48205e0
0x0000005965bf9348:   0000000300000001 0000020f9aac6df0
0x0000005965bf9358:   0000000000000000 0000020fa30f17e0
0x0000005965bf9368:   0000020fa30f17e0 0000020f9aac6df0
0x0000005965bf9378:   0000020f9a5ccd70 0000020f9a9a6a20
0x0000005965bf9388:   00000008009a1b28 00000008009a1b28 

Instructions: (pc=0x00007ffb7dbae8a3)
0x00007ffb7dbae7a3:   8d 8e 88 00 00 00 c7 40 08 02 00 00 00 48 89 48
0x00007ffb7dbae7b3:   20 c6 40 0c 00 48 89 58 10 48 89 58 18 4c 89 38
0x00007ffb7dbae7c3:   eb 03 48 8b c3 48 8b d0 49 8b ce e8 9d 1c 0e 00
0x00007ffb7dbae7d3:   45 33 c0 41 8d 50 17 8d 4a 11 e8 0e 81 b6 ff 48
0x00007ffb7dbae7e3:   85 c0 74 23 48 8d 8e 90 00 00 00 c7 40 08 02 00
0x00007ffb7dbae7f3:   00 00 48 89 48 20 c6 40 0c 00 48 89 58 10 48 89
0x00007ffb7dbae803:   58 18 4c 89 38 eb 03 48 8b c3 48 8b d0 49 8b ce
0x00007ffb7dbae813:   e8 58 1c 0e 00 83 be a0 00 00 00 00 8b fb 4c 8b
0x00007ffb7dbae823:   7c 24 48 7e 5b 48 8d 2d e9 6b 42 00 90 45 33 c0
0x00007ffb7dbae833:   41 8d 50 17 8d 4a 11 e8 b1 80 b6 ff 48 85 c0 74
0x00007ffb7dbae843:   27 48 63 d7 48 83 c2 39 c7 40 08 02 00 00 00 c6
0x00007ffb7dbae853:   40 0c 00 48 89 58 10 48 89 58 18 48 8d 14 d6 48
0x00007ffb7dbae863:   89 28 48 89 50 20 eb 03 48 8b c3 48 8b d0 49 8b
0x00007ffb7dbae873:   ce e8 f7 1b 0e 00 ff c7 3b be a0 00 00 00 7c ad
0x00007ffb7dbae883:   48 8b 5c 24 50 48 8b 6c 24 58 48 83 c4 20 41 5e
0x00007ffb7dbae893:   5f 5e c3 cc cc cc cc cc cc cc cc cc cc 48 63 c2
0x00007ffb7dbae8a3:   48 8b 84 c1 c8 01 00 00 c3 cc cc cc cc 48 89 5c
0x00007ffb7dbae8b3:   24 08 48 89 6c 24 10 48 89 74 24 18 57 41 54 41
0x00007ffb7dbae8c3:   55 41 56 41 57 48 83 ec 20 48 8b 99 88 00 00 00
0x00007ffb7dbae8d3:   44 0f b6 e2 48 85 db 0f 84 32 01 00 00 8b 0d d2
0x00007ffb7dbae8e3:   f1 66 00 65 48 8b 04 25 58 00 00 00 be 50 00 00
0x00007ffb7dbae8f3:   00 bd 20 00 00 00 4c 8d 2c c8 0f 1f 00 48 8b 8b
0x00007ffb7dbae903:   98 00 00 00 e8 84 74 cb ff 84 c0 0f 85 1d 01 00
0x00007ffb7dbae913:   00 45 84 e4 0f 84 e5 00 00 00 48 8b 15 fc 0c 63
0x00007ffb7dbae923:   00 48 85 d2 0f 84 d5 00 00 00 49 8b 7d 00 8b c6
0x00007ffb7dbae933:   80 3c 38 00 75 0c e8 1a 22 35 00 48 8b 15 db 0c
0x00007ffb7dbae943:   63 00 8b c5 48 8b 0c 38 48 8b b9 38 02 00 00 48
0x00007ffb7dbae953:   8b 77 10 48 8b 6f 18 4c 8b 77 20 4c 8b 7f 28 48
0x00007ffb7dbae963:   85 d2 74 6c 8b 43 08 85 c0 7e 18 8b 83 a4 00 00
0x00007ffb7dbae973:   00 c1 e8 1a a8 01 74 32 48 8b 4b 18 e8 dc f3 ff
0x00007ffb7dbae983:   ff eb 3e 3d 00 00 00 c0 7d 20 48 8b 83 e8 00 00
0x00007ffb7dbae993:   00 8b 88 a4 00 00 00 c1 e9 1a f6 c1 01 74 0b 48 


Stack slot to memory mapping:
stack at sp + 0 slots: 0x00007ffb7dbd22ef jvm.dll
stack at sp + 1 slots: 0x0 is NULL
stack at sp + 2 slots: 0x0 is NULL
stack at sp + 3 slots: 0x0000020fa30f0000 is pointing into metadata
stack at sp + 4 slots: 0x0000020f9aac6df0 is a thread
stack at sp + 5 slots: 0x0000005965bf9378 is pointing into the stack for thread: 0x0000020f9aac6df0
stack at sp + 6 slots: 0x00007ffb7dbcd46b jvm.dll
stack at sp + 7 slots: 0x00004935c5380c5b is an unknown value


---------------  P R O C E S S  ---------------

Threads class SMR info:
_java_thread_list=0x0000020fa1ce7de0, length=30, elements={
0x0000020f9535eac0, 0x0000020f9538e3f0, 0x0000020f953b3290, 0x0000020f953b45d0,
0x0000020f953b5f20, 0x0000020f953bc770, 0x0000020f953c8040, 0x0000020f953c91e0,
0x0000020f953daf50, 0x0000020f95548fa0, 0x0000020f95568bb0, 0x0000020f9b0d43b0,
0x0000020f9b0d3480, 0x0000020f9b0d52e0, 0x0000020f9b0d57f0, 0x0000020f9b0d3990,
0x0000020f9aac4060, 0x0000020f9aac7300, 0x0000020f9aac4f90, 0x0000020f9aac54a0,
0x0000020f9aac63d0, 0x0000020f9aac6df0, 0x0000020f9aac7810, 0x0000020f9aac4570,
0x0000020f9aac4a80, 0x0000020f9aac59b0, 0x0000020f9aac5ec0, 0x0000020fa0efa510,
0x0000020fa0ef5410, 0x0000020f9aff4600
}

Java Threads: ( => current thread )
  0x0000020f9535eac0 JavaThread "Reference Handler" daemon [_thread_blocked, id=4200, stack(0x0000005963f00000,0x0000005964000000)]
  0x0000020f9538e3f0 JavaThread "Finalizer" daemon [_thread_blocked, id=16104, stack(0x0000005964000000,0x0000005964100000)]
  0x0000020f953b3290 JavaThread "Signal Dispatcher" daemon [_thread_blocked, id=8456, stack(0x0000005964100000,0x0000005964200000)]
  0x0000020f953b45d0 JavaThread "Attach Listener" daemon [_thread_blocked, id=20596, stack(0x0000005964200000,0x0000005964300000)]
  0x0000020f953b5f20 JavaThread "Service Thread" daemon [_thread_blocked, id=4216, stack(0x0000005964300000,0x0000005964400000)]
  0x0000020f953bc770 JavaThread "Monitor Deflation Thread" daemon [_thread_blocked, id=20744, stack(0x0000005964400000,0x0000005964500000)]
  0x0000020f953c8040 JavaThread "C2 CompilerThread0" daemon [_thread_in_native, id=14964, stack(0x0000005964500000,0x0000005964600000)]
  0x0000020f953c91e0 JavaThread "C1 CompilerThread0" daemon [_thread_blocked, id=10720, stack(0x0000005964600000,0x0000005964700000)]
  0x0000020f953daf50 JavaThread "Sweeper thread" daemon [_thread_blocked, id=6224, stack(0x0000005964700000,0x0000005964800000)]
  0x0000020f95548fa0 JavaThread "Notification Thread" daemon [_thread_blocked, id=15652, stack(0x0000005964800000,0x0000005964900000)]
  0x0000020f95568bb0 JavaThread "Common-Cleaner" daemon [_thread_blocked, id=20532, stack(0x0000005964a00000,0x0000005964b00000)]
  0x0000020f9b0d43b0 JavaThread "Catalina-utility-1" [_thread_blocked, id=17208, stack(0x0000005964f00000,0x0000005965000000)]
  0x0000020f9b0d3480 JavaThread "Catalina-utility-2" [_thread_blocked, id=13036, stack(0x0000005965000000,0x0000005965100000)]
  0x0000020f9b0d52e0 JavaThread "container-0" [_thread_blocked, id=21436, stack(0x0000005965100000,0x0000005965200000)]
  0x0000020f9b0d57f0 JavaThread "mssql-jdbc-shared-timer-core-0" daemon [_thread_blocked, id=6736, stack(0x0000005965300000,0x0000005965400000)]
  0x0000020f9b0d3990 JavaThread "HikariPool-1 housekeeper" daemon [_thread_blocked, id=10320, stack(0x0000005965400000,0x0000005965500000)]
  0x0000020f9aac4060 JavaThread "http-nio-8080-exec-1" daemon [_thread_blocked, id=13608, stack(0x0000005965600000,0x0000005965700000)]
  0x0000020f9aac7300 JavaThread "http-nio-8080-exec-2" daemon [_thread_blocked, id=11960, stack(0x0000005965700000,0x0000005965800000)]
  0x0000020f9aac4f90 JavaThread "http-nio-8080-exec-3" daemon [_thread_blocked, id=11164, stack(0x0000005965800000,0x0000005965900000)]
  0x0000020f9aac54a0 JavaThread "http-nio-8080-exec-4" daemon [_thread_blocked, id=14600, stack(0x0000005965900000,0x0000005965a00000)]
  0x0000020f9aac63d0 JavaThread "http-nio-8080-exec-5" daemon [_thread_blocked, id=15828, stack(0x0000005965a00000,0x0000005965b00000)]
=>0x0000020f9aac6df0 JavaThread "http-nio-8080-exec-6" daemon [_thread_in_vm, id=12264, stack(0x0000005965b00000,0x0000005965c00000)]
  0x0000020f9aac7810 JavaThread "http-nio-8080-exec-7" daemon [_thread_blocked, id=17224, stack(0x0000005965c00000,0x0000005965d00000)]
  0x0000020f9aac4570 JavaThread "http-nio-8080-exec-8" daemon [_thread_blocked, id=1548, stack(0x0000005965d00000,0x0000005965e00000)]
  0x0000020f9aac4a80 JavaThread "http-nio-8080-exec-9" daemon [_thread_blocked, id=2708, stack(0x0000005965e00000,0x0000005965f00000)]
  0x0000020f9aac59b0 JavaThread "http-nio-8080-exec-10" daemon [_thread_blocked, id=8944, stack(0x0000005965f00000,0x0000005966000000)]
  0x0000020f9aac5ec0 JavaThread "http-nio-8080-Poller" daemon [_thread_in_native, id=15752, stack(0x0000005966000000,0x0000005966100000)]
  0x0000020fa0efa510 JavaThread "http-nio-8080-Acceptor" daemon [_thread_in_native, id=20488, stack(0x0000005966100000,0x0000005966200000)]
  0x0000020fa0ef5410 JavaThread "DestroyJavaVM" [_thread_blocked, id=20028, stack(0x0000005963800000,0x0000005963900000)]
  0x0000020f9aff4600 JavaThread "C2 CompilerThread1" daemon [_thread_blocked, id=4408, stack(0x0000005964b00000,0x0000005964c00000)]

Other Threads:
  0x0000020f930ce2b0 VMThread "VM Thread" [stack: 0x0000005963e00000,0x0000005963f00000] [id=20060]
  0x0000020f9554f4a0 WatcherThread [stack: 0x0000005964900000,0x0000005964a00000] [id=18088]
  0x0000020ff725e480 GCTaskThread "GC Thread#0" [stack: 0x0000005963900000,0x0000005963a00000] [id=16700]
  0x0000020f95584100 GCTaskThread "GC Thread#1" [stack: 0x0000005964c00000,0x0000005964d00000] [id=11968]
  0x0000020f95583340 GCTaskThread "GC Thread#2" [stack: 0x0000005964d00000,0x0000005964e00000] [id=996]
  0x0000020f955843c0 GCTaskThread "GC Thread#3" [stack: 0x0000005964e00000,0x0000005964f00000] [id=3624]
  0x0000020f92ee0e30 ConcurrentGCThread "G1 Main Marker" [stack: 0x0000005963a00000,0x0000005963b00000] [id=16300]
  0x0000020f92ee2240 ConcurrentGCThread "G1 Conc#0" [stack: 0x0000005963b00000,0x0000005963c00000] [id=3784]
  0x0000020f92f870f0 ConcurrentGCThread "G1 Refine#0" [stack: 0x0000005963c00000,0x0000005963d00000] [id=4048]
  0x0000020f92f88610 ConcurrentGCThread "G1 Service" [stack: 0x0000005963d00000,0x0000005963e00000] [id=11848]

Threads with active compile tasks:
C2 CompilerThread0    33619 6883       4       org.eclipse.jdt.internal.compiler.lookup.BinaryTypeBinding::createMethod (1719 bytes)

VM state: not at safepoint (normal execution)

VM Mutex/Monitor currently owned by a thread: None

Heap address: 0x0000000704c00000, size: 4020 MB, Compressed Oops mode: Zero based, Oop shift amount: 3

CDS archive(s) not mapped
Compressed class space mapped at: 0x0000000800000000-0x0000000840000000, reserved size: 1073741824
Narrow klass base: 0x0000000800000000, Narrow klass shift: 0, Narrow klass range: 0x40000000

GC Precious Log:
 CPUs: 4 total, 4 available
 Memory: 16079M
 Large Page Support: Disabled
 NUMA Support: Disabled
 Compressed Oops: Enabled (Zero based)
 Heap Region Size: 2M
 Heap Min Capacity: 8M
 Heap Initial Capacity: 252M
 Heap Max Capacity: 4020M
 Pre-touch: Disabled
 Parallel Workers: 4
 Concurrent Workers: 1
 Concurrent Refinement Workers: 4
 Periodic GC: Disabled

Heap:
 garbage-first heap   total 90112K, used 43904K [0x0000000704c00000, 0x0000000800000000)
  region size 2048K, 9 young (18432K), 3 survivors (6144K)
 Metaspace       used 87316K, committed 88000K, reserved 1179648K
  class space    used 10799K, committed 11136K, reserved 1048576K

Heap Regions: E=young(eden), S=young(survivor), O=old, HS=humongous(starts), HC=humongous(continues), CS=collection set, F=free, OA=open archive, CA=closed archive, TAMS=top-at-mark-start (previous, next)
|   0|0x0000000704c00000, 0x0000000704e00000, 0x0000000704e00000|100%| O|  |TAMS 0x0000000704e00000, 0x0000000704c00000| Untracked 
|   1|0x0000000704e00000, 0x0000000705000000, 0x0000000705000000|100%| O|  |TAMS 0x0000000705000000, 0x0000000704e00000| Untracked 
|   2|0x0000000705000000, 0x0000000705200000, 0x0000000705200000|100%| O|  |TAMS 0x0000000705200000, 0x0000000705000000| Untracked 
|   3|0x0000000705200000, 0x0000000705400000, 0x0000000705400000|100%| O|  |TAMS 0x0000000705400000, 0x0000000705200000| Untracked 
|   4|0x0000000705400000, 0x0000000705600000, 0x0000000705600000|100%| O|  |TAMS 0x0000000705600000, 0x0000000705400000| Untracked 
|   5|0x0000000705600000, 0x0000000705800000, 0x0000000705800000|100%| O|  |TAMS 0x0000000705800000, 0x0000000705600000| Untracked 
|   6|0x0000000705800000, 0x0000000705a00000, 0x0000000705a00000|100%| O|  |TAMS 0x0000000705a00000, 0x0000000705800000| Untracked 
|   7|0x0000000705a00000, 0x0000000705c00000, 0x0000000705c00000|100%| O|  |TAMS 0x0000000705c00000, 0x0000000705a00000| Untracked 
|   8|0x0000000705c00000, 0x0000000705e00000, 0x0000000705e00000|100%| O|  |TAMS 0x0000000705c00000, 0x0000000705c00000| Untracked 
|   9|0x0000000705e00000, 0x0000000706000000, 0x0000000706000000|100%| O|  |TAMS 0x0000000705e00000, 0x0000000705e00000| Untracked 
|  10|0x0000000706000000, 0x0000000706200000, 0x0000000706200000|100%| O|  |TAMS 0x0000000706000000, 0x0000000706000000| Untracked 
|  11|0x0000000706200000, 0x00000007062b9600, 0x0000000706400000| 36%| O|  |TAMS 0x0000000706200000, 0x0000000706200000| Untracked 
|  12|0x0000000706400000, 0x0000000706400000, 0x0000000706600000|  0%| F|  |TAMS 0x0000000706400000, 0x0000000706400000| Untracked 
|  13|0x0000000706600000, 0x0000000706600000, 0x0000000706800000|  0%| F|  |TAMS 0x0000000706600000, 0x0000000706600000| Untracked 
|  14|0x0000000706800000, 0x0000000706800000, 0x0000000706a00000|  0%| F|  |TAMS 0x0000000706800000, 0x0000000706800000| Untracked 
|  15|0x0000000706a00000, 0x0000000706a00000, 0x0000000706c00000|  0%| F|  |TAMS 0x0000000706a00000, 0x0000000706a00000| Untracked 
|  16|0x0000000706c00000, 0x0000000706e00000, 0x0000000706e00000|100%| O|  |TAMS 0x0000000706c00000, 0x0000000706c00000| Untracked 
|  17|0x0000000706e00000, 0x0000000707000000, 0x0000000707000000|100%| O|  |TAMS 0x0000000706e00000, 0x0000000706e00000| Untracked 
|  18|0x0000000707000000, 0x0000000707200000, 0x0000000707200000|100%| O|  |TAMS 0x0000000707000000, 0x0000000707000000| Untracked 
|  19|0x0000000707200000, 0x0000000707200000, 0x0000000707400000|  0%| F|  |TAMS 0x0000000707200000, 0x0000000707200000| Untracked 
|  20|0x0000000707400000, 0x0000000707400000, 0x0000000707600000|  0%| F|  |TAMS 0x0000000707400000, 0x0000000707400000| Untracked 
|  21|0x0000000707600000, 0x0000000707600000, 0x0000000707800000|  0%| F|  |TAMS 0x0000000707600000, 0x0000000707600000| Untracked 
|  22|0x0000000707800000, 0x0000000707826be0, 0x0000000707a00000|  7%| S|CS|TAMS 0x0000000707800000, 0x0000000707800000| Complete 
|  23|0x0000000707a00000, 0x0000000707a00000, 0x0000000707c00000|  0%| F|  |TAMS 0x0000000707a00000, 0x0000000707a00000| Untracked 
|  24|0x0000000707c00000, 0x0000000707c00000, 0x0000000707e00000|  0%| F|  |TAMS 0x0000000707c00000, 0x0000000707c00000| Untracked 
|  25|0x0000000707e00000, 0x0000000708000000, 0x0000000708000000|100%| S|CS|TAMS 0x0000000707e00000, 0x0000000707e00000| Complete 
|  26|0x0000000708000000, 0x0000000708200000, 0x0000000708200000|100%| S|CS|TAMS 0x0000000708000000, 0x0000000708000000| Complete 
|  27|0x0000000708200000, 0x0000000708200000, 0x0000000708400000|  0%| F|  |TAMS 0x0000000708200000, 0x0000000708200000| Untracked 
|  28|0x0000000708400000, 0x0000000708400000, 0x0000000708600000|  0%| F|  |TAMS 0x0000000708400000, 0x0000000708400000| Untracked 
|  29|0x0000000708600000, 0x0000000708600000, 0x0000000708800000|  0%| F|  |TAMS 0x0000000708600000, 0x0000000708600000| Untracked 
|  30|0x0000000708800000, 0x0000000708800000, 0x0000000708a00000|  0%| F|  |TAMS 0x0000000708800000, 0x0000000708800000| Untracked 
|  31|0x0000000708a00000, 0x0000000708a00000, 0x0000000708c00000|  0%| F|  |TAMS 0x0000000708a00000, 0x0000000708a00000| Untracked 
|  32|0x0000000708c00000, 0x0000000708c00000, 0x0000000708e00000|  0%| F|  |TAMS 0x0000000708c00000, 0x0000000708c00000| Untracked 
|  33|0x0000000708e00000, 0x0000000708e00000, 0x0000000709000000|  0%| F|  |TAMS 0x0000000708e00000, 0x0000000708e00000| Untracked 
|  34|0x0000000709000000, 0x0000000709000000, 0x0000000709200000|  0%| F|  |TAMS 0x0000000709000000, 0x0000000709000000| Untracked 
|  35|0x0000000709200000, 0x0000000709200000, 0x0000000709400000|  0%| F|  |TAMS 0x0000000709200000, 0x0000000709200000| Untracked 
|  36|0x0000000709400000, 0x0000000709400000, 0x0000000709600000|  0%| F|  |TAMS 0x0000000709400000, 0x0000000709400000| Untracked 
|  37|0x0000000709600000, 0x0000000709600000, 0x0000000709800000|  0%| F|  |TAMS 0x0000000709600000, 0x0000000709600000| Untracked 
|  38|0x0000000709800000, 0x0000000709934318, 0x0000000709a00000| 60%| E|  |TAMS 0x0000000709800000, 0x0000000709800000| Complete 
|  39|0x0000000709a00000, 0x0000000709c00000, 0x0000000709c00000|100%| E|CS|TAMS 0x0000000709a00000, 0x0000000709a00000| Complete 
|  66|0x000000070d000000, 0x000000070d200000, 0x000000070d200000|100%| E|CS|TAMS 0x000000070d000000, 0x000000070d000000| Complete 
|  67|0x000000070d200000, 0x000000070d400000, 0x000000070d400000|100%| E|CS|TAMS 0x000000070d200000, 0x000000070d200000| Complete 
|  68|0x000000070d400000, 0x000000070d600000, 0x000000070d600000|100%| E|CS|TAMS 0x000000070d400000, 0x000000070d400000| Complete 
| 125|0x0000000714600000, 0x0000000714800000, 0x0000000714800000|100%| E|CS|TAMS 0x0000000714600000, 0x0000000714600000| Complete 

Card table byte_map: [0x0000020ffb040000,0x0000020ffb820000] _byte_map_base: 0x0000020ff781a000

Marking Bits (Prev, Next): (CMBitMap*) 0x0000020f92ed0c40, (CMBitMap*) 0x0000020f92ed0c00
 Prev Bits: [0x0000020f8f000000, 0x0000020f92ed0000)
 Next Bits: [0x0000020ffc000000, 0x0000020fffed0000)

Polling page: 0x0000020ff5100000

Metaspace:

Usage:
  Non-class:     74.72 MB used.
      Class:     10.55 MB used.
       Both:     85.27 MB used.

Virtual space:
  Non-class space:      128.00 MB reserved,      75.06 MB ( 59%) committed,  2 nodes.
      Class space:        1.00 GB reserved,      10.88 MB (  1%) committed,  1 nodes.
             Both:        1.12 GB reserved,      85.94 MB (  7%) committed. 

Chunk freelists:
   Non-Class:  4.98 MB
       Class:  4.99 MB
        Both:  9.97 MB

MaxMetaspaceSize: unlimited
CompressedClassSpaceSize: 1.00 GB
Initial GC threshold: 21.00 MB
Current GC threshold: 98.56 MB
CDS: off
MetaspaceReclaimPolicy: balanced
 - commit_granule_bytes: 65536.
 - commit_granule_words: 8192.
 - virtual_space_node_default_size: 8388608.
 - enlarge_chunks_in_place: 1.
 - new_chunks_are_fully_committed: 0.
 - uncommit_free_chunks: 1.
 - use_allocation_guard: 0.
 - handle_deallocations: 1.


Internal statistics:

num_allocs_failed_limit: 11.
num_arena_births: 860.
num_arena_deaths: 0.
num_vsnodes_births: 3.
num_vsnodes_deaths: 0.
num_space_committed: 1375.
num_space_uncommitted: 0.
num_chunks_returned_to_freelist: 11.
num_chunks_taken_from_freelist: 3513.
num_chunk_merges: 5.
num_chunk_splits: 2579.
num_chunks_enlarged: 2051.
num_inconsistent_stats: 0.

CodeHeap 'non-profiled nmethods': size=120000Kb used=4960Kb max_used=4960Kb free=115039Kb
 bounds [0x0000020f87ad0000, 0x0000020f87fb0000, 0x0000020f8f000000]
CodeHeap 'profiled nmethods': size=120000Kb used=13585Kb max_used=13585Kb free=106414Kb
 bounds [0x0000020f80000000, 0x0000020f80d50000, 0x0000020f87530000]
CodeHeap 'non-nmethods': size=5760Kb used=1401Kb max_used=1474Kb free=4358Kb
 bounds [0x0000020f87530000, 0x0000020f877a0000, 0x0000020f87ad0000]
 total_blobs=7052 nmethods=6311 adapters=653
 compilation: enabled
              stopped_count=0, restarted_count=0
 full_count=0

Compilation events (20 events):
Event: 33.298 Thread 0x0000020f953c91e0 nmethod 7014 0x0000020f87fa5210 code [0x0000020f87fa53a0, 0x0000020f87fa5478]
Event: 33.303 Thread 0x0000020f953c91e0 7030       3       org.apache.jasper.compiler.SmapUtil$SDEInstaller::writeU2 (18 bytes)
Event: 33.303 Thread 0x0000020f9aff4600 7033       4       org.apache.jasper.compiler.SmapUtil$SDEInstaller::writeU1 (19 bytes)
Event: 33.303 Thread 0x0000020f953c91e0 nmethod 7030 0x0000020f80d41810 code [0x0000020f80d419c0, 0x0000020f80d41b78]
Event: 33.303 Thread 0x0000020f953c91e0 7031       3       java.nio.charset.Charset::lookup (44 bytes)
Event: 33.303 Thread 0x0000020f953c91e0 nmethod 7031 0x0000020f80d41c90 code [0x0000020f80d41e80, 0x0000020f80d422e8]
Event: 33.303 Thread 0x0000020f953c91e0 7032       3       org.apache.jasper.compiler.SmapUtil$SDEInstaller::readU2 (15 bytes)
Event: 33.304 Thread 0x0000020f953c91e0 nmethod 7032 0x0000020f80d42490 code [0x0000020f80d42640, 0x0000020f80d427d8]
Event: 33.304 Thread 0x0000020f953c91e0 7035       3       java.nio.charset.Charset::forName (20 bytes)
Event: 33.304 Thread 0x0000020f953c91e0 nmethod 7035 0x0000020f80d42890 code [0x0000020f80d42a40, 0x0000020f80d42c58]
Event: 33.304 Thread 0x0000020f953c91e0 7036       3       java.lang.String::<init> (10 bytes)
Event: 33.304 Thread 0x0000020f9aff4600 nmethod 7033 0x0000020f87fa5510 code [0x0000020f87fa5680, 0x0000020f87fa5758]
Event: 33.304 Thread 0x0000020f9aff4600 7034       4       org.apache.jasper.compiler.SmapUtil$SDEInstaller::readU1 (21 bytes)
Event: 33.304 Thread 0x0000020f953c91e0 nmethod 7036 0x0000020f80d42d10 code [0x0000020f80d42ec0, 0x0000020f80d43028]
Event: 33.304 Thread 0x0000020f953c91e0 7037       3       java.lang.String::<init> (13 bytes)
Event: 33.304 Thread 0x0000020f953c91e0 nmethod 7037 0x0000020f80d43110 code [0x0000020f80d43320, 0x0000020f80d438c8]
Event: 33.305 Thread 0x0000020f953c91e0 7038   !   3       java.lang.String::lookupCharset (20 bytes)
Event: 33.305 Thread 0x0000020f9aff4600 nmethod 7034 0x0000020f87fa5810 code [0x0000020f87fa5980, 0x0000020f87fa5a58]
Event: 33.305 Thread 0x0000020f953c91e0 nmethod 7038 0x0000020f80d43c10 code [0x0000020f80d43e00, 0x0000020f80d442b8]
Event: 33.308 Thread 0x0000020f9aff4600 7039  s!   4       jdk.internal.loader.URLClassPath::getLoader (194 bytes)

GC Heap History (20 events):
Event: 6.761 GC heap before
{Heap before GC invocations=11 (full 0):
 garbage-first heap   total 40960K, used 24241K [0x0000000704c00000, 0x0000000800000000)
  region size 2048K, 7 young (14336K), 2 survivors (4096K)
 Metaspace       used 35618K, committed 35968K, reserved 1114112K
  class space    used 4162K, committed 4352K, reserved 1048576K
}
Event: 6.773 GC heap after
{Heap after GC invocations=12 (full 0):
 garbage-first heap   total 40960K, used 17004K [0x0000000704c00000, 0x0000000800000000)
  region size 2048K, 1 young (2048K), 1 survivors (2048K)
 Metaspace       used 35618K, committed 35968K, reserved 1114112K
  class space    used 4162K, committed 4352K, reserved 1048576K
}
Event: 7.177 GC heap before
{Heap before GC invocations=13 (full 0):
 garbage-first heap   total 40960K, used 29292K [0x0000000704c00000, 0x0000000800000000)
  region size 2048K, 7 young (14336K), 1 survivors (2048K)
 Metaspace       used 37967K, committed 38464K, reserved 1114112K
  class space    used 4422K, committed 4672K, reserved 1048576K
}
Event: 7.184 GC heap after
{Heap after GC invocations=14 (full 0):
 garbage-first heap   total 40960K, used 18038K [0x0000000704c00000, 0x0000000800000000)
  region size 2048K, 1 young (2048K), 1 survivors (2048K)
 Metaspace       used 37967K, committed 38464K, reserved 1114112K
  class space    used 4422K, committed 4672K, reserved 1048576K
}
Event: 7.258 GC heap before
{Heap before GC invocations=14 (full 0):
 garbage-first heap   total 40960K, used 20086K [0x0000000704c00000, 0x0000000800000000)
  region size 2048K, 2 young (4096K), 1 survivors (2048K)
 Metaspace       used 38018K, committed 38528K, reserved 1114112K
  class space    used 4422K, committed 4672K, reserved 1048576K
}
Event: 7.267 GC heap after
{Heap after GC invocations=15 (full 0):
 garbage-first heap   total 149504K, used 17732K [0x0000000704c00000, 0x0000000800000000)
  region size 2048K, 1 young (2048K), 1 survivors (2048K)
 Metaspace       used 38018K, committed 38528K, reserved 1114112K
  class space    used 4422K, committed 4672K, reserved 1048576K
}
Event: 10.239 GC heap before
{Heap before GC invocations=15 (full 0):
 garbage-first heap   total 149504K, used 99652K [0x0000000704c00000, 0x0000000800000000)
  region size 2048K, 41 young (83968K), 1 survivors (2048K)
 Metaspace       used 57287K, committed 57792K, reserved 1114112K
  class space    used 6923K, committed 7168K, reserved 1048576K
}
Event: 10.247 GC heap after
{Heap after GC invocations=16 (full 0):
 garbage-first heap   total 149504K, used 23080K [0x0000000704c00000, 0x0000000800000000)
  region size 2048K, 3 young (6144K), 3 survivors (6144K)
 Metaspace       used 57287K, committed 57792K, reserved 1114112K
  class space    used 6923K, committed 7168K, reserved 1048576K
}
Event: 10.478 GC heap before
{Heap before GC invocations=16 (full 0):
 garbage-first heap   total 149504K, used 29224K [0x0000000704c00000, 0x0000000800000000)
  region size 2048K, 7 young (14336K), 3 survivors (6144K)
 Metaspace       used 59805K, committed 60288K, reserved 1114112K
  class space    used 7324K, committed 7552K, reserved 1048576K
}
Event: 10.485 GC heap after
{Heap after GC invocations=17 (full 0):
 garbage-first heap   total 149504K, used 23513K [0x0000000704c00000, 0x0000000800000000)
  region size 2048K, 3 young (6144K), 3 survivors (6144K)
 Metaspace       used 59805K, committed 60288K, reserved 1114112K
  class space    used 7324K, committed 7552K, reserved 1048576K
}
Event: 12.110 GC heap before
{Heap before GC invocations=18 (full 0):
 garbage-first heap   total 90112K, used 72665K [0x0000000704c00000, 0x0000000800000000)
  region size 2048K, 28 young (57344K), 3 survivors (6144K)
 Metaspace       used 68253K, committed 68736K, reserved 1114112K
  class space    used 8639K, committed 8832K, reserved 1048576K
}
Event: 12.121 GC heap after
{Heap after GC invocations=19 (full 0):
 garbage-first heap   total 90112K, used 26609K [0x0000000704c00000, 0x0000000800000000)
  region size 2048K, 5 young (10240K), 5 survivors (10240K)
 Metaspace       used 68253K, committed 68736K, reserved 1114112K
  class space    used 8639K, committed 8832K, reserved 1048576K
}
Event: 12.201 GC heap before
{Heap before GC invocations=19 (full 0):
 garbage-first heap   total 90112K, used 28657K [0x0000000704c00000, 0x0000000800000000)
  region size 2048K, 6 young (12288K), 5 survivors (10240K)
 Metaspace       used 68647K, committed 69120K, reserved 1114112K
  class space    used 8698K, committed 8896K, reserved 1048576K
}
Event: 12.214 GC heap after
{Heap after GC invocations=20 (full 0):
 garbage-first heap   total 90112K, used 26834K [0x0000000704c00000, 0x0000000800000000)
  region size 2048K, 1 young (2048K), 1 survivors (2048K)
 Metaspace       used 68647K, committed 69120K, reserved 1114112K
  class space    used 8698K, committed 8896K, reserved 1048576K
}
Event: 13.551 GC heap before
{Heap before GC invocations=20 (full 0):
 garbage-first heap   total 90112K, used 67794K [0x0000000704c00000, 0x0000000800000000)
  region size 2048K, 21 young (43008K), 1 survivors (2048K)
 Metaspace       used 73324K, committed 73920K, reserved 1114112K
  class space    used 9378K, committed 9664K, reserved 1048576K
}
Event: 13.557 GC heap after
{Heap after GC invocations=21 (full 0):
 garbage-first heap   total 90112K, used 29685K [0x0000000704c00000, 0x0000000800000000)
  region size 2048K, 2 young (4096K), 2 survivors (4096K)
 Metaspace       used 73324K, committed 73920K, reserved 1114112K
  class space    used 9378K, committed 9664K, reserved 1048576K
}
Event: 23.148 GC heap before
{Heap before GC invocations=21 (full 0):
 garbage-first heap   total 90112K, used 66549K [0x0000000704c00000, 0x0000000800000000)
  region size 2048K, 21 young (43008K), 2 survivors (4096K)
 Metaspace       used 79988K, committed 80576K, reserved 1179648K
  class space    used 10008K, committed 10304K, reserved 1048576K
}
Event: 23.159 GC heap after
{Heap after GC invocations=22 (full 0):
 garbage-first heap   total 90112K, used 32460K [0x0000000704c00000, 0x0000000800000000)
  region size 2048K, 2 young (4096K), 2 survivors (4096K)
 Metaspace       used 79988K, committed 80576K, reserved 1179648K
  class space    used 10008K, committed 10304K, reserved 1048576K
}
Event: 32.849 GC heap before
{Heap before GC invocations=22 (full 0):
 garbage-first heap   total 90112K, used 67276K [0x0000000704c00000, 0x0000000800000000)
  region size 2048K, 19 young (38912K), 2 survivors (4096K)
 Metaspace       used 86584K, committed 87168K, reserved 1179648K
  class space    used 10742K, committed 11008K, reserved 1048576K
}
Event: 32.856 GC heap after
{Heap after GC invocations=23 (full 0):
 garbage-first heap   total 90112K, used 33664K [0x0000000704c00000, 0x0000000800000000)
  region size 2048K, 3 young (6144K), 3 survivors (6144K)
 Metaspace       used 86584K, committed 87168K, reserved 1179648K
  class space    used 10742K, committed 11008K, reserved 1048576K
}

Dll operation events (9 events):
Event: 0.016 Loaded shared library C:\Users\JPiccione\.p2\pool\plugins\org.eclipse.justj.openjdk.hotspot.jre.full.win32.x86_64_17.0.8.v20230831-1047\jre\bin\java.dll
Event: 0.248 Loaded shared library C:\Users\JPiccione\.p2\pool\plugins\org.eclipse.justj.openjdk.hotspot.jre.full.win32.x86_64_17.0.8.v20230831-1047\jre\bin\jimage.dll
Event: 0.265 Loaded shared library C:\Users\JPiccione\.p2\pool\plugins\org.eclipse.justj.openjdk.hotspot.jre.full.win32.x86_64_17.0.8.v20230831-1047\jre\bin\net.dll
Event: 0.267 Loaded shared library C:\Users\JPiccione\.p2\pool\plugins\org.eclipse.justj.openjdk.hotspot.jre.full.win32.x86_64_17.0.8.v20230831-1047\jre\bin\nio.dll
Event: 0.274 Loaded shared library C:\Users\JPiccione\.p2\pool\plugins\org.eclipse.justj.openjdk.hotspot.jre.full.win32.x86_64_17.0.8.v20230831-1047\jre\bin\zip.dll
Event: 6.873 Loaded shared library C:\Users\JPiccione\.p2\pool\plugins\org.eclipse.justj.openjdk.hotspot.jre.full.win32.x86_64_17.0.8.v20230831-1047\jre\bin\sunmscapi.dll
Event: 6.887 Loaded shared library C:\Users\JPiccione\.p2\pool\plugins\org.eclipse.justj.openjdk.hotspot.jre.full.win32.x86_64_17.0.8.v20230831-1047\jre\bin\management.dll
Event: 6.891 Loaded shared library C:\Users\JPiccione\.p2\pool\plugins\org.eclipse.justj.openjdk.hotspot.jre.full.win32.x86_64_17.0.8.v20230831-1047\jre\bin\management_ext.dll
Event: 8.435 Loaded shared library C:\Users\JPiccione\.p2\pool\plugins\org.eclipse.justj.openjdk.hotspot.jre.full.win32.x86_64_17.0.8.v20230831-1047\jre\bin\verify.dll

Deoptimization events (20 events):
Event: 32.228 Thread 0x0000020f9aac63d0 DEOPT PACKING pc=0x0000020f80c0d812 sp=0x0000005965afcf30
Event: 32.228 Thread 0x0000020f9aac63d0 DEOPT UNPACKING pc=0x0000020f87587143 sp=0x0000005965afc410 mode 0
Event: 32.229 Thread 0x0000020f9aac63d0 DEOPT PACKING pc=0x0000020f80c0d812 sp=0x0000005965afcf30
Event: 32.229 Thread 0x0000020f9aac63d0 DEOPT UNPACKING pc=0x0000020f87587143 sp=0x0000005965afc410 mode 0
Event: 32.933 Thread 0x0000020f9aac6df0 Uncommon trap: trap_request=0xffffff45 fr.pc=0x0000020f87bd7dc8 relative=0x0000000000000048
Event: 32.933 Thread 0x0000020f9aac6df0 Uncommon trap: reason=unstable_if action=reinterpret pc=0x0000020f87bd7dc8 method=java.lang.StringConcatHelper.stringOf(Ljava/lang/Object;)Ljava/lang/String; @ 1 c2
Event: 32.933 Thread 0x0000020f9aac6df0 DEOPT PACKING pc=0x0000020f87bd7dc8 sp=0x0000005965bf9a00
Event: 32.933 Thread 0x0000020f9aac6df0 DEOPT UNPACKING pc=0x0000020f875869a3 sp=0x0000005965bf9990 mode 2
Event: 32.958 Thread 0x0000020f9aac6df0 Uncommon trap: trap_request=0xffffffde fr.pc=0x0000020f87b44dd8 relative=0x0000000000001358
Event: 32.958 Thread 0x0000020f9aac6df0 Uncommon trap: reason=class_check action=maybe_recompile pc=0x0000020f87b44dd8 method=jdk.internal.loader.URLClassPath.getLoader(I)Ljdk/internal/loader/URLClassPath$Loader; @ 88 c2
Event: 32.958 Thread 0x0000020f9aac6df0 DEOPT PACKING pc=0x0000020f87b44dd8 sp=0x0000005965bf9a20
Event: 32.958 Thread 0x0000020f9aac6df0 DEOPT UNPACKING pc=0x0000020f875869a3 sp=0x0000005965bf9a60 mode 2
Event: 33.222 Thread 0x0000020f9aac6df0 Uncommon trap: trap_request=0xffffff6e fr.pc=0x0000020f87f9b330 relative=0x00000000000001b0
Event: 33.222 Thread 0x0000020f9aac6df0 Uncommon trap: reason=loop_limit_check action=maybe_recompile pc=0x0000020f87f9b330 method=org.eclipse.jdt.internal.compiler.lookup.ReferenceBinding.compare([C[CII)I @ 46 c2
Event: 33.222 Thread 0x0000020f9aac6df0 DEOPT PACKING pc=0x0000020f87f9b330 sp=0x0000005965bf9720
Event: 33.222 Thread 0x0000020f9aac6df0 DEOPT UNPACKING pc=0x0000020f875869a3 sp=0x0000005965bf9690 mode 2
Event: 33.307 Thread 0x0000020f9aac6df0 Uncommon trap: trap_request=0xffffffde fr.pc=0x0000020f87b44dd8 relative=0x0000000000001358
Event: 33.307 Thread 0x0000020f9aac6df0 Uncommon trap: reason=class_check action=maybe_recompile pc=0x0000020f87b44dd8 method=jdk.internal.loader.URLClassPath.getLoader(I)Ljdk/internal/loader/URLClassPath$Loader; @ 88 c2
Event: 33.307 Thread 0x0000020f9aac6df0 DEOPT PACKING pc=0x0000020f87b44dd8 sp=0x0000005965bfa010
Event: 33.307 Thread 0x0000020f9aac6df0 DEOPT UNPACKING pc=0x0000020f875869a3 sp=0x0000005965bfa050 mode 2

Classes unloaded (0 events):
No events

Classes redefined (0 events):
No events

Internal exceptions (20 events):
Event: 13.618 Thread 0x0000020ff71f2a00 Exception <a 'java/lang/NoSuchMethodError'{0x000000070d451558}: 'java.lang.Object java.lang.invoke.DirectMethodHandle$Holder.invokeSpecial(java.lang.Object, java.lang.Object, int, java.lang.Object, int, java.lang.Object)'> (0x000000070d451558) 
thrown [s\src\hotspot\share\interpreter\linkResolver.cpp, line 759]
Event: 13.619 Thread 0x0000020ff71f2a00 Exception <a 'java/lang/NoSuchMethodError'{0x000000070d459360}: 'java.lang.Object java.lang.invoke.DirectMethodHandle$Holder.newInvokeSpecial(java.lang.Object, java.lang.Object, int, java.lang.Object, int)'> (0x000000070d459360) 
thrown [s\src\hotspot\share\interpreter\linkResolver.cpp, line 759]
Event: 13.620 Thread 0x0000020ff71f2a00 Exception <a 'java/lang/NoSuchMethodError'{0x000000070d45d460}: 'java.lang.Object java.lang.invoke.DirectMethodHandle$Holder.invokeSpecial(java.lang.Object, java.lang.Object, java.lang.Object, int, java.lang.Object, int)'> (0x000000070d45d460) 
thrown [s\src\hotspot\share\interpreter\linkResolver.cpp, line 759]
Event: 21.830 Thread 0x0000020f9aac7300 Exception <a 'java/lang/NoSuchMethodError'{0x0000000709b8ece8}: 'java.lang.Object java.lang.invoke.DirectMethodHandle$Holder.invokeSpecial(java.lang.Object, java.lang.Object, java.lang.Object, java.lang.Object, java.lang.Object, long)'> (0x0000000709b8ece8) 
thrown [s\src\hotspot\share\interpreter\linkResolver.cpp, line 759]
Event: 21.831 Thread 0x0000020f9aac7300 Exception <a 'java/lang/NoSuchMethodError'{0x0000000709b92728}: 'java.lang.Object java.lang.invoke.Invokers$Holder.linkToTargetMethod(java.lang.Object, java.lang.Object, java.lang.Object, long, java.lang.Object)'> (0x0000000709b92728) 
thrown [s\src\hotspot\share\interpreter\linkResolver.cpp, line 759]
Event: 21.890 Thread 0x0000020f9aac7300 Exception <a 'java/lang/NoSuchMethodError'{0x00000007098c7cc8}: getSession> (0x00000007098c7cc8) 
thrown [s\src\hotspot\share\prims\jni.cpp, line 1073]
Event: 22.528 Thread 0x0000020f9aac4060 Implicit null exception at 0x0000020f87b18f57 to 0x0000020f87b19544
Event: 22.528 Thread 0x0000020f9aac4060 Implicit null exception at 0x0000020f87b182d7 to 0x0000020f87b18898
Event: 24.117 Thread 0x0000020f9aac4060 Exception <a 'java/lang/NullPointerException'{0x00000007090163a8}> (0x00000007090163a8) 
thrown [s\src\hotspot\share\interpreter\linkResolver.cpp, line 1350]
Event: 24.134 Thread 0x0000020f9aac4060 Exception <a 'java/lang/AbstractMethodError'{0x000000070905d430}: Receiver class <unknown> does not define or inherit an implementation of the resolved method 'java.security.Principal getUserPrincipal()' of class org.springframework.security.web.servletapi.SecurityContextHolderAwareRequestWrapper.> (0x000000070905d430) 
thrown [s\src\hotspot\share\interpreter\linkResolver.cpp, line 1855]
Event: 24.260 Thread 0x0000020f9aac4f90 Exception <a 'java/lang/NoSuchMethodError'{0x00000007090c9420}: 'java.lang.Object java.lang.invoke.DirectMethodHandle$Holder.invokeStatic(java.lang.Object, int, int)'> (0x00000007090c9420) 
thrown [s\src\hotspot\share\interpreter\linkResolver.cpp, line 759]
Event: 32.519 Thread 0x0000020f9aac63d0 Exception <a 'java/lang/NoSuchMethodError'{0x00000007086cefa8}: 'void java.lang.invoke.DirectMethodHandle$Holder.invokeSpecialIFC(java.lang.Object, java.lang.Object, int, java.lang.Object, java.lang.Object, java.lang.Object, java.lang.Object)'> (0x00000007086cefa8) 
thrown [s\src\hotspot\share\interpreter\linkResolver.cpp, line 759]
Event: 32.906 Thread 0x0000020f9aac6df0 Exception <a 'java/lang/ClassNotFoundException'{0x00000007146fe648}: org/apache/taglibs/standard/tag/rt/core/IfTagBeanInfo> (0x00000007146fe648) 
thrown [s\src\hotspot\share\classfile\systemDictionary.cpp, line 256]
Event: 32.908 Thread 0x0000020f9aac6df0 Exception <a 'java/lang/ClassNotFoundException'{0x0000000714706838}: jakarta/servlet/jsp/jstl/core/ConditionalTagSupportBeanInfo> (0x0000000714706838) 
thrown [s\src\hotspot\share\classfile\systemDictionary.cpp, line 256]
Event: 32.909 Thread 0x0000020f9aac6df0 Exception <a 'java/lang/ClassNotFoundException'{0x000000071470e600}: jakarta/servlet/jsp/tagext/TagSupportBeanInfo> (0x000000071470e600) 
thrown [s\src\hotspot\share\classfile\systemDictionary.cpp, line 256]
Event: 32.910 Thread 0x0000020f9aac6df0 Exception <a 'java/lang/ClassNotFoundException'{0x0000000714713408}: java/lang/ObjectBeanInfo> (0x0000000714713408) 
thrown [s\src\hotspot\share\classfile\systemDictionary.cpp, line 256]
Event: 32.912 Thread 0x0000020f9aac6df0 Exception <a 'java/lang/ClassNotFoundException'{0x0000000714718688}: java/lang/ObjectCustomizer> (0x0000000714718688) 
thrown [s\src\hotspot\share\classfile\systemDictionary.cpp, line 256]
Event: 32.922 Thread 0x0000020f9aac6df0 Exception <a 'java/lang/ClassNotFoundException'{0x00000007147280e0}: jakarta/servlet/jsp/tagext/TagSupportCustomizer> (0x00000007147280e0) 
thrown [s\src\hotspot\share\classfile\systemDictionary.cpp, line 256]
Event: 32.924 Thread 0x0000020f9aac6df0 Exception <a 'java/lang/ClassNotFoundException'{0x000000071473c070}: jakarta/servlet/jsp/jstl/core/ConditionalTagSupportCustomizer> (0x000000071473c070) 
thrown [s\src\hotspot\share\classfile\systemDictionary.cpp, line 256]
Event: 32.927 Thread 0x0000020f9aac6df0 Exception <a 'java/lang/ClassNotFoundException'{0x000000071474a448}: org/apache/taglibs/standard/tag/rt/core/IfTagCustomizer> (0x000000071474a448) 
thrown [s\src\hotspot\share\classfile\systemDictionary.cpp, line 256]

VM Operations (20 events):
Event: 24.130 Executing VM operation: HandshakeAllThreads
Event: 24.130 Executing VM operation: HandshakeAllThreads done
Event: 24.133 Executing VM operation: HandshakeAllThreads
Event: 24.133 Executing VM operation: HandshakeAllThreads done
Event: 24.134 Executing VM operation: get/set locals
Event: 24.134 Executing VM operation: get/set locals done
Event: 24.134 Executing VM operation: get/set locals
Event: 24.134 Executing VM operation: get/set locals done
Event: 25.141 Executing VM operation: Cleanup
Event: 25.141 Executing VM operation: Cleanup done
Event: 32.194 Executing VM operation: Cleanup
Event: 32.194 Executing VM operation: Cleanup done
Event: 32.359 Executing VM operation: HandshakeAllThreads
Event: 32.359 Executing VM operation: HandshakeAllThreads done
Event: 32.849 Executing VM operation: G1CollectForAllocation
Event: 32.856 Executing VM operation: G1CollectForAllocation done
Event: 33.310 Executing VM operation: get/set locals
Event: 33.310 Executing VM operation: get/set locals done
Event: 33.311 Executing VM operation: get/set locals
Event: 33.311 Executing VM operation: get/set locals done

Events (20 events):
Event: 32.914 loading class com/sun/beans/introspect/MethodInfo
Event: 32.915 loading class com/sun/beans/introspect/MethodInfo done
Event: 32.915 loading class com/sun/beans/introspect/MethodInfo$MethodOrder
Event: 32.915 loading class com/sun/beans/introspect/MethodInfo$MethodOrder done
Event: 32.915 loading class java/beans/MethodDescriptor
Event: 32.916 loading class java/beans/MethodDescriptor done
Event: 32.916 loading class com/sun/beans/introspect/EventSetInfo
Event: 32.917 loading class com/sun/beans/introspect/EventSetInfo done
Event: 32.917 loading class com/sun/beans/introspect/PropertyInfo
Event: 32.917 loading class com/sun/beans/introspect/PropertyInfo done
Event: 32.917 loading class java/beans/BeanProperty
Event: 32.919 loading class java/beans/BeanProperty done
Event: 32.919 loading class com/sun/beans/introspect/PropertyInfo$Name
Event: 32.919 loading class com/sun/beans/introspect/PropertyInfo$Name done
Event: 32.919 loading class java/beans/IndexedPropertyDescriptor
Event: 32.920 loading class java/beans/IndexedPropertyDescriptor done
Event: 32.920 loading class java/beans/GenericBeanInfo
Event: 32.920 loading class java/beans/GenericBeanInfo done
Event: 32.922 loading class java/util/Hashtable$EntrySet
Event: 32.923 loading class java/util/Hashtable$EntrySet done


Dynamic libraries:
0x00007ff6ee300000 - 0x00007ff6ee30e000 	C:\Users\JPiccione\.p2\pool\plugins\org.eclipse.justj.openjdk.hotspot.jre.full.win32.x86_64_17.0.8.v20230831-1047\jre\bin\javaw.exe
0x0000020ff4dd0000 - 0x0000020ff4fc7000 	C:\windows\SYSTEM32\ntd1l.dll
0x0000020ff4fd0000 - 0x0000020ff508d000 	C:\windows\System32\kern3l32.dll
0x00007ffc02f70000 - 0x00007ffc03167000 	C:\windows\SYSTEM32\ntdll.dll
0x00007ffc01f90000 - 0x00007ffc0204d000 	C:\windows\System32\KERNEL32.DLL
0x00007ffc00650000 - 0x00007ffc00946000 	C:\windows\System32\KERNELBASE.dll
0x00007ffc000c0000 - 0x00007ffc003d3000 	C:\Program Files\SentinelOne\Sentinel Agent 23.1.4.650\InProcessClient64.dll
0x00007ffc01930000 - 0x00007ffc019de000 	C:\windows\System32\ADVAPI32.dll
0x00007ffc01dd0000 - 0x00007ffc01e6e000 	C:\windows\System32\msvcrt.dll
0x00007ffc02d90000 - 0x00007ffc02e2c000 	C:\windows\System32\sechost.dll
0x00007ffc02a60000 - 0x00007ffc02b86000 	C:\windows\System32\RPCRT4.dll
0x00007ffc00cd0000 - 0x00007ffc00dd0000 	C:\windows\System32\ucrtbase.dll
0x00007ffbf7410000 - 0x00007ffbf7429000 	C:\Users\JPiccione\.p2\pool\plugins\org.eclipse.justj.openjdk.hotspot.jre.full.win32.x86_64_17.0.8.v20230831-1047\jre\bin\VCRUNTIME140.dll
0x00007ffbf8ee0000 - 0x00007ffbf8ef7000 	C:\Users\JPiccione\.p2\pool\plugins\org.eclipse.justj.openjdk.hotspot.jre.full.win32.x86_64_17.0.8.v20230831-1047\jre\bin\jli.dll
0x00007ffc02bf0000 - 0x00007ffc02d8e000 	C:\windows\System32\USER32.dll
0x00007ffc00950000 - 0x00007ffc00972000 	C:\windows\System32\win32u.dll
0x00007ffbd7fe0000 - 0x00007ffbd827a000 	C:\windows\WinSxS\amd64_microsoft.windows.common-controls_6595b64144ccf1df_6.0.19041.3570_none_60bb2a3971f3e41a\COMCTL32.dll
0x00007ffc01da0000 - 0x00007ffc01dcc000 	C:\windows\System32\GDI32.dll
0x00007ffc00b10000 - 0x00007ffc00c2a000 	C:\windows\System32\gdi32full.dll
0x00007ffc00c30000 - 0x00007ffc00ccd000 	C:\windows\System32\msvcp_win.dll
0x00007ffc000b0000 - 0x00007ffc000ba000 	C:\windows\SYSTEM32\VERSION.dll
0x00007ffc000a0000 - 0x00007ffc000ab000 	C:\windows\SYSTEM32\FLTLIB.DLL
0x00007ffc01f60000 - 0x00007ffc01f90000 	C:\windows\System32\IMM32.DLL
0x00007ffbfbd20000 - 0x00007ffbfbd2c000 	C:\Users\JPiccione\.p2\pool\plugins\org.eclipse.justj.openjdk.hotspot.jre.full.win32.x86_64_17.0.8.v20230831-1047\jre\bin\vcruntime140_1.dll
0x00007ffbe1ff0000 - 0x00007ffbe2081000 	C:\Users\JPiccione\.p2\pool\plugins\org.eclipse.justj.openjdk.hotspot.jre.full.win32.x86_64_17.0.8.v20230831-1047\jre\bin\msvcp140.dll
0x00007ffb7d670000 - 0x00007ffb7e2bc000 	C:\Users\JPiccione\.p2\pool\plugins\org.eclipse.justj.openjdk.hotspot.jre.full.win32.x86_64_17.0.8.v20230831-1047\jre\bin\server\jvm.dll
0x00007ffbff870000 - 0x00007ffbff8bb000 	C:\windows\SYSTEM32\POWRPROF.dll
0x00007ffbf8ea0000 - 0x00007ffbf8ea9000 	C:\windows\SYSTEM32\WSOCK32.dll
0x00007ffc02e30000 - 0x00007ffc02e9b000 	C:\windows\System32\WS2_32.dll
0x00007ffbe58a0000 - 0x00007ffbe58c7000 	C:\windows\SYSTEM32\WINMM.dll
0x00007ffbff730000 - 0x00007ffbff742000 	C:\windows\SYSTEM32\UMPDC.dll
0x00007ffbfdf30000 - 0x00007ffbfdf42000 	C:\windows\SYSTEM32\kernel.appcore.dll
0x00007ffbf0410000 - 0x00007ffbf041a000 	C:\Users\JPiccione\.p2\pool\plugins\org.eclipse.justj.openjdk.hotspot.jre.full.win32.x86_64_17.0.8.v20230831-1047\jre\bin\jimage.dll
0x00007ffbf0ca0000 - 0x00007ffbf0e84000 	C:\windows\SYSTEM32\DBGHELP.DLL
0x00007ffbf10a0000 - 0x00007ffbf10d4000 	C:\windows\SYSTEM32\dbgcore.DLL
0x00007ffc00a30000 - 0x00007ffc00ab2000 	C:\windows\System32\bcryptPrimitives.dll
0x00007ffbb64c0000 - 0x00007ffbb653b000 	C:\Program Files\SentinelOne\Sentinel Agent 23.1.4.650\SentinelJava64.dll
0x00007ffc02460000 - 0x00007ffc0258b000 	C:\windows\System32\ole32.dll
0x00007ffc01a40000 - 0x00007ffc01d94000 	C:\windows\System32\combase.dll
0x00007ffbdf240000 - 0x00007ffbdf265000 	C:\Users\JPiccione\.p2\pool\plugins\org.eclipse.justj.openjdk.hotspot.jre.full.win32.x86_64_17.0.8.v20230831-1047\jre\bin\java.dll
0x00007ffbdf040000 - 0x00007ffbdf058000 	C:\Users\JPiccione\.p2\pool\plugins\org.eclipse.justj.openjdk.hotspot.jre.full.win32.x86_64_17.0.8.v20230831-1047\jre\bin\zip.dll
0x00007ffc00fd0000 - 0x00007ffc01714000 	C:\windows\System32\SHELL32.dll
0x00007ffbfe0c0000 - 0x00007ffbfe85b000 	C:\windows\SYSTEM32\windows.storage.dll
0x00007ffbffd50000 - 0x00007ffbffd7d000 	C:\windows\SYSTEM32\Wldp.dll
0x00007ffc022f0000 - 0x00007ffc0239d000 	C:\windows\System32\SHCORE.dll
0x00007ffc01720000 - 0x00007ffc01775000 	C:\windows\System32\shlwapi.dll
0x00007ffc00580000 - 0x00007ffc005a5000 	C:\windows\SYSTEM32\profapi.dll
0x00007ffbdf130000 - 0x00007ffbdf149000 	C:\Users\JPiccione\.p2\pool\plugins\org.eclipse.justj.openjdk.hotspot.jre.full.win32.x86_64_17.0.8.v20230831-1047\jre\bin\net.dll
0x00007ffbff2d0000 - 0x00007ffbff3da000 	C:\windows\SYSTEM32\WINHTTP.dll
0x00007ffbffab0000 - 0x00007ffbffb1a000 	C:\windows\system32\mswsock.dll
0x00007ffbdf070000 - 0x00007ffbdf085000 	C:\Users\JPiccione\.p2\pool\plugins\org.eclipse.justj.openjdk.hotspot.jre.full.win32.x86_64_17.0.8.v20230831-1047\jre\bin\nio.dll
0x00007ffbffca0000 - 0x00007ffbffcb8000 	C:\windows\SYSTEM32\CRYPTSP.dll
0x00007ffbff240000 - 0x00007ffbff274000 	C:\windows\system32\rsaenh.dll
0x00007ffc00e40000 - 0x00007ffc00e67000 	C:\windows\System32\bcrypt.dll
0x00007ffc00500000 - 0x00007ffc0052e000 	C:\windows\SYSTEM32\USERENV.dll
0x00007ffbffcc0000 - 0x00007ffbffccc000 	C:\windows\SYSTEM32\CRYPTBASE.dll
0x00007ffbff750000 - 0x00007ffbff78b000 	C:\windows\SYSTEM32\IPHLPAPI.DLL
0x00007ffc01e70000 - 0x00007ffc01e78000 	C:\windows\System32\NSI.dll
0x00007ffbf9760000 - 0x00007ffbf9777000 	C:\windows\SYSTEM32\dhcpcsvc6.DLL
0x00007ffbf9590000 - 0x00007ffbf95ad000 	C:\windows\SYSTEM32\dhcpcsvc.DLL
0x00007ffbff7a0000 - 0x00007ffbff86a000 	C:\windows\SYSTEM32\DNSAPI.dll
0x00007ffbe2950000 - 0x00007ffbe295e000 	C:\Users\JPiccione\.p2\pool\plugins\org.eclipse.justj.openjdk.hotspot.jre.full.win32.x86_64_17.0.8.v20230831-1047\jre\bin\sunmscapi.dll
0x00007ffc00e70000 - 0x00007ffc00fcd000 	C:\windows\System32\CRYPT32.dll
0x00007ffbffdc0000 - 0x00007ffbffde7000 	C:\windows\SYSTEM32\ncrypt.dll
0x00007ffbffd80000 - 0x00007ffbffdbb000 	C:\windows\SYSTEM32\NTASN1.dll
0x00007ffbfbc50000 - 0x00007ffbfbc59000 	C:\Users\JPiccione\.p2\pool\plugins\org.eclipse.justj.openjdk.hotspot.jre.full.win32.x86_64_17.0.8.v20230831-1047\jre\bin\management.dll
0x00007ffbfbc30000 - 0x00007ffbfbc3b000 	C:\Users\JPiccione\.p2\pool\plugins\org.eclipse.justj.openjdk.hotspot.jre.full.win32.x86_64_17.0.8.v20230831-1047\jre\bin\management_ext.dll
0x00007ffc02450000 - 0x00007ffc02458000 	C:\windows\System32\PSAPI.DLL
0x00007ffbec5b0000 - 0x00007ffbec5c0000 	C:\Users\JPiccione\.p2\pool\plugins\org.eclipse.justj.openjdk.hotspot.jre.full.win32.x86_64_17.0.8.v20230831-1047\jre\bin\verify.dll
0x00007ffbf0bf0000 - 0x00007ffbf0bfa000 	C:\Windows\System32\rasadhlp.dll
0x00007ffbf9b00000 - 0x00007ffbf9b82000 	C:\windows\System32\fwpuclnt.dll
0x00007ffbe0900000 - 0x00007ffbe0917000 	C:\windows\system32\napinsp.dll
0x00007ffbe0a40000 - 0x00007ffbe0a5b000 	C:\windows\system32\pnrpnsp.dll
0x00007ffbf9b90000 - 0x00007ffbf9ba5000 	C:\windows\system32\wshbth.dll
0x00007ffbfb650000 - 0x00007ffbfb66d000 	C:\windows\system32\NLAapi.dll
0x00007ffbe0a60000 - 0x00007ffbe0a72000 	C:\windows\System32\winrnr.dll
0x00007ffbfad90000 - 0x00007ffbfad97000 	C:\windows\system32\wshunix.dll

dbghelp: loaded successfully - version: 4.0.5 - missing functions: none
symbol engine: initialized successfully - sym options: 0x614 - pdb path: .;C:\Users\JPiccione\.p2\pool\plugins\org.eclipse.justj.openjdk.hotspot.jre.full.win32.x86_64_17.0.8.v20230831-1047\jre\bin;C:\windows\SYSTEM32;C:\Program Files\SentinelOne\Sentinel Agent 23.1.4.650;C:\windows\WinSxS\amd64_microsoft.windows.common-controls_6595b64144ccf1df_6.0.19041.3570_none_60bb2a3971f3e41a;C:\Users\JPiccione\.p2\pool\plugins\org.eclipse.justj.openjdk.hotspot.jre.full.win32.x86_64_17.0.8.v20230831-1047\jre\bin\server

VM Arguments:
jvm_args: -Dfile.encoding=UTF-8 -XX:+ShowCodeDetailsInExceptionMessages -agentpath:C:\Program Files\SentinelOne\Sentinel Agent 23.1.4.650\SentinelJava64.dll 
java_command: com.spencer.ItemApp.ItemAppApplication
java_class_path (initial): C:\Users\JPiccione\OneDrive - Spencer Gifts LLC\Documents\ItemApp\target\classes;C:\Users\JPiccione\.m2\repository\org\springframework\boot\spring-boot-starter-data-jpa\3.1.4\spring-boot-starter-data-jpa-3.1.4.jar;C:\Users\JPiccione\.m2\repository\org\springframework\boot\spring-boot-starter-aop\3.1.4\spring-boot-starter-aop-3.1.4.jar;C:\Users\JPiccione\.m2\repository\org\aspectj\aspectjweaver\1.9.20\aspectjweaver-1.9.20.jar;C:\Users\JPiccione\.m2\repository\org\springframework\boot\spring-boot-starter-jdbc\3.1.4\spring-boot-starter-jdbc-3.1.4.jar;C:\Users\JPiccione\.m2\repository\com\zaxxer\HikariCP\5.0.1\HikariCP-5.0.1.jar;C:\Users\JPiccione\.m2\repository\org\springframework\spring-jdbc\6.0.12\spring-jdbc-6.0.12.jar;C:\Users\JPiccione\.m2\repository\org\hibernate\orm\hibernate-core\6.2.9.Final\hibernate-core-6.2.9.Final.jar;C:\Users\JPiccione\.m2\repository\jakarta\persistence\jakarta.persistence-api\3.1.0\jakarta.persistence-api-3.1.0.jar;C:\Users\JPiccione\.m2\repository\jakarta\transaction\jakarta.transaction-api\2.0.1\jakarta.transaction-api-2.0.1.jar;C:\Users\JPiccione\.m2\repository\org\jboss\logging\jboss-logging\3.5.3.Final\jboss-logging-3.5.3.Final.jar;C:\Users\JPiccione\.m2\repository\org\hibernate\common\hibernate-commons-annotations\6.0.6.Final\hibernate-commons-annotations-6.0.6.Final.jar;C:\Users\JPiccione\.m2\repository\io\smallrye\jandex\3.0.5\jandex-3.0.5.jar;C:\Users\JPiccione\.m2\repository\com\fasterxml\classmate\1.5.1\classmate-1.5.1.jar;C:\Users\JPiccione\.m2\repository\net\bytebuddy\byte-buddy\1.14.8\byte-buddy-1.14.8.jar;C:\Users\JPiccione\.m2\repository\org\glassfish\jaxb\jaxb-runtime\4.0.3\jaxb-runtime-4.0.3.jar;C:\Users\JPiccione\.m2\repository\org\glassfish\jaxb\jaxb-core\4.0.3\jaxb-core-4.0.3.jar;C:\Users\JPiccione\.m2\repository\org\eclipse\angus\angus-activation\2.0.1\angus-activation-2.0.1.jar;C:\Users\JPiccione\.m2\repository\org\glassfish\jaxb\txw2\4.0.3\txw2-4.0.3.jar;C:\Users\JPiccione\.m2\repositor
Launcher Type: SUN_STANDARD

[Global flags]
     intx CICompilerCount                          = 3                                         {product} {ergonomic}
     uint ConcGCThreads                            = 1                                         {product} {ergonomic}
     uint G1ConcRefinementThreads                  = 4                                         {product} {ergonomic}
   size_t G1HeapRegionSize                         = 2097152                                   {product} {ergonomic}
    uintx GCDrainStackTargetSize                   = 64                                        {product} {ergonomic}
   size_t InitialHeapSize                          = 264241152                                 {product} {ergonomic}
   size_t MarkStackSize                            = 4194304                                   {product} {ergonomic}
   size_t MaxHeapSize                              = 4215275520                                {product} {ergonomic}
   size_t MaxNewSize                               = 2529165312                                {product} {ergonomic}
   size_t MinHeapDeltaBytes                        = 2097152                                   {product} {ergonomic}
   size_t MinHeapSize                              = 8388608                                   {product} {ergonomic}
    uintx NonNMethodCodeHeapSize                   = 5832780                                {pd product} {ergonomic}
    uintx NonProfiledCodeHeapSize                  = 122912730                              {pd product} {ergonomic}
    uintx ProfiledCodeHeapSize                     = 122912730                              {pd product} {ergonomic}
    uintx ReservedCodeCacheSize                    = 251658240                              {pd product} {ergonomic}
     bool SegmentedCodeCache                       = true                                      {product} {ergonomic}
     bool ShowCodeDetailsInExceptionMessages       = true                                   {manageable} {command line}
   size_t SoftMaxHeapSize                          = 4215275520                             {manageable} {ergonomic}
     bool UseCompressedClassPointers               = true                           {product lp64_product} {ergonomic}
     bool UseCompressedOops                        = true                           {product lp64_product} {ergonomic}
     bool UseG1GC                                  = true                                      {product} {ergonomic}
     bool UseLargePagesIndividualAllocation        = false                                  {pd product} {ergonomic}

Logging:
Log output configuration:
 #0: stdout all=warning uptime,level,tags
 #1: stderr all=off uptime,level,tags

Environment Variables:
PATH=C:/Users/JPiccione/.p2/pool/plugins/org.eclipse.justj.openjdk.hotspot.jre.full.win32.x86_64_17.0.8.v20230831-1047/jre/bin/server;C:/Users/JPiccione/.p2/pool/plugins/org.eclipse.justj.openjdk.hotspot.jre.full.win32.x86_64_17.0.8.v20230831-1047/jre/bin;C:\Program Files\Common Files\Oracle\Java\javapath;C:\Program Files (x86)\Common Files\Oracle\Java\javapath;C:\Program Files\Microsoft\jdk-11.0.16.101-hotspot\bin;C:\Program Files (x86)\Business Objects\Common\3.5\bin\NOTES\;C:\Program Files (x86)\Business Objects\Common\3.5\bin\NOTES\DATA\;C:\windows\system32;C:\windows;C:\windows\System32\Wbem;C:\windows\System32\WindowsPowerShell\v1.0\;C:\windows\System32\OpenSSH\;C:\Program Files (x86)\IBM\Client Access\Emulator;C:\Program Files (x86)\IBM\Client Access\Shared;C:\Program Files (x86)\IBM\Client Access\;C:\Program Files (x86)\HEAT\;C:\Program Files (x86)\Microsoft SQL Server\160\DTS\Binn\;C:\Program Files\Azure Data Studio\bin;C:\Program Files\PuTTY\;C:\Program Files\Git\cmd;C:\Program Files\Microsoft SQL Server\150\Tools\Binn\;C:\Program Files\Microsoft SQL Server\Client SDK\ODBC\170\Tools\Binn\;C:\Program Files\dotnet\;C:\Program Files (x86)\Windows Kits\10\Windows Performance Toolkit\;c:\Program Files (x86)\Microsoft SQL Server\110\Tools\Binn\;c:\Program Files\Microsoft SQL Server\110\Tools\Binn\;c:\Program Files\Microsoft SQL Server\110\DTS\Binn\;C:\Program Files (x86)\Microsoft SQL Server\150\Tools\Binn\;C:\Program Files\Microsoft SQL Server\150\DTS\Binn\;C:\Users\JPiccione\AppData\Local\Microsoft\WindowsApps;C:\Program Files\Azure Data Studio\bin;C:\Users\JPiccione\.dotnet\tools;C:\Users\JPiccione\AppData\Local\Programs\Azure Data Studio\bin;C:\Program Files\JetBrains\IntelliJ IDEA 2023.2\bin;;C:\Users\JPiccione\AppData\Local\GitHubDesktop\bin;C:\windows\system32;
USERNAME=JPiccione
OS=Windows_NT
PROCESSOR_IDENTIFIER=Intel64 Family 6 Model 61 Stepping 4, GenuineIntel
TMP=C:\Users\JPICCI~1\AppData\Local\Temp
TEMP=C:\Users\JPICCI~1\AppData\Local\Temp



---------------  S Y S T E M  ---------------

OS:
 Windows 10 , 64 bit Build 19041 (10.0.19041.3570)
OS uptime: 7 days 5:15 hours

CPU: total 4 (initial active 4) (2 cores per cpu, 2 threads per core) family 6 model 61 stepping 4 microcode 0x2d, cx8, cmov, fxsr, ht, mmx, 3dnowpref, sse, sse2, sse3, ssse3, sse4.1, sse4.2, popcnt, lzcnt, tsc, tscinvbit, avx, avx2, aes, erms, clmul, bmi1, bmi2, rtm, adx, fma, vzeroupper, clflush
Processor Information for all 4 processors :
  Max Mhz: 2594, Current Mhz: 2594, Mhz Limit: 2594

Memory: 4k page, system-wide physical 16079M (5905M free)
TotalPageFile size 18511M (AvailPageFile size 5624M)
current process WorkingSet (physical memory assigned to process): 326M, peak: 402M
current process commit charge ("private bytes"): 341M, peak: 418M

vm_info: OpenJDK 64-Bit Server VM (17.0.8.1+1) for windows-amd64 JRE (17.0.8.1+1), built on Aug 23 2023 15:29:17 by "admin" with MS VC++ 16.7 (VS2019)

END.
