#
# A fatal error has been detected by the Java Runtime Environment:
#
#  EXCEPTION_ACCESS_VIOLATION (0xc0000005) at pc=0x00007ffd418b0451, pid=11044, tid=15048
#
# JRE version: OpenJDK Runtime Environment Temurin-17.0.8.1+1 (17.0.8.1+1) (build 17.0.8.1+1)
# Java VM: OpenJDK 64-Bit Server VM Temurin-17.0.8.1+1 (17.0.8.1+1, mixed mode, tiered, compressed oops, compressed class ptrs, g1 gc, windows-amd64)
# Problematic frame:
# V  [jvm.dll+0x560451]
#
# No core dump will be written. Minidumps are not enabled by default on client versions of Windows
#
# If you would like to submit a bug report, please visit:
#   https://github.com/adoptium/adoptium-support/issues
#

---------------  S U M M A R Y ------------

Command Line: -Dfile.encoding=UTF-8 -XX:+ShowCodeDetailsInExceptionMessages -agentpath:C:\Program Files\SentinelOne\Sentinel Agent 23.1.4.650\SentinelJava64.dll com.spencer.ItemApp.ItemAppApplication

Host: Intel(R) Core(TM) i7-5600U CPU @ 2.60GHz, 4 cores, 15G,  Windows 10 , 64 bit Build 19041 (10.0.19041.3570)
Time: Tue Oct 24 15:41:57 2023 Eastern Daylight Time elapsed time: 20.545803 seconds (0d 0h 0m 20s)

---------------  T H R E A D  ---------------

Current thread (0x000001ab0f9144b0):  JavaThread "http-nio-8080-exec-2" daemon [_thread_in_vm, id=15048, stack(0x0000009e4b900000,0x0000009e4ba00000)]

Stack: [0x0000009e4b900000,0x0000009e4ba00000],  sp=0x0000009e4b9f8fa0,  free space=995k
Native frames: (J=compiled Java code, j=interpreted, Vv=VM code, C=native code)
V  [jvm.dll+0x560451]
V  [jvm.dll+0x385914]
V  [jvm.dll+0x384f7f]
C  0x000001ab735fbb83

Java frames: (J=compiled Java code, j=interpreted, Vv=VM code)
j  org.springframework.security.web.servletapi.SecurityContextHolderAwareRequestWrapper.getAuthentication()Lorg/springframework/security/core/Authentication;+4
j  org.springframework.security.web.servletapi.SecurityContextHolderAwareRequestWrapper.isGranted(Ljava/lang/String;)Z+1
j  org.springframework.security.web.servletapi.SecurityContextHolderAwareRequestWrapper.isUserInRole(Ljava/lang/String;)Z+2
v  ~StubRoutines::call_stub
j  org.apache.jasper.runtime.HttpJspBase.service(Ljakarta/servlet/http/HttpServletRequest;Ljakarta/servlet/http/HttpServletResponse;)V+6
j  jakarta.servlet.http.HttpServlet.service(Ljakarta/servlet/ServletRequest;Ljakarta/servlet/ServletResponse;)V+36
j  org.apache.jasper.servlet.JspServletWrapper.service(Ljakarta/servlet/http/HttpServletRequest;Ljakarta/servlet/http/HttpServletResponse;Z)V+372
j  org.apache.jasper.servlet.JspServlet.serviceJspFile(Ljakarta/servlet/http/HttpServletRequest;Ljakarta/servlet/http/HttpServletResponse;Ljava/lang/String;Z)V+112
j  org.apache.jasper.servlet.JspServlet.service(Ljakarta/servlet/http/HttpServletRequest;Ljakarta/servlet/http/HttpServletResponse;)V+228
j  jakarta.servlet.http.HttpServlet.service(Ljakarta/servlet/ServletRequest;Ljakarta/servlet/ServletResponse;)V+36
j  org.apache.catalina.core.ApplicationFilterChain.internalDoFilter(Ljakarta/servlet/ServletRequest;Ljakarta/servlet/ServletResponse;)V+305
j  org.apache.catalina.core.ApplicationFilterChain.doFilter(Ljakarta/servlet/ServletRequest;Ljakarta/servlet/ServletResponse;)V+99
j  org.apache.tomcat.websocket.server.WsFilter.doFilter(Ljakarta/servlet/ServletRequest;Ljakarta/servlet/ServletResponse;Ljakarta/servlet/FilterChain;)V+21
j  org.apache.catalina.core.ApplicationFilterChain.internalDoFilter(Ljakarta/servlet/ServletRequest;Ljakarta/servlet/ServletResponse;)V+135
j  org.apache.catalina.core.ApplicationFilterChain.doFilter(Ljakarta/servlet/ServletRequest;Ljakarta/servlet/ServletResponse;)V+99
j  org.springframework.security.web.FilterChainProxy.lambda$doFilterInternal$3(Lorg/springframework/security/web/firewall/FirewalledRequest;Ljakarta/servlet/FilterChain;Ljakarta/servlet/ServletRequest;Ljakarta/servlet/ServletResponse;)V+35
j  org.springframework.security.web.FilterChainProxy$$Lambda$1361+0x0000000800996b98.doFilter(Ljakarta/servlet/ServletRequest;Ljakarta/servlet/ServletResponse;)V+10
j  org.springframework.security.web.FilterChainProxy$VirtualFilterChain.doFilter(Ljakarta/servlet/ServletRequest;Ljakarta/servlet/ServletResponse;)V+17
j  org.springframework.security.web.access.intercept.AuthorizationFilter.doFilter(Ljakarta/servlet/ServletRequest;Ljakarta/servlet/ServletResponse;Ljakarta/servlet/FilterChain;)V+143
j  org.springframework.security.web.FilterChainProxy$VirtualFilterChain.doFilter(Ljakarta/servlet/ServletRequest;Ljakarta/servlet/ServletResponse;)V+105
j  org.springframework.security.web.access.ExceptionTranslationFilter.doFilter(Ljakarta/servlet/http/HttpServletRequest;Ljakarta/servlet/http/HttpServletResponse;Ljakarta/servlet/FilterChain;)V+3
j  org.springframework.security.web.access.ExceptionTranslationFilter.doFilter(Ljakarta/servlet/ServletRequest;Ljakarta/servlet/ServletResponse;Ljakarta/servlet/FilterChain;)V+10
j  org.springframework.security.web.FilterChainProxy$VirtualFilterChain.doFilter(Ljakarta/servlet/ServletRequest;Ljakarta/servlet/ServletResponse;)V+105
j  org.springframework.security.web.authentication.AnonymousAuthenticationFilter.doFilter(Ljakarta/servlet/ServletRequest;Ljakarta/servlet/ServletResponse;Ljakarta/servlet/FilterChain;)V+33
j  org.springframework.security.web.FilterChainProxy$VirtualFilterChain.doFilter(Ljakarta/servlet/ServletRequest;Ljakarta/servlet/ServletResponse;)V+105
j  org.springframework.security.web.servletapi.SecurityContextHolderAwareRequestFilter.doFilter(Ljakarta/servlet/ServletRequest;Ljakarta/servlet/ServletResponse;Ljakarta/servlet/FilterChain;)V+19
j  org.springframework.security.web.FilterChainProxy$VirtualFilterChain.doFilter(Ljakarta/servlet/ServletRequest;Ljakarta/servlet/ServletResponse;)V+105
j  org.springframework.security.web.savedrequest.RequestCacheAwareFilter.doFilter(Ljakarta/servlet/ServletRequest;Ljakarta/servlet/ServletResponse;Ljakarta/servlet/FilterChain;)V+32
j  org.springframework.security.web.FilterChainProxy$VirtualFilterChain.doFilter(Ljakarta/servlet/ServletRequest;Ljakarta/servlet/ServletResponse;)V+105
j  org.springframework.security.web.authentication.AbstractAuthenticationProcessingFilter.doFilter(Ljakarta/servlet/http/HttpServletRequest;Ljakarta/servlet/http/HttpServletResponse;Ljakarta/servlet/FilterChain;)V+12
j  org.springframework.security.web.authentication.AbstractAuthenticationProcessingFilter.doFilter(Ljakarta/servlet/ServletRequest;Ljakarta/servlet/ServletResponse;Ljakarta/servlet/FilterChain;)V+10
j  org.springframework.security.web.FilterChainProxy$VirtualFilterChain.doFilter(Ljakarta/servlet/ServletRequest;Ljakarta/servlet/ServletResponse;)V+105
j  org.springframework.security.web.authentication.logout.LogoutFilter.doFilter(Ljakarta/servlet/http/HttpServletRequest;Ljakarta/servlet/http/HttpServletResponse;Ljakarta/servlet/FilterChain;)V+83
j  org.springframework.security.web.authentication.logout.LogoutFilter.doFilter(Ljakarta/servlet/ServletRequest;Ljakarta/servlet/ServletResponse;Ljakarta/servlet/FilterChain;)V+10
j  org.springframework.security.web.FilterChainProxy$VirtualFilterChain.doFilter(Ljakarta/servlet/ServletRequest;Ljakarta/servlet/ServletResponse;)V+105
j  org.springframework.web.filter.OncePerRequestFilter.doFilter(Ljakarta/servlet/ServletRequest;Ljakarta/servlet/ServletResponse;Ljakarta/servlet/FilterChain;)V+125
j  org.springframework.security.web.FilterChainProxy$VirtualFilterChain.doFilter(Ljakarta/servlet/ServletRequest;Ljakarta/servlet/ServletResponse;)V+105
j  org.springframework.security.web.context.SecurityContextHolderFilter.doFilter(Ljakarta/servlet/http/HttpServletRequest;Ljakarta/servlet/http/HttpServletResponse;Ljakarta/servlet/FilterChain;)V+15
j  org.springframework.security.web.context.SecurityContextHolderFilter.doFilter(Ljakarta/servlet/ServletRequest;Ljakarta/servlet/ServletResponse;Ljakarta/servlet/FilterChain;)V+10
j  org.springframework.security.web.FilterChainProxy$VirtualFilterChain.doFilter(Ljakarta/servlet/ServletRequest;Ljakarta/servlet/ServletResponse;)V+105
j  org.springframework.web.filter.OncePerRequestFilter.doFilter(Ljakarta/servlet/ServletRequest;Ljakarta/servlet/ServletResponse;Ljakarta/servlet/FilterChain;)V+125
j  org.springframework.security.web.FilterChainProxy$VirtualFilterChain.doFilter(Ljakarta/servlet/ServletRequest;Ljakarta/servlet/ServletResponse;)V+105
j  org.springframework.web.filter.OncePerRequestFilter.doFilter(Ljakarta/servlet/ServletRequest;Ljakarta/servlet/ServletResponse;Ljakarta/servlet/FilterChain;)V+125
j  org.springframework.security.web.FilterChainProxy$VirtualFilterChain.doFilter(Ljakarta/servlet/ServletRequest;Ljakarta/servlet/ServletResponse;)V+105
j  org.springframework.security.web.FilterChainProxy.doFilterInternal(Ljakarta/servlet/ServletRequest;Ljakarta/servlet/ServletResponse;Ljakarta/servlet/FilterChain;)V+163
j  org.springframework.security.web.FilterChainProxy.doFilter(Ljakarta/servlet/ServletRequest;Ljakarta/servlet/ServletResponse;Ljakarta/servlet/FilterChain;)V+28
j  org.springframework.web.filter.DelegatingFilterProxy.invokeDelegate(Ljakarta/servlet/Filter;Ljakarta/servlet/ServletRequest;Ljakarta/servlet/ServletResponse;Ljakarta/servlet/FilterChain;)V+5
j  org.springframework.web.filter.DelegatingFilterProxy.doFilter(Ljakarta/servlet/ServletRequest;Ljakarta/servlet/ServletResponse;Ljakarta/servlet/FilterChain;)V+85
j  org.apache.catalina.core.ApplicationFilterChain.internalDoFilter(Ljakarta/servlet/ServletRequest;Ljakarta/servlet/ServletResponse;)V+135
j  org.apache.catalina.core.ApplicationFilterChain.doFilter(Ljakarta/servlet/ServletRequest;Ljakarta/servlet/ServletResponse;)V+99
j  org.springframework.web.filter.OncePerRequestFilter.doFilter(Ljakarta/servlet/ServletRequest;Ljakarta/servlet/ServletResponse;Ljakarta/servlet/FilterChain;)V+125
j  org.apache.catalina.core.ApplicationFilterChain.internalDoFilter(Ljakarta/servlet/ServletRequest;Ljakarta/servlet/ServletResponse;)V+135
j  org.apache.catalina.core.ApplicationFilterChain.doFilter(Ljakarta/servlet/ServletRequest;Ljakarta/servlet/ServletResponse;)V+99
j  org.springframework.web.filter.OncePerRequestFilter.doFilter(Ljakarta/servlet/ServletRequest;Ljakarta/servlet/ServletResponse;Ljakarta/servlet/FilterChain;)V+125
j  org.apache.catalina.core.ApplicationFilterChain.internalDoFilter(Ljakarta/servlet/ServletRequest;Ljakarta/servlet/ServletResponse;)V+135
j  org.apache.catalina.core.ApplicationFilterChain.doFilter(Ljakarta/servlet/ServletRequest;Ljakarta/servlet/ServletResponse;)V+99
j  org.springframework.web.filter.OncePerRequestFilter.doFilter(Ljakarta/servlet/ServletRequest;Ljakarta/servlet/ServletResponse;Ljakarta/servlet/FilterChain;)V+125
j  org.apache.catalina.core.ApplicationFilterChain.internalDoFilter(Ljakarta/servlet/ServletRequest;Ljakarta/servlet/ServletResponse;)V+135
j  org.apache.catalina.core.ApplicationFilterChain.doFilter(Ljakarta/servlet/ServletRequest;Ljakarta/servlet/ServletResponse;)V+99
j  org.apache.catalina.core.ApplicationDispatcher.invoke(Ljakarta/servlet/ServletRequest;Ljakarta/servlet/ServletResponse;Lorg/apache/catalina/core/ApplicationDispatcher$State;)V+341
j  org.apache.catalina.core.ApplicationDispatcher.processRequest(Ljakarta/servlet/ServletRequest;Ljakarta/servlet/ServletResponse;Lorg/apache/catalina/core/ApplicationDispatcher$State;)V+98
j  org.apache.catalina.core.ApplicationDispatcher.doForward(Ljakarta/servlet/ServletRequest;Ljakarta/servlet/ServletResponse;)V+363
j  org.apache.catalina.core.ApplicationDispatcher.forward(Ljakarta/servlet/ServletRequest;Ljakarta/servlet/ServletResponse;)V+55
j  org.springframework.security.web.header.HeaderWriterFilter$HeaderWriterRequestDispatcher.forward(Ljakarta/servlet/ServletRequest;Ljakarta/servlet/ServletResponse;)V+6
j  org.springframework.web.servlet.view.InternalResourceView.renderMergedOutputModel(Ljava/util/Map;Ljakarta/servlet/http/HttpServletRequest;Ljakarta/servlet/http/HttpServletResponse;)V+145
j  org.springframework.web.servlet.view.AbstractView.render(Ljava/util/Map;Ljakarta/servlet/http/HttpServletRequest;Ljakarta/servlet/http/HttpServletResponse;)V+91
j  org.springframework.web.servlet.DispatcherServlet.render(Lorg/springframework/web/servlet/ModelAndView;Ljakarta/servlet/http/HttpServletRequest;Ljakarta/servlet/http/HttpServletResponse;)V+188
j  org.springframework.web.servlet.DispatcherServlet.processDispatchResult(Ljakarta/servlet/http/HttpServletRequest;Ljakarta/servlet/http/HttpServletResponse;Lorg/springframework/web/servlet/HandlerExecutionChain;Lorg/springframework/web/servlet/ModelAndView;Ljava/lang/Exception;)V+103
j  org.springframework.web.servlet.DispatcherServlet.doDispatch(Ljakarta/servlet/http/HttpServletRequest;Ljakarta/servlet/http/HttpServletResponse;)V+365
j  org.springframework.web.servlet.DispatcherServlet.doService(Ljakarta/servlet/http/HttpServletRequest;Ljakarta/servlet/http/HttpServletResponse;)V+242
j  org.springframework.web.servlet.FrameworkServlet.processRequest(Ljakarta/servlet/http/HttpServletRequest;Ljakarta/servlet/http/HttpServletResponse;)V+70
j  org.springframework.web.servlet.FrameworkServlet.doGet(Ljakarta/servlet/http/HttpServletRequest;Ljakarta/servlet/http/HttpServletResponse;)V+3
j  jakarta.servlet.http.HttpServlet.service(Ljakarta/servlet/http/HttpServletRequest;Ljakarta/servlet/http/HttpServletResponse;)V+35
j  org.springframework.web.servlet.FrameworkServlet.service(Ljakarta/servlet/http/HttpServletRequest;Ljakarta/servlet/http/HttpServletResponse;)V+20
j  jakarta.servlet.http.HttpServlet.service(Ljakarta/servlet/ServletRequest;Ljakarta/servlet/ServletResponse;)V+36
j  org.apache.catalina.core.ApplicationFilterChain.internalDoFilter(Ljakarta/servlet/ServletRequest;Ljakarta/servlet/ServletResponse;)V+305
j  org.apache.catalina.core.ApplicationFilterChain.doFilter(Ljakarta/servlet/ServletRequest;Ljakarta/servlet/ServletResponse;)V+99
j  org.apache.tomcat.websocket.server.WsFilter.doFilter(Ljakarta/servlet/ServletRequest;Ljakarta/servlet/ServletResponse;Ljakarta/servlet/FilterChain;)V+21
j  org.apache.catalina.core.ApplicationFilterChain.internalDoFilter(Ljakarta/servlet/ServletRequest;Ljakarta/servlet/ServletResponse;)V+135
j  org.apache.catalina.core.ApplicationFilterChain.doFilter(Ljakarta/servlet/ServletRequest;Ljakarta/servlet/ServletResponse;)V+99
j  org.springframework.security.web.FilterChainProxy.lambda$doFilterInternal$3(Lorg/springframework/security/web/firewall/FirewalledRequest;Ljakarta/servlet/FilterChain;Ljakarta/servlet/ServletRequest;Ljakarta/servlet/ServletResponse;)V+35
j  org.springframework.security.web.FilterChainProxy$$Lambda$1361+0x0000000800996b98.doFilter(Ljakarta/servlet/ServletRequest;Ljakarta/servlet/ServletResponse;)V+10
j  org.springframework.security.web.FilterChainProxy$VirtualFilterChain.doFilter(Ljakarta/servlet/ServletRequest;Ljakarta/servlet/ServletResponse;)V+17
j  org.springframework.security.web.access.intercept.AuthorizationFilter.doFilter(Ljakarta/servlet/ServletRequest;Ljakarta/servlet/ServletResponse;Ljakarta/servlet/FilterChain;)V+143
j  org.springframework.security.web.FilterChainProxy$VirtualFilterChain.doFilter(Ljakarta/servlet/ServletRequest;Ljakarta/servlet/ServletResponse;)V+105
j  org.springframework.security.web.access.ExceptionTranslationFilter.doFilter(Ljakarta/servlet/http/HttpServletRequest;Ljakarta/servlet/http/HttpServletResponse;Ljakarta/servlet/FilterChain;)V+3
j  org.springframework.security.web.access.ExceptionTranslationFilter.doFilter(Ljakarta/servlet/ServletRequest;Ljakarta/servlet/ServletResponse;Ljakarta/servlet/FilterChain;)V+10
j  org.springframework.security.web.FilterChainProxy$VirtualFilterChain.doFilter(Ljakarta/servlet/ServletRequest;Ljakarta/servlet/ServletResponse;)V+105
j  org.springframework.security.web.authentication.AnonymousAuthenticationFilter.doFilter(Ljakarta/servlet/ServletRequest;Ljakarta/servlet/ServletResponse;Ljakarta/servlet/FilterChain;)V+33
j  org.springframework.security.web.FilterChainProxy$VirtualFilterChain.doFilter(Ljakarta/servlet/ServletRequest;Ljakarta/servlet/ServletResponse;)V+105
j  org.springframework.security.web.servletapi.SecurityContextHolderAwareRequestFilter.doFilter(Ljakarta/servlet/ServletRequest;Ljakarta/servlet/ServletResponse;Ljakarta/servlet/FilterChain;)V+19
j  org.springframework.security.web.FilterChainProxy$VirtualFilterChain.doFilter(Ljakarta/servlet/ServletRequest;Ljakarta/servlet/ServletResponse;)V+105
j  org.springframework.security.web.savedrequest.RequestCacheAwareFilter.doFilter(Ljakarta/servlet/ServletRequest;Ljakarta/servlet/ServletResponse;Ljakarta/servlet/FilterChain;)V+32
j  org.springframework.security.web.FilterChainProxy$VirtualFilterChain.doFilter(Ljakarta/servlet/ServletRequest;Ljakarta/servlet/ServletResponse;)V+105
j  org.springframework.security.web.authentication.AbstractAuthenticationProcessingFilter.doFilter(Ljakarta/servlet/http/HttpServletRequest;Ljakarta/servlet/http/HttpServletResponse;Ljakarta/servlet/FilterChain;)V+12
j  org.springframework.security.web.authentication.AbstractAuthenticationProcessingFilter.doFilter(Ljakarta/servlet/ServletRequest;Ljakarta/servlet/ServletResponse;Ljakarta/servlet/FilterChain;)V+10
j  org.springframework.security.web.FilterChainProxy$VirtualFilterChain.doFilter(Ljakarta/servlet/ServletRequest;Ljakarta/servlet/ServletResponse;)V+105
j  org.springframework.security.web.authentication.logout.LogoutFilter.doFilter(Ljakarta/servlet/http/HttpServletRequest;Ljakarta/servlet/http/HttpServletResponse;Ljakarta/servlet/FilterChain;)V+83
j  org.springframework.security.web.authentication.logout.LogoutFilter.doFilter(Ljakarta/servlet/ServletRequest;Ljakarta/servlet/ServletResponse;Ljakarta/servlet/FilterChain;)V+10
j  org.springframework.security.web.FilterChainProxy$VirtualFilterChain.doFilter(Ljakarta/servlet/ServletRequest;Ljakarta/servlet/ServletResponse;)V+105
j  org.springframework.security.web.header.HeaderWriterFilter.doHeadersAfter(Ljakarta/servlet/http/HttpServletRequest;Ljakarta/servlet/http/HttpServletResponse;Ljakarta/servlet/FilterChain;)V+29
j  org.springframework.security.web.header.HeaderWriterFilter.doFilterInternal(Ljakarta/servlet/http/HttpServletRequest;Ljakarta/servlet/http/HttpServletResponse;Ljakarta/servlet/FilterChain;)V+21
j  org.springframework.web.filter.OncePerRequestFilter.doFilter(Ljakarta/servlet/ServletRequest;Ljakarta/servlet/ServletResponse;Ljakarta/servlet/FilterChain;)V+150
j  org.springframework.security.web.FilterChainProxy$VirtualFilterChain.doFilter(Ljakarta/servlet/ServletRequest;Ljakarta/servlet/ServletResponse;)V+105
j  org.springframework.security.web.context.SecurityContextHolderFilter.doFilter(Ljakarta/servlet/http/HttpServletRequest;Ljakarta/servlet/http/HttpServletResponse;Ljakarta/servlet/FilterChain;)V+59
j  org.springframework.security.web.context.SecurityContextHolderFilter.doFilter(Ljakarta/servlet/ServletRequest;Ljakarta/servlet/ServletResponse;Ljakarta/servlet/FilterChain;)V+10
j  org.springframework.security.web.FilterChainProxy$VirtualFilterChain.doFilter(Ljakarta/servlet/ServletRequest;Ljakarta/servlet/ServletResponse;)V+105
j  org.springframework.security.web.context.request.async.WebAsyncManagerIntegrationFilter.doFilterInternal(Ljakarta/servlet/http/HttpServletRequest;Ljakarta/servlet/http/HttpServletResponse;Ljakarta/servlet/FilterChain;)V+55
j  org.springframework.web.filter.OncePerRequestFilter.doFilter(Ljakarta/servlet/ServletRequest;Ljakarta/servlet/ServletResponse;Ljakarta/servlet/FilterChain;)V+150
j  org.springframework.security.web.FilterChainProxy$VirtualFilterChain.doFilter(Ljakarta/servlet/ServletRequest;Ljakarta/servlet/ServletResponse;)V+105
j  org.springframework.security.web.session.DisableEncodeUrlFilter.doFilterInternal(Ljakarta/servlet/http/HttpServletRequest;Ljakarta/servlet/http/HttpServletResponse;Ljakarta/servlet/FilterChain;)V+10
j  org.springframework.web.filter.OncePerRequestFilter.doFilter(Ljakarta/servlet/ServletRequest;Ljakarta/servlet/ServletResponse;Ljakarta/servlet/FilterChain;)V+150
j  org.springframework.security.web.FilterChainProxy$VirtualFilterChain.doFilter(Ljakarta/servlet/ServletRequest;Ljakarta/servlet/ServletResponse;)V+105
j  org.springframework.security.web.FilterChainProxy.doFilterInternal(Ljakarta/servlet/ServletRequest;Ljakarta/servlet/ServletResponse;Ljakarta/servlet/FilterChain;)V+163
j  org.springframework.security.web.FilterChainProxy.doFilter(Ljakarta/servlet/ServletRequest;Ljakarta/servlet/ServletResponse;Ljakarta/servlet/FilterChain;)V+48
j  org.springframework.web.filter.DelegatingFilterProxy.invokeDelegate(Ljakarta/servlet/Filter;Ljakarta/servlet/ServletRequest;Ljakarta/servlet/ServletResponse;Ljakarta/servlet/FilterChain;)V+5
j  org.springframework.web.filter.DelegatingFilterProxy.doFilter(Ljakarta/servlet/ServletRequest;Ljakarta/servlet/ServletResponse;Ljakarta/servlet/FilterChain;)V+85
j  org.apache.catalina.core.ApplicationFilterChain.internalDoFilter(Ljakarta/servlet/ServletRequest;Ljakarta/servlet/ServletResponse;)V+135
j  org.apache.catalina.core.ApplicationFilterChain.doFilter(Ljakarta/servlet/ServletRequest;Ljakarta/servlet/ServletResponse;)V+99
j  org.springframework.web.filter.RequestContextFilter.doFilterInternal(Ljakarta/servlet/http/HttpServletRequest;Ljakarta/servlet/http/HttpServletResponse;Ljakarta/servlet/FilterChain;)V+21
j  org.springframework.web.filter.OncePerRequestFilter.doFilter(Ljakarta/servlet/ServletRequest;Ljakarta/servlet/ServletResponse;Ljakarta/servlet/FilterChain;)V+150
j  org.apache.catalina.core.ApplicationFilterChain.internalDoFilter(Ljakarta/servlet/ServletRequest;Ljakarta/servlet/ServletResponse;)V+135
j  org.apache.catalina.core.ApplicationFilterChain.doFilter(Ljakarta/servlet/ServletRequest;Ljakarta/servlet/ServletResponse;)V+99
j  org.springframework.web.filter.FormContentFilter.doFilterInternal(Ljakarta/servlet/http/HttpServletRequest;Ljakarta/servlet/http/HttpServletResponse;Ljakarta/servlet/FilterChain;)V+38
j  org.springframework.web.filter.OncePerRequestFilter.doFilter(Ljakarta/servlet/ServletRequest;Ljakarta/servlet/ServletResponse;Ljakarta/servlet/FilterChain;)V+150
j  org.apache.catalina.core.ApplicationFilterChain.internalDoFilter(Ljakarta/servlet/ServletRequest;Ljakarta/servlet/ServletResponse;)V+135
j  org.apache.catalina.core.ApplicationFilterChain.doFilter(Ljakarta/servlet/ServletRequest;Ljakarta/servlet/ServletResponse;)V+99
j  org.springframework.web.filter.CharacterEncodingFilter.doFilterInternal(Ljakarta/servlet/http/HttpServletRequest;Ljakarta/servlet/http/HttpServletResponse;Ljakarta/servlet/FilterChain;)V+53
j  org.springframework.web.filter.OncePerRequestFilter.doFilter(Ljakarta/servlet/ServletRequest;Ljakarta/servlet/ServletResponse;Ljakarta/servlet/FilterChain;)V+150
j  org.apache.catalina.core.ApplicationFilterChain.internalDoFilter(Ljakarta/servlet/ServletRequest;Ljakarta/servlet/ServletResponse;)V+135
j  org.apache.catalina.core.ApplicationFilterChain.doFilter(Ljakarta/servlet/ServletRequest;Ljakarta/servlet/ServletResponse;)V+99
j  org.apache.catalina.core.StandardWrapperValve.invoke(Lorg/apache/catalina/connector/Request;Lorg/apache/catalina/connector/Response;)V+514
j  org.apache.catalina.core.StandardContextValve.invoke(Lorg/apache/catalina/connector/Request;Lorg/apache/catalina/connector/Response;)V+169
j  org.apache.catalina.authenticator.AuthenticatorBase.invoke(Lorg/apache/catalina/connector/Request;Lorg/apache/catalina/connector/Response;)V+218
j  org.apache.catalina.core.StandardHostValve.invoke(Lorg/apache/catalina/connector/Request;Lorg/apache/catalina/connector/Response;)V+131
j  org.apache.catalina.valves.ErrorReportValve.invoke(Lorg/apache/catalina/connector/Request;Lorg/apache/catalina/connector/Response;)V+6
j  org.apache.catalina.core.StandardEngineValve.invoke(Lorg/apache/catalina/connector/Request;Lorg/apache/catalina/connector/Response;)V+59
j  org.apache.catalina.connector.CoyoteAdapter.service(Lorg/apache/coyote/Request;Lorg/apache/coyote/Response;)V+187
j  org.apache.coyote.http11.Http11Processor.service(Lorg/apache/tomcat/util/net/SocketWrapperBase;)Lorg/apache/tomcat/util/net/AbstractEndpoint$Handler$SocketState;+785
j  org.apache.coyote.AbstractProcessorLight.process(Lorg/apache/tomcat/util/net/SocketWrapperBase;Lorg/apache/tomcat/util/net/SocketEvent;)Lorg/apache/tomcat/util/net/AbstractEndpoint$Handler$SocketState;+152
j  org.apache.coyote.AbstractProtocol$ConnectionHandler.process(Lorg/apache/tomcat/util/net/SocketWrapperBase;Lorg/apache/tomcat/util/net/SocketEvent;)Lorg/apache/tomcat/util/net/AbstractEndpoint$Handler$SocketState;+482
j  org.apache.tomcat.util.net.NioEndpoint$SocketProcessor.doRun()V+249
j  org.apache.tomcat.util.net.SocketProcessorBase.run()V+32
j  org.apache.tomcat.util.threads.ThreadPoolExecutor.runWorker(Lorg/apache/tomcat/util/threads/ThreadPoolExecutor$Worker;)V+92
j  org.apache.tomcat.util.threads.ThreadPoolExecutor$Worker.run()V+5
j  org.apache.tomcat.util.threads.TaskThread$WrappingRunnable.run()V+4
j  java.lang.Thread.run()V+11 java.base@17.0.8.1
v  ~StubRoutines::call_stub

siginfo: EXCEPTION_ACCESS_VIOLATION (0xc0000005), reading address 0x000000061adaeaf8


Register to memory mapping:

RIP=0x00007ffd418b0451 jvm.dll
RAX=0x0000009e4b9f8ff8 is pointing into the stack for thread: 0x000001ab0f9144b0
RBX=0x000001ab0d0c0460 points into unknown readable memory: 0x000000061adaeaf0 | f0 ea da 1a 06 00 00 00
RCX=0x0000009e4b9f8f70 is pointing into the stack for thread: 0x000001ab0f9144b0
RDX=0x0000009e4b9f8f70 is pointing into the stack for thread: 0x000001ab0f9144b0
RSP=0x0000009e4b9f8fa0 is pointing into the stack for thread: 0x000001ab0f9144b0
RBP=0x0000009e4b9f8fe9 is pointing into the stack for thread: 0x000001ab0f9144b0
RSI=0x000001ab0f9144b0 is a thread
RDI=0x000000061adaeaf0 is an unknown value
R8 =0x0 is NULL
R9 =0x000001ab1400b668 is pointing into metadata
R10=0x000001ab1400a708 is pointing into metadata
R11=0x0 is NULL
R12=0x0 is NULL
R13=0x000001ab1400affc is pointing into metadata
R14=0x0000009e4b9f9110 is pointing into the stack for thread: 0x000001ab0f9144b0
R15=0x000001ab1400affc is pointing into metadata


Registers:
RAX=0x0000009e4b9f8ff8, RBX=0x000001ab0d0c0460, RCX=0x0000009e4b9f8f70, RDX=0x0000009e4b9f8f70
RSP=0x0000009e4b9f8fa0, RBP=0x0000009e4b9f8fe9, RSI=0x000001ab0f9144b0, RDI=0x000000061adaeaf0
R8 =0x0000000000000000, R9 =0x000001ab1400b668, R10=0x000001ab1400a708, R11=0x0000000000000000
R12=0x0000000000000000, R13=0x000001ab1400affc, R14=0x0000009e4b9f9110, R15=0x000001ab1400affc
RIP=0x00007ffd418b0451, EFLAGS=0x0000000000010202

Top of Stack: (sp=0x0000009e4b9f8fa0)
0x0000009e4b9f8fa0:   000001ab1400a70b 000001ab0d0c0460
0x0000009e4b9f8fb0:   0000009e4b9f8fe9 0000003d00000002
0x0000009e4b9f8fc0:   000000000000003d 000000030000000c
0x0000009e4b9f8fd0:   000001ab7c95ec00 0000000000000000
0x0000009e4b9f8fe0:   00000000000000b9 00007ffd41619b9f
0x0000009e4b9f8ff0:   0000009e4b9f9900 000001ab7c977610
0x0000009e4b9f9000:   000001ab0d9530f0 00000008003053c8
0x0000009e4b9f9010:   0000000800999cd0 0000000000000000
0x0000009e4b9f9020:   0000000000000000 000001ab000b0101
0x0000009e4b9f9030:   0000009e4b9f9140 00007ffd416d5914
0x0000009e4b9f9040:   000001ab119b6b00 000001ab0f9144b0
0x0000009e4b9f9050:   000001ab0d0c0460 00000000000000b9
0x0000009e4b9f9060:   000001ab000000b9 000001ab0f9144b0
0x0000009e4b9f9070:   000001ab1400b040 000001ab0f9144b0
0x0000009e4b9f9080:   0000000000000000 0000000000000000
0x0000009e4b9f9090:   000001ab1400a708 000001ab0f9144b0 

Instructions: (pc=0x00007ffd418b0451)
0x00007ffd418b0351:   6b d0 ff ff 48 83 7e 08 00 0f 85 6e 01 00 00 48
0x00007ffd418b0361:   85 db 75 04 33 ff eb 25 80 3d 0e e3 60 00 00 48
0x00007ffd418b0371:   8b 3b 74 15 8b 7f 08 8b 0d 8a 1f 5a 00 48 d3 e7
0x00007ffd418b0381:   48 03 3d 78 1f 5a 00 eb 04 48 8b 7f 08 48 8b d6
0x00007ffd418b0391:   48 8d 4d 0f e8 56 e5 ff ff 48 83 7e 08 00 0f 85
0x00007ffd418b03a1:   29 01 00 00 48 89 45 ff 48 89 75 07 48 85 c0 74
0x00007ffd418b03b1:   14 48 8b 8e 48 02 00 00 48 8d 55 f7 48 89 45 f7
0x00007ffd418b03c1:   e8 9a a6 aa ff 4c 8b 45 1f 48 8d 55 ff 48 89 74
0x00007ffd418b03d1:   24 30 4c 8b cb c6 44 24 28 01 49 8b ce 48 89 7c
0x00007ffd418b03e1:   24 20 e8 48 1e 00 00 e9 d8 00 00 00 4c 8b 4d 7f
0x00007ffd418b03f1:   45 8b c2 49 8b d3 49 8b ce e8 31 03 00 00 e9 d3
0x00007ffd418b0401:   00 00 00 4c 8b 4d 7f 45 8b c2 49 8b d3 49 8b ce
0x00007ffd418b0411:   e8 3a 01 00 00 e9 bc 00 00 00 48 8b 75 7f 48 8d
0x00007ffd418b0421:   4d 0f 4c 8b ce 45 8b c2 49 8b d3 e8 8f cf ff ff
0x00007ffd418b0431:   48 83 7e 08 00 0f 85 92 00 00 00 48 85 db 75 04
0x00007ffd418b0441:   33 ff eb 25 80 3d 32 e2 60 00 00 48 8b 3b 74 15
0x00007ffd418b0451:   8b 7f 08 8b 0d ae 1e 5a 00 48 d3 e7 48 03 3d 9c
0x00007ffd418b0461:   1e 5a 00 eb 04 48 8b 7f 08 4c 8b c6 48 8d 4d 0f
0x00007ffd418b0471:   ba b9 00 00 00 e8 85 f6 ff ff 48 83 7e 08 00 75
0x00007ffd418b0481:   4c 48 89 45 ff 48 89 75 07 48 85 c0 74 14 48 8b
0x00007ffd418b0491:   8e 48 02 00 00 48 8d 55 f7 48 89 45 f7 e8 bd a5
0x00007ffd418b04a1:   aa ff 4c 8b 45 1f 48 8d 55 ff 48 89 74 24 30 4c
0x00007ffd418b04b1:   8b cb c6 44 24 28 01 49 8b ce 48 89 7c 24 20 e8
0x00007ffd418b04c1:   cb 13 00 00 48 8d 4d ff e8 22 cc de ff 48 8d 4d
0x00007ffd418b04d1:   2f e8 19 cc de ff 48 8b b4 24 a0 00 00 00 48 8b
0x00007ffd418b04e1:   bc 24 a8 00 00 00 4c 8d 9c 24 90 00 00 00 49 8b
0x00007ffd418b04f1:   5b 20 4d 8b 73 28 49 8b e3 5d c3 3f 03 56 00 c9
0x00007ffd418b0501:   02 56 00 91 02 56 00 1b 04 56 00 04 04 56 00 ed
0x00007ffd418b0511:   03 56 00 d7 04 56 00 00 01 02 03 04 06 06 06 06
0x00007ffd418b0521:   06 06 06 06 06 06 06 06 06 06 06 06 06 06 06 06
0x00007ffd418b0531:   06 06 06 06 06 06 06 06 06 06 06 06 06 06 06 06
0x00007ffd418b0541:   06 06 06 06 06 06 06 06 06 06 05 cc cc cc cc 40 


Stack slot to memory mapping:
stack at sp + 0 slots: 0x000001ab1400a70b is pointing into metadata
stack at sp + 1 slots: 0x000001ab0d0c0460 points into unknown readable memory: 0x000000061adaeaf0 | f0 ea da 1a 06 00 00 00
stack at sp + 2 slots: 0x0000009e4b9f8fe9 is pointing into the stack for thread: 0x000001ab0f9144b0
stack at sp + 3 slots: 0x0000003d00000002 is an unknown value
stack at sp + 4 slots: 0x000000000000003d is an unknown value
stack at sp + 5 slots: 0x000000030000000c is an unknown value
stack at sp + 6 slots: 0x000001ab7c95ec00 points into unknown readable memory: 0x616a00106e30ffff | ff ff 30 6e 10 00 6a 61
stack at sp + 7 slots: 0x0 is NULL


---------------  P R O C E S S  ---------------

Threads class SMR info:
_java_thread_list=0x000001ab120910e0, length=29, elements={
0x000001ab0c06b830, 0x000001ab0c06e8c0, 0x000001ab0c0b0290, 0x000001ab0c0b14e0,
0x000001ab0c0b2820, 0x000001ab0c0b66e0, 0x000001ab0c0c4540, 0x000001ab0c0d1f80,
0x000001ab0c1250c0, 0x000001ab0c249e80, 0x000001ab0c25e830, 0x000001ab1157a3a0,
0x000001ab11579e90, 0x000001ab11578f60, 0x000001ab11579470, 0x000001ab11579980,
0x000001ab0f915e00, 0x000001ab0f9144b0, 0x000001ab0f916820, 0x000001ab0f9149c0,
0x000001ab0f913070, 0x000001ab0f913580, 0x000001ab0f914ed0, 0x000001ab0f5ca200,
0x000001ab0f5cf300, 0x000001ab0f5cac20, 0x000001ab0f5cb130, 0x000001ab0f5d0230,
0x000001ab0f5ce3d0
}

Java Threads: ( => current thread )
  0x000001ab0c06b830 JavaThread "Reference Handler" daemon [_thread_blocked, id=15224, stack(0x0000009e4a000000,0x0000009e4a100000)]
  0x000001ab0c06e8c0 JavaThread "Finalizer" daemon [_thread_blocked, id=14168, stack(0x0000009e4a100000,0x0000009e4a200000)]
  0x000001ab0c0b0290 JavaThread "Signal Dispatcher" daemon [_thread_blocked, id=12168, stack(0x0000009e4a200000,0x0000009e4a300000)]
  0x000001ab0c0b14e0 JavaThread "Attach Listener" daemon [_thread_blocked, id=15308, stack(0x0000009e4a300000,0x0000009e4a400000)]
  0x000001ab0c0b2820 JavaThread "Service Thread" daemon [_thread_blocked, id=8696, stack(0x0000009e4a400000,0x0000009e4a500000)]
  0x000001ab0c0b66e0 JavaThread "Monitor Deflation Thread" daemon [_thread_blocked, id=14428, stack(0x0000009e4a500000,0x0000009e4a600000)]
  0x000001ab0c0c4540 JavaThread "C2 CompilerThread0" daemon [_thread_blocked, id=16084, stack(0x0000009e4a600000,0x0000009e4a700000)]
  0x000001ab0c0d1f80 JavaThread "C1 CompilerThread0" daemon [_thread_blocked, id=14144, stack(0x0000009e4a700000,0x0000009e4a800000)]
  0x000001ab0c1250c0 JavaThread "Sweeper thread" daemon [_thread_blocked, id=7240, stack(0x0000009e4a800000,0x0000009e4a900000)]
  0x000001ab0c249e80 JavaThread "Notification Thread" daemon [_thread_blocked, id=17936, stack(0x0000009e4a900000,0x0000009e4aa00000)]
  0x000001ab0c25e830 JavaThread "Common-Cleaner" daemon [_thread_blocked, id=15172, stack(0x0000009e4ab00000,0x0000009e4ac00000)]
  0x000001ab1157a3a0 JavaThread "Catalina-utility-1" [_thread_blocked, id=14864, stack(0x0000009e4b100000,0x0000009e4b200000)]
  0x000001ab11579e90 JavaThread "Catalina-utility-2" [_thread_blocked, id=7784, stack(0x0000009e4b200000,0x0000009e4b300000)]
  0x000001ab11578f60 JavaThread "container-0" [_thread_blocked, id=5440, stack(0x0000009e4b300000,0x0000009e4b400000)]
  0x000001ab11579470 JavaThread "mssql-jdbc-shared-timer-core-0" daemon [_thread_blocked, id=7400, stack(0x0000009e4b500000,0x0000009e4b600000)]
  0x000001ab11579980 JavaThread "HikariPool-1 housekeeper" daemon [_thread_blocked, id=11572, stack(0x0000009e4b600000,0x0000009e4b700000)]
  0x000001ab0f915e00 JavaThread "http-nio-8080-exec-1" daemon [_thread_blocked, id=7132, stack(0x0000009e4b800000,0x0000009e4b900000)]
=>0x000001ab0f9144b0 JavaThread "http-nio-8080-exec-2" daemon [_thread_in_vm, id=15048, stack(0x0000009e4b900000,0x0000009e4ba00000)]
  0x000001ab0f916820 JavaThread "http-nio-8080-exec-3" daemon [_thread_blocked, id=2220, stack(0x0000009e4ba00000,0x0000009e4bb00000)]
  0x000001ab0f9149c0 JavaThread "http-nio-8080-exec-4" daemon [_thread_blocked, id=11384, stack(0x0000009e4bb00000,0x0000009e4bc00000)]
  0x000001ab0f913070 JavaThread "http-nio-8080-exec-5" daemon [_thread_blocked, id=684, stack(0x0000009e4bc00000,0x0000009e4bd00000)]
  0x000001ab0f913580 JavaThread "http-nio-8080-exec-6" daemon [_thread_blocked, id=2252, stack(0x0000009e4bd00000,0x0000009e4be00000)]
  0x000001ab0f914ed0 JavaThread "http-nio-8080-exec-7" daemon [_thread_blocked, id=9384, stack(0x0000009e4be00000,0x0000009e4bf00000)]
  0x000001ab0f5ca200 JavaThread "http-nio-8080-exec-8" daemon [_thread_blocked, id=13896, stack(0x0000009e4bf00000,0x0000009e4c000000)]
  0x000001ab0f5cf300 JavaThread "http-nio-8080-exec-9" daemon [_thread_blocked, id=12312, stack(0x0000009e4c000000,0x0000009e4c100000)]
  0x000001ab0f5cac20 JavaThread "http-nio-8080-exec-10" daemon [_thread_blocked, id=18380, stack(0x0000009e4c100000,0x0000009e4c200000)]
  0x000001ab0f5cb130 JavaThread "http-nio-8080-Poller" daemon [_thread_in_native, id=10524, stack(0x0000009e4c200000,0x0000009e4c300000)]
  0x000001ab0f5d0230 JavaThread "http-nio-8080-Acceptor" daemon [_thread_in_native, id=7480, stack(0x0000009e4c300000,0x0000009e4c400000)]
  0x000001ab0f5ce3d0 JavaThread "DestroyJavaVM" [_thread_blocked, id=2728, stack(0x0000009e49900000,0x0000009e49a00000)]

Other Threads:
  0x000001ab7ca4eca0 VMThread "VM Thread" [stack: 0x0000009e49f00000,0x0000009e4a000000] [id=11080]
  0x000001ab0c250380 WatcherThread [stack: 0x0000009e4aa00000,0x0000009e4ab00000] [id=1524]
  0x000001ab68aaccb0 GCTaskThread "GC Thread#0" [stack: 0x0000009e49a00000,0x0000009e49b00000] [id=5584]
  0x000001ab0c2a0870 GCTaskThread "GC Thread#1" [stack: 0x0000009e4ad00000,0x0000009e4ae00000] [id=8116]
  0x000001ab0c2a1630 GCTaskThread "GC Thread#2" [stack: 0x0000009e4ae00000,0x0000009e4af00000] [id=12800]
  0x000001ab0c2a1370 GCTaskThread "GC Thread#3" [stack: 0x0000009e4af00000,0x0000009e4b000000] [id=11864]
  0x000001ab68aaeb00 ConcurrentGCThread "G1 Main Marker" [stack: 0x0000009e49b00000,0x0000009e49c00000] [id=14396]
  0x000001ab7c861100 ConcurrentGCThread "G1 Conc#0" [stack: 0x0000009e49c00000,0x0000009e49d00000] [id=1988]
  0x000001ab7c905aa0 ConcurrentGCThread "G1 Refine#0" [stack: 0x0000009e49d00000,0x0000009e49e00000] [id=14040]
  0x000001ab0cecab20 ConcurrentGCThread "G1 Refine#1" [stack: 0x0000009e4b000000,0x0000009e4b100000] [id=17080]
  0x000001ab7c907120 ConcurrentGCThread "G1 Service" [stack: 0x0000009e49e00000,0x0000009e49f00000] [id=14064]

Threads with active compile tasks:

VM state: not at safepoint (normal execution)

VM Mutex/Monitor currently owned by a thread: None

Heap address: 0x0000000704c00000, size: 4020 MB, Compressed Oops mode: Zero based, Oop shift amount: 3

CDS archive(s) not mapped
Compressed class space mapped at: 0x0000000800000000-0x0000000840000000, reserved size: 1073741824
Narrow klass base: 0x0000000800000000, Narrow klass shift: 0, Narrow klass range: 0x40000000

GC Precious Log:
 CPUs: 4 total, 4 available
 Memory: 16079M
 Large Page Support: Disabled
 NUMA Support: Disabled
 Compressed Oops: Enabled (Zero based)
 Heap Region Size: 2M
 Heap Min Capacity: 8M
 Heap Initial Capacity: 252M
 Heap Max Capacity: 4020M
 Pre-touch: Disabled
 Parallel Workers: 4
 Concurrent Workers: 1
 Concurrent Refinement Workers: 4
 Periodic GC: Disabled

Heap:
 garbage-first heap   total 75776K, used 47600K [0x0000000704c00000, 0x0000000800000000)
  region size 2048K, 9 young (18432K), 1 survivors (2048K)
 Metaspace       used 83236K, committed 83776K, reserved 1179648K
  class space    used 10284K, committed 10560K, reserved 1048576K

Heap Regions: E=young(eden), S=young(survivor), O=old, HS=humongous(starts), HC=humongous(continues), CS=collection set, F=free, OA=open archive, CA=closed archive, TAMS=top-at-mark-start (previous, next)
|   0|0x0000000704c00000, 0x0000000704e00000, 0x0000000704e00000|100%| O|  |TAMS 0x0000000704e00000, 0x0000000704c00000| Untracked 
|   1|0x0000000704e00000, 0x0000000705000000, 0x0000000705000000|100%| O|  |TAMS 0x0000000705000000, 0x0000000704e00000| Untracked 
|   2|0x0000000705000000, 0x0000000705200000, 0x0000000705200000|100%| O|  |TAMS 0x0000000705200000, 0x0000000705000000| Untracked 
|   3|0x0000000705200000, 0x0000000705400000, 0x0000000705400000|100%| O|  |TAMS 0x0000000705400000, 0x0000000705200000| Untracked 
|   4|0x0000000705400000, 0x0000000705600000, 0x0000000705600000|100%| O|  |TAMS 0x0000000705600000, 0x0000000705400000| Untracked 
|   5|0x0000000705600000, 0x0000000705800000, 0x0000000705800000|100%| O|  |TAMS 0x0000000705800000, 0x0000000705600000| Untracked 
|   6|0x0000000705800000, 0x0000000705a00000, 0x0000000705a00000|100%| O|  |TAMS 0x0000000705a00000, 0x0000000705800000| Untracked 
|   7|0x0000000705a00000, 0x0000000705c00000, 0x0000000705c00000|100%| O|  |TAMS 0x0000000705bbbc00, 0x0000000705a00000| Untracked 
|   8|0x0000000705c00000, 0x0000000705c30800, 0x0000000705e00000|  9%| O|  |TAMS 0x0000000705c30800, 0x0000000705c00000| Untracked 
|   9|0x0000000705e00000, 0x0000000706000000, 0x0000000706000000|100%| O|  |TAMS 0x0000000705e00000, 0x0000000705e00000| Untracked 
|  10|0x0000000706000000, 0x0000000706200000, 0x0000000706200000|100%| O|  |TAMS 0x0000000706000000, 0x0000000706000000| Untracked 
|  11|0x0000000706200000, 0x0000000706400000, 0x0000000706400000|100%| O|  |TAMS 0x0000000706200000, 0x0000000706200000| Untracked 
|  12|0x0000000706400000, 0x0000000706600000, 0x0000000706600000|100%| O|  |TAMS 0x0000000706400000, 0x0000000706400000| Untracked 
|  13|0x0000000706600000, 0x0000000706800000, 0x0000000706800000|100%| O|  |TAMS 0x0000000706600000, 0x0000000706600000| Untracked 
|  14|0x0000000706800000, 0x0000000706a00000, 0x0000000706a00000|100%| O|  |TAMS 0x0000000706800000, 0x0000000706800000| Untracked 
|  15|0x0000000706a00000, 0x0000000706c00000, 0x0000000706c00000|100%| O|  |TAMS 0x0000000706a00000, 0x0000000706a00000| Untracked 
|  16|0x0000000706c00000, 0x0000000706c51208, 0x0000000706e00000| 15%| O|  |TAMS 0x0000000706c00000, 0x0000000706c00000| Untracked 
|  17|0x0000000706e00000, 0x0000000706e00000, 0x0000000707000000|  0%| F|  |TAMS 0x0000000706e00000, 0x0000000706e00000| Untracked 
|  18|0x0000000707000000, 0x0000000707000000, 0x0000000707200000|  0%| F|  |TAMS 0x0000000707000000, 0x0000000707000000| Untracked 
|  19|0x0000000707200000, 0x0000000707200000, 0x0000000707400000|  0%| F|  |TAMS 0x0000000707200000, 0x0000000707200000| Untracked 
|  20|0x0000000707400000, 0x0000000707400000, 0x0000000707600000|  0%| F|  |TAMS 0x0000000707400000, 0x0000000707400000| Untracked 
|  21|0x0000000707600000, 0x0000000707600000, 0x0000000707800000|  0%| F|  |TAMS 0x0000000707600000, 0x0000000707600000| Untracked 
|  22|0x0000000707800000, 0x0000000707800000, 0x0000000707a00000|  0%| F|  |TAMS 0x0000000707800000, 0x0000000707800000| Untracked 
|  23|0x0000000707a00000, 0x0000000707a00000, 0x0000000707c00000|  0%| F|  |TAMS 0x0000000707a00000, 0x0000000707a00000| Untracked 
|  24|0x0000000707c00000, 0x0000000707dfa688, 0x0000000707e00000| 98%| S|CS|TAMS 0x0000000707c00000, 0x0000000707c00000| Complete 
|  25|0x0000000707e00000, 0x0000000707e00000, 0x0000000708000000|  0%| F|  |TAMS 0x0000000707e00000, 0x0000000707e00000| Untracked 
|  26|0x0000000708000000, 0x0000000708000000, 0x0000000708200000|  0%| F|  |TAMS 0x0000000708000000, 0x0000000708000000| Untracked 
|  27|0x0000000708200000, 0x0000000708200000, 0x0000000708400000|  0%| F|  |TAMS 0x0000000708200000, 0x0000000708200000| Untracked 
|  28|0x0000000708400000, 0x0000000708400000, 0x0000000708600000|  0%| F|  |TAMS 0x0000000708400000, 0x0000000708400000| Untracked 
|  29|0x0000000708600000, 0x00000007086402b8, 0x0000000708800000| 12%| E|  |TAMS 0x0000000708600000, 0x0000000708600000| Complete 
|  30|0x0000000708800000, 0x0000000708a00000, 0x0000000708a00000|100%| E|CS|TAMS 0x0000000708800000, 0x0000000708800000| Complete 
|  31|0x0000000708a00000, 0x0000000708c00000, 0x0000000708c00000|100%| E|CS|TAMS 0x0000000708a00000, 0x0000000708a00000| Complete 
|  42|0x000000070a000000, 0x000000070a200000, 0x000000070a200000|100%| E|CS|TAMS 0x000000070a000000, 0x000000070a000000| Complete 
|  43|0x000000070a200000, 0x000000070a400000, 0x000000070a400000|100%| E|CS|TAMS 0x000000070a200000, 0x000000070a200000| Complete 
|  44|0x000000070a400000, 0x000000070a600000, 0x000000070a600000|100%| E|CS|TAMS 0x000000070a400000, 0x000000070a400000| Complete 
|  45|0x000000070a600000, 0x000000070a800000, 0x000000070a800000|100%| E|CS|TAMS 0x000000070a600000, 0x000000070a600000| Complete 
| 125|0x0000000714600000, 0x0000000714800000, 0x0000000714800000|100%| E|CS|TAMS 0x0000000714600000, 0x0000000714600000| Complete 

Card table byte_map: [0x000001ab7b890000,0x000001ab7c070000] _byte_map_base: 0x000001ab7806a000

Marking Bits (Prev, Next): (CMBitMap*) 0x000001ab68aade70, (CMBitMap*) 0x000001ab68aade30
 Prev Bits: [0x000001ab03ed0000, 0x000001ab07da0000)
 Next Bits: [0x000001ab00000000, 0x000001ab03ed0000)

Polling page: 0x000001ab681b0000

Metaspace:

Usage:
  Non-class:     71.24 MB used.
      Class:     10.04 MB used.
       Both:     81.29 MB used.

Virtual space:
  Non-class space:      128.00 MB reserved,      71.50 MB ( 56%) committed,  2 nodes.
      Class space:        1.00 GB reserved,      10.31 MB (  1%) committed,  1 nodes.
             Both:        1.12 GB reserved,      81.81 MB (  7%) committed. 

Chunk freelists:
   Non-Class:  8.19 MB
       Class:  5.70 MB
        Both:  13.89 MB

MaxMetaspaceSize: unlimited
CompressedClassSpaceSize: 1.00 GB
Initial GC threshold: 21.00 MB
Current GC threshold: 98.25 MB
CDS: off
MetaspaceReclaimPolicy: balanced
 - commit_granule_bytes: 65536.
 - commit_granule_words: 8192.
 - virtual_space_node_default_size: 8388608.
 - enlarge_chunks_in_place: 1.
 - new_chunks_are_fully_committed: 0.
 - uncommit_free_chunks: 1.
 - use_allocation_guard: 0.
 - handle_deallocations: 1.


Internal statistics:

num_allocs_failed_limit: 9.
num_arena_births: 806.
num_arena_deaths: 0.
num_vsnodes_births: 3.
num_vsnodes_deaths: 0.
num_space_committed: 1309.
num_space_uncommitted: 0.
num_chunks_returned_to_freelist: 9.
num_chunks_taken_from_freelist: 3340.
num_chunk_merges: 6.
num_chunk_splits: 2444.
num_chunks_enlarged: 1914.
num_inconsistent_stats: 0.

CodeHeap 'non-profiled nmethods': size=120000Kb used=4072Kb max_used=4072Kb free=115928Kb
 bounds [0x000001ab73b80000, 0x000001ab73f80000, 0x000001ab7b0b0000]
CodeHeap 'profiled nmethods': size=120000Kb used=12027Kb max_used=12027Kb free=107972Kb
 bounds [0x000001ab6c0b0000, 0x000001ab6cc80000, 0x000001ab735e0000]
CodeHeap 'non-nmethods': size=5760Kb used=1396Kb max_used=1437Kb free=4363Kb
 bounds [0x000001ab735e0000, 0x000001ab73850000, 0x000001ab73b80000]
 total_blobs=6391 nmethods=5658 adapters=643
 compilation: enabled
              stopped_count=0, restarted_count=0
 full_count=0

Compilation events (20 events):
Event: 20.492 Thread 0x000001ab0c0d1f80 6402       3       java.lang.invoke.LambdaFormBuffer::replaceName (124 bytes)
Event: 20.492 Thread 0x000001ab0c0c4540 6403       4       jdk.internal.org.objectweb.asm.Frame::getAbstractTypeFromDescriptor (415 bytes)
Event: 20.492 Thread 0x000001ab0c0d1f80 nmethod 6402 0x000001ab6cc6c590 code [0x000001ab6cc6c740, 0x000001ab6cc6c928]
Event: 20.494 Thread 0x000001ab0c0d1f80 6404       1       java.util.logging.LogManager$LoggerWeakRef::setParentRef (6 bytes)
Event: 20.494 Thread 0x000001ab0c0d1f80 nmethod 6404 0x000001ab73f77b90 code [0x000001ab73f77d20, 0x000001ab73f77e38]
Event: 20.495 Thread 0x000001ab0c0d1f80 6405       3       org.apache.jasper.compiler.SmapUtil$SDEInstaller::readU1 (21 bytes)
Event: 20.495 Thread 0x000001ab0c0d1f80 nmethod 6405 0x000001ab6cc6ca10 code [0x000001ab6cc6cba0, 0x000001ab6cc6ccf8]
Event: 20.495 Thread 0x000001ab0c0d1f80 6407       3       org.apache.jasper.compiler.SmapUtil$SDEInstaller::readBytes (38 bytes)
Event: 20.496 Thread 0x000001ab0c0d1f80 nmethod 6407 0x000001ab6cc6ce10 code [0x000001ab6cc6cfc0, 0x000001ab6cc6d278]
Event: 20.496 Thread 0x000001ab0c0d1f80 6408       3       org.apache.jasper.compiler.SmapUtil$SDEInstaller::writeBytes (45 bytes)
Event: 20.496 Thread 0x000001ab0c0d1f80 nmethod 6408 0x000001ab6cc6d390 code [0x000001ab6cc6d540, 0x000001ab6cc6d758]
Event: 20.496 Thread 0x000001ab0c0d1f80 6406       3       org.apache.jasper.compiler.SmapUtil$SDEInstaller::writeU1 (19 bytes)
Event: 20.496 Thread 0x000001ab0c0d1f80 nmethod 6406 0x000001ab6cc6d890 code [0x000001ab6cc6da20, 0x000001ab6cc6db78]
Event: 20.510 Thread 0x000001ab0c0d1f80 6410       3       org.apache.catalina.core.DefaultInstanceManager::findLifecycleCallback (110 bytes)
Event: 20.511 Thread 0x000001ab0c0d1f80 nmethod 6410 0x000001ab6cc6dc90 code [0x000001ab6cc6dfc0, 0x000001ab6cc6f458]
Event: 20.517 Thread 0x000001ab0c0c4540 nmethod 6403 0x000001ab73f77e90 code [0x000001ab73f780a0, 0x000001ab73f79220]
Event: 20.517 Thread 0x000001ab0c0c4540 6409       4       java.lang.invoke.DirectMethodHandle$Holder::invokeStatic (15 bytes)
Event: 20.518 Thread 0x000001ab0c0c4540 nmethod 6409 0x000001ab73f79c90 code [0x000001ab73f79e20, 0x000001ab73f79ee8]
Event: 20.520 Thread 0x000001ab0c0d1f80 6411       3       java.io.Writer::write (11 bytes)
Event: 20.520 Thread 0x000001ab0c0d1f80 nmethod 6411 0x000001ab6cc6fb10 code [0x000001ab6cc6fcc0, 0x000001ab6cc6ffa8]

GC Heap History (20 events):
Event: 3.334 GC heap before
{Heap before GC invocations=7 (full 0):
 garbage-first heap   total 40960K, used 23527K [0x0000000704c00000, 0x0000000800000000)
  region size 2048K, 7 young (14336K), 1 survivors (2048K)
 Metaspace       used 25808K, committed 25984K, reserved 1114112K
  class space    used 2845K, committed 2944K, reserved 1048576K
}
Event: 3.339 GC heap after
{Heap after GC invocations=8 (full 0):
 garbage-first heap   total 149504K, used 11964K [0x0000000704c00000, 0x0000000800000000)
  region size 2048K, 1 young (2048K), 1 survivors (2048K)
 Metaspace       used 25808K, committed 25984K, reserved 1114112K
  class space    used 2845K, committed 2944K, reserved 1048576K
}
Event: 5.863 GC heap before
{Heap before GC invocations=8 (full 0):
 garbage-first heap   total 149504K, used 65212K [0x0000000704c00000, 0x0000000800000000)
  region size 2048K, 28 young (57344K), 1 survivors (2048K)
 Metaspace       used 35582K, committed 35968K, reserved 1114112K
  class space    used 4159K, committed 4352K, reserved 1048576K
}
Event: 5.879 GC heap after
{Heap after GC invocations=9 (full 0):
 garbage-first heap   total 149504K, used 16750K [0x0000000704c00000, 0x0000000800000000)
  region size 2048K, 4 young (8192K), 4 survivors (8192K)
 Metaspace       used 35582K, committed 35968K, reserved 1114112K
  class space    used 4159K, committed 4352K, reserved 1048576K
}
Event: 7.368 GC heap before
{Heap before GC invocations=10 (full 0):
 garbage-first heap   total 75776K, used 53614K [0x0000000704c00000, 0x0000000800000000)
  region size 2048K, 22 young (45056K), 4 survivors (8192K)
 Metaspace       used 41851K, committed 42304K, reserved 1114112K
  class space    used 4879K, committed 5120K, reserved 1048576K
}
Event: 7.379 GC heap after
{Heap after GC invocations=11 (full 0):
 garbage-first heap   total 75776K, used 19815K [0x0000000704c00000, 0x0000000800000000)
  region size 2048K, 2 young (4096K), 2 survivors (4096K)
 Metaspace       used 41851K, committed 42304K, reserved 1114112K
  class space    used 4879K, committed 5120K, reserved 1048576K
}
Event: 8.730 GC heap before
{Heap before GC invocations=11 (full 0):
 garbage-first heap   total 75776K, used 52583K [0x0000000704c00000, 0x0000000800000000)
  region size 2048K, 18 young (36864K), 2 survivors (4096K)
 Metaspace       used 52160K, committed 52672K, reserved 1114112K
  class space    used 6223K, committed 6464K, reserved 1048576K
}
Event: 8.736 GC heap after
{Heap after GC invocations=12 (full 0):
 garbage-first heap   total 75776K, used 21394K [0x0000000704c00000, 0x0000000800000000)
  region size 2048K, 3 young (6144K), 3 survivors (6144K)
 Metaspace       used 52160K, committed 52672K, reserved 1114112K
  class space    used 6223K, committed 6464K, reserved 1048576K
}
Event: 9.956 GC heap before
{Heap before GC invocations=12 (full 0):
 garbage-first heap   total 75776K, used 50066K [0x0000000704c00000, 0x0000000800000000)
  region size 2048K, 19 young (38912K), 3 survivors (6144K)
 Metaspace       used 59674K, committed 60160K, reserved 1114112K
  class space    used 7307K, committed 7552K, reserved 1048576K
}
Event: 9.963 GC heap after
{Heap after GC invocations=13 (full 0):
 garbage-first heap   total 75776K, used 23837K [0x0000000704c00000, 0x0000000800000000)
  region size 2048K, 3 young (6144K), 3 survivors (6144K)
 Metaspace       used 59674K, committed 60160K, reserved 1114112K
  class space    used 7307K, committed 7552K, reserved 1048576K
}
Event: 11.336 GC heap before
{Heap before GC invocations=14 (full 0):
 garbage-first heap   total 75776K, used 54557K [0x0000000704c00000, 0x0000000800000000)
  region size 2048K, 18 young (36864K), 3 survivors (6144K)
 Metaspace       used 65573K, committed 66048K, reserved 1114112K
  class space    used 8304K, committed 8512K, reserved 1048576K
}
Event: 11.344 GC heap after
{Heap after GC invocations=15 (full 0):
 garbage-first heap   total 75776K, used 25529K [0x0000000704c00000, 0x0000000800000000)
  region size 2048K, 3 young (6144K), 3 survivors (6144K)
 Metaspace       used 65573K, committed 66048K, reserved 1114112K
  class space    used 8304K, committed 8512K, reserved 1048576K
}
Event: 12.101 GC heap before
{Heap before GC invocations=15 (full 0):
 garbage-first heap   total 75776K, used 54201K [0x0000000704c00000, 0x0000000800000000)
  region size 2048K, 17 young (34816K), 3 survivors (6144K)
 Metaspace       used 69377K, committed 69952K, reserved 1114112K
  class space    used 8804K, committed 9088K, reserved 1048576K
}
Event: 12.110 GC heap after
{Heap after GC invocations=16 (full 0):
 garbage-first heap   total 75776K, used 26957K [0x0000000704c00000, 0x0000000800000000)
  region size 2048K, 2 young (4096K), 2 survivors (4096K)
 Metaspace       used 69377K, committed 69952K, reserved 1114112K
  class space    used 8804K, committed 9088K, reserved 1048576K
}
Event: 12.822 GC heap before
{Heap before GC invocations=16 (full 0):
 garbage-first heap   total 75776K, used 55629K [0x0000000704c00000, 0x0000000800000000)
  region size 2048K, 16 young (32768K), 2 survivors (4096K)
 Metaspace       used 71965K, committed 72512K, reserved 1114112K
  class space    used 9196K, committed 9472K, reserved 1048576K
}
Event: 12.832 GC heap after
{Heap after GC invocations=17 (full 0):
 garbage-first heap   total 75776K, used 29155K [0x0000000704c00000, 0x0000000800000000)
  region size 2048K, 2 young (4096K), 2 survivors (4096K)
 Metaspace       used 71965K, committed 72512K, reserved 1114112K
  class space    used 9196K, committed 9472K, reserved 1048576K
}
Event: 19.485 GC heap before
{Heap before GC invocations=17 (full 0):
 garbage-first heap   total 75776K, used 53731K [0x0000000704c00000, 0x0000000800000000)
  region size 2048K, 15 young (30720K), 2 survivors (4096K)
 Metaspace       used 75527K, committed 76096K, reserved 1179648K
  class space    used 9650K, committed 9920K, reserved 1048576K
}
Event: 19.495 GC heap after
{Heap after GC invocations=18 (full 0):
 garbage-first heap   total 75776K, used 31828K [0x0000000704c00000, 0x0000000800000000)
  region size 2048K, 2 young (4096K), 2 survivors (4096K)
 Metaspace       used 75527K, committed 76096K, reserved 1179648K
  class space    used 9650K, committed 9920K, reserved 1048576K
}
Event: 20.079 GC heap before
{Heap before GC invocations=18 (full 0):
 garbage-first heap   total 75776K, used 54356K [0x0000000704c00000, 0x0000000800000000)
  region size 2048K, 14 young (28672K), 2 survivors (4096K)
 Metaspace       used 80276K, committed 80896K, reserved 1179648K
  class space    used 10035K, committed 10304K, reserved 1048576K
}
Event: 20.086 GC heap after
{Heap after GC invocations=19 (full 0):
 garbage-first heap   total 75776K, used 33264K [0x0000000704c00000, 0x0000000800000000)
  region size 2048K, 1 young (2048K), 1 survivors (2048K)
 Metaspace       used 80276K, committed 80896K, reserved 1179648K
  class space    used 10035K, committed 10304K, reserved 1048576K
}

Dll operation events (9 events):
Event: 0.016 Loaded shared library C:\Users\JPiccione\.p2\pool\plugins\org.eclipse.justj.openjdk.hotspot.jre.full.win32.x86_64_17.0.8.v20230831-1047\jre\bin\java.dll
Event: 0.213 Loaded shared library C:\Users\JPiccione\.p2\pool\plugins\org.eclipse.justj.openjdk.hotspot.jre.full.win32.x86_64_17.0.8.v20230831-1047\jre\bin\jimage.dll
Event: 0.228 Loaded shared library C:\Users\JPiccione\.p2\pool\plugins\org.eclipse.justj.openjdk.hotspot.jre.full.win32.x86_64_17.0.8.v20230831-1047\jre\bin\net.dll
Event: 0.232 Loaded shared library C:\Users\JPiccione\.p2\pool\plugins\org.eclipse.justj.openjdk.hotspot.jre.full.win32.x86_64_17.0.8.v20230831-1047\jre\bin\nio.dll
Event: 0.238 Loaded shared library C:\Users\JPiccione\.p2\pool\plugins\org.eclipse.justj.openjdk.hotspot.jre.full.win32.x86_64_17.0.8.v20230831-1047\jre\bin\zip.dll
Event: 6.044 Loaded shared library C:\Users\JPiccione\.p2\pool\plugins\org.eclipse.justj.openjdk.hotspot.jre.full.win32.x86_64_17.0.8.v20230831-1047\jre\bin\sunmscapi.dll
Event: 6.057 Loaded shared library C:\Users\JPiccione\.p2\pool\plugins\org.eclipse.justj.openjdk.hotspot.jre.full.win32.x86_64_17.0.8.v20230831-1047\jre\bin\management.dll
Event: 6.062 Loaded shared library C:\Users\JPiccione\.p2\pool\plugins\org.eclipse.justj.openjdk.hotspot.jre.full.win32.x86_64_17.0.8.v20230831-1047\jre\bin\management_ext.dll
Event: 7.758 Loaded shared library C:\Users\JPiccione\.p2\pool\plugins\org.eclipse.justj.openjdk.hotspot.jre.full.win32.x86_64_17.0.8.v20230831-1047\jre\bin\verify.dll

Deoptimization events (20 events):
Event: 20.303 Thread 0x000001ab0f9144b0 Uncommon trap: trap_request=0xffffff6e fr.pc=0x000001ab73f6903c relative=0x000000000000049c
Event: 20.303 Thread 0x000001ab0f9144b0 Uncommon trap: reason=loop_limit_check action=maybe_recompile pc=0x000001ab73f6903c method=org.eclipse.jdt.internal.compiler.classfmt.ClassFileStruct.utf8At(II)[C @ 143 c2
Event: 20.303 Thread 0x000001ab0f9144b0 DEOPT PACKING pc=0x000001ab73f6903c sp=0x0000009e4b9f96c0
Event: 20.303 Thread 0x000001ab0f9144b0 DEOPT UNPACKING pc=0x000001ab736369a3 sp=0x0000009e4b9f9658 mode 2
Event: 20.346 Thread 0x000001ab0f9144b0 Uncommon trap: trap_request=0xffffffcc fr.pc=0x000001ab73f6b520 relative=0x0000000000000280
Event: 20.346 Thread 0x000001ab0f9144b0 Uncommon trap: reason=intrinsic_or_type_checked_inlining action=make_not_entrant pc=0x000001ab73f6b520 method=java.util.ArrayList.toArray([Ljava/lang/Object;)[Ljava/lang/Object; @ 36 c2
Event: 20.346 Thread 0x000001ab0f9144b0 DEOPT PACKING pc=0x000001ab73f6b520 sp=0x0000009e4b9f8db0
Event: 20.346 Thread 0x000001ab0f9144b0 DEOPT UNPACKING pc=0x000001ab736369a3 sp=0x0000009e4b9f8d60 mode 2
Event: 20.352 Thread 0x000001ab0f9144b0 Uncommon trap: trap_request=0xffffff45 fr.pc=0x000001ab73dacd4c relative=0x000000000000032c
Event: 20.352 Thread 0x000001ab0f9144b0 Uncommon trap: reason=unstable_if action=reinterpret pc=0x000001ab73dacd4c method=java.util.HashMap.getNode(Ljava/lang/Object;)Ljava/util/HashMap$Node; @ 66 c2
Event: 20.352 Thread 0x000001ab0f9144b0 DEOPT PACKING pc=0x000001ab73dacd4c sp=0x0000009e4b9f8ab0
Event: 20.352 Thread 0x000001ab0f9144b0 DEOPT UNPACKING pc=0x000001ab736369a3 sp=0x0000009e4b9f89f0 mode 2
Event: 20.352 Thread 0x000001ab0f9144b0 Uncommon trap: trap_request=0xffffff45 fr.pc=0x000001ab73c72fe0 relative=0x0000000000000340
Event: 20.352 Thread 0x000001ab0f9144b0 Uncommon trap: reason=unstable_if action=reinterpret pc=0x000001ab73c72fe0 method=java.util.HashMap.getNode(Ljava/lang/Object;)Ljava/util/HashMap$Node; @ 66 c2
Event: 20.352 Thread 0x000001ab0f9144b0 DEOPT PACKING pc=0x000001ab73c72fe0 sp=0x0000009e4b9f8a80
Event: 20.352 Thread 0x000001ab0f9144b0 DEOPT UNPACKING pc=0x000001ab736369a3 sp=0x0000009e4b9f8a20 mode 2
Event: 20.501 Thread 0x000001ab0f9144b0 Uncommon trap: trap_request=0xffffffde fr.pc=0x000001ab73bef7f8 relative=0x00000000000014f8
Event: 20.503 Thread 0x000001ab0f9144b0 Uncommon trap: reason=class_check action=maybe_recompile pc=0x000001ab73bef7f8 method=jdk.internal.loader.URLClassPath.getLoader(I)Ljdk/internal/loader/URLClassPath$Loader; @ 88 c2
Event: 20.503 Thread 0x000001ab0f9144b0 DEOPT PACKING pc=0x000001ab73bef7f8 sp=0x0000009e4b9f9d20
Event: 20.503 Thread 0x000001ab0f9144b0 DEOPT UNPACKING pc=0x000001ab736369a3 sp=0x0000009e4b9f9d60 mode 2

Classes unloaded (0 events):
No events

Classes redefined (0 events):
No events

Internal exceptions (20 events):
Event: 12.001 Thread 0x000001ab68a41ce0 Exception <a 'java/lang/reflect/InvocationTargetException'{0x0000000707ddcad0}> (0x0000000707ddcad0) 
thrown [s\src\hotspot\share\runtime\reflection.cpp, line 1121]
Event: 12.005 Thread 0x000001ab68a41ce0 Exception <a 'java/lang/reflect/InvocationTargetException'{0x0000000707de5570}> (0x0000000707de5570) 
thrown [s\src\hotspot\share\runtime\reflection.cpp, line 1121]
Event: 12.008 Thread 0x000001ab68a41ce0 Exception <a 'java/lang/reflect/InvocationTargetException'{0x0000000707dedbf0}> (0x0000000707dedbf0) 
thrown [s\src\hotspot\share\runtime\reflection.cpp, line 1121]
Event: 12.013 Thread 0x000001ab68a41ce0 Exception <a 'java/lang/reflect/InvocationTargetException'{0x0000000707dfc518}> (0x0000000707dfc518) 
thrown [s\src\hotspot\share\runtime\reflection.cpp, line 1121]
Event: 12.014 Thread 0x000001ab68a41ce0 Exception <a 'java/lang/reflect/InvocationTargetException'{0x0000000707a053d8}> (0x0000000707a053d8) 
thrown [s\src\hotspot\share\runtime\reflection.cpp, line 1121]
Event: 12.017 Thread 0x000001ab68a41ce0 Exception <a 'java/lang/reflect/InvocationTargetException'{0x0000000707a11128}> (0x0000000707a11128) 
thrown [s\src\hotspot\share\runtime\reflection.cpp, line 1121]
Event: 12.337 Thread 0x000001ab68a41ce0 Implicit null exception at 0x000001ab73ca60c1 to 0x000001ab73ca6182
Event: 12.771 Thread 0x000001ab68a41ce0 Exception <a 'sun/nio/fs/WindowsException'{0x0000000707d834a8}> (0x0000000707d834a8) 
thrown [s\src\hotspot\share\prims\jni.cpp, line 516]
Event: 12.851 Thread 0x000001ab68a41ce0 Exception <a 'java/lang/IncompatibleClassChangeError'{0x00000007146c1d30}: Found class java.lang.Object, but interface was expected> (0x00000007146c1d30) 
thrown [s\src\hotspot\share\interpreter\linkResolver.cpp, line 826]
Event: 12.940 Thread 0x000001ab68a41ce0 Exception <a 'java/lang/NoSuchMethodError'{0x000000070a75d520}: 'void java.lang.invoke.DirectMethodHandle$Holder.invokeVirtual(java.lang.Object, java.lang.Object, long)'> (0x000000070a75d520) 
thrown [s\src\hotspot\share\interpreter\linkResolver.cpp, line 759]
Event: 13.185 Thread 0x000001ab68a41ce0 Exception <a 'java/lang/NoSuchMethodError'{0x0000000708820750}: 'java.lang.Object java.lang.invoke.DirectMethodHandle$Holder.newInvokeSpecial(java.lang.Object, java.lang.Object, int, java.lang.Object, java.lang.Object)'> (0x0000000708820750) 
thrown [s\src\hotspot\share\interpreter\linkResolver.cpp, line 759]
Event: 13.187 Thread 0x000001ab68a41ce0 Exception <a 'java/lang/NoSuchMethodError'{0x000000070882bdc8}: 'java.lang.Object java.lang.invoke.DirectMethodHandle$Holder.invokeSpecial(java.lang.Object, java.lang.Object, int, java.lang.Object, int, java.lang.Object)'> (0x000000070882bdc8) 
thrown [s\src\hotspot\share\interpreter\linkResolver.cpp, line 759]
Event: 13.187 Thread 0x000001ab68a41ce0 Exception <a 'java/lang/NoSuchMethodError'{0x0000000708833bd0}: 'java.lang.Object java.lang.invoke.DirectMethodHandle$Holder.newInvokeSpecial(java.lang.Object, java.lang.Object, int, java.lang.Object, int)'> (0x0000000708833bd0) 
thrown [s\src\hotspot\share\interpreter\linkResolver.cpp, line 759]
Event: 13.188 Thread 0x000001ab68a41ce0 Exception <a 'java/lang/NoSuchMethodError'{0x0000000708837cd0}: 'java.lang.Object java.lang.invoke.DirectMethodHandle$Holder.invokeSpecial(java.lang.Object, java.lang.Object, java.lang.Object, int, java.lang.Object, int)'> (0x0000000708837cd0) 
thrown [s\src\hotspot\share\interpreter\linkResolver.cpp, line 759]
Event: 19.144 Thread 0x000001ab0f915e00 Exception <a 'java/lang/NoSuchMethodError'{0x00000007085b3600}: 'java.lang.Object java.lang.invoke.DirectMethodHandle$Holder.invokeSpecial(java.lang.Object, java.lang.Object, java.lang.Object, java.lang.Object, java.lang.Object, long)'> (0x00000007085b3600) 
thrown [s\src\hotspot\share\interpreter\linkResolver.cpp, line 759]
Event: 19.144 Thread 0x000001ab0f915e00 Exception <a 'java/lang/NoSuchMethodError'{0x00000007085b7040}: 'java.lang.Object java.lang.invoke.Invokers$Holder.linkToTargetMethod(java.lang.Object, java.lang.Object, java.lang.Object, long, java.lang.Object)'> (0x00000007085b7040) 
thrown [s\src\hotspot\share\interpreter\linkResolver.cpp, line 759]
Event: 19.217 Thread 0x000001ab0f915e00 Exception <a 'java/lang/NoSuchMethodError'{0x00000007082ec610}: getSession> (0x00000007082ec610) 
thrown [s\src\hotspot\share\prims\jni.cpp, line 1073]
Event: 19.609 Thread 0x000001ab0f9144b0 Implicit null exception at 0x000001ab73bd7457 to 0x000001ab73bd7a44
Event: 19.609 Thread 0x000001ab0f9144b0 Implicit null exception at 0x000001ab73bcb4d7 to 0x000001ab73bcba98
Event: 20.511 Thread 0x000001ab0f9144b0 Exception <a 'java/lang/NullPointerException'{0x00000007089d6320}> (0x00000007089d6320) 
thrown [s\src\hotspot\share\interpreter\linkResolver.cpp, line 1350]

VM Operations (20 events):
Event: 19.672 Executing VM operation: HandshakeAllThreads
Event: 19.672 Executing VM operation: HandshakeAllThreads done
Event: 20.079 Executing VM operation: G1CollectForAllocation
Event: 20.086 Executing VM operation: G1CollectForAllocation done
Event: 20.506 Executing VM operation: ChangeBreakpoints
Event: 20.508 Executing VM operation: ChangeBreakpoints done
Event: 20.508 Executing VM operation: ChangeBreakpoints
Event: 20.509 Executing VM operation: ChangeBreakpoints done
Event: 20.511 Executing VM operation: get/set locals
Event: 20.511 Executing VM operation: get/set locals done
Event: 20.511 Executing VM operation: get/set locals
Event: 20.511 Executing VM operation: get/set locals done
Event: 20.520 Executing VM operation: HandshakeAllThreads
Event: 20.520 Executing VM operation: HandshakeAllThreads done
Event: 20.522 Executing VM operation: HandshakeAllThreads
Event: 20.522 Executing VM operation: HandshakeAllThreads done
Event: 20.522 Executing VM operation: get/set locals
Event: 20.522 Executing VM operation: get/set locals done
Event: 20.523 Executing VM operation: get/set locals
Event: 20.523 Executing VM operation: get/set locals done

Events (20 events):
Event: 20.143 loading class java/lang/NegativeArraySizeException
Event: 20.143 loading class java/lang/NegativeArraySizeException done
Event: 20.168 loading class java/net/URLClassLoader$2
Event: 20.168 loading class java/net/URLClassLoader$2 done
Event: 20.254 loading class sun/net/www/protocol/jrt/JavaRuntimeURLConnection
Event: 20.254 loading class sun/net/www/protocol/jrt/JavaRuntimeURLConnection done
Event: 20.254 loading class sun/net/www/protocol/jrt/JavaRuntimeURLConnection$1
Event: 20.254 loading class sun/net/www/protocol/jrt/JavaRuntimeURLConnection$1 done
Event: 20.263 loading class java/text/MessageFormat$Field
Event: 20.263 loading class java/text/MessageFormat$Field done
Event: 20.490 loading class java/util/Hashtable$ValueCollection
Event: 20.490 loading class java/util/Hashtable$ValueCollection done
Event: 20.499 loading class java/net/URLClassLoader$1
Event: 20.499 loading class java/net/URLClassLoader$1 done
Event: 20.521 loading class sun/nio/cs/ISO_8859_1$Encoder
Event: 20.521 loading class sun/nio/cs/ISO_8859_1$Encoder done
Event: 20.522 loading class sun/nio/cs/Surrogate$Parser
Event: 20.522 loading class sun/nio/cs/Surrogate$Parser done
Event: 20.522 loading class sun/nio/cs/Surrogate
Event: 20.522 loading class sun/nio/cs/Surrogate done


Dynamic libraries:
0x00007ff666180000 - 0x00007ff66618e000 	C:\Users\JPiccione\.p2\pool\plugins\org.eclipse.justj.openjdk.hotspot.jre.full.win32.x86_64_17.0.8.v20230831-1047\jre\bin\javaw.exe
0x000001ab667d0000 - 0x000001ab669c7000 	C:\windows\SYSTEM32\ntd1l.dll
0x000001ab66240000 - 0x000001ab662fd000 	C:\windows\System32\kern3l32.dll
0x00007ffd84d90000 - 0x00007ffd84f87000 	C:\windows\SYSTEM32\ntdll.dll
0x00007ffd84be0000 - 0x00007ffd84c9d000 	C:\windows\System32\KERNEL32.DLL
0x00007ffd82630000 - 0x00007ffd82926000 	C:\windows\System32\KERNELBASE.dll
0x00007ffd81ee0000 - 0x00007ffd821f3000 	C:\Program Files\SentinelOne\Sentinel Agent 23.1.4.650\InProcessClient64.dll
0x00007ffd83ab0000 - 0x00007ffd83b5e000 	C:\windows\System32\ADVAPI32.dll
0x00007ffd843a0000 - 0x00007ffd8443e000 	C:\windows\System32\msvcrt.dll
0x00007ffd82df0000 - 0x00007ffd82e8c000 	C:\windows\System32\sechost.dll
0x00007ffd83130000 - 0x00007ffd83256000 	C:\windows\System32\RPCRT4.dll
0x00007ffd82a60000 - 0x00007ffd82b60000 	C:\windows\System32\ucrtbase.dll
0x00007ffd76110000 - 0x00007ffd76129000 	C:\Users\JPiccione\.p2\pool\plugins\org.eclipse.justj.openjdk.hotspot.jre.full.win32.x86_64_17.0.8.v20230831-1047\jre\bin\VCRUNTIME140.dll
0x00007ffd60ef0000 - 0x00007ffd60f07000 	C:\Users\JPiccione\.p2\pool\plugins\org.eclipse.justj.openjdk.hotspot.jre.full.win32.x86_64_17.0.8.v20230831-1047\jre\bin\jli.dll
0x00007ffd84770000 - 0x00007ffd8490e000 	C:\windows\System32\USER32.dll
0x00007ffd57d80000 - 0x00007ffd5801a000 	C:\windows\WinSxS\amd64_microsoft.windows.common-controls_6595b64144ccf1df_6.0.19041.3570_none_60bb2a3971f3e41a\COMCTL32.dll
0x00007ffd82600000 - 0x00007ffd82622000 	C:\windows\System32\win32u.dll
0x00007ffd83b60000 - 0x00007ffd83b8c000 	C:\windows\System32\GDI32.dll
0x00007ffd824e0000 - 0x00007ffd825fa000 	C:\windows\System32\gdi32full.dll
0x00007ffd82930000 - 0x00007ffd829cd000 	C:\windows\System32\msvcp_win.dll
0x00007ffd81ed0000 - 0x00007ffd81eda000 	C:\windows\SYSTEM32\VERSION.dll
0x00007ffd81ec0000 - 0x00007ffd81ecb000 	C:\windows\SYSTEM32\FLTLIB.DLL
0x00007ffd830a0000 - 0x00007ffd830d0000 	C:\windows\System32\IMM32.DLL
0x00007ffd7a900000 - 0x00007ffd7a90c000 	C:\Users\JPiccione\.p2\pool\plugins\org.eclipse.justj.openjdk.hotspot.jre.full.win32.x86_64_17.0.8.v20230831-1047\jre\bin\vcruntime140_1.dll
0x00007ffd58cf0000 - 0x00007ffd58d81000 	C:\Users\JPiccione\.p2\pool\plugins\org.eclipse.justj.openjdk.hotspot.jre.full.win32.x86_64_17.0.8.v20230831-1047\jre\bin\msvcp140.dll
0x00007ffd41350000 - 0x00007ffd41f9c000 	C:\Users\JPiccione\.p2\pool\plugins\org.eclipse.justj.openjdk.hotspot.jre.full.win32.x86_64_17.0.8.v20230831-1047\jre\bin\server\jvm.dll
0x00007ffd81690000 - 0x00007ffd816db000 	C:\windows\SYSTEM32\POWRPROF.dll
0x00007ffd78b90000 - 0x00007ffd78b99000 	C:\windows\SYSTEM32\WSOCK32.dll
0x00007ffd844d0000 - 0x00007ffd8453b000 	C:\windows\System32\WS2_32.dll
0x00007ffd67830000 - 0x00007ffd67857000 	C:\windows\SYSTEM32\WINMM.dll
0x00007ffd81550000 - 0x00007ffd81562000 	C:\windows\SYSTEM32\UMPDC.dll
0x00007ffd7fd70000 - 0x00007ffd7fd82000 	C:\windows\SYSTEM32\kernel.appcore.dll
0x00007ffd7a5a0000 - 0x00007ffd7a5aa000 	C:\Users\JPiccione\.p2\pool\plugins\org.eclipse.justj.openjdk.hotspot.jre.full.win32.x86_64_17.0.8.v20230831-1047\jre\bin\jimage.dll
0x00007ffd78610000 - 0x00007ffd787f4000 	C:\windows\SYSTEM32\DBGHELP.DLL
0x00007ffd782a0000 - 0x00007ffd782d4000 	C:\windows\SYSTEM32\dbgcore.DLL
0x00007ffd829d0000 - 0x00007ffd82a52000 	C:\windows\System32\bcryptPrimitives.dll
0x00007ffd5b300000 - 0x00007ffd5b37b000 	C:\Program Files\SentinelOne\Sentinel Agent 23.1.4.650\SentinelJava64.dll
0x00007ffd84910000 - 0x00007ffd84a3b000 	C:\windows\System32\ole32.dll
0x00007ffd832e0000 - 0x00007ffd83634000 	C:\windows\System32\combase.dll
0x00007ffd7a4c0000 - 0x00007ffd7a4e5000 	C:\Users\JPiccione\.p2\pool\plugins\org.eclipse.justj.openjdk.hotspot.jre.full.win32.x86_64_17.0.8.v20230831-1047\jre\bin\java.dll
0x00007ffd79c30000 - 0x00007ffd79c48000 	C:\Users\JPiccione\.p2\pool\plugins\org.eclipse.justj.openjdk.hotspot.jre.full.win32.x86_64_17.0.8.v20230831-1047\jre\bin\zip.dll
0x00007ffd83c50000 - 0x00007ffd84394000 	C:\windows\System32\SHELL32.dll
0x00007ffd7fee0000 - 0x00007ffd8067b000 	C:\windows\SYSTEM32\windows.storage.dll
0x00007ffd81b70000 - 0x00007ffd81b9d000 	C:\windows\SYSTEM32\Wldp.dll
0x00007ffd83ba0000 - 0x00007ffd83c4d000 	C:\windows\System32\SHCORE.dll
0x00007ffd82e90000 - 0x00007ffd82ee5000 	C:\windows\System32\shlwapi.dll
0x00007ffd823a0000 - 0x00007ffd823c5000 	C:\windows\SYSTEM32\profapi.dll
0x00007ffd79730000 - 0x00007ffd79749000 	C:\Users\JPiccione\.p2\pool\plugins\org.eclipse.justj.openjdk.hotspot.jre.full.win32.x86_64_17.0.8.v20230831-1047\jre\bin\net.dll
0x00007ffd810f0000 - 0x00007ffd811fa000 	C:\windows\SYSTEM32\WINHTTP.dll
0x00007ffd818d0000 - 0x00007ffd8193a000 	C:\windows\system32\mswsock.dll
0x00007ffd78a50000 - 0x00007ffd78a65000 	C:\Users\JPiccione\.p2\pool\plugins\org.eclipse.justj.openjdk.hotspot.jre.full.win32.x86_64_17.0.8.v20230831-1047\jre\bin\nio.dll
0x00007ffd81ac0000 - 0x00007ffd81ad8000 	C:\windows\SYSTEM32\CRYPTSP.dll
0x00007ffd81060000 - 0x00007ffd81094000 	C:\windows\system32\rsaenh.dll
0x00007ffd82bb0000 - 0x00007ffd82bd7000 	C:\windows\System32\bcrypt.dll
0x00007ffd82360000 - 0x00007ffd8238e000 	C:\windows\SYSTEM32\USERENV.dll
0x00007ffd81ae0000 - 0x00007ffd81aec000 	C:\windows\SYSTEM32\CRYPTBASE.dll
0x00007ffd81570000 - 0x00007ffd815ab000 	C:\windows\SYSTEM32\IPHLPAPI.DLL
0x00007ffd84a50000 - 0x00007ffd84a58000 	C:\windows\System32\NSI.dll
0x00007ffd7bbd0000 - 0x00007ffd7bbe7000 	C:\windows\SYSTEM32\dhcpcsvc6.DLL
0x00007ffd7ba80000 - 0x00007ffd7ba9d000 	C:\windows\SYSTEM32\dhcpcsvc.DLL
0x00007ffd815c0000 - 0x00007ffd8168a000 	C:\windows\SYSTEM32\DNSAPI.dll
0x00007ffd7a4b0000 - 0x00007ffd7a4be000 	C:\Users\JPiccione\.p2\pool\plugins\org.eclipse.justj.openjdk.hotspot.jre.full.win32.x86_64_17.0.8.v20230831-1047\jre\bin\sunmscapi.dll
0x00007ffd82be0000 - 0x00007ffd82d3d000 	C:\windows\System32\CRYPT32.dll
0x00007ffd81be0000 - 0x00007ffd81c07000 	C:\windows\SYSTEM32\ncrypt.dll
0x00007ffd81ba0000 - 0x00007ffd81bdb000 	C:\windows\SYSTEM32\NTASN1.dll
0x00007ffd78b70000 - 0x00007ffd78b79000 	C:\Users\JPiccione\.p2\pool\plugins\org.eclipse.justj.openjdk.hotspot.jre.full.win32.x86_64_17.0.8.v20230831-1047\jre\bin\management.dll
0x00007ffd75e90000 - 0x00007ffd75e9b000 	C:\Users\JPiccione\.p2\pool\plugins\org.eclipse.justj.openjdk.hotspot.jre.full.win32.x86_64_17.0.8.v20230831-1047\jre\bin\management_ext.dll
0x00007ffd84a40000 - 0x00007ffd84a48000 	C:\windows\System32\PSAPI.DLL
0x00007ffd7a590000 - 0x00007ffd7a5a0000 	C:\Users\JPiccione\.p2\pool\plugins\org.eclipse.justj.openjdk.hotspot.jre.full.win32.x86_64_17.0.8.v20230831-1047\jre\bin\verify.dll
0x00007ffd78150000 - 0x00007ffd7815a000 	C:\Windows\System32\rasadhlp.dll
0x00007ffd7ca40000 - 0x00007ffd7cac2000 	C:\windows\System32\fwpuclnt.dll
0x00007ffd75540000 - 0x00007ffd75557000 	C:\windows\system32\napinsp.dll
0x00007ffd75480000 - 0x00007ffd7549b000 	C:\windows\system32\pnrpnsp.dll
0x00007ffd7d700000 - 0x00007ffd7d715000 	C:\windows\system32\wshbth.dll
0x00007ffd7a400000 - 0x00007ffd7a41d000 	C:\windows\system32\NLAapi.dll
0x00007ffd74ea0000 - 0x00007ffd74eb2000 	C:\windows\System32\winrnr.dll
0x00007ffd75ed0000 - 0x00007ffd75ed7000 	C:\windows\system32\wshunix.dll

dbghelp: loaded successfully - version: 4.0.5 - missing functions: none
symbol engine: initialized successfully - sym options: 0x614 - pdb path: .;C:\Users\JPiccione\.p2\pool\plugins\org.eclipse.justj.openjdk.hotspot.jre.full.win32.x86_64_17.0.8.v20230831-1047\jre\bin;C:\windows\SYSTEM32;C:\Program Files\SentinelOne\Sentinel Agent 23.1.4.650;C:\windows\WinSxS\amd64_microsoft.windows.common-controls_6595b64144ccf1df_6.0.19041.3570_none_60bb2a3971f3e41a;C:\Users\JPiccione\.p2\pool\plugins\org.eclipse.justj.openjdk.hotspot.jre.full.win32.x86_64_17.0.8.v20230831-1047\jre\bin\server

VM Arguments:
jvm_args: -Dfile.encoding=UTF-8 -XX:+ShowCodeDetailsInExceptionMessages -agentpath:C:\Program Files\SentinelOne\Sentinel Agent 23.1.4.650\SentinelJava64.dll 
java_command: com.spencer.ItemApp.ItemAppApplication
java_class_path (initial): C:\Users\JPiccione\OneDrive - Spencer Gifts LLC\Documents\ItemApp\target\classes;C:\Users\JPiccione\.m2\repository\org\springframework\boot\spring-boot-starter-data-jpa\3.1.4\spring-boot-starter-data-jpa-3.1.4.jar;C:\Users\JPiccione\.m2\repository\org\springframework\boot\spring-boot-starter-aop\3.1.4\spring-boot-starter-aop-3.1.4.jar;C:\Users\JPiccione\.m2\repository\org\aspectj\aspectjweaver\1.9.20\aspectjweaver-1.9.20.jar;C:\Users\JPiccione\.m2\repository\org\springframework\boot\spring-boot-starter-jdbc\3.1.4\spring-boot-starter-jdbc-3.1.4.jar;C:\Users\JPiccione\.m2\repository\com\zaxxer\HikariCP\5.0.1\HikariCP-5.0.1.jar;C:\Users\JPiccione\.m2\repository\org\springframework\spring-jdbc\6.0.12\spring-jdbc-6.0.12.jar;C:\Users\JPiccione\.m2\repository\org\hibernate\orm\hibernate-core\6.2.9.Final\hibernate-core-6.2.9.Final.jar;C:\Users\JPiccione\.m2\repository\jakarta\persistence\jakarta.persistence-api\3.1.0\jakarta.persistence-api-3.1.0.jar;C:\Users\JPiccione\.m2\repository\jakarta\transaction\jakarta.transaction-api\2.0.1\jakarta.transaction-api-2.0.1.jar;C:\Users\JPiccione\.m2\repository\org\jboss\logging\jboss-logging\3.5.3.Final\jboss-logging-3.5.3.Final.jar;C:\Users\JPiccione\.m2\repository\org\hibernate\common\hibernate-commons-annotations\6.0.6.Final\hibernate-commons-annotations-6.0.6.Final.jar;C:\Users\JPiccione\.m2\repository\io\smallrye\jandex\3.0.5\jandex-3.0.5.jar;C:\Users\JPiccione\.m2\repository\com\fasterxml\classmate\1.5.1\classmate-1.5.1.jar;C:\Users\JPiccione\.m2\repository\net\bytebuddy\byte-buddy\1.14.8\byte-buddy-1.14.8.jar;C:\Users\JPiccione\.m2\repository\org\glassfish\jaxb\jaxb-runtime\4.0.3\jaxb-runtime-4.0.3.jar;C:\Users\JPiccione\.m2\repository\org\glassfish\jaxb\jaxb-core\4.0.3\jaxb-core-4.0.3.jar;C:\Users\JPiccione\.m2\repository\org\eclipse\angus\angus-activation\2.0.1\angus-activation-2.0.1.jar;C:\Users\JPiccione\.m2\repository\org\glassfish\jaxb\txw2\4.0.3\txw2-4.0.3.jar;C:\Users\JPiccione\.m2\repositor
Launcher Type: SUN_STANDARD

[Global flags]
     intx CICompilerCount                          = 3                                         {product} {ergonomic}
     uint ConcGCThreads                            = 1                                         {product} {ergonomic}
     uint G1ConcRefinementThreads                  = 4                                         {product} {ergonomic}
   size_t G1HeapRegionSize                         = 2097152                                   {product} {ergonomic}
    uintx GCDrainStackTargetSize                   = 64                                        {product} {ergonomic}
   size_t InitialHeapSize                          = 264241152                                 {product} {ergonomic}
   size_t MarkStackSize                            = 4194304                                   {product} {ergonomic}
   size_t MaxHeapSize                              = 4215275520                                {product} {ergonomic}
   size_t MaxNewSize                               = 2529165312                                {product} {ergonomic}
   size_t MinHeapDeltaBytes                        = 2097152                                   {product} {ergonomic}
   size_t MinHeapSize                              = 8388608                                   {product} {ergonomic}
    uintx NonNMethodCodeHeapSize                   = 5832780                                {pd product} {ergonomic}
    uintx NonProfiledCodeHeapSize                  = 122912730                              {pd product} {ergonomic}
    uintx ProfiledCodeHeapSize                     = 122912730                              {pd product} {ergonomic}
    uintx ReservedCodeCacheSize                    = 251658240                              {pd product} {ergonomic}
     bool SegmentedCodeCache                       = true                                      {product} {ergonomic}
     bool ShowCodeDetailsInExceptionMessages       = true                                   {manageable} {command line}
   size_t SoftMaxHeapSize                          = 4215275520                             {manageable} {ergonomic}
     bool UseCompressedClassPointers               = true                           {product lp64_product} {ergonomic}
     bool UseCompressedOops                        = true                           {product lp64_product} {ergonomic}
     bool UseG1GC                                  = true                                      {product} {ergonomic}
     bool UseLargePagesIndividualAllocation        = false                                  {pd product} {ergonomic}

Logging:
Log output configuration:
 #0: stdout all=warning uptime,level,tags
 #1: stderr all=off uptime,level,tags

Environment Variables:
PATH=C:/Users/JPiccione/.p2/pool/plugins/org.eclipse.justj.openjdk.hotspot.jre.full.win32.x86_64_17.0.8.v20230831-1047/jre/bin/server;C:/Users/JPiccione/.p2/pool/plugins/org.eclipse.justj.openjdk.hotspot.jre.full.win32.x86_64_17.0.8.v20230831-1047/jre/bin;C:\Program Files\Common Files\Oracle\Java\javapath;C:\Program Files (x86)\Common Files\Oracle\Java\javapath;C:\Program Files\Microsoft\jdk-11.0.16.101-hotspot\bin;C:\Program Files (x86)\Business Objects\Common\3.5\bin\NOTES\;C:\Program Files (x86)\Business Objects\Common\3.5\bin\NOTES\DATA\;C:\windows\system32;C:\windows;C:\windows\System32\Wbem;C:\windows\System32\WindowsPowerShell\v1.0\;C:\windows\System32\OpenSSH\;C:\Program Files (x86)\IBM\Client Access\Emulator;C:\Program Files (x86)\IBM\Client Access\Shared;C:\Program Files (x86)\IBM\Client Access\;C:\Program Files (x86)\HEAT\;C:\Program Files (x86)\Microsoft SQL Server\160\DTS\Binn\;C:\Program Files\Azure Data Studio\bin;C:\Program Files\PuTTY\;C:\Program Files\Git\cmd;C:\Program Files\Microsoft SQL Server\150\Tools\Binn\;C:\Program Files\Microsoft SQL Server\Client SDK\ODBC\170\Tools\Binn\;C:\Program Files\dotnet\;C:\Program Files (x86)\Windows Kits\10\Windows Performance Toolkit\;c:\Program Files (x86)\Microsoft SQL Server\110\Tools\Binn\;c:\Program Files\Microsoft SQL Server\110\Tools\Binn\;c:\Program Files\Microsoft SQL Server\110\DTS\Binn\;C:\Program Files (x86)\Microsoft SQL Server\150\Tools\Binn\;C:\Program Files\Microsoft SQL Server\150\DTS\Binn\;C:\Users\JPiccione\AppData\Local\Microsoft\WindowsApps;C:\Program Files\Azure Data Studio\bin;C:\Users\JPiccione\.dotnet\tools;C:\Users\JPiccione\AppData\Local\Programs\Azure Data Studio\bin;C:\Program Files\JetBrains\IntelliJ IDEA 2023.2\bin;;C:\Users\JPiccione\AppData\Local\GitHubDesktop\bin;C:\Users\JPiccione\OneDrive - Spencer Gifts LLC\Desktop;
USERNAME=JPiccione
OS=Windows_NT
PROCESSOR_IDENTIFIER=Intel64 Family 6 Model 61 Stepping 4, GenuineIntel
TMP=C:\Users\JPICCI~1\AppData\Local\Temp
TEMP=C:\Users\JPICCI~1\AppData\Local\Temp



---------------  S Y S T E M  ---------------

OS:
 Windows 10 , 64 bit Build 19041 (10.0.19041.3570)
OS uptime: 7 days 1:38 hours

CPU: total 4 (initial active 4) (2 cores per cpu, 2 threads per core) family 6 model 61 stepping 4 microcode 0x2d, cx8, cmov, fxsr, ht, mmx, 3dnowpref, sse, sse2, sse3, ssse3, sse4.1, sse4.2, popcnt, lzcnt, tsc, tscinvbit, avx, avx2, aes, erms, clmul, bmi1, bmi2, rtm, adx, fma, vzeroupper, clflush
Processor Information for all 4 processors :
  Max Mhz: 2594, Current Mhz: 2594, Mhz Limit: 2594

Memory: 4k page, system-wide physical 16079M (6861M free)
TotalPageFile size 18511M (AvailPageFile size 7309M)
current process WorkingSet (physical memory assigned to process): 261M, peak: 313M
current process commit charge ("private bytes"): 277M, peak: 373M

vm_info: OpenJDK 64-Bit Server VM (17.0.8.1+1) for windows-amd64 JRE (17.0.8.1+1), built on Aug 23 2023 15:29:17 by "admin" with MS VC++ 16.7 (VS2019)

END.
