#
# A fatal error has been detected by the Java Runtime Environment:
#
#  EXCEPTION_ACCESS_VIOLATION (0xc0000005) at pc=0x00007ffdc139e8a3, pid=18264, tid=13696
#
# JRE version: OpenJDK Runtime Environment Temurin-17.0.8.1+1 (17.0.8.1+1) (build 17.0.8.1+1)
# Java VM: OpenJDK 64-Bit Server VM Temurin-17.0.8.1+1 (17.0.8.1+1, mixed mode, tiered, compressed oops, compressed class ptrs, g1 gc, windows-amd64)
# Problematic frame:
# V  [jvm.dll+0x53e8a3]
#
# No core dump will be written. Minidumps are not enabled by default on client versions of Windows
#
# If you would like to submit a bug report, please visit:
#   https://github.com/adoptium/adoptium-support/issues
#

---------------  S U M M A R Y ------------

Command Line: -Dfile.encoding=UTF-8 -XX:+ShowCodeDetailsInExceptionMessages -agentpath:C:\Program Files\SentinelOne\Sentinel Agent 23.1.4.650\SentinelJava64.dll com.spencer.ItemApp.ItemAppApplication

Host: Intel(R) Core(TM) i7-5600U CPU @ 2.60GHz, 4 cores, 15G,  Windows 10 , 64 bit Build 19041 (10.0.19041.3570)
Time: Thu Nov  9 14:42:59 2023 Eastern Standard Time elapsed time: 24.114212 seconds (0d 0h 0m 24s)

---------------  T H R E A D  ---------------

Current thread (0x00000238aa6258c0):  JavaThread "http-nio-8080-exec-6" daemon [_thread_in_vm, id=13696, stack(0x00000095db900000,0x00000095dba00000)]

Stack: [0x00000095db900000,0x00000095dba00000],  sp=0x00000095db9f8f68,  free space=995k
Native frames: (J=compiled Java code, j=interpreted, Vv=VM code, C=native code)
V  [jvm.dll+0x53e8a3]

Java frames: (J=compiled Java code, j=interpreted, Vv=VM code)
j  org.springframework.security.web.servletapi.HttpServlet3RequestFactory$Servlet3SecurityContextHolderAwareRequestWrapper.isAuthenticated()Z+1
j  org.springframework.security.web.servletapi.HttpServlet3RequestFactory$Servlet3SecurityContextHolderAwareRequestWrapper.login(Ljava/lang/String;Ljava/lang/String;)V+1
v  ~StubRoutines::call_stub
j  org.apache.jasper.runtime.HttpJspBase.service(Ljakarta/servlet/http/HttpServletRequest;Ljakarta/servlet/http/HttpServletResponse;)V+0
j  jakarta.servlet.http.HttpServlet.service(Ljakarta/servlet/ServletRequest;Ljakarta/servlet/ServletResponse;)V+36
j  org.apache.jasper.servlet.JspServletWrapper.service(Ljakarta/servlet/http/HttpServletRequest;Ljakarta/servlet/http/HttpServletResponse;Z)V+372
j  org.apache.jasper.servlet.JspServlet.serviceJspFile(Ljakarta/servlet/http/HttpServletRequest;Ljakarta/servlet/http/HttpServletResponse;Ljava/lang/String;Z)V+112
j  org.apache.jasper.servlet.JspServlet.service(Ljakarta/servlet/http/HttpServletRequest;Ljakarta/servlet/http/HttpServletResponse;)V+228
j  jakarta.servlet.http.HttpServlet.service(Ljakarta/servlet/ServletRequest;Ljakarta/servlet/ServletResponse;)V+36
j  org.apache.catalina.core.ApplicationFilterChain.internalDoFilter(Ljakarta/servlet/ServletRequest;Ljakarta/servlet/ServletResponse;)V+305
j  org.apache.catalina.core.ApplicationFilterChain.doFilter(Ljakarta/servlet/ServletRequest;Ljakarta/servlet/ServletResponse;)V+99
j  org.apache.tomcat.websocket.server.WsFilter.doFilter(Ljakarta/servlet/ServletRequest;Ljakarta/servlet/ServletResponse;Ljakarta/servlet/FilterChain;)V+21
j  org.apache.catalina.core.ApplicationFilterChain.internalDoFilter(Ljakarta/servlet/ServletRequest;Ljakarta/servlet/ServletResponse;)V+135
j  org.apache.catalina.core.ApplicationFilterChain.doFilter(Ljakarta/servlet/ServletRequest;Ljakarta/servlet/ServletResponse;)V+99
j  org.springframework.security.web.FilterChainProxy.lambda$doFilterInternal$3(Lorg/springframework/security/web/firewall/FirewalledRequest;Ljakarta/servlet/FilterChain;Ljakarta/servlet/ServletRequest;Ljakarta/servlet/ServletResponse;)V+35
j  org.springframework.security.web.FilterChainProxy$$Lambda$1362+0x0000000800996b98.doFilter(Ljakarta/servlet/ServletRequest;Ljakarta/servlet/ServletResponse;)V+10
j  org.springframework.security.web.FilterChainProxy$VirtualFilterChain.doFilter(Ljakarta/servlet/ServletRequest;Ljakarta/servlet/ServletResponse;)V+17
j  org.springframework.security.web.access.intercept.AuthorizationFilter.doFilter(Ljakarta/servlet/ServletRequest;Ljakarta/servlet/ServletResponse;Ljakarta/servlet/FilterChain;)V+143
j  org.springframework.security.web.FilterChainProxy$VirtualFilterChain.doFilter(Ljakarta/servlet/ServletRequest;Ljakarta/servlet/ServletResponse;)V+105
j  org.springframework.security.web.access.ExceptionTranslationFilter.doFilter(Ljakarta/servlet/http/HttpServletRequest;Ljakarta/servlet/http/HttpServletResponse;Ljakarta/servlet/FilterChain;)V+3
j  org.springframework.security.web.access.ExceptionTranslationFilter.doFilter(Ljakarta/servlet/ServletRequest;Ljakarta/servlet/ServletResponse;Ljakarta/servlet/FilterChain;)V+10
j  org.springframework.security.web.FilterChainProxy$VirtualFilterChain.doFilter(Ljakarta/servlet/ServletRequest;Ljakarta/servlet/ServletResponse;)V+105
j  org.springframework.security.web.authentication.AnonymousAuthenticationFilter.doFilter(Ljakarta/servlet/ServletRequest;Ljakarta/servlet/ServletResponse;Ljakarta/servlet/FilterChain;)V+33
j  org.springframework.security.web.FilterChainProxy$VirtualFilterChain.doFilter(Ljakarta/servlet/ServletRequest;Ljakarta/servlet/ServletResponse;)V+105
j  org.springframework.security.web.servletapi.SecurityContextHolderAwareRequestFilter.doFilter(Ljakarta/servlet/ServletRequest;Ljakarta/servlet/ServletResponse;Ljakarta/servlet/FilterChain;)V+19
j  org.springframework.security.web.FilterChainProxy$VirtualFilterChain.doFilter(Ljakarta/servlet/ServletRequest;Ljakarta/servlet/ServletResponse;)V+105
j  org.springframework.security.web.savedrequest.RequestCacheAwareFilter.doFilter(Ljakarta/servlet/ServletRequest;Ljakarta/servlet/ServletResponse;Ljakarta/servlet/FilterChain;)V+32
j  org.springframework.security.web.FilterChainProxy$VirtualFilterChain.doFilter(Ljakarta/servlet/ServletRequest;Ljakarta/servlet/ServletResponse;)V+105
j  org.springframework.security.web.authentication.AbstractAuthenticationProcessingFilter.doFilter(Ljakarta/servlet/http/HttpServletRequest;Ljakarta/servlet/http/HttpServletResponse;Ljakarta/servlet/FilterChain;)V+12
j  org.springframework.security.web.authentication.AbstractAuthenticationProcessingFilter.doFilter(Ljakarta/servlet/ServletRequest;Ljakarta/servlet/ServletResponse;Ljakarta/servlet/FilterChain;)V+10
j  org.springframework.security.web.FilterChainProxy$VirtualFilterChain.doFilter(Ljakarta/servlet/ServletRequest;Ljakarta/servlet/ServletResponse;)V+105
j  org.springframework.security.web.authentication.logout.LogoutFilter.doFilter(Ljakarta/servlet/http/HttpServletRequest;Ljakarta/servlet/http/HttpServletResponse;Ljakarta/servlet/FilterChain;)V+83
j  org.springframework.security.web.authentication.logout.LogoutFilter.doFilter(Ljakarta/servlet/ServletRequest;Ljakarta/servlet/ServletResponse;Ljakarta/servlet/FilterChain;)V+10
j  org.springframework.security.web.FilterChainProxy$VirtualFilterChain.doFilter(Ljakarta/servlet/ServletRequest;Ljakarta/servlet/ServletResponse;)V+105
j  org.springframework.web.filter.OncePerRequestFilter.doFilter(Ljakarta/servlet/ServletRequest;Ljakarta/servlet/ServletResponse;Ljakarta/servlet/FilterChain;)V+125
j  org.springframework.security.web.FilterChainProxy$VirtualFilterChain.doFilter(Ljakarta/servlet/ServletRequest;Ljakarta/servlet/ServletResponse;)V+105
j  org.springframework.security.web.context.SecurityContextHolderFilter.doFilter(Ljakarta/servlet/http/HttpServletRequest;Ljakarta/servlet/http/HttpServletResponse;Ljakarta/servlet/FilterChain;)V+15
j  org.springframework.security.web.context.SecurityContextHolderFilter.doFilter(Ljakarta/servlet/ServletRequest;Ljakarta/servlet/ServletResponse;Ljakarta/servlet/FilterChain;)V+10
j  org.springframework.security.web.FilterChainProxy$VirtualFilterChain.doFilter(Ljakarta/servlet/ServletRequest;Ljakarta/servlet/ServletResponse;)V+105
j  org.springframework.web.filter.OncePerRequestFilter.doFilter(Ljakarta/servlet/ServletRequest;Ljakarta/servlet/ServletResponse;Ljakarta/servlet/FilterChain;)V+125
j  org.springframework.security.web.FilterChainProxy$VirtualFilterChain.doFilter(Ljakarta/servlet/ServletRequest;Ljakarta/servlet/ServletResponse;)V+105
j  org.springframework.web.filter.OncePerRequestFilter.doFilter(Ljakarta/servlet/ServletRequest;Ljakarta/servlet/ServletResponse;Ljakarta/servlet/FilterChain;)V+125
j  org.springframework.security.web.FilterChainProxy$VirtualFilterChain.doFilter(Ljakarta/servlet/ServletRequest;Ljakarta/servlet/ServletResponse;)V+105
j  org.springframework.security.web.FilterChainProxy.doFilterInternal(Ljakarta/servlet/ServletRequest;Ljakarta/servlet/ServletResponse;Ljakarta/servlet/FilterChain;)V+163
j  org.springframework.security.web.FilterChainProxy.doFilter(Ljakarta/servlet/ServletRequest;Ljakarta/servlet/ServletResponse;Ljakarta/servlet/FilterChain;)V+28
j  org.springframework.web.filter.DelegatingFilterProxy.invokeDelegate(Ljakarta/servlet/Filter;Ljakarta/servlet/ServletRequest;Ljakarta/servlet/ServletResponse;Ljakarta/servlet/FilterChain;)V+5
j  org.springframework.web.filter.DelegatingFilterProxy.doFilter(Ljakarta/servlet/ServletRequest;Ljakarta/servlet/ServletResponse;Ljakarta/servlet/FilterChain;)V+85
j  org.apache.catalina.core.ApplicationFilterChain.internalDoFilter(Ljakarta/servlet/ServletRequest;Ljakarta/servlet/ServletResponse;)V+135
j  org.apache.catalina.core.ApplicationFilterChain.doFilter(Ljakarta/servlet/ServletRequest;Ljakarta/servlet/ServletResponse;)V+99
j  org.springframework.web.filter.OncePerRequestFilter.doFilter(Ljakarta/servlet/ServletRequest;Ljakarta/servlet/ServletResponse;Ljakarta/servlet/FilterChain;)V+125
j  org.apache.catalina.core.ApplicationFilterChain.internalDoFilter(Ljakarta/servlet/ServletRequest;Ljakarta/servlet/ServletResponse;)V+135
j  org.apache.catalina.core.ApplicationFilterChain.doFilter(Ljakarta/servlet/ServletRequest;Ljakarta/servlet/ServletResponse;)V+99
j  org.springframework.web.filter.OncePerRequestFilter.doFilter(Ljakarta/servlet/ServletRequest;Ljakarta/servlet/ServletResponse;Ljakarta/servlet/FilterChain;)V+125
j  org.apache.catalina.core.ApplicationFilterChain.internalDoFilter(Ljakarta/servlet/ServletRequest;Ljakarta/servlet/ServletResponse;)V+135
j  org.apache.catalina.core.ApplicationFilterChain.doFilter(Ljakarta/servlet/ServletRequest;Ljakarta/servlet/ServletResponse;)V+99
j  org.springframework.web.filter.OncePerRequestFilter.doFilter(Ljakarta/servlet/ServletRequest;Ljakarta/servlet/ServletResponse;Ljakarta/servlet/FilterChain;)V+125
j  org.apache.catalina.core.ApplicationFilterChain.internalDoFilter(Ljakarta/servlet/ServletRequest;Ljakarta/servlet/ServletResponse;)V+135
j  org.apache.catalina.core.ApplicationFilterChain.doFilter(Ljakarta/servlet/ServletRequest;Ljakarta/servlet/ServletResponse;)V+99
j  org.apache.catalina.core.ApplicationDispatcher.invoke(Ljakarta/servlet/ServletRequest;Ljakarta/servlet/ServletResponse;Lorg/apache/catalina/core/ApplicationDispatcher$State;)V+341
j  org.apache.catalina.core.ApplicationDispatcher.processRequest(Ljakarta/servlet/ServletRequest;Ljakarta/servlet/ServletResponse;Lorg/apache/catalina/core/ApplicationDispatcher$State;)V+98
j  org.apache.catalina.core.ApplicationDispatcher.doForward(Ljakarta/servlet/ServletRequest;Ljakarta/servlet/ServletResponse;)V+363
j  org.apache.catalina.core.ApplicationDispatcher.forward(Ljakarta/servlet/ServletRequest;Ljakarta/servlet/ServletResponse;)V+55
j  org.springframework.security.web.header.HeaderWriterFilter$HeaderWriterRequestDispatcher.forward(Ljakarta/servlet/ServletRequest;Ljakarta/servlet/ServletResponse;)V+6
j  org.springframework.web.servlet.view.InternalResourceView.renderMergedOutputModel(Ljava/util/Map;Ljakarta/servlet/http/HttpServletRequest;Ljakarta/servlet/http/HttpServletResponse;)V+145
j  org.springframework.web.servlet.view.AbstractView.render(Ljava/util/Map;Ljakarta/servlet/http/HttpServletRequest;Ljakarta/servlet/http/HttpServletResponse;)V+91
j  org.springframework.web.servlet.DispatcherServlet.render(Lorg/springframework/web/servlet/ModelAndView;Ljakarta/servlet/http/HttpServletRequest;Ljakarta/servlet/http/HttpServletResponse;)V+188
j  org.springframework.web.servlet.DispatcherServlet.processDispatchResult(Ljakarta/servlet/http/HttpServletRequest;Ljakarta/servlet/http/HttpServletResponse;Lorg/springframework/web/servlet/HandlerExecutionChain;Lorg/springframework/web/servlet/ModelAndView;Ljava/lang/Exception;)V+103
j  org.springframework.web.servlet.DispatcherServlet.doDispatch(Ljakarta/servlet/http/HttpServletRequest;Ljakarta/servlet/http/HttpServletResponse;)V+365
j  org.springframework.web.servlet.DispatcherServlet.doService(Ljakarta/servlet/http/HttpServletRequest;Ljakarta/servlet/http/HttpServletResponse;)V+242
j  org.springframework.web.servlet.FrameworkServlet.processRequest(Ljakarta/servlet/http/HttpServletRequest;Ljakarta/servlet/http/HttpServletResponse;)V+70
j  org.springframework.web.servlet.FrameworkServlet.doGet(Ljakarta/servlet/http/HttpServletRequest;Ljakarta/servlet/http/HttpServletResponse;)V+3
j  jakarta.servlet.http.HttpServlet.service(Ljakarta/servlet/http/HttpServletRequest;Ljakarta/servlet/http/HttpServletResponse;)V+35
j  org.springframework.web.servlet.FrameworkServlet.service(Ljakarta/servlet/http/HttpServletRequest;Ljakarta/servlet/http/HttpServletResponse;)V+20
j  jakarta.servlet.http.HttpServlet.service(Ljakarta/servlet/ServletRequest;Ljakarta/servlet/ServletResponse;)V+36
j  org.apache.catalina.core.ApplicationFilterChain.internalDoFilter(Ljakarta/servlet/ServletRequest;Ljakarta/servlet/ServletResponse;)V+305
j  org.apache.catalina.core.ApplicationFilterChain.doFilter(Ljakarta/servlet/ServletRequest;Ljakarta/servlet/ServletResponse;)V+99
j  org.apache.tomcat.websocket.server.WsFilter.doFilter(Ljakarta/servlet/ServletRequest;Ljakarta/servlet/ServletResponse;Ljakarta/servlet/FilterChain;)V+21
j  org.apache.catalina.core.ApplicationFilterChain.internalDoFilter(Ljakarta/servlet/ServletRequest;Ljakarta/servlet/ServletResponse;)V+135
j  org.apache.catalina.core.ApplicationFilterChain.doFilter(Ljakarta/servlet/ServletRequest;Ljakarta/servlet/ServletResponse;)V+99
j  org.springframework.security.web.FilterChainProxy.lambda$doFilterInternal$3(Lorg/springframework/security/web/firewall/FirewalledRequest;Ljakarta/servlet/FilterChain;Ljakarta/servlet/ServletRequest;Ljakarta/servlet/ServletResponse;)V+35
j  org.springframework.security.web.FilterChainProxy$$Lambda$1362+0x0000000800996b98.doFilter(Ljakarta/servlet/ServletRequest;Ljakarta/servlet/ServletResponse;)V+10
j  org.springframework.security.web.FilterChainProxy$VirtualFilterChain.doFilter(Ljakarta/servlet/ServletRequest;Ljakarta/servlet/ServletResponse;)V+17
j  org.springframework.security.web.access.intercept.AuthorizationFilter.doFilter(Ljakarta/servlet/ServletRequest;Ljakarta/servlet/ServletResponse;Ljakarta/servlet/FilterChain;)V+143
j  org.springframework.security.web.FilterChainProxy$VirtualFilterChain.doFilter(Ljakarta/servlet/ServletRequest;Ljakarta/servlet/ServletResponse;)V+105
j  org.springframework.security.web.access.ExceptionTranslationFilter.doFilter(Ljakarta/servlet/http/HttpServletRequest;Ljakarta/servlet/http/HttpServletResponse;Ljakarta/servlet/FilterChain;)V+3
j  org.springframework.security.web.access.ExceptionTranslationFilter.doFilter(Ljakarta/servlet/ServletRequest;Ljakarta/servlet/ServletResponse;Ljakarta/servlet/FilterChain;)V+10
j  org.springframework.security.web.FilterChainProxy$VirtualFilterChain.doFilter(Ljakarta/servlet/ServletRequest;Ljakarta/servlet/ServletResponse;)V+105
j  org.springframework.security.web.authentication.AnonymousAuthenticationFilter.doFilter(Ljakarta/servlet/ServletRequest;Ljakarta/servlet/ServletResponse;Ljakarta/servlet/FilterChain;)V+33
j  org.springframework.security.web.FilterChainProxy$VirtualFilterChain.doFilter(Ljakarta/servlet/ServletRequest;Ljakarta/servlet/ServletResponse;)V+105
j  org.springframework.security.web.servletapi.SecurityContextHolderAwareRequestFilter.doFilter(Ljakarta/servlet/ServletRequest;Ljakarta/servlet/ServletResponse;Ljakarta/servlet/FilterChain;)V+19
j  org.springframework.security.web.FilterChainProxy$VirtualFilterChain.doFilter(Ljakarta/servlet/ServletRequest;Ljakarta/servlet/ServletResponse;)V+105
j  org.springframework.security.web.savedrequest.RequestCacheAwareFilter.doFilter(Ljakarta/servlet/ServletRequest;Ljakarta/servlet/ServletResponse;Ljakarta/servlet/FilterChain;)V+32
j  org.springframework.security.web.FilterChainProxy$VirtualFilterChain.doFilter(Ljakarta/servlet/ServletRequest;Ljakarta/servlet/ServletResponse;)V+105
j  org.springframework.security.web.authentication.AbstractAuthenticationProcessingFilter.doFilter(Ljakarta/servlet/http/HttpServletRequest;Ljakarta/servlet/http/HttpServletResponse;Ljakarta/servlet/FilterChain;)V+12
j  org.springframework.security.web.authentication.AbstractAuthenticationProcessingFilter.doFilter(Ljakarta/servlet/ServletRequest;Ljakarta/servlet/ServletResponse;Ljakarta/servlet/FilterChain;)V+10
j  org.springframework.security.web.FilterChainProxy$VirtualFilterChain.doFilter(Ljakarta/servlet/ServletRequest;Ljakarta/servlet/ServletResponse;)V+105
j  org.springframework.security.web.authentication.logout.LogoutFilter.doFilter(Ljakarta/servlet/http/HttpServletRequest;Ljakarta/servlet/http/HttpServletResponse;Ljakarta/servlet/FilterChain;)V+83
j  org.springframework.security.web.authentication.logout.LogoutFilter.doFilter(Ljakarta/servlet/ServletRequest;Ljakarta/servlet/ServletResponse;Ljakarta/servlet/FilterChain;)V+10
j  org.springframework.security.web.FilterChainProxy$VirtualFilterChain.doFilter(Ljakarta/servlet/ServletRequest;Ljakarta/servlet/ServletResponse;)V+105
j  org.springframework.security.web.header.HeaderWriterFilter.doHeadersAfter(Ljakarta/servlet/http/HttpServletRequest;Ljakarta/servlet/http/HttpServletResponse;Ljakarta/servlet/FilterChain;)V+29
j  org.springframework.security.web.header.HeaderWriterFilter.doFilterInternal(Ljakarta/servlet/http/HttpServletRequest;Ljakarta/servlet/http/HttpServletResponse;Ljakarta/servlet/FilterChain;)V+21
j  org.springframework.web.filter.OncePerRequestFilter.doFilter(Ljakarta/servlet/ServletRequest;Ljakarta/servlet/ServletResponse;Ljakarta/servlet/FilterChain;)V+150
j  org.springframework.security.web.FilterChainProxy$VirtualFilterChain.doFilter(Ljakarta/servlet/ServletRequest;Ljakarta/servlet/ServletResponse;)V+105
j  org.springframework.security.web.context.SecurityContextHolderFilter.doFilter(Ljakarta/servlet/http/HttpServletRequest;Ljakarta/servlet/http/HttpServletResponse;Ljakarta/servlet/FilterChain;)V+59
j  org.springframework.security.web.context.SecurityContextHolderFilter.doFilter(Ljakarta/servlet/ServletRequest;Ljakarta/servlet/ServletResponse;Ljakarta/servlet/FilterChain;)V+10
j  org.springframework.security.web.FilterChainProxy$VirtualFilterChain.doFilter(Ljakarta/servlet/ServletRequest;Ljakarta/servlet/ServletResponse;)V+105
j  org.springframework.security.web.context.request.async.WebAsyncManagerIntegrationFilter.doFilterInternal(Ljakarta/servlet/http/HttpServletRequest;Ljakarta/servlet/http/HttpServletResponse;Ljakarta/servlet/FilterChain;)V+55
j  org.springframework.web.filter.OncePerRequestFilter.doFilter(Ljakarta/servlet/ServletRequest;Ljakarta/servlet/ServletResponse;Ljakarta/servlet/FilterChain;)V+150
j  org.springframework.security.web.FilterChainProxy$VirtualFilterChain.doFilter(Ljakarta/servlet/ServletRequest;Ljakarta/servlet/ServletResponse;)V+105
j  org.springframework.security.web.session.DisableEncodeUrlFilter.doFilterInternal(Ljakarta/servlet/http/HttpServletRequest;Ljakarta/servlet/http/HttpServletResponse;Ljakarta/servlet/FilterChain;)V+10
j  org.springframework.web.filter.OncePerRequestFilter.doFilter(Ljakarta/servlet/ServletRequest;Ljakarta/servlet/ServletResponse;Ljakarta/servlet/FilterChain;)V+150
j  org.springframework.security.web.FilterChainProxy$VirtualFilterChain.doFilter(Ljakarta/servlet/ServletRequest;Ljakarta/servlet/ServletResponse;)V+105
j  org.springframework.security.web.FilterChainProxy.doFilterInternal(Ljakarta/servlet/ServletRequest;Ljakarta/servlet/ServletResponse;Ljakarta/servlet/FilterChain;)V+163
j  org.springframework.security.web.FilterChainProxy.doFilter(Ljakarta/servlet/ServletRequest;Ljakarta/servlet/ServletResponse;Ljakarta/servlet/FilterChain;)V+48
j  org.springframework.web.filter.DelegatingFilterProxy.invokeDelegate(Ljakarta/servlet/Filter;Ljakarta/servlet/ServletRequest;Ljakarta/servlet/ServletResponse;Ljakarta/servlet/FilterChain;)V+5
j  org.springframework.web.filter.DelegatingFilterProxy.doFilter(Ljakarta/servlet/ServletRequest;Ljakarta/servlet/ServletResponse;Ljakarta/servlet/FilterChain;)V+85
j  org.apache.catalina.core.ApplicationFilterChain.internalDoFilter(Ljakarta/servlet/ServletRequest;Ljakarta/servlet/ServletResponse;)V+135
j  org.apache.catalina.core.ApplicationFilterChain.doFilter(Ljakarta/servlet/ServletRequest;Ljakarta/servlet/ServletResponse;)V+99
j  org.springframework.web.filter.RequestContextFilter.doFilterInternal(Ljakarta/servlet/http/HttpServletRequest;Ljakarta/servlet/http/HttpServletResponse;Ljakarta/servlet/FilterChain;)V+21
j  org.springframework.web.filter.OncePerRequestFilter.doFilter(Ljakarta/servlet/ServletRequest;Ljakarta/servlet/ServletResponse;Ljakarta/servlet/FilterChain;)V+150
j  org.apache.catalina.core.ApplicationFilterChain.internalDoFilter(Ljakarta/servlet/ServletRequest;Ljakarta/servlet/ServletResponse;)V+135
j  org.apache.catalina.core.ApplicationFilterChain.doFilter(Ljakarta/servlet/ServletRequest;Ljakarta/servlet/ServletResponse;)V+99
j  org.springframework.web.filter.FormContentFilter.doFilterInternal(Ljakarta/servlet/http/HttpServletRequest;Ljakarta/servlet/http/HttpServletResponse;Ljakarta/servlet/FilterChain;)V+38
j  org.springframework.web.filter.OncePerRequestFilter.doFilter(Ljakarta/servlet/ServletRequest;Ljakarta/servlet/ServletResponse;Ljakarta/servlet/FilterChain;)V+150
j  org.apache.catalina.core.ApplicationFilterChain.internalDoFilter(Ljakarta/servlet/ServletRequest;Ljakarta/servlet/ServletResponse;)V+135
j  org.apache.catalina.core.ApplicationFilterChain.doFilter(Ljakarta/servlet/ServletRequest;Ljakarta/servlet/ServletResponse;)V+99
j  org.springframework.web.filter.CharacterEncodingFilter.doFilterInternal(Ljakarta/servlet/http/HttpServletRequest;Ljakarta/servlet/http/HttpServletResponse;Ljakarta/servlet/FilterChain;)V+53
j  org.springframework.web.filter.OncePerRequestFilter.doFilter(Ljakarta/servlet/ServletRequest;Ljakarta/servlet/ServletResponse;Ljakarta/servlet/FilterChain;)V+150
j  org.apache.catalina.core.ApplicationFilterChain.internalDoFilter(Ljakarta/servlet/ServletRequest;Ljakarta/servlet/ServletResponse;)V+135
j  org.apache.catalina.core.ApplicationFilterChain.doFilter(Ljakarta/servlet/ServletRequest;Ljakarta/servlet/ServletResponse;)V+99
j  org.apache.catalina.core.StandardWrapperValve.invoke(Lorg/apache/catalina/connector/Request;Lorg/apache/catalina/connector/Response;)V+514
j  org.apache.catalina.core.StandardContextValve.invoke(Lorg/apache/catalina/connector/Request;Lorg/apache/catalina/connector/Response;)V+169
j  org.apache.catalina.authenticator.AuthenticatorBase.invoke(Lorg/apache/catalina/connector/Request;Lorg/apache/catalina/connector/Response;)V+218
j  org.apache.catalina.core.StandardHostValve.invoke(Lorg/apache/catalina/connector/Request;Lorg/apache/catalina/connector/Response;)V+131
j  org.apache.catalina.valves.ErrorReportValve.invoke(Lorg/apache/catalina/connector/Request;Lorg/apache/catalina/connector/Response;)V+6
j  org.apache.catalina.core.StandardEngineValve.invoke(Lorg/apache/catalina/connector/Request;Lorg/apache/catalina/connector/Response;)V+59
j  org.apache.catalina.connector.CoyoteAdapter.service(Lorg/apache/coyote/Request;Lorg/apache/coyote/Response;)V+187
j  org.apache.coyote.http11.Http11Processor.service(Lorg/apache/tomcat/util/net/SocketWrapperBase;)Lorg/apache/tomcat/util/net/AbstractEndpoint$Handler$SocketState;+785
j  org.apache.coyote.AbstractProcessorLight.process(Lorg/apache/tomcat/util/net/SocketWrapperBase;Lorg/apache/tomcat/util/net/SocketEvent;)Lorg/apache/tomcat/util/net/AbstractEndpoint$Handler$SocketState;+152
j  org.apache.coyote.AbstractProtocol$ConnectionHandler.process(Lorg/apache/tomcat/util/net/SocketWrapperBase;Lorg/apache/tomcat/util/net/SocketEvent;)Lorg/apache/tomcat/util/net/AbstractEndpoint$Handler$SocketState;+482
j  org.apache.tomcat.util.net.NioEndpoint$SocketProcessor.doRun()V+249
j  org.apache.tomcat.util.net.SocketProcessorBase.run()V+32
j  org.apache.tomcat.util.threads.ThreadPoolExecutor.runWorker(Lorg/apache/tomcat/util/threads/ThreadPoolExecutor$Worker;)V+92
j  org.apache.tomcat.util.threads.ThreadPoolExecutor$Worker.run()V+5
j  org.apache.tomcat.util.threads.TaskThread$WrappingRunnable.run()V+4
j  java.lang.Thread.run()V+11 java.base@17.0.8.1
v  ~StubRoutines::call_stub

siginfo: EXCEPTION_ACCESS_VIOLATION (0xc0000005), reading address 0x00000008b1a5e3b0


Register to memory mapping:

RIP=0x00007ffdc139e8a3 jvm.dll
RAX=0x0000000000000037 is an unknown value
RBX=0x00000238aa6258c0 is a thread
RCX=0x00000008b1a5e030 is an unknown value
RDX=0x0000000000000037 is an unknown value
RSP=0x00000095db9f8f68 is pointing into the stack for thread: 0x00000238aa6258c0
RBP=0x00000095db9f8fd0 is pointing into the stack for thread: 0x00000238aa6258c0
RSI=0x00000095db9f9038 is pointing into the stack for thread: 0x00000238aa6258c0
RDI=0x0000000000000037 is an unknown value
R8 =0x000000080099a4f8 is a pointer to class: 
org.springframework.security.web.servletapi.HttpServlet3RequestFactory$Servlet3SecurityContextHolderAwareRequestWrapper {0x000000080099a500}
 - instance size:     5
 - klass size:        261
 - access:            synchronized 
 - state:             fully_initialized
 - name:              'org/springframework/security/web/servletapi/HttpServlet3RequestFactory$Servlet3SecurityContextHolderAwareRequestWrapper'
 - super:             'org/springframework/security/web/servletapi/SecurityContextHolderAwareRequestWrapper'
 - sub:               
 - arrays:            NULL
 - methods:           Array<T>(0x00000238b100c9c8)
 - method ordering:   Array<T>(0x00000238a4000018)
 - default_methods:   Array<T>(0x0000000000000000)
 - local interfaces:  Array<T>(0x00000238a4000058)
 - trans. interfaces: Array<T>(0x00000238a7d29e38)
 - constants:         constant pool [276]/operands[5] {0x00000238b100bff0} for 'org/springframework/security/web/servletapi/HttpServlet3RequestFactory$Servlet3SecurityContextHolderAwareRequestWrapper' cache=0x00000238b100e778
 - class loader data:  loader data: 0x00000238a3609930 for instance a 'jdk/internal/loader/ClassLoaders$AppClassLoader'{0x0000000704f87990}
 - source file:       'HttpServlet3RequestFactory.java'
 - class annotations:       Array<T>(0x0000000000000000)
 - class type annotations:  Array<T>(0x0000000000000000)
 - field annotations:       Array<T>(0x0000000000000000)
 - field type annotations:  Array<T>(0x0000000000000000)
 - inner classes:     Array<T>(0x00000238b100d380)
 - nest members:     Array<T>(0x00000238a4000028)
 - permitted subclasses:     Array<T>(0x00000238a4000028)
 - java mirror:       a 'java/lang/Class'{0x0000000706a9a2d8} = 'org/springframework/security/web/servletapi/HttpServlet3RequestFactory$Servlet3SecurityContextHolderAwareRequestWrapper'
 - vtable length      84  (start addr: 0x000000080099a6c0)
 - itable length      119 (start addr: 0x000000080099a960)
 - ---- static fields (0 words):
 - ---- non-static fields (6 words):
 - private 'request' 'Ljakarta/servlet/ServletRequest;' @12 
 - private 'securityContextHolderStrategy' 'Lorg/springframework/security/core/context/SecurityContextHolderStrategy;' @16 
 - private final 'trustResolver' 'Lorg/springframework/security/authentication/AuthenticationTrustResolver;' @20 
 - private final 'rolePrefix' 'Ljava/lang/String;' @24 
 - private final 'response' 'Ljakarta/servlet/http/HttpServletResponse;' @28 
 - final synthetic 'this$0' 'Lorg/springframework/security/web/servletapi/HttpServlet3RequestFactory;' @32 
 - non-static oop maps: 12-32 
R9 =0x00000238a88b14c0 points into unknown readable memory: 0x00000095db9fa0f0 | f0 a0 9f db 95 00 00 00
R10=0x00000238aa8ae730 points into unknown readable memory: 0x0000001e00000007 | 07 00 00 00 1e 00 00 00
R11={method} {0x00000238b100df90} 'getUserPrincipal' '()Ljava/security/Principal;' in 'org/springframework/security/web/servletapi/SecurityContextHolderAwareRequestWrapper'
R12=0x0 is NULL
R13=0x000000080099a4f8 is a pointer to class: 
org.springframework.security.web.servletapi.HttpServlet3RequestFactory$Servlet3SecurityContextHolderAwareRequestWrapper {0x000000080099a500}
 - instance size:     5
 - klass size:        261
 - access:            synchronized 
 - state:             fully_initialized
 - name:              'org/springframework/security/web/servletapi/HttpServlet3RequestFactory$Servlet3SecurityContextHolderAwareRequestWrapper'
 - super:             'org/springframework/security/web/servletapi/SecurityContextHolderAwareRequestWrapper'
 - sub:               
 - arrays:            NULL
 - methods:           Array<T>(0x00000238b100c9c8)
 - method ordering:   Array<T>(0x00000238a4000018)
 - default_methods:   Array<T>(0x0000000000000000)
 - local interfaces:  Array<T>(0x00000238a4000058)
 - trans. interfaces: Array<T>(0x00000238a7d29e38)
 - constants:         constant pool [276]/operands[5] {0x00000238b100bff0} for 'org/springframework/security/web/servletapi/HttpServlet3RequestFactory$Servlet3SecurityContextHolderAwareRequestWrapper' cache=0x00000238b100e778
 - class loader data:  loader data: 0x00000238a3609930 for instance a 'jdk/internal/loader/ClassLoaders$AppClassLoader'{0x0000000704f87990}
 - source file:       'HttpServlet3RequestFactory.java'
 - class annotations:       Array<T>(0x0000000000000000)
 - class type annotations:  Array<T>(0x0000000000000000)
 - field annotations:       Array<T>(0x0000000000000000)
 - field type annotations:  Array<T>(0x0000000000000000)
 - inner classes:     Array<T>(0x00000238b100d380)
 - nest members:     Array<T>(0x00000238a4000028)
 - permitted subclasses:     Array<T>(0x00000238a4000028)
 - java mirror:       a 'java/lang/Class'{0x0000000706a9a2d8} = 'org/springframework/security/web/servletapi/HttpServlet3RequestFactory$Servlet3SecurityContextHolderAwareRequestWrapper'
 - vtable length      84  (start addr: 0x000000080099a6c0)
 - itable length      119 (start addr: 0x000000080099a960)
 - ---- static fields (0 words):
 - ---- non-static fields (6 words):
 - private 'request' 'Ljakarta/servlet/ServletRequest;' @12 
 - private 'securityContextHolderStrategy' 'Lorg/springframework/security/core/context/SecurityContextHolderStrategy;' @16 
 - private final 'trustResolver' 'Lorg/springframework/security/authentication/AuthenticationTrustResolver;' @20 
 - private final 'rolePrefix' 'Ljava/lang/String;' @24 
 - private final 'response' 'Ljakarta/servlet/http/HttpServletResponse;' @28 
 - final synthetic 'this$0' 'Lorg/springframework/security/web/servletapi/HttpServlet3RequestFactory;' @32 
 - non-static oop maps: 12-32 
R14=0x00000008b1a5e030 is an unknown value
R15=0x00000095db9f9160 is pointing into the stack for thread: 0x00000238aa6258c0


Registers:
RAX=0x0000000000000037, RBX=0x00000238aa6258c0, RCX=0x00000008b1a5e030, RDX=0x0000000000000037
RSP=0x00000095db9f8f68, RBP=0x00000095db9f8fd0, RSI=0x00000095db9f9038, RDI=0x0000000000000037
R8 =0x000000080099a4f8, R9 =0x00000238a88b14c0, R10=0x00000238aa8ae730, R11=0x00000238b100df88
R12=0x0000000000000000, R13=0x000000080099a4f8, R14=0x00000008b1a5e030, R15=0x00000095db9f9160
RIP=0x00007ffdc139e8a3, EFLAGS=0x0000000000010217

Top of Stack: (sp=0x00000095db9f8f68)
0x00000095db9f8f68:   00007ffdc13c22ef 000000000000001c
0x00000095db9f8f78:   00000008009aed50 00000238b100bfe8
0x00000095db9f8f88:   00000238aa6258c0 00000095db9f9048
0x00000095db9f8f98:   00007ffdc13bd46b 0000d76a3194d0e6
0x00000095db9f8fa8:   0000000000000000 0000000000000000
0x00000095db9f8fb8:   00000095db9f9160 0000000000000000
0x00000095db9f8fc8:   0000000000000000 00000238b100d2e9
0x00000095db9f8fd8:   00000238b100d2e9 00000095db9f9039
0x00000095db9f8fe8:   00007ffdc13c03e8 00000238a88b14c0
0x00000095db9f8ff8:   00000008b1a5e030 00000095db9f9160
0x00000095db9f9008:   00000238aa6258c0 00000008b1a5e030
0x00000095db9f9018:   0000000300000001 00000238aa6258c0
0x00000095db9f9028:   0000000000000000 00000238b100df88
0x00000095db9f9038:   00000238b100df88 00000238aa6258c0
0x00000095db9f9048:   00000238a8eb1060 00000238a93f87d0
0x00000095db9f9058:   000000080099a4f8 000000080099a4f8 

Instructions: (pc=0x00007ffdc139e8a3)
0x00007ffdc139e7a3:   8d 8e 88 00 00 00 c7 40 08 02 00 00 00 48 89 48
0x00007ffdc139e7b3:   20 c6 40 0c 00 48 89 58 10 48 89 58 18 4c 89 38
0x00007ffdc139e7c3:   eb 03 48 8b c3 48 8b d0 49 8b ce e8 9d 1c 0e 00
0x00007ffdc139e7d3:   45 33 c0 41 8d 50 17 8d 4a 11 e8 0e 81 b6 ff 48
0x00007ffdc139e7e3:   85 c0 74 23 48 8d 8e 90 00 00 00 c7 40 08 02 00
0x00007ffdc139e7f3:   00 00 48 89 48 20 c6 40 0c 00 48 89 58 10 48 89
0x00007ffdc139e803:   58 18 4c 89 38 eb 03 48 8b c3 48 8b d0 49 8b ce
0x00007ffdc139e813:   e8 58 1c 0e 00 83 be a0 00 00 00 00 8b fb 4c 8b
0x00007ffdc139e823:   7c 24 48 7e 5b 48 8d 2d e9 6b 42 00 90 45 33 c0
0x00007ffdc139e833:   41 8d 50 17 8d 4a 11 e8 b1 80 b6 ff 48 85 c0 74
0x00007ffdc139e843:   27 48 63 d7 48 83 c2 39 c7 40 08 02 00 00 00 c6
0x00007ffdc139e853:   40 0c 00 48 89 58 10 48 89 58 18 48 8d 14 d6 48
0x00007ffdc139e863:   89 28 48 89 50 20 eb 03 48 8b c3 48 8b d0 49 8b
0x00007ffdc139e873:   ce e8 f7 1b 0e 00 ff c7 3b be a0 00 00 00 7c ad
0x00007ffdc139e883:   48 8b 5c 24 50 48 8b 6c 24 58 48 83 c4 20 41 5e
0x00007ffdc139e893:   5f 5e c3 cc cc cc cc cc cc cc cc cc cc 48 63 c2
0x00007ffdc139e8a3:   48 8b 84 c1 c8 01 00 00 c3 cc cc cc cc 48 89 5c
0x00007ffdc139e8b3:   24 08 48 89 6c 24 10 48 89 74 24 18 57 41 54 41
0x00007ffdc139e8c3:   55 41 56 41 57 48 83 ec 20 48 8b 99 88 00 00 00
0x00007ffdc139e8d3:   44 0f b6 e2 48 85 db 0f 84 32 01 00 00 8b 0d d2
0x00007ffdc139e8e3:   f1 66 00 65 48 8b 04 25 58 00 00 00 be 50 00 00
0x00007ffdc139e8f3:   00 bd 20 00 00 00 4c 8d 2c c8 0f 1f 00 48 8b 8b
0x00007ffdc139e903:   98 00 00 00 e8 84 74 cb ff 84 c0 0f 85 1d 01 00
0x00007ffdc139e913:   00 45 84 e4 0f 84 e5 00 00 00 48 8b 15 fc 0c 63
0x00007ffdc139e923:   00 48 85 d2 0f 84 d5 00 00 00 49 8b 7d 00 8b c6
0x00007ffdc139e933:   80 3c 38 00 75 0c e8 1a 22 35 00 48 8b 15 db 0c
0x00007ffdc139e943:   63 00 8b c5 48 8b 0c 38 48 8b b9 38 02 00 00 48
0x00007ffdc139e953:   8b 77 10 48 8b 6f 18 4c 8b 77 20 4c 8b 7f 28 48
0x00007ffdc139e963:   85 d2 74 6c 8b 43 08 85 c0 7e 18 8b 83 a4 00 00
0x00007ffdc139e973:   00 c1 e8 1a a8 01 74 32 48 8b 4b 18 e8 dc f3 ff
0x00007ffdc139e983:   ff eb 3e 3d 00 00 00 c0 7d 20 48 8b 83 e8 00 00
0x00007ffdc139e993:   00 8b 88 a4 00 00 00 c1 e9 1a f6 c1 01 74 0b 48 


Stack slot to memory mapping:
stack at sp + 0 slots: 0x00007ffdc13c22ef jvm.dll
stack at sp + 1 slots: 0x000000000000001c is an unknown value
stack at sp + 2 slots: 0x00000008009aed50 is a pointer to class: 
jakarta.el.ExpressionFactory {0x00000008009aed58}
 - instance size:     2
 - klass size:        70
 - access:            public synchronized abstract 
 - state:             fully_initialized
 - name:              'jakarta/el/ExpressionFactory'
 - super:             'java/lang/Object'
 - sub:               'org/apache/el/ExpressionFactoryImpl'   
 - arrays:            NULL
 - methods:           Array<T>(0x00000238b109d8e0)
 - method ordering:   Array<T>(0x00000238a4000018)
 - default_methods:   Array<T>(0x0000000000000000)
 - local interfaces:  Array<T>(0x00000238a4000058)
 - trans. interfaces: Array<T>(0x00000238a4000058)
 - constants:         constant pool [370]/operands[26] {0x00000238b109cba0} for 'jakarta/el/ExpressionFactory' cache=0x00000238b109edc8
 - class loader data:  loader data: 0x00000238a3609930 for instance a 'jdk/internal/loader/ClassLoaders$AppClassLoader'{0x0000000704f87990}
 - source file:       'ExpressionFactory.java'
 - class annotations:       Array<T>(0x0000000000000000)
 - class type annotations:  Array<T>(0x0000000000000000)
 - field annotations:       Array<T>(0x0000000000000000)
 - field type annotations:  Array<T>(0x0000000000000000)
 - inner classes:     Array<T>(0x00000238b109e8f0)
 - nest members:     Array<T>(0x00000238b109e918)
 - permitted subclasses:     Array<T>(0x00000238a4000028)
 - java mirror:       a 'java/lang/Class'{0x0000000706a733c0} = 'jakarta/el/ExpressionFactory'
 - vtable length      11  (start addr: 0x00000008009aef18)
 - itable length      2 (start addr: 0x00000008009aef70)
 - ---- static fields (3 words):
 - private static final 'IS_SECURITY_ENABLED' 'Z' @128 
 - private static final 'PROPERTY_NAME' 'Ljava/lang/String;' @112 
 - private static final 'PROPERTY_FILE' 'Ljava/lang/String;' @116 
 - private static final 'nullTcclFactory' 'Ljakarta/el/ExpressionFactory$CacheValue;' @120 
 - private static final 'factoryCache' 'Ljava/util/Map;' @124 
 - ---- non-static fields (0 words):
 - non-static oop maps: 
stack at sp + 3 slots: 0x00000238b100bfe8 is pointing into metadata
stack at sp + 4 slots: 0x00000238aa6258c0 is a thread
stack at sp + 5 slots: 0x00000095db9f9048 is pointing into the stack for thread: 0x00000238aa6258c0
stack at sp + 6 slots: 0x00007ffdc13bd46b jvm.dll
stack at sp + 7 slots: 0x0000d76a3194d0e6 is an unknown value


---------------  P R O C E S S  ---------------

Threads class SMR info:
_java_thread_list=0x00000238ab8b4a60, length=30, elements={
0x00000238a34ecf90, 0x00000238a34eeb10, 0x00000238a34f8de0, 0x00000238a34f93b0,
0x00000238a353a030, 0x00000238a353db00, 0x00000238a354d850, 0x00000238a354fe70,
0x00000238a356c460, 0x00000238a36c8780, 0x00000238a36e7e10, 0x00000238a8ec15f0,
0x00000238a8ec1b00, 0x00000238a8ec06c0, 0x00000238a8ec01b0, 0x00000238a8ebf790,
0x00000238aa61e450, 0x00000238aa6207c0, 0x00000238aa61e960, 0x00000238aa622110,
0x00000238aa622620, 0x00000238aa6258c0, 0x00000238aa623040, 0x00000238aa622b30,
0x00000238aa6216f0, 0x00000238aa623550, 0x00000238aa61ee70, 0x00000238aa6202b0,
0x00000238aa620cd0, 0x00000238a377c850
}

Java Threads: ( => current thread )
  0x00000238a34ecf90 JavaThread "Reference Handler" daemon [_thread_blocked, id=17368, stack(0x00000095d9c00000,0x00000095d9d00000)]
  0x00000238a34eeb10 JavaThread "Finalizer" daemon [_thread_blocked, id=10180, stack(0x00000095d9d00000,0x00000095d9e00000)]
  0x00000238a34f8de0 JavaThread "Signal Dispatcher" daemon [_thread_blocked, id=17752, stack(0x00000095d9e00000,0x00000095d9f00000)]
  0x00000238a34f93b0 JavaThread "Attach Listener" daemon [_thread_blocked, id=7804, stack(0x00000095d9f00000,0x00000095da000000)]
  0x00000238a353a030 JavaThread "Service Thread" daemon [_thread_blocked, id=7780, stack(0x00000095da000000,0x00000095da100000)]
  0x00000238a353db00 JavaThread "Monitor Deflation Thread" daemon [_thread_blocked, id=11836, stack(0x00000095da100000,0x00000095da200000)]
  0x00000238a354d850 JavaThread "C2 CompilerThread0" daemon [_thread_in_native, id=18228, stack(0x00000095da200000,0x00000095da300000)]
  0x00000238a354fe70 JavaThread "C1 CompilerThread0" daemon [_thread_blocked, id=12936, stack(0x00000095da300000,0x00000095da400000)]
  0x00000238a356c460 JavaThread "Sweeper thread" daemon [_thread_blocked, id=11080, stack(0x00000095da400000,0x00000095da500000)]
  0x00000238a36c8780 JavaThread "Notification Thread" daemon [_thread_blocked, id=17448, stack(0x00000095da500000,0x00000095da600000)]
  0x00000238a36e7e10 JavaThread "Common-Cleaner" daemon [_thread_blocked, id=14148, stack(0x00000095da700000,0x00000095da800000)]
  0x00000238a8ec15f0 JavaThread "Catalina-utility-1" [_thread_blocked, id=5284, stack(0x00000095dac00000,0x00000095dad00000)]
  0x00000238a8ec1b00 JavaThread "Catalina-utility-2" [_thread_blocked, id=17796, stack(0x00000095dad00000,0x00000095dae00000)]
  0x00000238a8ec06c0 JavaThread "container-0" [_thread_blocked, id=11448, stack(0x00000095dae00000,0x00000095daf00000)]
  0x00000238a8ec01b0 JavaThread "mssql-jdbc-shared-timer-core-0" daemon [_thread_blocked, id=12468, stack(0x00000095db100000,0x00000095db200000)]
  0x00000238a8ebf790 JavaThread "HikariPool-1 housekeeper" daemon [_thread_blocked, id=15332, stack(0x00000095db200000,0x00000095db300000)]
  0x00000238aa61e450 JavaThread "http-nio-8080-exec-1" daemon [_thread_blocked, id=19044, stack(0x00000095db400000,0x00000095db500000)]
  0x00000238aa6207c0 JavaThread "http-nio-8080-exec-2" daemon [_thread_blocked, id=10836, stack(0x00000095db500000,0x00000095db600000)]
  0x00000238aa61e960 JavaThread "http-nio-8080-exec-3" daemon [_thread_blocked, id=12616, stack(0x00000095db600000,0x00000095db700000)]
  0x00000238aa622110 JavaThread "http-nio-8080-exec-4" daemon [_thread_blocked, id=14060, stack(0x00000095db700000,0x00000095db800000)]
  0x00000238aa622620 JavaThread "http-nio-8080-exec-5" daemon [_thread_blocked, id=16440, stack(0x00000095db800000,0x00000095db900000)]
=>0x00000238aa6258c0 JavaThread "http-nio-8080-exec-6" daemon [_thread_in_vm, id=13696, stack(0x00000095db900000,0x00000095dba00000)]
  0x00000238aa623040 JavaThread "http-nio-8080-exec-7" daemon [_thread_blocked, id=14696, stack(0x00000095dba00000,0x00000095dbb00000)]
  0x00000238aa622b30 JavaThread "http-nio-8080-exec-8" daemon [_thread_blocked, id=18492, stack(0x00000095dbb00000,0x00000095dbc00000)]
  0x00000238aa6216f0 JavaThread "http-nio-8080-exec-9" daemon [_thread_blocked, id=15940, stack(0x00000095dbc00000,0x00000095dbd00000)]
  0x00000238aa623550 JavaThread "http-nio-8080-exec-10" daemon [_thread_blocked, id=18212, stack(0x00000095dbd00000,0x00000095dbe00000)]
  0x00000238aa61ee70 JavaThread "http-nio-8080-Poller" daemon [_thread_in_native, id=9460, stack(0x00000095dbe00000,0x00000095dbf00000)]
  0x00000238aa6202b0 JavaThread "http-nio-8080-Acceptor" daemon [_thread_in_native, id=16492, stack(0x00000095dbf00000,0x00000095dc000000)]
  0x00000238aa620cd0 JavaThread "DestroyJavaVM" [_thread_blocked, id=18080, stack(0x00000095d9500000,0x00000095d9600000)]
  0x00000238a377c850 JavaThread "C2 CompilerThread1" daemon [_thread_blocked, id=10720, stack(0x00000095da800000,0x00000095da900000)]

Other Threads:
  0x00000238a348d7b0 VMThread "VM Thread" [stack: 0x00000095d9b00000,0x00000095d9c00000] [id=11532]
  0x00000238a36c8c60 WatcherThread [stack: 0x00000095da600000,0x00000095da700000] [id=16464]
  0x00000238853fc6b0 GCTaskThread "GC Thread#0" [stack: 0x00000095d9600000,0x00000095d9700000] [id=11216]
  0x00000238a35270e0 GCTaskThread "GC Thread#1" [stack: 0x00000095da900000,0x00000095daa00000] [id=7104]
  0x00000238a35273a0 GCTaskThread "GC Thread#2" [stack: 0x00000095daa00000,0x00000095dab00000] [id=4328]
  0x00000238a3527660 GCTaskThread "GC Thread#3" [stack: 0x00000095dab00000,0x00000095dac00000] [id=6756]
  0x00000238a0f50b80 ConcurrentGCThread "G1 Main Marker" [stack: 0x00000095d9700000,0x00000095d9800000] [id=13168]
  0x00000238a0f54fc0 ConcurrentGCThread "G1 Conc#0" [stack: 0x00000095d9800000,0x00000095d9900000] [id=15340]
  0x00000238a0ff9170 ConcurrentGCThread "G1 Refine#0" [stack: 0x00000095d9900000,0x00000095d9a00000] [id=17468]
  0x00000238ac344960 ConcurrentGCThread "G1 Refine#1" [stack: 0x00000095daf00000,0x00000095db000000] [id=16928]
  0x00000238a0ff9e70 ConcurrentGCThread "G1 Service" [stack: 0x00000095d9a00000,0x00000095d9b00000] [id=16604]

Threads with active compile tasks:
C2 CompilerThread0    24390 6784       4       org.eclipse.jdt.internal.compiler.lookup.BinaryTypeBinding::createMethod (1719 bytes)

VM state: not at safepoint (normal execution)

VM Mutex/Monitor currently owned by a thread: None

Heap address: 0x0000000704c00000, size: 4020 MB, Compressed Oops mode: Zero based, Oop shift amount: 3

CDS archive(s) not mapped
Compressed class space mapped at: 0x0000000800000000-0x0000000840000000, reserved size: 1073741824
Narrow klass base: 0x0000000800000000, Narrow klass shift: 0, Narrow klass range: 0x40000000

GC Precious Log:
 CPUs: 4 total, 4 available
 Memory: 16079M
 Large Page Support: Disabled
 NUMA Support: Disabled
 Compressed Oops: Enabled (Zero based)
 Heap Region Size: 2M
 Heap Min Capacity: 8M
 Heap Initial Capacity: 252M
 Heap Max Capacity: 4020M
 Pre-touch: Disabled
 Parallel Workers: 4
 Concurrent Workers: 1
 Concurrent Refinement Workers: 4
 Periodic GC: Disabled

Heap:
 garbage-first heap   total 69632K, used 38725K [0x0000000704c00000, 0x0000000800000000)
  region size 2048K, 6 young (12288K), 2 survivors (4096K)
 Metaspace       used 86388K, committed 86912K, reserved 1179648K
  class space    used 10683K, committed 10944K, reserved 1048576K

Heap Regions: E=young(eden), S=young(survivor), O=old, HS=humongous(starts), HC=humongous(continues), CS=collection set, F=free, OA=open archive, CA=closed archive, TAMS=top-at-mark-start (previous, next)
|   0|0x0000000704c00000, 0x0000000704e00000, 0x0000000704e00000|100%| O|  |TAMS 0x0000000704e00000, 0x0000000704c00000| Untracked 
|   1|0x0000000704e00000, 0x0000000705000000, 0x0000000705000000|100%| O|  |TAMS 0x0000000705000000, 0x0000000704e00000| Untracked 
|   2|0x0000000705000000, 0x0000000705200000, 0x0000000705200000|100%| O|  |TAMS 0x0000000705200000, 0x0000000705000000| Untracked 
|   3|0x0000000705200000, 0x0000000705400000, 0x0000000705400000|100%| O|  |TAMS 0x0000000705400000, 0x0000000705200000| Untracked 
|   4|0x0000000705400000, 0x0000000705600000, 0x0000000705600000|100%| O|  |TAMS 0x0000000705600000, 0x0000000705400000| Untracked 
|   5|0x0000000705600000, 0x0000000705800000, 0x0000000705800000|100%| O|  |TAMS 0x0000000705800000, 0x0000000705600000| Untracked 
|   6|0x0000000705800000, 0x0000000705a00000, 0x0000000705a00000|100%| O|  |TAMS 0x0000000705a00000, 0x0000000705800000| Untracked 
|   7|0x0000000705a00000, 0x0000000705c00000, 0x0000000705c00000|100%| O|  |TAMS 0x0000000705c00000, 0x0000000705a00000| Untracked 
|   8|0x0000000705c00000, 0x0000000705e00000, 0x0000000705e00000|100%| O|  |TAMS 0x0000000705c00000, 0x0000000705c00000| Untracked 
|   9|0x0000000705e00000, 0x0000000706000000, 0x0000000706000000|100%| O|  |TAMS 0x0000000706000000, 0x0000000705e00000| Untracked 
|  10|0x0000000706000000, 0x0000000706200000, 0x0000000706200000|100%| O|  |TAMS 0x00000007060cd800, 0x0000000706000000| Untracked 
|  11|0x0000000706200000, 0x0000000706400000, 0x0000000706400000|100%| O|  |TAMS 0x0000000706200000, 0x0000000706200000| Untracked 
|  12|0x0000000706400000, 0x0000000706600000, 0x0000000706600000|100%| O|  |TAMS 0x0000000706400000, 0x0000000706400000| Untracked 
|  13|0x0000000706600000, 0x0000000706800000, 0x0000000706800000|100%| O|  |TAMS 0x0000000706600000, 0x0000000706600000| Untracked 
|  14|0x0000000706800000, 0x0000000706a00000, 0x0000000706a00000|100%| O|  |TAMS 0x0000000706800000, 0x0000000706800000| Untracked 
|  15|0x0000000706a00000, 0x0000000706b67a00, 0x0000000706c00000| 70%| O|  |TAMS 0x0000000706a00000, 0x0000000706a00000| Untracked 
|  16|0x0000000706c00000, 0x0000000706c00000, 0x0000000706e00000|  0%| F|  |TAMS 0x0000000706c00000, 0x0000000706c00000| Untracked 
|  17|0x0000000706e00000, 0x0000000706e00000, 0x0000000707000000|  0%| F|  |TAMS 0x0000000706e00000, 0x0000000706e00000| Untracked 
|  18|0x0000000707000000, 0x0000000707000000, 0x0000000707200000|  0%| F|  |TAMS 0x0000000707000000, 0x0000000707000000| Untracked 
|  19|0x0000000707200000, 0x0000000707200000, 0x0000000707400000|  0%| F|  |TAMS 0x0000000707200000, 0x0000000707200000| Untracked 
|  20|0x0000000707400000, 0x0000000707400000, 0x0000000707600000|  0%| F|  |TAMS 0x0000000707400000, 0x0000000707400000| Untracked 
|  21|0x0000000707600000, 0x0000000707669aa0, 0x0000000707800000| 20%| S|CS|TAMS 0x0000000707600000, 0x0000000707600000| Complete 
|  22|0x0000000707800000, 0x0000000707a00000, 0x0000000707a00000|100%| S|CS|TAMS 0x0000000707800000, 0x0000000707800000| Complete 
|  23|0x0000000707a00000, 0x0000000707a00000, 0x0000000707c00000|  0%| F|  |TAMS 0x0000000707a00000, 0x0000000707a00000| Untracked 
|  24|0x0000000707c00000, 0x0000000707c00000, 0x0000000707e00000|  0%| F|  |TAMS 0x0000000707c00000, 0x0000000707c00000| Untracked 
|  25|0x0000000707e00000, 0x0000000707e00000, 0x0000000708000000|  0%| F|  |TAMS 0x0000000707e00000, 0x0000000707e00000| Untracked 
|  26|0x0000000708000000, 0x0000000708000000, 0x0000000708200000|  0%| F|  |TAMS 0x0000000708000000, 0x0000000708000000| Untracked 
|  27|0x0000000708200000, 0x0000000708200000, 0x0000000708400000|  0%| F|  |TAMS 0x0000000708200000, 0x0000000708200000| Untracked 
|  28|0x0000000708400000, 0x0000000708400000, 0x0000000708600000|  0%| F|  |TAMS 0x0000000708400000, 0x0000000708400000| Untracked 
|  29|0x0000000708600000, 0x0000000708600000, 0x0000000708800000|  0%| F|  |TAMS 0x0000000708600000, 0x0000000708600000| Untracked 
|  50|0x000000070b000000, 0x000000070b19ed20, 0x000000070b200000| 81%| E|  |TAMS 0x000000070b000000, 0x000000070b000000| Complete 
|  51|0x000000070b200000, 0x000000070b400000, 0x000000070b400000|100%| E|CS|TAMS 0x000000070b200000, 0x000000070b200000| Complete 
|  52|0x000000070b400000, 0x000000070b600000, 0x000000070b600000|100%| E|CS|TAMS 0x000000070b400000, 0x000000070b400000| Complete 
| 125|0x0000000714600000, 0x0000000714800000, 0x0000000714800000|100%| E|  |TAMS 0x0000000714600000, 0x0000000714600000| Complete 

Card table byte_map: [0x00000238981e0000,0x00000238989c0000] _byte_map_base: 0x00000238949ba000

Marking Bits (Prev, Next): (CMBitMap*) 0x00000238853fcb20, (CMBitMap*) 0x00000238853fcae0
 Prev Bits: [0x000002389d070000, 0x00000238a0f40000)
 Next Bits: [0x00000238991a0000, 0x000002389d070000)

Polling page: 0x0000023883320000

Metaspace:

Usage:
  Non-class:     73.93 MB used.
      Class:     10.43 MB used.
       Both:     84.36 MB used.

Virtual space:
  Non-class space:      128.00 MB reserved,      74.19 MB ( 58%) committed,  2 nodes.
      Class space:        1.00 GB reserved,      10.69 MB (  1%) committed,  1 nodes.
             Both:        1.12 GB reserved,      84.88 MB (  7%) committed. 

Chunk freelists:
   Non-Class:  5.62 MB
       Class:  5.33 MB
        Both:  10.95 MB

MaxMetaspaceSize: unlimited
CompressedClassSpaceSize: 1.00 GB
Initial GC threshold: 21.00 MB
Current GC threshold: 98.56 MB
CDS: off
MetaspaceReclaimPolicy: balanced
 - commit_granule_bytes: 65536.
 - commit_granule_words: 8192.
 - virtual_space_node_default_size: 8388608.
 - enlarge_chunks_in_place: 1.
 - new_chunks_are_fully_committed: 0.
 - uncommit_free_chunks: 1.
 - use_allocation_guard: 0.
 - handle_deallocations: 1.


Internal statistics:

num_allocs_failed_limit: 11.
num_arena_births: 810.
num_arena_deaths: 0.
num_vsnodes_births: 3.
num_vsnodes_deaths: 0.
num_space_committed: 1358.
num_space_uncommitted: 0.
num_chunks_returned_to_freelist: 11.
num_chunks_taken_from_freelist: 3445.
num_chunk_merges: 8.
num_chunk_splits: 2527.
num_chunks_enlarged: 2007.
num_inconsistent_stats: 0.

CodeHeap 'non-profiled nmethods': size=120000Kb used=4668Kb max_used=4668Kb free=115332Kb
 bounds [0x00000238904d0000, 0x0000023890960000, 0x0000023897a00000]
CodeHeap 'profiled nmethods': size=120000Kb used=13276Kb max_used=13276Kb free=106723Kb
 bounds [0x0000023888a00000, 0x0000023889700000, 0x000002388ff30000]
CodeHeap 'non-nmethods': size=5760Kb used=1396Kb max_used=1426Kb free=4363Kb
 bounds [0x000002388ff30000, 0x00000238901a0000, 0x00000238904d0000]
 total_blobs=6978 nmethods=6241 adapters=649
 compilation: enabled
              stopped_count=0, restarted_count=0
 full_count=0

Compilation events (20 events):
Event: 24.077 Thread 0x00000238a377c850 nmethod 6978 0x000002389095c610 code [0x000002389095c780, 0x000002389095c858]
Event: 24.081 Thread 0x00000238a354fe70 6981       3       java.lang.invoke.LambdaForm$MH/0x00000008002f0c00::invoke (27 bytes)
Event: 24.081 Thread 0x00000238a354fe70 nmethod 6981 0x00000238896f4310 code [0x00000238896f44c0, 0x00000238896f4878]
Event: 24.081 Thread 0x00000238a354fe70 6982       3       org.apache.jasper.compiler.SmapUtil$SDEInstaller::readU2 (15 bytes)
Event: 24.082 Thread 0x00000238a354fe70 nmethod 6982 0x00000238896f4a10 code [0x00000238896f4bc0, 0x00000238896f4d58]
Event: 24.082 Thread 0x00000238a354fe70 6983       3       java.lang.String::<init> (10 bytes)
Event: 24.082 Thread 0x00000238a377c850 6985       4       org.apache.jasper.compiler.SmapUtil$SDEInstaller::writeU1 (19 bytes)
Event: 24.082 Thread 0x00000238a354fe70 nmethod 6983 0x00000238896f4e10 code [0x00000238896f4fc0, 0x00000238896f5128]
Event: 24.082 Thread 0x00000238a354fe70 6988       3       java.nio.charset.Charset::lookup (44 bytes)
Event: 24.082 Thread 0x00000238a354fe70 nmethod 6988 0x00000238896f5210 code [0x00000238896f5400, 0x00000238896f5868]
Event: 24.082 Thread 0x00000238a354fe70 6987       3       java.nio.charset.Charset::forName (20 bytes)
Event: 24.083 Thread 0x00000238a354fe70 nmethod 6987 0x00000238896f5a10 code [0x00000238896f5bc0, 0x00000238896f5dd8]
Event: 24.083 Thread 0x00000238a354fe70 6989   !   3       java.lang.String::lookupCharset (20 bytes)
Event: 24.083 Thread 0x00000238a377c850 nmethod 6985 0x000002389095c910 code [0x000002389095ca80, 0x000002389095cb58]
Event: 24.083 Thread 0x00000238a377c850 6986       4       org.apache.jasper.compiler.SmapUtil$SDEInstaller::readU1 (21 bytes)
Event: 24.083 Thread 0x00000238a354fe70 nmethod 6989 0x00000238896f5e90 code [0x00000238896f6080, 0x00000238896f6538]
Event: 24.083 Thread 0x00000238a354fe70 6984       3       java.lang.String::<init> (13 bytes)
Event: 24.083 Thread 0x00000238a354fe70 nmethod 6984 0x00000238896f6790 code [0x00000238896f69a0, 0x00000238896f6f48]
Event: 24.084 Thread 0x00000238a377c850 nmethod 6986 0x000002389095cc10 code [0x000002389095cd80, 0x000002389095ce58]
Event: 24.087 Thread 0x00000238a377c850 6990  s!   4       jdk.internal.loader.URLClassPath::getLoader (194 bytes)

GC Heap History (20 events):
Event: 7.501 GC heap before
{Heap before GC invocations=13 (full 0):
 garbage-first heap   total 69632K, used 48565K [0x0000000704c00000, 0x0000000800000000)
  region size 2048K, 15 young (30720K), 1 survivors (2048K)
 Metaspace       used 51414K, committed 51904K, reserved 1114112K
  class space    used 6143K, committed 6400K, reserved 1048576K
}
Event: 7.505 GC heap after
{Heap after GC invocations=14 (full 0):
 garbage-first heap   total 69632K, used 21167K [0x0000000704c00000, 0x0000000800000000)
  region size 2048K, 1 young (2048K), 1 survivors (2048K)
 Metaspace       used 51414K, committed 51904K, reserved 1114112K
  class space    used 6143K, committed 6400K, reserved 1048576K
}
Event: 8.484 GC heap before
{Heap before GC invocations=14 (full 0):
 garbage-first heap   total 69632K, used 49839K [0x0000000704c00000, 0x0000000800000000)
  region size 2048K, 15 young (30720K), 1 survivors (2048K)
 Metaspace       used 57187K, committed 57600K, reserved 1114112K
  class space    used 6911K, committed 7104K, reserved 1048576K
}
Event: 8.491 GC heap after
{Heap after GC invocations=15 (full 0):
 garbage-first heap   total 69632K, used 23130K [0x0000000704c00000, 0x0000000800000000)
  region size 2048K, 2 young (4096K), 2 survivors (4096K)
 Metaspace       used 57187K, committed 57600K, reserved 1114112K
  class space    used 6911K, committed 7104K, reserved 1048576K
}
Event: 8.765 GC heap before
{Heap before GC invocations=15 (full 0):
 garbage-first heap   total 69632K, used 29274K [0x0000000704c00000, 0x0000000800000000)
  region size 2048K, 6 young (12288K), 2 survivors (4096K)
 Metaspace       used 59878K, committed 60288K, reserved 1114112K
  class space    used 7328K, committed 7552K, reserved 1048576K
}
Event: 8.773 GC heap after
{Heap after GC invocations=16 (full 0):
 garbage-first heap   total 69632K, used 23884K [0x0000000704c00000, 0x0000000800000000)
  region size 2048K, 2 young (4096K), 2 survivors (4096K)
 Metaspace       used 59878K, committed 60288K, reserved 1114112K
  class space    used 7328K, committed 7552K, reserved 1048576K
}
Event: 9.655 GC heap before
{Heap before GC invocations=17 (full 0):
 garbage-first heap   total 69632K, used 48460K [0x0000000704c00000, 0x0000000800000000)
  region size 2048K, 14 young (28672K), 2 survivors (4096K)
 Metaspace       used 64458K, committed 64960K, reserved 1114112K
  class space    used 8199K, committed 8448K, reserved 1048576K
}
Event: 9.659 GC heap after
{Heap after GC invocations=18 (full 0):
 garbage-first heap   total 69632K, used 24733K [0x0000000704c00000, 0x0000000800000000)
  region size 2048K, 1 young (2048K), 1 survivors (2048K)
 Metaspace       used 64458K, committed 64960K, reserved 1114112K
  class space    used 8199K, committed 8448K, reserved 1048576K
}
Event: 10.781 GC heap before
{Heap before GC invocations=18 (full 0):
 garbage-first heap   total 69632K, used 49309K [0x0000000704c00000, 0x0000000800000000)
  region size 2048K, 14 young (28672K), 1 survivors (2048K)
 Metaspace       used 69309K, committed 69888K, reserved 1114112K
  class space    used 8794K, committed 9088K, reserved 1048576K
}
Event: 10.792 GC heap after
{Heap after GC invocations=19 (full 0):
 garbage-first heap   total 69632K, used 26960K [0x0000000704c00000, 0x0000000800000000)
  region size 2048K, 2 young (4096K), 2 survivors (4096K)
 Metaspace       used 69309K, committed 69888K, reserved 1114112K
  class space    used 8794K, committed 9088K, reserved 1048576K
}
Event: 11.409 GC heap before
{Heap before GC invocations=19 (full 0):
 garbage-first heap   total 69632K, used 51536K [0x0000000704c00000, 0x0000000800000000)
  region size 2048K, 14 young (28672K), 2 survivors (4096K)
 Metaspace       used 71517K, committed 72064K, reserved 1114112K
  class space    used 9134K, committed 9408K, reserved 1048576K
}
Event: 11.418 GC heap after
{Heap after GC invocations=20 (full 0):
 garbage-first heap   total 69632K, used 28597K [0x0000000704c00000, 0x0000000800000000)
  region size 2048K, 1 young (2048K), 1 survivors (2048K)
 Metaspace       used 71517K, committed 72064K, reserved 1114112K
  class space    used 9134K, committed 9408K, reserved 1048576K
}
Event: 16.206 GC heap before
{Heap before GC invocations=20 (full 0):
 garbage-first heap   total 69632K, used 51125K [0x0000000704c00000, 0x0000000800000000)
  region size 2048K, 13 young (26624K), 1 survivors (2048K)
 Metaspace       used 74683K, committed 75264K, reserved 1114112K
  class space    used 9538K, committed 9792K, reserved 1048576K
}
Event: 16.213 GC heap after
{Heap after GC invocations=21 (full 0):
 garbage-first heap   total 69632K, used 30479K [0x0000000704c00000, 0x0000000800000000)
  region size 2048K, 2 young (4096K), 2 survivors (4096K)
 Metaspace       used 74683K, committed 75264K, reserved 1114112K
  class space    used 9538K, committed 9792K, reserved 1048576K
}
Event: 16.951 GC heap before
{Heap before GC invocations=21 (full 0):
 garbage-first heap   total 69632K, used 50959K [0x0000000704c00000, 0x0000000800000000)
  region size 2048K, 13 young (26624K), 2 survivors (4096K)
 Metaspace       used 78690K, committed 79232K, reserved 1179648K
  class space    used 9880K, committed 10176K, reserved 1048576K
}
Event: 16.963 GC heap after
{Heap after GC invocations=22 (full 0):
 garbage-first heap   total 69632K, used 32597K [0x0000000704c00000, 0x0000000800000000)
  region size 2048K, 2 young (4096K), 2 survivors (4096K)
 Metaspace       used 78690K, committed 79232K, reserved 1179648K
  class space    used 9880K, committed 10176K, reserved 1048576K
}
Event: 17.591 GC heap before
{Heap before GC invocations=22 (full 0):
 garbage-first heap   total 69632K, used 51029K [0x0000000704c00000, 0x0000000800000000)
  region size 2048K, 12 young (24576K), 2 survivors (4096K)
 Metaspace       used 82647K, committed 83200K, reserved 1179648K
  class space    used 10224K, committed 10496K, reserved 1048576K
}
Event: 17.595 GC heap after
{Heap after GC invocations=23 (full 0):
 garbage-first heap   total 69632K, used 33540K [0x0000000704c00000, 0x0000000800000000)
  region size 2048K, 2 young (4096K), 2 survivors (4096K)
 Metaspace       used 82647K, committed 83200K, reserved 1179648K
  class space    used 10224K, committed 10496K, reserved 1048576K
}
Event: 23.862 GC heap before
{Heap before GC invocations=23 (full 0):
 garbage-first heap   total 69632K, used 51972K [0x0000000704c00000, 0x0000000800000000)
  region size 2048K, 12 young (24576K), 2 survivors (4096K)
 Metaspace       used 86162K, committed 86720K, reserved 1179648K
  class space    used 10682K, committed 10944K, reserved 1048576K
}
Event: 23.868 GC heap after
{Heap after GC invocations=24 (full 0):
 garbage-first heap   total 69632K, used 34629K [0x0000000704c00000, 0x0000000800000000)
  region size 2048K, 2 young (4096K), 2 survivors (4096K)
 Metaspace       used 86162K, committed 86720K, reserved 1179648K
  class space    used 10682K, committed 10944K, reserved 1048576K
}

Dll operation events (9 events):
Event: 0.017 Loaded shared library C:\Users\JPiccione\.p2\pool\plugins\org.eclipse.justj.openjdk.hotspot.jre.full.win32.x86_64_17.0.8.v20230831-1047\jre\bin\java.dll
Event: 0.214 Loaded shared library C:\Users\JPiccione\.p2\pool\plugins\org.eclipse.justj.openjdk.hotspot.jre.full.win32.x86_64_17.0.8.v20230831-1047\jre\bin\jimage.dll
Event: 0.230 Loaded shared library C:\Users\JPiccione\.p2\pool\plugins\org.eclipse.justj.openjdk.hotspot.jre.full.win32.x86_64_17.0.8.v20230831-1047\jre\bin\net.dll
Event: 0.232 Loaded shared library C:\Users\JPiccione\.p2\pool\plugins\org.eclipse.justj.openjdk.hotspot.jre.full.win32.x86_64_17.0.8.v20230831-1047\jre\bin\nio.dll
Event: 0.239 Loaded shared library C:\Users\JPiccione\.p2\pool\plugins\org.eclipse.justj.openjdk.hotspot.jre.full.win32.x86_64_17.0.8.v20230831-1047\jre\bin\zip.dll
Event: 5.237 Loaded shared library C:\Users\JPiccione\.p2\pool\plugins\org.eclipse.justj.openjdk.hotspot.jre.full.win32.x86_64_17.0.8.v20230831-1047\jre\bin\sunmscapi.dll
Event: 5.286 Loaded shared library C:\Users\JPiccione\.p2\pool\plugins\org.eclipse.justj.openjdk.hotspot.jre.full.win32.x86_64_17.0.8.v20230831-1047\jre\bin\management.dll
Event: 5.289 Loaded shared library C:\Users\JPiccione\.p2\pool\plugins\org.eclipse.justj.openjdk.hotspot.jre.full.win32.x86_64_17.0.8.v20230831-1047\jre\bin\management_ext.dll
Event: 6.646 Loaded shared library C:\Users\JPiccione\.p2\pool\plugins\org.eclipse.justj.openjdk.hotspot.jre.full.win32.x86_64_17.0.8.v20230831-1047\jre\bin\verify.dll

Deoptimization events (20 events):
Event: 23.690 Thread 0x00000238aa6258c0 DEOPT PACKING pc=0x000002389093aff0 sp=0x00000095db9f9ed0
Event: 23.690 Thread 0x00000238aa6258c0 DEOPT UNPACKING pc=0x000002388ff869a3 sp=0x00000095db9f9e68 mode 2
Event: 23.809 Thread 0x00000238aa6258c0 Uncommon trap: trap_request=0xffffff45 fr.pc=0x00000238905f3ac8 relative=0x0000000000000048
Event: 23.809 Thread 0x00000238aa6258c0 Uncommon trap: reason=unstable_if action=reinterpret pc=0x00000238905f3ac8 method=java.lang.StringConcatHelper.stringOf(Ljava/lang/Object;)Ljava/lang/String; @ 1 c2
Event: 23.809 Thread 0x00000238aa6258c0 DEOPT PACKING pc=0x00000238905f3ac8 sp=0x00000095db9f9970
Event: 23.809 Thread 0x00000238aa6258c0 DEOPT UNPACKING pc=0x000002388ff869a3 sp=0x00000095db9f9900 mode 2
Event: 23.828 Thread 0x00000238aa6258c0 Uncommon trap: trap_request=0xffffffde fr.pc=0x000002389053b934 relative=0x0000000000001334
Event: 23.828 Thread 0x00000238aa6258c0 Uncommon trap: reason=class_check action=maybe_recompile pc=0x000002389053b934 method=jdk.internal.loader.URLClassPath.getLoader(I)Ljdk/internal/loader/URLClassPath$Loader; @ 88 c2
Event: 23.828 Thread 0x00000238aa6258c0 DEOPT PACKING pc=0x000002389053b934 sp=0x00000095db9f9770
Event: 23.828 Thread 0x00000238aa6258c0 DEOPT UNPACKING pc=0x000002388ff869a3 sp=0x00000095db9f97b0 mode 2
Event: 23.976 Thread 0x00000238aa6258c0 DEOPT PACKING pc=0x000002388956ab31 sp=0x00000095db9f8430
Event: 23.976 Thread 0x00000238aa6258c0 DEOPT UNPACKING pc=0x000002388ff87143 sp=0x00000095db9f7868 mode 0
Event: 24.032 Thread 0x00000238aa6258c0 Uncommon trap: trap_request=0xffffff6e fr.pc=0x0000023890952630 relative=0x00000000000001b0
Event: 24.032 Thread 0x00000238aa6258c0 Uncommon trap: reason=loop_limit_check action=maybe_recompile pc=0x0000023890952630 method=org.eclipse.jdt.internal.compiler.lookup.ReferenceBinding.compare([C[CII)I @ 46 c2
Event: 24.032 Thread 0x00000238aa6258c0 DEOPT PACKING pc=0x0000023890952630 sp=0x00000095db9f9570
Event: 24.032 Thread 0x00000238aa6258c0 DEOPT UNPACKING pc=0x000002388ff869a3 sp=0x00000095db9f94e0 mode 2
Event: 24.086 Thread 0x00000238aa6258c0 Uncommon trap: trap_request=0xffffffde fr.pc=0x000002389053b934 relative=0x0000000000001334
Event: 24.086 Thread 0x00000238aa6258c0 Uncommon trap: reason=class_check action=maybe_recompile pc=0x000002389053b934 method=jdk.internal.loader.URLClassPath.getLoader(I)Ljdk/internal/loader/URLClassPath$Loader; @ 88 c2
Event: 24.086 Thread 0x00000238aa6258c0 DEOPT PACKING pc=0x000002389053b934 sp=0x00000095db9f9cf0
Event: 24.086 Thread 0x00000238aa6258c0 DEOPT UNPACKING pc=0x000002388ff869a3 sp=0x00000095db9f9d30 mode 2

Classes unloaded (0 events):
No events

Classes redefined (0 events):
No events

Internal exceptions (20 events):
Event: 10.713 Thread 0x00000238853916e0 Exception <a 'java/lang/NoSuchMethodError'{0x00000007076605e0}: 'java.lang.Object java.lang.invoke.Invokers$Holder.invoke_MT(java.lang.Object, java.lang.Object, java.lang.Object, java.lang.Object, java.lang.Object, java.lang.Object, java.lang.Object, java.lang.Object, java.lang.Object)'> (0x00000007076605e0) 
thrown [s\src\hotspot\share\interpreter\linkResolver.cpp, line 759]
Event: 10.718 Thread 0x00000238853916e0 Exception <a 'java/lang/IncompatibleClassChangeError'{0x000000070768a490}: Found class java.lang.Object, but interface was expected> (0x000000070768a490) 
thrown [s\src\hotspot\share\interpreter\linkResolver.cpp, line 826]
Event: 11.051 Thread 0x00000238853916e0 Implicit null exception at 0x00000238905f8741 to 0x00000238905f8802
Event: 11.522 Thread 0x00000238853916e0 Exception <a 'sun/nio/fs/WindowsException'{0x000000070b49faf0}> (0x000000070b49faf0) 
thrown [s\src\hotspot\share\prims\jni.cpp, line 516]
Event: 11.594 Thread 0x00000238853916e0 Exception <a 'java/lang/IncompatibleClassChangeError'{0x000000070b3fa988}: Found class java.lang.Object, but interface was expected> (0x000000070b3fa988) 
thrown [s\src\hotspot\share\interpreter\linkResolver.cpp, line 826]
Event: 11.687 Thread 0x00000238853916e0 Exception <a 'java/lang/NoSuchMethodError'{0x0000000708694980}: 'void java.lang.invoke.DirectMethodHandle$Holder.invokeVirtual(java.lang.Object, java.lang.Object, long)'> (0x0000000708694980) 
thrown [s\src\hotspot\share\interpreter\linkResolver.cpp, line 759]
Event: 11.922 Thread 0x00000238853916e0 Exception <a 'java/lang/NoSuchMethodError'{0x0000000707f2ca70}: 'java.lang.Object java.lang.invoke.DirectMethodHandle$Holder.newInvokeSpecial(java.lang.Object, java.lang.Object, int, java.lang.Object, java.lang.Object)'> (0x0000000707f2ca70) 
thrown [s\src\hotspot\share\interpreter\linkResolver.cpp, line 759]
Event: 11.923 Thread 0x00000238853916e0 Exception <a 'java/lang/NoSuchMethodError'{0x0000000707f380e8}: 'java.lang.Object java.lang.invoke.DirectMethodHandle$Holder.invokeSpecial(java.lang.Object, java.lang.Object, int, java.lang.Object, int, java.lang.Object)'> (0x0000000707f380e8) 
thrown [s\src\hotspot\share\interpreter\linkResolver.cpp, line 759]
Event: 11.924 Thread 0x00000238853916e0 Exception <a 'java/lang/NoSuchMethodError'{0x0000000707f3fef0}: 'java.lang.Object java.lang.invoke.DirectMethodHandle$Holder.newInvokeSpecial(java.lang.Object, java.lang.Object, int, java.lang.Object, int)'> (0x0000000707f3fef0) 
thrown [s\src\hotspot\share\interpreter\linkResolver.cpp, line 759]
Event: 11.924 Thread 0x00000238853916e0 Exception <a 'java/lang/NoSuchMethodError'{0x0000000707f43ff0}: 'java.lang.Object java.lang.invoke.DirectMethodHandle$Holder.invokeSpecial(java.lang.Object, java.lang.Object, java.lang.Object, int, java.lang.Object, int)'> (0x0000000707f43ff0) 
thrown [s\src\hotspot\share\interpreter\linkResolver.cpp, line 759]
Event: 16.126 Thread 0x00000238aa61e450 Exception <a 'java/lang/NoSuchMethodError'{0x000000070786bbe0}: 'java.lang.Object java.lang.invoke.DirectMethodHandle$Holder.invokeSpecial(java.lang.Object, java.lang.Object, java.lang.Object, java.lang.Object, java.lang.Object, long)'> (0x000000070786bbe0) 
thrown [s\src\hotspot\share\interpreter\linkResolver.cpp, line 759]
Event: 16.126 Thread 0x00000238aa61e450 Exception <a 'java/lang/NoSuchMethodError'{0x000000070786f620}: 'java.lang.Object java.lang.invoke.Invokers$Holder.linkToTargetMethod(java.lang.Object, java.lang.Object, java.lang.Object, long, java.lang.Object)'> (0x000000070786f620) 
thrown [s\src\hotspot\share\interpreter\linkResolver.cpp, line 759]
Event: 16.186 Thread 0x00000238aa61e450 Exception <a 'java/lang/NoSuchMethodError'{0x00000007079a4398}: getSession> (0x00000007079a4398) 
thrown [s\src\hotspot\share\prims\jni.cpp, line 1073]
Event: 16.547 Thread 0x00000238aa61e450 Implicit null exception at 0x0000023890501c57 to 0x0000023890502244
Event: 16.547 Thread 0x00000238aa61e450 Implicit null exception at 0x0000023890500fd7 to 0x0000023890501598
Event: 17.643 Thread 0x00000238aa61e450 Exception <a 'java/lang/AbstractMethodError'{0x000000071471bf18}: Receiver class <unknown> does not define or inherit an implementation of the resolved method 'java.security.Principal getUserPrincipal()' of class org.springframework.security.web.servletapi.SecurityContextHolderAwareRequestWrapper.> (0x000000071471bf18) 
thrown [s\src\hotspot\share\interpreter\linkResolver.cpp, line 1855]
Event: 17.751 Thread 0x00000238aa61e450 Exception <a 'java/lang/AbstractMethodError'{0x000000070b478100}: Receiver class <unknown> does not define or inherit an implementation of the resolved method 'java.security.Principal getUserPrincipal()' of class org.springframework.security.web.servletapi.SecurityContextHolderAwareRequestWrapper.> (0x000000070b478100) 
thrown [s\src\hotspot\share\interpreter\linkResolver.cpp, line 1855]
Event: 17.820 Thread 0x00000238aa61e960 Exception <a 'java/lang/NoSuchMethodError'{0x000000070b51bbe0}: 'java.lang.Object java.lang.invoke.DirectMethodHandle$Holder.invokeStatic(java.lang.Object, int, int)'> (0x000000070b51bbe0) 
thrown [s\src\hotspot\share\interpreter\linkResolver.cpp, line 759]
Event: 17.824 Thread 0x00000238aa6207c0 Exception <a 'java/lang/NoSuchMethodError'{0x000000070b4e5390}: 'java.lang.Object java.lang.invoke.DirectMethodHandle$Holder.invokeStatic(java.lang.Object, int, int)'> (0x000000070b4e5390) 
thrown [s\src\hotspot\share\interpreter\linkResolver.cpp, line 759]
Event: 23.425 Thread 0x00000238aa622620 Exception <a 'java/lang/NoSuchMethodError'{0x000000070837c630}: 'void java.lang.invoke.DirectMethodHandle$Holder.invokeSpecialIFC(java.lang.Object, java.lang.Object, int, java.lang.Object, java.lang.Object, java.lang.Object, java.lang.Object)'> (0x000000070837c630) 
thrown [s\src\hotspot\share\interpreter\linkResolver.cpp, line 759]

VM Operations (20 events):
Event: 17.748 Executing VM operation: HandshakeAllThreads
Event: 17.748 Executing VM operation: HandshakeAllThreads done
Event: 17.750 Executing VM operation: HandshakeAllThreads
Event: 17.750 Executing VM operation: HandshakeAllThreads done
Event: 17.751 Executing VM operation: get/set locals
Event: 17.751 Executing VM operation: get/set locals done
Event: 17.751 Executing VM operation: get/set locals
Event: 17.751 Executing VM operation: get/set locals done
Event: 18.759 Executing VM operation: Cleanup
Event: 18.759 Executing VM operation: Cleanup done
Event: 23.287 Executing VM operation: HandshakeAllThreads
Event: 23.287 Executing VM operation: HandshakeAllThreads done
Event: 23.287 Executing VM operation: Cleanup
Event: 23.287 Executing VM operation: Cleanup done
Event: 23.862 Executing VM operation: G1CollectForAllocation
Event: 23.868 Executing VM operation: G1CollectForAllocation done
Event: 24.090 Executing VM operation: get/set locals
Event: 24.090 Executing VM operation: get/set locals done
Event: 24.090 Executing VM operation: get/set locals
Event: 24.090 Executing VM operation: get/set locals done

Events (20 events):
Event: 17.749 loading class sun/nio/cs/ISO_8859_1$Encoder done
Event: 17.750 loading class sun/nio/cs/Surrogate$Parser
Event: 17.750 loading class sun/nio/cs/Surrogate$Parser done
Event: 17.750 loading class sun/nio/cs/Surrogate
Event: 17.750 loading class sun/nio/cs/Surrogate done
Event: 17.804 loading class java/util/concurrent/locks/ReentrantReadWriteLock$Sync$HoldCounter
Event: 17.804 loading class java/util/concurrent/locks/ReentrantReadWriteLock$Sync$HoldCounter done
Event: 17.811 loading class jdk/internal/access/foreign/MemorySegmentProxy
Event: 17.811 loading class jdk/internal/access/foreign/MemorySegmentProxy done
Event: 17.825 loading class java/util/ArrayList$SubList$2
Event: 17.825 loading class java/util/ArrayList$SubList$2 done
Event: 17.843 loading class java/time/format/DateTimeFormatterBuilder$ZoneTextPrinterParser
Event: 17.843 loading class java/time/format/DateTimeFormatterBuilder$ZoneTextPrinterParser done
Event: 17.844 loading class java/time/format/DateTimeFormatterBuilder$ReducedPrinterParser
Event: 17.844 loading class java/time/format/DateTimeFormatterBuilder$ReducedPrinterParser done
Event: 17.860 loading class java/util/concurrent/atomic/Striped64$Cell
Event: 17.860 loading class java/util/concurrent/atomic/Striped64$Cell done
Event: 17.861 Thread 0x00000238a377c850 Thread added: 0x00000238a377c850
Event: 22.876 Thread 0x00000238a377c850 Thread exited: 0x00000238a377c850
Event: 23.305 Thread 0x00000238a377c850 Thread added: 0x00000238a377c850


Dynamic libraries:
0x00007ff764760000 - 0x00007ff76476e000 	C:\Users\JPiccione\.p2\pool\plugins\org.eclipse.justj.openjdk.hotspot.jre.full.win32.x86_64_17.0.8.v20230831-1047\jre\bin\javaw.exe
0x0000023883020000 - 0x0000023883217000 	C:\windows\SYSTEM32\ntd1l.dll
0x0000023883220000 - 0x00000238832dd000 	C:\windows\System32\kern3l32.dll
0x00007ffe167d0000 - 0x00007ffe169c7000 	C:\windows\SYSTEM32\ntdll.dll
0x00007ffe14a40000 - 0x00007ffe14afd000 	C:\windows\System32\KERNEL32.DLL
0x00007ffe13fa0000 - 0x00007ffe14296000 	C:\windows\System32\KERNELBASE.dll
0x00007ffe13920000 - 0x00007ffe13c33000 	C:\Program Files\SentinelOne\Sentinel Agent 23.1.4.650\InProcessClient64.dll
0x00007ffe15b00000 - 0x00007ffe15bae000 	C:\windows\System32\ADVAPI32.dll
0x00007ffe15ef0000 - 0x00007ffe15f8e000 	C:\windows\System32\msvcrt.dll
0x00007ffe14b00000 - 0x00007ffe14b9c000 	C:\windows\System32\sechost.dll
0x00007ffe15dc0000 - 0x00007ffe15ee6000 	C:\windows\System32\RPCRT4.dll
0x00007ffe14530000 - 0x00007ffe14630000 	C:\windows\System32\ucrtbase.dll
0x00007ffe0d130000 - 0x00007ffe0d149000 	C:\Users\JPiccione\.p2\pool\plugins\org.eclipse.justj.openjdk.hotspot.jre.full.win32.x86_64_17.0.8.v20230831-1047\jre\bin\VCRUNTIME140.dll
0x00007ffdfa7e0000 - 0x00007ffdfa7f7000 	C:\Users\JPiccione\.p2\pool\plugins\org.eclipse.justj.openjdk.hotspot.jre.full.win32.x86_64_17.0.8.v20230831-1047\jre\bin\jli.dll
0x00007ffe15670000 - 0x00007ffe1580e000 	C:\windows\System32\USER32.dll
0x00007ffe14800000 - 0x00007ffe14822000 	C:\windows\System32\win32u.dll
0x00007ffe06950000 - 0x00007ffe06bea000 	C:\windows\WinSxS\amd64_microsoft.windows.common-controls_6595b64144ccf1df_6.0.19041.3570_none_60bb2a3971f3e41a\COMCTL32.dll
0x00007ffe15bb0000 - 0x00007ffe15bdc000 	C:\windows\System32\GDI32.dll
0x00007ffe146e0000 - 0x00007ffe147fa000 	C:\windows\System32\gdi32full.dll
0x00007ffe14490000 - 0x00007ffe1452d000 	C:\windows\System32\msvcp_win.dll
0x00007ffe13910000 - 0x00007ffe1391a000 	C:\windows\SYSTEM32\VERSION.dll
0x00007ffe13900000 - 0x00007ffe1390b000 	C:\windows\SYSTEM32\FLTLIB.DLL
0x00007ffe15a40000 - 0x00007ffe15a70000 	C:\windows\System32\IMM32.DLL
0x00007ffe0eae0000 - 0x00007ffe0eaec000 	C:\Users\JPiccione\.p2\pool\plugins\org.eclipse.justj.openjdk.hotspot.jre.full.win32.x86_64_17.0.8.v20230831-1047\jre\bin\vcruntime140_1.dll
0x00007ffddb9d0000 - 0x00007ffddba61000 	C:\Users\JPiccione\.p2\pool\plugins\org.eclipse.justj.openjdk.hotspot.jre.full.win32.x86_64_17.0.8.v20230831-1047\jre\bin\msvcp140.dll
0x00007ffdc0e60000 - 0x00007ffdc1aac000 	C:\Users\JPiccione\.p2\pool\plugins\org.eclipse.justj.openjdk.hotspot.jre.full.win32.x86_64_17.0.8.v20230831-1047\jre\bin\server\jvm.dll
0x00007ffe130d0000 - 0x00007ffe1311b000 	C:\windows\SYSTEM32\POWRPROF.dll
0x00007ffdf9c20000 - 0x00007ffdf9c29000 	C:\windows\SYSTEM32\WSOCK32.dll
0x00007ffe15810000 - 0x00007ffe1587b000 	C:\windows\System32\WS2_32.dll
0x00007ffdfc5c0000 - 0x00007ffdfc5e7000 	C:\windows\SYSTEM32\WINMM.dll
0x00007ffe12f90000 - 0x00007ffe12fa2000 	C:\windows\SYSTEM32\UMPDC.dll
0x00007ffe117b0000 - 0x00007ffe117c2000 	C:\windows\SYSTEM32\kernel.appcore.dll
0x00007ffe0eb10000 - 0x00007ffe0eb1a000 	C:\Users\JPiccione\.p2\pool\plugins\org.eclipse.justj.openjdk.hotspot.jre.full.win32.x86_64_17.0.8.v20230831-1047\jre\bin\jimage.dll
0x00007ffe07370000 - 0x00007ffe07554000 	C:\windows\SYSTEM32\DBGHELP.DLL
0x00007ffe07330000 - 0x00007ffe07364000 	C:\windows\SYSTEM32\dbgcore.DLL
0x00007ffe142a0000 - 0x00007ffe14322000 	C:\windows\System32\bcryptPrimitives.dll
0x00007ffdee410000 - 0x00007ffdee48b000 	C:\Program Files\SentinelOne\Sentinel Agent 23.1.4.650\SentinelJava64.dll
0x00007ffe14830000 - 0x00007ffe1495b000 	C:\windows\System32\ole32.dll
0x00007ffe152e0000 - 0x00007ffe15634000 	C:\windows\System32\combase.dll
0x00007ffe0aef0000 - 0x00007ffe0af15000 	C:\Users\JPiccione\.p2\pool\plugins\org.eclipse.justj.openjdk.hotspot.jre.full.win32.x86_64_17.0.8.v20230831-1047\jre\bin\java.dll
0x00007ffe0b010000 - 0x00007ffe0b028000 	C:\Users\JPiccione\.p2\pool\plugins\org.eclipse.justj.openjdk.hotspot.jre.full.win32.x86_64_17.0.8.v20230831-1047\jre\bin\zip.dll
0x00007ffe16040000 - 0x00007ffe16784000 	C:\windows\System32\SHELL32.dll
0x00007ffe11920000 - 0x00007ffe120bb000 	C:\windows\SYSTEM32\windows.storage.dll
0x00007ffe135b0000 - 0x00007ffe135dd000 	C:\windows\SYSTEM32\Wldp.dll
0x00007ffe15f90000 - 0x00007ffe1603d000 	C:\windows\System32\SHCORE.dll
0x00007ffe150c0000 - 0x00007ffe15115000 	C:\windows\System32\shlwapi.dll
0x00007ffe13de0000 - 0x00007ffe13e05000 	C:\windows\SYSTEM32\profapi.dll
0x00007ffe0afe0000 - 0x00007ffe0aff9000 	C:\Users\JPiccione\.p2\pool\plugins\org.eclipse.justj.openjdk.hotspot.jre.full.win32.x86_64_17.0.8.v20230831-1047\jre\bin\net.dll
0x00007ffe12b30000 - 0x00007ffe12c3a000 	C:\windows\SYSTEM32\WINHTTP.dll
0x00007ffe13310000 - 0x00007ffe1337a000 	C:\windows\system32\mswsock.dll
0x00007ffe08a60000 - 0x00007ffe08a75000 	C:\Users\JPiccione\.p2\pool\plugins\org.eclipse.justj.openjdk.hotspot.jre.full.win32.x86_64_17.0.8.v20230831-1047\jre\bin\nio.dll
0x00007ffe13500000 - 0x00007ffe13518000 	C:\windows\SYSTEM32\CRYPTSP.dll
0x00007ffe12aa0000 - 0x00007ffe12ad4000 	C:\windows\system32\rsaenh.dll
0x00007ffe13f70000 - 0x00007ffe13f97000 	C:\windows\System32\bcrypt.dll
0x00007ffe13d60000 - 0x00007ffe13d8e000 	C:\windows\SYSTEM32\USERENV.dll
0x00007ffe13520000 - 0x00007ffe1352c000 	C:\windows\SYSTEM32\CRYPTBASE.dll
0x00007ffe12fb0000 - 0x00007ffe12feb000 	C:\windows\SYSTEM32\IPHLPAPI.DLL
0x00007ffe15660000 - 0x00007ffe15668000 	C:\windows\System32\NSI.dll
0x00007ffe0d300000 - 0x00007ffe0d317000 	C:\windows\SYSTEM32\dhcpcsvc6.DLL
0x00007ffe0cec0000 - 0x00007ffe0cedd000 	C:\windows\SYSTEM32\dhcpcsvc.DLL
0x00007ffe13000000 - 0x00007ffe130ca000 	C:\windows\SYSTEM32\DNSAPI.dll
0x00007ffe0d110000 - 0x00007ffe0d11e000 	C:\Users\JPiccione\.p2\pool\plugins\org.eclipse.justj.openjdk.hotspot.jre.full.win32.x86_64_17.0.8.v20230831-1047\jre\bin\sunmscapi.dll
0x00007ffe14330000 - 0x00007ffe1448d000 	C:\windows\System32\CRYPT32.dll
0x00007ffe13620000 - 0x00007ffe13647000 	C:\windows\SYSTEM32\ncrypt.dll
0x00007ffe135e0000 - 0x00007ffe1361b000 	C:\windows\SYSTEM32\NTASN1.dll
0x00007ffe0c4a0000 - 0x00007ffe0c4a9000 	C:\Users\JPiccione\.p2\pool\plugins\org.eclipse.justj.openjdk.hotspot.jre.full.win32.x86_64_17.0.8.v20230831-1047\jre\bin\management.dll
0x00007ffe0b030000 - 0x00007ffe0b03b000 	C:\Users\JPiccione\.p2\pool\plugins\org.eclipse.justj.openjdk.hotspot.jre.full.win32.x86_64_17.0.8.v20230831-1047\jre\bin\management_ext.dll
0x00007ffe15880000 - 0x00007ffe15888000 	C:\windows\System32\PSAPI.DLL
0x00007ffe0ea40000 - 0x00007ffe0ea50000 	C:\Users\JPiccione\.p2\pool\plugins\org.eclipse.justj.openjdk.hotspot.jre.full.win32.x86_64_17.0.8.v20230831-1047\jre\bin\verify.dll
0x00007ffe07e20000 - 0x00007ffe07e2a000 	C:\Windows\System32\rasadhlp.dll
0x00007ffe0d670000 - 0x00007ffe0d6f2000 	C:\windows\System32\fwpuclnt.dll
0x00007ffdf0070000 - 0x00007ffdf0087000 	C:\windows\system32\napinsp.dll
0x00007ffe0aa00000 - 0x00007ffe0aa1b000 	C:\windows\system32\pnrpnsp.dll
0x00007ffe0d150000 - 0x00007ffe0d165000 	C:\windows\system32\wshbth.dll
0x00007ffe0e560000 - 0x00007ffe0e57d000 	C:\windows\system32\NLAapi.dll
0x00007ffdf0090000 - 0x00007ffdf00a2000 	C:\windows\System32\winrnr.dll
0x00007ffddecb0000 - 0x00007ffddecb7000 	C:\windows\system32\wshunix.dll

dbghelp: loaded successfully - version: 4.0.5 - missing functions: none
symbol engine: initialized successfully - sym options: 0x614 - pdb path: .;C:\Users\JPiccione\.p2\pool\plugins\org.eclipse.justj.openjdk.hotspot.jre.full.win32.x86_64_17.0.8.v20230831-1047\jre\bin;C:\windows\SYSTEM32;C:\Program Files\SentinelOne\Sentinel Agent 23.1.4.650;C:\windows\WinSxS\amd64_microsoft.windows.common-controls_6595b64144ccf1df_6.0.19041.3570_none_60bb2a3971f3e41a;C:\Users\JPiccione\.p2\pool\plugins\org.eclipse.justj.openjdk.hotspot.jre.full.win32.x86_64_17.0.8.v20230831-1047\jre\bin\server

VM Arguments:
jvm_args: -Dfile.encoding=UTF-8 -XX:+ShowCodeDetailsInExceptionMessages -agentpath:C:\Program Files\SentinelOne\Sentinel Agent 23.1.4.650\SentinelJava64.dll 
java_command: com.spencer.ItemApp.ItemAppApplication
java_class_path (initial): C:\Users\JPiccione\OneDrive - Spencer Gifts LLC\Documents\ItemApp\target\classes;C:\Users\JPiccione\.m2\repository\org\springframework\boot\spring-boot-starter-data-jpa\3.1.4\spring-boot-starter-data-jpa-3.1.4.jar;C:\Users\JPiccione\.m2\repository\org\springframework\boot\spring-boot-starter-aop\3.1.4\spring-boot-starter-aop-3.1.4.jar;C:\Users\JPiccione\.m2\repository\org\aspectj\aspectjweaver\1.9.20\aspectjweaver-1.9.20.jar;C:\Users\JPiccione\.m2\repository\org\springframework\boot\spring-boot-starter-jdbc\3.1.4\spring-boot-starter-jdbc-3.1.4.jar;C:\Users\JPiccione\.m2\repository\com\zaxxer\HikariCP\5.0.1\HikariCP-5.0.1.jar;C:\Users\JPiccione\.m2\repository\org\springframework\spring-jdbc\6.0.12\spring-jdbc-6.0.12.jar;C:\Users\JPiccione\.m2\repository\org\hibernate\orm\hibernate-core\6.2.9.Final\hibernate-core-6.2.9.Final.jar;C:\Users\JPiccione\.m2\repository\jakarta\persistence\jakarta.persistence-api\3.1.0\jakarta.persistence-api-3.1.0.jar;C:\Users\JPiccione\.m2\repository\jakarta\transaction\jakarta.transaction-api\2.0.1\jakarta.transaction-api-2.0.1.jar;C:\Users\JPiccione\.m2\repository\org\jboss\logging\jboss-logging\3.5.3.Final\jboss-logging-3.5.3.Final.jar;C:\Users\JPiccione\.m2\repository\org\hibernate\common\hibernate-commons-annotations\6.0.6.Final\hibernate-commons-annotations-6.0.6.Final.jar;C:\Users\JPiccione\.m2\repository\io\smallrye\jandex\3.0.5\jandex-3.0.5.jar;C:\Users\JPiccione\.m2\repository\com\fasterxml\classmate\1.5.1\classmate-1.5.1.jar;C:\Users\JPiccione\.m2\repository\net\bytebuddy\byte-buddy\1.14.8\byte-buddy-1.14.8.jar;C:\Users\JPiccione\.m2\repository\org\glassfish\jaxb\jaxb-runtime\4.0.3\jaxb-runtime-4.0.3.jar;C:\Users\JPiccione\.m2\repository\org\glassfish\jaxb\jaxb-core\4.0.3\jaxb-core-4.0.3.jar;C:\Users\JPiccione\.m2\repository\org\eclipse\angus\angus-activation\2.0.1\angus-activation-2.0.1.jar;C:\Users\JPiccione\.m2\repository\org\glassfish\jaxb\txw2\4.0.3\txw2-4.0.3.jar;C:\Users\JPiccione\.m2\repositor
Launcher Type: SUN_STANDARD

[Global flags]
     intx CICompilerCount                          = 3                                         {product} {ergonomic}
     uint ConcGCThreads                            = 1                                         {product} {ergonomic}
     uint G1ConcRefinementThreads                  = 4                                         {product} {ergonomic}
   size_t G1HeapRegionSize                         = 2097152                                   {product} {ergonomic}
    uintx GCDrainStackTargetSize                   = 64                                        {product} {ergonomic}
   size_t InitialHeapSize                          = 264241152                                 {product} {ergonomic}
   size_t MarkStackSize                            = 4194304                                   {product} {ergonomic}
   size_t MaxHeapSize                              = 4215275520                                {product} {ergonomic}
   size_t MaxNewSize                               = 2529165312                                {product} {ergonomic}
   size_t MinHeapDeltaBytes                        = 2097152                                   {product} {ergonomic}
   size_t MinHeapSize                              = 8388608                                   {product} {ergonomic}
    uintx NonNMethodCodeHeapSize                   = 5832780                                {pd product} {ergonomic}
    uintx NonProfiledCodeHeapSize                  = 122912730                              {pd product} {ergonomic}
    uintx ProfiledCodeHeapSize                     = 122912730                              {pd product} {ergonomic}
    uintx ReservedCodeCacheSize                    = 251658240                              {pd product} {ergonomic}
     bool SegmentedCodeCache                       = true                                      {product} {ergonomic}
     bool ShowCodeDetailsInExceptionMessages       = true                                   {manageable} {command line}
   size_t SoftMaxHeapSize                          = 4215275520                             {manageable} {ergonomic}
     bool UseCompressedClassPointers               = true                           {product lp64_product} {ergonomic}
     bool UseCompressedOops                        = true                           {product lp64_product} {ergonomic}
     bool UseG1GC                                  = true                                      {product} {ergonomic}
     bool UseLargePagesIndividualAllocation        = false                                  {pd product} {ergonomic}

Logging:
Log output configuration:
 #0: stdout all=warning uptime,level,tags
 #1: stderr all=off uptime,level,tags

Environment Variables:
PATH=C:/Users/JPiccione/.p2/pool/plugins/org.eclipse.justj.openjdk.hotspot.jre.full.win32.x86_64_17.0.8.v20230831-1047/jre/bin/server;C:/Users/JPiccione/.p2/pool/plugins/org.eclipse.justj.openjdk.hotspot.jre.full.win32.x86_64_17.0.8.v20230831-1047/jre/bin;C:\Program Files\Common Files\Oracle\Java\javapath;C:\Program Files (x86)\Common Files\Oracle\Java\javapath;C:\Program Files\Microsoft\jdk-11.0.16.101-hotspot\bin;C:\Program Files (x86)\Business Objects\Common\3.5\bin\NOTES\;C:\Program Files (x86)\Business Objects\Common\3.5\bin\NOTES\DATA\;C:\windows\system32;C:\windows;C:\windows\System32\Wbem;C:\windows\System32\WindowsPowerShell\v1.0\;C:\windows\System32\OpenSSH\;C:\Program Files (x86)\IBM\Client Access\Emulator;C:\Program Files (x86)\IBM\Client Access\Shared;C:\Program Files (x86)\IBM\Client Access\;C:\Program Files (x86)\HEAT\;C:\Program Files (x86)\Microsoft SQL Server\160\DTS\Binn\;C:\Program Files\Azure Data Studio\bin;C:\Program Files\PuTTY\;C:\Program Files\Git\cmd;C:\Program Files\Microsoft SQL Server\150\Tools\Binn\;C:\Program Files\Microsoft SQL Server\Client SDK\ODBC\170\Tools\Binn\;C:\Program Files\dotnet\;C:\Program Files (x86)\Windows Kits\10\Windows Performance Toolkit\;c:\Program Files (x86)\Microsoft SQL Server\110\Tools\Binn\;c:\Program Files\Microsoft SQL Server\110\Tools\Binn\;c:\Program Files\Microsoft SQL Server\110\DTS\Binn\;C:\Program Files (x86)\Microsoft SQL Server\150\Tools\Binn\;C:\Program Files\Microsoft SQL Server\150\DTS\Binn\;C:\Users\JPiccione\AppData\Local\Microsoft\WindowsApps;C:\Program Files\Azure Data Studio\bin;C:\Users\JPiccione\.dotnet\tools;C:\Users\JPiccione\AppData\Local\Programs\Azure Data Studio\bin;C:\Program Files\JetBrains\IntelliJ IDEA 2023.2\bin;;C:\Users\JPiccione\AppData\Local\GitHubDesktop\bin;C:\windows\system32;
USERNAME=JPiccione
OS=Windows_NT
PROCESSOR_IDENTIFIER=Intel64 Family 6 Model 61 Stepping 4, GenuineIntel
TMP=C:\Users\JPICCI~1\AppData\Local\Temp
TEMP=C:\Users\JPICCI~1\AppData\Local\Temp



---------------  S Y S T E M  ---------------

OS:
 Windows 10 , 64 bit Build 19041 (10.0.19041.3570)
OS uptime: 5 days 19:54 hours

CPU: total 4 (initial active 4) (2 cores per cpu, 2 threads per core) family 6 model 61 stepping 4 microcode 0x2d, cx8, cmov, fxsr, ht, mmx, 3dnowpref, sse, sse2, sse3, ssse3, sse4.1, sse4.2, popcnt, lzcnt, tsc, tscinvbit, avx, avx2, aes, erms, clmul, bmi1, bmi2, rtm, adx, fma, vzeroupper, clflush
Processor Information for all 4 processors :
  Max Mhz: 2594, Current Mhz: 2594, Mhz Limit: 2594

Memory: 4k page, system-wide physical 16079M (7000M free)
TotalPageFile size 18511M (AvailPageFile size 7051M)
current process WorkingSet (physical memory assigned to process): 295M, peak: 318M
current process commit charge ("private bytes"): 313M, peak: 375M

vm_info: OpenJDK 64-Bit Server VM (17.0.8.1+1) for windows-amd64 JRE (17.0.8.1+1), built on Aug 23 2023 15:29:17 by "admin" with MS VC++ 16.7 (VS2019)

END.
