#
# A fatal error has been detected by the Java Runtime Environment:
#
#  EXCEPTION_ACCESS_VIOLATION (0xc0000005) at pc=0x00007ffdc13c0451, pid=17712, tid=14056
#
# JRE version: OpenJDK Runtime Environment Temurin-17.0.8.1+1 (17.0.8.1+1) (build 17.0.8.1+1)
# Java VM: OpenJDK 64-Bit Server VM Temurin-17.0.8.1+1 (17.0.8.1+1, mixed mode, tiered, compressed oops, compressed class ptrs, g1 gc, windows-amd64)
# Problematic frame:
# V  [jvm.dll+0x560451]
#
# No core dump will be written. Minidumps are not enabled by default on client versions of Windows
#
# If you would like to submit a bug report, please visit:
#   https://github.com/adoptium/adoptium-support/issues
#

---------------  S U M M A R Y ------------

Command Line: -Dfile.encoding=UTF-8 -XX:+ShowCodeDetailsInExceptionMessages -agentpath:C:\Program Files\SentinelOne\Sentinel Agent 23.1.4.650\SentinelJava64.dll com.spencer.ItemApp.ItemAppApplication

Host: Intel(R) Core(TM) i7-5600U CPU @ 2.60GHz, 4 cores, 15G,  Windows 10 , 64 bit Build 19041 (10.0.19041.3570)
Time: Thu Nov  9 14:46:45 2023 Eastern Standard Time elapsed time: 19.593726 seconds (0d 0h 0m 19s)

---------------  T H R E A D  ---------------

Current thread (0x000002d017447030):  JavaThread "http-nio-8080-exec-2" daemon [_thread_in_vm, id=14056, stack(0x000000f5c5000000,0x000000f5c5100000)]

Stack: [0x000000f5c5000000,0x000000f5c5100000],  sp=0x000000f5c50f90f0,  free space=996k
Native frames: (J=compiled Java code, j=interpreted, Vv=VM code, C=native code)
V  [jvm.dll+0x560451]
V  [jvm.dll+0x385914]
V  [jvm.dll+0x384f7f]
C  0x000002d00754bb83

Java frames: (J=compiled Java code, j=interpreted, Vv=VM code)
j  org.springframework.security.web.servletapi.SecurityContextHolderAwareRequestWrapper.getAuthentication()Lorg/springframework/security/core/Authentication;+4
j  org.springframework.security.web.servletapi.SecurityContextHolderAwareRequestWrapper.isGranted(Ljava/lang/String;)Z+1
j  org.springframework.security.web.servletapi.SecurityContextHolderAwareRequestWrapper.isUserInRole(Ljava/lang/String;)Z+2
v  ~StubRoutines::call_stub
j  org.apache.jasper.runtime.HttpJspBase.service(Ljakarta/servlet/http/HttpServletRequest;Ljakarta/servlet/http/HttpServletResponse;)V+6
j  jakarta.servlet.http.HttpServlet.service(Ljakarta/servlet/ServletRequest;Ljakarta/servlet/ServletResponse;)V+36
j  org.apache.jasper.servlet.JspServletWrapper.service(Ljakarta/servlet/http/HttpServletRequest;Ljakarta/servlet/http/HttpServletResponse;Z)V+372
j  org.apache.jasper.servlet.JspServlet.serviceJspFile(Ljakarta/servlet/http/HttpServletRequest;Ljakarta/servlet/http/HttpServletResponse;Ljava/lang/String;Z)V+112
j  org.apache.jasper.servlet.JspServlet.service(Ljakarta/servlet/http/HttpServletRequest;Ljakarta/servlet/http/HttpServletResponse;)V+228
j  jakarta.servlet.http.HttpServlet.service(Ljakarta/servlet/ServletRequest;Ljakarta/servlet/ServletResponse;)V+36
j  org.apache.catalina.core.ApplicationFilterChain.internalDoFilter(Ljakarta/servlet/ServletRequest;Ljakarta/servlet/ServletResponse;)V+305
j  org.apache.catalina.core.ApplicationFilterChain.doFilter(Ljakarta/servlet/ServletRequest;Ljakarta/servlet/ServletResponse;)V+99
j  org.apache.tomcat.websocket.server.WsFilter.doFilter(Ljakarta/servlet/ServletRequest;Ljakarta/servlet/ServletResponse;Ljakarta/servlet/FilterChain;)V+21
j  org.apache.catalina.core.ApplicationFilterChain.internalDoFilter(Ljakarta/servlet/ServletRequest;Ljakarta/servlet/ServletResponse;)V+135
j  org.apache.catalina.core.ApplicationFilterChain.doFilter(Ljakarta/servlet/ServletRequest;Ljakarta/servlet/ServletResponse;)V+99
j  org.springframework.security.web.FilterChainProxy.lambda$doFilterInternal$3(Lorg/springframework/security/web/firewall/FirewalledRequest;Ljakarta/servlet/FilterChain;Ljakarta/servlet/ServletRequest;Ljakarta/servlet/ServletResponse;)V+35
j  org.springframework.security.web.FilterChainProxy$$Lambda$1362+0x00000008009965b0.doFilter(Ljakarta/servlet/ServletRequest;Ljakarta/servlet/ServletResponse;)V+10
j  org.springframework.security.web.FilterChainProxy$VirtualFilterChain.doFilter(Ljakarta/servlet/ServletRequest;Ljakarta/servlet/ServletResponse;)V+17
j  org.springframework.security.web.access.intercept.AuthorizationFilter.doFilter(Ljakarta/servlet/ServletRequest;Ljakarta/servlet/ServletResponse;Ljakarta/servlet/FilterChain;)V+143
j  org.springframework.security.web.FilterChainProxy$VirtualFilterChain.doFilter(Ljakarta/servlet/ServletRequest;Ljakarta/servlet/ServletResponse;)V+105
j  org.springframework.security.web.access.ExceptionTranslationFilter.doFilter(Ljakarta/servlet/http/HttpServletRequest;Ljakarta/servlet/http/HttpServletResponse;Ljakarta/servlet/FilterChain;)V+3
j  org.springframework.security.web.access.ExceptionTranslationFilter.doFilter(Ljakarta/servlet/ServletRequest;Ljakarta/servlet/ServletResponse;Ljakarta/servlet/FilterChain;)V+10
j  org.springframework.security.web.FilterChainProxy$VirtualFilterChain.doFilter(Ljakarta/servlet/ServletRequest;Ljakarta/servlet/ServletResponse;)V+105
j  org.springframework.security.web.authentication.AnonymousAuthenticationFilter.doFilter(Ljakarta/servlet/ServletRequest;Ljakarta/servlet/ServletResponse;Ljakarta/servlet/FilterChain;)V+33
j  org.springframework.security.web.FilterChainProxy$VirtualFilterChain.doFilter(Ljakarta/servlet/ServletRequest;Ljakarta/servlet/ServletResponse;)V+105
j  org.springframework.security.web.servletapi.SecurityContextHolderAwareRequestFilter.doFilter(Ljakarta/servlet/ServletRequest;Ljakarta/servlet/ServletResponse;Ljakarta/servlet/FilterChain;)V+19
j  org.springframework.security.web.FilterChainProxy$VirtualFilterChain.doFilter(Ljakarta/servlet/ServletRequest;Ljakarta/servlet/ServletResponse;)V+105
j  org.springframework.security.web.savedrequest.RequestCacheAwareFilter.doFilter(Ljakarta/servlet/ServletRequest;Ljakarta/servlet/ServletResponse;Ljakarta/servlet/FilterChain;)V+32
j  org.springframework.security.web.FilterChainProxy$VirtualFilterChain.doFilter(Ljakarta/servlet/ServletRequest;Ljakarta/servlet/ServletResponse;)V+105
j  org.springframework.security.web.authentication.AbstractAuthenticationProcessingFilter.doFilter(Ljakarta/servlet/http/HttpServletRequest;Ljakarta/servlet/http/HttpServletResponse;Ljakarta/servlet/FilterChain;)V+12
j  org.springframework.security.web.authentication.AbstractAuthenticationProcessingFilter.doFilter(Ljakarta/servlet/ServletRequest;Ljakarta/servlet/ServletResponse;Ljakarta/servlet/FilterChain;)V+10
j  org.springframework.security.web.FilterChainProxy$VirtualFilterChain.doFilter(Ljakarta/servlet/ServletRequest;Ljakarta/servlet/ServletResponse;)V+105
j  org.springframework.security.web.authentication.logout.LogoutFilter.doFilter(Ljakarta/servlet/http/HttpServletRequest;Ljakarta/servlet/http/HttpServletResponse;Ljakarta/servlet/FilterChain;)V+83
j  org.springframework.security.web.authentication.logout.LogoutFilter.doFilter(Ljakarta/servlet/ServletRequest;Ljakarta/servlet/ServletResponse;Ljakarta/servlet/FilterChain;)V+10
j  org.springframework.security.web.FilterChainProxy$VirtualFilterChain.doFilter(Ljakarta/servlet/ServletRequest;Ljakarta/servlet/ServletResponse;)V+105
j  org.springframework.web.filter.OncePerRequestFilter.doFilter(Ljakarta/servlet/ServletRequest;Ljakarta/servlet/ServletResponse;Ljakarta/servlet/FilterChain;)V+125
j  org.springframework.security.web.FilterChainProxy$VirtualFilterChain.doFilter(Ljakarta/servlet/ServletRequest;Ljakarta/servlet/ServletResponse;)V+105
j  org.springframework.security.web.context.SecurityContextHolderFilter.doFilter(Ljakarta/servlet/http/HttpServletRequest;Ljakarta/servlet/http/HttpServletResponse;Ljakarta/servlet/FilterChain;)V+15
j  org.springframework.security.web.context.SecurityContextHolderFilter.doFilter(Ljakarta/servlet/ServletRequest;Ljakarta/servlet/ServletResponse;Ljakarta/servlet/FilterChain;)V+10
j  org.springframework.security.web.FilterChainProxy$VirtualFilterChain.doFilter(Ljakarta/servlet/ServletRequest;Ljakarta/servlet/ServletResponse;)V+105
j  org.springframework.web.filter.OncePerRequestFilter.doFilter(Ljakarta/servlet/ServletRequest;Ljakarta/servlet/ServletResponse;Ljakarta/servlet/FilterChain;)V+125
j  org.springframework.security.web.FilterChainProxy$VirtualFilterChain.doFilter(Ljakarta/servlet/ServletRequest;Ljakarta/servlet/ServletResponse;)V+105
j  org.springframework.web.filter.OncePerRequestFilter.doFilter(Ljakarta/servlet/ServletRequest;Ljakarta/servlet/ServletResponse;Ljakarta/servlet/FilterChain;)V+125
j  org.springframework.security.web.FilterChainProxy$VirtualFilterChain.doFilter(Ljakarta/servlet/ServletRequest;Ljakarta/servlet/ServletResponse;)V+105
j  org.springframework.security.web.FilterChainProxy.doFilterInternal(Ljakarta/servlet/ServletRequest;Ljakarta/servlet/ServletResponse;Ljakarta/servlet/FilterChain;)V+163
j  org.springframework.security.web.FilterChainProxy.doFilter(Ljakarta/servlet/ServletRequest;Ljakarta/servlet/ServletResponse;Ljakarta/servlet/FilterChain;)V+28
j  org.springframework.web.filter.DelegatingFilterProxy.invokeDelegate(Ljakarta/servlet/Filter;Ljakarta/servlet/ServletRequest;Ljakarta/servlet/ServletResponse;Ljakarta/servlet/FilterChain;)V+5
j  org.springframework.web.filter.DelegatingFilterProxy.doFilter(Ljakarta/servlet/ServletRequest;Ljakarta/servlet/ServletResponse;Ljakarta/servlet/FilterChain;)V+85
j  org.apache.catalina.core.ApplicationFilterChain.internalDoFilter(Ljakarta/servlet/ServletRequest;Ljakarta/servlet/ServletResponse;)V+135
j  org.apache.catalina.core.ApplicationFilterChain.doFilter(Ljakarta/servlet/ServletRequest;Ljakarta/servlet/ServletResponse;)V+99
j  org.springframework.web.filter.OncePerRequestFilter.doFilter(Ljakarta/servlet/ServletRequest;Ljakarta/servlet/ServletResponse;Ljakarta/servlet/FilterChain;)V+125
j  org.apache.catalina.core.ApplicationFilterChain.internalDoFilter(Ljakarta/servlet/ServletRequest;Ljakarta/servlet/ServletResponse;)V+135
j  org.apache.catalina.core.ApplicationFilterChain.doFilter(Ljakarta/servlet/ServletRequest;Ljakarta/servlet/ServletResponse;)V+99
j  org.springframework.web.filter.OncePerRequestFilter.doFilter(Ljakarta/servlet/ServletRequest;Ljakarta/servlet/ServletResponse;Ljakarta/servlet/FilterChain;)V+125
j  org.apache.catalina.core.ApplicationFilterChain.internalDoFilter(Ljakarta/servlet/ServletRequest;Ljakarta/servlet/ServletResponse;)V+135
j  org.apache.catalina.core.ApplicationFilterChain.doFilter(Ljakarta/servlet/ServletRequest;Ljakarta/servlet/ServletResponse;)V+99
j  org.springframework.web.filter.OncePerRequestFilter.doFilter(Ljakarta/servlet/ServletRequest;Ljakarta/servlet/ServletResponse;Ljakarta/servlet/FilterChain;)V+125
j  org.apache.catalina.core.ApplicationFilterChain.internalDoFilter(Ljakarta/servlet/ServletRequest;Ljakarta/servlet/ServletResponse;)V+135
j  org.apache.catalina.core.ApplicationFilterChain.doFilter(Ljakarta/servlet/ServletRequest;Ljakarta/servlet/ServletResponse;)V+99
j  org.apache.catalina.core.ApplicationDispatcher.invoke(Ljakarta/servlet/ServletRequest;Ljakarta/servlet/ServletResponse;Lorg/apache/catalina/core/ApplicationDispatcher$State;)V+341
j  org.apache.catalina.core.ApplicationDispatcher.processRequest(Ljakarta/servlet/ServletRequest;Ljakarta/servlet/ServletResponse;Lorg/apache/catalina/core/ApplicationDispatcher$State;)V+98
j  org.apache.catalina.core.ApplicationDispatcher.doForward(Ljakarta/servlet/ServletRequest;Ljakarta/servlet/ServletResponse;)V+363
j  org.apache.catalina.core.ApplicationDispatcher.forward(Ljakarta/servlet/ServletRequest;Ljakarta/servlet/ServletResponse;)V+55
j  org.springframework.security.web.header.HeaderWriterFilter$HeaderWriterRequestDispatcher.forward(Ljakarta/servlet/ServletRequest;Ljakarta/servlet/ServletResponse;)V+6
j  org.springframework.web.servlet.view.InternalResourceView.renderMergedOutputModel(Ljava/util/Map;Ljakarta/servlet/http/HttpServletRequest;Ljakarta/servlet/http/HttpServletResponse;)V+145
j  org.springframework.web.servlet.view.AbstractView.render(Ljava/util/Map;Ljakarta/servlet/http/HttpServletRequest;Ljakarta/servlet/http/HttpServletResponse;)V+91
j  org.springframework.web.servlet.DispatcherServlet.render(Lorg/springframework/web/servlet/ModelAndView;Ljakarta/servlet/http/HttpServletRequest;Ljakarta/servlet/http/HttpServletResponse;)V+188
j  org.springframework.web.servlet.DispatcherServlet.processDispatchResult(Ljakarta/servlet/http/HttpServletRequest;Ljakarta/servlet/http/HttpServletResponse;Lorg/springframework/web/servlet/HandlerExecutionChain;Lorg/springframework/web/servlet/ModelAndView;Ljava/lang/Exception;)V+103
j  org.springframework.web.servlet.DispatcherServlet.doDispatch(Ljakarta/servlet/http/HttpServletRequest;Ljakarta/servlet/http/HttpServletResponse;)V+365
j  org.springframework.web.servlet.DispatcherServlet.doService(Ljakarta/servlet/http/HttpServletRequest;Ljakarta/servlet/http/HttpServletResponse;)V+242
j  org.springframework.web.servlet.FrameworkServlet.processRequest(Ljakarta/servlet/http/HttpServletRequest;Ljakarta/servlet/http/HttpServletResponse;)V+70
j  org.springframework.web.servlet.FrameworkServlet.doGet(Ljakarta/servlet/http/HttpServletRequest;Ljakarta/servlet/http/HttpServletResponse;)V+3
j  jakarta.servlet.http.HttpServlet.service(Ljakarta/servlet/http/HttpServletRequest;Ljakarta/servlet/http/HttpServletResponse;)V+35
j  org.springframework.web.servlet.FrameworkServlet.service(Ljakarta/servlet/http/HttpServletRequest;Ljakarta/servlet/http/HttpServletResponse;)V+20
j  jakarta.servlet.http.HttpServlet.service(Ljakarta/servlet/ServletRequest;Ljakarta/servlet/ServletResponse;)V+36
j  org.apache.catalina.core.ApplicationFilterChain.internalDoFilter(Ljakarta/servlet/ServletRequest;Ljakarta/servlet/ServletResponse;)V+305
j  org.apache.catalina.core.ApplicationFilterChain.doFilter(Ljakarta/servlet/ServletRequest;Ljakarta/servlet/ServletResponse;)V+99
j  org.apache.tomcat.websocket.server.WsFilter.doFilter(Ljakarta/servlet/ServletRequest;Ljakarta/servlet/ServletResponse;Ljakarta/servlet/FilterChain;)V+21
j  org.apache.catalina.core.ApplicationFilterChain.internalDoFilter(Ljakarta/servlet/ServletRequest;Ljakarta/servlet/ServletResponse;)V+135
j  org.apache.catalina.core.ApplicationFilterChain.doFilter(Ljakarta/servlet/ServletRequest;Ljakarta/servlet/ServletResponse;)V+99
j  org.springframework.security.web.FilterChainProxy.lambda$doFilterInternal$3(Lorg/springframework/security/web/firewall/FirewalledRequest;Ljakarta/servlet/FilterChain;Ljakarta/servlet/ServletRequest;Ljakarta/servlet/ServletResponse;)V+35
j  org.springframework.security.web.FilterChainProxy$$Lambda$1362+0x00000008009965b0.doFilter(Ljakarta/servlet/ServletRequest;Ljakarta/servlet/ServletResponse;)V+10
j  org.springframework.security.web.FilterChainProxy$VirtualFilterChain.doFilter(Ljakarta/servlet/ServletRequest;Ljakarta/servlet/ServletResponse;)V+17
j  org.springframework.security.web.access.intercept.AuthorizationFilter.doFilter(Ljakarta/servlet/ServletRequest;Ljakarta/servlet/ServletResponse;Ljakarta/servlet/FilterChain;)V+143
j  org.springframework.security.web.FilterChainProxy$VirtualFilterChain.doFilter(Ljakarta/servlet/ServletRequest;Ljakarta/servlet/ServletResponse;)V+105
j  org.springframework.security.web.access.ExceptionTranslationFilter.doFilter(Ljakarta/servlet/http/HttpServletRequest;Ljakarta/servlet/http/HttpServletResponse;Ljakarta/servlet/FilterChain;)V+3
j  org.springframework.security.web.access.ExceptionTranslationFilter.doFilter(Ljakarta/servlet/ServletRequest;Ljakarta/servlet/ServletResponse;Ljakarta/servlet/FilterChain;)V+10
j  org.springframework.security.web.FilterChainProxy$VirtualFilterChain.doFilter(Ljakarta/servlet/ServletRequest;Ljakarta/servlet/ServletResponse;)V+105
j  org.springframework.security.web.authentication.AnonymousAuthenticationFilter.doFilter(Ljakarta/servlet/ServletRequest;Ljakarta/servlet/ServletResponse;Ljakarta/servlet/FilterChain;)V+33
j  org.springframework.security.web.FilterChainProxy$VirtualFilterChain.doFilter(Ljakarta/servlet/ServletRequest;Ljakarta/servlet/ServletResponse;)V+105
j  org.springframework.security.web.servletapi.SecurityContextHolderAwareRequestFilter.doFilter(Ljakarta/servlet/ServletRequest;Ljakarta/servlet/ServletResponse;Ljakarta/servlet/FilterChain;)V+19
j  org.springframework.security.web.FilterChainProxy$VirtualFilterChain.doFilter(Ljakarta/servlet/ServletRequest;Ljakarta/servlet/ServletResponse;)V+105
j  org.springframework.security.web.savedrequest.RequestCacheAwareFilter.doFilter(Ljakarta/servlet/ServletRequest;Ljakarta/servlet/ServletResponse;Ljakarta/servlet/FilterChain;)V+32
j  org.springframework.security.web.FilterChainProxy$VirtualFilterChain.doFilter(Ljakarta/servlet/ServletRequest;Ljakarta/servlet/ServletResponse;)V+105
j  org.springframework.security.web.authentication.AbstractAuthenticationProcessingFilter.doFilter(Ljakarta/servlet/http/HttpServletRequest;Ljakarta/servlet/http/HttpServletResponse;Ljakarta/servlet/FilterChain;)V+12
j  org.springframework.security.web.authentication.AbstractAuthenticationProcessingFilter.doFilter(Ljakarta/servlet/ServletRequest;Ljakarta/servlet/ServletResponse;Ljakarta/servlet/FilterChain;)V+10
j  org.springframework.security.web.FilterChainProxy$VirtualFilterChain.doFilter(Ljakarta/servlet/ServletRequest;Ljakarta/servlet/ServletResponse;)V+105
j  org.springframework.security.web.authentication.logout.LogoutFilter.doFilter(Ljakarta/servlet/http/HttpServletRequest;Ljakarta/servlet/http/HttpServletResponse;Ljakarta/servlet/FilterChain;)V+83
j  org.springframework.security.web.authentication.logout.LogoutFilter.doFilter(Ljakarta/servlet/ServletRequest;Ljakarta/servlet/ServletResponse;Ljakarta/servlet/FilterChain;)V+10
j  org.springframework.security.web.FilterChainProxy$VirtualFilterChain.doFilter(Ljakarta/servlet/ServletRequest;Ljakarta/servlet/ServletResponse;)V+105
j  org.springframework.security.web.header.HeaderWriterFilter.doHeadersAfter(Ljakarta/servlet/http/HttpServletRequest;Ljakarta/servlet/http/HttpServletResponse;Ljakarta/servlet/FilterChain;)V+29
j  org.springframework.security.web.header.HeaderWriterFilter.doFilterInternal(Ljakarta/servlet/http/HttpServletRequest;Ljakarta/servlet/http/HttpServletResponse;Ljakarta/servlet/FilterChain;)V+21
j  org.springframework.web.filter.OncePerRequestFilter.doFilter(Ljakarta/servlet/ServletRequest;Ljakarta/servlet/ServletResponse;Ljakarta/servlet/FilterChain;)V+150
j  org.springframework.security.web.FilterChainProxy$VirtualFilterChain.doFilter(Ljakarta/servlet/ServletRequest;Ljakarta/servlet/ServletResponse;)V+105
j  org.springframework.security.web.context.SecurityContextHolderFilter.doFilter(Ljakarta/servlet/http/HttpServletRequest;Ljakarta/servlet/http/HttpServletResponse;Ljakarta/servlet/FilterChain;)V+59
j  org.springframework.security.web.context.SecurityContextHolderFilter.doFilter(Ljakarta/servlet/ServletRequest;Ljakarta/servlet/ServletResponse;Ljakarta/servlet/FilterChain;)V+10
j  org.springframework.security.web.FilterChainProxy$VirtualFilterChain.doFilter(Ljakarta/servlet/ServletRequest;Ljakarta/servlet/ServletResponse;)V+105
j  org.springframework.security.web.context.request.async.WebAsyncManagerIntegrationFilter.doFilterInternal(Ljakarta/servlet/http/HttpServletRequest;Ljakarta/servlet/http/HttpServletResponse;Ljakarta/servlet/FilterChain;)V+55
j  org.springframework.web.filter.OncePerRequestFilter.doFilter(Ljakarta/servlet/ServletRequest;Ljakarta/servlet/ServletResponse;Ljakarta/servlet/FilterChain;)V+150
j  org.springframework.security.web.FilterChainProxy$VirtualFilterChain.doFilter(Ljakarta/servlet/ServletRequest;Ljakarta/servlet/ServletResponse;)V+105
j  org.springframework.security.web.session.DisableEncodeUrlFilter.doFilterInternal(Ljakarta/servlet/http/HttpServletRequest;Ljakarta/servlet/http/HttpServletResponse;Ljakarta/servlet/FilterChain;)V+10
j  org.springframework.web.filter.OncePerRequestFilter.doFilter(Ljakarta/servlet/ServletRequest;Ljakarta/servlet/ServletResponse;Ljakarta/servlet/FilterChain;)V+150
j  org.springframework.security.web.FilterChainProxy$VirtualFilterChain.doFilter(Ljakarta/servlet/ServletRequest;Ljakarta/servlet/ServletResponse;)V+105
j  org.springframework.security.web.FilterChainProxy.doFilterInternal(Ljakarta/servlet/ServletRequest;Ljakarta/servlet/ServletResponse;Ljakarta/servlet/FilterChain;)V+163
j  org.springframework.security.web.FilterChainProxy.doFilter(Ljakarta/servlet/ServletRequest;Ljakarta/servlet/ServletResponse;Ljakarta/servlet/FilterChain;)V+48
j  org.springframework.web.filter.DelegatingFilterProxy.invokeDelegate(Ljakarta/servlet/Filter;Ljakarta/servlet/ServletRequest;Ljakarta/servlet/ServletResponse;Ljakarta/servlet/FilterChain;)V+5
j  org.springframework.web.filter.DelegatingFilterProxy.doFilter(Ljakarta/servlet/ServletRequest;Ljakarta/servlet/ServletResponse;Ljakarta/servlet/FilterChain;)V+85
j  org.apache.catalina.core.ApplicationFilterChain.internalDoFilter(Ljakarta/servlet/ServletRequest;Ljakarta/servlet/ServletResponse;)V+135
j  org.apache.catalina.core.ApplicationFilterChain.doFilter(Ljakarta/servlet/ServletRequest;Ljakarta/servlet/ServletResponse;)V+99
j  org.springframework.web.filter.RequestContextFilter.doFilterInternal(Ljakarta/servlet/http/HttpServletRequest;Ljakarta/servlet/http/HttpServletResponse;Ljakarta/servlet/FilterChain;)V+21
j  org.springframework.web.filter.OncePerRequestFilter.doFilter(Ljakarta/servlet/ServletRequest;Ljakarta/servlet/ServletResponse;Ljakarta/servlet/FilterChain;)V+150
j  org.apache.catalina.core.ApplicationFilterChain.internalDoFilter(Ljakarta/servlet/ServletRequest;Ljakarta/servlet/ServletResponse;)V+135
j  org.apache.catalina.core.ApplicationFilterChain.doFilter(Ljakarta/servlet/ServletRequest;Ljakarta/servlet/ServletResponse;)V+99
j  org.springframework.web.filter.FormContentFilter.doFilterInternal(Ljakarta/servlet/http/HttpServletRequest;Ljakarta/servlet/http/HttpServletResponse;Ljakarta/servlet/FilterChain;)V+38
j  org.springframework.web.filter.OncePerRequestFilter.doFilter(Ljakarta/servlet/ServletRequest;Ljakarta/servlet/ServletResponse;Ljakarta/servlet/FilterChain;)V+150
j  org.apache.catalina.core.ApplicationFilterChain.internalDoFilter(Ljakarta/servlet/ServletRequest;Ljakarta/servlet/ServletResponse;)V+135
j  org.apache.catalina.core.ApplicationFilterChain.doFilter(Ljakarta/servlet/ServletRequest;Ljakarta/servlet/ServletResponse;)V+99
j  org.springframework.web.filter.CharacterEncodingFilter.doFilterInternal(Ljakarta/servlet/http/HttpServletRequest;Ljakarta/servlet/http/HttpServletResponse;Ljakarta/servlet/FilterChain;)V+53
j  org.springframework.web.filter.OncePerRequestFilter.doFilter(Ljakarta/servlet/ServletRequest;Ljakarta/servlet/ServletResponse;Ljakarta/servlet/FilterChain;)V+150
j  org.apache.catalina.core.ApplicationFilterChain.internalDoFilter(Ljakarta/servlet/ServletRequest;Ljakarta/servlet/ServletResponse;)V+135
j  org.apache.catalina.core.ApplicationFilterChain.doFilter(Ljakarta/servlet/ServletRequest;Ljakarta/servlet/ServletResponse;)V+99
j  org.apache.catalina.core.StandardWrapperValve.invoke(Lorg/apache/catalina/connector/Request;Lorg/apache/catalina/connector/Response;)V+514
j  org.apache.catalina.core.StandardContextValve.invoke(Lorg/apache/catalina/connector/Request;Lorg/apache/catalina/connector/Response;)V+169
j  org.apache.catalina.authenticator.AuthenticatorBase.invoke(Lorg/apache/catalina/connector/Request;Lorg/apache/catalina/connector/Response;)V+218
j  org.apache.catalina.core.StandardHostValve.invoke(Lorg/apache/catalina/connector/Request;Lorg/apache/catalina/connector/Response;)V+131
j  org.apache.catalina.valves.ErrorReportValve.invoke(Lorg/apache/catalina/connector/Request;Lorg/apache/catalina/connector/Response;)V+6
j  org.apache.catalina.core.StandardEngineValve.invoke(Lorg/apache/catalina/connector/Request;Lorg/apache/catalina/connector/Response;)V+59
j  org.apache.catalina.connector.CoyoteAdapter.service(Lorg/apache/coyote/Request;Lorg/apache/coyote/Response;)V+187
j  org.apache.coyote.http11.Http11Processor.service(Lorg/apache/tomcat/util/net/SocketWrapperBase;)Lorg/apache/tomcat/util/net/AbstractEndpoint$Handler$SocketState;+785
j  org.apache.coyote.AbstractProcessorLight.process(Lorg/apache/tomcat/util/net/SocketWrapperBase;Lorg/apache/tomcat/util/net/SocketEvent;)Lorg/apache/tomcat/util/net/AbstractEndpoint$Handler$SocketState;+152
j  org.apache.coyote.AbstractProtocol$ConnectionHandler.process(Lorg/apache/tomcat/util/net/SocketWrapperBase;Lorg/apache/tomcat/util/net/SocketEvent;)Lorg/apache/tomcat/util/net/AbstractEndpoint$Handler$SocketState;+482
j  org.apache.tomcat.util.net.NioEndpoint$SocketProcessor.doRun()V+249
j  org.apache.tomcat.util.net.SocketProcessorBase.run()V+32
j  org.apache.tomcat.util.threads.ThreadPoolExecutor.runWorker(Lorg/apache/tomcat/util/threads/ThreadPoolExecutor$Worker;)V+92
j  org.apache.tomcat.util.threads.ThreadPoolExecutor$Worker.run()V+5
j  org.apache.tomcat.util.threads.TaskThread$WrappingRunnable.run()V+4
j  java.lang.Thread.run()V+11 java.base@17.0.8.1
v  ~StubRoutines::call_stub

siginfo: EXCEPTION_ACCESS_VIOLATION (0xc0000005), reading address 0x000000061adaeaf8


Register to memory mapping:

RIP=0x00007ffdc13c0451 jvm.dll
RAX=0x000000f5c50f9148 is pointing into the stack for thread: 0x000002d017447030
RBX=0x000002d017a13fb0 points into unknown readable memory: 0x000000061adaeaf0 | f0 ea da 1a 06 00 00 00
RCX=0x000000f5c50f90c0 is pointing into the stack for thread: 0x000002d017447030
RDX=0x000000f5c50f90c0 is pointing into the stack for thread: 0x000002d017447030
RSP=0x000000f5c50f90f0 is pointing into the stack for thread: 0x000002d017447030
RBP=0x000000f5c50f9139 is pointing into the stack for thread: 0x000002d017447030
RSI=0x000002d017447030 is a thread
RDI=0x000000061adaeaf0 is an unknown value
R8 =0x0 is NULL
R9 =0x000002d01b00ee68 is pointing into metadata
R10=0x000002d01b00df08 is pointing into metadata
R11=0x0 is NULL
R12=0x0 is NULL
R13=0x000002d01b00e7fc is pointing into metadata
R14=0x000000f5c50f9260 is pointing into the stack for thread: 0x000002d017447030
R15=0x000002d01b00e7fc is pointing into metadata


Registers:
RAX=0x000000f5c50f9148, RBX=0x000002d017a13fb0, RCX=0x000000f5c50f90c0, RDX=0x000000f5c50f90c0
RSP=0x000000f5c50f90f0, RBP=0x000000f5c50f9139, RSI=0x000002d017447030, RDI=0x000000061adaeaf0
R8 =0x0000000000000000, R9 =0x000002d01b00ee68, R10=0x000002d01b00df08, R11=0x0000000000000000
R12=0x0000000000000000, R13=0x000002d01b00e7fc, R14=0x000000f5c50f9260, R15=0x000002d01b00e7fc
RIP=0x00007ffdc13c0451, EFLAGS=0x0000000000010202

Top of Stack: (sp=0x000000f5c50f90f0)
0x000000f5c50f90f0:   000002d01b00df0b 000002d017a13fb0
0x000000f5c50f9100:   000000f5c50f9139 0000003d00000002
0x000000f5c50f9110:   000000000000003d 000000030000000c
0x000000f5c50f9120:   000002d07d4b3250 0000000000000000
0x000000f5c50f9130:   00000000000000b9 00007ffdc1129b9f
0x000000f5c50f9140:   000000f5c50f9a50 000002d07d4cbc60
0x000000f5c50f9150:   000002d0153c75c0 00000008003053c8
0x000000f5c50f9160:   0000000800999a98 0000000000000000
0x000000f5c50f9170:   0000000000000000 000002d0000b0101
0x000000f5c50f9180:   000000f5c50f9290 00007ffdc11e5914
0x000000f5c50f9190:   000002d015879a00 000002d017447030
0x000000f5c50f91a0:   000002d017a13fb0 00000000000000b9
0x000000f5c50f91b0:   000002d0000000b9 000002d017447030
0x000000f5c50f91c0:   000002d01b00e840 000002d017447030
0x000000f5c50f91d0:   0000000000000000 0000000000000000
0x000000f5c50f91e0:   000002d01b00df08 000002d017447030 

Instructions: (pc=0x00007ffdc13c0451)
0x00007ffdc13c0351:   6b d0 ff ff 48 83 7e 08 00 0f 85 6e 01 00 00 48
0x00007ffdc13c0361:   85 db 75 04 33 ff eb 25 80 3d 0e e3 60 00 00 48
0x00007ffdc13c0371:   8b 3b 74 15 8b 7f 08 8b 0d 8a 1f 5a 00 48 d3 e7
0x00007ffdc13c0381:   48 03 3d 78 1f 5a 00 eb 04 48 8b 7f 08 48 8b d6
0x00007ffdc13c0391:   48 8d 4d 0f e8 56 e5 ff ff 48 83 7e 08 00 0f 85
0x00007ffdc13c03a1:   29 01 00 00 48 89 45 ff 48 89 75 07 48 85 c0 74
0x00007ffdc13c03b1:   14 48 8b 8e 48 02 00 00 48 8d 55 f7 48 89 45 f7
0x00007ffdc13c03c1:   e8 9a a6 aa ff 4c 8b 45 1f 48 8d 55 ff 48 89 74
0x00007ffdc13c03d1:   24 30 4c 8b cb c6 44 24 28 01 49 8b ce 48 89 7c
0x00007ffdc13c03e1:   24 20 e8 48 1e 00 00 e9 d8 00 00 00 4c 8b 4d 7f
0x00007ffdc13c03f1:   45 8b c2 49 8b d3 49 8b ce e8 31 03 00 00 e9 d3
0x00007ffdc13c0401:   00 00 00 4c 8b 4d 7f 45 8b c2 49 8b d3 49 8b ce
0x00007ffdc13c0411:   e8 3a 01 00 00 e9 bc 00 00 00 48 8b 75 7f 48 8d
0x00007ffdc13c0421:   4d 0f 4c 8b ce 45 8b c2 49 8b d3 e8 8f cf ff ff
0x00007ffdc13c0431:   48 83 7e 08 00 0f 85 92 00 00 00 48 85 db 75 04
0x00007ffdc13c0441:   33 ff eb 25 80 3d 32 e2 60 00 00 48 8b 3b 74 15
0x00007ffdc13c0451:   8b 7f 08 8b 0d ae 1e 5a 00 48 d3 e7 48 03 3d 9c
0x00007ffdc13c0461:   1e 5a 00 eb 04 48 8b 7f 08 4c 8b c6 48 8d 4d 0f
0x00007ffdc13c0471:   ba b9 00 00 00 e8 85 f6 ff ff 48 83 7e 08 00 75
0x00007ffdc13c0481:   4c 48 89 45 ff 48 89 75 07 48 85 c0 74 14 48 8b
0x00007ffdc13c0491:   8e 48 02 00 00 48 8d 55 f7 48 89 45 f7 e8 bd a5
0x00007ffdc13c04a1:   aa ff 4c 8b 45 1f 48 8d 55 ff 48 89 74 24 30 4c
0x00007ffdc13c04b1:   8b cb c6 44 24 28 01 49 8b ce 48 89 7c 24 20 e8
0x00007ffdc13c04c1:   cb 13 00 00 48 8d 4d ff e8 22 cc de ff 48 8d 4d
0x00007ffdc13c04d1:   2f e8 19 cc de ff 48 8b b4 24 a0 00 00 00 48 8b
0x00007ffdc13c04e1:   bc 24 a8 00 00 00 4c 8d 9c 24 90 00 00 00 49 8b
0x00007ffdc13c04f1:   5b 20 4d 8b 73 28 49 8b e3 5d c3 3f 03 56 00 c9
0x00007ffdc13c0501:   02 56 00 91 02 56 00 1b 04 56 00 04 04 56 00 ed
0x00007ffdc13c0511:   03 56 00 d7 04 56 00 00 01 02 03 04 06 06 06 06
0x00007ffdc13c0521:   06 06 06 06 06 06 06 06 06 06 06 06 06 06 06 06
0x00007ffdc13c0531:   06 06 06 06 06 06 06 06 06 06 06 06 06 06 06 06
0x00007ffdc13c0541:   06 06 06 06 06 06 06 06 06 06 05 cc cc cc cc 40 


Stack slot to memory mapping:
stack at sp + 0 slots: 0x000002d01b00df0b is pointing into metadata
stack at sp + 1 slots: 0x000002d017a13fb0 points into unknown readable memory: 0x000000061adaeaf0 | f0 ea da 1a 06 00 00 00
stack at sp + 2 slots: 0x000000f5c50f9139 is pointing into the stack for thread: 0x000002d017447030
stack at sp + 3 slots: 0x0000003d00000002 is an unknown value
stack at sp + 4 slots: 0x000000000000003d is an unknown value
stack at sp + 5 slots: 0x000000030000000c is an unknown value
stack at sp + 6 slots: 0x000002d07d4b3250 points into unknown readable memory: 0x616a00106e30ffff | ff ff 30 6e 10 00 6a 61
stack at sp + 7 slots: 0x0 is NULL


---------------  P R O C E S S  ---------------

Threads class SMR info:
_java_thread_list=0x000002d014a79b90, length=30, elements={
0x000002d07f921b10, 0x000002d07f965550, 0x000002d07f986170, 0x000002d07f986a40,
0x000002d07f9874f0, 0x000002d07f998860, 0x000002d07f9a34b0, 0x000002d07f9ad1e0,
0x000002d07f9be3a0, 0x000002d07fb32a00, 0x000002d07fb4cba0, 0x000002d013e31a10,
0x000002d013e34290, 0x000002d013e34cb0, 0x000002d013e31f20, 0x000002d013e33870,
0x000002d013e33360, 0x000002d017447030, 0x000002d017447f60, 0x000002d01744a7e0,
0x000002d017448470, 0x000002d01744cb50, 0x000002d01744a2d0, 0x000002d01744e4a0,
0x000002d01744c640, 0x000002d01744acf0, 0x000002d0174498b0, 0x000002d01744b200,
0x000002d017449dc0, 0x000002d0155b3290
}

Java Threads: ( => current thread )
  0x000002d07f921b10 JavaThread "Reference Handler" daemon [_thread_blocked, id=1548, stack(0x000000f5c3800000,0x000000f5c3900000)]
  0x000002d07f965550 JavaThread "Finalizer" daemon [_thread_blocked, id=19272, stack(0x000000f5c3900000,0x000000f5c3a00000)]
  0x000002d07f986170 JavaThread "Signal Dispatcher" daemon [_thread_blocked, id=18404, stack(0x000000f5c3a00000,0x000000f5c3b00000)]
  0x000002d07f986a40 JavaThread "Attach Listener" daemon [_thread_blocked, id=11656, stack(0x000000f5c3b00000,0x000000f5c3c00000)]
  0x000002d07f9874f0 JavaThread "Service Thread" daemon [_thread_blocked, id=17360, stack(0x000000f5c3c00000,0x000000f5c3d00000)]
  0x000002d07f998860 JavaThread "Monitor Deflation Thread" daemon [_thread_blocked, id=2868, stack(0x000000f5c3d00000,0x000000f5c3e00000)]
  0x000002d07f9a34b0 JavaThread "C2 CompilerThread0" daemon [_thread_in_native, id=10828, stack(0x000000f5c3e00000,0x000000f5c3f00000)]
  0x000002d07f9ad1e0 JavaThread "C1 CompilerThread0" daemon [_thread_blocked, id=13972, stack(0x000000f5c3f00000,0x000000f5c4000000)]
  0x000002d07f9be3a0 JavaThread "Sweeper thread" daemon [_thread_blocked, id=2388, stack(0x000000f5c4000000,0x000000f5c4100000)]
  0x000002d07fb32a00 JavaThread "Notification Thread" daemon [_thread_blocked, id=15028, stack(0x000000f5c4100000,0x000000f5c4200000)]
  0x000002d07fb4cba0 JavaThread "Common-Cleaner" daemon [_thread_blocked, id=19056, stack(0x000000f5c4300000,0x000000f5c4400000)]
  0x000002d013e31a10 JavaThread "Catalina-utility-1" [_thread_blocked, id=7428, stack(0x000000f5c4800000,0x000000f5c4900000)]
  0x000002d013e34290 JavaThread "Catalina-utility-2" [_thread_blocked, id=16056, stack(0x000000f5c4900000,0x000000f5c4a00000)]
  0x000002d013e34cb0 JavaThread "container-0" [_thread_blocked, id=6632, stack(0x000000f5c4a00000,0x000000f5c4b00000)]
  0x000002d013e31f20 JavaThread "mssql-jdbc-shared-timer-core-0" daemon [_thread_blocked, id=13048, stack(0x000000f5c4c00000,0x000000f5c4d00000)]
  0x000002d013e33870 JavaThread "HikariPool-1 housekeeper" daemon [_thread_blocked, id=9636, stack(0x000000f5c4d00000,0x000000f5c4e00000)]
  0x000002d013e33360 JavaThread "http-nio-8080-exec-1" daemon [_thread_blocked, id=15384, stack(0x000000f5c4f00000,0x000000f5c5000000)]
=>0x000002d017447030 JavaThread "http-nio-8080-exec-2" daemon [_thread_in_vm, id=14056, stack(0x000000f5c5000000,0x000000f5c5100000)]
  0x000002d017447f60 JavaThread "http-nio-8080-exec-3" daemon [_thread_blocked, id=15048, stack(0x000000f5c5100000,0x000000f5c5200000)]
  0x000002d01744a7e0 JavaThread "http-nio-8080-exec-4" daemon [_thread_blocked, id=4088, stack(0x000000f5c5200000,0x000000f5c5300000)]
  0x000002d017448470 JavaThread "http-nio-8080-exec-5" daemon [_thread_blocked, id=17124, stack(0x000000f5c5300000,0x000000f5c5400000)]
  0x000002d01744cb50 JavaThread "http-nio-8080-exec-6" daemon [_thread_blocked, id=1496, stack(0x000000f5c5400000,0x000000f5c5500000)]
  0x000002d01744a2d0 JavaThread "http-nio-8080-exec-7" daemon [_thread_blocked, id=7756, stack(0x000000f5c5500000,0x000000f5c5600000)]
  0x000002d01744e4a0 JavaThread "http-nio-8080-exec-8" daemon [_thread_blocked, id=2508, stack(0x000000f5c5600000,0x000000f5c5700000)]
  0x000002d01744c640 JavaThread "http-nio-8080-exec-9" daemon [_thread_blocked, id=16640, stack(0x000000f5c5700000,0x000000f5c5800000)]
  0x000002d01744acf0 JavaThread "http-nio-8080-exec-10" daemon [_thread_blocked, id=15932, stack(0x000000f5c5800000,0x000000f5c5900000)]
  0x000002d0174498b0 JavaThread "http-nio-8080-Poller" daemon [_thread_in_native, id=15072, stack(0x000000f5c5900000,0x000000f5c5a00000)]
  0x000002d01744b200 JavaThread "http-nio-8080-Acceptor" daemon [_thread_in_native, id=7664, stack(0x000000f5c5a00000,0x000000f5c5b00000)]
  0x000002d017449dc0 JavaThread "DestroyJavaVM" [_thread_blocked, id=17696, stack(0x000000f5c3100000,0x000000f5c3200000)]
  0x000002d0155b3290 JavaThread "C2 CompilerThread1" daemon [_thread_blocked, id=16312, stack(0x000000f5c4400000,0x000000f5c4500000)]

Other Threads:
  0x000002d07f91f870 VMThread "VM Thread" [stack: 0x000000f5c3700000,0x000000f5c3800000] [id=13848]
  0x000002d07fb34ef0 WatcherThread [stack: 0x000000f5c4200000,0x000000f5c4300000] [id=11620]
  0x000002d07085dd80 GCTaskThread "GC Thread#0" [stack: 0x000000f5c3200000,0x000000f5c3300000] [id=13272]
  0x000002d07fb4b1d0 GCTaskThread "GC Thread#1" [stack: 0x000000f5c4500000,0x000000f5c4600000] [id=18224]
  0x000002d07fb4b490 GCTaskThread "GC Thread#2" [stack: 0x000000f5c4600000,0x000000f5c4700000] [id=9812]
  0x000002d01394ee50 GCTaskThread "GC Thread#3" [stack: 0x000000f5c4700000,0x000000f5c4800000] [id=4820]
  0x000002d07d3b08d0 ConcurrentGCThread "G1 Main Marker" [stack: 0x000000f5c3300000,0x000000f5c3400000] [id=15436]
  0x000002d07d3b1e40 ConcurrentGCThread "G1 Conc#0" [stack: 0x000000f5c3400000,0x000000f5c3500000] [id=11912]
  0x000002d07d458a80 ConcurrentGCThread "G1 Refine#0" [stack: 0x000000f5c3500000,0x000000f5c3600000] [id=14644]
  0x000002d07d4594a0 ConcurrentGCThread "G1 Service" [stack: 0x000000f5c3600000,0x000000f5c3700000] [id=17640]

Threads with active compile tasks:
C2 CompilerThread0    19866 6488       4       sun.invoke.util.BytecodeDescriptor::unparseSig (49 bytes)

VM state: not at safepoint (normal execution)

VM Mutex/Monitor currently owned by a thread: None

Heap address: 0x0000000704c00000, size: 4020 MB, Compressed Oops mode: Zero based, Oop shift amount: 3

CDS archive(s) not mapped
Compressed class space mapped at: 0x0000000800000000-0x0000000840000000, reserved size: 1073741824
Narrow klass base: 0x0000000800000000, Narrow klass shift: 0, Narrow klass range: 0x40000000

GC Precious Log:
 CPUs: 4 total, 4 available
 Memory: 16079M
 Large Page Support: Disabled
 NUMA Support: Disabled
 Compressed Oops: Enabled (Zero based)
 Heap Region Size: 2M
 Heap Min Capacity: 8M
 Heap Initial Capacity: 252M
 Heap Max Capacity: 4020M
 Pre-touch: Disabled
 Parallel Workers: 4
 Concurrent Workers: 1
 Concurrent Refinement Workers: 4
 Periodic GC: Disabled

Heap:
 garbage-first heap   total 69632K, used 47461K [0x0000000704c00000, 0x0000000800000000)
  region size 2048K, 10 young (20480K), 1 survivors (2048K)
 Metaspace       used 83273K, committed 83840K, reserved 1179648K
  class space    used 10286K, committed 10560K, reserved 1048576K

Heap Regions: E=young(eden), S=young(survivor), O=old, HS=humongous(starts), HC=humongous(continues), CS=collection set, F=free, OA=open archive, CA=closed archive, TAMS=top-at-mark-start (previous, next)
|   0|0x0000000704c00000, 0x0000000704e00000, 0x0000000704e00000|100%| O|  |TAMS 0x0000000704e00000, 0x0000000704c00000| Untracked 
|   1|0x0000000704e00000, 0x0000000705000000, 0x0000000705000000|100%| O|  |TAMS 0x0000000705000000, 0x0000000704e00000| Untracked 
|   2|0x0000000705000000, 0x00000007051c4e00, 0x0000000705200000| 88%| O|  |TAMS 0x00000007051c4e00, 0x0000000705000000| Untracked 
|   3|0x0000000705200000, 0x0000000705400000, 0x0000000705400000|100%| O|  |TAMS 0x0000000705400000, 0x0000000705200000| Untracked 
|   4|0x0000000705400000, 0x0000000705600000, 0x0000000705600000|100%| O|  |TAMS 0x0000000705600000, 0x0000000705400000| Untracked 
|   5|0x0000000705600000, 0x0000000705800000, 0x0000000705800000|100%| O|  |TAMS 0x0000000705800000, 0x0000000705600000| Untracked 
|   6|0x0000000705800000, 0x000000070597aa00, 0x0000000705a00000| 73%| O|  |TAMS 0x000000070597aa00, 0x0000000705800000| Untracked 
|   7|0x0000000705a00000, 0x0000000705c00000, 0x0000000705c00000|100%| O|  |TAMS 0x0000000705c00000, 0x0000000705a00000| Untracked 
|   8|0x0000000705c00000, 0x0000000705e00000, 0x0000000705e00000|100%| O|  |TAMS 0x0000000705e00000, 0x0000000705c00000| Untracked 
|   9|0x0000000705e00000, 0x0000000706000000, 0x0000000706000000|100%| O|  |TAMS 0x0000000706000000, 0x0000000705e00000| Untracked 
|  10|0x0000000706000000, 0x0000000706200000, 0x0000000706200000|100%| O|  |TAMS 0x0000000706000000, 0x0000000706000000| Untracked 
|  11|0x0000000706200000, 0x0000000706400000, 0x0000000706400000|100%| O|  |TAMS 0x0000000706200000, 0x0000000706200000| Untracked 
|  12|0x0000000706400000, 0x0000000706600000, 0x0000000706600000|100%| O|  |TAMS 0x0000000706400000, 0x0000000706400000| Untracked 
|  13|0x0000000706600000, 0x0000000706800000, 0x0000000706800000|100%| O|  |TAMS 0x0000000706600000, 0x0000000706600000| Untracked 
|  14|0x0000000706800000, 0x0000000706a00000, 0x0000000706a00000|100%| O|  |TAMS 0x0000000706800000, 0x0000000706800000| Untracked 
|  15|0x0000000706a00000, 0x0000000706b8ee00, 0x0000000706c00000| 77%| O|  |TAMS 0x0000000706a00000, 0x0000000706a00000| Untracked 
|  16|0x0000000706c00000, 0x0000000706c00000, 0x0000000706e00000|  0%| F|  |TAMS 0x0000000706c00000, 0x0000000706c00000| Untracked 
|  17|0x0000000706e00000, 0x0000000706e00000, 0x0000000707000000|  0%| F|  |TAMS 0x0000000706e00000, 0x0000000706e00000| Untracked 
|  18|0x0000000707000000, 0x0000000707000000, 0x0000000707200000|  0%| F|  |TAMS 0x0000000707000000, 0x0000000707000000| Untracked 
|  19|0x0000000707200000, 0x0000000707200000, 0x0000000707400000|  0%| F|  |TAMS 0x0000000707200000, 0x0000000707200000| Untracked 
|  20|0x0000000707400000, 0x0000000707400000, 0x0000000707600000|  0%| F|  |TAMS 0x0000000707400000, 0x0000000707400000| Untracked 
|  21|0x0000000707600000, 0x0000000707600000, 0x0000000707800000|  0%| F|  |TAMS 0x0000000707600000, 0x0000000707600000| Untracked 
|  22|0x0000000707800000, 0x0000000707800000, 0x0000000707a00000|  0%| F|  |TAMS 0x0000000707800000, 0x0000000707800000| Untracked 
|  23|0x0000000707a00000, 0x0000000707b8ae20, 0x0000000707c00000| 77%| S|CS|TAMS 0x0000000707a00000, 0x0000000707a00000| Complete 
|  24|0x0000000707c00000, 0x0000000707c00000, 0x0000000707e00000|  0%| F|  |TAMS 0x0000000707c00000, 0x0000000707c00000| Untracked 
|  25|0x0000000707e00000, 0x0000000707fbf030, 0x0000000708000000| 87%| E|  |TAMS 0x0000000707e00000, 0x0000000707e00000| Complete 
|  26|0x0000000708000000, 0x0000000708200000, 0x0000000708200000|100%| E|CS|TAMS 0x0000000708000000, 0x0000000708000000| Complete 
|  27|0x0000000708200000, 0x0000000708400000, 0x0000000708400000|100%| E|CS|TAMS 0x0000000708200000, 0x0000000708200000| Complete 
|  28|0x0000000708400000, 0x0000000708600000, 0x0000000708600000|100%| E|  |TAMS 0x0000000708400000, 0x0000000708400000| Complete 
|  29|0x0000000708600000, 0x0000000708800000, 0x0000000708800000|100%| E|CS|TAMS 0x0000000708600000, 0x0000000708600000| Complete 
|  30|0x0000000708800000, 0x0000000708a00000, 0x0000000708a00000|100%| E|CS|TAMS 0x0000000708800000, 0x0000000708800000| Complete 
|  64|0x000000070cc00000, 0x000000070ce00000, 0x000000070ce00000|100%| E|CS|TAMS 0x000000070cc00000, 0x000000070cc00000| Complete 
|  65|0x000000070ce00000, 0x000000070d000000, 0x000000070d000000|100%| E|CS|TAMS 0x000000070ce00000, 0x000000070ce00000| Complete 
| 125|0x0000000714600000, 0x0000000714800000, 0x0000000714800000|100%| E|CS|TAMS 0x0000000714600000, 0x0000000714600000| Complete 

Card table byte_map: [0x000002d074640000,0x000002d074e20000] _byte_map_base: 0x000002d070e1a000

Marking Bits (Prev, Next): (CMBitMap*) 0x000002d07d3a00d0, (CMBitMap*) 0x000002d07d3a0090
 Prev Bits: [0x000002d0794d0000, 0x000002d07d3a0000)
 Next Bits: [0x000002d075600000, 0x000002d0794d0000)

Polling page: 0x000002d06ff60000

Metaspace:

Usage:
  Non-class:     71.28 MB used.
      Class:     10.05 MB used.
       Both:     81.32 MB used.

Virtual space:
  Non-class space:      128.00 MB reserved,      71.56 MB ( 56%) committed,  2 nodes.
      Class space:        1.00 GB reserved,      10.31 MB (  1%) committed,  1 nodes.
             Both:        1.12 GB reserved,      81.88 MB (  7%) committed. 

Chunk freelists:
   Non-Class:  8.17 MB
       Class:  5.70 MB
        Both:  13.88 MB

MaxMetaspaceSize: unlimited
CompressedClassSpaceSize: 1.00 GB
Initial GC threshold: 21.00 MB
Current GC threshold: 98.44 MB
CDS: off
MetaspaceReclaimPolicy: balanced
 - commit_granule_bytes: 65536.
 - commit_granule_words: 8192.
 - virtual_space_node_default_size: 8388608.
 - enlarge_chunks_in_place: 1.
 - new_chunks_are_fully_committed: 0.
 - uncommit_free_chunks: 1.
 - use_allocation_guard: 0.
 - handle_deallocations: 1.


Internal statistics:

num_allocs_failed_limit: 9.
num_arena_births: 802.
num_arena_deaths: 0.
num_vsnodes_births: 3.
num_vsnodes_deaths: 0.
num_space_committed: 1310.
num_space_uncommitted: 0.
num_chunks_returned_to_freelist: 9.
num_chunks_taken_from_freelist: 3321.
num_chunk_merges: 6.
num_chunk_splits: 2438.
num_chunks_enlarged: 1922.
num_inconsistent_stats: 0.

CodeHeap 'non-profiled nmethods': size=120000Kb used=4188Kb max_used=4188Kb free=115811Kb
 bounds [0x000002d007ad0000, 0x000002d007ef0000, 0x000002d00f000000]
CodeHeap 'profiled nmethods': size=120000Kb used=12088Kb max_used=12088Kb free=107911Kb
 bounds [0x000002d000000000, 0x000002d000bd0000, 0x000002d007530000]
CodeHeap 'non-nmethods': size=5760Kb used=1394Kb max_used=1432Kb free=4365Kb
 bounds [0x000002d007530000, 0x000002d0077a0000, 0x000002d007ad0000]
 total_blobs=6481 nmethods=5747 adapters=645
 compilation: enabled
              stopped_count=0, restarted_count=0
 full_count=0

Compilation events (20 events):
Event: 19.517 Thread 0x000002d07f9ad1e0 nmethod 6489 0x000002d000bca490 code [0x000002d000bca640, 0x000002d000bca828]
Event: 19.519 Thread 0x000002d07f9ad1e0 6490       1       java.util.logging.LogManager$LoggerWeakRef::setParentRef (6 bytes)
Event: 19.519 Thread 0x000002d07f9ad1e0 nmethod 6490 0x000002d007ee3f10 code [0x000002d007ee40a0, 0x000002d007ee41b8]
Event: 19.521 Thread 0x000002d0155b3290 6491   !   4       java.lang.String::<init> (843 bytes)
Event: 19.521 Thread 0x000002d07f9ad1e0 6492       3       org.apache.jasper.compiler.SmapUtil$SDEInstaller::readU1 (21 bytes)
Event: 19.521 Thread 0x000002d07f9ad1e0 nmethod 6492 0x000002d000bca910 code [0x000002d000bcaaa0, 0x000002d000bcabf8]
Event: 19.521 Thread 0x000002d07f9ad1e0 6493       3       org.apache.jasper.compiler.SmapUtil$SDEInstaller::writeU1 (19 bytes)
Event: 19.521 Thread 0x000002d07f9ad1e0 nmethod 6493 0x000002d000bcad10 code [0x000002d000bcaea0, 0x000002d000bcaff8]
Event: 19.521 Thread 0x000002d07f9ad1e0 6494       3       org.apache.jasper.compiler.SmapUtil$SDEInstaller::readBytes (38 bytes)
Event: 19.522 Thread 0x000002d07f9ad1e0 nmethod 6494 0x000002d000bcb110 code [0x000002d000bcb2c0, 0x000002d000bcb578]
Event: 19.522 Thread 0x000002d07f9ad1e0 6495       3       org.apache.jasper.compiler.SmapUtil$SDEInstaller::writeBytes (45 bytes)
Event: 19.522 Thread 0x000002d07f9ad1e0 nmethod 6495 0x000002d000bcb690 code [0x000002d000bcb840, 0x000002d000bcba58]
Event: 19.523 Thread 0x000002d07f9ad1e0 6496       3       org.apache.jasper.compiler.SmapUtil$SDEInstaller::copy (46 bytes)
Event: 19.524 Thread 0x000002d07f9ad1e0 nmethod 6496 0x000002d000bcbb90 code [0x000002d000bcbd40, 0x000002d000bcbf78]
Event: 19.524 Thread 0x000002d07f9ad1e0 6497       3       org.apache.jasper.compiler.SmapUtil$SDEInstaller::writeU2 (18 bytes)
Event: 19.524 Thread 0x000002d07f9ad1e0 nmethod 6497 0x000002d000bcc110 code [0x000002d000bcc2c0, 0x000002d000bcc478]
Event: 19.542 Thread 0x000002d07f9ad1e0 6498       3       org.apache.catalina.core.DefaultInstanceManager::findLifecycleCallback (110 bytes)
Event: 19.543 Thread 0x000002d07f9ad1e0 nmethod 6498 0x000002d000bcc590 code [0x000002d000bcc8c0, 0x000002d000bcdd58]
Event: 19.556 Thread 0x000002d07f9ad1e0 6499       3       java.io.Writer::write (11 bytes)
Event: 19.556 Thread 0x000002d07f9ad1e0 nmethod 6499 0x000002d000bce410 code [0x000002d000bce5c0, 0x000002d000bce8a8]

GC Heap History (20 events):
Event: 5.420 GC heap before
{Heap before GC invocations=10 (full 0):
 garbage-first heap   total 149504K, used 27902K [0x0000000704c00000, 0x0000000800000000)
  region size 2048K, 8 young (16384K), 1 survivors (2048K)
 Metaspace       used 35590K, committed 35968K, reserved 1114112K
  class space    used 4161K, committed 4352K, reserved 1048576K
}
Event: 5.426 GC heap after
{Heap after GC invocations=11 (full 0):
 garbage-first heap   total 149504K, used 16963K [0x0000000704c00000, 0x0000000800000000)
  region size 2048K, 2 young (4096K), 2 survivors (4096K)
 Metaspace       used 35590K, committed 35968K, reserved 1114112K
  class space    used 4161K, committed 4352K, reserved 1048576K
}
Event: 6.631 GC heap before
{Heap before GC invocations=12 (full 0):
 garbage-first heap   total 69632K, used 53827K [0x0000000704c00000, 0x0000000800000000)
  region size 2048K, 20 young (40960K), 2 survivors (4096K)
 Metaspace       used 42004K, committed 42432K, reserved 1114112K
  class space    used 4899K, committed 5120K, reserved 1048576K
}
Event: 6.640 GC heap after
{Heap after GC invocations=13 (full 0):
 garbage-first heap   total 69632K, used 19787K [0x0000000704c00000, 0x0000000800000000)
  region size 2048K, 3 young (6144K), 3 survivors (6144K)
 Metaspace       used 42004K, committed 42432K, reserved 1114112K
  class space    used 4899K, committed 5120K, reserved 1048576K
}
Event: 7.868 GC heap before
{Heap before GC invocations=13 (full 0):
 garbage-first heap   total 69632K, used 50507K [0x0000000704c00000, 0x0000000800000000)
  region size 2048K, 18 young (36864K), 3 survivors (6144K)
 Metaspace       used 51655K, committed 52096K, reserved 1114112K
  class space    used 6170K, committed 6400K, reserved 1048576K
}
Event: 7.877 GC heap after
{Heap after GC invocations=14 (full 0):
 garbage-first heap   total 69632K, used 21815K [0x0000000704c00000, 0x0000000800000000)
  region size 2048K, 3 young (6144K), 3 survivors (6144K)
 Metaspace       used 51655K, committed 52096K, reserved 1114112K
  class space    used 6170K, committed 6400K, reserved 1048576K
}
Event: 8.894 GC heap before
{Heap before GC invocations=14 (full 0):
 garbage-first heap   total 69632K, used 50487K [0x0000000704c00000, 0x0000000800000000)
  region size 2048K, 17 young (34816K), 3 survivors (6144K)
 Metaspace       used 57871K, committed 58304K, reserved 1114112K
  class space    used 6965K, committed 7168K, reserved 1048576K
}
Event: 8.901 GC heap after
{Heap after GC invocations=15 (full 0):
 garbage-first heap   total 69632K, used 24258K [0x0000000704c00000, 0x0000000800000000)
  region size 2048K, 3 young (6144K), 3 survivors (6144K)
 Metaspace       used 57871K, committed 58304K, reserved 1114112K
  class space    used 6965K, committed 7168K, reserved 1048576K
}
Event: 9.090 GC heap before
{Heap before GC invocations=15 (full 0):
 garbage-first heap   total 69632K, used 28354K [0x0000000704c00000, 0x0000000800000000)
  region size 2048K, 6 young (12288K), 3 survivors (6144K)
 Metaspace       used 59870K, committed 60288K, reserved 1114112K
  class space    used 7330K, committed 7552K, reserved 1048576K
}
Event: 9.095 GC heap after
{Heap after GC invocations=16 (full 0):
 garbage-first heap   total 69632K, used 24608K [0x0000000704c00000, 0x0000000800000000)
  region size 2048K, 1 young (2048K), 1 survivors (2048K)
 Metaspace       used 59870K, committed 60288K, reserved 1114112K
  class space    used 7330K, committed 7552K, reserved 1048576K
}
Event: 10.091 GC heap before
{Heap before GC invocations=17 (full 0):
 garbage-first heap   total 69632K, used 51232K [0x0000000704c00000, 0x0000000800000000)
  region size 2048K, 15 young (30720K), 1 survivors (2048K)
 Metaspace       used 65495K, committed 65984K, reserved 1114112K
  class space    used 8297K, committed 8512K, reserved 1048576K
}
Event: 10.094 GC heap after
{Heap after GC invocations=18 (full 0):
 garbage-first heap   total 69632K, used 25573K [0x0000000704c00000, 0x0000000800000000)
  region size 2048K, 1 young (2048K), 1 survivors (2048K)
 Metaspace       used 65495K, committed 65984K, reserved 1114112K
  class space    used 8297K, committed 8512K, reserved 1048576K
}
Event: 10.965 GC heap before
{Heap before GC invocations=18 (full 0):
 garbage-first heap   total 69632K, used 54245K [0x0000000704c00000, 0x0000000800000000)
  region size 2048K, 15 young (30720K), 1 survivors (2048K)
 Metaspace       used 69394K, committed 69888K, reserved 1114112K
  class space    used 8810K, committed 9088K, reserved 1048576K
}
Event: 10.970 GC heap after
{Heap after GC invocations=19 (full 0):
 garbage-first heap   total 69632K, used 27584K [0x0000000704c00000, 0x0000000800000000)
  region size 2048K, 2 young (4096K), 2 survivors (4096K)
 Metaspace       used 69394K, committed 69888K, reserved 1114112K
  class space    used 8810K, committed 9088K, reserved 1048576K
}
Event: 11.719 GC heap before
{Heap before GC invocations=19 (full 0):
 garbage-first heap   total 69632K, used 54208K [0x0000000704c00000, 0x0000000800000000)
  region size 2048K, 15 young (30720K), 2 survivors (4096K)
 Metaspace       used 72233K, committed 72832K, reserved 1114112K
  class space    used 9237K, committed 9536K, reserved 1048576K
}
Event: 11.728 GC heap after
{Heap after GC invocations=20 (full 0):
 garbage-first heap   total 69632K, used 29634K [0x0000000704c00000, 0x0000000800000000)
  region size 2048K, 2 young (4096K), 2 survivors (4096K)
 Metaspace       used 72233K, committed 72832K, reserved 1114112K
  class space    used 9237K, committed 9536K, reserved 1048576K
}
Event: 18.230 GC heap before
{Heap before GC invocations=20 (full 0):
 garbage-first heap   total 69632K, used 52162K [0x0000000704c00000, 0x0000000800000000)
  region size 2048K, 14 young (28672K), 2 survivors (4096K)
 Metaspace       used 75535K, committed 76096K, reserved 1179648K
  class space    used 9652K, committed 9920K, reserved 1048576K
}
Event: 18.245 GC heap after
{Heap after GC invocations=21 (full 0):
 garbage-first heap   total 69632K, used 32682K [0x0000000704c00000, 0x0000000800000000)
  region size 2048K, 2 young (4096K), 2 survivors (4096K)
 Metaspace       used 75535K, committed 76096K, reserved 1179648K
  class space    used 9652K, committed 9920K, reserved 1048576K
}
Event: 18.928 GC heap before
{Heap before GC invocations=21 (full 0):
 garbage-first heap   total 69632K, used 51114K [0x0000000704c00000, 0x0000000800000000)
  region size 2048K, 12 young (24576K), 2 survivors (4096K)
 Metaspace       used 79783K, committed 80384K, reserved 1179648K
  class space    used 9989K, committed 10240K, reserved 1048576K
}
Event: 18.932 GC heap after
{Heap after GC invocations=22 (full 0):
 garbage-first heap   total 69632K, used 33125K [0x0000000704c00000, 0x0000000800000000)
  region size 2048K, 1 young (2048K), 1 survivors (2048K)
 Metaspace       used 79783K, committed 80384K, reserved 1179648K
  class space    used 9989K, committed 10240K, reserved 1048576K
}

Dll operation events (9 events):
Event: 0.014 Loaded shared library C:\Users\JPiccione\.p2\pool\plugins\org.eclipse.justj.openjdk.hotspot.jre.full.win32.x86_64_17.0.8.v20230831-1047\jre\bin\java.dll
Event: 0.223 Loaded shared library C:\Users\JPiccione\.p2\pool\plugins\org.eclipse.justj.openjdk.hotspot.jre.full.win32.x86_64_17.0.8.v20230831-1047\jre\bin\jimage.dll
Event: 0.238 Loaded shared library C:\Users\JPiccione\.p2\pool\plugins\org.eclipse.justj.openjdk.hotspot.jre.full.win32.x86_64_17.0.8.v20230831-1047\jre\bin\net.dll
Event: 0.240 Loaded shared library C:\Users\JPiccione\.p2\pool\plugins\org.eclipse.justj.openjdk.hotspot.jre.full.win32.x86_64_17.0.8.v20230831-1047\jre\bin\nio.dll
Event: 0.246 Loaded shared library C:\Users\JPiccione\.p2\pool\plugins\org.eclipse.justj.openjdk.hotspot.jre.full.win32.x86_64_17.0.8.v20230831-1047\jre\bin\zip.dll
Event: 5.506 Loaded shared library C:\Users\JPiccione\.p2\pool\plugins\org.eclipse.justj.openjdk.hotspot.jre.full.win32.x86_64_17.0.8.v20230831-1047\jre\bin\sunmscapi.dll
Event: 5.544 Loaded shared library C:\Users\JPiccione\.p2\pool\plugins\org.eclipse.justj.openjdk.hotspot.jre.full.win32.x86_64_17.0.8.v20230831-1047\jre\bin\management.dll
Event: 5.548 Loaded shared library C:\Users\JPiccione\.p2\pool\plugins\org.eclipse.justj.openjdk.hotspot.jre.full.win32.x86_64_17.0.8.v20230831-1047\jre\bin\management_ext.dll
Event: 6.977 Loaded shared library C:\Users\JPiccione\.p2\pool\plugins\org.eclipse.justj.openjdk.hotspot.jre.full.win32.x86_64_17.0.8.v20230831-1047\jre\bin\verify.dll

Deoptimization events (20 events):
Event: 19.093 Thread 0x000002d017447030 Uncommon trap: trap_request=0xffffff45 fr.pc=0x000002d007b07ff4 relative=0x0000000000001734
Event: 19.093 Thread 0x000002d017447030 Uncommon trap: reason=unstable_if action=reinterpret pc=0x000002d007b07ff4 method=jdk.internal.loader.URLClassPath$FileLoader.getResource(Ljava/lang/String;Z)Ljdk/internal/loader/Resource; @ 50 c2
Event: 19.093 Thread 0x000002d017447030 DEOPT PACKING pc=0x000002d007b07ff4 sp=0x000000f5c50f98c0
Event: 19.093 Thread 0x000002d017447030 DEOPT UNPACKING pc=0x000002d0075869a3 sp=0x000000f5c50f98c0 mode 2
Event: 19.247 Thread 0x000002d017447030 Uncommon trap: trap_request=0xffffff45 fr.pc=0x000002d007d5f52c relative=0x00000000000001ac
Event: 19.247 Thread 0x000002d017447030 Uncommon trap: reason=unstable_if action=reinterpret pc=0x000002d007d5f52c method=java.lang.ClassLoader.getResource(Ljava/lang/String;)Ljava/net/URL; @ 30 c2
Event: 19.247 Thread 0x000002d017447030 DEOPT PACKING pc=0x000002d007d5f52c sp=0x000000f5c50f9380
Event: 19.247 Thread 0x000002d017447030 DEOPT UNPACKING pc=0x000002d0075869a3 sp=0x000000f5c50f92b8 mode 2
Event: 19.304 Thread 0x000002d017447030 Uncommon trap: trap_request=0xffffff6e fr.pc=0x000002d007ed38bc relative=0x000000000000049c
Event: 19.304 Thread 0x000002d017447030 Uncommon trap: reason=loop_limit_check action=maybe_recompile pc=0x000002d007ed38bc method=org.eclipse.jdt.internal.compiler.classfmt.ClassFileStruct.utf8At(II)[C @ 143 c2
Event: 19.304 Thread 0x000002d017447030 DEOPT PACKING pc=0x000002d007ed38bc sp=0x000000f5c50f9810
Event: 19.304 Thread 0x000002d017447030 DEOPT UNPACKING pc=0x000002d0075869a3 sp=0x000000f5c50f97a8 mode 2
Event: 19.304 Thread 0x000002d017447030 Uncommon trap: trap_request=0xffffffcc fr.pc=0x000002d007ed2ea0 relative=0x0000000000000280
Event: 19.304 Thread 0x000002d017447030 Uncommon trap: reason=intrinsic_or_type_checked_inlining action=make_not_entrant pc=0x000002d007ed2ea0 method=java.util.ArrayList.toArray([Ljava/lang/Object;)[Ljava/lang/Object; @ 36 c2
Event: 19.304 Thread 0x000002d017447030 DEOPT PACKING pc=0x000002d007ed2ea0 sp=0x000000f5c50f8670
Event: 19.304 Thread 0x000002d017447030 DEOPT UNPACKING pc=0x000002d0075869a3 sp=0x000000f5c50f8620 mode 2
Event: 19.531 Thread 0x000002d017447030 Uncommon trap: trap_request=0xffffffde fr.pc=0x000002d007b44c68 relative=0x0000000000001368
Event: 19.531 Thread 0x000002d017447030 Uncommon trap: reason=class_check action=maybe_recompile pc=0x000002d007b44c68 method=jdk.internal.loader.URLClassPath.getLoader(I)Ljdk/internal/loader/URLClassPath$Loader; @ 88 c2
Event: 19.531 Thread 0x000002d017447030 DEOPT PACKING pc=0x000002d007b44c68 sp=0x000000f5c50f9e60
Event: 19.531 Thread 0x000002d017447030 DEOPT UNPACKING pc=0x000002d0075869a3 sp=0x000000f5c50f9ea0 mode 2

Classes unloaded (0 events):
No events

Classes redefined (0 events):
No events

Internal exceptions (20 events):
Event: 10.757 Thread 0x000002d0707f1da0 Exception <a 'java/lang/reflect/InvocationTargetException'{0x0000000707d3dbe0}> (0x0000000707d3dbe0) 
thrown [s\src\hotspot\share\runtime\reflection.cpp, line 1121]
Event: 10.760 Thread 0x000002d0707f1da0 Exception <a 'java/lang/reflect/InvocationTargetException'{0x0000000707d4dcf8}> (0x0000000707d4dcf8) 
thrown [s\src\hotspot\share\runtime\reflection.cpp, line 1121]
Event: 10.800 Thread 0x000002d0707f1da0 Exception <a 'java/lang/NoSuchMethodError'{0x0000000707a15668}: 'int java.lang.invoke.DirectMethodHandle$Holder.invokeStatic(java.lang.Object, java.lang.Object, int)'> (0x0000000707a15668) 
thrown [s\src\hotspot\share\interpreter\linkResolver.cpp, line 759]
Event: 10.805 Thread 0x000002d0707f1da0 Exception <a 'java/lang/NoSuchMethodError'{0x0000000707a34580}: 'java.lang.Object java.lang.invoke.DirectMethodHandle$Holder.newInvokeSpecial(java.lang.Object, java.lang.Object, int)'> (0x0000000707a34580) 
thrown [s\src\hotspot\share\interpreter\linkResolver.cpp, line 759]
Event: 10.811 Thread 0x000002d0707f1da0 Exception <a 'java/lang/NoSuchMethodError'{0x0000000707a566e8}: 'java.lang.Object java.lang.invoke.Invokers$Holder.invoke_MT(java.lang.Object, java.lang.Object, java.lang.Object, java.lang.Object, java.lang.Object, java.lang.Object, java.lang.Object, java.lang.Object, java.lang.Object)'> (0x0000000707a566e8) 
thrown [s\src\hotspot\share\interpreter\linkResolver.cpp, line 759]
Event: 10.816 Thread 0x000002d0707f1da0 Exception <a 'java/lang/IncompatibleClassChangeError'{0x0000000707a80250}: Found class java.lang.Object, but interface was expected> (0x0000000707a80250) 
thrown [s\src\hotspot\share\interpreter\linkResolver.cpp, line 826]
Event: 11.142 Thread 0x000002d0707f1da0 Implicit null exception at 0x000002d007be9541 to 0x000002d007be9602
Event: 11.590 Thread 0x000002d0707f1da0 Exception <a 'sun/nio/fs/WindowsException'{0x0000000707ad4fc8}> (0x0000000707ad4fc8) 
thrown [s\src\hotspot\share\prims\jni.cpp, line 516]
Event: 11.659 Thread 0x000002d0707f1da0 Exception <a 'java/lang/IncompatibleClassChangeError'{0x000000070762e728}: Found class java.lang.Object, but interface was expected> (0x000000070762e728) 
thrown [s\src\hotspot\share\interpreter\linkResolver.cpp, line 826]
Event: 11.761 Thread 0x000002d0707f1da0 Exception <a 'java/lang/NoSuchMethodError'{0x00000007146c8380}: 'void java.lang.invoke.DirectMethodHandle$Holder.invokeVirtual(java.lang.Object, java.lang.Object, long)'> (0x00000007146c8380) 
thrown [s\src\hotspot\share\interpreter\linkResolver.cpp, line 759]
Event: 11.996 Thread 0x000002d0707f1da0 Exception <a 'java/lang/NoSuchMethodError'{0x0000000708774190}: 'java.lang.Object java.lang.invoke.DirectMethodHandle$Holder.newInvokeSpecial(java.lang.Object, java.lang.Object, int, java.lang.Object, java.lang.Object)'> (0x0000000708774190) 
thrown [s\src\hotspot\share\interpreter\linkResolver.cpp, line 759]
Event: 11.996 Thread 0x000002d0707f1da0 Exception <a 'java/lang/NoSuchMethodError'{0x000000070877f808}: 'java.lang.Object java.lang.invoke.DirectMethodHandle$Holder.invokeSpecial(java.lang.Object, java.lang.Object, int, java.lang.Object, int, java.lang.Object)'> (0x000000070877f808) 
thrown [s\src\hotspot\share\interpreter\linkResolver.cpp, line 759]
Event: 11.997 Thread 0x000002d0707f1da0 Exception <a 'java/lang/NoSuchMethodError'{0x0000000708787610}: 'java.lang.Object java.lang.invoke.DirectMethodHandle$Holder.newInvokeSpecial(java.lang.Object, java.lang.Object, int, java.lang.Object, int)'> (0x0000000708787610) 
thrown [s\src\hotspot\share\interpreter\linkResolver.cpp, line 759]
Event: 11.998 Thread 0x000002d0707f1da0 Exception <a 'java/lang/NoSuchMethodError'{0x000000070878b710}: 'java.lang.Object java.lang.invoke.DirectMethodHandle$Holder.invokeSpecial(java.lang.Object, java.lang.Object, java.lang.Object, int, java.lang.Object, int)'> (0x000000070878b710) 
thrown [s\src\hotspot\share\interpreter\linkResolver.cpp, line 759]
Event: 17.778 Thread 0x000002d013e33360 Exception <a 'java/lang/NoSuchMethodError'{0x00000007081403d0}: 'java.lang.Object java.lang.invoke.DirectMethodHandle$Holder.invokeSpecial(java.lang.Object, java.lang.Object, java.lang.Object, java.lang.Object, java.lang.Object, long)'> (0x00000007081403d0) 
thrown [s\src\hotspot\share\interpreter\linkResolver.cpp, line 759]
Event: 17.778 Thread 0x000002d013e33360 Exception <a 'java/lang/NoSuchMethodError'{0x0000000708143e10}: 'java.lang.Object java.lang.invoke.Invokers$Holder.linkToTargetMethod(java.lang.Object, java.lang.Object, java.lang.Object, long, java.lang.Object)'> (0x0000000708143e10) 
thrown [s\src\hotspot\share\interpreter\linkResolver.cpp, line 759]
Event: 17.819 Thread 0x000002d013e33360 Exception <a 'java/lang/NoSuchMethodError'{0x0000000707e79220}: getSession> (0x0000000707e79220) 
thrown [s\src\hotspot\share\prims\jni.cpp, line 1073]
Event: 18.417 Thread 0x000002d017447030 Implicit null exception at 0x000002d007af1957 to 0x000002d007af1f44
Event: 18.417 Thread 0x000002d017447030 Implicit null exception at 0x000002d007b1fad7 to 0x000002d007b20098
Event: 19.544 Thread 0x000002d017447030 Exception <a 'java/lang/NullPointerException'{0x0000000707f58198}> (0x0000000707f58198) 
thrown [s\src\hotspot\share\interpreter\linkResolver.cpp, line 1350]

VM Operations (20 events):
Event: 18.499 Executing VM operation: HandshakeAllThreads
Event: 18.499 Executing VM operation: HandshakeAllThreads done
Event: 18.927 Executing VM operation: G1CollectForAllocation
Event: 18.932 Executing VM operation: G1CollectForAllocation done
Event: 19.537 Executing VM operation: ChangeBreakpoints
Event: 19.539 Executing VM operation: ChangeBreakpoints done
Event: 19.540 Executing VM operation: ChangeBreakpoints
Event: 19.541 Executing VM operation: ChangeBreakpoints done
Event: 19.542 Executing VM operation: get/set locals
Event: 19.542 Executing VM operation: get/set locals done
Event: 19.544 Executing VM operation: get/set locals
Event: 19.544 Executing VM operation: get/set locals done
Event: 19.556 Executing VM operation: HandshakeAllThreads
Event: 19.556 Executing VM operation: HandshakeAllThreads done
Event: 19.559 Executing VM operation: HandshakeAllThreads
Event: 19.559 Executing VM operation: HandshakeAllThreads done
Event: 19.560 Executing VM operation: get/set locals
Event: 19.560 Executing VM operation: get/set locals done
Event: 19.561 Executing VM operation: get/set locals
Event: 19.561 Executing VM operation: get/set locals done

Events (20 events):
Event: 19.064 loading class java/lang/NegativeArraySizeException
Event: 19.064 loading class java/lang/NegativeArraySizeException done
Event: 19.092 loading class java/net/URLClassLoader$2
Event: 19.092 loading class java/net/URLClassLoader$2 done
Event: 19.247 loading class sun/net/www/protocol/jrt/JavaRuntimeURLConnection
Event: 19.248 loading class sun/net/www/protocol/jrt/JavaRuntimeURLConnection done
Event: 19.249 loading class sun/net/www/protocol/jrt/JavaRuntimeURLConnection$1
Event: 19.249 loading class sun/net/www/protocol/jrt/JavaRuntimeURLConnection$1 done
Event: 19.261 loading class java/text/MessageFormat$Field
Event: 19.261 loading class java/text/MessageFormat$Field done
Event: 19.513 loading class java/util/Hashtable$ValueCollection
Event: 19.513 loading class java/util/Hashtable$ValueCollection done
Event: 19.529 loading class java/net/URLClassLoader$1
Event: 19.529 loading class java/net/URLClassLoader$1 done
Event: 19.558 loading class sun/nio/cs/ISO_8859_1$Encoder
Event: 19.558 loading class sun/nio/cs/ISO_8859_1$Encoder done
Event: 19.559 loading class sun/nio/cs/Surrogate$Parser
Event: 19.559 loading class sun/nio/cs/Surrogate$Parser done
Event: 19.559 loading class sun/nio/cs/Surrogate
Event: 19.559 loading class sun/nio/cs/Surrogate done


Dynamic libraries:
0x00007ff764760000 - 0x00007ff76476e000 	C:\Users\JPiccione\.p2\pool\plugins\org.eclipse.justj.openjdk.hotspot.jre.full.win32.x86_64_17.0.8.v20230831-1047\jre\bin\javaw.exe
0x000002d06e570000 - 0x000002d06e767000 	C:\windows\SYSTEM32\ntd1l.dll
0x000002d06e000000 - 0x000002d06e0bd000 	C:\windows\System32\kern3l32.dll
0x00007ffe167d0000 - 0x00007ffe169c7000 	C:\windows\SYSTEM32\ntdll.dll
0x00007ffe14a40000 - 0x00007ffe14afd000 	C:\windows\System32\KERNEL32.DLL
0x00007ffe13fa0000 - 0x00007ffe14296000 	C:\windows\System32\KERNELBASE.dll
0x00007ffe13920000 - 0x00007ffe13c33000 	C:\Program Files\SentinelOne\Sentinel Agent 23.1.4.650\InProcessClient64.dll
0x00007ffe15b00000 - 0x00007ffe15bae000 	C:\windows\System32\ADVAPI32.dll
0x00007ffe15ef0000 - 0x00007ffe15f8e000 	C:\windows\System32\msvcrt.dll
0x00007ffe14b00000 - 0x00007ffe14b9c000 	C:\windows\System32\sechost.dll
0x00007ffe15dc0000 - 0x00007ffe15ee6000 	C:\windows\System32\RPCRT4.dll
0x00007ffe14530000 - 0x00007ffe14630000 	C:\windows\System32\ucrtbase.dll
0x00007ffe0d130000 - 0x00007ffe0d147000 	C:\Users\JPiccione\.p2\pool\plugins\org.eclipse.justj.openjdk.hotspot.jre.full.win32.x86_64_17.0.8.v20230831-1047\jre\bin\jli.dll
0x00007ffe08a00000 - 0x00007ffe08a19000 	C:\Users\JPiccione\.p2\pool\plugins\org.eclipse.justj.openjdk.hotspot.jre.full.win32.x86_64_17.0.8.v20230831-1047\jre\bin\VCRUNTIME140.dll
0x00007ffe15670000 - 0x00007ffe1580e000 	C:\windows\System32\USER32.dll
0x00007ffe14800000 - 0x00007ffe14822000 	C:\windows\System32\win32u.dll
0x00007ffe15bb0000 - 0x00007ffe15bdc000 	C:\windows\System32\GDI32.dll
0x00007ffe06950000 - 0x00007ffe06bea000 	C:\windows\WinSxS\amd64_microsoft.windows.common-controls_6595b64144ccf1df_6.0.19041.3570_none_60bb2a3971f3e41a\COMCTL32.dll
0x00007ffe146e0000 - 0x00007ffe147fa000 	C:\windows\System32\gdi32full.dll
0x00007ffe14490000 - 0x00007ffe1452d000 	C:\windows\System32\msvcp_win.dll
0x00007ffe13910000 - 0x00007ffe1391a000 	C:\windows\SYSTEM32\VERSION.dll
0x00007ffe13900000 - 0x00007ffe1390b000 	C:\windows\SYSTEM32\FLTLIB.DLL
0x00007ffe15a40000 - 0x00007ffe15a70000 	C:\windows\System32\IMM32.DLL
0x00007ffe0eae0000 - 0x00007ffe0eaec000 	C:\Users\JPiccione\.p2\pool\plugins\org.eclipse.justj.openjdk.hotspot.jre.full.win32.x86_64_17.0.8.v20230831-1047\jre\bin\vcruntime140_1.dll
0x00007ffddb9d0000 - 0x00007ffddba61000 	C:\Users\JPiccione\.p2\pool\plugins\org.eclipse.justj.openjdk.hotspot.jre.full.win32.x86_64_17.0.8.v20230831-1047\jre\bin\msvcp140.dll
0x00007ffdc0e60000 - 0x00007ffdc1aac000 	C:\Users\JPiccione\.p2\pool\plugins\org.eclipse.justj.openjdk.hotspot.jre.full.win32.x86_64_17.0.8.v20230831-1047\jre\bin\server\jvm.dll
0x00007ffe130d0000 - 0x00007ffe1311b000 	C:\windows\SYSTEM32\POWRPROF.dll
0x00007ffdf9c20000 - 0x00007ffdf9c29000 	C:\windows\SYSTEM32\WSOCK32.dll
0x00007ffe15810000 - 0x00007ffe1587b000 	C:\windows\System32\WS2_32.dll
0x00007ffdfc5c0000 - 0x00007ffdfc5e7000 	C:\windows\SYSTEM32\WINMM.dll
0x00007ffe12f90000 - 0x00007ffe12fa2000 	C:\windows\SYSTEM32\UMPDC.dll
0x00007ffe117b0000 - 0x00007ffe117c2000 	C:\windows\SYSTEM32\kernel.appcore.dll
0x00007ffe0eb10000 - 0x00007ffe0eb1a000 	C:\Users\JPiccione\.p2\pool\plugins\org.eclipse.justj.openjdk.hotspot.jre.full.win32.x86_64_17.0.8.v20230831-1047\jre\bin\jimage.dll
0x00007ffe07370000 - 0x00007ffe07554000 	C:\windows\SYSTEM32\DBGHELP.DLL
0x00007ffe07330000 - 0x00007ffe07364000 	C:\windows\SYSTEM32\dbgcore.DLL
0x00007ffe142a0000 - 0x00007ffe14322000 	C:\windows\System32\bcryptPrimitives.dll
0x00007ffdee410000 - 0x00007ffdee48b000 	C:\Program Files\SentinelOne\Sentinel Agent 23.1.4.650\SentinelJava64.dll
0x00007ffe14830000 - 0x00007ffe1495b000 	C:\windows\System32\ole32.dll
0x00007ffe152e0000 - 0x00007ffe15634000 	C:\windows\System32\combase.dll
0x00007ffe0aef0000 - 0x00007ffe0af15000 	C:\Users\JPiccione\.p2\pool\plugins\org.eclipse.justj.openjdk.hotspot.jre.full.win32.x86_64_17.0.8.v20230831-1047\jre\bin\java.dll
0x00007ffe0b010000 - 0x00007ffe0b028000 	C:\Users\JPiccione\.p2\pool\plugins\org.eclipse.justj.openjdk.hotspot.jre.full.win32.x86_64_17.0.8.v20230831-1047\jre\bin\zip.dll
0x00007ffe16040000 - 0x00007ffe16784000 	C:\windows\System32\SHELL32.dll
0x00007ffe11920000 - 0x00007ffe120bb000 	C:\windows\SYSTEM32\windows.storage.dll
0x00007ffe135b0000 - 0x00007ffe135dd000 	C:\windows\SYSTEM32\Wldp.dll
0x00007ffe15f90000 - 0x00007ffe1603d000 	C:\windows\System32\SHCORE.dll
0x00007ffe150c0000 - 0x00007ffe15115000 	C:\windows\System32\shlwapi.dll
0x00007ffe13de0000 - 0x00007ffe13e05000 	C:\windows\SYSTEM32\profapi.dll
0x00007ffe0afe0000 - 0x00007ffe0aff9000 	C:\Users\JPiccione\.p2\pool\plugins\org.eclipse.justj.openjdk.hotspot.jre.full.win32.x86_64_17.0.8.v20230831-1047\jre\bin\net.dll
0x00007ffe12b30000 - 0x00007ffe12c3a000 	C:\windows\SYSTEM32\WINHTTP.dll
0x00007ffe13310000 - 0x00007ffe1337a000 	C:\windows\system32\mswsock.dll
0x00007ffe08a60000 - 0x00007ffe08a75000 	C:\Users\JPiccione\.p2\pool\plugins\org.eclipse.justj.openjdk.hotspot.jre.full.win32.x86_64_17.0.8.v20230831-1047\jre\bin\nio.dll
0x00007ffe13500000 - 0x00007ffe13518000 	C:\windows\SYSTEM32\CRYPTSP.dll
0x00007ffe12aa0000 - 0x00007ffe12ad4000 	C:\windows\system32\rsaenh.dll
0x00007ffe13f70000 - 0x00007ffe13f97000 	C:\windows\System32\bcrypt.dll
0x00007ffe13d60000 - 0x00007ffe13d8e000 	C:\windows\SYSTEM32\USERENV.dll
0x00007ffe13520000 - 0x00007ffe1352c000 	C:\windows\SYSTEM32\CRYPTBASE.dll
0x00007ffe12fb0000 - 0x00007ffe12feb000 	C:\windows\SYSTEM32\IPHLPAPI.DLL
0x00007ffe15660000 - 0x00007ffe15668000 	C:\windows\System32\NSI.dll
0x00007ffe0d300000 - 0x00007ffe0d317000 	C:\windows\SYSTEM32\dhcpcsvc6.DLL
0x00007ffe0cec0000 - 0x00007ffe0cedd000 	C:\windows\SYSTEM32\dhcpcsvc.DLL
0x00007ffe13000000 - 0x00007ffe130ca000 	C:\windows\SYSTEM32\DNSAPI.dll
0x00007ffe0d110000 - 0x00007ffe0d11e000 	C:\Users\JPiccione\.p2\pool\plugins\org.eclipse.justj.openjdk.hotspot.jre.full.win32.x86_64_17.0.8.v20230831-1047\jre\bin\sunmscapi.dll
0x00007ffe14330000 - 0x00007ffe1448d000 	C:\windows\System32\CRYPT32.dll
0x00007ffe13620000 - 0x00007ffe13647000 	C:\windows\SYSTEM32\ncrypt.dll
0x00007ffe135e0000 - 0x00007ffe1361b000 	C:\windows\SYSTEM32\NTASN1.dll
0x00007ffe0c4a0000 - 0x00007ffe0c4a9000 	C:\Users\JPiccione\.p2\pool\plugins\org.eclipse.justj.openjdk.hotspot.jre.full.win32.x86_64_17.0.8.v20230831-1047\jre\bin\management.dll
0x00007ffe0b030000 - 0x00007ffe0b03b000 	C:\Users\JPiccione\.p2\pool\plugins\org.eclipse.justj.openjdk.hotspot.jre.full.win32.x86_64_17.0.8.v20230831-1047\jre\bin\management_ext.dll
0x00007ffe15880000 - 0x00007ffe15888000 	C:\windows\System32\PSAPI.DLL
0x00007ffe0ea40000 - 0x00007ffe0ea50000 	C:\Users\JPiccione\.p2\pool\plugins\org.eclipse.justj.openjdk.hotspot.jre.full.win32.x86_64_17.0.8.v20230831-1047\jre\bin\verify.dll
0x00007ffe07e20000 - 0x00007ffe07e2a000 	C:\Windows\System32\rasadhlp.dll
0x00007ffe0d670000 - 0x00007ffe0d6f2000 	C:\windows\System32\fwpuclnt.dll
0x00007ffdf0070000 - 0x00007ffdf0087000 	C:\windows\system32\napinsp.dll
0x00007ffe0aa00000 - 0x00007ffe0aa1b000 	C:\windows\system32\pnrpnsp.dll
0x00007ffe0d150000 - 0x00007ffe0d165000 	C:\windows\system32\wshbth.dll
0x00007ffe0e560000 - 0x00007ffe0e57d000 	C:\windows\system32\NLAapi.dll
0x00007ffdf0090000 - 0x00007ffdf00a2000 	C:\windows\System32\winrnr.dll
0x00007ffddecb0000 - 0x00007ffddecb7000 	C:\windows\system32\wshunix.dll

dbghelp: loaded successfully - version: 4.0.5 - missing functions: none
symbol engine: initialized successfully - sym options: 0x614 - pdb path: .;C:\Users\JPiccione\.p2\pool\plugins\org.eclipse.justj.openjdk.hotspot.jre.full.win32.x86_64_17.0.8.v20230831-1047\jre\bin;C:\windows\SYSTEM32;C:\Program Files\SentinelOne\Sentinel Agent 23.1.4.650;C:\windows\WinSxS\amd64_microsoft.windows.common-controls_6595b64144ccf1df_6.0.19041.3570_none_60bb2a3971f3e41a;C:\Users\JPiccione\.p2\pool\plugins\org.eclipse.justj.openjdk.hotspot.jre.full.win32.x86_64_17.0.8.v20230831-1047\jre\bin\server

VM Arguments:
jvm_args: -Dfile.encoding=UTF-8 -XX:+ShowCodeDetailsInExceptionMessages -agentpath:C:\Program Files\SentinelOne\Sentinel Agent 23.1.4.650\SentinelJava64.dll 
java_command: com.spencer.ItemApp.ItemAppApplication
java_class_path (initial): C:\Users\JPiccione\OneDrive - Spencer Gifts LLC\Documents\ItemApp\target\classes;C:\Users\JPiccione\.m2\repository\org\springframework\boot\spring-boot-starter-data-jpa\3.1.4\spring-boot-starter-data-jpa-3.1.4.jar;C:\Users\JPiccione\.m2\repository\org\springframework\boot\spring-boot-starter-aop\3.1.4\spring-boot-starter-aop-3.1.4.jar;C:\Users\JPiccione\.m2\repository\org\aspectj\aspectjweaver\1.9.20\aspectjweaver-1.9.20.jar;C:\Users\JPiccione\.m2\repository\org\springframework\boot\spring-boot-starter-jdbc\3.1.4\spring-boot-starter-jdbc-3.1.4.jar;C:\Users\JPiccione\.m2\repository\com\zaxxer\HikariCP\5.0.1\HikariCP-5.0.1.jar;C:\Users\JPiccione\.m2\repository\org\springframework\spring-jdbc\6.0.12\spring-jdbc-6.0.12.jar;C:\Users\JPiccione\.m2\repository\org\hibernate\orm\hibernate-core\6.2.9.Final\hibernate-core-6.2.9.Final.jar;C:\Users\JPiccione\.m2\repository\jakarta\persistence\jakarta.persistence-api\3.1.0\jakarta.persistence-api-3.1.0.jar;C:\Users\JPiccione\.m2\repository\jakarta\transaction\jakarta.transaction-api\2.0.1\jakarta.transaction-api-2.0.1.jar;C:\Users\JPiccione\.m2\repository\org\jboss\logging\jboss-logging\3.5.3.Final\jboss-logging-3.5.3.Final.jar;C:\Users\JPiccione\.m2\repository\org\hibernate\common\hibernate-commons-annotations\6.0.6.Final\hibernate-commons-annotations-6.0.6.Final.jar;C:\Users\JPiccione\.m2\repository\io\smallrye\jandex\3.0.5\jandex-3.0.5.jar;C:\Users\JPiccione\.m2\repository\com\fasterxml\classmate\1.5.1\classmate-1.5.1.jar;C:\Users\JPiccione\.m2\repository\net\bytebuddy\byte-buddy\1.14.8\byte-buddy-1.14.8.jar;C:\Users\JPiccione\.m2\repository\org\glassfish\jaxb\jaxb-runtime\4.0.3\jaxb-runtime-4.0.3.jar;C:\Users\JPiccione\.m2\repository\org\glassfish\jaxb\jaxb-core\4.0.3\jaxb-core-4.0.3.jar;C:\Users\JPiccione\.m2\repository\org\eclipse\angus\angus-activation\2.0.1\angus-activation-2.0.1.jar;C:\Users\JPiccione\.m2\repository\org\glassfish\jaxb\txw2\4.0.3\txw2-4.0.3.jar;C:\Users\JPiccione\.m2\repositor
Launcher Type: SUN_STANDARD

[Global flags]
     intx CICompilerCount                          = 3                                         {product} {ergonomic}
     uint ConcGCThreads                            = 1                                         {product} {ergonomic}
     uint G1ConcRefinementThreads                  = 4                                         {product} {ergonomic}
   size_t G1HeapRegionSize                         = 2097152                                   {product} {ergonomic}
    uintx GCDrainStackTargetSize                   = 64                                        {product} {ergonomic}
   size_t InitialHeapSize                          = 264241152                                 {product} {ergonomic}
   size_t MarkStackSize                            = 4194304                                   {product} {ergonomic}
   size_t MaxHeapSize                              = 4215275520                                {product} {ergonomic}
   size_t MaxNewSize                               = 2529165312                                {product} {ergonomic}
   size_t MinHeapDeltaBytes                        = 2097152                                   {product} {ergonomic}
   size_t MinHeapSize                              = 8388608                                   {product} {ergonomic}
    uintx NonNMethodCodeHeapSize                   = 5832780                                {pd product} {ergonomic}
    uintx NonProfiledCodeHeapSize                  = 122912730                              {pd product} {ergonomic}
    uintx ProfiledCodeHeapSize                     = 122912730                              {pd product} {ergonomic}
    uintx ReservedCodeCacheSize                    = 251658240                              {pd product} {ergonomic}
     bool SegmentedCodeCache                       = true                                      {product} {ergonomic}
     bool ShowCodeDetailsInExceptionMessages       = true                                   {manageable} {command line}
   size_t SoftMaxHeapSize                          = 4215275520                             {manageable} {ergonomic}
     bool UseCompressedClassPointers               = true                           {product lp64_product} {ergonomic}
     bool UseCompressedOops                        = true                           {product lp64_product} {ergonomic}
     bool UseG1GC                                  = true                                      {product} {ergonomic}
     bool UseLargePagesIndividualAllocation        = false                                  {pd product} {ergonomic}

Logging:
Log output configuration:
 #0: stdout all=warning uptime,level,tags
 #1: stderr all=off uptime,level,tags

Environment Variables:
PATH=C:/Users/JPiccione/.p2/pool/plugins/org.eclipse.justj.openjdk.hotspot.jre.full.win32.x86_64_17.0.8.v20230831-1047/jre/bin/server;C:/Users/JPiccione/.p2/pool/plugins/org.eclipse.justj.openjdk.hotspot.jre.full.win32.x86_64_17.0.8.v20230831-1047/jre/bin;C:\Program Files\Common Files\Oracle\Java\javapath;C:\Program Files (x86)\Common Files\Oracle\Java\javapath;C:\Program Files\Microsoft\jdk-11.0.16.101-hotspot\bin;C:\Program Files (x86)\Business Objects\Common\3.5\bin\NOTES\;C:\Program Files (x86)\Business Objects\Common\3.5\bin\NOTES\DATA\;C:\windows\system32;C:\windows;C:\windows\System32\Wbem;C:\windows\System32\WindowsPowerShell\v1.0\;C:\windows\System32\OpenSSH\;C:\Program Files (x86)\IBM\Client Access\Emulator;C:\Program Files (x86)\IBM\Client Access\Shared;C:\Program Files (x86)\IBM\Client Access\;C:\Program Files (x86)\HEAT\;C:\Program Files (x86)\Microsoft SQL Server\160\DTS\Binn\;C:\Program Files\Azure Data Studio\bin;C:\Program Files\PuTTY\;C:\Program Files\Git\cmd;C:\Program Files\Microsoft SQL Server\150\Tools\Binn\;C:\Program Files\Microsoft SQL Server\Client SDK\ODBC\170\Tools\Binn\;C:\Program Files\dotnet\;C:\Program Files (x86)\Windows Kits\10\Windows Performance Toolkit\;c:\Program Files (x86)\Microsoft SQL Server\110\Tools\Binn\;c:\Program Files\Microsoft SQL Server\110\Tools\Binn\;c:\Program Files\Microsoft SQL Server\110\DTS\Binn\;C:\Program Files (x86)\Microsoft SQL Server\150\Tools\Binn\;C:\Program Files\Microsoft SQL Server\150\DTS\Binn\;C:\Users\JPiccione\AppData\Local\Microsoft\WindowsApps;C:\Program Files\Azure Data Studio\bin;C:\Users\JPiccione\.dotnet\tools;C:\Users\JPiccione\AppData\Local\Programs\Azure Data Studio\bin;C:\Program Files\JetBrains\IntelliJ IDEA 2023.2\bin;;C:\Users\JPiccione\AppData\Local\GitHubDesktop\bin;C:\windows\system32;
USERNAME=JPiccione
OS=Windows_NT
PROCESSOR_IDENTIFIER=Intel64 Family 6 Model 61 Stepping 4, GenuineIntel
TMP=C:\Users\JPICCI~1\AppData\Local\Temp
TEMP=C:\Users\JPICCI~1\AppData\Local\Temp



---------------  S Y S T E M  ---------------

OS:
 Windows 10 , 64 bit Build 19041 (10.0.19041.3570)
OS uptime: 5 days 19:57 hours

CPU: total 4 (initial active 4) (2 cores per cpu, 2 threads per core) family 6 model 61 stepping 4 microcode 0x2d, cx8, cmov, fxsr, ht, mmx, 3dnowpref, sse, sse2, sse3, ssse3, sse4.1, sse4.2, popcnt, lzcnt, tsc, tscinvbit, avx, avx2, aes, erms, clmul, bmi1, bmi2, rtm, adx, fma, vzeroupper, clflush
Processor Information for all 4 processors :
  Max Mhz: 2594, Current Mhz: 2594, Mhz Limit: 2594

Memory: 4k page, system-wide physical 16079M (6937M free)
TotalPageFile size 18511M (AvailPageFile size 6823M)
current process WorkingSet (physical memory assigned to process): 295M, peak: 312M
current process commit charge ("private bytes"): 310M, peak: 371M

vm_info: OpenJDK 64-Bit Server VM (17.0.8.1+1) for windows-amd64 JRE (17.0.8.1+1), built on Aug 23 2023 15:29:17 by "admin" with MS VC++ 16.7 (VS2019)

END.
