#
# A fatal error has been detected by the Java Runtime Environment:
#
#  EXCEPTION_ACCESS_VIOLATION (0xc0000005) at pc=0x00007ffb7dbd0451, pid=11908, tid=8400
#
# JRE version: OpenJDK Runtime Environment Temurin-17.0.8.1+1 (17.0.8.1+1) (build 17.0.8.1+1)
# Java VM: OpenJDK 64-Bit Server VM Temurin-17.0.8.1+1 (17.0.8.1+1, mixed mode, tiered, compressed oops, compressed class ptrs, g1 gc, windows-amd64)
# Problematic frame:
# V  [jvm.dll+0x560451]
#
# No core dump will be written. Minidumps are not enabled by default on client versions of Windows
#
# If you would like to submit a bug report, please visit:
#   https://github.com/adoptium/adoptium-support/issues
#

---------------  S U M M A R Y ------------

Command Line: -Dfile.encoding=UTF-8 -XX:+ShowCodeDetailsInExceptionMessages -agentpath:C:\Program Files\SentinelOne\Sentinel Agent 23.1.4.650\SentinelJava64.dll com.spencer.ItemApp.ItemAppApplication

Host: Intel(R) Core(TM) i7-5600U CPU @ 2.60GHz, 4 cores, 15G,  Windows 10 , 64 bit Build 19041 (10.0.19041.3570)
Time: Mon Nov 20 14:00:57 2023 Eastern Standard Time elapsed time: 22.106026 seconds (0d 0h 0m 22s)

---------------  T H R E A D  ---------------

Current thread (0x000001563e330a90):  JavaThread "http-nio-8080-exec-2" daemon [_thread_in_vm, id=8400, stack(0x000000124a800000,0x000000124a900000)]

Stack: [0x000000124a800000,0x000000124a900000],  sp=0x000000124a8f9090,  free space=996k
Native frames: (J=compiled Java code, j=interpreted, Vv=VM code, C=native code)
V  [jvm.dll+0x560451]
V  [jvm.dll+0x385914]
V  [jvm.dll+0x384f7f]
C  0x0000015623a1bb83

Java frames: (J=compiled Java code, j=interpreted, Vv=VM code)
j  org.springframework.security.web.servletapi.SecurityContextHolderAwareRequestWrapper.getAuthentication()Lorg/springframework/security/core/Authentication;+4
j  org.springframework.security.web.servletapi.SecurityContextHolderAwareRequestWrapper.isGranted(Ljava/lang/String;)Z+1
j  org.springframework.security.web.servletapi.SecurityContextHolderAwareRequestWrapper.isUserInRole(Ljava/lang/String;)Z+2
v  ~StubRoutines::call_stub
j  org.apache.jasper.runtime.HttpJspBase.service(Ljakarta/servlet/http/HttpServletRequest;Ljakarta/servlet/http/HttpServletResponse;)V+6
j  jakarta.servlet.http.HttpServlet.service(Ljakarta/servlet/ServletRequest;Ljakarta/servlet/ServletResponse;)V+36
j  org.apache.jasper.servlet.JspServletWrapper.service(Ljakarta/servlet/http/HttpServletRequest;Ljakarta/servlet/http/HttpServletResponse;Z)V+372
j  org.apache.jasper.servlet.JspServlet.serviceJspFile(Ljakarta/servlet/http/HttpServletRequest;Ljakarta/servlet/http/HttpServletResponse;Ljava/lang/String;Z)V+112
j  org.apache.jasper.servlet.JspServlet.service(Ljakarta/servlet/http/HttpServletRequest;Ljakarta/servlet/http/HttpServletResponse;)V+228
j  jakarta.servlet.http.HttpServlet.service(Ljakarta/servlet/ServletRequest;Ljakarta/servlet/ServletResponse;)V+36
j  org.apache.catalina.core.ApplicationFilterChain.internalDoFilter(Ljakarta/servlet/ServletRequest;Ljakarta/servlet/ServletResponse;)V+305
j  org.apache.catalina.core.ApplicationFilterChain.doFilter(Ljakarta/servlet/ServletRequest;Ljakarta/servlet/ServletResponse;)V+99
j  org.apache.tomcat.websocket.server.WsFilter.doFilter(Ljakarta/servlet/ServletRequest;Ljakarta/servlet/ServletResponse;Ljakarta/servlet/FilterChain;)V+21
j  org.apache.catalina.core.ApplicationFilterChain.internalDoFilter(Ljakarta/servlet/ServletRequest;Ljakarta/servlet/ServletResponse;)V+135
j  org.apache.catalina.core.ApplicationFilterChain.doFilter(Ljakarta/servlet/ServletRequest;Ljakarta/servlet/ServletResponse;)V+99
j  org.springframework.security.web.FilterChainProxy.lambda$doFilterInternal$3(Lorg/springframework/security/web/firewall/FirewalledRequest;Ljakarta/servlet/FilterChain;Ljakarta/servlet/ServletRequest;Ljakarta/servlet/ServletResponse;)V+35
j  org.springframework.security.web.FilterChainProxy$$Lambda$1366+0x000000080099b470.doFilter(Ljakarta/servlet/ServletRequest;Ljakarta/servlet/ServletResponse;)V+10
j  org.springframework.security.web.FilterChainProxy$VirtualFilterChain.doFilter(Ljakarta/servlet/ServletRequest;Ljakarta/servlet/ServletResponse;)V+17
j  org.springframework.security.web.access.intercept.AuthorizationFilter.doFilter(Ljakarta/servlet/ServletRequest;Ljakarta/servlet/ServletResponse;Ljakarta/servlet/FilterChain;)V+143
j  org.springframework.security.web.FilterChainProxy$VirtualFilterChain.doFilter(Ljakarta/servlet/ServletRequest;Ljakarta/servlet/ServletResponse;)V+105
j  org.springframework.security.web.access.ExceptionTranslationFilter.doFilter(Ljakarta/servlet/http/HttpServletRequest;Ljakarta/servlet/http/HttpServletResponse;Ljakarta/servlet/FilterChain;)V+3
j  org.springframework.security.web.access.ExceptionTranslationFilter.doFilter(Ljakarta/servlet/ServletRequest;Ljakarta/servlet/ServletResponse;Ljakarta/servlet/FilterChain;)V+10
j  org.springframework.security.web.FilterChainProxy$VirtualFilterChain.doFilter(Ljakarta/servlet/ServletRequest;Ljakarta/servlet/ServletResponse;)V+105
j  org.springframework.security.web.authentication.AnonymousAuthenticationFilter.doFilter(Ljakarta/servlet/ServletRequest;Ljakarta/servlet/ServletResponse;Ljakarta/servlet/FilterChain;)V+33
j  org.springframework.security.web.FilterChainProxy$VirtualFilterChain.doFilter(Ljakarta/servlet/ServletRequest;Ljakarta/servlet/ServletResponse;)V+105
j  org.springframework.security.web.servletapi.SecurityContextHolderAwareRequestFilter.doFilter(Ljakarta/servlet/ServletRequest;Ljakarta/servlet/ServletResponse;Ljakarta/servlet/FilterChain;)V+19
j  org.springframework.security.web.FilterChainProxy$VirtualFilterChain.doFilter(Ljakarta/servlet/ServletRequest;Ljakarta/servlet/ServletResponse;)V+105
j  org.springframework.security.web.savedrequest.RequestCacheAwareFilter.doFilter(Ljakarta/servlet/ServletRequest;Ljakarta/servlet/ServletResponse;Ljakarta/servlet/FilterChain;)V+32
j  org.springframework.security.web.FilterChainProxy$VirtualFilterChain.doFilter(Ljakarta/servlet/ServletRequest;Ljakarta/servlet/ServletResponse;)V+105
j  org.springframework.security.web.authentication.AbstractAuthenticationProcessingFilter.doFilter(Ljakarta/servlet/http/HttpServletRequest;Ljakarta/servlet/http/HttpServletResponse;Ljakarta/servlet/FilterChain;)V+12
j  org.springframework.security.web.authentication.AbstractAuthenticationProcessingFilter.doFilter(Ljakarta/servlet/ServletRequest;Ljakarta/servlet/ServletResponse;Ljakarta/servlet/FilterChain;)V+10
j  org.springframework.security.web.FilterChainProxy$VirtualFilterChain.doFilter(Ljakarta/servlet/ServletRequest;Ljakarta/servlet/ServletResponse;)V+105
j  org.springframework.security.web.authentication.logout.LogoutFilter.doFilter(Ljakarta/servlet/http/HttpServletRequest;Ljakarta/servlet/http/HttpServletResponse;Ljakarta/servlet/FilterChain;)V+83
j  org.springframework.security.web.authentication.logout.LogoutFilter.doFilter(Ljakarta/servlet/ServletRequest;Ljakarta/servlet/ServletResponse;Ljakarta/servlet/FilterChain;)V+10
j  org.springframework.security.web.FilterChainProxy$VirtualFilterChain.doFilter(Ljakarta/servlet/ServletRequest;Ljakarta/servlet/ServletResponse;)V+105
j  org.springframework.web.filter.OncePerRequestFilter.doFilter(Ljakarta/servlet/ServletRequest;Ljakarta/servlet/ServletResponse;Ljakarta/servlet/FilterChain;)V+125
j  org.springframework.security.web.FilterChainProxy$VirtualFilterChain.doFilter(Ljakarta/servlet/ServletRequest;Ljakarta/servlet/ServletResponse;)V+105
j  org.springframework.security.web.context.SecurityContextHolderFilter.doFilter(Ljakarta/servlet/http/HttpServletRequest;Ljakarta/servlet/http/HttpServletResponse;Ljakarta/servlet/FilterChain;)V+15
j  org.springframework.security.web.context.SecurityContextHolderFilter.doFilter(Ljakarta/servlet/ServletRequest;Ljakarta/servlet/ServletResponse;Ljakarta/servlet/FilterChain;)V+10
j  org.springframework.security.web.FilterChainProxy$VirtualFilterChain.doFilter(Ljakarta/servlet/ServletRequest;Ljakarta/servlet/ServletResponse;)V+105
j  org.springframework.web.filter.OncePerRequestFilter.doFilter(Ljakarta/servlet/ServletRequest;Ljakarta/servlet/ServletResponse;Ljakarta/servlet/FilterChain;)V+125
j  org.springframework.security.web.FilterChainProxy$VirtualFilterChain.doFilter(Ljakarta/servlet/ServletRequest;Ljakarta/servlet/ServletResponse;)V+105
j  org.springframework.web.filter.OncePerRequestFilter.doFilter(Ljakarta/servlet/ServletRequest;Ljakarta/servlet/ServletResponse;Ljakarta/servlet/FilterChain;)V+125
j  org.springframework.security.web.FilterChainProxy$VirtualFilterChain.doFilter(Ljakarta/servlet/ServletRequest;Ljakarta/servlet/ServletResponse;)V+105
j  org.springframework.security.web.FilterChainProxy.doFilterInternal(Ljakarta/servlet/ServletRequest;Ljakarta/servlet/ServletResponse;Ljakarta/servlet/FilterChain;)V+163
j  org.springframework.security.web.FilterChainProxy.doFilter(Ljakarta/servlet/ServletRequest;Ljakarta/servlet/ServletResponse;Ljakarta/servlet/FilterChain;)V+28
j  org.springframework.web.filter.DelegatingFilterProxy.invokeDelegate(Ljakarta/servlet/Filter;Ljakarta/servlet/ServletRequest;Ljakarta/servlet/ServletResponse;Ljakarta/servlet/FilterChain;)V+5
j  org.springframework.web.filter.DelegatingFilterProxy.doFilter(Ljakarta/servlet/ServletRequest;Ljakarta/servlet/ServletResponse;Ljakarta/servlet/FilterChain;)V+85
j  org.apache.catalina.core.ApplicationFilterChain.internalDoFilter(Ljakarta/servlet/ServletRequest;Ljakarta/servlet/ServletResponse;)V+135
j  org.apache.catalina.core.ApplicationFilterChain.doFilter(Ljakarta/servlet/ServletRequest;Ljakarta/servlet/ServletResponse;)V+99
j  org.springframework.web.filter.OncePerRequestFilter.doFilter(Ljakarta/servlet/ServletRequest;Ljakarta/servlet/ServletResponse;Ljakarta/servlet/FilterChain;)V+125
j  org.apache.catalina.core.ApplicationFilterChain.internalDoFilter(Ljakarta/servlet/ServletRequest;Ljakarta/servlet/ServletResponse;)V+135
j  org.apache.catalina.core.ApplicationFilterChain.doFilter(Ljakarta/servlet/ServletRequest;Ljakarta/servlet/ServletResponse;)V+99
j  org.springframework.web.filter.OncePerRequestFilter.doFilter(Ljakarta/servlet/ServletRequest;Ljakarta/servlet/ServletResponse;Ljakarta/servlet/FilterChain;)V+125
j  org.apache.catalina.core.ApplicationFilterChain.internalDoFilter(Ljakarta/servlet/ServletRequest;Ljakarta/servlet/ServletResponse;)V+135
j  org.apache.catalina.core.ApplicationFilterChain.doFilter(Ljakarta/servlet/ServletRequest;Ljakarta/servlet/ServletResponse;)V+99
j  org.springframework.web.filter.OncePerRequestFilter.doFilter(Ljakarta/servlet/ServletRequest;Ljakarta/servlet/ServletResponse;Ljakarta/servlet/FilterChain;)V+125
j  org.apache.catalina.core.ApplicationFilterChain.internalDoFilter(Ljakarta/servlet/ServletRequest;Ljakarta/servlet/ServletResponse;)V+135
j  org.apache.catalina.core.ApplicationFilterChain.doFilter(Ljakarta/servlet/ServletRequest;Ljakarta/servlet/ServletResponse;)V+99
j  org.apache.catalina.core.ApplicationDispatcher.invoke(Ljakarta/servlet/ServletRequest;Ljakarta/servlet/ServletResponse;Lorg/apache/catalina/core/ApplicationDispatcher$State;)V+341
j  org.apache.catalina.core.ApplicationDispatcher.processRequest(Ljakarta/servlet/ServletRequest;Ljakarta/servlet/ServletResponse;Lorg/apache/catalina/core/ApplicationDispatcher$State;)V+98
j  org.apache.catalina.core.ApplicationDispatcher.doForward(Ljakarta/servlet/ServletRequest;Ljakarta/servlet/ServletResponse;)V+363
j  org.apache.catalina.core.ApplicationDispatcher.forward(Ljakarta/servlet/ServletRequest;Ljakarta/servlet/ServletResponse;)V+55
j  org.springframework.security.web.header.HeaderWriterFilter$HeaderWriterRequestDispatcher.forward(Ljakarta/servlet/ServletRequest;Ljakarta/servlet/ServletResponse;)V+6
j  org.springframework.web.servlet.view.InternalResourceView.renderMergedOutputModel(Ljava/util/Map;Ljakarta/servlet/http/HttpServletRequest;Ljakarta/servlet/http/HttpServletResponse;)V+145
j  org.springframework.web.servlet.view.AbstractView.render(Ljava/util/Map;Ljakarta/servlet/http/HttpServletRequest;Ljakarta/servlet/http/HttpServletResponse;)V+91
j  org.springframework.web.servlet.DispatcherServlet.render(Lorg/springframework/web/servlet/ModelAndView;Ljakarta/servlet/http/HttpServletRequest;Ljakarta/servlet/http/HttpServletResponse;)V+188
j  org.springframework.web.servlet.DispatcherServlet.processDispatchResult(Ljakarta/servlet/http/HttpServletRequest;Ljakarta/servlet/http/HttpServletResponse;Lorg/springframework/web/servlet/HandlerExecutionChain;Lorg/springframework/web/servlet/ModelAndView;Ljava/lang/Exception;)V+103
j  org.springframework.web.servlet.DispatcherServlet.doDispatch(Ljakarta/servlet/http/HttpServletRequest;Ljakarta/servlet/http/HttpServletResponse;)V+365
j  org.springframework.web.servlet.DispatcherServlet.doService(Ljakarta/servlet/http/HttpServletRequest;Ljakarta/servlet/http/HttpServletResponse;)V+242
j  org.springframework.web.servlet.FrameworkServlet.processRequest(Ljakarta/servlet/http/HttpServletRequest;Ljakarta/servlet/http/HttpServletResponse;)V+70
j  org.springframework.web.servlet.FrameworkServlet.doGet(Ljakarta/servlet/http/HttpServletRequest;Ljakarta/servlet/http/HttpServletResponse;)V+3
j  jakarta.servlet.http.HttpServlet.service(Ljakarta/servlet/http/HttpServletRequest;Ljakarta/servlet/http/HttpServletResponse;)V+35
j  org.springframework.web.servlet.FrameworkServlet.service(Ljakarta/servlet/http/HttpServletRequest;Ljakarta/servlet/http/HttpServletResponse;)V+20
j  jakarta.servlet.http.HttpServlet.service(Ljakarta/servlet/ServletRequest;Ljakarta/servlet/ServletResponse;)V+36
j  org.apache.catalina.core.ApplicationFilterChain.internalDoFilter(Ljakarta/servlet/ServletRequest;Ljakarta/servlet/ServletResponse;)V+305
j  org.apache.catalina.core.ApplicationFilterChain.doFilter(Ljakarta/servlet/ServletRequest;Ljakarta/servlet/ServletResponse;)V+99
j  org.apache.tomcat.websocket.server.WsFilter.doFilter(Ljakarta/servlet/ServletRequest;Ljakarta/servlet/ServletResponse;Ljakarta/servlet/FilterChain;)V+21
j  org.apache.catalina.core.ApplicationFilterChain.internalDoFilter(Ljakarta/servlet/ServletRequest;Ljakarta/servlet/ServletResponse;)V+135
j  org.apache.catalina.core.ApplicationFilterChain.doFilter(Ljakarta/servlet/ServletRequest;Ljakarta/servlet/ServletResponse;)V+99
j  org.springframework.security.web.FilterChainProxy.lambda$doFilterInternal$3(Lorg/springframework/security/web/firewall/FirewalledRequest;Ljakarta/servlet/FilterChain;Ljakarta/servlet/ServletRequest;Ljakarta/servlet/ServletResponse;)V+35
j  org.springframework.security.web.FilterChainProxy$$Lambda$1366+0x000000080099b470.doFilter(Ljakarta/servlet/ServletRequest;Ljakarta/servlet/ServletResponse;)V+10
j  org.springframework.security.web.FilterChainProxy$VirtualFilterChain.doFilter(Ljakarta/servlet/ServletRequest;Ljakarta/servlet/ServletResponse;)V+17
j  org.springframework.security.web.access.intercept.AuthorizationFilter.doFilter(Ljakarta/servlet/ServletRequest;Ljakarta/servlet/ServletResponse;Ljakarta/servlet/FilterChain;)V+143
j  org.springframework.security.web.FilterChainProxy$VirtualFilterChain.doFilter(Ljakarta/servlet/ServletRequest;Ljakarta/servlet/ServletResponse;)V+105
j  org.springframework.security.web.access.ExceptionTranslationFilter.doFilter(Ljakarta/servlet/http/HttpServletRequest;Ljakarta/servlet/http/HttpServletResponse;Ljakarta/servlet/FilterChain;)V+3
j  org.springframework.security.web.access.ExceptionTranslationFilter.doFilter(Ljakarta/servlet/ServletRequest;Ljakarta/servlet/ServletResponse;Ljakarta/servlet/FilterChain;)V+10
j  org.springframework.security.web.FilterChainProxy$VirtualFilterChain.doFilter(Ljakarta/servlet/ServletRequest;Ljakarta/servlet/ServletResponse;)V+105
j  org.springframework.security.web.authentication.AnonymousAuthenticationFilter.doFilter(Ljakarta/servlet/ServletRequest;Ljakarta/servlet/ServletResponse;Ljakarta/servlet/FilterChain;)V+33
j  org.springframework.security.web.FilterChainProxy$VirtualFilterChain.doFilter(Ljakarta/servlet/ServletRequest;Ljakarta/servlet/ServletResponse;)V+105
j  org.springframework.security.web.servletapi.SecurityContextHolderAwareRequestFilter.doFilter(Ljakarta/servlet/ServletRequest;Ljakarta/servlet/ServletResponse;Ljakarta/servlet/FilterChain;)V+19
j  org.springframework.security.web.FilterChainProxy$VirtualFilterChain.doFilter(Ljakarta/servlet/ServletRequest;Ljakarta/servlet/ServletResponse;)V+105
j  org.springframework.security.web.savedrequest.RequestCacheAwareFilter.doFilter(Ljakarta/servlet/ServletRequest;Ljakarta/servlet/ServletResponse;Ljakarta/servlet/FilterChain;)V+32
j  org.springframework.security.web.FilterChainProxy$VirtualFilterChain.doFilter(Ljakarta/servlet/ServletRequest;Ljakarta/servlet/ServletResponse;)V+105
j  org.springframework.security.web.authentication.AbstractAuthenticationProcessingFilter.doFilter(Ljakarta/servlet/http/HttpServletRequest;Ljakarta/servlet/http/HttpServletResponse;Ljakarta/servlet/FilterChain;)V+12
j  org.springframework.security.web.authentication.AbstractAuthenticationProcessingFilter.doFilter(Ljakarta/servlet/ServletRequest;Ljakarta/servlet/ServletResponse;Ljakarta/servlet/FilterChain;)V+10
j  org.springframework.security.web.FilterChainProxy$VirtualFilterChain.doFilter(Ljakarta/servlet/ServletRequest;Ljakarta/servlet/ServletResponse;)V+105
j  org.springframework.security.web.authentication.logout.LogoutFilter.doFilter(Ljakarta/servlet/http/HttpServletRequest;Ljakarta/servlet/http/HttpServletResponse;Ljakarta/servlet/FilterChain;)V+83
j  org.springframework.security.web.authentication.logout.LogoutFilter.doFilter(Ljakarta/servlet/ServletRequest;Ljakarta/servlet/ServletResponse;Ljakarta/servlet/FilterChain;)V+10
j  org.springframework.security.web.FilterChainProxy$VirtualFilterChain.doFilter(Ljakarta/servlet/ServletRequest;Ljakarta/servlet/ServletResponse;)V+105
j  org.springframework.security.web.header.HeaderWriterFilter.doHeadersAfter(Ljakarta/servlet/http/HttpServletRequest;Ljakarta/servlet/http/HttpServletResponse;Ljakarta/servlet/FilterChain;)V+29
j  org.springframework.security.web.header.HeaderWriterFilter.doFilterInternal(Ljakarta/servlet/http/HttpServletRequest;Ljakarta/servlet/http/HttpServletResponse;Ljakarta/servlet/FilterChain;)V+21
j  org.springframework.web.filter.OncePerRequestFilter.doFilter(Ljakarta/servlet/ServletRequest;Ljakarta/servlet/ServletResponse;Ljakarta/servlet/FilterChain;)V+150
j  org.springframework.security.web.FilterChainProxy$VirtualFilterChain.doFilter(Ljakarta/servlet/ServletRequest;Ljakarta/servlet/ServletResponse;)V+105
j  org.springframework.security.web.context.SecurityContextHolderFilter.doFilter(Ljakarta/servlet/http/HttpServletRequest;Ljakarta/servlet/http/HttpServletResponse;Ljakarta/servlet/FilterChain;)V+59
j  org.springframework.security.web.context.SecurityContextHolderFilter.doFilter(Ljakarta/servlet/ServletRequest;Ljakarta/servlet/ServletResponse;Ljakarta/servlet/FilterChain;)V+10
j  org.springframework.security.web.FilterChainProxy$VirtualFilterChain.doFilter(Ljakarta/servlet/ServletRequest;Ljakarta/servlet/ServletResponse;)V+105
j  org.springframework.security.web.context.request.async.WebAsyncManagerIntegrationFilter.doFilterInternal(Ljakarta/servlet/http/HttpServletRequest;Ljakarta/servlet/http/HttpServletResponse;Ljakarta/servlet/FilterChain;)V+55
j  org.springframework.web.filter.OncePerRequestFilter.doFilter(Ljakarta/servlet/ServletRequest;Ljakarta/servlet/ServletResponse;Ljakarta/servlet/FilterChain;)V+150
j  org.springframework.security.web.FilterChainProxy$VirtualFilterChain.doFilter(Ljakarta/servlet/ServletRequest;Ljakarta/servlet/ServletResponse;)V+105
j  org.springframework.security.web.session.DisableEncodeUrlFilter.doFilterInternal(Ljakarta/servlet/http/HttpServletRequest;Ljakarta/servlet/http/HttpServletResponse;Ljakarta/servlet/FilterChain;)V+10
j  org.springframework.web.filter.OncePerRequestFilter.doFilter(Ljakarta/servlet/ServletRequest;Ljakarta/servlet/ServletResponse;Ljakarta/servlet/FilterChain;)V+150
j  org.springframework.security.web.FilterChainProxy$VirtualFilterChain.doFilter(Ljakarta/servlet/ServletRequest;Ljakarta/servlet/ServletResponse;)V+105
j  org.springframework.security.web.FilterChainProxy.doFilterInternal(Ljakarta/servlet/ServletRequest;Ljakarta/servlet/ServletResponse;Ljakarta/servlet/FilterChain;)V+163
j  org.springframework.security.web.FilterChainProxy.doFilter(Ljakarta/servlet/ServletRequest;Ljakarta/servlet/ServletResponse;Ljakarta/servlet/FilterChain;)V+48
j  org.springframework.web.filter.DelegatingFilterProxy.invokeDelegate(Ljakarta/servlet/Filter;Ljakarta/servlet/ServletRequest;Ljakarta/servlet/ServletResponse;Ljakarta/servlet/FilterChain;)V+5
j  org.springframework.web.filter.DelegatingFilterProxy.doFilter(Ljakarta/servlet/ServletRequest;Ljakarta/servlet/ServletResponse;Ljakarta/servlet/FilterChain;)V+85
j  org.apache.catalina.core.ApplicationFilterChain.internalDoFilter(Ljakarta/servlet/ServletRequest;Ljakarta/servlet/ServletResponse;)V+135
j  org.apache.catalina.core.ApplicationFilterChain.doFilter(Ljakarta/servlet/ServletRequest;Ljakarta/servlet/ServletResponse;)V+99
j  org.springframework.web.filter.RequestContextFilter.doFilterInternal(Ljakarta/servlet/http/HttpServletRequest;Ljakarta/servlet/http/HttpServletResponse;Ljakarta/servlet/FilterChain;)V+21
j  org.springframework.web.filter.OncePerRequestFilter.doFilter(Ljakarta/servlet/ServletRequest;Ljakarta/servlet/ServletResponse;Ljakarta/servlet/FilterChain;)V+150
j  org.apache.catalina.core.ApplicationFilterChain.internalDoFilter(Ljakarta/servlet/ServletRequest;Ljakarta/servlet/ServletResponse;)V+135
j  org.apache.catalina.core.ApplicationFilterChain.doFilter(Ljakarta/servlet/ServletRequest;Ljakarta/servlet/ServletResponse;)V+99
j  org.springframework.web.filter.FormContentFilter.doFilterInternal(Ljakarta/servlet/http/HttpServletRequest;Ljakarta/servlet/http/HttpServletResponse;Ljakarta/servlet/FilterChain;)V+38
j  org.springframework.web.filter.OncePerRequestFilter.doFilter(Ljakarta/servlet/ServletRequest;Ljakarta/servlet/ServletResponse;Ljakarta/servlet/FilterChain;)V+150
j  org.apache.catalina.core.ApplicationFilterChain.internalDoFilter(Ljakarta/servlet/ServletRequest;Ljakarta/servlet/ServletResponse;)V+135
j  org.apache.catalina.core.ApplicationFilterChain.doFilter(Ljakarta/servlet/ServletRequest;Ljakarta/servlet/ServletResponse;)V+99
j  org.springframework.web.filter.CharacterEncodingFilter.doFilterInternal(Ljakarta/servlet/http/HttpServletRequest;Ljakarta/servlet/http/HttpServletResponse;Ljakarta/servlet/FilterChain;)V+53
j  org.springframework.web.filter.OncePerRequestFilter.doFilter(Ljakarta/servlet/ServletRequest;Ljakarta/servlet/ServletResponse;Ljakarta/servlet/FilterChain;)V+150
j  org.apache.catalina.core.ApplicationFilterChain.internalDoFilter(Ljakarta/servlet/ServletRequest;Ljakarta/servlet/ServletResponse;)V+135
j  org.apache.catalina.core.ApplicationFilterChain.doFilter(Ljakarta/servlet/ServletRequest;Ljakarta/servlet/ServletResponse;)V+99
j  org.apache.catalina.core.StandardWrapperValve.invoke(Lorg/apache/catalina/connector/Request;Lorg/apache/catalina/connector/Response;)V+514
j  org.apache.catalina.core.StandardContextValve.invoke(Lorg/apache/catalina/connector/Request;Lorg/apache/catalina/connector/Response;)V+169
j  org.apache.catalina.authenticator.AuthenticatorBase.invoke(Lorg/apache/catalina/connector/Request;Lorg/apache/catalina/connector/Response;)V+218
j  org.apache.catalina.core.StandardHostValve.invoke(Lorg/apache/catalina/connector/Request;Lorg/apache/catalina/connector/Response;)V+131
j  org.apache.catalina.valves.ErrorReportValve.invoke(Lorg/apache/catalina/connector/Request;Lorg/apache/catalina/connector/Response;)V+6
j  org.apache.catalina.core.StandardEngineValve.invoke(Lorg/apache/catalina/connector/Request;Lorg/apache/catalina/connector/Response;)V+59
j  org.apache.catalina.connector.CoyoteAdapter.service(Lorg/apache/coyote/Request;Lorg/apache/coyote/Response;)V+187
j  org.apache.coyote.http11.Http11Processor.service(Lorg/apache/tomcat/util/net/SocketWrapperBase;)Lorg/apache/tomcat/util/net/AbstractEndpoint$Handler$SocketState;+785
j  org.apache.coyote.AbstractProcessorLight.process(Lorg/apache/tomcat/util/net/SocketWrapperBase;Lorg/apache/tomcat/util/net/SocketEvent;)Lorg/apache/tomcat/util/net/AbstractEndpoint$Handler$SocketState;+152
j  org.apache.coyote.AbstractProtocol$ConnectionHandler.process(Lorg/apache/tomcat/util/net/SocketWrapperBase;Lorg/apache/tomcat/util/net/SocketEvent;)Lorg/apache/tomcat/util/net/AbstractEndpoint$Handler$SocketState;+482
j  org.apache.tomcat.util.net.NioEndpoint$SocketProcessor.doRun()V+249
j  org.apache.tomcat.util.net.SocketProcessorBase.run()V+32
j  org.apache.tomcat.util.threads.ThreadPoolExecutor.runWorker(Lorg/apache/tomcat/util/threads/ThreadPoolExecutor$Worker;)V+92
j  org.apache.tomcat.util.threads.ThreadPoolExecutor$Worker.run()V+5
j  org.apache.tomcat.util.threads.TaskThread$WrappingRunnable.run()V+4
j  java.lang.Thread.run()V+11 java.base@17.0.8.1
v  ~StubRoutines::call_stub

siginfo: EXCEPTION_ACCESS_VIOLATION (0xc0000005), reading address 0x000000061adaeaf8


Register to memory mapping:

RIP=0x00007ffb7dbd0451 jvm.dll
RAX=0x000000124a8f90e8 is pointing into the stack for thread: 0x000001563e330a90
RBX=0x000001563feb87e0 points into unknown readable memory: 0x000000061adaeaf0 | f0 ea da 1a 06 00 00 00
RCX=0x000000124a8f9060 is pointing into the stack for thread: 0x000001563e330a90
RDX=0x000000124a8f9060 is pointing into the stack for thread: 0x000001563e330a90
RSP=0x000000124a8f9090 is pointing into the stack for thread: 0x000001563e330a90
RBP=0x000000124a8f90d9 is pointing into the stack for thread: 0x000001563e330a90
RSI=0x000001563e330a90 is a thread
RDI=0x000000061adaeaf0 is an unknown value
R8 =0x0 is NULL
R9 =0x00000156450e4f90 is pointing into metadata
R10=0x00000156450e4030 is pointing into metadata
R11=0x0 is NULL
R12=0x0 is NULL
R13=0x00000156450e4924 is pointing into metadata
R14=0x000000124a8f9200 is pointing into the stack for thread: 0x000001563e330a90
R15=0x00000156450e4924 is pointing into metadata


Registers:
RAX=0x000000124a8f90e8, RBX=0x000001563feb87e0, RCX=0x000000124a8f9060, RDX=0x000000124a8f9060
RSP=0x000000124a8f9090, RBP=0x000000124a8f90d9, RSI=0x000001563e330a90, RDI=0x000000061adaeaf0
R8 =0x0000000000000000, R9 =0x00000156450e4f90, R10=0x00000156450e4030, R11=0x0000000000000000
R12=0x0000000000000000, R13=0x00000156450e4924, R14=0x000000124a8f9200, R15=0x00000156450e4924
RIP=0x00007ffb7dbd0451, EFLAGS=0x0000000000010202

Top of Stack: (sp=0x000000124a8f9090)
0x000000124a8f9090:   00000156450e400b 000001563feb87e0
0x000000124a8f90a0:   000000124a8f90d9 0000003d00000002
0x000000124a8f90b0:   000000000000003d 000000030000000c
0x000000124a8f90c0:   000001563518f1a0 0000000000000000
0x000000124a8f90d0:   00000000000000b9 00007ffb7d939b9f
0x000000124a8f90e0:   000000124a8f99f0 00000156351a7bb0
0x000000124a8f90f0:   000001563dc42830 00000008003093e0
0x000000124a8f9100:   00000008009a0e70 0000000000000000
0x000000124a8f9110:   0000000000000000 00000156000b0101
0x000000124a8f9120:   000000124a8f9230 00007ffb7d9f5914
0x000000124a8f9130:   000001563d516400 000001563e330a90
0x000000124a8f9140:   000001563feb87e0 00000000000000b9
0x000000124a8f9150:   00000156000000b9 000001563e330a90
0x000000124a8f9160:   00000156450e4968 000001563e330a90
0x000000124a8f9170:   0000000000000000 0000000000000000
0x000000124a8f9180:   00000156450e4030 000001563e330a90 

Instructions: (pc=0x00007ffb7dbd0451)
0x00007ffb7dbd0351:   6b d0 ff ff 48 83 7e 08 00 0f 85 6e 01 00 00 48
0x00007ffb7dbd0361:   85 db 75 04 33 ff eb 25 80 3d 0e e3 60 00 00 48
0x00007ffb7dbd0371:   8b 3b 74 15 8b 7f 08 8b 0d 8a 1f 5a 00 48 d3 e7
0x00007ffb7dbd0381:   48 03 3d 78 1f 5a 00 eb 04 48 8b 7f 08 48 8b d6
0x00007ffb7dbd0391:   48 8d 4d 0f e8 56 e5 ff ff 48 83 7e 08 00 0f 85
0x00007ffb7dbd03a1:   29 01 00 00 48 89 45 ff 48 89 75 07 48 85 c0 74
0x00007ffb7dbd03b1:   14 48 8b 8e 48 02 00 00 48 8d 55 f7 48 89 45 f7
0x00007ffb7dbd03c1:   e8 9a a6 aa ff 4c 8b 45 1f 48 8d 55 ff 48 89 74
0x00007ffb7dbd03d1:   24 30 4c 8b cb c6 44 24 28 01 49 8b ce 48 89 7c
0x00007ffb7dbd03e1:   24 20 e8 48 1e 00 00 e9 d8 00 00 00 4c 8b 4d 7f
0x00007ffb7dbd03f1:   45 8b c2 49 8b d3 49 8b ce e8 31 03 00 00 e9 d3
0x00007ffb7dbd0401:   00 00 00 4c 8b 4d 7f 45 8b c2 49 8b d3 49 8b ce
0x00007ffb7dbd0411:   e8 3a 01 00 00 e9 bc 00 00 00 48 8b 75 7f 48 8d
0x00007ffb7dbd0421:   4d 0f 4c 8b ce 45 8b c2 49 8b d3 e8 8f cf ff ff
0x00007ffb7dbd0431:   48 83 7e 08 00 0f 85 92 00 00 00 48 85 db 75 04
0x00007ffb7dbd0441:   33 ff eb 25 80 3d 32 e2 60 00 00 48 8b 3b 74 15
0x00007ffb7dbd0451:   8b 7f 08 8b 0d ae 1e 5a 00 48 d3 e7 48 03 3d 9c
0x00007ffb7dbd0461:   1e 5a 00 eb 04 48 8b 7f 08 4c 8b c6 48 8d 4d 0f
0x00007ffb7dbd0471:   ba b9 00 00 00 e8 85 f6 ff ff 48 83 7e 08 00 75
0x00007ffb7dbd0481:   4c 48 89 45 ff 48 89 75 07 48 85 c0 74 14 48 8b
0x00007ffb7dbd0491:   8e 48 02 00 00 48 8d 55 f7 48 89 45 f7 e8 bd a5
0x00007ffb7dbd04a1:   aa ff 4c 8b 45 1f 48 8d 55 ff 48 89 74 24 30 4c
0x00007ffb7dbd04b1:   8b cb c6 44 24 28 01 49 8b ce 48 89 7c 24 20 e8
0x00007ffb7dbd04c1:   cb 13 00 00 48 8d 4d ff e8 22 cc de ff 48 8d 4d
0x00007ffb7dbd04d1:   2f e8 19 cc de ff 48 8b b4 24 a0 00 00 00 48 8b
0x00007ffb7dbd04e1:   bc 24 a8 00 00 00 4c 8d 9c 24 90 00 00 00 49 8b
0x00007ffb7dbd04f1:   5b 20 4d 8b 73 28 49 8b e3 5d c3 3f 03 56 00 c9
0x00007ffb7dbd0501:   02 56 00 91 02 56 00 1b 04 56 00 04 04 56 00 ed
0x00007ffb7dbd0511:   03 56 00 d7 04 56 00 00 01 02 03 04 06 06 06 06
0x00007ffb7dbd0521:   06 06 06 06 06 06 06 06 06 06 06 06 06 06 06 06
0x00007ffb7dbd0531:   06 06 06 06 06 06 06 06 06 06 06 06 06 06 06 06
0x00007ffb7dbd0541:   06 06 06 06 06 06 06 06 06 06 05 cc cc cc cc 40 


Stack slot to memory mapping:
stack at sp + 0 slots: 0x00000156450e400b is pointing into metadata
stack at sp + 1 slots: 0x000001563feb87e0 points into unknown readable memory: 0x000000061adaeaf0 | f0 ea da 1a 06 00 00 00
stack at sp + 2 slots: 0x000000124a8f90d9 is pointing into the stack for thread: 0x000001563e330a90
stack at sp + 3 slots: 0x0000003d00000002 is an unknown value
stack at sp + 4 slots: 0x000000000000003d is an unknown value
stack at sp + 5 slots: 0x000000030000000c is an unknown value
stack at sp + 6 slots: 0x000001563518f1a0 points into unknown readable memory: 0x616a00106e30ffff | ff ff 30 6e 10 00 6a 61
stack at sp + 7 slots: 0x0 is NULL


---------------  P R O C E S S  ---------------

Threads class SMR info:
_java_thread_list=0x0000015640a16c20, length=29, elements={
0x000001563772e100, 0x0000015637730d50, 0x0000015637773010, 0x0000015637774080,
0x00000156377752d0, 0x000001563777ba30, 0x0000015637785310, 0x0000015637786560,
0x000001563779bed0, 0x0000015637903de0, 0x0000015637927010, 0x000001563ecbfd90,
0x000001563ecc02a0, 0x000001563ecbee60, 0x000001563ecc07b0, 0x000001563ecbf370,
0x000001563e32d2e0, 0x000001563e330a90, 0x000001563e32f650, 0x000001563e3319c0,
0x000001563e3328f0, 0x000001563e32dd00, 0x000001563e32d7f0, 0x000001563e32bea0,
0x000001563e32b990, 0x000001563e32e720, 0x000001563e32c3b0, 0x000001563e330070,
0x000001563e330fa0
}

Java Threads: ( => current thread )
  0x000001563772e100 JavaThread "Reference Handler" daemon [_thread_blocked, id=9872, stack(0x0000001248e00000,0x0000001248f00000)]
  0x0000015637730d50 JavaThread "Finalizer" daemon [_thread_blocked, id=10504, stack(0x0000001248f00000,0x0000001249000000)]
  0x0000015637773010 JavaThread "Signal Dispatcher" daemon [_thread_blocked, id=6356, stack(0x0000001249000000,0x0000001249100000)]
  0x0000015637774080 JavaThread "Attach Listener" daemon [_thread_blocked, id=16528, stack(0x0000001249100000,0x0000001249200000)]
  0x00000156377752d0 JavaThread "Service Thread" daemon [_thread_blocked, id=14020, stack(0x0000001249200000,0x0000001249300000)]
  0x000001563777ba30 JavaThread "Monitor Deflation Thread" daemon [_thread_blocked, id=8872, stack(0x0000001249300000,0x0000001249400000)]
  0x0000015637785310 JavaThread "C2 CompilerThread0" daemon [_thread_blocked, id=4076, stack(0x0000001249400000,0x0000001249500000)]
  0x0000015637786560 JavaThread "C1 CompilerThread0" daemon [_thread_blocked, id=15268, stack(0x0000001249500000,0x0000001249600000)]
  0x000001563779bed0 JavaThread "Sweeper thread" daemon [_thread_blocked, id=10944, stack(0x0000001249600000,0x0000001249700000)]
  0x0000015637903de0 JavaThread "Notification Thread" daemon [_thread_blocked, id=368, stack(0x0000001249700000,0x0000001249800000)]
  0x0000015637927010 JavaThread "Common-Cleaner" daemon [_thread_blocked, id=10524, stack(0x0000001249900000,0x0000001249a00000)]
  0x000001563ecbfd90 JavaThread "Catalina-utility-1" [_thread_blocked, id=10704, stack(0x0000001249f00000,0x000000124a000000)]
  0x000001563ecc02a0 JavaThread "Catalina-utility-2" [_thread_blocked, id=18008, stack(0x000000124a000000,0x000000124a100000)]
  0x000001563ecbee60 JavaThread "container-0" [_thread_blocked, id=4956, stack(0x000000124a100000,0x000000124a200000)]
  0x000001563ecc07b0 JavaThread "mssql-jdbc-shared-timer-core-0" daemon [_thread_blocked, id=12148, stack(0x000000124a400000,0x000000124a500000)]
  0x000001563ecbf370 JavaThread "HikariPool-1 housekeeper" daemon [_thread_blocked, id=7664, stack(0x000000124a500000,0x000000124a600000)]
  0x000001563e32d2e0 JavaThread "http-nio-8080-exec-1" daemon [_thread_blocked, id=9916, stack(0x000000124a700000,0x000000124a800000)]
=>0x000001563e330a90 JavaThread "http-nio-8080-exec-2" daemon [_thread_in_vm, id=8400, stack(0x000000124a800000,0x000000124a900000)]
  0x000001563e32f650 JavaThread "http-nio-8080-exec-3" daemon [_thread_blocked, id=14340, stack(0x000000124a900000,0x000000124aa00000)]
  0x000001563e3319c0 JavaThread "http-nio-8080-exec-4" daemon [_thread_blocked, id=11276, stack(0x000000124aa00000,0x000000124ab00000)]
  0x000001563e3328f0 JavaThread "http-nio-8080-exec-5" daemon [_thread_blocked, id=10748, stack(0x000000124ab00000,0x000000124ac00000)]
  0x000001563e32dd00 JavaThread "http-nio-8080-exec-6" daemon [_thread_blocked, id=8144, stack(0x000000124ac00000,0x000000124ad00000)]
  0x000001563e32d7f0 JavaThread "http-nio-8080-exec-7" daemon [_thread_blocked, id=7100, stack(0x000000124ad00000,0x000000124ae00000)]
  0x000001563e32bea0 JavaThread "http-nio-8080-exec-8" daemon [_thread_blocked, id=5280, stack(0x000000124ae00000,0x000000124af00000)]
  0x000001563e32b990 JavaThread "http-nio-8080-exec-9" daemon [_thread_blocked, id=8296, stack(0x000000124af00000,0x000000124b000000)]
  0x000001563e32e720 JavaThread "http-nio-8080-exec-10" daemon [_thread_blocked, id=6532, stack(0x000000124b000000,0x000000124b100000)]
  0x000001563e32c3b0 JavaThread "http-nio-8080-Poller" daemon [_thread_in_native, id=11528, stack(0x000000124b100000,0x000000124b200000)]
  0x000001563e330070 JavaThread "http-nio-8080-Acceptor" daemon [_thread_in_native, id=17132, stack(0x000000124b200000,0x000000124b300000)]
  0x000001563e330fa0 JavaThread "DestroyJavaVM" [_thread_blocked, id=2020, stack(0x0000001248700000,0x0000001248800000)]

Other Threads:
  0x00000156376cb4b0 VMThread "VM Thread" [stack: 0x0000001248d00000,0x0000001248e00000] [id=11788]
  0x00000156378a8720 WatcherThread [stack: 0x0000001249800000,0x0000001249900000] [id=11268]
  0x000001561771cc40 GCTaskThread "GC Thread#0" [stack: 0x0000001248800000,0x0000001248900000] [id=16280]
  0x0000015637942660 GCTaskThread "GC Thread#1" [stack: 0x0000001249b00000,0x0000001249c00000] [id=12532]
  0x0000015637941e20 GCTaskThread "GC Thread#2" [stack: 0x0000001249c00000,0x0000001249d00000] [id=10568]
  0x00000156379420e0 GCTaskThread "GC Thread#3" [stack: 0x0000001249d00000,0x0000001249e00000] [id=13184]
  0x000001561771eb80 ConcurrentGCThread "G1 Main Marker" [stack: 0x0000001248900000,0x0000001248a00000] [id=4388]
  0x0000015635092330 ConcurrentGCThread "G1 Conc#0" [stack: 0x0000001248a00000,0x0000001248b00000] [id=16956]
  0x0000015635136f80 ConcurrentGCThread "G1 Refine#0" [stack: 0x0000001248b00000,0x0000001248c00000] [id=18308]
  0x000001563d75de60 ConcurrentGCThread "G1 Refine#1" [stack: 0x0000001249e00000,0x0000001249f00000] [id=15580]
  0x000001564047e3a0 ConcurrentGCThread "G1 Refine#2" [stack: 0x000000124a200000,0x000000124a300000] [id=10108]
  0x0000015635137a90 ConcurrentGCThread "G1 Service" [stack: 0x0000001248c00000,0x0000001248d00000] [id=1292]

Threads with active compile tasks:

VM state: not at safepoint (normal execution)

VM Mutex/Monitor currently owned by a thread: None

Heap address: 0x0000000704c00000, size: 4020 MB, Compressed Oops mode: Zero based, Oop shift amount: 3

CDS archive(s) not mapped
Compressed class space mapped at: 0x0000000800000000-0x0000000840000000, reserved size: 1073741824
Narrow klass base: 0x0000000800000000, Narrow klass shift: 0, Narrow klass range: 0x40000000

GC Precious Log:
 CPUs: 4 total, 4 available
 Memory: 16079M
 Large Page Support: Disabled
 NUMA Support: Disabled
 Compressed Oops: Enabled (Zero based)
 Heap Region Size: 2M
 Heap Min Capacity: 8M
 Heap Initial Capacity: 252M
 Heap Max Capacity: 4020M
 Pre-touch: Disabled
 Parallel Workers: 4
 Concurrent Workers: 1
 Concurrent Refinement Workers: 4
 Periodic GC: Disabled

Heap:
 garbage-first heap   total 75776K, used 38248K [0x0000000704c00000, 0x0000000800000000)
  region size 2048K, 4 young (8192K), 1 survivors (2048K)
 Metaspace       used 83568K, committed 84096K, reserved 1179648K
  class space    used 10322K, committed 10560K, reserved 1048576K

Heap Regions: E=young(eden), S=young(survivor), O=old, HS=humongous(starts), HC=humongous(continues), CS=collection set, F=free, OA=open archive, CA=closed archive, TAMS=top-at-mark-start (previous, next)
|   0|0x0000000704c00000, 0x0000000704e00000, 0x0000000704e00000|100%| O|  |TAMS 0x0000000704e00000, 0x0000000704c00000| Untracked 
|   1|0x0000000704e00000, 0x0000000705000000, 0x0000000705000000|100%| O|  |TAMS 0x0000000705000000, 0x0000000704e00000| Untracked 
|   2|0x0000000705000000, 0x0000000705200000, 0x0000000705200000|100%| O|  |TAMS 0x0000000705200000, 0x0000000705000000| Untracked 
|   3|0x0000000705200000, 0x0000000705400000, 0x0000000705400000|100%| O|  |TAMS 0x0000000705400000, 0x0000000705200000| Untracked 
|   4|0x0000000705400000, 0x0000000705600000, 0x0000000705600000|100%| O|  |TAMS 0x0000000705600000, 0x0000000705400000| Untracked 
|   5|0x0000000705600000, 0x0000000705800000, 0x0000000705800000|100%| O|  |TAMS 0x0000000705800000, 0x0000000705600000| Untracked 
|   6|0x0000000705800000, 0x0000000705a00000, 0x0000000705a00000|100%| O|  |TAMS 0x0000000705a00000, 0x0000000705800000| Untracked 
|   7|0x0000000705a00000, 0x0000000705c00000, 0x0000000705c00000|100%| O|  |TAMS 0x0000000705c00000, 0x0000000705a00000| Untracked 
|   8|0x0000000705c00000, 0x0000000705e00000, 0x0000000705e00000|100%| O|  |TAMS 0x0000000705c00000, 0x0000000705c00000| Untracked 
|   9|0x0000000705e00000, 0x0000000706000000, 0x0000000706000000|100%| O|  |TAMS 0x0000000706000000, 0x0000000705e00000| Untracked 
|  10|0x0000000706000000, 0x0000000706200000, 0x0000000706200000|100%| O|  |TAMS 0x0000000706108400, 0x0000000706000000| Untracked 
|  11|0x0000000706200000, 0x0000000706400000, 0x0000000706400000|100%| O|  |TAMS 0x0000000706200000, 0x0000000706200000| Untracked 
|  12|0x0000000706400000, 0x0000000706600000, 0x0000000706600000|100%| O|  |TAMS 0x0000000706400000, 0x0000000706400000| Untracked 
|  13|0x0000000706600000, 0x0000000706800000, 0x0000000706800000|100%| O|  |TAMS 0x0000000706600000, 0x0000000706600000| Untracked 
|  14|0x0000000706800000, 0x0000000706a00000, 0x0000000706a00000|100%| O|  |TAMS 0x0000000706800000, 0x0000000706800000| Untracked 
|  15|0x0000000706a00000, 0x0000000706bf4400, 0x0000000706c00000| 97%| O|  |TAMS 0x0000000706a00000, 0x0000000706a00000| Untracked 
|  16|0x0000000706c00000, 0x0000000706c00000, 0x0000000706e00000|  0%| F|  |TAMS 0x0000000706c00000, 0x0000000706c00000| Untracked 
|  17|0x0000000706e00000, 0x0000000706e00000, 0x0000000707000000|  0%| F|  |TAMS 0x0000000706e00000, 0x0000000706e00000| Untracked 
|  18|0x0000000707000000, 0x0000000707000000, 0x0000000707200000|  0%| F|  |TAMS 0x0000000707000000, 0x0000000707000000| Untracked 
|  19|0x0000000707200000, 0x0000000707200000, 0x0000000707400000|  0%| F|  |TAMS 0x0000000707200000, 0x0000000707200000| Untracked 
|  20|0x0000000707400000, 0x0000000707400000, 0x0000000707600000|  0%| F|  |TAMS 0x0000000707400000, 0x0000000707400000| Untracked 
|  21|0x0000000707600000, 0x0000000707600000, 0x0000000707800000|  0%| F|  |TAMS 0x0000000707600000, 0x0000000707600000| Untracked 
|  22|0x0000000707800000, 0x0000000707800000, 0x0000000707a00000|  0%| F|  |TAMS 0x0000000707800000, 0x0000000707800000| Untracked 
|  23|0x0000000707a00000, 0x0000000707a00000, 0x0000000707c00000|  0%| F|  |TAMS 0x0000000707a00000, 0x0000000707a00000| Untracked 
|  24|0x0000000707c00000, 0x0000000707d65ee0, 0x0000000707e00000| 69%| S|CS|TAMS 0x0000000707c00000, 0x0000000707c00000| Complete 
|  25|0x0000000707e00000, 0x0000000707e00000, 0x0000000708000000|  0%| F|  |TAMS 0x0000000707e00000, 0x0000000707e00000| Untracked 
|  26|0x0000000708000000, 0x0000000708000000, 0x0000000708200000|  0%| F|  |TAMS 0x0000000708000000, 0x0000000708000000| Untracked 
|  27|0x0000000708200000, 0x0000000708200000, 0x0000000708400000|  0%| F|  |TAMS 0x0000000708200000, 0x0000000708200000| Untracked 
|  28|0x0000000708400000, 0x0000000708400000, 0x0000000708600000|  0%| F|  |TAMS 0x0000000708400000, 0x0000000708400000| Untracked 
|  29|0x0000000708600000, 0x0000000708600000, 0x0000000708800000|  0%| F|  |TAMS 0x0000000708600000, 0x0000000708600000| Untracked 
|  30|0x0000000708800000, 0x0000000708800000, 0x0000000708a00000|  0%| F|  |TAMS 0x0000000708800000, 0x0000000708800000| Untracked 
|  31|0x0000000708a00000, 0x0000000708a00000, 0x0000000708c00000|  0%| F|  |TAMS 0x0000000708a00000, 0x0000000708a00000| Untracked 
|  49|0x000000070ae00000, 0x000000070ae00000, 0x000000070b000000|  0%| F|  |TAMS 0x000000070ae00000, 0x000000070ae00000| Untracked 
|  50|0x000000070b000000, 0x000000070b000000, 0x000000070b200000|  0%| F|  |TAMS 0x000000070b000000, 0x000000070b000000| Untracked 
|  51|0x000000070b200000, 0x000000070b314ca0, 0x000000070b400000| 54%| E|  |TAMS 0x000000070b200000, 0x000000070b200000| Complete 
|  52|0x000000070b400000, 0x000000070b600000, 0x000000070b600000|100%| E|CS|TAMS 0x000000070b400000, 0x000000070b400000| Complete 
| 125|0x0000000714600000, 0x0000000714800000, 0x0000000714800000|100%| E|CS|TAMS 0x0000000714600000, 0x0000000714600000| Complete 

Card table byte_map: [0x000001562c2d0000,0x000001562cab0000] _byte_map_base: 0x0000015628aaa000

Marking Bits (Prev, Next): (CMBitMap*) 0x000001561771def0, (CMBitMap*) 0x000001561771deb0
 Prev Bits: [0x0000015631160000, 0x0000015635030000)
 Next Bits: [0x000001562d290000, 0x0000015631160000)

Polling page: 0x0000015616fd0000

Metaspace:

Usage:
  Non-class:     71.53 MB used.
      Class:     10.08 MB used.
       Both:     81.61 MB used.

Virtual space:
  Non-class space:      128.00 MB reserved,      71.81 MB ( 56%) committed,  2 nodes.
      Class space:        1.00 GB reserved,      10.31 MB (  1%) committed,  1 nodes.
             Both:        1.12 GB reserved,      82.12 MB (  7%) committed. 

Chunk freelists:
   Non-Class:  7.84 MB
       Class:  5.69 MB
        Both:  13.53 MB

MaxMetaspaceSize: unlimited
CompressedClassSpaceSize: 1.00 GB
Initial GC threshold: 21.00 MB
Current GC threshold: 98.56 MB
CDS: off
MetaspaceReclaimPolicy: balanced
 - commit_granule_bytes: 65536.
 - commit_granule_words: 8192.
 - virtual_space_node_default_size: 8388608.
 - enlarge_chunks_in_place: 1.
 - new_chunks_are_fully_committed: 0.
 - uncommit_free_chunks: 1.
 - use_allocation_guard: 0.
 - handle_deallocations: 1.


Internal statistics:

num_allocs_failed_limit: 9.
num_arena_births: 800.
num_arena_deaths: 0.
num_vsnodes_births: 3.
num_vsnodes_deaths: 0.
num_space_committed: 1314.
num_space_uncommitted: 0.
num_chunks_returned_to_freelist: 9.
num_chunks_taken_from_freelist: 3332.
num_chunk_merges: 6.
num_chunk_splits: 2443.
num_chunks_enlarged: 1938.
num_inconsistent_stats: 0.

CodeHeap 'non-profiled nmethods': size=120000Kb used=4408Kb max_used=4408Kb free=115591Kb
 bounds [0x0000015623fa0000, 0x00000156243f0000, 0x000001562b4d0000]
CodeHeap 'profiled nmethods': size=120000Kb used=12463Kb max_used=12463Kb free=107536Kb
 bounds [0x000001561c4d0000, 0x000001561d100000, 0x0000015623a00000]
CodeHeap 'non-nmethods': size=5760Kb used=1396Kb max_used=1432Kb free=4363Kb
 bounds [0x0000015623a00000, 0x0000015623c70000, 0x0000015623fa0000]
 total_blobs=6565 nmethods=5831 adapters=645
 compilation: enabled
              stopped_count=0, restarted_count=0
 full_count=0

Compilation events (20 events):
Event: 22.054 Thread 0x0000015637786560 6534       1       java.lang.invoke.LambdaForm::arity (5 bytes)
Event: 22.055 Thread 0x0000015637786560 nmethod 6534 0x00000156243edc90 code [0x00000156243ede20, 0x00000156243edef8]
Event: 22.055 Thread 0x0000015637786560 6535       3       java.lang.invoke.LambdaFormBuffer::endEdit (313 bytes)
Event: 22.056 Thread 0x0000015637786560 nmethod 6535 0x000001561d0f6c90 code [0x000001561d0f6f00, 0x000001561d0f7d78]
Event: 22.056 Thread 0x0000015637786560 6536       3       java.lang.invoke.LambdaFormBuffer::replaceName (124 bytes)
Event: 22.056 Thread 0x0000015637786560 nmethod 6536 0x000001561d0f8190 code [0x000001561d0f8340, 0x000001561d0f8528]
Event: 22.059 Thread 0x0000015637786560 6537       1       java.util.logging.LogManager$LoggerWeakRef::setParentRef (6 bytes)
Event: 22.059 Thread 0x0000015637786560 nmethod 6537 0x00000156243edf90 code [0x00000156243ee120, 0x00000156243ee238]
Event: 22.060 Thread 0x0000015637786560 6538       3       org.apache.jasper.compiler.SmapUtil$SDEInstaller::readU1 (21 bytes)
Event: 22.060 Thread 0x0000015637786560 nmethod 6538 0x000001561d0f8610 code [0x000001561d0f87a0, 0x000001561d0f88f8]
Event: 22.060 Thread 0x0000015637786560 6539       3       org.apache.jasper.compiler.SmapUtil$SDEInstaller::writeU1 (19 bytes)
Event: 22.060 Thread 0x0000015637786560 nmethod 6539 0x000001561d0f8a10 code [0x000001561d0f8ba0, 0x000001561d0f8cf8]
Event: 22.060 Thread 0x0000015637786560 6540       3       org.apache.jasper.compiler.SmapUtil$SDEInstaller::readBytes (38 bytes)
Event: 22.060 Thread 0x0000015637786560 nmethod 6540 0x000001561d0f8e10 code [0x000001561d0f8fc0, 0x000001561d0f9278]
Event: 22.060 Thread 0x0000015637786560 6541       3       org.apache.jasper.compiler.SmapUtil$SDEInstaller::writeBytes (45 bytes)
Event: 22.061 Thread 0x0000015637786560 nmethod 6541 0x000001561d0f9390 code [0x000001561d0f9540, 0x000001561d0f9758]
Event: 22.061 Thread 0x0000015637786560 6542       3       org.apache.jasper.compiler.SmapUtil$SDEInstaller::copy (46 bytes)
Event: 22.061 Thread 0x0000015637786560 nmethod 6542 0x000001561d0f9890 code [0x000001561d0f9a40, 0x000001561d0f9c78]
Event: 22.072 Thread 0x0000015637786560 6543       3       org.apache.catalina.core.DefaultInstanceManager::findLifecycleCallback (110 bytes)
Event: 22.075 Thread 0x0000015637786560 nmethod 6543 0x000001561d0f9e10 code [0x000001561d0fa140, 0x000001561d0fb5d8]

GC Heap History (20 events):
Event: 7.343 GC heap before
{Heap before GC invocations=9 (full 0):
 garbage-first heap   total 149504K, used 51823K [0x0000000704c00000, 0x0000000800000000)
  region size 2048K, 21 young (43008K), 1 survivors (2048K)
 Metaspace       used 35741K, committed 36096K, reserved 1114112K
  class space    used 4167K, committed 4352K, reserved 1048576K
}
Event: 7.355 GC heap after
{Heap after GC invocations=10 (full 0):
 garbage-first heap   total 149504K, used 17129K [0x0000000704c00000, 0x0000000800000000)
  region size 2048K, 4 young (8192K), 4 survivors (8192K)
 Metaspace       used 35741K, committed 36096K, reserved 1114112K
  class space    used 4167K, committed 4352K, reserved 1048576K
}
Event: 8.687 GC heap before
{Heap before GC invocations=11 (full 0):
 garbage-first heap   total 75776K, used 53993K [0x0000000704c00000, 0x0000000800000000)
  region size 2048K, 22 young (45056K), 4 survivors (8192K)
 Metaspace       used 41903K, committed 42368K, reserved 1114112K
  class space    used 4884K, committed 5120K, reserved 1048576K
}
Event: 8.698 GC heap after
{Heap after GC invocations=12 (full 0):
 garbage-first heap   total 75776K, used 19580K [0x0000000704c00000, 0x0000000800000000)
  region size 2048K, 2 young (4096K), 2 survivors (4096K)
 Metaspace       used 41903K, committed 42368K, reserved 1114112K
  class space    used 4884K, committed 5120K, reserved 1048576K
}
Event: 8.775 GC heap before
{Heap before GC invocations=12 (full 0):
 garbage-first heap   total 75776K, used 19580K [0x0000000704c00000, 0x0000000800000000)
  region size 2048K, 3 young (6144K), 2 survivors (4096K)
 Metaspace       used 42284K, committed 42752K, reserved 1114112K
  class space    used 4939K, committed 5184K, reserved 1048576K
}
Event: 8.781 GC heap after
{Heap after GC invocations=13 (full 0):
 garbage-first heap   total 75776K, used 20122K [0x0000000704c00000, 0x0000000800000000)
  region size 2048K, 1 young (2048K), 1 survivors (2048K)
 Metaspace       used 42284K, committed 42752K, reserved 1114112K
  class space    used 4939K, committed 5184K, reserved 1048576K
}
Event: 10.343 GC heap before
{Heap before GC invocations=13 (full 0):
 garbage-first heap   total 75776K, used 52890K [0x0000000704c00000, 0x0000000800000000)
  region size 2048K, 17 young (34816K), 1 survivors (2048K)
 Metaspace       used 52461K, committed 52928K, reserved 1114112K
  class space    used 6267K, committed 6528K, reserved 1048576K
}
Event: 10.348 GC heap after
{Heap after GC invocations=14 (full 0):
 garbage-first heap   total 75776K, used 21612K [0x0000000704c00000, 0x0000000800000000)
  region size 2048K, 2 young (4096K), 2 survivors (4096K)
 Metaspace       used 52461K, committed 52928K, reserved 1114112K
  class space    used 6267K, committed 6528K, reserved 1048576K
}
Event: 11.656 GC heap before
{Heap before GC invocations=14 (full 0):
 garbage-first heap   total 75776K, used 50284K [0x0000000704c00000, 0x0000000800000000)
  region size 2048K, 17 young (34816K), 2 survivors (4096K)
 Metaspace       used 59811K, committed 60288K, reserved 1114112K
  class space    used 7331K, committed 7552K, reserved 1048576K
}
Event: 11.662 GC heap after
{Heap after GC invocations=15 (full 0):
 garbage-first heap   total 75776K, used 23914K [0x0000000704c00000, 0x0000000800000000)
  region size 2048K, 3 young (6144K), 3 survivors (6144K)
 Metaspace       used 59811K, committed 60288K, reserved 1114112K
  class space    used 7331K, committed 7552K, reserved 1048576K
}
Event: 13.001 GC heap before
{Heap before GC invocations=16 (full 0):
 garbage-first heap   total 75776K, used 56682K [0x0000000704c00000, 0x0000000800000000)
  region size 2048K, 19 young (38912K), 3 survivors (6144K)
 Metaspace       used 66113K, committed 66688K, reserved 1114112K
  class space    used 8353K, committed 8640K, reserved 1048576K
}
Event: 13.008 GC heap after
{Heap after GC invocations=17 (full 0):
 garbage-first heap   total 75776K, used 25603K [0x0000000704c00000, 0x0000000800000000)
  region size 2048K, 3 young (6144K), 3 survivors (6144K)
 Metaspace       used 66113K, committed 66688K, reserved 1114112K
  class space    used 8353K, committed 8640K, reserved 1048576K
}
Event: 14.056 GC heap before
{Heap before GC invocations=17 (full 0):
 garbage-first heap   total 75776K, used 56323K [0x0000000704c00000, 0x0000000800000000)
  region size 2048K, 18 young (36864K), 3 survivors (6144K)
 Metaspace       used 69907K, committed 70400K, reserved 1114112K
  class space    used 8885K, committed 9152K, reserved 1048576K
}
Event: 14.064 GC heap after
{Heap after GC invocations=18 (full 0):
 garbage-first heap   total 75776K, used 27871K [0x0000000704c00000, 0x0000000800000000)
  region size 2048K, 3 young (6144K), 3 survivors (6144K)
 Metaspace       used 69907K, committed 70400K, reserved 1114112K
  class space    used 8885K, committed 9152K, reserved 1048576K
}
Event: 15.075 GC heap before
{Heap before GC invocations=18 (full 0):
 garbage-first heap   total 75776K, used 56543K [0x0000000704c00000, 0x0000000800000000)
  region size 2048K, 17 young (34816K), 3 survivors (6144K)
 Metaspace       used 73310K, committed 73856K, reserved 1114112K
  class space    used 9387K, committed 9664K, reserved 1048576K
}
Event: 15.086 GC heap after
{Heap after GC invocations=19 (full 0):
 garbage-first heap   total 75776K, used 30186K [0x0000000704c00000, 0x0000000800000000)
  region size 2048K, 3 young (6144K), 3 survivors (6144K)
 Metaspace       used 73310K, committed 73856K, reserved 1114112K
  class space    used 9387K, committed 9664K, reserved 1048576K
}
Event: 20.955 GC heap before
{Heap before GC invocations=19 (full 0):
 garbage-first heap   total 75776K, used 54762K [0x0000000704c00000, 0x0000000800000000)
  region size 2048K, 16 young (32768K), 3 survivors (6144K)
 Metaspace       used 77107K, committed 77696K, reserved 1179648K
  class space    used 9810K, committed 10112K, reserved 1048576K
}
Event: 20.967 GC heap after
{Heap after GC invocations=20 (full 0):
 garbage-first heap   total 75776K, used 32794K [0x0000000704c00000, 0x0000000800000000)
  region size 2048K, 2 young (4096K), 2 survivors (4096K)
 Metaspace       used 77107K, committed 77696K, reserved 1179648K
  class space    used 9810K, committed 10112K, reserved 1048576K
}
Event: 21.814 GC heap before
{Heap before GC invocations=20 (full 0):
 garbage-first heap   total 75776K, used 55322K [0x0000000704c00000, 0x0000000800000000)
  region size 2048K, 14 young (28672K), 2 survivors (4096K)
 Metaspace       used 82627K, committed 83200K, reserved 1179648K
  class space    used 10240K, committed 10496K, reserved 1048576K
}
Event: 21.821 GC heap after
{Heap after GC invocations=21 (full 0):
 garbage-first heap   total 75776K, used 34152K [0x0000000704c00000, 0x0000000800000000)
  region size 2048K, 1 young (2048K), 1 survivors (2048K)
 Metaspace       used 82627K, committed 83200K, reserved 1179648K
  class space    used 10240K, committed 10496K, reserved 1048576K
}

Dll operation events (9 events):
Event: 0.015 Loaded shared library C:\Users\JPiccione\.p2\pool\plugins\org.eclipse.justj.openjdk.hotspot.jre.full.win32.x86_64_17.0.8.v20230831-1047\jre\bin\java.dll
Event: 0.203 Loaded shared library C:\Users\JPiccione\.p2\pool\plugins\org.eclipse.justj.openjdk.hotspot.jre.full.win32.x86_64_17.0.8.v20230831-1047\jre\bin\jimage.dll
Event: 0.218 Loaded shared library C:\Users\JPiccione\.p2\pool\plugins\org.eclipse.justj.openjdk.hotspot.jre.full.win32.x86_64_17.0.8.v20230831-1047\jre\bin\net.dll
Event: 0.220 Loaded shared library C:\Users\JPiccione\.p2\pool\plugins\org.eclipse.justj.openjdk.hotspot.jre.full.win32.x86_64_17.0.8.v20230831-1047\jre\bin\nio.dll
Event: 0.226 Loaded shared library C:\Users\JPiccione\.p2\pool\plugins\org.eclipse.justj.openjdk.hotspot.jre.full.win32.x86_64_17.0.8.v20230831-1047\jre\bin\zip.dll
Event: 7.453 Loaded shared library C:\Users\JPiccione\.p2\pool\plugins\org.eclipse.justj.openjdk.hotspot.jre.full.win32.x86_64_17.0.8.v20230831-1047\jre\bin\sunmscapi.dll
Event: 7.468 Loaded shared library C:\Users\JPiccione\.p2\pool\plugins\org.eclipse.justj.openjdk.hotspot.jre.full.win32.x86_64_17.0.8.v20230831-1047\jre\bin\management.dll
Event: 7.474 Loaded shared library C:\Users\JPiccione\.p2\pool\plugins\org.eclipse.justj.openjdk.hotspot.jre.full.win32.x86_64_17.0.8.v20230831-1047\jre\bin\management_ext.dll
Event: 9.185 Loaded shared library C:\Users\JPiccione\.p2\pool\plugins\org.eclipse.justj.openjdk.hotspot.jre.full.win32.x86_64_17.0.8.v20230831-1047\jre\bin\verify.dll

Deoptimization events (20 events):
Event: 21.618 Thread 0x000001563e330a90 Uncommon trap: trap_request=0xffffff45 fr.pc=0x0000015624253d2c relative=0x00000000000001ac
Event: 21.618 Thread 0x000001563e330a90 Uncommon trap: reason=unstable_if action=reinterpret pc=0x0000015624253d2c method=java.lang.ClassLoader.getResource(Ljava/lang/String;)Ljava/net/URL; @ 30 c2
Event: 21.618 Thread 0x000001563e330a90 DEOPT PACKING pc=0x0000015624253d2c sp=0x000000124a8f9320
Event: 21.619 Thread 0x000001563e330a90 DEOPT UNPACKING pc=0x0000015623a569a3 sp=0x000000124a8f9258 mode 2
Event: 21.712 Thread 0x000001563e330a90 Uncommon trap: trap_request=0xffffff6e fr.pc=0x00000156243debbc relative=0x000000000000049c
Event: 21.712 Thread 0x000001563e330a90 Uncommon trap: reason=loop_limit_check action=maybe_recompile pc=0x00000156243debbc method=org.eclipse.jdt.internal.compiler.classfmt.ClassFileStruct.utf8At(II)[C @ 143 c2
Event: 21.712 Thread 0x000001563e330a90 DEOPT PACKING pc=0x00000156243debbc sp=0x000000124a8f97b0
Event: 21.712 Thread 0x000001563e330a90 DEOPT UNPACKING pc=0x0000015623a569a3 sp=0x000000124a8f9748 mode 2
Event: 21.798 Thread 0x000001563e330a90 Uncommon trap: trap_request=0xffffff45 fr.pc=0x0000015624245ba0 relative=0x0000000000000300
Event: 21.798 Thread 0x000001563e330a90 Uncommon trap: reason=unstable_if action=reinterpret pc=0x0000015624245ba0 method=java.util.HashMap.getNode(Ljava/lang/Object;)Ljava/util/HashMap$Node; @ 66 c2
Event: 21.798 Thread 0x000001563e330a90 DEOPT PACKING pc=0x0000015624245ba0 sp=0x000000124a8f8b90
Event: 21.798 Thread 0x000001563e330a90 DEOPT UNPACKING pc=0x0000015623a569a3 sp=0x000000124a8f8ae0 mode 2
Event: 21.798 Thread 0x000001563e330a90 Uncommon trap: trap_request=0xffffff45 fr.pc=0x00000156241e532c relative=0x000000000000030c
Event: 21.798 Thread 0x000001563e330a90 Uncommon trap: reason=unstable_if action=reinterpret pc=0x00000156241e532c method=java.util.HashMap.getNode(Ljava/lang/Object;)Ljava/util/HashMap$Node; @ 66 c2
Event: 21.798 Thread 0x000001563e330a90 DEOPT PACKING pc=0x00000156241e532c sp=0x000000124a8f8b70
Event: 21.798 Thread 0x000001563e330a90 DEOPT UNPACKING pc=0x0000015623a569a3 sp=0x000000124a8f8b10 mode 2
Event: 22.064 Thread 0x000001563e330a90 Uncommon trap: trap_request=0xffffffde fr.pc=0x0000015624014068 relative=0x0000000000001368
Event: 22.064 Thread 0x000001563e330a90 Uncommon trap: reason=class_check action=maybe_recompile pc=0x0000015624014068 method=jdk.internal.loader.URLClassPath.getLoader(I)Ljdk/internal/loader/URLClassPath$Loader; @ 88 c2
Event: 22.064 Thread 0x000001563e330a90 DEOPT PACKING pc=0x0000015624014068 sp=0x000000124a8f9e10
Event: 22.064 Thread 0x000001563e330a90 DEOPT UNPACKING pc=0x0000015623a569a3 sp=0x000000124a8f9e50 mode 2

Classes unloaded (0 events):
No events

Classes redefined (0 events):
No events

Internal exceptions (20 events):
Event: 13.877 Thread 0x0000015616d8bfa0 Exception <a 'java/lang/reflect/InvocationTargetException'{0x0000000707a19f50}> (0x0000000707a19f50) 
thrown [s\src\hotspot\share\runtime\reflection.cpp, line 1121]
Event: 13.881 Thread 0x0000015616d8bfa0 Exception <a 'java/lang/reflect/InvocationTargetException'{0x0000000707a2a718}> (0x0000000707a2a718) 
thrown [s\src\hotspot\share\runtime\reflection.cpp, line 1121]
Event: 13.884 Thread 0x0000015616d8bfa0 Exception <a 'java/lang/reflect/InvocationTargetException'{0x0000000707a370d8}> (0x0000000707a370d8) 
thrown [s\src\hotspot\share\runtime\reflection.cpp, line 1121]
Event: 13.886 Thread 0x0000015616d8bfa0 Exception <a 'java/lang/reflect/InvocationTargetException'{0x0000000707a42ee8}> (0x0000000707a42ee8) 
thrown [s\src\hotspot\share\runtime\reflection.cpp, line 1121]
Event: 13.889 Thread 0x0000015616d8bfa0 Exception <a 'java/lang/reflect/InvocationTargetException'{0x0000000707a50558}> (0x0000000707a50558) 
thrown [s\src\hotspot\share\runtime\reflection.cpp, line 1121]
Event: 13.893 Thread 0x0000015616d8bfa0 Exception <a 'java/lang/reflect/InvocationTargetException'{0x0000000707a61670}> (0x0000000707a61670) 
thrown [s\src\hotspot\share\runtime\reflection.cpp, line 1121]
Event: 14.126 Thread 0x0000015616d8bfa0 Implicit null exception at 0x00000156240d6ec1 to 0x00000156240d6f82
Event: 14.689 Thread 0x0000015616d8bfa0 Exception <a 'sun/nio/fs/WindowsException'{0x000000070840a8b8}> (0x000000070840a8b8) 
thrown [s\src\hotspot\share\prims\jni.cpp, line 516]
Event: 14.778 Thread 0x0000015616d8bfa0 Exception <a 'java/lang/IncompatibleClassChangeError'{0x00000007083709b8}: Found class java.lang.Object, but interface was expected> (0x00000007083709b8) 
thrown [s\src\hotspot\share\interpreter\linkResolver.cpp, line 826]
Event: 14.886 Thread 0x0000015616d8bfa0 Exception <a 'java/lang/NoSuchMethodError'{0x0000000707e0cb08}: 'void java.lang.invoke.DirectMethodHandle$Holder.invokeVirtual(java.lang.Object, java.lang.Object, long)'> (0x0000000707e0cb08) 
thrown [s\src\hotspot\share\interpreter\linkResolver.cpp, line 759]
Event: 15.130 Thread 0x0000015616d8bfa0 Exception <a 'java/lang/NoSuchMethodError'{0x000000070b484990}: 'java.lang.Object java.lang.invoke.DirectMethodHandle$Holder.newInvokeSpecial(java.lang.Object, java.lang.Object, int, java.lang.Object, java.lang.Object)'> (0x000000070b484990) 
thrown [s\src\hotspot\share\interpreter\linkResolver.cpp, line 759]
Event: 15.131 Thread 0x0000015616d8bfa0 Exception <a 'java/lang/NoSuchMethodError'{0x000000070b490008}: 'java.lang.Object java.lang.invoke.DirectMethodHandle$Holder.invokeSpecial(java.lang.Object, java.lang.Object, int, java.lang.Object, int, java.lang.Object)'> (0x000000070b490008) 
thrown [s\src\hotspot\share\interpreter\linkResolver.cpp, line 759]
Event: 15.132 Thread 0x0000015616d8bfa0 Exception <a 'java/lang/NoSuchMethodError'{0x000000070b497e10}: 'java.lang.Object java.lang.invoke.DirectMethodHandle$Holder.newInvokeSpecial(java.lang.Object, java.lang.Object, int, java.lang.Object, int)'> (0x000000070b497e10) 
thrown [s\src\hotspot\share\interpreter\linkResolver.cpp, line 759]
Event: 15.132 Thread 0x0000015616d8bfa0 Exception <a 'java/lang/NoSuchMethodError'{0x000000070b49bf10}: 'java.lang.Object java.lang.invoke.DirectMethodHandle$Holder.invokeSpecial(java.lang.Object, java.lang.Object, java.lang.Object, int, java.lang.Object, int)'> (0x000000070b49bf10) 
thrown [s\src\hotspot\share\interpreter\linkResolver.cpp, line 759]
Event: 20.345 Thread 0x000001563e32d2e0 Exception <a 'java/lang/NoSuchMethodError'{0x000000070ae5efc0}: 'java.lang.Object java.lang.invoke.DirectMethodHandle$Holder.invokeSpecial(java.lang.Object, java.lang.Object, java.lang.Object, java.lang.Object, java.lang.Object, long)'> (0x000000070ae5efc0) 
thrown [s\src\hotspot\share\interpreter\linkResolver.cpp, line 759]
Event: 20.345 Thread 0x000001563e32d2e0 Exception <a 'java/lang/NoSuchMethodError'{0x000000070ae62a00}: 'java.lang.Object java.lang.invoke.Invokers$Holder.linkToTargetMethod(java.lang.Object, java.lang.Object, java.lang.Object, long, java.lang.Object)'> (0x000000070ae62a00) 
thrown [s\src\hotspot\share\interpreter\linkResolver.cpp, line 759]
Event: 20.386 Thread 0x000001563e32d2e0 Exception <a 'java/lang/NoSuchMethodError'{0x000000070af98420}: getSession> (0x000000070af98420) 
thrown [s\src\hotspot\share\prims\jni.cpp, line 1073]
Event: 20.812 Thread 0x000001563e330a90 Implicit null exception at 0x0000015623fe3857 to 0x0000015623fe3e44
Event: 20.812 Thread 0x000001563e330a90 Implicit null exception at 0x0000015623fe5657 to 0x0000015623fe5c18
Event: 22.075 Thread 0x000001563e330a90 Exception <a 'java/lang/NullPointerException'{0x000000070b29aac0}> (0x000000070b29aac0) 
thrown [s\src\hotspot\share\interpreter\linkResolver.cpp, line 1350]

VM Operations (20 events):
Event: 21.664 Executing VM operation: HandshakeAllThreads
Event: 21.664 Executing VM operation: HandshakeAllThreads done
Event: 21.814 Executing VM operation: G1CollectForAllocation
Event: 21.821 Executing VM operation: G1CollectForAllocation done
Event: 22.068 Executing VM operation: ChangeBreakpoints
Event: 22.069 Executing VM operation: ChangeBreakpoints done
Event: 22.069 Executing VM operation: ChangeBreakpoints
Event: 22.071 Executing VM operation: ChangeBreakpoints done
Event: 22.074 Executing VM operation: get/set locals
Event: 22.074 Executing VM operation: get/set locals done
Event: 22.075 Executing VM operation: get/set locals
Event: 22.075 Executing VM operation: get/set locals done
Event: 22.083 Executing VM operation: HandshakeAllThreads
Event: 22.083 Executing VM operation: HandshakeAllThreads done
Event: 22.084 Executing VM operation: HandshakeAllThreads
Event: 22.084 Executing VM operation: HandshakeAllThreads done
Event: 22.085 Executing VM operation: get/set locals
Event: 22.085 Executing VM operation: get/set locals done
Event: 22.085 Executing VM operation: get/set locals
Event: 22.086 Executing VM operation: get/set locals done

Events (20 events):
Event: 21.499 loading class java/lang/NegativeArraySizeException
Event: 21.499 loading class java/lang/NegativeArraySizeException done
Event: 21.520 loading class java/net/URLClassLoader$2
Event: 21.520 loading class java/net/URLClassLoader$2 done
Event: 21.619 loading class sun/net/www/protocol/jrt/JavaRuntimeURLConnection
Event: 21.619 loading class sun/net/www/protocol/jrt/JavaRuntimeURLConnection done
Event: 21.619 loading class sun/net/www/protocol/jrt/JavaRuntimeURLConnection$1
Event: 21.619 loading class sun/net/www/protocol/jrt/JavaRuntimeURLConnection$1 done
Event: 21.638 loading class java/text/MessageFormat$Field
Event: 21.639 loading class java/text/MessageFormat$Field done
Event: 22.052 loading class java/util/Hashtable$ValueCollection
Event: 22.052 loading class java/util/Hashtable$ValueCollection done
Event: 22.063 loading class java/net/URLClassLoader$1
Event: 22.063 loading class java/net/URLClassLoader$1 done
Event: 22.084 loading class sun/nio/cs/ISO_8859_1$Encoder
Event: 22.084 loading class sun/nio/cs/ISO_8859_1$Encoder done
Event: 22.084 loading class sun/nio/cs/Surrogate$Parser
Event: 22.085 loading class sun/nio/cs/Surrogate$Parser done
Event: 22.085 loading class sun/nio/cs/Surrogate
Event: 22.085 loading class sun/nio/cs/Surrogate done


Dynamic libraries:
0x00007ff6ee300000 - 0x00007ff6ee30e000 	C:\Users\JPiccione\.p2\pool\plugins\org.eclipse.justj.openjdk.hotspot.jre.full.win32.x86_64_17.0.8.v20230831-1047\jre\bin\javaw.exe
0x0000015617360000 - 0x0000015617557000 	C:\windows\SYSTEM32\ntd1l.dll
0x0000015617560000 - 0x000001561761d000 	C:\windows\System32\kern3l32.dll
0x00007ffc02f70000 - 0x00007ffc03167000 	C:\windows\SYSTEM32\ntdll.dll
0x00007ffc01f90000 - 0x00007ffc0204d000 	C:\windows\System32\KERNEL32.DLL
0x00007ffc00650000 - 0x00007ffc00946000 	C:\windows\System32\KERNELBASE.dll
0x00007ffc000c0000 - 0x00007ffc003d3000 	C:\Program Files\SentinelOne\Sentinel Agent 23.1.4.650\InProcessClient64.dll
0x00007ffc01930000 - 0x00007ffc019de000 	C:\windows\System32\ADVAPI32.dll
0x00007ffc01dd0000 - 0x00007ffc01e6e000 	C:\windows\System32\msvcrt.dll
0x00007ffc02d90000 - 0x00007ffc02e2c000 	C:\windows\System32\sechost.dll
0x00007ffc02a60000 - 0x00007ffc02b86000 	C:\windows\System32\RPCRT4.dll
0x00007ffc00cd0000 - 0x00007ffc00dd0000 	C:\windows\System32\ucrtbase.dll
0x00007ffbfbd40000 - 0x00007ffbfbd59000 	C:\Users\JPiccione\.p2\pool\plugins\org.eclipse.justj.openjdk.hotspot.jre.full.win32.x86_64_17.0.8.v20230831-1047\jre\bin\VCRUNTIME140.dll
0x00007ffbfbc80000 - 0x00007ffbfbc97000 	C:\Users\JPiccione\.p2\pool\plugins\org.eclipse.justj.openjdk.hotspot.jre.full.win32.x86_64_17.0.8.v20230831-1047\jre\bin\jli.dll
0x00007ffc02bf0000 - 0x00007ffc02d8e000 	C:\windows\System32\USER32.dll
0x00007ffbd7fe0000 - 0x00007ffbd827a000 	C:\windows\WinSxS\amd64_microsoft.windows.common-controls_6595b64144ccf1df_6.0.19041.3570_none_60bb2a3971f3e41a\COMCTL32.dll
0x00007ffc00950000 - 0x00007ffc00972000 	C:\windows\System32\win32u.dll
0x00007ffc01da0000 - 0x00007ffc01dcc000 	C:\windows\System32\GDI32.dll
0x00007ffc00b10000 - 0x00007ffc00c2a000 	C:\windows\System32\gdi32full.dll
0x00007ffc00c30000 - 0x00007ffc00ccd000 	C:\windows\System32\msvcp_win.dll
0x00007ffc000b0000 - 0x00007ffc000ba000 	C:\windows\SYSTEM32\VERSION.dll
0x00007ffc000a0000 - 0x00007ffc000ab000 	C:\windows\SYSTEM32\FLTLIB.DLL
0x00007ffc01f60000 - 0x00007ffc01f90000 	C:\windows\System32\IMM32.DLL
0x00007ffbfbd20000 - 0x00007ffbfbd2c000 	C:\Users\JPiccione\.p2\pool\plugins\org.eclipse.justj.openjdk.hotspot.jre.full.win32.x86_64_17.0.8.v20230831-1047\jre\bin\vcruntime140_1.dll
0x00007ffbda210000 - 0x00007ffbda2a1000 	C:\Users\JPiccione\.p2\pool\plugins\org.eclipse.justj.openjdk.hotspot.jre.full.win32.x86_64_17.0.8.v20230831-1047\jre\bin\msvcp140.dll
0x00007ffb7d670000 - 0x00007ffb7e2bc000 	C:\Users\JPiccione\.p2\pool\plugins\org.eclipse.justj.openjdk.hotspot.jre.full.win32.x86_64_17.0.8.v20230831-1047\jre\bin\server\jvm.dll
0x00007ffbff870000 - 0x00007ffbff8bb000 	C:\windows\SYSTEM32\POWRPROF.dll
0x00007ffbf8ea0000 - 0x00007ffbf8ea9000 	C:\windows\SYSTEM32\WSOCK32.dll
0x00007ffc02e30000 - 0x00007ffc02e9b000 	C:\windows\System32\WS2_32.dll
0x00007ffbe58a0000 - 0x00007ffbe58c7000 	C:\windows\SYSTEM32\WINMM.dll
0x00007ffbff730000 - 0x00007ffbff742000 	C:\windows\SYSTEM32\UMPDC.dll
0x00007ffbfdf30000 - 0x00007ffbfdf42000 	C:\windows\SYSTEM32\kernel.appcore.dll
0x00007ffbf0410000 - 0x00007ffbf041a000 	C:\Users\JPiccione\.p2\pool\plugins\org.eclipse.justj.openjdk.hotspot.jre.full.win32.x86_64_17.0.8.v20230831-1047\jre\bin\jimage.dll
0x00007ffbf0ca0000 - 0x00007ffbf0e84000 	C:\windows\SYSTEM32\DBGHELP.DLL
0x00007ffbf10a0000 - 0x00007ffbf10d4000 	C:\windows\SYSTEM32\dbgcore.DLL
0x00007ffc00a30000 - 0x00007ffc00ab2000 	C:\windows\System32\bcryptPrimitives.dll
0x00007ffbb64c0000 - 0x00007ffbb653b000 	C:\Program Files\SentinelOne\Sentinel Agent 23.1.4.650\SentinelJava64.dll
0x00007ffc02460000 - 0x00007ffc0258b000 	C:\windows\System32\ole32.dll
0x00007ffc01a40000 - 0x00007ffc01d94000 	C:\windows\System32\combase.dll
0x00007ffbdf240000 - 0x00007ffbdf265000 	C:\Users\JPiccione\.p2\pool\plugins\org.eclipse.justj.openjdk.hotspot.jre.full.win32.x86_64_17.0.8.v20230831-1047\jre\bin\java.dll
0x00007ffbdf040000 - 0x00007ffbdf058000 	C:\Users\JPiccione\.p2\pool\plugins\org.eclipse.justj.openjdk.hotspot.jre.full.win32.x86_64_17.0.8.v20230831-1047\jre\bin\zip.dll
0x00007ffc00fd0000 - 0x00007ffc01714000 	C:\windows\System32\SHELL32.dll
0x00007ffbfe0c0000 - 0x00007ffbfe85b000 	C:\windows\SYSTEM32\windows.storage.dll
0x00007ffbffd50000 - 0x00007ffbffd7d000 	C:\windows\SYSTEM32\Wldp.dll
0x00007ffc022f0000 - 0x00007ffc0239d000 	C:\windows\System32\SHCORE.dll
0x00007ffc01720000 - 0x00007ffc01775000 	C:\windows\System32\shlwapi.dll
0x00007ffc00580000 - 0x00007ffc005a5000 	C:\windows\SYSTEM32\profapi.dll
0x00007ffbdf130000 - 0x00007ffbdf149000 	C:\Users\JPiccione\.p2\pool\plugins\org.eclipse.justj.openjdk.hotspot.jre.full.win32.x86_64_17.0.8.v20230831-1047\jre\bin\net.dll
0x00007ffbff2d0000 - 0x00007ffbff3da000 	C:\windows\SYSTEM32\WINHTTP.dll
0x00007ffbffab0000 - 0x00007ffbffb1a000 	C:\windows\system32\mswsock.dll
0x00007ffbdf070000 - 0x00007ffbdf085000 	C:\Users\JPiccione\.p2\pool\plugins\org.eclipse.justj.openjdk.hotspot.jre.full.win32.x86_64_17.0.8.v20230831-1047\jre\bin\nio.dll
0x00007ffbffca0000 - 0x00007ffbffcb8000 	C:\windows\SYSTEM32\CRYPTSP.dll
0x00007ffbff240000 - 0x00007ffbff274000 	C:\windows\system32\rsaenh.dll
0x00007ffc00e40000 - 0x00007ffc00e67000 	C:\windows\System32\bcrypt.dll
0x00007ffc00500000 - 0x00007ffc0052e000 	C:\windows\SYSTEM32\USERENV.dll
0x00007ffbffcc0000 - 0x00007ffbffccc000 	C:\windows\SYSTEM32\CRYPTBASE.dll
0x00007ffbff750000 - 0x00007ffbff78b000 	C:\windows\SYSTEM32\IPHLPAPI.DLL
0x00007ffc01e70000 - 0x00007ffc01e78000 	C:\windows\System32\NSI.dll
0x00007ffbf9760000 - 0x00007ffbf9777000 	C:\windows\SYSTEM32\dhcpcsvc6.DLL
0x00007ffbf9590000 - 0x00007ffbf95ad000 	C:\windows\SYSTEM32\dhcpcsvc.DLL
0x00007ffbff7a0000 - 0x00007ffbff86a000 	C:\windows\SYSTEM32\DNSAPI.dll
0x00007ffbe2950000 - 0x00007ffbe295e000 	C:\Users\JPiccione\.p2\pool\plugins\org.eclipse.justj.openjdk.hotspot.jre.full.win32.x86_64_17.0.8.v20230831-1047\jre\bin\sunmscapi.dll
0x00007ffc00e70000 - 0x00007ffc00fcd000 	C:\windows\System32\CRYPT32.dll
0x00007ffbffdc0000 - 0x00007ffbffde7000 	C:\windows\SYSTEM32\ncrypt.dll
0x00007ffbffd80000 - 0x00007ffbffdbb000 	C:\windows\SYSTEM32\NTASN1.dll
0x00007ffbfbc50000 - 0x00007ffbfbc59000 	C:\Users\JPiccione\.p2\pool\plugins\org.eclipse.justj.openjdk.hotspot.jre.full.win32.x86_64_17.0.8.v20230831-1047\jre\bin\management.dll
0x00007ffbf98c0000 - 0x00007ffbf98cb000 	C:\Users\JPiccione\.p2\pool\plugins\org.eclipse.justj.openjdk.hotspot.jre.full.win32.x86_64_17.0.8.v20230831-1047\jre\bin\management_ext.dll
0x00007ffc02450000 - 0x00007ffc02458000 	C:\windows\System32\PSAPI.DLL
0x00007ffbec5b0000 - 0x00007ffbec5c0000 	C:\Users\JPiccione\.p2\pool\plugins\org.eclipse.justj.openjdk.hotspot.jre.full.win32.x86_64_17.0.8.v20230831-1047\jre\bin\verify.dll
0x00007ffbf0bf0000 - 0x00007ffbf0bfa000 	C:\Windows\System32\rasadhlp.dll
0x00007ffbf9b00000 - 0x00007ffbf9b82000 	C:\windows\System32\fwpuclnt.dll
0x00007ffbe0900000 - 0x00007ffbe0917000 	C:\windows\system32\napinsp.dll
0x00007ffbe0a40000 - 0x00007ffbe0a5b000 	C:\windows\system32\pnrpnsp.dll
0x00007ffbf9b90000 - 0x00007ffbf9ba5000 	C:\windows\system32\wshbth.dll
0x00007ffbfb650000 - 0x00007ffbfb66d000 	C:\windows\system32\NLAapi.dll
0x00007ffbe0a60000 - 0x00007ffbe0a72000 	C:\windows\System32\winrnr.dll
0x00007ffbe19f0000 - 0x00007ffbe19f7000 	C:\windows\system32\wshunix.dll

dbghelp: loaded successfully - version: 4.0.5 - missing functions: none
symbol engine: initialized successfully - sym options: 0x614 - pdb path: .;C:\Users\JPiccione\.p2\pool\plugins\org.eclipse.justj.openjdk.hotspot.jre.full.win32.x86_64_17.0.8.v20230831-1047\jre\bin;C:\windows\SYSTEM32;C:\Program Files\SentinelOne\Sentinel Agent 23.1.4.650;C:\windows\WinSxS\amd64_microsoft.windows.common-controls_6595b64144ccf1df_6.0.19041.3570_none_60bb2a3971f3e41a;C:\Users\JPiccione\.p2\pool\plugins\org.eclipse.justj.openjdk.hotspot.jre.full.win32.x86_64_17.0.8.v20230831-1047\jre\bin\server

VM Arguments:
jvm_args: -Dfile.encoding=UTF-8 -XX:+ShowCodeDetailsInExceptionMessages -agentpath:C:\Program Files\SentinelOne\Sentinel Agent 23.1.4.650\SentinelJava64.dll 
java_command: com.spencer.ItemApp.ItemAppApplication
java_class_path (initial): C:\Users\JPiccione\OneDrive - Spencer Gifts LLC\Documents\ItemApp\target\classes;C:\Users\JPiccione\.m2\repository\org\springframework\boot\spring-boot-starter-data-jpa\3.1.4\spring-boot-starter-data-jpa-3.1.4.jar;C:\Users\JPiccione\.m2\repository\org\springframework\boot\spring-boot-starter-aop\3.1.4\spring-boot-starter-aop-3.1.4.jar;C:\Users\JPiccione\.m2\repository\org\aspectj\aspectjweaver\1.9.20\aspectjweaver-1.9.20.jar;C:\Users\JPiccione\.m2\repository\org\springframework\boot\spring-boot-starter-jdbc\3.1.4\spring-boot-starter-jdbc-3.1.4.jar;C:\Users\JPiccione\.m2\repository\com\zaxxer\HikariCP\5.0.1\HikariCP-5.0.1.jar;C:\Users\JPiccione\.m2\repository\org\springframework\spring-jdbc\6.0.12\spring-jdbc-6.0.12.jar;C:\Users\JPiccione\.m2\repository\org\hibernate\orm\hibernate-core\6.2.9.Final\hibernate-core-6.2.9.Final.jar;C:\Users\JPiccione\.m2\repository\jakarta\persistence\jakarta.persistence-api\3.1.0\jakarta.persistence-api-3.1.0.jar;C:\Users\JPiccione\.m2\repository\jakarta\transaction\jakarta.transaction-api\2.0.1\jakarta.transaction-api-2.0.1.jar;C:\Users\JPiccione\.m2\repository\org\jboss\logging\jboss-logging\3.5.3.Final\jboss-logging-3.5.3.Final.jar;C:\Users\JPiccione\.m2\repository\org\hibernate\common\hibernate-commons-annotations\6.0.6.Final\hibernate-commons-annotations-6.0.6.Final.jar;C:\Users\JPiccione\.m2\repository\io\smallrye\jandex\3.0.5\jandex-3.0.5.jar;C:\Users\JPiccione\.m2\repository\com\fasterxml\classmate\1.5.1\classmate-1.5.1.jar;C:\Users\JPiccione\.m2\repository\net\bytebuddy\byte-buddy\1.14.8\byte-buddy-1.14.8.jar;C:\Users\JPiccione\.m2\repository\org\glassfish\jaxb\jaxb-runtime\4.0.3\jaxb-runtime-4.0.3.jar;C:\Users\JPiccione\.m2\repository\org\glassfish\jaxb\jaxb-core\4.0.3\jaxb-core-4.0.3.jar;C:\Users\JPiccione\.m2\repository\org\eclipse\angus\angus-activation\2.0.1\angus-activation-2.0.1.jar;C:\Users\JPiccione\.m2\repository\org\glassfish\jaxb\txw2\4.0.3\txw2-4.0.3.jar;C:\Users\JPiccione\.m2\repositor
Launcher Type: SUN_STANDARD

[Global flags]
     intx CICompilerCount                          = 3                                         {product} {ergonomic}
     uint ConcGCThreads                            = 1                                         {product} {ergonomic}
     uint G1ConcRefinementThreads                  = 4                                         {product} {ergonomic}
   size_t G1HeapRegionSize                         = 2097152                                   {product} {ergonomic}
    uintx GCDrainStackTargetSize                   = 64                                        {product} {ergonomic}
   size_t InitialHeapSize                          = 264241152                                 {product} {ergonomic}
   size_t MarkStackSize                            = 4194304                                   {product} {ergonomic}
   size_t MaxHeapSize                              = 4215275520                                {product} {ergonomic}
   size_t MaxNewSize                               = 2529165312                                {product} {ergonomic}
   size_t MinHeapDeltaBytes                        = 2097152                                   {product} {ergonomic}
   size_t MinHeapSize                              = 8388608                                   {product} {ergonomic}
    uintx NonNMethodCodeHeapSize                   = 5832780                                {pd product} {ergonomic}
    uintx NonProfiledCodeHeapSize                  = 122912730                              {pd product} {ergonomic}
    uintx ProfiledCodeHeapSize                     = 122912730                              {pd product} {ergonomic}
    uintx ReservedCodeCacheSize                    = 251658240                              {pd product} {ergonomic}
     bool SegmentedCodeCache                       = true                                      {product} {ergonomic}
     bool ShowCodeDetailsInExceptionMessages       = true                                   {manageable} {command line}
   size_t SoftMaxHeapSize                          = 4215275520                             {manageable} {ergonomic}
     bool UseCompressedClassPointers               = true                           {product lp64_product} {ergonomic}
     bool UseCompressedOops                        = true                           {product lp64_product} {ergonomic}
     bool UseG1GC                                  = true                                      {product} {ergonomic}
     bool UseLargePagesIndividualAllocation        = false                                  {pd product} {ergonomic}

Logging:
Log output configuration:
 #0: stdout all=warning uptime,level,tags
 #1: stderr all=off uptime,level,tags

Environment Variables:
PATH=C:/Users/JPiccione/.p2/pool/plugins/org.eclipse.justj.openjdk.hotspot.jre.full.win32.x86_64_17.0.8.v20230831-1047/jre/bin/server;C:/Users/JPiccione/.p2/pool/plugins/org.eclipse.justj.openjdk.hotspot.jre.full.win32.x86_64_17.0.8.v20230831-1047/jre/bin;C:\Program Files\Common Files\Oracle\Java\javapath;C:\Program Files (x86)\Common Files\Oracle\Java\javapath;C:\Program Files\Microsoft\jdk-11.0.16.101-hotspot\bin;C:\Program Files (x86)\Business Objects\Common\3.5\bin\NOTES\;C:\Program Files (x86)\Business Objects\Common\3.5\bin\NOTES\DATA\;C:\windows\system32;C:\windows;C:\windows\System32\Wbem;C:\windows\System32\WindowsPowerShell\v1.0\;C:\windows\System32\OpenSSH\;C:\Program Files (x86)\IBM\Client Access\Emulator;C:\Program Files (x86)\IBM\Client Access\Shared;C:\Program Files (x86)\IBM\Client Access\;C:\Program Files (x86)\HEAT\;C:\Program Files (x86)\Microsoft SQL Server\160\DTS\Binn\;C:\Program Files\Azure Data Studio\bin;C:\Program Files\PuTTY\;C:\Program Files\Git\cmd;C:\Program Files\Microsoft SQL Server\150\Tools\Binn\;C:\Program Files\Microsoft SQL Server\Client SDK\ODBC\170\Tools\Binn\;C:\Program Files\dotnet\;C:\Program Files (x86)\Windows Kits\10\Windows Performance Toolkit\;c:\Program Files (x86)\Microsoft SQL Server\110\Tools\Binn\;c:\Program Files\Microsoft SQL Server\110\Tools\Binn\;c:\Program Files\Microsoft SQL Server\110\DTS\Binn\;C:\Program Files (x86)\Microsoft SQL Server\150\Tools\Binn\;C:\Program Files\Microsoft SQL Server\150\DTS\Binn\;C:\Users\JPiccione\AppData\Local\Microsoft\WindowsApps;C:\Program Files\Azure Data Studio\bin;C:\Users\JPiccione\.dotnet\tools;C:\Users\JPiccione\AppData\Local\Programs\Azure Data Studio\bin;C:\Program Files\JetBrains\IntelliJ IDEA 2023.2\bin;;C:\Users\JPiccione\AppData\Local\GitHubDesktop\bin;C:\windows\system32;
USERNAME=JPiccione
OS=Windows_NT
PROCESSOR_IDENTIFIER=Intel64 Family 6 Model 61 Stepping 4, GenuineIntel
TMP=C:\Users\JPICCI~1\AppData\Local\Temp
TEMP=C:\Users\JPICCI~1\AppData\Local\Temp



---------------  S Y S T E M  ---------------

OS:
 Windows 10 , 64 bit Build 19041 (10.0.19041.3570)
OS uptime: 6 days 4:34 hours

CPU: total 4 (initial active 4) (2 cores per cpu, 2 threads per core) family 6 model 61 stepping 4 microcode 0x2d, cx8, cmov, fxsr, ht, mmx, 3dnowpref, sse, sse2, sse3, ssse3, sse4.1, sse4.2, popcnt, lzcnt, tsc, tscinvbit, avx, avx2, aes, erms, clmul, bmi1, bmi2, rtm, adx, fma, vzeroupper, clflush
Processor Information for all 4 processors :
  Max Mhz: 2594, Current Mhz: 2594, Mhz Limit: 2594

Memory: 4k page, system-wide physical 16079M (6652M free)
TotalPageFile size 18511M (AvailPageFile size 6392M)
current process WorkingSet (physical memory assigned to process): 283M, peak: 318M
current process commit charge ("private bytes"): 299M, peak: 379M

vm_info: OpenJDK 64-Bit Server VM (17.0.8.1+1) for windows-amd64 JRE (17.0.8.1+1), built on Aug 23 2023 15:29:17 by "admin" with MS VC++ 16.7 (VS2019)

END.
