#
# A fatal error has been detected by the Java Runtime Environment:
#
#  EXCEPTION_ACCESS_VIOLATION (0xc0000005) at pc=0x0000020f5ee39170, pid=16792, tid=14444
#
# JRE version: OpenJDK Runtime Environment Temurin-17.0.8.1+1 (17.0.8.1+1) (build 17.0.8.1+1)
# Java VM: OpenJDK 64-Bit Server VM Temurin-17.0.8.1+1 (17.0.8.1+1, mixed mode, tiered, compressed oops, compressed class ptrs, g1 gc, windows-amd64)
# Problematic frame:
# j  org.springframework.security.web.servletapi.HttpServlet3RequestFactory$Servlet3SecurityContextHolderAwareRequestWrapper.authenticate(Ljakarta/servlet/http/HttpServletResponse;)Z+4
#
# No core dump will be written. Minidumps are not enabled by default on client versions of Windows
#
# If you would like to submit a bug report, please visit:
#   https://github.com/adoptium/adoptium-support/issues
#

---------------  S U M M A R Y ------------

Command Line: -Dfile.encoding=UTF-8 -XX:+ShowCodeDetailsInExceptionMessages -agentpath:C:\Program Files\SentinelOne\Sentinel Agent 23.1.4.650\SentinelJava64.dll com.spencer.ItemApp.ItemAppApplication

Host: Intel(R) Core(TM) i7-5600U CPU @ 2.60GHz, 4 cores, 15G,  Windows 10 , 64 bit Build 19041 (10.0.19041.3570)
Time: Tue Oct 24 13:27:40 2023 Eastern Daylight Time elapsed time: 42.589010 seconds (0d 0h 0m 42s)

---------------  T H R E A D  ---------------

Current thread (0x0000020f7b71e180):  JavaThread "http-nio-8080-exec-2" daemon [_thread_in_Java, id=14444, stack(0x000000d398b00000,0x000000d398c00000)]

Stack: [0x000000d398b00000,0x000000d398c00000],  sp=0x000000d398bf96b0,  free space=997k
Native frames: (J=compiled Java code, j=interpreted, Vv=VM code, C=native code)
C  0x0000020f5ee39170


siginfo: EXCEPTION_ACCESS_VIOLATION (0xc0000005), reading address 0x0000000246cc5a40


Register to memory mapping:

RIP=0x0000020f5ee39170 is at code_begin+272 in an Interpreter codelet
getfield  180 getfield  [0x0000020f5ee39060, 0x0000020f5ee39980]  2336 bytes
RAX=0x0000000084000005 is an unknown value
RBX=0x0000000000000020 is an unknown value
RCX=0x0000020f0001a0a0 is pointing into metadata
RDX=0x0000000000000020 is an unknown value
RSP=0x000000d398bf96b0 is pointing into the stack for thread: 0x0000020f7b71e180
RBP=0x000000d398bf96f8 is pointing into the stack for thread: 0x0000020f7b71e180
RSI=0x000000d398bf9b50 is pointing into the stack for thread: 0x0000020f7b71e180
RDI=0x0000020f7b71e180 is a thread
R8 =0x0000000000000006 is an unknown value
R9 =0x0000000246cc5a40 is an unknown value
R10=0x0000020f7a6199a0 points into unknown readable memory: 0x0000001e00000005 | 05 00 00 00 1e 00 00 00
R11=0x0000020f76d0cf30 is pointing into metadata
R12=0x0 is NULL
R13=0x0000020f00018dbc is pointing into metadata
R14=0x000000d398bf9718 is pointing into the stack for thread: 0x0000020f7b71e180
R15=0x0000020f7b71e180 is a thread


Registers:
RAX=0x0000000084000005, RBX=0x0000000000000020, RCX=0x0000020f0001a0a0, RDX=0x0000000000000020
RSP=0x000000d398bf96b0, RBP=0x000000d398bf96f8, RSI=0x000000d398bf9b50, RDI=0x0000020f7b71e180
R8 =0x0000000000000006, R9 =0x0000000246cc5a40, R10=0x0000020f7a6199a0, R11=0x0000020f76d0cf30
R12=0x0000000000000000, R13=0x0000020f00018dbc, R14=0x000000d398bf9718, R15=0x0000020f7b71e180
RIP=0x0000020f5ee39170, EFLAGS=0x0000000000010202

Top of Stack: (sp=0x000000d398bf96b0)
0x000000d398bf96b0:   000000d398bf96b0 0000020f00018dbc
0x000000d398bf96c0:   000000d398bf9718 0000020f0001a0a0
0x000000d398bf96d0:   0000020f007c7890 00000007078f41a0
0x000000d398bf96e0:   0000020f00018e38 0000000000000000
0x000000d398bf96f0:   000000d398bf9710 000000d398bf98f0
0x000000d398bf9700:   0000020f5ee21010 0000000000000000
0x000000d398bf9710:   0000000707831340 00007ffd418ae30a
0x000000d398bf9720:   0000020f7b71e180 0000000000000000
0x000000d398bf9730:   0000020f79472270 0000000000000000
0x000000d398bf9740:   000000d398bf9c01 00007ffd41aa0600
0x000000d398bf9750:   0000020f7b71e180 0000020f7bd63f60
0x000000d398bf9760:   0000020f6ff46258 0000000000000000
0x000000d398bf9770:   000000d398bf98e8 00007ffd41c8cf98
0x000000d398bf9780:   0000000000000000 0000020f7b71e180
0x000000d398bf9790:   0000020f7a68f8e0 00007ffd4151f3a2
0x000000d398bf97a0:   0000020f79472280 0000020f79472658 

Instructions: (pc=0x0000020f5ee39170)
0x0000020f5ee39070:   fb 11 04 24 eb 14 48 83 ec 10 48 89 04 24 48 c7
0x0000020f5ee39080:   44 24 08 00 00 00 00 eb 01 50 41 0f b7 55 01 48
0x0000020f5ee39090:   8b 4d d0 c1 e2 02 8b 5c d1 20 c1 eb 10 81 e3 ff
0x0000020f5ee390a0:   00 00 00 81 fb b4 00 00 00 0f 84 b6 00 00 00 bb
0x0000020f5ee390b0:   b4 00 00 00 e8 05 00 00 00 e9 9b 00 00 00 48 8b
0x0000020f5ee390c0:   d3 48 8d 44 24 08 4c 89 6d c0 49 8b cf c5 f8 77
0x0000020f5ee390d0:   49 89 af a0 02 00 00 49 89 87 90 02 00 00 48 83
0x0000020f5ee390e0:   ec 20 f7 c4 0f 00 00 00 0f 84 1a 00 00 00 48 83
0x0000020f5ee390f0:   ec 08 49 ba 10 4f 6d 41 fd 7f 00 00 41 ff d2 48
0x0000020f5ee39100:   83 c4 08 e9 0d 00 00 00 49 ba 10 4f 6d 41 fd 7f
0x0000020f5ee39110:   00 00 41 ff d2 48 83 c4 20 49 c7 87 90 02 00 00
0x0000020f5ee39120:   00 00 00 00 49 c7 87 a0 02 00 00 00 00 00 00 49
0x0000020f5ee39130:   c7 87 98 02 00 00 00 00 00 00 c5 f8 77 49 81 7f
0x0000020f5ee39140:   08 00 00 00 00 0f 84 05 00 00 00 e9 b0 7d fe ff
0x0000020f5ee39150:   4c 8b 6d c0 4c 8b 75 c8 c3 41 0f b7 55 01 48 8b
0x0000020f5ee39160:   4d d0 c1 e2 02 48 8b 5c d1 30 8b 44 d1 38 41 59
0x0000020f5ee39170:   49 3b 01 c1 e8 1c 83 e0 0f 0f 85 d4 00 00 00 41
0x0000020f5ee39180:   0f be 04 19 50 41 b9 cc 00 00 00 41 0f b6 5d 00
0x0000020f5ee39190:   81 fb ca 00 00 00 0f 85 ae 00 00 00 48 8b 5d e8
0x0000020f5ee391a0:   e8 05 00 00 00 e9 9e 00 00 00 4d 8b c5 48 8b d3
0x0000020f5ee391b0:   48 8d 44 24 08 4c 89 6d c0 49 8b cf c5 f8 77 49
0x0000020f5ee391c0:   89 af a0 02 00 00 49 89 87 90 02 00 00 48 83 ec
0x0000020f5ee391d0:   20 f7 c4 0f 00 00 00 0f 84 1a 00 00 00 48 83 ec
0x0000020f5ee391e0:   08 49 ba 80 5d 6d 41 fd 7f 00 00 41 ff d2 48 83
0x0000020f5ee391f0:   c4 08 e9 0d 00 00 00 49 ba 80 5d 6d 41 fd 7f 00
0x0000020f5ee39200:   00 41 ff d2 48 83 c4 20 49 c7 87 90 02 00 00 00
0x0000020f5ee39210:   00 00 00 49 c7 87 a0 02 00 00 00 00 00 00 49 c7
0x0000020f5ee39220:   87 98 02 00 00 00 00 00 00 c5 f8 77 49 81 7f 08
0x0000020f5ee39230:   00 00 00 00 0f 84 05 00 00 00 e9 c1 7c fe ff 4c
0x0000020f5ee39240:   8b 6d c0 4c 8b 75 c8 c3 eb 04 45 88 4d 00 e9 fd
0x0000020f5ee39250:   06 00 00 83 f8 01 0f 85 d4 00 00 00 41 0f b6 04
0x0000020f5ee39260:   19 50 41 b9 cc 00 00 00 41 0f b6 5d 00 81 fb ca 


Stack slot to memory mapping:
stack at sp + 0 slots: 0x000000d398bf96b0 is pointing into the stack for thread: 0x0000020f7b71e180
stack at sp + 1 slots: 0x0000020f00018dbc is pointing into metadata
stack at sp + 2 slots: 0x000000d398bf9718 is pointing into the stack for thread: 0x0000020f7b71e180
stack at sp + 3 slots: 0x0000020f0001a0a0 is pointing into metadata
stack at sp + 4 slots: 0x0000020f007c7890 is pointing into metadata
stack at sp + 5 slots: 0x00000007078f41a0 is an oop: java.lang.Class 
{0x00000007078f41a0} - klass: 'java/lang/Class'
 - ---- fields (total size 14 words):
 - private volatile transient 'classRedefinedCount' 'I' @12  0
 - private volatile transient 'cachedConstructor' 'Ljava/lang/reflect/Constructor;' @40  NULL (0)
 - private transient 'name' 'Ljava/lang/String;' @44  "org.springframework.security.web.servletapi.HttpServlet3RequestFactory$Servlet3SecurityContextHolderAwareRequestWrapper"{0x00000007078f5e28} (e0f1ebc5)
 - private transient 'module' 'Ljava/lang/Module;' @48  a 'java/lang/Module'{0x0000000705499e28} (e0a933c5)
 - private final 'classLoader' 'Ljava/lang/ClassLoader;' @52  a 'jdk/internal/loader/ClassLoaders$AppClassLoader'{0x0000000704f97870} (e09f2f0e)
 - private transient 'classData' 'Ljava/lang/Object;' @56  NULL (0)
 - private transient 'packageName' 'Ljava/lang/String;' @60  "org.springframework.security.web.servletapi"{0x00000007066223a8} (e0cc4475)
 - private final 'componentType' 'Ljava/lang/Class;' @64  NULL (0)
 - private volatile transient 'reflectionData' 'Ljava/lang/ref/SoftReference;' @68  NULL (0)
 - private volatile transient 'genericInfo' 'Lsun/reflect/generics/repository/ClassRepository;' @72  NULL (0)
 - private volatile transient 'enumConstants' '[Ljava/lang/Object;' @76  NULL (0)
 - private volatile transient 'enumConstantDirectory' 'Ljava/util/Map;' @80  NULL (0)
 - private volatile transient 'annotationData' 'Ljava/lang/Class$AnnotationData;' @84  NULL (0)
 - private volatile transient 'annotationType' 'Lsun/reflect/annotation/AnnotationType;' @88  NULL (0)
 - transient 'classValueMap' 'Ljava/lang/ClassValue$ClassValueMap;' @92  NULL (0)
 - signature: Lorg/springframework/security/web/servletapi/HttpServlet3RequestFactory$Servlet3SecurityContextHolderAwareRequestWrapper;
 - fake entry for mirror: 'org/springframework/security/web/servletapi/HttpServlet3RequestFactory$Servlet3SecurityContextHolderAwareRequestWrapper'
 - fake entry for array: NULL
 - fake entry for oop_size: 14
 - fake entry for static_oop_field_count: 0
stack at sp + 6 slots: {method} {0x0000020f00018e40} 'authenticate' '(Ljakarta/servlet/http/HttpServletResponse;)Z' in 'org/springframework/security/web/servletapi/HttpServlet3RequestFactory$Servlet3SecurityContextHolderAwareRequestWrapper'
stack at sp + 7 slots: 0x0 is NULL

getfield  180 getfield  [0x0000020f5ee39060, 0x0000020f5ee39980]  2336 bytes
[MachCode]
  0x0000020f5ee39060: 4883 ec08 | c5fa 1104 | 24eb 1f48 | 83ec 10c5 | fb11 0424 | eb14 4883 | ec10 4889 | 0424 48c7 
  0x0000020f5ee39080: 4424 0800 | 0000 00eb | 0150 410f | b755 0148 | 8b4d d0c1 | e202 8b5c | d120 c1eb | 1081 e3ff 
  0x0000020f5ee390a0: 0000 0081 | fbb4 0000 | 000f 84b6 | 0000 00bb | b400 0000 | e805 0000 | 00e9 9b00 | 0000 488b 
  0x0000020f5ee390c0: d348 8d44 | 2408 4c89 | 6dc0 498b | cfc5 f877 | 4989 afa0 | 0200 0049 | 8987 9002 | 0000 4883 
  0x0000020f5ee390e0: ec20 f7c4 | 0f00 0000 | 0f84 1a00 | 0000 4883 | ec08 49ba | 104f 6d41 | fd7f 0000 | 41ff d248 
  0x0000020f5ee39100: 83c4 08e9 | 0d00 0000 | 49ba 104f | 6d41 fd7f | 0000 41ff | d248 83c4 | 2049 c787 | 9002 0000 
  0x0000020f5ee39120: 0000 0000 | 49c7 87a0 | 0200 0000 | 0000 0049 | c787 9802 | 0000 0000 | 0000 c5f8 | 7749 817f 
  0x0000020f5ee39140: 0800 0000 | 000f 8405 | 0000 00e9 | b07d feff | 4c8b 6dc0 | 4c8b 75c8 | c341 0fb7 | 5501 488b 
  0x0000020f5ee39160: 4dd0 c1e2 | 0248 8b5c | d130 8b44 | d138 4159 | 493b 01c1 | e81c 83e0 | 0f0f 85d4 | 0000 0041 
  0x0000020f5ee39180: 0fbe 0419 | 5041 b9cc | 0000 0041 | 0fb6 5d00 | 81fb ca00 | 0000 0f85 | ae00 0000 | 488b 5de8 
  0x0000020f5ee391a0: e805 0000 | 00e9 9e00 | 0000 4d8b | c548 8bd3 | 488d 4424 | 084c 896d | c049 8bcf | c5f8 7749 
  0x0000020f5ee391c0: 89af a002 | 0000 4989 | 8790 0200 | 0048 83ec | 20f7 c40f | 0000 000f | 841a 0000 | 0048 83ec 
  0x0000020f5ee391e0: 0849 ba80 | 5d6d 41fd | 7f00 0041 | ffd2 4883 | c408 e90d | 0000 0049 | ba80 5d6d | 41fd 7f00 
  0x0000020f5ee39200: 0041 ffd2 | 4883 c420 | 49c7 8790 | 0200 0000 | 0000 0049 | c787 a002 | 0000 0000 | 0000 49c7 
  0x0000020f5ee39220: 8798 0200 | 0000 0000 | 00c5 f877 | 4981 7f08 | 0000 0000 | 0f84 0500 | 0000 e9c1 | 7cfe ff4c 
  0x0000020f5ee39240: 8b6d c04c | 8b75 c8c3 | eb04 4588 | 4d00 e9fd | 0600 0083 | f801 0f85 | d400 0000 | 410f b604 
  0x0000020f5ee39260: 1950 41b9 | cc00 0000 | 410f b65d | 0081 fbca | 0000 000f | 85ae 0000 | 0048 8b5d | e8e8 0500 
  0x0000020f5ee39280: 0000 e99e | 0000 004d | 8bc5 488b | d348 8d44 | 2408 4c89 | 6dc0 498b | cfc5 f877 | 4989 afa0 
  0x0000020f5ee392a0: 0200 0049 | 8987 9002 | 0000 4883 | ec20 f7c4 | 0f00 0000 | 0f84 1a00 | 0000 4883 | ec08 49ba 
  0x0000020f5ee392c0: 805d 6d41 | fd7f 0000 | 41ff d248 | 83c4 08e9 | 0d00 0000 | 49ba 805d | 6d41 fd7f | 0000 41ff 
  0x0000020f5ee392e0: d248 83c4 | 2049 c787 | 9002 0000 | 0000 0000 | 49c7 87a0 | 0200 0000 | 0000 0049 | c787 9802 
  0x0000020f5ee39300: 0000 0000 | 0000 c5f8 | 7749 817f | 0800 0000 | 000f 8405 | 0000 00e9 | e47b feff | 4c8b 6dc0 
  0x0000020f5ee39320: 4c8b 75c8 | c3eb 0445 | 884d 00e9 | 2006 0000 | 83f8 080f | 85d7 0000 | 0041 8b04 | 1948 c1e0 
  0x0000020f5ee39340: 0350 41b9 | cb00 0000 | 410f b65d | 0081 fbca | 0000 000f | 85ae 0000 | 0048 8b5d | e8e8 0500 
  0x0000020f5ee39360: 0000 e99e | 0000 004d | 8bc5 488b | d348 8d44 | 2408 4c89 | 6dc0 498b | cfc5 f877 | 4989 afa0 
  0x0000020f5ee39380: 0200 0049 | 8987 9002 | 0000 4883 | ec20 f7c4 | 0f00 0000 | 0f84 1a00 | 0000 4883 | ec08 49ba 
  0x0000020f5ee393a0: 805d 6d41 | fd7f 0000 | 41ff d248 | 83c4 08e9 | 0d00 0000 | 49ba 805d | 6d41 fd7f | 0000 41ff 
  0x0000020f5ee393c0: d248 83c4 | 2049 c787 | 9002 0000 | 0000 0000 | 49c7 87a0 | 0200 0000 | 0000 0049 | c787 9802 
  0x0000020f5ee393e0: 0000 0000 | 0000 c5f8 | 7749 817f | 0800 0000 | 000f 8405 | 0000 00e9 | 047b feff | 4c8b 6dc0 
  0x0000020f5ee39400: 4c8b 75c8 | c3eb 0445 | 884d 00e9 | 4005 0000 | 83f8 040f | 85d3 0000 | 0041 8b04 | 1950 41b9 
  0x0000020f5ee39420: d000 0000 | 410f b65d | 0081 fbca | 0000 000f | 85ae 0000 | 0048 8b5d | e8e8 0500 | 0000 e99e 
  0x0000020f5ee39440: 0000 004d | 8bc5 488b | d348 8d44 | 2408 4c89 | 6dc0 498b | cfc5 f877 | 4989 afa0 | 0200 0049 
  0x0000020f5ee39460: 8987 9002 | 0000 4883 | ec20 f7c4 | 0f00 0000 | 0f84 1a00 | 0000 4883 | ec08 49ba | 805d 6d41 
  0x0000020f5ee39480: fd7f 0000 | 41ff d248 | 83c4 08e9 | 0d00 0000 | 49ba 805d | 6d41 fd7f | 0000 41ff | d248 83c4 
  0x0000020f5ee394a0: 2049 c787 | 9002 0000 | 0000 0000 | 49c7 87a0 | 0200 0000 | 0000 0049 | c787 9802 | 0000 0000 
  0x0000020f5ee394c0: 0000 c5f8 | 7749 817f | 0800 0000 | 000f 8405 | 0000 00e9 | 287a feff | 4c8b 6dc0 | 4c8b 75c8 
  0x0000020f5ee394e0: c3eb 0445 | 884d 00e9 | 6404 0000 | 83f8 020f | 85d4 0000 | 0041 0fb7 | 0419 5041 | b9cd 0000 
  0x0000020f5ee39500: 0041 0fb6 | 5d00 81fb | ca00 0000 | 0f85 ae00 | 0000 488b | 5de8 e805 | 0000 00e9 | 9e00 0000 
  0x0000020f5ee39520: 4d8b c548 | 8bd3 488d | 4424 084c | 896d c049 | 8bcf c5f8 | 7749 89af | a002 0000 | 4989 8790 
  0x0000020f5ee39540: 0200 0048 | 83ec 20f7 | c40f 0000 | 000f 841a | 0000 0048 | 83ec 0849 | ba80 5d6d | 41fd 7f00 
  0x0000020f5ee39560: 0041 ffd2 | 4883 c408 | e90d 0000 | 0049 ba80 | 5d6d 41fd | 7f00 0041 | ffd2 4883 | c420 49c7 
  0x0000020f5ee39580: 8790 0200 | 0000 0000 | 0049 c787 | a002 0000 | 0000 0000 | 49c7 8798 | 0200 0000 | 0000 00c5 
  0x0000020f5ee395a0: f877 4981 | 7f08 0000 | 0000 0f84 | 0500 0000 | e94b 79fe | ff4c 8b6d | c04c 8b75 | c8c3 eb04 
  0x0000020f5ee395c0: 4588 4d00 | e987 0300 | 0083 f803 | 0f85 d400 | 0000 410f | bf04 1950 | 41b9 d200 | 0000 410f 
  0x0000020f5ee395e0: b65d 0081 | fbca 0000 | 000f 85ae | 0000 0048 | 8b5d e8e8 | 0500 0000 | e99e 0000 | 004d 8bc5 
  0x0000020f5ee39600: 488b d348 | 8d44 2408 | 4c89 6dc0 | 498b cfc5 | f877 4989 | afa0 0200 | 0049 8987 | 9002 0000 
  0x0000020f5ee39620: 4883 ec20 | f7c4 0f00 | 0000 0f84 | 1a00 0000 | 4883 ec08 | 49ba 805d | 6d41 fd7f | 0000 41ff 
  0x0000020f5ee39640: d248 83c4 | 08e9 0d00 | 0000 49ba | 805d 6d41 | fd7f 0000 | 41ff d248 | 83c4 2049 | c787 9002 
  0x0000020f5ee39660: 0000 0000 | 0000 49c7 | 87a0 0200 | 0000 0000 | 0049 c787 | 9802 0000 | 0000 0000 | c5f8 7749 
  0x0000020f5ee39680: 817f 0800 | 0000 000f | 8405 0000 | 00e9 6e78 | feff 4c8b | 6dc0 4c8b | 75c8 c3eb | 0445 884d 
  0x0000020f5ee396a0: 00e9 aa02 | 0000 83f8 | 050f 85e3 | 0000 0049 | 8b04 1948 | 83ec 1048 | 8904 2448 | c744 2408 
  0x0000020f5ee396c0: 0000 0000 | 41b9 d100 | 0000 410f | b65d 0081 | fbca 0000 | 000f 85ae | 0000 0048 | 8b5d e8e8 
  0x0000020f5ee396e0: 0500 0000 | e99e 0000 | 004d 8bc5 | 488b d348 | 8d44 2408 | 4c89 6dc0 | 498b cfc5 | f877 4989 
  0x0000020f5ee39700: afa0 0200 | 0049 8987 | 9002 0000 | 4883 ec20 | f7c4 0f00 | 0000 0f84 | 1a00 0000 | 4883 ec08 
  0x0000020f5ee39720: 49ba 805d | 6d41 fd7f | 0000 41ff | d248 83c4 | 08e9 0d00 | 0000 49ba | 805d 6d41 | fd7f 0000 
  0x0000020f5ee39740: 41ff d248 | 83c4 2049 | c787 9002 | 0000 0000 | 0000 49c7 | 87a0 0200 | 0000 0000 | 0049 c787 
  0x0000020f5ee39760: 9802 0000 | 0000 0000 | c5f8 7749 | 817f 0800 | 0000 000f | 8405 0000 | 00e9 8277 | feff 4c8b 
  0x0000020f5ee39780: 6dc0 4c8b | 75c8 c3eb | 0445 884d | 00e9 be01 | 0000 83f8 | 060f 85dd | 0000 00c4 | c17a 1004 
  0x0000020f5ee397a0: 1948 83ec | 08c5 fa11 | 0424 41b9 | cf00 0000 | 410f b65d | 0081 fbca | 0000 000f | 85ae 0000 
  0x0000020f5ee397c0: 0048 8b5d | e8e8 0500 | 0000 e99e | 0000 004d | 8bc5 488b | d348 8d44 | 2408 4c89 | 6dc0 498b 
  0x0000020f5ee397e0: cfc5 f877 | 4989 afa0 | 0200 0049 | 8987 9002 | 0000 4883 | ec20 f7c4 | 0f00 0000 | 0f84 1a00 
  0x0000020f5ee39800: 0000 4883 | ec08 49ba | 805d 6d41 | fd7f 0000 | 41ff d248 | 83c4 08e9 | 0d00 0000 | 49ba 805d 
  0x0000020f5ee39820: 6d41 fd7f | 0000 41ff | d248 83c4 | 2049 c787 | 9002 0000 | 0000 0000 | 49c7 87a0 | 0200 0000 
  0x0000020f5ee39840: 0000 0049 | c787 9802 | 0000 0000 | 0000 c5f8 | 7749 817f | 0800 0000 | 000f 8405 | 0000 00e9 
  0x0000020f5ee39860: 9c76 feff | 4c8b 6dc0 | 4c8b 75c8 | c3eb 0445 | 884d 00e9 | d800 0000 | c4c1 7b10 | 0419 4883 
  0x0000020f5ee39880: ec10 c5fb | 1104 2441 | b9ce 0000 | 0041 0fb6 | 5d00 81fb | ca00 0000 | 0f85 ae00 | 0000 488b 
  0x0000020f5ee398a0: 5de8 e805 | 0000 00e9 | 9e00 0000 | 4d8b c548 | 8bd3 488d | 4424 084c | 896d c049 | 8bcf c5f8 
  0x0000020f5ee398c0: 7749 89af | a002 0000 | 4989 8790 | 0200 0048 | 83ec 20f7 | c40f 0000 | 000f 841a | 0000 0048 
  0x0000020f5ee398e0: 83ec 0849 | ba80 5d6d | 41fd 7f00 | 0041 ffd2 | 4883 c408 | e90d 0000 | 0049 ba80 | 5d6d 41fd 
  0x0000020f5ee39900: 7f00 0041 | ffd2 4883 | c420 49c7 | 8790 0200 | 0000 0000 | 0049 c787 | a002 0000 | 0000 0000 
  0x0000020f5ee39920: 49c7 8798 | 0200 0000 | 0000 00c5 | f877 4981 | 7f08 0000 | 0000 0f84 | 0500 0000 | e9bf 75fe 
  0x0000020f5ee39940: ff4c 8b6d | c04c 8b75 | c8c3 eb04 | 4588 4d00 | 410f b65d | 0349 83c5 | 0349 ba90 | 55ee 41fd 
  0x0000020f5ee39960: 7f00 0041 | ff24 da90 | 0000 0000 | 0000 0000 | 0000 0000 | 0000 0000 | 0000 0000 | 0000 0000 
[/MachCode]

---------------  P R O C E S S  ---------------

Threads class SMR info:
_java_thread_list=0x0000020f7bfc1520, length=29, elements={
0x0000020f723ed160, 0x0000020f723f6660, 0x0000020f723d2d10, 0x0000020f723d38b0,
0x0000020f723d4450, 0x0000020f723d97c0, 0x0000020f7242b730, 0x0000020f72436820,
0x0000020f7248b980, 0x0000020f725ad9a0, 0x0000020f725c8e00, 0x0000020f79fdce00,
0x0000020f79fdd2e0, 0x0000020f7752e560, 0x0000020f7752db40, 0x0000020f7752ea70,
0x0000020f775308d0, 0x0000020f7b71e180, 0x0000020f7b71ffe0, 0x0000020f7b71a9d0,
0x0000020f7b71c830, 0x0000020f7b71f0b0, 0x0000020f7b71e690, 0x0000020f7b71aee0,
0x0000020f7b71cd40, 0x0000020f7b71dc70, 0x0000020f7b71d760, 0x0000020f7b71b900,
0x0000020f7b71d250
}

Java Threads: ( => current thread )
  0x0000020f723ed160 JavaThread "Reference Handler" daemon [_thread_blocked, id=16684, stack(0x000000d397200000,0x000000d397300000)]
  0x0000020f723f6660 JavaThread "Finalizer" daemon [_thread_blocked, id=11608, stack(0x000000d397300000,0x000000d397400000)]
  0x0000020f723d2d10 JavaThread "Signal Dispatcher" daemon [_thread_blocked, id=7264, stack(0x000000d397400000,0x000000d397500000)]
  0x0000020f723d38b0 JavaThread "Attach Listener" daemon [_thread_blocked, id=17244, stack(0x000000d397500000,0x000000d397600000)]
  0x0000020f723d4450 JavaThread "Service Thread" daemon [_thread_blocked, id=15112, stack(0x000000d397600000,0x000000d397700000)]
  0x0000020f723d97c0 JavaThread "Monitor Deflation Thread" daemon [_thread_blocked, id=9660, stack(0x000000d397700000,0x000000d397800000)]
  0x0000020f7242b730 JavaThread "C2 CompilerThread0" daemon [_thread_blocked, id=3924, stack(0x000000d397800000,0x000000d397900000)]
  0x0000020f72436820 JavaThread "C1 CompilerThread0" daemon [_thread_blocked, id=17772, stack(0x000000d397900000,0x000000d397a00000)]
  0x0000020f7248b980 JavaThread "Sweeper thread" daemon [_thread_blocked, id=17392, stack(0x000000d397a00000,0x000000d397b00000)]
  0x0000020f725ad9a0 JavaThread "Notification Thread" daemon [_thread_blocked, id=14560, stack(0x000000d397b00000,0x000000d397c00000)]
  0x0000020f725c8e00 JavaThread "Common-Cleaner" daemon [_thread_blocked, id=14196, stack(0x000000d397d00000,0x000000d397e00000)]
  0x0000020f79fdce00 JavaThread "Catalina-utility-1" [_thread_blocked, id=17468, stack(0x000000d398300000,0x000000d398400000)]
  0x0000020f79fdd2e0 JavaThread "Catalina-utility-2" [_thread_blocked, id=13832, stack(0x000000d398400000,0x000000d398500000)]
  0x0000020f7752e560 JavaThread "container-0" [_thread_blocked, id=5352, stack(0x000000d398500000,0x000000d398600000)]
  0x0000020f7752db40 JavaThread "mssql-jdbc-shared-timer-core-0" daemon [_thread_blocked, id=17580, stack(0x000000d397e00000,0x000000d397f00000)]
  0x0000020f7752ea70 JavaThread "HikariPool-1 housekeeper" daemon [_thread_blocked, id=11712, stack(0x000000d398800000,0x000000d398900000)]
  0x0000020f775308d0 JavaThread "http-nio-8080-exec-1" daemon [_thread_blocked, id=2256, stack(0x000000d398a00000,0x000000d398b00000)]
=>0x0000020f7b71e180 JavaThread "http-nio-8080-exec-2" daemon [_thread_in_Java, id=14444, stack(0x000000d398b00000,0x000000d398c00000)]
  0x0000020f7b71ffe0 JavaThread "http-nio-8080-exec-3" daemon [_thread_blocked, id=13908, stack(0x000000d398c00000,0x000000d398d00000)]
  0x0000020f7b71a9d0 JavaThread "http-nio-8080-exec-4" daemon [_thread_blocked, id=17976, stack(0x000000d398d00000,0x000000d398e00000)]
  0x0000020f7b71c830 JavaThread "http-nio-8080-exec-5" daemon [_thread_blocked, id=12092, stack(0x000000d398e00000,0x000000d398f00000)]
  0x0000020f7b71f0b0 JavaThread "http-nio-8080-exec-6" daemon [_thread_blocked, id=3944, stack(0x000000d398f00000,0x000000d399000000)]
  0x0000020f7b71e690 JavaThread "http-nio-8080-exec-7" daemon [_thread_blocked, id=6004, stack(0x000000d399000000,0x000000d399100000)]
  0x0000020f7b71aee0 JavaThread "http-nio-8080-exec-8" daemon [_thread_blocked, id=8544, stack(0x000000d399100000,0x000000d399200000)]
  0x0000020f7b71cd40 JavaThread "http-nio-8080-exec-9" daemon [_thread_blocked, id=15704, stack(0x000000d399200000,0x000000d399300000)]
  0x0000020f7b71dc70 JavaThread "http-nio-8080-exec-10" daemon [_thread_blocked, id=12192, stack(0x000000d399300000,0x000000d399400000)]
  0x0000020f7b71d760 JavaThread "http-nio-8080-Poller" daemon [_thread_in_native, id=5332, stack(0x000000d399400000,0x000000d399500000)]
  0x0000020f7b71b900 JavaThread "http-nio-8080-Acceptor" daemon [_thread_in_native, id=5584, stack(0x000000d399500000,0x000000d399600000)]
  0x0000020f7b71d250 JavaThread "DestroyJavaVM" [_thread_blocked, id=13516, stack(0x000000d396b00000,0x000000d396c00000)]

Other Threads:
  0x0000020f7002e040 VMThread "VM Thread" [stack: 0x000000d397100000,0x000000d397200000] [id=12492]
  0x0000020f6fe56db0 WatcherThread [stack: 0x000000d397c00000,0x000000d397d00000] [id=15032]
  0x0000020f542ed880 GCTaskThread "GC Thread#0" [stack: 0x000000d396c00000,0x000000d396d00000] [id=15564]
  0x0000020f725e1a30 GCTaskThread "GC Thread#1" [stack: 0x000000d397f00000,0x000000d398000000] [id=12776]
  0x0000020f725e06f0 GCTaskThread "GC Thread#2" [stack: 0x000000d398000000,0x000000d398100000] [id=14544]
  0x0000020f725e1fb0 GCTaskThread "GC Thread#3" [stack: 0x000000d398100000,0x000000d398200000] [id=3104]
  0x0000020f542eec50 ConcurrentGCThread "G1 Main Marker" [stack: 0x000000d396d00000,0x000000d396e00000] [id=17044]
  0x0000020f6fe45360 ConcurrentGCThread "G1 Conc#0" [stack: 0x000000d396e00000,0x000000d396f00000] [id=6564]
  0x0000020f6feed4c0 ConcurrentGCThread "G1 Refine#0" [stack: 0x000000d396f00000,0x000000d397000000] [id=7492]
  0x0000020f787fa3d0 ConcurrentGCThread "G1 Refine#1" [stack: 0x000000d398200000,0x000000d398300000] [id=14292]
  0x0000020f6feee110 ConcurrentGCThread "G1 Service" [stack: 0x000000d397000000,0x000000d397100000] [id=10592]

Threads with active compile tasks:

VM state: not at safepoint (normal execution)

VM Mutex/Monitor currently owned by a thread: None

Heap address: 0x0000000704c00000, size: 4020 MB, Compressed Oops mode: Zero based, Oop shift amount: 3

CDS archive(s) not mapped
Compressed class space mapped at: 0x0000000800000000-0x0000000840000000, reserved size: 1073741824
Narrow klass base: 0x0000000800000000, Narrow klass shift: 0, Narrow klass range: 0x40000000

GC Precious Log:
 CPUs: 4 total, 4 available
 Memory: 16079M
 Large Page Support: Disabled
 NUMA Support: Disabled
 Compressed Oops: Enabled (Zero based)
 Heap Region Size: 2M
 Heap Min Capacity: 8M
 Heap Initial Capacity: 252M
 Heap Max Capacity: 4020M
 Pre-touch: Disabled
 Parallel Workers: 4
 Concurrent Workers: 1
 Concurrent Refinement Workers: 4
 Periodic GC: Disabled

Heap:
 garbage-first heap   total 69632K, used 50943K [0x0000000704c00000, 0x0000000800000000)
  region size 2048K, 12 young (24576K), 2 survivors (4096K)
 Metaspace       used 83285K, committed 83840K, reserved 1179648K
  class space    used 10295K, committed 10560K, reserved 1048576K

Heap Regions: E=young(eden), S=young(survivor), O=old, HS=humongous(starts), HC=humongous(continues), CS=collection set, F=free, OA=open archive, CA=closed archive, TAMS=top-at-mark-start (previous, next)
|   0|0x0000000704c00000, 0x0000000704e00000, 0x0000000704e00000|100%| O|  |TAMS 0x0000000704e00000, 0x0000000704c00000| Untracked 
|   1|0x0000000704e00000, 0x0000000705000000, 0x0000000705000000|100%| O|  |TAMS 0x0000000705000000, 0x0000000704e00000| Untracked 
|   2|0x0000000705000000, 0x0000000705200000, 0x0000000705200000|100%| O|  |TAMS 0x0000000705200000, 0x0000000705000000| Untracked 
|   3|0x0000000705200000, 0x0000000705400000, 0x0000000705400000|100%| O|  |TAMS 0x0000000705400000, 0x0000000705200000| Untracked 
|   4|0x0000000705400000, 0x0000000705600000, 0x0000000705600000|100%| O|  |TAMS 0x0000000705600000, 0x0000000705400000| Untracked 
|   5|0x0000000705600000, 0x0000000705800000, 0x0000000705800000|100%| O|  |TAMS 0x0000000705800000, 0x0000000705600000| Untracked 
|   6|0x0000000705800000, 0x0000000705a00000, 0x0000000705a00000|100%| O|  |TAMS 0x0000000705a00000, 0x0000000705800000| Untracked 
|   7|0x0000000705a00000, 0x0000000705c00000, 0x0000000705c00000|100%| O|  |TAMS 0x0000000705c00000, 0x0000000705a00000| Untracked 
|   8|0x0000000705c00000, 0x0000000705e00000, 0x0000000705e00000|100%| O|  |TAMS 0x0000000705c00000, 0x0000000705c00000| Untracked 
|   9|0x0000000705e00000, 0x0000000706000000, 0x0000000706000000|100%| O|  |TAMS 0x0000000706000000, 0x0000000705e00000| Untracked 
|  10|0x0000000706000000, 0x0000000706200000, 0x0000000706200000|100%| O|  |TAMS 0x00000007060b8e00, 0x0000000706000000| Untracked 
|  11|0x0000000706200000, 0x0000000706400000, 0x0000000706400000|100%| O|  |TAMS 0x0000000706200000, 0x0000000706200000| Untracked 
|  12|0x0000000706400000, 0x0000000706600000, 0x0000000706600000|100%| O|  |TAMS 0x0000000706400000, 0x0000000706400000| Untracked 
|  13|0x0000000706600000, 0x0000000706800000, 0x0000000706800000|100%| O|  |TAMS 0x0000000706600000, 0x0000000706600000| Untracked 
|  14|0x0000000706800000, 0x0000000706800000, 0x0000000706a00000|  0%| F|  |TAMS 0x0000000706800000, 0x0000000706800000| Untracked 
|  15|0x0000000706a00000, 0x0000000706a00000, 0x0000000706c00000|  0%| F|  |TAMS 0x0000000706a00000, 0x0000000706a00000| Untracked 
|  16|0x0000000706c00000, 0x0000000706c00000, 0x0000000706e00000|  0%| F|  |TAMS 0x0000000706c00000, 0x0000000706c00000| Untracked 
|  17|0x0000000706e00000, 0x0000000706e00000, 0x0000000707000000|  0%| F|  |TAMS 0x0000000706e00000, 0x0000000706e00000| Untracked 
|  18|0x0000000707000000, 0x0000000707000000, 0x0000000707200000|  0%| F|  |TAMS 0x0000000707000000, 0x0000000707000000| Untracked 
|  19|0x0000000707200000, 0x0000000707200000, 0x0000000707400000|  0%| F|  |TAMS 0x0000000707200000, 0x0000000707200000| Untracked 
|  20|0x0000000707400000, 0x00000007075bfee0, 0x0000000707600000| 87%| S|CS|TAMS 0x0000000707400000, 0x0000000707400000| Complete 
|  21|0x0000000707600000, 0x0000000707600000, 0x0000000707800000|  0%| F|  |TAMS 0x0000000707600000, 0x0000000707600000| Untracked 
|  22|0x0000000707800000, 0x0000000707a00000, 0x0000000707a00000|100%| S|CS|TAMS 0x0000000707800000, 0x0000000707800000| Complete 
|  23|0x0000000707a00000, 0x0000000707a00000, 0x0000000707c00000|  0%| F|  |TAMS 0x0000000707a00000, 0x0000000707a00000| Untracked 
|  24|0x0000000707c00000, 0x0000000707c71f80, 0x0000000707e00000| 22%| E|  |TAMS 0x0000000707c00000, 0x0000000707c00000| Complete 
|  25|0x0000000707e00000, 0x0000000708000000, 0x0000000708000000|100%| E|CS|TAMS 0x0000000707e00000, 0x0000000707e00000| Complete 
|  26|0x0000000708000000, 0x0000000708200000, 0x0000000708200000|100%| E|CS|TAMS 0x0000000708000000, 0x0000000708000000| Complete 
|  27|0x0000000708200000, 0x0000000708400000, 0x0000000708400000|100%| E|CS|TAMS 0x0000000708200000, 0x0000000708200000| Complete 
|  28|0x0000000708400000, 0x0000000708600000, 0x0000000708600000|100%| E|CS|TAMS 0x0000000708400000, 0x0000000708400000| Complete 
|  29|0x0000000708600000, 0x0000000708800000, 0x0000000708800000|100%| E|CS|TAMS 0x0000000708600000, 0x0000000708600000| Complete 
|  57|0x000000070be00000, 0x000000070c000000, 0x000000070c000000|100%| E|CS|TAMS 0x000000070be00000, 0x000000070be00000| Complete 
|  58|0x000000070c000000, 0x000000070c200000, 0x000000070c200000|100%| E|CS|TAMS 0x000000070c000000, 0x000000070c000000| Complete 
|  59|0x000000070c200000, 0x000000070c400000, 0x000000070c400000|100%| E|CS|TAMS 0x000000070c200000, 0x000000070c200000| Complete 
| 125|0x0000000714600000, 0x0000000714800000, 0x0000000714800000|100%| E|CS|TAMS 0x0000000714600000, 0x0000000714600000| Complete 

Card table byte_map: [0x0000020f670d0000,0x0000020f678b0000] _byte_map_base: 0x0000020f638aa000

Marking Bits (Prev, Next): (CMBitMap*) 0x0000020f542edfc0, (CMBitMap*) 0x0000020f542edf80
 Prev Bits: [0x0000020f6bf60000, 0x0000020f6fe30000)
 Next Bits: [0x0000020f68090000, 0x0000020f6bf60000)

Polling page: 0x0000020f539f0000

Metaspace:

Usage:
  Non-class:     71.28 MB used.
      Class:     10.05 MB used.
       Both:     81.33 MB used.

Virtual space:
  Non-class space:      128.00 MB reserved,      71.56 MB ( 56%) committed,  2 nodes.
      Class space:        1.00 GB reserved,      10.31 MB (  1%) committed,  1 nodes.
             Both:        1.12 GB reserved,      81.88 MB (  7%) committed. 

Chunk freelists:
   Non-Class:  8.14 MB
       Class:  5.70 MB
        Both:  13.84 MB

MaxMetaspaceSize: unlimited
CompressedClassSpaceSize: 1.00 GB
Initial GC threshold: 21.00 MB
Current GC threshold: 98.88 MB
CDS: off
MetaspaceReclaimPolicy: balanced
 - commit_granule_bytes: 65536.
 - commit_granule_words: 8192.
 - virtual_space_node_default_size: 8388608.
 - enlarge_chunks_in_place: 1.
 - new_chunks_are_fully_committed: 0.
 - uncommit_free_chunks: 1.
 - use_allocation_guard: 0.
 - handle_deallocations: 1.


Internal statistics:

num_allocs_failed_limit: 11.
num_arena_births: 804.
num_arena_deaths: 0.
num_vsnodes_births: 3.
num_vsnodes_deaths: 0.
num_space_committed: 1310.
num_space_uncommitted: 0.
num_chunks_returned_to_freelist: 11.
num_chunks_taken_from_freelist: 3321.
num_chunk_merges: 11.
num_chunk_splits: 2419.
num_chunks_enlarged: 1917.
num_inconsistent_stats: 0.

CodeHeap 'non-profiled nmethods': size=120000Kb used=4062Kb max_used=4062Kb free=115938Kb
 bounds [0x0000020f5f3c0000, 0x0000020f5f7c0000, 0x0000020f668f0000]
CodeHeap 'profiled nmethods': size=120000Kb used=12023Kb max_used=12023Kb free=107977Kb
 bounds [0x0000020f578f0000, 0x0000020f584b0000, 0x0000020f5ee20000]
CodeHeap 'non-nmethods': size=5760Kb used=1394Kb max_used=1443Kb free=4365Kb
 bounds [0x0000020f5ee20000, 0x0000020f5f090000, 0x0000020f5f3c0000]
 total_blobs=6454 nmethods=5724 adapters=642
 compilation: enabled
              stopped_count=0, restarted_count=0
 full_count=0

Compilation events (20 events):
Event: 42.562 Thread 0x0000020f72436820 nmethod 6427 0x0000020f584ab390 code [0x0000020f584ab520, 0x0000020f584ab678]
Event: 42.562 Thread 0x0000020f72436820 6429       3       org.apache.jasper.compiler.SmapUtil$SDEInstaller::readBytes (38 bytes)
Event: 42.562 Thread 0x0000020f72436820 nmethod 6429 0x0000020f584ab790 code [0x0000020f584ab940, 0x0000020f584abbf8]
Event: 42.562 Thread 0x0000020f72436820 6430       3       org.apache.jasper.compiler.SmapUtil$SDEInstaller::writeBytes (45 bytes)
Event: 42.563 Thread 0x0000020f72436820 nmethod 6430 0x0000020f584abd10 code [0x0000020f584abec0, 0x0000020f584ac0d8]
Event: 42.563 Thread 0x0000020f72436820 6428       3       org.apache.jasper.compiler.SmapUtil$SDEInstaller::writeU1 (19 bytes)
Event: 42.563 Thread 0x0000020f72436820 nmethod 6428 0x0000020f584ac210 code [0x0000020f584ac3a0, 0x0000020f584ac4f8]
Event: 42.563 Thread 0x0000020f7242b730 nmethod 6424 0x0000020f5f7b5b10 code [0x0000020f5f7b5ce0, 0x0000020f5f7b6250]
Event: 42.564 Thread 0x0000020f7242b730 6425       4       jdk.internal.org.objectweb.asm.SymbolTable::addConstantFieldref (10 bytes)
Event: 42.564 Thread 0x0000020f7242b730 nmethod 6425 0x0000020f5f7b6790 code [0x0000020f5f7b6920, 0x0000020f5f7b69e8]
Event: 42.568 Thread 0x0000020f7242b730 6431       4       java.security.SecureClassLoader$CodeSourceKey::equals (60 bytes)
Event: 42.572 Thread 0x0000020f72436820 6432       3       org.apache.catalina.core.DefaultInstanceManager::findLifecycleCallback (110 bytes)
Event: 42.574 Thread 0x0000020f72436820 nmethod 6432 0x0000020f584ac610 code [0x0000020f584ac940, 0x0000020f584addd8]
Event: 42.574 Thread 0x0000020f72436820 6433       3       java.nio.charset.CharsetDecoder::onUnmappableCharacter (26 bytes)
Event: 42.574 Thread 0x0000020f72436820 nmethod 6433 0x0000020f584ae490 code [0x0000020f584ae640, 0x0000020f584ae9a8]
Event: 42.574 Thread 0x0000020f72436820 6434       3       java.nio.charset.CharsetDecoder::implOnUnmappableCharacter (1 bytes)
Event: 42.574 Thread 0x0000020f72436820 nmethod 6434 0x0000020f584aea90 code [0x0000020f584aec20, 0x0000020f584aed38]
Event: 42.580 Thread 0x0000020f7242b730 nmethod 6431 0x0000020f5f7b6a90 code [0x0000020f5f7b6c40, 0x0000020f5f7b7338]
Event: 42.583 Thread 0x0000020f72436820 6435       3       java.io.Writer::write (11 bytes)
Event: 42.583 Thread 0x0000020f72436820 nmethod 6435 0x0000020f584aee10 code [0x0000020f584aefc0, 0x0000020f584af2a8]

GC Heap History (20 events):
Event: 6.337 GC heap before
{Heap before GC invocations=12 (full 0):
 garbage-first heap   total 69632K, used 51977K [0x0000000704c00000, 0x0000000800000000)
  region size 2048K, 20 young (40960K), 3 survivors (6144K)
 Metaspace       used 41613K, committed 42048K, reserved 1114112K
  class space    used 4841K, committed 5056K, reserved 1048576K
}
Event: 6.346 GC heap after
{Heap after GC invocations=13 (full 0):
 garbage-first heap   total 69632K, used 20178K [0x0000000704c00000, 0x0000000800000000)
  region size 2048K, 3 young (6144K), 3 survivors (6144K)
 Metaspace       used 41613K, committed 42048K, reserved 1114112K
  class space    used 4841K, committed 5056K, reserved 1048576K
}
Event: 6.427 GC heap before
{Heap before GC invocations=13 (full 0):
 garbage-first heap   total 69632K, used 22226K [0x0000000704c00000, 0x0000000800000000)
  region size 2048K, 4 young (8192K), 3 survivors (6144K)
 Metaspace       used 41967K, committed 42432K, reserved 1114112K
  class space    used 4898K, committed 5120K, reserved 1048576K
}
Event: 6.436 GC heap after
{Heap after GC invocations=14 (full 0):
 garbage-first heap   total 69632K, used 20000K [0x0000000704c00000, 0x0000000800000000)
  region size 2048K, 1 young (2048K), 1 survivors (2048K)
 Metaspace       used 41967K, committed 42432K, reserved 1114112K
  class space    used 4898K, committed 5120K, reserved 1048576K
}
Event: 7.798 GC heap before
{Heap before GC invocations=14 (full 0):
 garbage-first heap   total 69632K, used 48672K [0x0000000704c00000, 0x0000000800000000)
  region size 2048K, 15 young (30720K), 1 survivors (2048K)
 Metaspace       used 50993K, committed 51456K, reserved 1114112K
  class space    used 6119K, committed 6336K, reserved 1048576K
}
Event: 7.801 GC heap after
{Heap after GC invocations=15 (full 0):
 garbage-first heap   total 69632K, used 20965K [0x0000000704c00000, 0x0000000800000000)
  region size 2048K, 1 young (2048K), 1 survivors (2048K)
 Metaspace       used 50993K, committed 51456K, reserved 1114112K
  class space    used 6119K, committed 6336K, reserved 1048576K
}
Event: 8.897 GC heap before
{Heap before GC invocations=15 (full 0):
 garbage-first heap   total 69632K, used 51685K [0x0000000704c00000, 0x0000000800000000)
  region size 2048K, 16 young (32768K), 1 survivors (2048K)
 Metaspace       used 57707K, committed 58112K, reserved 1114112K
  class space    used 6957K, committed 7168K, reserved 1048576K
}
Event: 8.902 GC heap after
{Heap after GC invocations=16 (full 0):
 garbage-first heap   total 69632K, used 23267K [0x0000000704c00000, 0x0000000800000000)
  region size 2048K, 2 young (4096K), 2 survivors (4096K)
 Metaspace       used 57707K, committed 58112K, reserved 1114112K
  class space    used 6957K, committed 7168K, reserved 1048576K
}
Event: 9.137 GC heap before
{Heap before GC invocations=16 (full 0):
 garbage-first heap   total 69632K, used 29411K [0x0000000704c00000, 0x0000000800000000)
  region size 2048K, 6 young (12288K), 2 survivors (4096K)
 Metaspace       used 60044K, committed 60416K, reserved 1114112K
  class space    used 7369K, committed 7552K, reserved 1048576K
}
Event: 9.143 GC heap after
{Heap after GC invocations=17 (full 0):
 garbage-first heap   total 69632K, used 23874K [0x0000000704c00000, 0x0000000800000000)
  region size 2048K, 1 young (2048K), 1 survivors (2048K)
 Metaspace       used 60044K, committed 60416K, reserved 1114112K
  class space    used 7369K, committed 7552K, reserved 1048576K
}
Event: 10.412 GC heap before
{Heap before GC invocations=18 (full 0):
 garbage-first heap   total 69632K, used 52546K [0x0000000704c00000, 0x0000000800000000)
  region size 2048K, 15 young (30720K), 1 survivors (2048K)
 Metaspace       used 65544K, committed 66048K, reserved 1114112K
  class space    used 8307K, committed 8512K, reserved 1048576K
}
Event: 10.416 GC heap after
{Heap after GC invocations=19 (full 0):
 garbage-first heap   total 69632K, used 25177K [0x0000000704c00000, 0x0000000800000000)
  region size 2048K, 1 young (2048K), 1 survivors (2048K)
 Metaspace       used 65544K, committed 66048K, reserved 1114112K
  class space    used 8307K, committed 8512K, reserved 1048576K
}
Event: 11.135 GC heap before
{Heap before GC invocations=19 (full 0):
 garbage-first heap   total 69632K, used 53849K [0x0000000704c00000, 0x0000000800000000)
  region size 2048K, 15 young (30720K), 1 survivors (2048K)
 Metaspace       used 69363K, committed 69952K, reserved 1114112K
  class space    used 8810K, committed 9088K, reserved 1048576K
}
Event: 11.142 GC heap after
{Heap after GC invocations=20 (full 0):
 garbage-first heap   total 69632K, used 26749K [0x0000000704c00000, 0x0000000800000000)
  region size 2048K, 2 young (4096K), 2 survivors (4096K)
 Metaspace       used 69363K, committed 69952K, reserved 1114112K
  class space    used 8810K, committed 9088K, reserved 1048576K
}
Event: 11.817 GC heap before
{Heap before GC invocations=20 (full 0):
 garbage-first heap   total 69632K, used 53373K [0x0000000704c00000, 0x0000000800000000)
  region size 2048K, 15 young (30720K), 2 survivors (4096K)
 Metaspace       used 71931K, committed 72512K, reserved 1114112K
  class space    used 9199K, committed 9472K, reserved 1048576K
}
Event: 11.825 GC heap after
{Heap after GC invocations=21 (full 0):
 garbage-first heap   total 69632K, used 28816K [0x0000000704c00000, 0x0000000800000000)
  region size 2048K, 2 young (4096K), 2 survivors (4096K)
 Metaspace       used 71931K, committed 72512K, reserved 1114112K
  class space    used 9199K, committed 9472K, reserved 1048576K
}
Event: 41.457 GC heap before
{Heap before GC invocations=21 (full 0):
 garbage-first heap   total 69632K, used 53392K [0x0000000704c00000, 0x0000000800000000)
  region size 2048K, 14 young (28672K), 2 survivors (4096K)
 Metaspace       used 75443K, committed 76032K, reserved 1179648K
  class space    used 9650K, committed 9920K, reserved 1048576K
}
Event: 41.467 GC heap after
{Heap after GC invocations=22 (full 0):
 garbage-first heap   total 69632K, used 30680K [0x0000000704c00000, 0x0000000800000000)
  region size 2048K, 2 young (4096K), 2 survivors (4096K)
 Metaspace       used 75443K, committed 76032K, reserved 1179648K
  class space    used 9650K, committed 9920K, reserved 1048576K
}
Event: 41.999 GC heap before
{Heap before GC invocations=22 (full 0):
 garbage-first heap   total 69632K, used 51160K [0x0000000704c00000, 0x0000000800000000)
  region size 2048K, 13 young (26624K), 2 survivors (4096K)
 Metaspace       used 79648K, committed 80192K, reserved 1179648K
  class space    used 9968K, committed 10240K, reserved 1048576K
}
Event: 42.006 GC heap after
{Heap after GC invocations=23 (full 0):
 garbage-first heap   total 69632K, used 32511K [0x0000000704c00000, 0x0000000800000000)
  region size 2048K, 2 young (4096K), 2 survivors (4096K)
 Metaspace       used 79648K, committed 80192K, reserved 1179648K
  class space    used 9968K, committed 10240K, reserved 1048576K
}

Dll operation events (9 events):
Event: 0.015 Loaded shared library C:\Users\JPiccione\.p2\pool\plugins\org.eclipse.justj.openjdk.hotspot.jre.full.win32.x86_64_17.0.8.v20230831-1047\jre\bin\java.dll
Event: 0.269 Loaded shared library C:\Users\JPiccione\.p2\pool\plugins\org.eclipse.justj.openjdk.hotspot.jre.full.win32.x86_64_17.0.8.v20230831-1047\jre\bin\jimage.dll
Event: 0.286 Loaded shared library C:\Users\JPiccione\.p2\pool\plugins\org.eclipse.justj.openjdk.hotspot.jre.full.win32.x86_64_17.0.8.v20230831-1047\jre\bin\net.dll
Event: 0.289 Loaded shared library C:\Users\JPiccione\.p2\pool\plugins\org.eclipse.justj.openjdk.hotspot.jre.full.win32.x86_64_17.0.8.v20230831-1047\jre\bin\nio.dll
Event: 0.296 Loaded shared library C:\Users\JPiccione\.p2\pool\plugins\org.eclipse.justj.openjdk.hotspot.jre.full.win32.x86_64_17.0.8.v20230831-1047\jre\bin\zip.dll
Event: 5.341 Loaded shared library C:\Users\JPiccione\.p2\pool\plugins\org.eclipse.justj.openjdk.hotspot.jre.full.win32.x86_64_17.0.8.v20230831-1047\jre\bin\sunmscapi.dll
Event: 5.376 Loaded shared library C:\Users\JPiccione\.p2\pool\plugins\org.eclipse.justj.openjdk.hotspot.jre.full.win32.x86_64_17.0.8.v20230831-1047\jre\bin\management.dll
Event: 5.380 Loaded shared library C:\Users\JPiccione\.p2\pool\plugins\org.eclipse.justj.openjdk.hotspot.jre.full.win32.x86_64_17.0.8.v20230831-1047\jre\bin\management_ext.dll
Event: 6.776 Loaded shared library C:\Users\JPiccione\.p2\pool\plugins\org.eclipse.justj.openjdk.hotspot.jre.full.win32.x86_64_17.0.8.v20230831-1047\jre\bin\verify.dll

Deoptimization events (20 events):
Event: 42.336 Thread 0x0000020f7b71e180 Uncommon trap: trap_request=0xffffff6e fr.pc=0x0000020f5f7a55bc relative=0x000000000000049c
Event: 42.336 Thread 0x0000020f7b71e180 Uncommon trap: reason=loop_limit_check action=maybe_recompile pc=0x0000020f5f7a55bc method=org.eclipse.jdt.internal.compiler.classfmt.ClassFileStruct.utf8At(II)[C @ 143 c2
Event: 42.336 Thread 0x0000020f7b71e180 DEOPT PACKING pc=0x0000020f5f7a55bc sp=0x000000d398bf9910
Event: 42.336 Thread 0x0000020f7b71e180 DEOPT UNPACKING pc=0x0000020f5ee769a3 sp=0x000000d398bf98a8 mode 2
Event: 42.391 Thread 0x0000020f7b71e180 Uncommon trap: trap_request=0xffffffcc fr.pc=0x0000020f5f7a91a4 relative=0x0000000000000284
Event: 42.391 Thread 0x0000020f7b71e180 Uncommon trap: reason=intrinsic_or_type_checked_inlining action=make_not_entrant pc=0x0000020f5f7a91a4 method=java.util.ArrayList.toArray([Ljava/lang/Object;)[Ljava/lang/Object; @ 36 c2
Event: 42.391 Thread 0x0000020f7b71e180 DEOPT PACKING pc=0x0000020f5f7a91a4 sp=0x000000d398bf9000
Event: 42.391 Thread 0x0000020f7b71e180 DEOPT UNPACKING pc=0x0000020f5ee769a3 sp=0x000000d398bf8fb0 mode 2
Event: 42.397 Thread 0x0000020f7b71e180 Uncommon trap: trap_request=0xffffff45 fr.pc=0x0000020f5f62d24c relative=0x000000000000032c
Event: 42.397 Thread 0x0000020f7b71e180 Uncommon trap: reason=unstable_if action=reinterpret pc=0x0000020f5f62d24c method=java.util.HashMap.getNode(Ljava/lang/Object;)Ljava/util/HashMap$Node; @ 66 c2
Event: 42.397 Thread 0x0000020f7b71e180 DEOPT PACKING pc=0x0000020f5f62d24c sp=0x000000d398bf8d00
Event: 42.398 Thread 0x0000020f7b71e180 DEOPT UNPACKING pc=0x0000020f5ee769a3 sp=0x000000d398bf8c40 mode 2
Event: 42.398 Thread 0x0000020f7b71e180 Uncommon trap: trap_request=0xffffff45 fr.pc=0x0000020f5f4a6960 relative=0x0000000000000340
Event: 42.398 Thread 0x0000020f7b71e180 Uncommon trap: reason=unstable_if action=reinterpret pc=0x0000020f5f4a6960 method=java.util.HashMap.getNode(Ljava/lang/Object;)Ljava/util/HashMap$Node; @ 66 c2
Event: 42.398 Thread 0x0000020f7b71e180 DEOPT PACKING pc=0x0000020f5f4a6960 sp=0x000000d398bf8cd0
Event: 42.398 Thread 0x0000020f7b71e180 DEOPT UNPACKING pc=0x0000020f5ee769a3 sp=0x000000d398bf8c70 mode 2
Event: 42.566 Thread 0x0000020f7b71e180 Uncommon trap: trap_request=0xffffffde fr.pc=0x0000020f5f43f358 relative=0x0000000000001358
Event: 42.566 Thread 0x0000020f7b71e180 Uncommon trap: reason=class_check action=maybe_recompile pc=0x0000020f5f43f358 method=jdk.internal.loader.URLClassPath.getLoader(I)Ljdk/internal/loader/URLClassPath$Loader; @ 88 c2
Event: 42.566 Thread 0x0000020f7b71e180 DEOPT PACKING pc=0x0000020f5f43f358 sp=0x000000d398bf9f70
Event: 42.566 Thread 0x0000020f7b71e180 DEOPT UNPACKING pc=0x0000020f5ee769a3 sp=0x000000d398bf9fb0 mode 2

Classes unloaded (0 events):
No events

Classes redefined (0 events):
No events

Internal exceptions (20 events):
Event: 10.983 Thread 0x0000020f542828b0 Exception <a 'java/lang/reflect/InvocationTargetException'{0x00000007078a7950}> (0x00000007078a7950) 
thrown [s\src\hotspot\share\runtime\reflection.cpp, line 1121]
Event: 11.038 Thread 0x0000020f542828b0 Exception <a 'java/lang/reflect/InvocationTargetException'{0x00000007079cb2a0}> (0x00000007079cb2a0) 
thrown [s\src\hotspot\share\runtime\reflection.cpp, line 1121]
Event: 11.042 Thread 0x0000020f542828b0 Exception <a 'java/lang/reflect/InvocationTargetException'{0x00000007079d6048}> (0x00000007079d6048) 
thrown [s\src\hotspot\share\runtime\reflection.cpp, line 1121]
Event: 11.075 Thread 0x0000020f542828b0 Exception <a 'java/lang/reflect/InvocationTargetException'{0x00000007076a76b8}> (0x00000007076a76b8) 
thrown [s\src\hotspot\share\runtime\reflection.cpp, line 1121]
Event: 11.177 Thread 0x0000020f542828b0 Exception <a 'java/lang/reflect/InvocationTargetException'{0x000000070c051278}> (0x000000070c051278) 
thrown [s\src\hotspot\share\runtime\reflection.cpp, line 1121]
Event: 11.180 Thread 0x0000020f542828b0 Exception <a 'java/lang/reflect/InvocationTargetException'{0x000000070c05c5e0}> (0x000000070c05c5e0) 
thrown [s\src\hotspot\share\runtime\reflection.cpp, line 1121]
Event: 11.323 Thread 0x0000020f542828b0 Implicit null exception at 0x0000020f5f508741 to 0x0000020f5f508802
Event: 11.762 Thread 0x0000020f542828b0 Exception <a 'sun/nio/fs/WindowsException'{0x00000007078e5460}> (0x00000007078e5460) 
thrown [s\src\hotspot\share\prims\jni.cpp, line 516]
Event: 11.834 Thread 0x0000020f542828b0 Exception <a 'java/lang/IncompatibleClassChangeError'{0x000000071464eef8}: Found class java.lang.Object, but interface was expected> (0x000000071464eef8) 
thrown [s\src\hotspot\share\interpreter\linkResolver.cpp, line 826]
Event: 11.924 Thread 0x0000020f542828b0 Exception <a 'java/lang/NoSuchMethodError'{0x000000070c2ecba8}: 'void java.lang.invoke.DirectMethodHandle$Holder.invokeVirtual(java.lang.Object, java.lang.Object, long)'> (0x000000070c2ecba8) 
thrown [s\src\hotspot\share\interpreter\linkResolver.cpp, line 759]
Event: 12.077 Thread 0x0000020f542828b0 Implicit null exception at 0x0000020f5f6b9739 to 0x0000020f5f6b9a0c
Event: 12.148 Thread 0x0000020f542828b0 Exception <a 'java/lang/NoSuchMethodError'{0x0000000708578e90}: 'java.lang.Object java.lang.invoke.DirectMethodHandle$Holder.newInvokeSpecial(java.lang.Object, java.lang.Object, int, java.lang.Object, java.lang.Object)'> (0x0000000708578e90) 
thrown [s\src\hotspot\share\interpreter\linkResolver.cpp, line 759]
Event: 12.150 Thread 0x0000020f542828b0 Exception <a 'java/lang/NoSuchMethodError'{0x0000000708584508}: 'java.lang.Object java.lang.invoke.DirectMethodHandle$Holder.invokeSpecial(java.lang.Object, java.lang.Object, int, java.lang.Object, int, java.lang.Object)'> (0x0000000708584508) 
thrown [s\src\hotspot\share\interpreter\linkResolver.cpp, line 759]
Event: 12.150 Thread 0x0000020f542828b0 Exception <a 'java/lang/NoSuchMethodError'{0x000000070858c310}: 'java.lang.Object java.lang.invoke.DirectMethodHandle$Holder.newInvokeSpecial(java.lang.Object, java.lang.Object, int, java.lang.Object, int)'> (0x000000070858c310) 
thrown [s\src\hotspot\share\interpreter\linkResolver.cpp, line 759]
Event: 12.151 Thread 0x0000020f542828b0 Exception <a 'java/lang/NoSuchMethodError'{0x0000000708590410}: 'java.lang.Object java.lang.invoke.DirectMethodHandle$Holder.invokeSpecial(java.lang.Object, java.lang.Object, java.lang.Object, int, java.lang.Object, int)'> (0x0000000708590410) 
thrown [s\src\hotspot\share\interpreter\linkResolver.cpp, line 759]
Event: 40.950 Thread 0x0000020f775308d0 Exception <a 'java/lang/NoSuchMethodError'{0x0000000707f6d278}: 'java.lang.Object java.lang.invoke.DirectMethodHandle$Holder.invokeSpecial(java.lang.Object, java.lang.Object, java.lang.Object, java.lang.Object, java.lang.Object, long)'> (0x0000000707f6d278) 
thrown [s\src\hotspot\share\interpreter\linkResolver.cpp, line 759]
Event: 40.950 Thread 0x0000020f775308d0 Exception <a 'java/lang/NoSuchMethodError'{0x0000000707f70cb8}: 'java.lang.Object java.lang.invoke.Invokers$Holder.linkToTargetMethod(java.lang.Object, java.lang.Object, java.lang.Object, long, java.lang.Object)'> (0x0000000707f70cb8) 
thrown [s\src\hotspot\share\interpreter\linkResolver.cpp, line 759]
Event: 41.006 Thread 0x0000020f775308d0 Exception <a 'java/lang/NoSuchMethodError'{0x0000000707c99390}: getSession> (0x0000000707c99390) 
thrown [s\src\hotspot\share\prims\jni.cpp, line 1073]
Event: 41.651 Thread 0x0000020f7b71e180 Implicit null exception at 0x0000020f5f40fad7 to 0x0000020f5f4100c4
Event: 41.652 Thread 0x0000020f7b71e180 Implicit null exception at 0x0000020f5f411a57 to 0x0000020f5f412018

VM Operations (20 events):
Event: 41.618 Executing VM operation: HandshakeAllThreads
Event: 41.618 Executing VM operation: HandshakeAllThreads done
Event: 41.999 Executing VM operation: G1CollectForAllocation
Event: 42.006 Executing VM operation: G1CollectForAllocation done
Event: 42.569 Executing VM operation: ChangeBreakpoints
Event: 42.570 Executing VM operation: ChangeBreakpoints done
Event: 42.570 Executing VM operation: ChangeBreakpoints
Event: 42.572 Executing VM operation: ChangeBreakpoints done
Event: 42.573 Executing VM operation: get/set locals
Event: 42.573 Executing VM operation: get/set locals done
Event: 42.573 Executing VM operation: get/set locals
Event: 42.573 Executing VM operation: get/set locals done
Event: 42.583 Executing VM operation: HandshakeAllThreads
Event: 42.583 Executing VM operation: HandshakeAllThreads done
Event: 42.585 Executing VM operation: HandshakeAllThreads
Event: 42.585 Executing VM operation: HandshakeAllThreads done
Event: 42.586 Executing VM operation: get/set locals
Event: 42.586 Executing VM operation: get/set locals done
Event: 42.586 Executing VM operation: get/set locals
Event: 42.586 Executing VM operation: get/set locals done

Events (20 events):
Event: 42.147 loading class java/lang/NegativeArraySizeException
Event: 42.147 loading class java/lang/NegativeArraySizeException done
Event: 42.178 loading class java/net/URLClassLoader$2
Event: 42.178 loading class java/net/URLClassLoader$2 done
Event: 42.277 loading class sun/net/www/protocol/jrt/JavaRuntimeURLConnection
Event: 42.277 loading class sun/net/www/protocol/jrt/JavaRuntimeURLConnection done
Event: 42.278 loading class sun/net/www/protocol/jrt/JavaRuntimeURLConnection$1
Event: 42.278 loading class sun/net/www/protocol/jrt/JavaRuntimeURLConnection$1 done
Event: 42.288 loading class java/text/MessageFormat$Field
Event: 42.288 loading class java/text/MessageFormat$Field done
Event: 42.553 loading class java/util/Hashtable$ValueCollection
Event: 42.553 loading class java/util/Hashtable$ValueCollection done
Event: 42.565 loading class java/net/URLClassLoader$1
Event: 42.565 loading class java/net/URLClassLoader$1 done
Event: 42.584 loading class sun/nio/cs/ISO_8859_1$Encoder
Event: 42.584 loading class sun/nio/cs/ISO_8859_1$Encoder done
Event: 42.585 loading class sun/nio/cs/Surrogate$Parser
Event: 42.585 loading class sun/nio/cs/Surrogate$Parser done
Event: 42.585 loading class sun/nio/cs/Surrogate
Event: 42.585 loading class sun/nio/cs/Surrogate done


Dynamic libraries:
0x00007ff666180000 - 0x00007ff66618e000 	C:\Users\JPiccione\.p2\pool\plugins\org.eclipse.justj.openjdk.hotspot.jre.full.win32.x86_64_17.0.8.v20230831-1047\jre\bin\javaw.exe
0x0000020f52010000 - 0x0000020f52207000 	C:\windows\SYSTEM32\ntd1l.dll
0x0000020f51ac0000 - 0x0000020f51b7d000 	C:\windows\System32\kern3l32.dll
0x00007ffd84d90000 - 0x00007ffd84f87000 	C:\windows\SYSTEM32\ntdll.dll
0x00007ffd84be0000 - 0x00007ffd84c9d000 	C:\windows\System32\KERNEL32.DLL
0x00007ffd82630000 - 0x00007ffd82926000 	C:\windows\System32\KERNELBASE.dll
0x00007ffd81ee0000 - 0x00007ffd821f3000 	C:\Program Files\SentinelOne\Sentinel Agent 23.1.4.650\InProcessClient64.dll
0x00007ffd83ab0000 - 0x00007ffd83b5e000 	C:\windows\System32\ADVAPI32.dll
0x00007ffd843a0000 - 0x00007ffd8443e000 	C:\windows\System32\msvcrt.dll
0x00007ffd82df0000 - 0x00007ffd82e8c000 	C:\windows\System32\sechost.dll
0x00007ffd83130000 - 0x00007ffd83256000 	C:\windows\System32\RPCRT4.dll
0x00007ffd82a60000 - 0x00007ffd82b60000 	C:\windows\System32\ucrtbase.dll
0x00007ffd7a5c0000 - 0x00007ffd7a5d9000 	C:\Users\JPiccione\.p2\pool\plugins\org.eclipse.justj.openjdk.hotspot.jre.full.win32.x86_64_17.0.8.v20230831-1047\jre\bin\VCRUNTIME140.dll
0x00007ffd7a5e0000 - 0x00007ffd7a5f7000 	C:\Users\JPiccione\.p2\pool\plugins\org.eclipse.justj.openjdk.hotspot.jre.full.win32.x86_64_17.0.8.v20230831-1047\jre\bin\jli.dll
0x00007ffd84770000 - 0x00007ffd8490e000 	C:\windows\System32\USER32.dll
0x00007ffd57d80000 - 0x00007ffd5801a000 	C:\windows\WinSxS\amd64_microsoft.windows.common-controls_6595b64144ccf1df_6.0.19041.3570_none_60bb2a3971f3e41a\COMCTL32.dll
0x00007ffd82600000 - 0x00007ffd82622000 	C:\windows\System32\win32u.dll
0x00007ffd83b60000 - 0x00007ffd83b8c000 	C:\windows\System32\GDI32.dll
0x00007ffd824e0000 - 0x00007ffd825fa000 	C:\windows\System32\gdi32full.dll
0x00007ffd82930000 - 0x00007ffd829cd000 	C:\windows\System32\msvcp_win.dll
0x00007ffd81ed0000 - 0x00007ffd81eda000 	C:\windows\SYSTEM32\VERSION.dll
0x00007ffd81ec0000 - 0x00007ffd81ecb000 	C:\windows\SYSTEM32\FLTLIB.DLL
0x00007ffd830a0000 - 0x00007ffd830d0000 	C:\windows\System32\IMM32.DLL
0x00007ffd7a900000 - 0x00007ffd7a90c000 	C:\Users\JPiccione\.p2\pool\plugins\org.eclipse.justj.openjdk.hotspot.jre.full.win32.x86_64_17.0.8.v20230831-1047\jre\bin\vcruntime140_1.dll
0x00007ffd5b260000 - 0x00007ffd5b2f1000 	C:\Users\JPiccione\.p2\pool\plugins\org.eclipse.justj.openjdk.hotspot.jre.full.win32.x86_64_17.0.8.v20230831-1047\jre\bin\msvcp140.dll
0x00007ffd41350000 - 0x00007ffd41f9c000 	C:\Users\JPiccione\.p2\pool\plugins\org.eclipse.justj.openjdk.hotspot.jre.full.win32.x86_64_17.0.8.v20230831-1047\jre\bin\server\jvm.dll
0x00007ffd81690000 - 0x00007ffd816db000 	C:\windows\SYSTEM32\POWRPROF.dll
0x00007ffd78b90000 - 0x00007ffd78b99000 	C:\windows\SYSTEM32\WSOCK32.dll
0x00007ffd844d0000 - 0x00007ffd8453b000 	C:\windows\System32\WS2_32.dll
0x00007ffd67830000 - 0x00007ffd67857000 	C:\windows\SYSTEM32\WINMM.dll
0x00007ffd81550000 - 0x00007ffd81562000 	C:\windows\SYSTEM32\UMPDC.dll
0x00007ffd7fd70000 - 0x00007ffd7fd82000 	C:\windows\SYSTEM32\kernel.appcore.dll
0x00007ffd7a5a0000 - 0x00007ffd7a5aa000 	C:\Users\JPiccione\.p2\pool\plugins\org.eclipse.justj.openjdk.hotspot.jre.full.win32.x86_64_17.0.8.v20230831-1047\jre\bin\jimage.dll
0x00007ffd78610000 - 0x00007ffd787f4000 	C:\windows\SYSTEM32\DBGHELP.DLL
0x00007ffd782a0000 - 0x00007ffd782d4000 	C:\windows\SYSTEM32\dbgcore.DLL
0x00007ffd829d0000 - 0x00007ffd82a52000 	C:\windows\System32\bcryptPrimitives.dll
0x00007ffd5b300000 - 0x00007ffd5b37b000 	C:\Program Files\SentinelOne\Sentinel Agent 23.1.4.650\SentinelJava64.dll
0x00007ffd84910000 - 0x00007ffd84a3b000 	C:\windows\System32\ole32.dll
0x00007ffd832e0000 - 0x00007ffd83634000 	C:\windows\System32\combase.dll
0x00007ffd7a4c0000 - 0x00007ffd7a4e5000 	C:\Users\JPiccione\.p2\pool\plugins\org.eclipse.justj.openjdk.hotspot.jre.full.win32.x86_64_17.0.8.v20230831-1047\jre\bin\java.dll
0x00007ffd79c30000 - 0x00007ffd79c48000 	C:\Users\JPiccione\.p2\pool\plugins\org.eclipse.justj.openjdk.hotspot.jre.full.win32.x86_64_17.0.8.v20230831-1047\jre\bin\zip.dll
0x00007ffd83c50000 - 0x00007ffd84394000 	C:\windows\System32\SHELL32.dll
0x00007ffd7fee0000 - 0x00007ffd8067b000 	C:\windows\SYSTEM32\windows.storage.dll
0x00007ffd81b70000 - 0x00007ffd81b9d000 	C:\windows\SYSTEM32\Wldp.dll
0x00007ffd83ba0000 - 0x00007ffd83c4d000 	C:\windows\System32\SHCORE.dll
0x00007ffd82e90000 - 0x00007ffd82ee5000 	C:\windows\System32\shlwapi.dll
0x00007ffd823a0000 - 0x00007ffd823c5000 	C:\windows\SYSTEM32\profapi.dll
0x00007ffd79730000 - 0x00007ffd79749000 	C:\Users\JPiccione\.p2\pool\plugins\org.eclipse.justj.openjdk.hotspot.jre.full.win32.x86_64_17.0.8.v20230831-1047\jre\bin\net.dll
0x00007ffd810f0000 - 0x00007ffd811fa000 	C:\windows\SYSTEM32\WINHTTP.dll
0x00007ffd818d0000 - 0x00007ffd8193a000 	C:\windows\system32\mswsock.dll
0x00007ffd78a50000 - 0x00007ffd78a65000 	C:\Users\JPiccione\.p2\pool\plugins\org.eclipse.justj.openjdk.hotspot.jre.full.win32.x86_64_17.0.8.v20230831-1047\jre\bin\nio.dll
0x00007ffd81ac0000 - 0x00007ffd81ad8000 	C:\windows\SYSTEM32\CRYPTSP.dll
0x00007ffd81060000 - 0x00007ffd81094000 	C:\windows\system32\rsaenh.dll
0x00007ffd82bb0000 - 0x00007ffd82bd7000 	C:\windows\System32\bcrypt.dll
0x00007ffd82360000 - 0x00007ffd8238e000 	C:\windows\SYSTEM32\USERENV.dll
0x00007ffd81ae0000 - 0x00007ffd81aec000 	C:\windows\SYSTEM32\CRYPTBASE.dll
0x00007ffd81570000 - 0x00007ffd815ab000 	C:\windows\SYSTEM32\IPHLPAPI.DLL
0x00007ffd84a50000 - 0x00007ffd84a58000 	C:\windows\System32\NSI.dll
0x00007ffd7bbd0000 - 0x00007ffd7bbe7000 	C:\windows\SYSTEM32\dhcpcsvc6.DLL
0x00007ffd7ba80000 - 0x00007ffd7ba9d000 	C:\windows\SYSTEM32\dhcpcsvc.DLL
0x00007ffd815c0000 - 0x00007ffd8168a000 	C:\windows\SYSTEM32\DNSAPI.dll
0x00007ffd7a4b0000 - 0x00007ffd7a4be000 	C:\Users\JPiccione\.p2\pool\plugins\org.eclipse.justj.openjdk.hotspot.jre.full.win32.x86_64_17.0.8.v20230831-1047\jre\bin\sunmscapi.dll
0x00007ffd82be0000 - 0x00007ffd82d3d000 	C:\windows\System32\CRYPT32.dll
0x00007ffd81be0000 - 0x00007ffd81c07000 	C:\windows\SYSTEM32\ncrypt.dll
0x00007ffd81ba0000 - 0x00007ffd81bdb000 	C:\windows\SYSTEM32\NTASN1.dll
0x00007ffd7a5b0000 - 0x00007ffd7a5b9000 	C:\Users\JPiccione\.p2\pool\plugins\org.eclipse.justj.openjdk.hotspot.jre.full.win32.x86_64_17.0.8.v20230831-1047\jre\bin\management.dll
0x00007ffd78b70000 - 0x00007ffd78b7b000 	C:\Users\JPiccione\.p2\pool\plugins\org.eclipse.justj.openjdk.hotspot.jre.full.win32.x86_64_17.0.8.v20230831-1047\jre\bin\management_ext.dll
0x00007ffd84a40000 - 0x00007ffd84a48000 	C:\windows\System32\PSAPI.DLL
0x00007ffd7a590000 - 0x00007ffd7a5a0000 	C:\Users\JPiccione\.p2\pool\plugins\org.eclipse.justj.openjdk.hotspot.jre.full.win32.x86_64_17.0.8.v20230831-1047\jre\bin\verify.dll
0x00007ffd78150000 - 0x00007ffd7815a000 	C:\Windows\System32\rasadhlp.dll
0x00007ffd7ca40000 - 0x00007ffd7cac2000 	C:\windows\System32\fwpuclnt.dll
0x00007ffd75540000 - 0x00007ffd75557000 	C:\windows\system32\napinsp.dll
0x00007ffd75480000 - 0x00007ffd7549b000 	C:\windows\system32\pnrpnsp.dll
0x00007ffd7d700000 - 0x00007ffd7d715000 	C:\windows\system32\wshbth.dll
0x00007ffd7a400000 - 0x00007ffd7a41d000 	C:\windows\system32\NLAapi.dll
0x00007ffd74ea0000 - 0x00007ffd74eb2000 	C:\windows\System32\winrnr.dll
0x00007ffd75ed0000 - 0x00007ffd75ed7000 	C:\windows\system32\wshunix.dll

dbghelp: loaded successfully - version: 4.0.5 - missing functions: none
symbol engine: initialized successfully - sym options: 0x614 - pdb path: .;C:\Users\JPiccione\.p2\pool\plugins\org.eclipse.justj.openjdk.hotspot.jre.full.win32.x86_64_17.0.8.v20230831-1047\jre\bin;C:\windows\SYSTEM32;C:\Program Files\SentinelOne\Sentinel Agent 23.1.4.650;C:\windows\WinSxS\amd64_microsoft.windows.common-controls_6595b64144ccf1df_6.0.19041.3570_none_60bb2a3971f3e41a;C:\Users\JPiccione\.p2\pool\plugins\org.eclipse.justj.openjdk.hotspot.jre.full.win32.x86_64_17.0.8.v20230831-1047\jre\bin\server

VM Arguments:
jvm_args: -Dfile.encoding=UTF-8 -XX:+ShowCodeDetailsInExceptionMessages -agentpath:C:\Program Files\SentinelOne\Sentinel Agent 23.1.4.650\SentinelJava64.dll 
java_command: com.spencer.ItemApp.ItemAppApplication
java_class_path (initial): C:\Users\JPiccione\OneDrive - Spencer Gifts LLC\Documents\ItemApp\target\classes;C:\Users\JPiccione\.m2\repository\org\springframework\boot\spring-boot-starter-data-jpa\3.1.4\spring-boot-starter-data-jpa-3.1.4.jar;C:\Users\JPiccione\.m2\repository\org\springframework\boot\spring-boot-starter-aop\3.1.4\spring-boot-starter-aop-3.1.4.jar;C:\Users\JPiccione\.m2\repository\org\aspectj\aspectjweaver\1.9.20\aspectjweaver-1.9.20.jar;C:\Users\JPiccione\.m2\repository\org\springframework\boot\spring-boot-starter-jdbc\3.1.4\spring-boot-starter-jdbc-3.1.4.jar;C:\Users\JPiccione\.m2\repository\com\zaxxer\HikariCP\5.0.1\HikariCP-5.0.1.jar;C:\Users\JPiccione\.m2\repository\org\springframework\spring-jdbc\6.0.12\spring-jdbc-6.0.12.jar;C:\Users\JPiccione\.m2\repository\org\hibernate\orm\hibernate-core\6.2.9.Final\hibernate-core-6.2.9.Final.jar;C:\Users\JPiccione\.m2\repository\jakarta\persistence\jakarta.persistence-api\3.1.0\jakarta.persistence-api-3.1.0.jar;C:\Users\JPiccione\.m2\repository\jakarta\transaction\jakarta.transaction-api\2.0.1\jakarta.transaction-api-2.0.1.jar;C:\Users\JPiccione\.m2\repository\org\jboss\logging\jboss-logging\3.5.3.Final\jboss-logging-3.5.3.Final.jar;C:\Users\JPiccione\.m2\repository\org\hibernate\common\hibernate-commons-annotations\6.0.6.Final\hibernate-commons-annotations-6.0.6.Final.jar;C:\Users\JPiccione\.m2\repository\io\smallrye\jandex\3.0.5\jandex-3.0.5.jar;C:\Users\JPiccione\.m2\repository\com\fasterxml\classmate\1.5.1\classmate-1.5.1.jar;C:\Users\JPiccione\.m2\repository\net\bytebuddy\byte-buddy\1.14.8\byte-buddy-1.14.8.jar;C:\Users\JPiccione\.m2\repository\org\glassfish\jaxb\jaxb-runtime\4.0.3\jaxb-runtime-4.0.3.jar;C:\Users\JPiccione\.m2\repository\org\glassfish\jaxb\jaxb-core\4.0.3\jaxb-core-4.0.3.jar;C:\Users\JPiccione\.m2\repository\org\eclipse\angus\angus-activation\2.0.1\angus-activation-2.0.1.jar;C:\Users\JPiccione\.m2\repository\org\glassfish\jaxb\txw2\4.0.3\txw2-4.0.3.jar;C:\Users\JPiccione\.m2\repositor
Launcher Type: SUN_STANDARD

[Global flags]
     intx CICompilerCount                          = 3                                         {product} {ergonomic}
     uint ConcGCThreads                            = 1                                         {product} {ergonomic}
     uint G1ConcRefinementThreads                  = 4                                         {product} {ergonomic}
   size_t G1HeapRegionSize                         = 2097152                                   {product} {ergonomic}
    uintx GCDrainStackTargetSize                   = 64                                        {product} {ergonomic}
   size_t InitialHeapSize                          = 264241152                                 {product} {ergonomic}
   size_t MarkStackSize                            = 4194304                                   {product} {ergonomic}
   size_t MaxHeapSize                              = 4215275520                                {product} {ergonomic}
   size_t MaxNewSize                               = 2529165312                                {product} {ergonomic}
   size_t MinHeapDeltaBytes                        = 2097152                                   {product} {ergonomic}
   size_t MinHeapSize                              = 8388608                                   {product} {ergonomic}
    uintx NonNMethodCodeHeapSize                   = 5832780                                {pd product} {ergonomic}
    uintx NonProfiledCodeHeapSize                  = 122912730                              {pd product} {ergonomic}
    uintx ProfiledCodeHeapSize                     = 122912730                              {pd product} {ergonomic}
    uintx ReservedCodeCacheSize                    = 251658240                              {pd product} {ergonomic}
     bool SegmentedCodeCache                       = true                                      {product} {ergonomic}
     bool ShowCodeDetailsInExceptionMessages       = true                                   {manageable} {command line}
   size_t SoftMaxHeapSize                          = 4215275520                             {manageable} {ergonomic}
     bool UseCompressedClassPointers               = true                           {product lp64_product} {ergonomic}
     bool UseCompressedOops                        = true                           {product lp64_product} {ergonomic}
     bool UseG1GC                                  = true                                      {product} {ergonomic}
     bool UseLargePagesIndividualAllocation        = false                                  {pd product} {ergonomic}

Logging:
Log output configuration:
 #0: stdout all=warning uptime,level,tags
 #1: stderr all=off uptime,level,tags

Environment Variables:
PATH=C:/Users/JPiccione/.p2/pool/plugins/org.eclipse.justj.openjdk.hotspot.jre.full.win32.x86_64_17.0.8.v20230831-1047/jre/bin/server;C:/Users/JPiccione/.p2/pool/plugins/org.eclipse.justj.openjdk.hotspot.jre.full.win32.x86_64_17.0.8.v20230831-1047/jre/bin;C:\Program Files\Common Files\Oracle\Java\javapath;C:\Program Files (x86)\Common Files\Oracle\Java\javapath;C:\Program Files\Microsoft\jdk-11.0.16.101-hotspot\bin;C:\Program Files (x86)\Business Objects\Common\3.5\bin\NOTES\;C:\Program Files (x86)\Business Objects\Common\3.5\bin\NOTES\DATA\;C:\windows\system32;C:\windows;C:\windows\System32\Wbem;C:\windows\System32\WindowsPowerShell\v1.0\;C:\windows\System32\OpenSSH\;C:\Program Files (x86)\IBM\Client Access\Emulator;C:\Program Files (x86)\IBM\Client Access\Shared;C:\Program Files (x86)\IBM\Client Access\;C:\Program Files (x86)\HEAT\;C:\Program Files (x86)\Microsoft SQL Server\160\DTS\Binn\;C:\Program Files\Azure Data Studio\bin;C:\Program Files\PuTTY\;C:\Program Files\Git\cmd;C:\Program Files\Microsoft SQL Server\150\Tools\Binn\;C:\Program Files\Microsoft SQL Server\Client SDK\ODBC\170\Tools\Binn\;C:\Program Files\dotnet\;C:\Program Files (x86)\Windows Kits\10\Windows Performance Toolkit\;c:\Program Files (x86)\Microsoft SQL Server\110\Tools\Binn\;c:\Program Files\Microsoft SQL Server\110\Tools\Binn\;c:\Program Files\Microsoft SQL Server\110\DTS\Binn\;C:\Program Files (x86)\Microsoft SQL Server\150\Tools\Binn\;C:\Program Files\Microsoft SQL Server\150\DTS\Binn\;C:\Users\JPiccione\AppData\Local\Microsoft\WindowsApps;C:\Program Files\Azure Data Studio\bin;C:\Users\JPiccione\.dotnet\tools;C:\Users\JPiccione\AppData\Local\Programs\Azure Data Studio\bin;C:\Program Files\JetBrains\IntelliJ IDEA 2023.2\bin;;C:\Users\JPiccione\AppData\Local\GitHubDesktop\bin;C:\Users\JPiccione\OneDrive - Spencer Gifts LLC\Desktop;
USERNAME=JPiccione
OS=Windows_NT
PROCESSOR_IDENTIFIER=Intel64 Family 6 Model 61 Stepping 4, GenuineIntel
TMP=C:\Users\JPICCI~1\AppData\Local\Temp
TEMP=C:\Users\JPICCI~1\AppData\Local\Temp



---------------  S Y S T E M  ---------------

OS:
 Windows 10 , 64 bit Build 19041 (10.0.19041.3570)
OS uptime: 6 days 23:23 hours

CPU: total 4 (initial active 4) (2 cores per cpu, 2 threads per core) family 6 model 61 stepping 4 microcode 0x2d, cx8, cmov, fxsr, ht, mmx, 3dnowpref, sse, sse2, sse3, ssse3, sse4.1, sse4.2, popcnt, lzcnt, tsc, tscinvbit, avx, avx2, aes, erms, clmul, bmi1, bmi2, rtm, adx, fma, vzeroupper, clflush
Processor Information for all 4 processors :
  Max Mhz: 2594, Current Mhz: 2594, Mhz Limit: 2594

Memory: 4k page, system-wide physical 16079M (6363M free)
TotalPageFile size 18511M (AvailPageFile size 6672M)
current process WorkingSet (physical memory assigned to process): 287M, peak: 323M
current process commit charge ("private bytes"): 304M, peak: 371M

vm_info: OpenJDK 64-Bit Server VM (17.0.8.1+1) for windows-amd64 JRE (17.0.8.1+1), built on Aug 23 2023 15:29:17 by "admin" with MS VC++ 16.7 (VS2019)

END.
