#
# A fatal error has been detected by the Java Runtime Environment:
#
#  EXCEPTION_ACCESS_VIOLATION (0xc0000005) at pc=0x00007ffb7dbd0451, pid=8196, tid=9844
#
# JRE version: OpenJDK Runtime Environment Temurin-17.0.8.1+1 (17.0.8.1+1) (build 17.0.8.1+1)
# Java VM: OpenJDK 64-Bit Server VM Temurin-17.0.8.1+1 (17.0.8.1+1, mixed mode, tiered, compressed oops, compressed class ptrs, g1 gc, windows-amd64)
# Problematic frame:
# V  [jvm.dll+0x560451]
#
# No core dump will be written. Minidumps are not enabled by default on client versions of Windows
#
# If you would like to submit a bug report, please visit:
#   https://github.com/adoptium/adoptium-support/issues
#

---------------  S U M M A R Y ------------

Command Line: -Dfile.encoding=UTF-8 -XX:+ShowCodeDetailsInExceptionMessages -agentpath:C:\Program Files\SentinelOne\Sentinel Agent 23.1.4.650\SentinelJava64.dll com.spencer.ItemApp.ItemAppApplication

Host: Intel(R) Core(TM) i7-5600U CPU @ 2.60GHz, 4 cores, 15G,  Windows 10 , 64 bit Build 19041 (10.0.19041.3570)
Time: Tue Nov 21 14:32:46 2023 Eastern Standard Time elapsed time: 20.899834 seconds (0d 0h 0m 20s)

---------------  T H R E A D  ---------------

Current thread (0x000002108e99fc80):  JavaThread "http-nio-8080-exec-1" daemon [_thread_in_vm, id=9844, stack(0x0000002f8be00000,0x0000002f8bf00000)]

Stack: [0x0000002f8be00000,0x0000002f8bf00000],  sp=0x0000002f8bef8e40,  free space=995k
Native frames: (J=compiled Java code, j=interpreted, Vv=VM code, C=native code)
V  [jvm.dll+0x560451]
V  [jvm.dll+0x385914]
V  [jvm.dll+0x384f7f]
C  0x00000210f695bb83

Java frames: (J=compiled Java code, j=interpreted, Vv=VM code)
j  org.springframework.security.web.servletapi.SecurityContextHolderAwareRequestWrapper.getAuthentication()Lorg/springframework/security/core/Authentication;+4
j  org.springframework.security.web.servletapi.SecurityContextHolderAwareRequestWrapper.isGranted(Ljava/lang/String;)Z+1
j  org.springframework.security.web.servletapi.SecurityContextHolderAwareRequestWrapper.isUserInRole(Ljava/lang/String;)Z+2
v  ~StubRoutines::call_stub
j  org.apache.jasper.runtime.HttpJspBase.service(Ljakarta/servlet/http/HttpServletRequest;Ljakarta/servlet/http/HttpServletResponse;)V+0
j  jakarta.servlet.http.HttpServlet.service(Ljakarta/servlet/ServletRequest;Ljakarta/servlet/ServletResponse;)V+36
j  org.apache.jasper.servlet.JspServletWrapper.service(Ljakarta/servlet/http/HttpServletRequest;Ljakarta/servlet/http/HttpServletResponse;Z)V+372
j  org.apache.jasper.servlet.JspServlet.serviceJspFile(Ljakarta/servlet/http/HttpServletRequest;Ljakarta/servlet/http/HttpServletResponse;Ljava/lang/String;Z)V+112
j  org.apache.jasper.servlet.JspServlet.service(Ljakarta/servlet/http/HttpServletRequest;Ljakarta/servlet/http/HttpServletResponse;)V+228
j  jakarta.servlet.http.HttpServlet.service(Ljakarta/servlet/ServletRequest;Ljakarta/servlet/ServletResponse;)V+36
j  org.apache.catalina.core.ApplicationFilterChain.internalDoFilter(Ljakarta/servlet/ServletRequest;Ljakarta/servlet/ServletResponse;)V+305
j  org.apache.catalina.core.ApplicationFilterChain.doFilter(Ljakarta/servlet/ServletRequest;Ljakarta/servlet/ServletResponse;)V+99
j  org.apache.tomcat.websocket.server.WsFilter.doFilter(Ljakarta/servlet/ServletRequest;Ljakarta/servlet/ServletResponse;Ljakarta/servlet/FilterChain;)V+21
j  org.apache.catalina.core.ApplicationFilterChain.internalDoFilter(Ljakarta/servlet/ServletRequest;Ljakarta/servlet/ServletResponse;)V+135
j  org.apache.catalina.core.ApplicationFilterChain.doFilter(Ljakarta/servlet/ServletRequest;Ljakarta/servlet/ServletResponse;)V+99
j  org.springframework.security.web.FilterChainProxy.lambda$doFilterInternal$3(Lorg/springframework/security/web/firewall/FirewalledRequest;Ljakarta/servlet/FilterChain;Ljakarta/servlet/ServletRequest;Ljakarta/servlet/ServletResponse;)V+35
j  org.springframework.security.web.FilterChainProxy$$Lambda$1366+0x0000000800997cf0.doFilter(Ljakarta/servlet/ServletRequest;Ljakarta/servlet/ServletResponse;)V+10
j  org.springframework.security.web.FilterChainProxy$VirtualFilterChain.doFilter(Ljakarta/servlet/ServletRequest;Ljakarta/servlet/ServletResponse;)V+17
j  org.springframework.security.web.access.intercept.AuthorizationFilter.doFilter(Ljakarta/servlet/ServletRequest;Ljakarta/servlet/ServletResponse;Ljakarta/servlet/FilterChain;)V+143
j  org.springframework.security.web.FilterChainProxy$VirtualFilterChain.doFilter(Ljakarta/servlet/ServletRequest;Ljakarta/servlet/ServletResponse;)V+105
j  org.springframework.security.web.access.ExceptionTranslationFilter.doFilter(Ljakarta/servlet/http/HttpServletRequest;Ljakarta/servlet/http/HttpServletResponse;Ljakarta/servlet/FilterChain;)V+3
j  org.springframework.security.web.access.ExceptionTranslationFilter.doFilter(Ljakarta/servlet/ServletRequest;Ljakarta/servlet/ServletResponse;Ljakarta/servlet/FilterChain;)V+10
j  org.springframework.security.web.FilterChainProxy$VirtualFilterChain.doFilter(Ljakarta/servlet/ServletRequest;Ljakarta/servlet/ServletResponse;)V+105
j  org.springframework.security.web.authentication.AnonymousAuthenticationFilter.doFilter(Ljakarta/servlet/ServletRequest;Ljakarta/servlet/ServletResponse;Ljakarta/servlet/FilterChain;)V+33
j  org.springframework.security.web.FilterChainProxy$VirtualFilterChain.doFilter(Ljakarta/servlet/ServletRequest;Ljakarta/servlet/ServletResponse;)V+105
j  org.springframework.security.web.servletapi.SecurityContextHolderAwareRequestFilter.doFilter(Ljakarta/servlet/ServletRequest;Ljakarta/servlet/ServletResponse;Ljakarta/servlet/FilterChain;)V+19
j  org.springframework.security.web.FilterChainProxy$VirtualFilterChain.doFilter(Ljakarta/servlet/ServletRequest;Ljakarta/servlet/ServletResponse;)V+105
j  org.springframework.security.web.savedrequest.RequestCacheAwareFilter.doFilter(Ljakarta/servlet/ServletRequest;Ljakarta/servlet/ServletResponse;Ljakarta/servlet/FilterChain;)V+32
j  org.springframework.security.web.FilterChainProxy$VirtualFilterChain.doFilter(Ljakarta/servlet/ServletRequest;Ljakarta/servlet/ServletResponse;)V+105
j  org.springframework.security.web.authentication.AbstractAuthenticationProcessingFilter.doFilter(Ljakarta/servlet/http/HttpServletRequest;Ljakarta/servlet/http/HttpServletResponse;Ljakarta/servlet/FilterChain;)V+12
j  org.springframework.security.web.authentication.AbstractAuthenticationProcessingFilter.doFilter(Ljakarta/servlet/ServletRequest;Ljakarta/servlet/ServletResponse;Ljakarta/servlet/FilterChain;)V+10
j  org.springframework.security.web.FilterChainProxy$VirtualFilterChain.doFilter(Ljakarta/servlet/ServletRequest;Ljakarta/servlet/ServletResponse;)V+105
j  org.springframework.security.web.authentication.logout.LogoutFilter.doFilter(Ljakarta/servlet/http/HttpServletRequest;Ljakarta/servlet/http/HttpServletResponse;Ljakarta/servlet/FilterChain;)V+83
j  org.springframework.security.web.authentication.logout.LogoutFilter.doFilter(Ljakarta/servlet/ServletRequest;Ljakarta/servlet/ServletResponse;Ljakarta/servlet/FilterChain;)V+10
j  org.springframework.security.web.FilterChainProxy$VirtualFilterChain.doFilter(Ljakarta/servlet/ServletRequest;Ljakarta/servlet/ServletResponse;)V+105
j  org.springframework.web.filter.OncePerRequestFilter.doFilter(Ljakarta/servlet/ServletRequest;Ljakarta/servlet/ServletResponse;Ljakarta/servlet/FilterChain;)V+125
j  org.springframework.security.web.FilterChainProxy$VirtualFilterChain.doFilter(Ljakarta/servlet/ServletRequest;Ljakarta/servlet/ServletResponse;)V+105
j  org.springframework.security.web.context.SecurityContextHolderFilter.doFilter(Ljakarta/servlet/http/HttpServletRequest;Ljakarta/servlet/http/HttpServletResponse;Ljakarta/servlet/FilterChain;)V+15
j  org.springframework.security.web.context.SecurityContextHolderFilter.doFilter(Ljakarta/servlet/ServletRequest;Ljakarta/servlet/ServletResponse;Ljakarta/servlet/FilterChain;)V+10
j  org.springframework.security.web.FilterChainProxy$VirtualFilterChain.doFilter(Ljakarta/servlet/ServletRequest;Ljakarta/servlet/ServletResponse;)V+105
j  org.springframework.web.filter.OncePerRequestFilter.doFilter(Ljakarta/servlet/ServletRequest;Ljakarta/servlet/ServletResponse;Ljakarta/servlet/FilterChain;)V+125
j  org.springframework.security.web.FilterChainProxy$VirtualFilterChain.doFilter(Ljakarta/servlet/ServletRequest;Ljakarta/servlet/ServletResponse;)V+105
j  org.springframework.web.filter.OncePerRequestFilter.doFilter(Ljakarta/servlet/ServletRequest;Ljakarta/servlet/ServletResponse;Ljakarta/servlet/FilterChain;)V+125
j  org.springframework.security.web.FilterChainProxy$VirtualFilterChain.doFilter(Ljakarta/servlet/ServletRequest;Ljakarta/servlet/ServletResponse;)V+105
j  org.springframework.security.web.FilterChainProxy.doFilterInternal(Ljakarta/servlet/ServletRequest;Ljakarta/servlet/ServletResponse;Ljakarta/servlet/FilterChain;)V+163
j  org.springframework.security.web.FilterChainProxy.doFilter(Ljakarta/servlet/ServletRequest;Ljakarta/servlet/ServletResponse;Ljakarta/servlet/FilterChain;)V+28
j  org.springframework.web.filter.DelegatingFilterProxy.invokeDelegate(Ljakarta/servlet/Filter;Ljakarta/servlet/ServletRequest;Ljakarta/servlet/ServletResponse;Ljakarta/servlet/FilterChain;)V+5
j  org.springframework.web.filter.DelegatingFilterProxy.doFilter(Ljakarta/servlet/ServletRequest;Ljakarta/servlet/ServletResponse;Ljakarta/servlet/FilterChain;)V+85
j  org.apache.catalina.core.ApplicationFilterChain.internalDoFilter(Ljakarta/servlet/ServletRequest;Ljakarta/servlet/ServletResponse;)V+135
j  org.apache.catalina.core.ApplicationFilterChain.doFilter(Ljakarta/servlet/ServletRequest;Ljakarta/servlet/ServletResponse;)V+99
j  org.springframework.web.filter.OncePerRequestFilter.doFilter(Ljakarta/servlet/ServletRequest;Ljakarta/servlet/ServletResponse;Ljakarta/servlet/FilterChain;)V+125
j  org.apache.catalina.core.ApplicationFilterChain.internalDoFilter(Ljakarta/servlet/ServletRequest;Ljakarta/servlet/ServletResponse;)V+135
j  org.apache.catalina.core.ApplicationFilterChain.doFilter(Ljakarta/servlet/ServletRequest;Ljakarta/servlet/ServletResponse;)V+99
j  org.springframework.web.filter.OncePerRequestFilter.doFilter(Ljakarta/servlet/ServletRequest;Ljakarta/servlet/ServletResponse;Ljakarta/servlet/FilterChain;)V+125
j  org.apache.catalina.core.ApplicationFilterChain.internalDoFilter(Ljakarta/servlet/ServletRequest;Ljakarta/servlet/ServletResponse;)V+135
j  org.apache.catalina.core.ApplicationFilterChain.doFilter(Ljakarta/servlet/ServletRequest;Ljakarta/servlet/ServletResponse;)V+99
j  org.springframework.web.filter.OncePerRequestFilter.doFilter(Ljakarta/servlet/ServletRequest;Ljakarta/servlet/ServletResponse;Ljakarta/servlet/FilterChain;)V+125
j  org.apache.catalina.core.ApplicationFilterChain.internalDoFilter(Ljakarta/servlet/ServletRequest;Ljakarta/servlet/ServletResponse;)V+135
j  org.apache.catalina.core.ApplicationFilterChain.doFilter(Ljakarta/servlet/ServletRequest;Ljakarta/servlet/ServletResponse;)V+99
j  org.apache.catalina.core.ApplicationDispatcher.invoke(Ljakarta/servlet/ServletRequest;Ljakarta/servlet/ServletResponse;Lorg/apache/catalina/core/ApplicationDispatcher$State;)V+341
j  org.apache.catalina.core.ApplicationDispatcher.processRequest(Ljakarta/servlet/ServletRequest;Ljakarta/servlet/ServletResponse;Lorg/apache/catalina/core/ApplicationDispatcher$State;)V+98
j  org.apache.catalina.core.ApplicationDispatcher.doForward(Ljakarta/servlet/ServletRequest;Ljakarta/servlet/ServletResponse;)V+363
j  org.apache.catalina.core.ApplicationDispatcher.forward(Ljakarta/servlet/ServletRequest;Ljakarta/servlet/ServletResponse;)V+55
j  org.springframework.security.web.header.HeaderWriterFilter$HeaderWriterRequestDispatcher.forward(Ljakarta/servlet/ServletRequest;Ljakarta/servlet/ServletResponse;)V+6
j  org.springframework.web.servlet.view.InternalResourceView.renderMergedOutputModel(Ljava/util/Map;Ljakarta/servlet/http/HttpServletRequest;Ljakarta/servlet/http/HttpServletResponse;)V+145
j  org.springframework.web.servlet.view.AbstractView.render(Ljava/util/Map;Ljakarta/servlet/http/HttpServletRequest;Ljakarta/servlet/http/HttpServletResponse;)V+91
j  org.springframework.web.servlet.DispatcherServlet.render(Lorg/springframework/web/servlet/ModelAndView;Ljakarta/servlet/http/HttpServletRequest;Ljakarta/servlet/http/HttpServletResponse;)V+188
j  org.springframework.web.servlet.DispatcherServlet.processDispatchResult(Ljakarta/servlet/http/HttpServletRequest;Ljakarta/servlet/http/HttpServletResponse;Lorg/springframework/web/servlet/HandlerExecutionChain;Lorg/springframework/web/servlet/ModelAndView;Ljava/lang/Exception;)V+103
j  org.springframework.web.servlet.DispatcherServlet.doDispatch(Ljakarta/servlet/http/HttpServletRequest;Ljakarta/servlet/http/HttpServletResponse;)V+365
j  org.springframework.web.servlet.DispatcherServlet.doService(Ljakarta/servlet/http/HttpServletRequest;Ljakarta/servlet/http/HttpServletResponse;)V+242
j  org.springframework.web.servlet.FrameworkServlet.processRequest(Ljakarta/servlet/http/HttpServletRequest;Ljakarta/servlet/http/HttpServletResponse;)V+70
j  org.springframework.web.servlet.FrameworkServlet.doGet(Ljakarta/servlet/http/HttpServletRequest;Ljakarta/servlet/http/HttpServletResponse;)V+3
j  jakarta.servlet.http.HttpServlet.service(Ljakarta/servlet/http/HttpServletRequest;Ljakarta/servlet/http/HttpServletResponse;)V+35
j  org.springframework.web.servlet.FrameworkServlet.service(Ljakarta/servlet/http/HttpServletRequest;Ljakarta/servlet/http/HttpServletResponse;)V+20
j  jakarta.servlet.http.HttpServlet.service(Ljakarta/servlet/ServletRequest;Ljakarta/servlet/ServletResponse;)V+36
j  org.apache.catalina.core.ApplicationFilterChain.internalDoFilter(Ljakarta/servlet/ServletRequest;Ljakarta/servlet/ServletResponse;)V+305
j  org.apache.catalina.core.ApplicationFilterChain.doFilter(Ljakarta/servlet/ServletRequest;Ljakarta/servlet/ServletResponse;)V+99
j  org.apache.tomcat.websocket.server.WsFilter.doFilter(Ljakarta/servlet/ServletRequest;Ljakarta/servlet/ServletResponse;Ljakarta/servlet/FilterChain;)V+21
j  org.apache.catalina.core.ApplicationFilterChain.internalDoFilter(Ljakarta/servlet/ServletRequest;Ljakarta/servlet/ServletResponse;)V+135
j  org.apache.catalina.core.ApplicationFilterChain.doFilter(Ljakarta/servlet/ServletRequest;Ljakarta/servlet/ServletResponse;)V+99
j  org.springframework.security.web.FilterChainProxy.lambda$doFilterInternal$3(Lorg/springframework/security/web/firewall/FirewalledRequest;Ljakarta/servlet/FilterChain;Ljakarta/servlet/ServletRequest;Ljakarta/servlet/ServletResponse;)V+35
j  org.springframework.security.web.FilterChainProxy$$Lambda$1366+0x0000000800997cf0.doFilter(Ljakarta/servlet/ServletRequest;Ljakarta/servlet/ServletResponse;)V+10
j  org.springframework.security.web.FilterChainProxy$VirtualFilterChain.doFilter(Ljakarta/servlet/ServletRequest;Ljakarta/servlet/ServletResponse;)V+17
j  org.springframework.security.web.access.intercept.AuthorizationFilter.doFilter(Ljakarta/servlet/ServletRequest;Ljakarta/servlet/ServletResponse;Ljakarta/servlet/FilterChain;)V+143
j  org.springframework.security.web.FilterChainProxy$VirtualFilterChain.doFilter(Ljakarta/servlet/ServletRequest;Ljakarta/servlet/ServletResponse;)V+105
j  org.springframework.security.web.access.ExceptionTranslationFilter.doFilter(Ljakarta/servlet/http/HttpServletRequest;Ljakarta/servlet/http/HttpServletResponse;Ljakarta/servlet/FilterChain;)V+3
j  org.springframework.security.web.access.ExceptionTranslationFilter.doFilter(Ljakarta/servlet/ServletRequest;Ljakarta/servlet/ServletResponse;Ljakarta/servlet/FilterChain;)V+10
j  org.springframework.security.web.FilterChainProxy$VirtualFilterChain.doFilter(Ljakarta/servlet/ServletRequest;Ljakarta/servlet/ServletResponse;)V+105
j  org.springframework.security.web.authentication.AnonymousAuthenticationFilter.doFilter(Ljakarta/servlet/ServletRequest;Ljakarta/servlet/ServletResponse;Ljakarta/servlet/FilterChain;)V+33
j  org.springframework.security.web.FilterChainProxy$VirtualFilterChain.doFilter(Ljakarta/servlet/ServletRequest;Ljakarta/servlet/ServletResponse;)V+105
j  org.springframework.security.web.servletapi.SecurityContextHolderAwareRequestFilter.doFilter(Ljakarta/servlet/ServletRequest;Ljakarta/servlet/ServletResponse;Ljakarta/servlet/FilterChain;)V+19
j  org.springframework.security.web.FilterChainProxy$VirtualFilterChain.doFilter(Ljakarta/servlet/ServletRequest;Ljakarta/servlet/ServletResponse;)V+105
j  org.springframework.security.web.savedrequest.RequestCacheAwareFilter.doFilter(Ljakarta/servlet/ServletRequest;Ljakarta/servlet/ServletResponse;Ljakarta/servlet/FilterChain;)V+32
j  org.springframework.security.web.FilterChainProxy$VirtualFilterChain.doFilter(Ljakarta/servlet/ServletRequest;Ljakarta/servlet/ServletResponse;)V+105
j  org.springframework.security.web.authentication.AbstractAuthenticationProcessingFilter.doFilter(Ljakarta/servlet/http/HttpServletRequest;Ljakarta/servlet/http/HttpServletResponse;Ljakarta/servlet/FilterChain;)V+12
j  org.springframework.security.web.authentication.AbstractAuthenticationProcessingFilter.doFilter(Ljakarta/servlet/ServletRequest;Ljakarta/servlet/ServletResponse;Ljakarta/servlet/FilterChain;)V+10
j  org.springframework.security.web.FilterChainProxy$VirtualFilterChain.doFilter(Ljakarta/servlet/ServletRequest;Ljakarta/servlet/ServletResponse;)V+105
j  org.springframework.security.web.authentication.logout.LogoutFilter.doFilter(Ljakarta/servlet/http/HttpServletRequest;Ljakarta/servlet/http/HttpServletResponse;Ljakarta/servlet/FilterChain;)V+83
j  org.springframework.security.web.authentication.logout.LogoutFilter.doFilter(Ljakarta/servlet/ServletRequest;Ljakarta/servlet/ServletResponse;Ljakarta/servlet/FilterChain;)V+10
j  org.springframework.security.web.FilterChainProxy$VirtualFilterChain.doFilter(Ljakarta/servlet/ServletRequest;Ljakarta/servlet/ServletResponse;)V+105
j  org.springframework.security.web.header.HeaderWriterFilter.doHeadersAfter(Ljakarta/servlet/http/HttpServletRequest;Ljakarta/servlet/http/HttpServletResponse;Ljakarta/servlet/FilterChain;)V+29
j  org.springframework.security.web.header.HeaderWriterFilter.doFilterInternal(Ljakarta/servlet/http/HttpServletRequest;Ljakarta/servlet/http/HttpServletResponse;Ljakarta/servlet/FilterChain;)V+21
j  org.springframework.web.filter.OncePerRequestFilter.doFilter(Ljakarta/servlet/ServletRequest;Ljakarta/servlet/ServletResponse;Ljakarta/servlet/FilterChain;)V+150
j  org.springframework.security.web.FilterChainProxy$VirtualFilterChain.doFilter(Ljakarta/servlet/ServletRequest;Ljakarta/servlet/ServletResponse;)V+105
j  org.springframework.security.web.context.SecurityContextHolderFilter.doFilter(Ljakarta/servlet/http/HttpServletRequest;Ljakarta/servlet/http/HttpServletResponse;Ljakarta/servlet/FilterChain;)V+59
j  org.springframework.security.web.context.SecurityContextHolderFilter.doFilter(Ljakarta/servlet/ServletRequest;Ljakarta/servlet/ServletResponse;Ljakarta/servlet/FilterChain;)V+10
j  org.springframework.security.web.FilterChainProxy$VirtualFilterChain.doFilter(Ljakarta/servlet/ServletRequest;Ljakarta/servlet/ServletResponse;)V+105
j  org.springframework.security.web.context.request.async.WebAsyncManagerIntegrationFilter.doFilterInternal(Ljakarta/servlet/http/HttpServletRequest;Ljakarta/servlet/http/HttpServletResponse;Ljakarta/servlet/FilterChain;)V+55
j  org.springframework.web.filter.OncePerRequestFilter.doFilter(Ljakarta/servlet/ServletRequest;Ljakarta/servlet/ServletResponse;Ljakarta/servlet/FilterChain;)V+150
j  org.springframework.security.web.FilterChainProxy$VirtualFilterChain.doFilter(Ljakarta/servlet/ServletRequest;Ljakarta/servlet/ServletResponse;)V+105
j  org.springframework.security.web.session.DisableEncodeUrlFilter.doFilterInternal(Ljakarta/servlet/http/HttpServletRequest;Ljakarta/servlet/http/HttpServletResponse;Ljakarta/servlet/FilterChain;)V+10
j  org.springframework.web.filter.OncePerRequestFilter.doFilter(Ljakarta/servlet/ServletRequest;Ljakarta/servlet/ServletResponse;Ljakarta/servlet/FilterChain;)V+150
j  org.springframework.security.web.FilterChainProxy$VirtualFilterChain.doFilter(Ljakarta/servlet/ServletRequest;Ljakarta/servlet/ServletResponse;)V+105
j  org.springframework.security.web.FilterChainProxy.doFilterInternal(Ljakarta/servlet/ServletRequest;Ljakarta/servlet/ServletResponse;Ljakarta/servlet/FilterChain;)V+163
j  org.springframework.security.web.FilterChainProxy.doFilter(Ljakarta/servlet/ServletRequest;Ljakarta/servlet/ServletResponse;Ljakarta/servlet/FilterChain;)V+48
j  org.springframework.web.filter.DelegatingFilterProxy.invokeDelegate(Ljakarta/servlet/Filter;Ljakarta/servlet/ServletRequest;Ljakarta/servlet/ServletResponse;Ljakarta/servlet/FilterChain;)V+5
j  org.springframework.web.filter.DelegatingFilterProxy.doFilter(Ljakarta/servlet/ServletRequest;Ljakarta/servlet/ServletResponse;Ljakarta/servlet/FilterChain;)V+85
j  org.apache.catalina.core.ApplicationFilterChain.internalDoFilter(Ljakarta/servlet/ServletRequest;Ljakarta/servlet/ServletResponse;)V+135
j  org.apache.catalina.core.ApplicationFilterChain.doFilter(Ljakarta/servlet/ServletRequest;Ljakarta/servlet/ServletResponse;)V+99
j  org.springframework.web.filter.RequestContextFilter.doFilterInternal(Ljakarta/servlet/http/HttpServletRequest;Ljakarta/servlet/http/HttpServletResponse;Ljakarta/servlet/FilterChain;)V+21
j  org.springframework.web.filter.OncePerRequestFilter.doFilter(Ljakarta/servlet/ServletRequest;Ljakarta/servlet/ServletResponse;Ljakarta/servlet/FilterChain;)V+150
j  org.apache.catalina.core.ApplicationFilterChain.internalDoFilter(Ljakarta/servlet/ServletRequest;Ljakarta/servlet/ServletResponse;)V+135
j  org.apache.catalina.core.ApplicationFilterChain.doFilter(Ljakarta/servlet/ServletRequest;Ljakarta/servlet/ServletResponse;)V+99
j  org.springframework.web.filter.FormContentFilter.doFilterInternal(Ljakarta/servlet/http/HttpServletRequest;Ljakarta/servlet/http/HttpServletResponse;Ljakarta/servlet/FilterChain;)V+38
j  org.springframework.web.filter.OncePerRequestFilter.doFilter(Ljakarta/servlet/ServletRequest;Ljakarta/servlet/ServletResponse;Ljakarta/servlet/FilterChain;)V+150
j  org.apache.catalina.core.ApplicationFilterChain.internalDoFilter(Ljakarta/servlet/ServletRequest;Ljakarta/servlet/ServletResponse;)V+135
j  org.apache.catalina.core.ApplicationFilterChain.doFilter(Ljakarta/servlet/ServletRequest;Ljakarta/servlet/ServletResponse;)V+99
j  org.springframework.web.filter.CharacterEncodingFilter.doFilterInternal(Ljakarta/servlet/http/HttpServletRequest;Ljakarta/servlet/http/HttpServletResponse;Ljakarta/servlet/FilterChain;)V+53
j  org.springframework.web.filter.OncePerRequestFilter.doFilter(Ljakarta/servlet/ServletRequest;Ljakarta/servlet/ServletResponse;Ljakarta/servlet/FilterChain;)V+150
j  org.apache.catalina.core.ApplicationFilterChain.internalDoFilter(Ljakarta/servlet/ServletRequest;Ljakarta/servlet/ServletResponse;)V+135
j  org.apache.catalina.core.ApplicationFilterChain.doFilter(Ljakarta/servlet/ServletRequest;Ljakarta/servlet/ServletResponse;)V+99
j  org.apache.catalina.core.StandardWrapperValve.invoke(Lorg/apache/catalina/connector/Request;Lorg/apache/catalina/connector/Response;)V+514
j  org.apache.catalina.core.StandardContextValve.invoke(Lorg/apache/catalina/connector/Request;Lorg/apache/catalina/connector/Response;)V+169
j  org.apache.catalina.authenticator.AuthenticatorBase.invoke(Lorg/apache/catalina/connector/Request;Lorg/apache/catalina/connector/Response;)V+218
j  org.apache.catalina.core.StandardHostValve.invoke(Lorg/apache/catalina/connector/Request;Lorg/apache/catalina/connector/Response;)V+131
j  org.apache.catalina.valves.ErrorReportValve.invoke(Lorg/apache/catalina/connector/Request;Lorg/apache/catalina/connector/Response;)V+6
j  org.apache.catalina.core.StandardEngineValve.invoke(Lorg/apache/catalina/connector/Request;Lorg/apache/catalina/connector/Response;)V+59
j  org.apache.catalina.connector.CoyoteAdapter.service(Lorg/apache/coyote/Request;Lorg/apache/coyote/Response;)V+187
j  org.apache.coyote.http11.Http11Processor.service(Lorg/apache/tomcat/util/net/SocketWrapperBase;)Lorg/apache/tomcat/util/net/AbstractEndpoint$Handler$SocketState;+785
j  org.apache.coyote.AbstractProcessorLight.process(Lorg/apache/tomcat/util/net/SocketWrapperBase;Lorg/apache/tomcat/util/net/SocketEvent;)Lorg/apache/tomcat/util/net/AbstractEndpoint$Handler$SocketState;+152
j  org.apache.coyote.AbstractProtocol$ConnectionHandler.process(Lorg/apache/tomcat/util/net/SocketWrapperBase;Lorg/apache/tomcat/util/net/SocketEvent;)Lorg/apache/tomcat/util/net/AbstractEndpoint$Handler$SocketState;+482
j  org.apache.tomcat.util.net.NioEndpoint$SocketProcessor.doRun()V+249
j  org.apache.tomcat.util.net.SocketProcessorBase.run()V+32
j  org.apache.tomcat.util.threads.ThreadPoolExecutor.runWorker(Lorg/apache/tomcat/util/threads/ThreadPoolExecutor$Worker;)V+92
j  org.apache.tomcat.util.threads.ThreadPoolExecutor$Worker.run()V+5
j  org.apache.tomcat.util.threads.TaskThread$WrappingRunnable.run()V+4
j  java.lang.Thread.run()V+11 java.base@17.0.8.1
v  ~StubRoutines::call_stub

siginfo: EXCEPTION_ACCESS_VIOLATION (0xc0000005), reading address 0x0000000474cfe408


Register to memory mapping:

RIP=0x00007ffb7dbd0451 jvm.dll
RAX=0x0000002f8bef8e98 is pointing into the stack for thread: 0x000002108e99fc80
RBX=0x0000021094cedbc0 points into unknown readable memory: 0x0000000474cfe400 | 00 e4 cf 74 04 00 00 00
RCX=0x0000002f8bef8e10 is pointing into the stack for thread: 0x000002108e99fc80
RDX=0x0000002f8bef8e10 is pointing into the stack for thread: 0x000002108e99fc80
RSP=0x0000002f8bef8e40 is pointing into the stack for thread: 0x000002108e99fc80
RBP=0x0000002f8bef8e89 is pointing into the stack for thread: 0x000002108e99fc80
RSI=0x000002108e99fc80 is a thread
RDI=0x0000000474cfe400 is an unknown value
R8 =0x0 is NULL
R9 =0x00000210970d8f60 is pointing into metadata
R10=0x00000210970d8000 is pointing into metadata
R11=0x0 is NULL
R12=0x0 is NULL
R13=0x00000210970d88f4 is pointing into metadata
R14=0x0000002f8bef8fb0 is pointing into the stack for thread: 0x000002108e99fc80
R15=0x00000210970d88f4 is pointing into metadata


Registers:
RAX=0x0000002f8bef8e98, RBX=0x0000021094cedbc0, RCX=0x0000002f8bef8e10, RDX=0x0000002f8bef8e10
RSP=0x0000002f8bef8e40, RBP=0x0000002f8bef8e89, RSI=0x000002108e99fc80, RDI=0x0000000474cfe400
R8 =0x0000000000000000, R9 =0x00000210970d8f60, R10=0x00000210970d8000, R11=0x0000000000000000
R12=0x0000000000000000, R13=0x00000210970d88f4, R14=0x0000002f8bef8fb0, R15=0x00000210970d88f4
RIP=0x00007ffb7dbd0451, EFLAGS=0x0000000000010202

Top of Stack: (sp=0x0000002f8bef8e40)
0x0000002f8bef8e40:   00000210970d800b 0000021094cedbc0
0x0000002f8bef8e50:   0000002f8bef8e89 0000003d00000002
0x0000002f8bef8e60:   000000000000003d 000000030000000c
0x0000002f8bef8e70:   00000210ffcc91c0 0000000000000000
0x0000002f8bef8e80:   00000000000000b9 00007ffb7d939b9f
0x0000002f8bef8e90:   0000002f8bef97a0 00000210ffce1bd0
0x0000002f8bef8ea0:   000002108f7d76f0 0000000800306300
0x0000002f8bef8eb0:   000000080099b660 0000000000000000
0x0000002f8bef8ec0:   0000000000000000 00000210000b0101
0x0000002f8bef8ed0:   0000002f8bef8fe0 00007ffb7d9f5914
0x0000002f8bef8ee0:   000002108fd38800 000002108e99fc80
0x0000002f8bef8ef0:   0000021094cedbc0 00000000000000b9
0x0000002f8bef8f00:   00000210000000b9 000002108e99fc80
0x0000002f8bef8f10:   00000210970d8938 000002108e99fc80
0x0000002f8bef8f20:   0000000000000000 0000000000000000
0x0000002f8bef8f30:   00000210970d8000 000002108e99fc80 

Instructions: (pc=0x00007ffb7dbd0451)
0x00007ffb7dbd0351:   6b d0 ff ff 48 83 7e 08 00 0f 85 6e 01 00 00 48
0x00007ffb7dbd0361:   85 db 75 04 33 ff eb 25 80 3d 0e e3 60 00 00 48
0x00007ffb7dbd0371:   8b 3b 74 15 8b 7f 08 8b 0d 8a 1f 5a 00 48 d3 e7
0x00007ffb7dbd0381:   48 03 3d 78 1f 5a 00 eb 04 48 8b 7f 08 48 8b d6
0x00007ffb7dbd0391:   48 8d 4d 0f e8 56 e5 ff ff 48 83 7e 08 00 0f 85
0x00007ffb7dbd03a1:   29 01 00 00 48 89 45 ff 48 89 75 07 48 85 c0 74
0x00007ffb7dbd03b1:   14 48 8b 8e 48 02 00 00 48 8d 55 f7 48 89 45 f7
0x00007ffb7dbd03c1:   e8 9a a6 aa ff 4c 8b 45 1f 48 8d 55 ff 48 89 74
0x00007ffb7dbd03d1:   24 30 4c 8b cb c6 44 24 28 01 49 8b ce 48 89 7c
0x00007ffb7dbd03e1:   24 20 e8 48 1e 00 00 e9 d8 00 00 00 4c 8b 4d 7f
0x00007ffb7dbd03f1:   45 8b c2 49 8b d3 49 8b ce e8 31 03 00 00 e9 d3
0x00007ffb7dbd0401:   00 00 00 4c 8b 4d 7f 45 8b c2 49 8b d3 49 8b ce
0x00007ffb7dbd0411:   e8 3a 01 00 00 e9 bc 00 00 00 48 8b 75 7f 48 8d
0x00007ffb7dbd0421:   4d 0f 4c 8b ce 45 8b c2 49 8b d3 e8 8f cf ff ff
0x00007ffb7dbd0431:   48 83 7e 08 00 0f 85 92 00 00 00 48 85 db 75 04
0x00007ffb7dbd0441:   33 ff eb 25 80 3d 32 e2 60 00 00 48 8b 3b 74 15
0x00007ffb7dbd0451:   8b 7f 08 8b 0d ae 1e 5a 00 48 d3 e7 48 03 3d 9c
0x00007ffb7dbd0461:   1e 5a 00 eb 04 48 8b 7f 08 4c 8b c6 48 8d 4d 0f
0x00007ffb7dbd0471:   ba b9 00 00 00 e8 85 f6 ff ff 48 83 7e 08 00 75
0x00007ffb7dbd0481:   4c 48 89 45 ff 48 89 75 07 48 85 c0 74 14 48 8b
0x00007ffb7dbd0491:   8e 48 02 00 00 48 8d 55 f7 48 89 45 f7 e8 bd a5
0x00007ffb7dbd04a1:   aa ff 4c 8b 45 1f 48 8d 55 ff 48 89 74 24 30 4c
0x00007ffb7dbd04b1:   8b cb c6 44 24 28 01 49 8b ce 48 89 7c 24 20 e8
0x00007ffb7dbd04c1:   cb 13 00 00 48 8d 4d ff e8 22 cc de ff 48 8d 4d
0x00007ffb7dbd04d1:   2f e8 19 cc de ff 48 8b b4 24 a0 00 00 00 48 8b
0x00007ffb7dbd04e1:   bc 24 a8 00 00 00 4c 8d 9c 24 90 00 00 00 49 8b
0x00007ffb7dbd04f1:   5b 20 4d 8b 73 28 49 8b e3 5d c3 3f 03 56 00 c9
0x00007ffb7dbd0501:   02 56 00 91 02 56 00 1b 04 56 00 04 04 56 00 ed
0x00007ffb7dbd0511:   03 56 00 d7 04 56 00 00 01 02 03 04 06 06 06 06
0x00007ffb7dbd0521:   06 06 06 06 06 06 06 06 06 06 06 06 06 06 06 06
0x00007ffb7dbd0531:   06 06 06 06 06 06 06 06 06 06 06 06 06 06 06 06
0x00007ffb7dbd0541:   06 06 06 06 06 06 06 06 06 06 05 cc cc cc cc 40 


Stack slot to memory mapping:
stack at sp + 0 slots: 0x00000210970d800b is pointing into metadata
stack at sp + 1 slots: 0x0000021094cedbc0 points into unknown readable memory: 0x0000000474cfe400 | 00 e4 cf 74 04 00 00 00
stack at sp + 2 slots: 0x0000002f8bef8e89 is pointing into the stack for thread: 0x000002108e99fc80
stack at sp + 3 slots: 0x0000003d00000002 is an unknown value
stack at sp + 4 slots: 0x000000000000003d is an unknown value
stack at sp + 5 slots: 0x000000030000000c is an unknown value
stack at sp + 6 slots: 0x00000210ffcc91c0 points into unknown readable memory: 0x616a00106e30ffff | ff ff 30 6e 10 00 6a 61
stack at sp + 7 slots: 0x0 is NULL


---------------  P R O C E S S  ---------------

Threads class SMR info:
_java_thread_list=0x000002108e43c290, length=30, elements={
0x000002108e0766e0, 0x000002108e077e70, 0x000002108e07fd20, 0x000002108e080930,
0x000002108e0bb530, 0x000002108e0bfc80, 0x000002108e0c9460, 0x000002108e0ca510,
0x000002108e0dfd90, 0x000002108e25e380, 0x000002108e26b960, 0x000002108f48b360,
0x000002108f48c7a0, 0x000002108f489a10, 0x000002108f48a940, 0x000002108f48b870,
0x000002108e99fc80, 0x000002108e99f770, 0x000002108e99c9e0, 0x000002108e9a2a10,
0x000002108e99b5a0, 0x000002108e99ed50, 0x000002108e9a10c0, 0x000002108e99de20,
0x000002108e9a15d0, 0x000002108e99bab0, 0x000002108e9a06a0, 0x000002108e99e330,
0x000002108e9a1ae0, 0x000002108f873bb0
}

Java Threads: ( => current thread )
  0x000002108e0766e0 JavaThread "Reference Handler" daemon [_thread_blocked, id=1976, stack(0x0000002f8a600000,0x0000002f8a700000)]
  0x000002108e077e70 JavaThread "Finalizer" daemon [_thread_blocked, id=14380, stack(0x0000002f8a700000,0x0000002f8a800000)]
  0x000002108e07fd20 JavaThread "Signal Dispatcher" daemon [_thread_blocked, id=12176, stack(0x0000002f8a800000,0x0000002f8a900000)]
  0x000002108e080930 JavaThread "Attach Listener" daemon [_thread_blocked, id=15216, stack(0x0000002f8a900000,0x0000002f8aa00000)]
  0x000002108e0bb530 JavaThread "Service Thread" daemon [_thread_blocked, id=9432, stack(0x0000002f8aa00000,0x0000002f8ab00000)]
  0x000002108e0bfc80 JavaThread "Monitor Deflation Thread" daemon [_thread_blocked, id=18332, stack(0x0000002f8ab00000,0x0000002f8ac00000)]
  0x000002108e0c9460 JavaThread "C2 CompilerThread0" daemon [_thread_blocked, id=14040, stack(0x0000002f8ac00000,0x0000002f8ad00000)]
  0x000002108e0ca510 JavaThread "C1 CompilerThread0" daemon [_thread_blocked, id=20116, stack(0x0000002f8ad00000,0x0000002f8ae00000)]
  0x000002108e0dfd90 JavaThread "Sweeper thread" daemon [_thread_blocked, id=19720, stack(0x0000002f8ae00000,0x0000002f8af00000)]
  0x000002108e25e380 JavaThread "Notification Thread" daemon [_thread_blocked, id=20756, stack(0x0000002f8af00000,0x0000002f8b000000)]
  0x000002108e26b960 JavaThread "Common-Cleaner" daemon [_thread_blocked, id=10040, stack(0x0000002f8b100000,0x0000002f8b200000)]
  0x000002108f48b360 JavaThread "Catalina-utility-1" [_thread_blocked, id=20168, stack(0x0000002f8b700000,0x0000002f8b800000)]
  0x000002108f48c7a0 JavaThread "Catalina-utility-2" [_thread_blocked, id=4916, stack(0x0000002f8b800000,0x0000002f8b900000)]
  0x000002108f489a10 JavaThread "container-0" [_thread_blocked, id=13288, stack(0x0000002f8b900000,0x0000002f8ba00000)]
  0x000002108f48a940 JavaThread "mssql-jdbc-shared-timer-core-0" daemon [_thread_blocked, id=18096, stack(0x0000002f8bb00000,0x0000002f8bc00000)]
  0x000002108f48b870 JavaThread "HikariPool-1 housekeeper" daemon [_thread_blocked, id=17168, stack(0x0000002f8bc00000,0x0000002f8bd00000)]
=>0x000002108e99fc80 JavaThread "http-nio-8080-exec-1" daemon [_thread_in_vm, id=9844, stack(0x0000002f8be00000,0x0000002f8bf00000)]
  0x000002108e99f770 JavaThread "http-nio-8080-exec-2" daemon [_thread_blocked, id=17544, stack(0x0000002f8bf00000,0x0000002f8c000000)]
  0x000002108e99c9e0 JavaThread "http-nio-8080-exec-3" daemon [_thread_blocked, id=8896, stack(0x0000002f8c000000,0x0000002f8c100000)]
  0x000002108e9a2a10 JavaThread "http-nio-8080-exec-4" daemon [_thread_blocked, id=10016, stack(0x0000002f8c100000,0x0000002f8c200000)]
  0x000002108e99b5a0 JavaThread "http-nio-8080-exec-5" daemon [_thread_blocked, id=20200, stack(0x0000002f8c200000,0x0000002f8c300000)]
  0x000002108e99ed50 JavaThread "http-nio-8080-exec-6" daemon [_thread_blocked, id=2360, stack(0x0000002f8c300000,0x0000002f8c400000)]
  0x000002108e9a10c0 JavaThread "http-nio-8080-exec-7" daemon [_thread_blocked, id=6464, stack(0x0000002f8c400000,0x0000002f8c500000)]
  0x000002108e99de20 JavaThread "http-nio-8080-exec-8" daemon [_thread_blocked, id=19648, stack(0x0000002f8c500000,0x0000002f8c600000)]
  0x000002108e9a15d0 JavaThread "http-nio-8080-exec-9" daemon [_thread_blocked, id=11856, stack(0x0000002f8c600000,0x0000002f8c700000)]
  0x000002108e99bab0 JavaThread "http-nio-8080-exec-10" daemon [_thread_blocked, id=9264, stack(0x0000002f8c700000,0x0000002f8c800000)]
  0x000002108e9a06a0 JavaThread "http-nio-8080-Poller" daemon [_thread_in_native, id=11928, stack(0x0000002f8c800000,0x0000002f8c900000)]
  0x000002108e99e330 JavaThread "http-nio-8080-Acceptor" daemon [_thread_in_native, id=8600, stack(0x0000002f8c900000,0x0000002f8ca00000)]
  0x000002108e9a1ae0 JavaThread "DestroyJavaVM" [_thread_blocked, id=12804, stack(0x0000002f89f00000,0x0000002f8a000000)]
  0x000002108f873bb0 JavaThread "C2 CompilerThread1" daemon [_thread_blocked, id=4496, stack(0x0000002f8b200000,0x0000002f8b300000)]

Other Threads:
  0x000002108e016330 VMThread "VM Thread" [stack: 0x0000002f8a500000,0x0000002f8a600000] [id=20772]
  0x000002108e264e90 WatcherThread [stack: 0x0000002f8b000000,0x0000002f8b100000] [id=17920]
  0x00000210ebdf61d0 GCTaskThread "GC Thread#0" [stack: 0x0000002f8a000000,0x0000002f8a100000] [id=12244]
  0x000002108e29b750 GCTaskThread "GC Thread#1" [stack: 0x0000002f8b300000,0x0000002f8b400000] [id=14068]
  0x000002108e29ba10 GCTaskThread "GC Thread#2" [stack: 0x0000002f8b400000,0x0000002f8b500000] [id=15516]
  0x000002108e29c250 GCTaskThread "GC Thread#3" [stack: 0x0000002f8b500000,0x0000002f8b600000] [id=15372]
  0x00000210ebe07b90 ConcurrentGCThread "G1 Main Marker" [stack: 0x0000002f8a100000,0x0000002f8a200000] [id=16308]
  0x00000210ebe0a5a0 ConcurrentGCThread "G1 Conc#0" [stack: 0x0000002f8a200000,0x0000002f8a300000] [id=7628]
  0x00000210ebe0e840 ConcurrentGCThread "G1 Refine#0" [stack: 0x0000002f8a300000,0x0000002f8a400000] [id=11608]
  0x000002108ff6f760 ConcurrentGCThread "G1 Refine#1" [stack: 0x0000002f8b600000,0x0000002f8b700000] [id=15776]
  0x00000210ffc72070 ConcurrentGCThread "G1 Service" [stack: 0x0000002f8a400000,0x0000002f8a500000] [id=3632]

Threads with active compile tasks:

VM state: not at safepoint (normal execution)

VM Mutex/Monitor currently owned by a thread: None

Heap address: 0x0000000704c00000, size: 4020 MB, Compressed Oops mode: Zero based, Oop shift amount: 3

CDS archive(s) not mapped
Compressed class space mapped at: 0x0000000800000000-0x0000000840000000, reserved size: 1073741824
Narrow klass base: 0x0000000800000000, Narrow klass shift: 0, Narrow klass range: 0x40000000

GC Precious Log:
 CPUs: 4 total, 4 available
 Memory: 16079M
 Large Page Support: Disabled
 NUMA Support: Disabled
 Compressed Oops: Enabled (Zero based)
 Heap Region Size: 2M
 Heap Min Capacity: 8M
 Heap Initial Capacity: 252M
 Heap Max Capacity: 4020M
 Pre-touch: Disabled
 Parallel Workers: 4
 Concurrent Workers: 1
 Concurrent Refinement Workers: 4
 Periodic GC: Disabled

Heap:
 garbage-first heap   total 69632K, used 38955K [0x0000000704c00000, 0x0000000800000000)
  region size 2048K, 4 young (8192K), 1 survivors (2048K)
 Metaspace       used 83244K, committed 83840K, reserved 1179648K
  class space    used 10285K, committed 10560K, reserved 1048576K

Heap Regions: E=young(eden), S=young(survivor), O=old, HS=humongous(starts), HC=humongous(continues), CS=collection set, F=free, OA=open archive, CA=closed archive, TAMS=top-at-mark-start (previous, next)
|   0|0x0000000704c00000, 0x0000000704e00000, 0x0000000704e00000|100%| O|  |TAMS 0x0000000704e00000, 0x0000000704c00000| Untracked 
|   1|0x0000000704e00000, 0x0000000705000000, 0x0000000705000000|100%| O|  |TAMS 0x0000000705000000, 0x0000000704e00000| Untracked 
|   2|0x0000000705000000, 0x0000000705200000, 0x0000000705200000|100%| O|  |TAMS 0x0000000705200000, 0x0000000705000000| Untracked 
|   3|0x0000000705200000, 0x0000000705400000, 0x0000000705400000|100%| O|  |TAMS 0x0000000705400000, 0x0000000705200000| Untracked 
|   4|0x0000000705400000, 0x0000000705600000, 0x0000000705600000|100%| O|  |TAMS 0x0000000705600000, 0x0000000705400000| Untracked 
|   5|0x0000000705600000, 0x0000000705800000, 0x0000000705800000|100%| O|  |TAMS 0x0000000705800000, 0x0000000705600000| Untracked 
|   6|0x0000000705800000, 0x0000000705a00000, 0x0000000705a00000|100%| O|  |TAMS 0x0000000705a00000, 0x0000000705800000| Untracked 
|   7|0x0000000705a00000, 0x0000000705c00000, 0x0000000705c00000|100%| O|  |TAMS 0x0000000705c00000, 0x0000000705a00000| Untracked 
|   8|0x0000000705c00000, 0x0000000705da4000, 0x0000000705e00000| 82%| O|  |TAMS 0x0000000705da4000, 0x0000000705c00000| Untracked 
|   9|0x0000000705e00000, 0x0000000706000000, 0x0000000706000000|100%| O|  |TAMS 0x0000000705fb1c00, 0x0000000705e00000| Untracked 
|  10|0x0000000706000000, 0x0000000706200000, 0x0000000706200000|100%| O|  |TAMS 0x0000000706000000, 0x0000000706000000| Untracked 
|  11|0x0000000706200000, 0x0000000706400000, 0x0000000706400000|100%| O|  |TAMS 0x0000000706200000, 0x0000000706200000| Untracked 
|  12|0x0000000706400000, 0x0000000706600000, 0x0000000706600000|100%| O|  |TAMS 0x0000000706400000, 0x0000000706400000| Untracked 
|  13|0x0000000706600000, 0x0000000706800000, 0x0000000706800000|100%| O|  |TAMS 0x0000000706600000, 0x0000000706600000| Untracked 
|  14|0x0000000706800000, 0x0000000706a00000, 0x0000000706a00000|100%| O|  |TAMS 0x0000000706800000, 0x0000000706800000| Untracked 
|  15|0x0000000706a00000, 0x0000000706c00000, 0x0000000706c00000|100%| O|  |TAMS 0x0000000706a00000, 0x0000000706a00000| Untracked 
|  16|0x0000000706c00000, 0x0000000706ce5c00, 0x0000000706e00000| 44%| O|  |TAMS 0x0000000706c00000, 0x0000000706c00000| Untracked 
|  17|0x0000000706e00000, 0x0000000706e00000, 0x0000000707000000|  0%| F|  |TAMS 0x0000000706e00000, 0x0000000706e00000| Untracked 
|  18|0x0000000707000000, 0x0000000707000000, 0x0000000707200000|  0%| F|  |TAMS 0x0000000707000000, 0x0000000707000000| Untracked 
|  19|0x0000000707200000, 0x0000000707200000, 0x0000000707400000|  0%| F|  |TAMS 0x0000000707200000, 0x0000000707200000| Untracked 
|  20|0x0000000707400000, 0x0000000707400000, 0x0000000707600000|  0%| F|  |TAMS 0x0000000707400000, 0x0000000707400000| Untracked 
|  21|0x0000000707600000, 0x0000000707600000, 0x0000000707800000|  0%| F|  |TAMS 0x0000000707600000, 0x0000000707600000| Untracked 
|  22|0x0000000707800000, 0x0000000707800000, 0x0000000707a00000|  0%| F|  |TAMS 0x0000000707800000, 0x0000000707800000| Untracked 
|  23|0x0000000707a00000, 0x0000000707b81240, 0x0000000707c00000| 75%| S|CS|TAMS 0x0000000707a00000, 0x0000000707a00000| Complete 
|  24|0x0000000707c00000, 0x0000000707c00000, 0x0000000707e00000|  0%| F|  |TAMS 0x0000000707c00000, 0x0000000707c00000| Untracked 
|  25|0x0000000707e00000, 0x0000000707e00000, 0x0000000708000000|  0%| F|  |TAMS 0x0000000707e00000, 0x0000000707e00000| Untracked 
|  26|0x0000000708000000, 0x0000000708000000, 0x0000000708200000|  0%| F|  |TAMS 0x0000000708000000, 0x0000000708000000| Untracked 
|  27|0x0000000708200000, 0x0000000708200000, 0x0000000708400000|  0%| F|  |TAMS 0x0000000708200000, 0x0000000708200000| Untracked 
|  28|0x0000000708400000, 0x0000000708400000, 0x0000000708600000|  0%| F|  |TAMS 0x0000000708400000, 0x0000000708400000| Untracked 
|  29|0x0000000708600000, 0x0000000708600000, 0x0000000708800000|  0%| F|  |TAMS 0x0000000708600000, 0x0000000708600000| Untracked 
|  57|0x000000070be00000, 0x000000070be00000, 0x000000070c000000|  0%| F|  |TAMS 0x000000070be00000, 0x000000070be00000| Untracked 
|  58|0x000000070c000000, 0x000000070c1b9d60, 0x000000070c200000| 86%| E|  |TAMS 0x000000070c000000, 0x000000070c000000| Complete 
|  59|0x000000070c200000, 0x000000070c400000, 0x000000070c400000|100%| E|CS|TAMS 0x000000070c200000, 0x000000070c200000| Complete 
| 125|0x0000000714600000, 0x0000000714800000, 0x0000000714800000|100%| E|CS|TAMS 0x0000000714600000, 0x0000000714600000| Complete 

Card table byte_map: [0x00000210febf0000,0x00000210ff3d0000] _byte_map_base: 0x00000210fb3ca000

Marking Bits (Prev, Next): (CMBitMap*) 0x00000210ebdf7390, (CMBitMap*) 0x00000210ebdf7350
 Prev Bits: [0x0000021083ed0000, 0x0000021087da0000)
 Next Bits: [0x0000021080000000, 0x0000021083ed0000)

Polling page: 0x00000210e96e0000

Metaspace:

Usage:
  Non-class:     71.25 MB used.
      Class:     10.04 MB used.
       Both:     81.29 MB used.

Virtual space:
  Non-class space:      128.00 MB reserved,      71.56 MB ( 56%) committed,  2 nodes.
      Class space:        1.00 GB reserved,      10.31 MB (  1%) committed,  1 nodes.
             Both:        1.12 GB reserved,      81.88 MB (  7%) committed. 

Chunk freelists:
   Non-Class:  8.09 MB
       Class:  5.73 MB
        Both:  13.82 MB

MaxMetaspaceSize: unlimited
CompressedClassSpaceSize: 1.00 GB
Initial GC threshold: 21.00 MB
Current GC threshold: 98.56 MB
CDS: off
MetaspaceReclaimPolicy: balanced
 - commit_granule_bytes: 65536.
 - commit_granule_words: 8192.
 - virtual_space_node_default_size: 8388608.
 - enlarge_chunks_in_place: 1.
 - new_chunks_are_fully_committed: 0.
 - uncommit_free_chunks: 1.
 - use_allocation_guard: 0.
 - handle_deallocations: 1.


Internal statistics:

num_allocs_failed_limit: 11.
num_arena_births: 802.
num_arena_deaths: 0.
num_vsnodes_births: 3.
num_vsnodes_deaths: 0.
num_space_committed: 1310.
num_space_uncommitted: 0.
num_chunks_returned_to_freelist: 11.
num_chunks_taken_from_freelist: 3318.
num_chunk_merges: 5.
num_chunk_splits: 2426.
num_chunks_enlarged: 1927.
num_inconsistent_stats: 0.

CodeHeap 'non-profiled nmethods': size=120000Kb used=3932Kb max_used=3932Kb free=116067Kb
 bounds [0x00000210f6ee0000, 0x00000210f72c0000, 0x00000210fe410000]
CodeHeap 'profiled nmethods': size=120000Kb used=11961Kb max_used=11961Kb free=108039Kb
 bounds [0x00000210ef410000, 0x00000210effc0000, 0x00000210f6940000]
CodeHeap 'non-nmethods': size=5760Kb used=1394Kb max_used=1452Kb free=4365Kb
 bounds [0x00000210f6940000, 0x00000210f6bb0000, 0x00000210f6ee0000]
 total_blobs=6462 nmethods=5729 adapters=644
 compilation: enabled
              stopped_count=0, restarted_count=0
 full_count=0

Compilation events (20 events):
Event: 20.855 Thread 0x000002108e0ca510 6472       3       java.lang.invoke.LambdaFormBuffer::endEdit (313 bytes)
Event: 20.856 Thread 0x000002108e0ca510 nmethod 6472 0x00000210effb9790 code [0x00000210effb9a00, 0x00000210effba878]
Event: 20.856 Thread 0x000002108e0ca510 6473       3       java.lang.invoke.LambdaFormBuffer::replaceName (124 bytes)
Event: 20.857 Thread 0x000002108e0ca510 nmethod 6473 0x00000210effbac90 code [0x00000210effbae40, 0x00000210effbb028]
Event: 20.858 Thread 0x000002108e0ca510 6474       3       java.lang.invoke.ClassSpecializer$SpeciesData::factory (14 bytes)
Event: 20.858 Thread 0x000002108e0ca510 nmethod 6474 0x00000210effbb110 code [0x00000210effbb2c0, 0x00000210effbb5a8]
Event: 20.859 Thread 0x000002108e0ca510 6475       1       java.util.logging.LogManager$LoggerWeakRef::setParentRef (6 bytes)
Event: 20.860 Thread 0x000002108e0ca510 nmethod 6475 0x00000210f72ab090 code [0x00000210f72ab220, 0x00000210f72ab338]
Event: 20.860 Thread 0x000002108e0ca510 6476       3       org.apache.jasper.compiler.SmapUtil$SDEInstaller::readU1 (21 bytes)
Event: 20.861 Thread 0x000002108e0ca510 nmethod 6476 0x00000210effbb690 code [0x00000210effbb820, 0x00000210effbb978]
Event: 20.861 Thread 0x000002108e0ca510 6477       3       org.apache.jasper.compiler.SmapUtil$SDEInstaller::writeU1 (19 bytes)
Event: 20.861 Thread 0x000002108e0ca510 nmethod 6477 0x00000210effbba90 code [0x00000210effbbc20, 0x00000210effbbd78]
Event: 20.861 Thread 0x000002108e0ca510 6478       3       org.apache.jasper.compiler.SmapUtil$SDEInstaller::readBytes (38 bytes)
Event: 20.861 Thread 0x000002108e0ca510 nmethod 6478 0x00000210effbbe90 code [0x00000210effbc040, 0x00000210effbc2f8]
Event: 20.861 Thread 0x000002108e0ca510 6479       3       org.apache.jasper.compiler.SmapUtil$SDEInstaller::writeBytes (45 bytes)
Event: 20.861 Thread 0x000002108e0ca510 nmethod 6479 0x00000210effbc410 code [0x00000210effbc5c0, 0x00000210effbc7d8]
Event: 20.861 Thread 0x000002108e0ca510 6480       3       org.apache.jasper.compiler.SmapUtil$SDEInstaller::copy (46 bytes)
Event: 20.862 Thread 0x000002108e0ca510 nmethod 6480 0x00000210effbc910 code [0x00000210effbcac0, 0x00000210effbccf8]
Event: 20.873 Thread 0x000002108e0ca510 6481       3       org.apache.catalina.core.DefaultInstanceManager::findLifecycleCallback (110 bytes)
Event: 20.874 Thread 0x000002108e0ca510 nmethod 6481 0x00000210effbce90 code [0x00000210effbd1c0, 0x00000210effbe658]

GC Heap History (20 events):
Event: 6.109 GC heap before
{Heap before GC invocations=12 (full 0):
 garbage-first heap   total 69632K, used 51612K [0x0000000704c00000, 0x0000000800000000)
  region size 2048K, 20 young (40960K), 3 survivors (6144K)
 Metaspace       used 41548K, committed 41984K, reserved 1114112K
  class space    used 4828K, committed 5056K, reserved 1048576K
}
Event: 6.120 GC heap after
{Heap after GC invocations=13 (full 0):
 garbage-first heap   total 69632K, used 19842K [0x0000000704c00000, 0x0000000800000000)
  region size 2048K, 3 young (6144K), 3 survivors (6144K)
 Metaspace       used 41548K, committed 41984K, reserved 1114112K
  class space    used 4828K, committed 5056K, reserved 1048576K
}
Event: 7.292 GC heap before
{Heap before GC invocations=13 (full 0):
 garbage-first heap   total 69632K, used 50562K [0x0000000704c00000, 0x0000000800000000)
  region size 2048K, 18 young (36864K), 3 survivors (6144K)
 Metaspace       used 51011K, committed 51456K, reserved 1114112K
  class space    used 6120K, committed 6336K, reserved 1048576K
}
Event: 7.301 GC heap after
{Heap after GC invocations=14 (full 0):
 garbage-first heap   total 69632K, used 21910K [0x0000000704c00000, 0x0000000800000000)
  region size 2048K, 3 young (6144K), 3 survivors (6144K)
 Metaspace       used 51011K, committed 51456K, reserved 1114112K
  class space    used 6120K, committed 6336K, reserved 1048576K
}
Event: 8.339 GC heap before
{Heap before GC invocations=14 (full 0):
 garbage-first heap   total 69632K, used 50582K [0x0000000704c00000, 0x0000000800000000)
  region size 2048K, 17 young (34816K), 3 survivors (6144K)
 Metaspace       used 57020K, committed 57536K, reserved 1114112K
  class space    used 6880K, committed 7104K, reserved 1048576K
}
Event: 8.348 GC heap after
{Heap after GC invocations=15 (full 0):
 garbage-first heap   total 69632K, used 23895K [0x0000000704c00000, 0x0000000800000000)
  region size 2048K, 2 young (4096K), 2 survivors (4096K)
 Metaspace       used 57020K, committed 57536K, reserved 1114112K
  class space    used 6880K, committed 7104K, reserved 1048576K
}
Event: 8.588 GC heap before
{Heap before GC invocations=15 (full 0):
 garbage-first heap   total 69632K, used 30039K [0x0000000704c00000, 0x0000000800000000)
  region size 2048K, 6 young (12288K), 2 survivors (4096K)
 Metaspace       used 59799K, committed 60288K, reserved 1114112K
  class space    used 7332K, committed 7552K, reserved 1048576K
}
Event: 8.593 GC heap after
{Heap after GC invocations=16 (full 0):
 garbage-first heap   total 69632K, used 24466K [0x0000000704c00000, 0x0000000800000000)
  region size 2048K, 2 young (4096K), 2 survivors (4096K)
 Metaspace       used 59799K, committed 60288K, reserved 1114112K
  class space    used 7332K, committed 7552K, reserved 1048576K
}
Event: 9.329 GC heap before
{Heap before GC invocations=17 (full 0):
 garbage-first heap   total 69632K, used 49042K [0x0000000704c00000, 0x0000000800000000)
  region size 2048K, 14 young (28672K), 2 survivors (4096K)
 Metaspace       used 64419K, committed 64832K, reserved 1114112K
  class space    used 8179K, committed 8384K, reserved 1048576K
}
Event: 9.333 GC heap after
{Heap after GC invocations=18 (full 0):
 garbage-first heap   total 69632K, used 25822K [0x0000000704c00000, 0x0000000800000000)
  region size 2048K, 1 young (2048K), 1 survivors (2048K)
 Metaspace       used 64419K, committed 64832K, reserved 1114112K
  class space    used 8179K, committed 8384K, reserved 1048576K
}
Event: 10.237 GC heap before
{Heap before GC invocations=18 (full 0):
 garbage-first heap   total 69632K, used 50398K [0x0000000704c00000, 0x0000000800000000)
  region size 2048K, 14 young (28672K), 1 survivors (2048K)
 Metaspace       used 68420K, committed 68928K, reserved 1114112K
  class space    used 8682K, committed 8960K, reserved 1048576K
}
Event: 10.243 GC heap after
{Heap after GC invocations=19 (full 0):
 garbage-first heap   total 69632K, used 27411K [0x0000000704c00000, 0x0000000800000000)
  region size 2048K, 2 young (4096K), 2 survivors (4096K)
 Metaspace       used 68420K, committed 68928K, reserved 1114112K
  class space    used 8682K, committed 8960K, reserved 1048576K
}
Event: 11.050 GC heap before
{Heap before GC invocations=19 (full 0):
 garbage-first heap   total 69632K, used 51987K [0x0000000704c00000, 0x0000000800000000)
  region size 2048K, 14 young (28672K), 2 survivors (4096K)
 Metaspace       used 71390K, committed 71872K, reserved 1114112K
  class space    used 9122K, committed 9344K, reserved 1048576K
}
Event: 11.059 GC heap after
{Heap after GC invocations=20 (full 0):
 garbage-first heap   total 69632K, used 29425K [0x0000000704c00000, 0x0000000800000000)
  region size 2048K, 2 young (4096K), 2 survivors (4096K)
 Metaspace       used 71390K, committed 71872K, reserved 1114112K
  class space    used 9122K, committed 9344K, reserved 1048576K
}
Event: 11.620 GC heap before
{Heap before GC invocations=20 (full 0):
 garbage-first heap   total 69632K, used 51953K [0x0000000704c00000, 0x0000000800000000)
  region size 2048K, 13 young (26624K), 2 survivors (4096K)
 Metaspace       used 73836K, committed 74304K, reserved 1114112K
  class space    used 9442K, committed 9664K, reserved 1048576K
}
Event: 11.630 GC heap after
{Heap after GC invocations=21 (full 0):
 garbage-first heap   total 69632K, used 31498K [0x0000000704c00000, 0x0000000800000000)
  region size 2048K, 2 young (4096K), 2 survivors (4096K)
 Metaspace       used 73836K, committed 74304K, reserved 1114112K
  class space    used 9442K, committed 9664K, reserved 1048576K
}
Event: 20.030 GC heap before
{Heap before GC invocations=21 (full 0):
 garbage-first heap   total 69632K, used 51978K [0x0000000704c00000, 0x0000000800000000)
  region size 2048K, 13 young (26624K), 2 survivors (4096K)
 Metaspace       used 77733K, committed 78336K, reserved 1179648K
  class space    used 9822K, committed 10112K, reserved 1048576K
}
Event: 20.044 GC heap after
{Heap after GC invocations=22 (full 0):
 garbage-first heap   total 69632K, used 33451K [0x0000000704c00000, 0x0000000800000000)
  region size 2048K, 2 young (4096K), 2 survivors (4096K)
 Metaspace       used 77733K, committed 78336K, reserved 1179648K
  class space    used 9822K, committed 10112K, reserved 1048576K
}
Event: 20.684 GC heap before
{Heap before GC invocations=22 (full 0):
 garbage-first heap   total 69632K, used 51883K [0x0000000704c00000, 0x0000000800000000)
  region size 2048K, 12 young (24576K), 2 survivors (4096K)
 Metaspace       used 82360K, committed 82880K, reserved 1179648K
  class space    used 10215K, committed 10496K, reserved 1048576K
}
Event: 20.691 GC heap after
{Heap after GC invocations=23 (full 0):
 garbage-first heap   total 69632K, used 34859K [0x0000000704c00000, 0x0000000800000000)
  region size 2048K, 1 young (2048K), 1 survivors (2048K)
 Metaspace       used 82360K, committed 82880K, reserved 1179648K
  class space    used 10215K, committed 10496K, reserved 1048576K
}

Dll operation events (9 events):
Event: 0.022 Loaded shared library C:\Users\JPiccione\.p2\pool\plugins\org.eclipse.justj.openjdk.hotspot.jre.full.win32.x86_64_17.0.8.v20230831-1047\jre\bin\java.dll
Event: 0.210 Loaded shared library C:\Users\JPiccione\.p2\pool\plugins\org.eclipse.justj.openjdk.hotspot.jre.full.win32.x86_64_17.0.8.v20230831-1047\jre\bin\jimage.dll
Event: 0.224 Loaded shared library C:\Users\JPiccione\.p2\pool\plugins\org.eclipse.justj.openjdk.hotspot.jre.full.win32.x86_64_17.0.8.v20230831-1047\jre\bin\net.dll
Event: 0.227 Loaded shared library C:\Users\JPiccione\.p2\pool\plugins\org.eclipse.justj.openjdk.hotspot.jre.full.win32.x86_64_17.0.8.v20230831-1047\jre\bin\nio.dll
Event: 0.232 Loaded shared library C:\Users\JPiccione\.p2\pool\plugins\org.eclipse.justj.openjdk.hotspot.jre.full.win32.x86_64_17.0.8.v20230831-1047\jre\bin\zip.dll
Event: 5.111 Loaded shared library C:\Users\JPiccione\.p2\pool\plugins\org.eclipse.justj.openjdk.hotspot.jre.full.win32.x86_64_17.0.8.v20230831-1047\jre\bin\sunmscapi.dll
Event: 5.129 Loaded shared library C:\Users\JPiccione\.p2\pool\plugins\org.eclipse.justj.openjdk.hotspot.jre.full.win32.x86_64_17.0.8.v20230831-1047\jre\bin\management.dll
Event: 5.133 Loaded shared library C:\Users\JPiccione\.p2\pool\plugins\org.eclipse.justj.openjdk.hotspot.jre.full.win32.x86_64_17.0.8.v20230831-1047\jre\bin\management_ext.dll
Event: 6.509 Loaded shared library C:\Users\JPiccione\.p2\pool\plugins\org.eclipse.justj.openjdk.hotspot.jre.full.win32.x86_64_17.0.8.v20230831-1047\jre\bin\verify.dll

Deoptimization events (20 events):
Event: 20.582 Thread 0x000002108e99fc80 Uncommon trap: trap_request=0xffffffbe fr.pc=0x00000210f72880bc relative=0x000000000000021c
Event: 20.582 Thread 0x000002108e99fc80 Uncommon trap: reason=profile_predicate action=maybe_recompile pc=0x00000210f72880bc method=sun.security.provider.DigestBase.implCompressMultiBlock0([BII)I @ 0 c2
Event: 20.582 Thread 0x000002108e99fc80 DEOPT PACKING pc=0x00000210f72880bc sp=0x0000002f8bef8800
Event: 20.582 Thread 0x000002108e99fc80 DEOPT UNPACKING pc=0x00000210f69969a3 sp=0x0000002f8bef87d8 mode 2
Event: 20.630 Thread 0x000002108e99fc80 Uncommon trap: trap_request=0xffffff6e fr.pc=0x00000210f729ad3c relative=0x000000000000049c
Event: 20.630 Thread 0x000002108e99fc80 Uncommon trap: reason=loop_limit_check action=maybe_recompile pc=0x00000210f729ad3c method=org.eclipse.jdt.internal.compiler.classfmt.ClassFileStruct.utf8At(II)[C @ 143 c2
Event: 20.630 Thread 0x000002108e99fc80 DEOPT PACKING pc=0x00000210f729ad3c sp=0x0000002f8bef9560
Event: 20.630 Thread 0x000002108e99fc80 DEOPT UNPACKING pc=0x00000210f69969a3 sp=0x0000002f8bef94f8 mode 2
Event: 20.683 Thread 0x000002108e99fc80 Uncommon trap: trap_request=0xffffff45 fr.pc=0x00000210f70fe4cc relative=0x000000000000032c
Event: 20.683 Thread 0x000002108e99fc80 Uncommon trap: reason=unstable_if action=reinterpret pc=0x00000210f70fe4cc method=java.util.HashMap.getNode(Ljava/lang/Object;)Ljava/util/HashMap$Node; @ 66 c2
Event: 20.683 Thread 0x000002108e99fc80 DEOPT PACKING pc=0x00000210f70fe4cc sp=0x0000002f8bef8950
Event: 20.683 Thread 0x000002108e99fc80 DEOPT UNPACKING pc=0x00000210f69969a3 sp=0x0000002f8bef8890 mode 2
Event: 20.683 Thread 0x000002108e99fc80 Uncommon trap: trap_request=0xffffff45 fr.pc=0x00000210f6fcd1e0 relative=0x0000000000000340
Event: 20.683 Thread 0x000002108e99fc80 Uncommon trap: reason=unstable_if action=reinterpret pc=0x00000210f6fcd1e0 method=java.util.HashMap.getNode(Ljava/lang/Object;)Ljava/util/HashMap$Node; @ 66 c2
Event: 20.683 Thread 0x000002108e99fc80 DEOPT PACKING pc=0x00000210f6fcd1e0 sp=0x0000002f8bef8920
Event: 20.683 Thread 0x000002108e99fc80 DEOPT UNPACKING pc=0x00000210f69969a3 sp=0x0000002f8bef88c0 mode 2
Event: 20.866 Thread 0x000002108e99fc80 Uncommon trap: trap_request=0xffffffde fr.pc=0x00000210f6f4b5f4 relative=0x00000000000014f4
Event: 20.866 Thread 0x000002108e99fc80 Uncommon trap: reason=class_check action=maybe_recompile pc=0x00000210f6f4b5f4 method=jdk.internal.loader.URLClassPath.getLoader(I)Ljdk/internal/loader/URLClassPath$Loader; @ 88 c2
Event: 20.866 Thread 0x000002108e99fc80 DEOPT PACKING pc=0x00000210f6f4b5f4 sp=0x0000002f8bef9bc0
Event: 20.866 Thread 0x000002108e99fc80 DEOPT UNPACKING pc=0x00000210f69969a3 sp=0x0000002f8bef9c00 mode 2

Classes unloaded (0 events):
No events

Classes redefined (0 events):
No events

Internal exceptions (20 events):
Event: 10.527 Thread 0x00000210ebdabd40 Exception <a 'java/lang/reflect/InvocationTargetException'{0x0000000708730a88}> (0x0000000708730a88) 
thrown [s\src\hotspot\share\runtime\reflection.cpp, line 1121]
Event: 10.536 Thread 0x00000210ebdabd40 Exception <a 'java/lang/reflect/InvocationTargetException'{0x000000070873ddb0}> (0x000000070873ddb0) 
thrown [s\src\hotspot\share\runtime\reflection.cpp, line 1121]
Event: 10.544 Thread 0x00000210ebdabd40 Exception <a 'java/lang/reflect/InvocationTargetException'{0x000000070874e4b0}> (0x000000070874e4b0) 
thrown [s\src\hotspot\share\runtime\reflection.cpp, line 1121]
Event: 10.557 Thread 0x00000210ebdabd40 Exception <a 'java/lang/reflect/InvocationTargetException'{0x000000070875ae70}> (0x000000070875ae70) 
thrown [s\src\hotspot\share\runtime\reflection.cpp, line 1121]
Event: 10.561 Thread 0x00000210ebdabd40 Exception <a 'java/lang/reflect/InvocationTargetException'{0x0000000708766ec0}> (0x0000000708766ec0) 
thrown [s\src\hotspot\share\runtime\reflection.cpp, line 1121]
Event: 10.568 Thread 0x00000210ebdabd40 Exception <a 'java/lang/reflect/InvocationTargetException'{0x0000000708774540}> (0x0000000708774540) 
thrown [s\src\hotspot\share\runtime\reflection.cpp, line 1121]
Event: 10.577 Thread 0x00000210ebdabd40 Exception <a 'java/lang/reflect/InvocationTargetException'{0x0000000708785648}> (0x0000000708785648) 
thrown [s\src\hotspot\share\runtime\reflection.cpp, line 1121]
Event: 10.772 Thread 0x00000210ebdabd40 Implicit null exception at 0x00000210f6ffdbc1 to 0x00000210f6ffdc82
Event: 11.203 Thread 0x00000210ebdabd40 Exception <a 'sun/nio/fs/WindowsException'{0x000000070c0db680}> (0x000000070c0db680) 
thrown [s\src\hotspot\share\prims\jni.cpp, line 516]
Event: 11.265 Thread 0x00000210ebdabd40 Exception <a 'java/lang/IncompatibleClassChangeError'{0x00000007086390d8}: Found class java.lang.Object, but interface was expected> (0x00000007086390d8) 
thrown [s\src\hotspot\share\interpreter\linkResolver.cpp, line 826]
Event: 11.353 Thread 0x00000210ebdabd40 Exception <a 'java/lang/NoSuchMethodError'{0x00000007084d5348}: 'void java.lang.invoke.DirectMethodHandle$Holder.invokeVirtual(java.lang.Object, java.lang.Object, long)'> (0x00000007084d5348) 
thrown [s\src\hotspot\share\interpreter\linkResolver.cpp, line 759]
Event: 11.574 Thread 0x00000210ebdabd40 Exception <a 'java/lang/NoSuchMethodError'{0x0000000707d5cde8}: 'java.lang.Object java.lang.invoke.DirectMethodHandle$Holder.newInvokeSpecial(java.lang.Object, java.lang.Object, int, java.lang.Object, java.lang.Object)'> (0x0000000707d5cde8) 
thrown [s\src\hotspot\share\interpreter\linkResolver.cpp, line 759]
Event: 11.575 Thread 0x00000210ebdabd40 Exception <a 'java/lang/NoSuchMethodError'{0x0000000707d68460}: 'java.lang.Object java.lang.invoke.DirectMethodHandle$Holder.invokeSpecial(java.lang.Object, java.lang.Object, int, java.lang.Object, int, java.lang.Object)'> (0x0000000707d68460) 
thrown [s\src\hotspot\share\interpreter\linkResolver.cpp, line 759]
Event: 11.576 Thread 0x00000210ebdabd40 Exception <a 'java/lang/NoSuchMethodError'{0x0000000707d70268}: 'java.lang.Object java.lang.invoke.DirectMethodHandle$Holder.newInvokeSpecial(java.lang.Object, java.lang.Object, int, java.lang.Object, int)'> (0x0000000707d70268) 
thrown [s\src\hotspot\share\interpreter\linkResolver.cpp, line 759]
Event: 11.576 Thread 0x00000210ebdabd40 Exception <a 'java/lang/NoSuchMethodError'{0x0000000707d74368}: 'java.lang.Object java.lang.invoke.DirectMethodHandle$Holder.invokeSpecial(java.lang.Object, java.lang.Object, java.lang.Object, int, java.lang.Object, int)'> (0x0000000707d74368) 
thrown [s\src\hotspot\share\interpreter\linkResolver.cpp, line 759]
Event: 19.441 Thread 0x000002108e99fc80 Exception <a 'java/lang/NoSuchMethodError'{0x000000070c31ea40}: 'java.lang.Object java.lang.invoke.DirectMethodHandle$Holder.invokeSpecial(java.lang.Object, java.lang.Object, java.lang.Object, java.lang.Object, java.lang.Object, long)'> (0x000000070c31ea40) 
thrown [s\src\hotspot\share\interpreter\linkResolver.cpp, line 759]
Event: 19.441 Thread 0x000002108e99fc80 Exception <a 'java/lang/NoSuchMethodError'{0x000000070c322480}: 'java.lang.Object java.lang.invoke.Invokers$Holder.linkToTargetMethod(java.lang.Object, java.lang.Object, java.lang.Object, long, java.lang.Object)'> (0x000000070c322480) 
thrown [s\src\hotspot\share\interpreter\linkResolver.cpp, line 759]
Event: 19.492 Thread 0x000002108e99fc80 Exception <a 'java/lang/NoSuchMethodError'{0x000000070c058f78}: getSession> (0x000000070c058f78) 
thrown [s\src\hotspot\share\prims\jni.cpp, line 1073]
Event: 19.811 Thread 0x000002108e99fc80 Implicit null exception at 0x00000210f6f64457 to 0x00000210f6f64a44
Event: 19.811 Thread 0x000002108e99fc80 Implicit null exception at 0x00000210f6f24fd7 to 0x00000210f6f25598

VM Operations (20 events):
Event: 19.634 Executing VM operation: HandshakeAllThreads
Event: 19.634 Executing VM operation: HandshakeAllThreads done
Event: 19.763 Executing VM operation: HandshakeAllThreads
Event: 19.763 Executing VM operation: HandshakeAllThreads done
Event: 19.781 Executing VM operation: HandshakeAllThreads
Event: 19.782 Executing VM operation: HandshakeAllThreads done
Event: 20.030 Executing VM operation: G1CollectForAllocation
Event: 20.044 Executing VM operation: G1CollectForAllocation done
Event: 20.664 Executing VM operation: HandshakeAllThreads
Event: 20.664 Executing VM operation: HandshakeAllThreads done
Event: 20.684 Executing VM operation: G1CollectForAllocation
Event: 20.691 Executing VM operation: G1CollectForAllocation done
Event: 20.869 Executing VM operation: ChangeBreakpoints
Event: 20.871 Executing VM operation: ChangeBreakpoints done
Event: 20.871 Executing VM operation: ChangeBreakpoints
Event: 20.872 Executing VM operation: ChangeBreakpoints done
Event: 20.874 Executing VM operation: get/set locals
Event: 20.874 Executing VM operation: get/set locals done
Event: 20.874 Executing VM operation: get/set locals
Event: 20.874 Executing VM operation: get/set locals done

Events (20 events):
Event: 20.568 loading class sun/net/www/protocol/jrt/JavaRuntimeURLConnection$1
Event: 20.568 loading class sun/net/www/protocol/jrt/JavaRuntimeURLConnection$1 done
Event: 20.578 loading class java/text/MessageFormat$Field
Event: 20.578 loading class java/text/MessageFormat$Field done
Event: 20.665 Thread 0x000002108e0dfd90 flushing nmethod 0x00000210f7009790
Event: 20.667 Thread 0x000002108e0dfd90 flushing nmethod 0x00000210ef4abe10
Event: 20.668 Thread 0x000002108e0dfd90 flushing nmethod 0x00000210ef59f290
Event: 20.668 Thread 0x000002108e0dfd90 flushing nmethod 0x00000210ef5e0490
Event: 20.668 Thread 0x000002108e0dfd90 flushing nmethod 0x00000210ef62f610
Event: 20.669 Thread 0x000002108e0dfd90 flushing nmethod 0x00000210ef7a3b90
Event: 20.669 Thread 0x000002108e0dfd90 flushing nmethod 0x00000210ef7a4b10
Event: 20.670 Thread 0x000002108e0dfd90 flushing nmethod 0x00000210ef879590
Event: 20.670 Thread 0x000002108e0dfd90 flushing nmethod 0x00000210ef8f8110
Event: 20.671 Thread 0x000002108e0dfd90 flushing nmethod 0x00000210efa22f90
Event: 20.672 Thread 0x000002108e0dfd90 flushing nmethod 0x00000210efb2ef10
Event: 20.674 Thread 0x000002108e0dfd90 flushing nmethod 0x00000210efdcad10
Event: 20.843 loading class java/util/Hashtable$ValueCollection
Event: 20.843 loading class java/util/Hashtable$ValueCollection done
Event: 20.865 loading class java/net/URLClassLoader$1
Event: 20.865 loading class java/net/URLClassLoader$1 done


Dynamic libraries:
0x00007ff6ee300000 - 0x00007ff6ee30e000 	C:\Users\JPiccione\.p2\pool\plugins\org.eclipse.justj.openjdk.hotspot.jre.full.win32.x86_64_17.0.8.v20230831-1047\jre\bin\javaw.exe
0x00000210e9a80000 - 0x00000210e9c77000 	C:\windows\SYSTEM32\ntd1l.dll
0x00000210e9c80000 - 0x00000210e9d3d000 	C:\windows\System32\kern3l32.dll
0x00007ffc02f70000 - 0x00007ffc03167000 	C:\windows\SYSTEM32\ntdll.dll
0x00007ffc01f90000 - 0x00007ffc0204d000 	C:\windows\System32\KERNEL32.DLL
0x00007ffc00650000 - 0x00007ffc00946000 	C:\windows\System32\KERNELBASE.dll
0x00007ffc000c0000 - 0x00007ffc003d3000 	C:\Program Files\SentinelOne\Sentinel Agent 23.1.4.650\InProcessClient64.dll
0x00007ffc01930000 - 0x00007ffc019de000 	C:\windows\System32\ADVAPI32.dll
0x00007ffc01dd0000 - 0x00007ffc01e6e000 	C:\windows\System32\msvcrt.dll
0x00007ffc02d90000 - 0x00007ffc02e2c000 	C:\windows\System32\sechost.dll
0x00007ffc02a60000 - 0x00007ffc02b86000 	C:\windows\System32\RPCRT4.dll
0x00007ffc00cd0000 - 0x00007ffc00dd0000 	C:\windows\System32\ucrtbase.dll
0x00007ffbf8ee0000 - 0x00007ffbf8ef9000 	C:\Users\JPiccione\.p2\pool\plugins\org.eclipse.justj.openjdk.hotspot.jre.full.win32.x86_64_17.0.8.v20230831-1047\jre\bin\VCRUNTIME140.dll
0x00007ffbf7410000 - 0x00007ffbf7427000 	C:\Users\JPiccione\.p2\pool\plugins\org.eclipse.justj.openjdk.hotspot.jre.full.win32.x86_64_17.0.8.v20230831-1047\jre\bin\jli.dll
0x00007ffc02bf0000 - 0x00007ffc02d8e000 	C:\windows\System32\USER32.dll
0x00007ffbd7fe0000 - 0x00007ffbd827a000 	C:\windows\WinSxS\amd64_microsoft.windows.common-controls_6595b64144ccf1df_6.0.19041.3570_none_60bb2a3971f3e41a\COMCTL32.dll
0x00007ffc00950000 - 0x00007ffc00972000 	C:\windows\System32\win32u.dll
0x00007ffc01da0000 - 0x00007ffc01dcc000 	C:\windows\System32\GDI32.dll
0x00007ffc00b10000 - 0x00007ffc00c2a000 	C:\windows\System32\gdi32full.dll
0x00007ffc00c30000 - 0x00007ffc00ccd000 	C:\windows\System32\msvcp_win.dll
0x00007ffc000b0000 - 0x00007ffc000ba000 	C:\windows\SYSTEM32\VERSION.dll
0x00007ffc000a0000 - 0x00007ffc000ab000 	C:\windows\SYSTEM32\FLTLIB.DLL
0x00007ffc01f60000 - 0x00007ffc01f90000 	C:\windows\System32\IMM32.DLL
0x00007ffbfbd20000 - 0x00007ffbfbd2c000 	C:\Users\JPiccione\.p2\pool\plugins\org.eclipse.justj.openjdk.hotspot.jre.full.win32.x86_64_17.0.8.v20230831-1047\jre\bin\vcruntime140_1.dll
0x00007ffbe1ff0000 - 0x00007ffbe2081000 	C:\Users\JPiccione\.p2\pool\plugins\org.eclipse.justj.openjdk.hotspot.jre.full.win32.x86_64_17.0.8.v20230831-1047\jre\bin\msvcp140.dll
0x00007ffb7d670000 - 0x00007ffb7e2bc000 	C:\Users\JPiccione\.p2\pool\plugins\org.eclipse.justj.openjdk.hotspot.jre.full.win32.x86_64_17.0.8.v20230831-1047\jre\bin\server\jvm.dll
0x00007ffbff870000 - 0x00007ffbff8bb000 	C:\windows\SYSTEM32\POWRPROF.dll
0x00007ffbf8ea0000 - 0x00007ffbf8ea9000 	C:\windows\SYSTEM32\WSOCK32.dll
0x00007ffc02e30000 - 0x00007ffc02e9b000 	C:\windows\System32\WS2_32.dll
0x00007ffbe58a0000 - 0x00007ffbe58c7000 	C:\windows\SYSTEM32\WINMM.dll
0x00007ffbff730000 - 0x00007ffbff742000 	C:\windows\SYSTEM32\UMPDC.dll
0x00007ffbfdf30000 - 0x00007ffbfdf42000 	C:\windows\SYSTEM32\kernel.appcore.dll
0x00007ffbf0410000 - 0x00007ffbf041a000 	C:\Users\JPiccione\.p2\pool\plugins\org.eclipse.justj.openjdk.hotspot.jre.full.win32.x86_64_17.0.8.v20230831-1047\jre\bin\jimage.dll
0x00007ffbf0ca0000 - 0x00007ffbf0e84000 	C:\windows\SYSTEM32\DBGHELP.DLL
0x00007ffbf10a0000 - 0x00007ffbf10d4000 	C:\windows\SYSTEM32\dbgcore.DLL
0x00007ffc00a30000 - 0x00007ffc00ab2000 	C:\windows\System32\bcryptPrimitives.dll
0x00007ffbb64c0000 - 0x00007ffbb653b000 	C:\Program Files\SentinelOne\Sentinel Agent 23.1.4.650\SentinelJava64.dll
0x00007ffc02460000 - 0x00007ffc0258b000 	C:\windows\System32\ole32.dll
0x00007ffc01a40000 - 0x00007ffc01d94000 	C:\windows\System32\combase.dll
0x00007ffbdf240000 - 0x00007ffbdf265000 	C:\Users\JPiccione\.p2\pool\plugins\org.eclipse.justj.openjdk.hotspot.jre.full.win32.x86_64_17.0.8.v20230831-1047\jre\bin\java.dll
0x00007ffbdf040000 - 0x00007ffbdf058000 	C:\Users\JPiccione\.p2\pool\plugins\org.eclipse.justj.openjdk.hotspot.jre.full.win32.x86_64_17.0.8.v20230831-1047\jre\bin\zip.dll
0x00007ffc00fd0000 - 0x00007ffc01714000 	C:\windows\System32\SHELL32.dll
0x00007ffbfe0c0000 - 0x00007ffbfe85b000 	C:\windows\SYSTEM32\windows.storage.dll
0x00007ffbffd50000 - 0x00007ffbffd7d000 	C:\windows\SYSTEM32\Wldp.dll
0x00007ffc022f0000 - 0x00007ffc0239d000 	C:\windows\System32\SHCORE.dll
0x00007ffc01720000 - 0x00007ffc01775000 	C:\windows\System32\shlwapi.dll
0x00007ffc00580000 - 0x00007ffc005a5000 	C:\windows\SYSTEM32\profapi.dll
0x00007ffbdf130000 - 0x00007ffbdf149000 	C:\Users\JPiccione\.p2\pool\plugins\org.eclipse.justj.openjdk.hotspot.jre.full.win32.x86_64_17.0.8.v20230831-1047\jre\bin\net.dll
0x00007ffbff2d0000 - 0x00007ffbff3da000 	C:\windows\SYSTEM32\WINHTTP.dll
0x00007ffbffab0000 - 0x00007ffbffb1a000 	C:\windows\system32\mswsock.dll
0x00007ffbdf070000 - 0x00007ffbdf085000 	C:\Users\JPiccione\.p2\pool\plugins\org.eclipse.justj.openjdk.hotspot.jre.full.win32.x86_64_17.0.8.v20230831-1047\jre\bin\nio.dll
0x00007ffbffca0000 - 0x00007ffbffcb8000 	C:\windows\SYSTEM32\CRYPTSP.dll
0x00007ffbff240000 - 0x00007ffbff274000 	C:\windows\system32\rsaenh.dll
0x00007ffc00e40000 - 0x00007ffc00e67000 	C:\windows\System32\bcrypt.dll
0x00007ffc00500000 - 0x00007ffc0052e000 	C:\windows\SYSTEM32\USERENV.dll
0x00007ffbffcc0000 - 0x00007ffbffccc000 	C:\windows\SYSTEM32\CRYPTBASE.dll
0x00007ffbff750000 - 0x00007ffbff78b000 	C:\windows\SYSTEM32\IPHLPAPI.DLL
0x00007ffc01e70000 - 0x00007ffc01e78000 	C:\windows\System32\NSI.dll
0x00007ffbf9760000 - 0x00007ffbf9777000 	C:\windows\SYSTEM32\dhcpcsvc6.DLL
0x00007ffbf9590000 - 0x00007ffbf95ad000 	C:\windows\SYSTEM32\dhcpcsvc.DLL
0x00007ffbff7a0000 - 0x00007ffbff86a000 	C:\windows\SYSTEM32\DNSAPI.dll
0x00007ffbe2950000 - 0x00007ffbe295e000 	C:\Users\JPiccione\.p2\pool\plugins\org.eclipse.justj.openjdk.hotspot.jre.full.win32.x86_64_17.0.8.v20230831-1047\jre\bin\sunmscapi.dll
0x00007ffc00e70000 - 0x00007ffc00fcd000 	C:\windows\System32\CRYPT32.dll
0x00007ffbffdc0000 - 0x00007ffbffde7000 	C:\windows\SYSTEM32\ncrypt.dll
0x00007ffbffd80000 - 0x00007ffbffdbb000 	C:\windows\SYSTEM32\NTASN1.dll
0x00007ffbfbc50000 - 0x00007ffbfbc59000 	C:\Users\JPiccione\.p2\pool\plugins\org.eclipse.justj.openjdk.hotspot.jre.full.win32.x86_64_17.0.8.v20230831-1047\jre\bin\management.dll
0x00007ffbfbc30000 - 0x00007ffbfbc3b000 	C:\Users\JPiccione\.p2\pool\plugins\org.eclipse.justj.openjdk.hotspot.jre.full.win32.x86_64_17.0.8.v20230831-1047\jre\bin\management_ext.dll
0x00007ffc02450000 - 0x00007ffc02458000 	C:\windows\System32\PSAPI.DLL
0x00007ffbec5b0000 - 0x00007ffbec5c0000 	C:\Users\JPiccione\.p2\pool\plugins\org.eclipse.justj.openjdk.hotspot.jre.full.win32.x86_64_17.0.8.v20230831-1047\jre\bin\verify.dll
0x00007ffbf0bf0000 - 0x00007ffbf0bfa000 	C:\Windows\System32\rasadhlp.dll
0x00007ffbf9b00000 - 0x00007ffbf9b82000 	C:\windows\System32\fwpuclnt.dll
0x00007ffbe0900000 - 0x00007ffbe0917000 	C:\windows\system32\napinsp.dll
0x00007ffbe0a40000 - 0x00007ffbe0a5b000 	C:\windows\system32\pnrpnsp.dll
0x00007ffbf9b90000 - 0x00007ffbf9ba5000 	C:\windows\system32\wshbth.dll
0x00007ffbfb650000 - 0x00007ffbfb66d000 	C:\windows\system32\NLAapi.dll
0x00007ffbe0a60000 - 0x00007ffbe0a72000 	C:\windows\System32\winrnr.dll
0x00007ffbfad90000 - 0x00007ffbfad97000 	C:\windows\system32\wshunix.dll

dbghelp: loaded successfully - version: 4.0.5 - missing functions: none
symbol engine: initialized successfully - sym options: 0x614 - pdb path: .;C:\Users\JPiccione\.p2\pool\plugins\org.eclipse.justj.openjdk.hotspot.jre.full.win32.x86_64_17.0.8.v20230831-1047\jre\bin;C:\windows\SYSTEM32;C:\Program Files\SentinelOne\Sentinel Agent 23.1.4.650;C:\windows\WinSxS\amd64_microsoft.windows.common-controls_6595b64144ccf1df_6.0.19041.3570_none_60bb2a3971f3e41a;C:\Users\JPiccione\.p2\pool\plugins\org.eclipse.justj.openjdk.hotspot.jre.full.win32.x86_64_17.0.8.v20230831-1047\jre\bin\server

VM Arguments:
jvm_args: -Dfile.encoding=UTF-8 -XX:+ShowCodeDetailsInExceptionMessages -agentpath:C:\Program Files\SentinelOne\Sentinel Agent 23.1.4.650\SentinelJava64.dll 
java_command: com.spencer.ItemApp.ItemAppApplication
java_class_path (initial): C:\Users\JPiccione\OneDrive - Spencer Gifts LLC\Documents\ItemApp\target\classes;C:\Users\JPiccione\.m2\repository\org\springframework\boot\spring-boot-starter-data-jpa\3.1.4\spring-boot-starter-data-jpa-3.1.4.jar;C:\Users\JPiccione\.m2\repository\org\springframework\boot\spring-boot-starter-aop\3.1.4\spring-boot-starter-aop-3.1.4.jar;C:\Users\JPiccione\.m2\repository\org\aspectj\aspectjweaver\1.9.20\aspectjweaver-1.9.20.jar;C:\Users\JPiccione\.m2\repository\org\springframework\boot\spring-boot-starter-jdbc\3.1.4\spring-boot-starter-jdbc-3.1.4.jar;C:\Users\JPiccione\.m2\repository\com\zaxxer\HikariCP\5.0.1\HikariCP-5.0.1.jar;C:\Users\JPiccione\.m2\repository\org\springframework\spring-jdbc\6.0.12\spring-jdbc-6.0.12.jar;C:\Users\JPiccione\.m2\repository\org\hibernate\orm\hibernate-core\6.2.9.Final\hibernate-core-6.2.9.Final.jar;C:\Users\JPiccione\.m2\repository\jakarta\persistence\jakarta.persistence-api\3.1.0\jakarta.persistence-api-3.1.0.jar;C:\Users\JPiccione\.m2\repository\jakarta\transaction\jakarta.transaction-api\2.0.1\jakarta.transaction-api-2.0.1.jar;C:\Users\JPiccione\.m2\repository\org\jboss\logging\jboss-logging\3.5.3.Final\jboss-logging-3.5.3.Final.jar;C:\Users\JPiccione\.m2\repository\org\hibernate\common\hibernate-commons-annotations\6.0.6.Final\hibernate-commons-annotations-6.0.6.Final.jar;C:\Users\JPiccione\.m2\repository\io\smallrye\jandex\3.0.5\jandex-3.0.5.jar;C:\Users\JPiccione\.m2\repository\com\fasterxml\classmate\1.5.1\classmate-1.5.1.jar;C:\Users\JPiccione\.m2\repository\net\bytebuddy\byte-buddy\1.14.8\byte-buddy-1.14.8.jar;C:\Users\JPiccione\.m2\repository\org\glassfish\jaxb\jaxb-runtime\4.0.3\jaxb-runtime-4.0.3.jar;C:\Users\JPiccione\.m2\repository\org\glassfish\jaxb\jaxb-core\4.0.3\jaxb-core-4.0.3.jar;C:\Users\JPiccione\.m2\repository\org\eclipse\angus\angus-activation\2.0.1\angus-activation-2.0.1.jar;C:\Users\JPiccione\.m2\repository\org\glassfish\jaxb\txw2\4.0.3\txw2-4.0.3.jar;C:\Users\JPiccione\.m2\repositor
Launcher Type: SUN_STANDARD

[Global flags]
     intx CICompilerCount                          = 3                                         {product} {ergonomic}
     uint ConcGCThreads                            = 1                                         {product} {ergonomic}
     uint G1ConcRefinementThreads                  = 4                                         {product} {ergonomic}
   size_t G1HeapRegionSize                         = 2097152                                   {product} {ergonomic}
    uintx GCDrainStackTargetSize                   = 64                                        {product} {ergonomic}
   size_t InitialHeapSize                          = 264241152                                 {product} {ergonomic}
   size_t MarkStackSize                            = 4194304                                   {product} {ergonomic}
   size_t MaxHeapSize                              = 4215275520                                {product} {ergonomic}
   size_t MaxNewSize                               = 2529165312                                {product} {ergonomic}
   size_t MinHeapDeltaBytes                        = 2097152                                   {product} {ergonomic}
   size_t MinHeapSize                              = 8388608                                   {product} {ergonomic}
    uintx NonNMethodCodeHeapSize                   = 5832780                                {pd product} {ergonomic}
    uintx NonProfiledCodeHeapSize                  = 122912730                              {pd product} {ergonomic}
    uintx ProfiledCodeHeapSize                     = 122912730                              {pd product} {ergonomic}
    uintx ReservedCodeCacheSize                    = 251658240                              {pd product} {ergonomic}
     bool SegmentedCodeCache                       = true                                      {product} {ergonomic}
     bool ShowCodeDetailsInExceptionMessages       = true                                   {manageable} {command line}
   size_t SoftMaxHeapSize                          = 4215275520                             {manageable} {ergonomic}
     bool UseCompressedClassPointers               = true                           {product lp64_product} {ergonomic}
     bool UseCompressedOops                        = true                           {product lp64_product} {ergonomic}
     bool UseG1GC                                  = true                                      {product} {ergonomic}
     bool UseLargePagesIndividualAllocation        = false                                  {pd product} {ergonomic}

Logging:
Log output configuration:
 #0: stdout all=warning uptime,level,tags
 #1: stderr all=off uptime,level,tags

Environment Variables:
PATH=C:/Users/JPiccione/.p2/pool/plugins/org.eclipse.justj.openjdk.hotspot.jre.full.win32.x86_64_17.0.8.v20230831-1047/jre/bin/server;C:/Users/JPiccione/.p2/pool/plugins/org.eclipse.justj.openjdk.hotspot.jre.full.win32.x86_64_17.0.8.v20230831-1047/jre/bin;C:\Program Files\Common Files\Oracle\Java\javapath;C:\Program Files (x86)\Common Files\Oracle\Java\javapath;C:\Program Files\Microsoft\jdk-11.0.16.101-hotspot\bin;C:\Program Files (x86)\Business Objects\Common\3.5\bin\NOTES\;C:\Program Files (x86)\Business Objects\Common\3.5\bin\NOTES\DATA\;C:\windows\system32;C:\windows;C:\windows\System32\Wbem;C:\windows\System32\WindowsPowerShell\v1.0\;C:\windows\System32\OpenSSH\;C:\Program Files (x86)\IBM\Client Access\Emulator;C:\Program Files (x86)\IBM\Client Access\Shared;C:\Program Files (x86)\IBM\Client Access\;C:\Program Files (x86)\HEAT\;C:\Program Files (x86)\Microsoft SQL Server\160\DTS\Binn\;C:\Program Files\Azure Data Studio\bin;C:\Program Files\PuTTY\;C:\Program Files\Git\cmd;C:\Program Files\Microsoft SQL Server\150\Tools\Binn\;C:\Program Files\Microsoft SQL Server\Client SDK\ODBC\170\Tools\Binn\;C:\Program Files\dotnet\;C:\Program Files (x86)\Windows Kits\10\Windows Performance Toolkit\;c:\Program Files (x86)\Microsoft SQL Server\110\Tools\Binn\;c:\Program Files\Microsoft SQL Server\110\Tools\Binn\;c:\Program Files\Microsoft SQL Server\110\DTS\Binn\;C:\Program Files (x86)\Microsoft SQL Server\150\Tools\Binn\;C:\Program Files\Microsoft SQL Server\150\DTS\Binn\;C:\Users\JPiccione\AppData\Local\Microsoft\WindowsApps;C:\Program Files\Azure Data Studio\bin;C:\Users\JPiccione\.dotnet\tools;C:\Users\JPiccione\AppData\Local\Programs\Azure Data Studio\bin;C:\Program Files\JetBrains\IntelliJ IDEA 2023.2\bin;;C:\Users\JPiccione\AppData\Local\GitHubDesktop\bin;C:\windows\system32;
USERNAME=JPiccione
OS=Windows_NT
PROCESSOR_IDENTIFIER=Intel64 Family 6 Model 61 Stepping 4, GenuineIntel
TMP=C:\Users\JPICCI~1\AppData\Local\Temp
TEMP=C:\Users\JPICCI~1\AppData\Local\Temp



---------------  S Y S T E M  ---------------

OS:
 Windows 10 , 64 bit Build 19041 (10.0.19041.3570)
OS uptime: 7 days 5:06 hours

CPU: total 4 (initial active 4) (2 cores per cpu, 2 threads per core) family 6 model 61 stepping 4 microcode 0x2d, cx8, cmov, fxsr, ht, mmx, 3dnowpref, sse, sse2, sse3, ssse3, sse4.1, sse4.2, popcnt, lzcnt, tsc, tscinvbit, avx, avx2, aes, erms, clmul, bmi1, bmi2, rtm, adx, fma, vzeroupper, clflush
Processor Information for all 4 processors :
  Max Mhz: 2594, Current Mhz: 2594, Mhz Limit: 2594

Memory: 4k page, system-wide physical 16079M (6084M free)
TotalPageFile size 18511M (AvailPageFile size 5746M)
current process WorkingSet (physical memory assigned to process): 277M, peak: 316M
current process commit charge ("private bytes"): 293M, peak: 371M

vm_info: OpenJDK 64-Bit Server VM (17.0.8.1+1) for windows-amd64 JRE (17.0.8.1+1), built on Aug 23 2023 15:29:17 by "admin" with MS VC++ 16.7 (VS2019)

END.
