#
# A fatal error has been detected by the Java Runtime Environment:
#
#  EXCEPTION_ACCESS_VIOLATION (0xc0000005) at pc=0x000001d29a599170, pid=12760, tid=1940
#
# JRE version: OpenJDK Runtime Environment Temurin-17.0.8.1+1 (17.0.8.1+1) (build 17.0.8.1+1)
# Java VM: OpenJDK 64-Bit Server VM Temurin-17.0.8.1+1 (17.0.8.1+1, mixed mode, tiered, compressed oops, compressed class ptrs, g1 gc, windows-amd64)
# Problematic frame:
# j  jakarta.servlet.ServletRequestWrapper.getParameterValues(Ljava/lang/String;)[Ljava/lang/String;+0
#
# No core dump will be written. Minidumps are not enabled by default on client versions of Windows
#
# If you would like to submit a bug report, please visit:
#   https://github.com/adoptium/adoptium-support/issues
#

---------------  S U M M A R Y ------------

Command Line: -Dfile.encoding=UTF-8 -XX:+ShowCodeDetailsInExceptionMessages -agentpath:C:\Program Files\SentinelOne\Sentinel Agent 23.1.4.650\SentinelJava64.dll com.spencer.ItemApp.ItemAppApplication

Host: Intel(R) Core(TM) i7-5600U CPU @ 2.60GHz, 4 cores, 15G,  Windows 10 , 64 bit Build 19041 (10.0.19041.3570)
Time: Tue Nov  7 10:07:13 2023 Eastern Standard Time elapsed time: 14.655955 seconds (0d 0h 0m 14s)

---------------  T H R E A D  ---------------

Current thread (0x000001d2b60e2ac0):  JavaThread "http-nio-8080-exec-1" daemon [_thread_in_Java, id=1940, stack(0x000000c9f1600000,0x000000c9f1700000)]

Stack: [0x000000c9f1600000,0x000000c9f1700000],  sp=0x000000c9f16f9298,  free space=996k
Native frames: (J=compiled Java code, j=interpreted, Vv=VM code, C=native code)
C  0x000001d29a599170


siginfo: EXCEPTION_ACCESS_VIOLATION (0xc0000005), reading address 0x0000000700000000


Register to memory mapping:

RIP=0x000001d29a599170 is at code_begin+272 in an Interpreter codelet
getfield  180 getfield  [0x000001d29a599060, 0x000001d29a599980]  2336 bytes
RAX=0x0000000084000002 is an unknown value
RBX=0x000000000000000c is an unknown value
RCX=0x000001d2bd0020e0 is pointing into metadata
RDX=0x0000000000000010 is an unknown value
RSP=0x000000c9f16f9298 is pointing into the stack for thread: 0x000001d2b60e2ac0
RBP=0x000000c9f16f92e0 is pointing into the stack for thread: 0x000001d2b60e2ac0
RSI=0x000000c9f16f9730 is pointing into the stack for thread: 0x000001d2b60e2ac0
RDI=0x000001d2b60e2ac0 is a thread
R8 =0x0000000000000006 is an unknown value
R9 =0x0000000700000000 is an unknown value
R10=0x00007ffd98ed4d90 jvm.dll
R11={method} {0x000001d2b2d2cba8} 'getParameterValues' '(Ljava/lang/String;)[Ljava/lang/String;' in 'jakarta/servlet/ServletRequestWrapper'
R12=0x0 is NULL
R13=0x000001d2b2d2cb71 is pointing into metadata
R14=0x000000c9f16f92f8 is pointing into the stack for thread: 0x000001d2b60e2ac0
R15=0x000001d2b60e2ac0 is a thread


Registers:
RAX=0x0000000084000002, RBX=0x000000000000000c, RCX=0x000001d2bd0020e0, RDX=0x0000000000000010
RSP=0x000000c9f16f9298, RBP=0x000000c9f16f92e0, RSI=0x000000c9f16f9730, RDI=0x000001d2b60e2ac0
R8 =0x0000000000000006, R9 =0x0000000700000000, R10=0x00007ffd98ed4d90, R11=0x000001d2b2d2cba0
R12=0x0000000000000000, R13=0x000001d2b2d2cb71, R14=0x000000c9f16f92f8, R15=0x000001d2b60e2ac0
RIP=0x000001d29a599170, EFLAGS=0x0000000000010246

Top of Stack: (sp=0x000000c9f16f9298)
0x000000c9f16f9298:   000000c9f16f9298 000001d2b2d2cb70
0x000000c9f16f92a8:   000000c9f16f92f8 000001d2bd0020e0
0x000000c9f16f92b8:   0000000000000000 000000070667d270
0x000000c9f16f92c8:   000001d2b2d2cba0 0000000000000000
0x000000c9f16f92d8:   000000c9f16f92f0 000000c9f16f94d0
0x000000c9f16f92e8:   000001d29a581010 0000000706820e30
0x000000c9f16f92f8:   0000000700000000 0000000000000000
0x000000c9f16f9308:   0000000000000000 0000000000000000
0x000000c9f16f9318:   0000000000000000 0000000000000000
0x000000c9f16f9328:   0000000000000000 0000000000000000
0x000000c9f16f9338:   0000000000000000 00000000e0ff4284
0x000000c9f16f9348:   0000000000000000 0000000000000000
0x000000c9f16f9358:   0000000000000000 00000000e0ff40dc
0x000000c9f16f9368:   0000000000000000 c880a57e2f40de10
0x000000c9f16f9378:   0000000000000000 0b0a090803020100
0x000000c9f16f9388:   0000000000000000 0000000000000000 

Instructions: (pc=0x000001d29a599170)
0x000001d29a599070:   fb 11 04 24 eb 14 48 83 ec 10 48 89 04 24 48 c7
0x000001d29a599080:   44 24 08 00 00 00 00 eb 01 50 41 0f b7 55 01 48
0x000001d29a599090:   8b 4d d0 c1 e2 02 8b 5c d1 20 c1 eb 10 81 e3 ff
0x000001d29a5990a0:   00 00 00 81 fb b4 00 00 00 0f 84 b6 00 00 00 bb
0x000001d29a5990b0:   b4 00 00 00 e8 05 00 00 00 e9 9b 00 00 00 48 8b
0x000001d29a5990c0:   d3 48 8d 44 24 08 4c 89 6d c0 49 8b cf c5 f8 77
0x000001d29a5990d0:   49 89 af a0 02 00 00 49 89 87 90 02 00 00 48 83
0x000001d29a5990e0:   ec 20 f7 c4 0f 00 00 00 0f 84 1a 00 00 00 48 83
0x000001d29a5990f0:   ec 08 49 ba 10 4f 6c 98 fd 7f 00 00 41 ff d2 48
0x000001d29a599100:   83 c4 08 e9 0d 00 00 00 49 ba 10 4f 6c 98 fd 7f
0x000001d29a599110:   00 00 41 ff d2 48 83 c4 20 49 c7 87 90 02 00 00
0x000001d29a599120:   00 00 00 00 49 c7 87 a0 02 00 00 00 00 00 00 49
0x000001d29a599130:   c7 87 98 02 00 00 00 00 00 00 c5 f8 77 49 81 7f
0x000001d29a599140:   08 00 00 00 00 0f 84 05 00 00 00 e9 b0 7d fe ff
0x000001d29a599150:   4c 8b 6d c0 4c 8b 75 c8 c3 41 0f b7 55 01 48 8b
0x000001d29a599160:   4d d0 c1 e2 02 48 8b 5c d1 30 8b 44 d1 38 41 59
0x000001d29a599170:   49 3b 01 c1 e8 1c 83 e0 0f 0f 85 d4 00 00 00 41
0x000001d29a599180:   0f be 04 19 50 41 b9 cc 00 00 00 41 0f b6 5d 00
0x000001d29a599190:   81 fb ca 00 00 00 0f 85 ae 00 00 00 48 8b 5d e8
0x000001d29a5991a0:   e8 05 00 00 00 e9 9e 00 00 00 4d 8b c5 48 8b d3
0x000001d29a5991b0:   48 8d 44 24 08 4c 89 6d c0 49 8b cf c5 f8 77 49
0x000001d29a5991c0:   89 af a0 02 00 00 49 89 87 90 02 00 00 48 83 ec
0x000001d29a5991d0:   20 f7 c4 0f 00 00 00 0f 84 1a 00 00 00 48 83 ec
0x000001d29a5991e0:   08 49 ba 80 5d 6c 98 fd 7f 00 00 41 ff d2 48 83
0x000001d29a5991f0:   c4 08 e9 0d 00 00 00 49 ba 80 5d 6c 98 fd 7f 00
0x000001d29a599200:   00 41 ff d2 48 83 c4 20 49 c7 87 90 02 00 00 00
0x000001d29a599210:   00 00 00 49 c7 87 a0 02 00 00 00 00 00 00 49 c7
0x000001d29a599220:   87 98 02 00 00 00 00 00 00 c5 f8 77 49 81 7f 08
0x000001d29a599230:   00 00 00 00 0f 84 05 00 00 00 e9 c1 7c fe ff 4c
0x000001d29a599240:   8b 6d c0 4c 8b 75 c8 c3 eb 04 45 88 4d 00 e9 fd
0x000001d29a599250:   06 00 00 83 f8 01 0f 85 d4 00 00 00 41 0f b6 04
0x000001d29a599260:   19 50 41 b9 cc 00 00 00 41 0f b6 5d 00 81 fb ca 


Stack slot to memory mapping:
stack at sp + 0 slots: 0x000000c9f16f9298 is pointing into the stack for thread: 0x000001d2b60e2ac0
stack at sp + 1 slots: 0x000001d2b2d2cb70 is pointing into metadata
stack at sp + 2 slots: 0x000000c9f16f92f8 is pointing into the stack for thread: 0x000001d2b60e2ac0
stack at sp + 3 slots: 0x000001d2bd0020e0 is pointing into metadata
stack at sp + 4 slots: 0x0 is NULL
stack at sp + 5 slots: 0x000000070667d270 is an oop: java.lang.Class 
{0x000000070667d270} - klass: 'java/lang/Class'
 - ---- fields (total size 15 words):
 - private volatile transient 'classRedefinedCount' 'I' @12  0
 - private volatile transient 'cachedConstructor' 'Ljava/lang/reflect/Constructor;' @40  NULL (0)
 - private transient 'name' 'Ljava/lang/String;' @44  "jakarta.servlet.ServletRequestWrapper"{0x000000070667f728} (e0ccfee5)
 - private transient 'module' 'Ljava/lang/Module;' @48  a 'java/lang/Module'{0x0000000704fa0aa0} (e09f4154)
 - private final 'classLoader' 'Ljava/lang/ClassLoader;' @52  a 'jdk/internal/loader/ClassLoaders$AppClassLoader'{0x0000000704f77800} (e09eef00)
 - private transient 'classData' 'Ljava/lang/Object;' @56  NULL (0)
 - private transient 'packageName' 'Ljava/lang/String;' @60  "jakarta.servlet"{0x0000000705235438} (e0a46a87)
 - private final 'componentType' 'Ljava/lang/Class;' @64  NULL (0)
 - private volatile transient 'reflectionData' 'Ljava/lang/ref/SoftReference;' @68  NULL (0)
 - private volatile transient 'genericInfo' 'Lsun/reflect/generics/repository/ClassRepository;' @72  NULL (0)
 - private volatile transient 'enumConstants' '[Ljava/lang/Object;' @76  NULL (0)
 - private volatile transient 'enumConstantDirectory' 'Ljava/util/Map;' @80  NULL (0)
 - private volatile transient 'annotationData' 'Ljava/lang/Class$AnnotationData;' @84  NULL (0)
 - private volatile transient 'annotationType' 'Lsun/reflect/annotation/AnnotationType;' @88  NULL (0)
 - transient 'classValueMap' 'Ljava/lang/ClassValue$ClassValueMap;' @92  NULL (0)
 - signature: Ljakarta/servlet/ServletRequestWrapper;
 - fake entry for mirror: 'jakarta/servlet/ServletRequestWrapper'
 - fake entry for array: NULL
 - fake entry for oop_size: 15
 - fake entry for static_oop_field_count: 2
 - private static final 'LSTRING_FILE' 'Ljava/lang/String;' @112  "jakarta.servlet.LocalStrings"{0x0000000705a95a90} (e0b52b52)
 - private static final 'lStrings' 'Ljava/util/ResourceBundle;' @116  a 'java/util/PropertyResourceBundle'{0x000000070691c938} (e0d23927)
stack at sp + 6 slots: {method} {0x000001d2b2d2cba8} 'getParameterValues' '(Ljava/lang/String;)[Ljava/lang/String;' in 'jakarta/servlet/ServletRequestWrapper'
stack at sp + 7 slots: 0x0 is NULL

getfield  180 getfield  [0x000001d29a599060, 0x000001d29a599980]  2336 bytes
[MachCode]
  0x000001d29a599060: 4883 ec08 | c5fa 1104 | 24eb 1f48 | 83ec 10c5 | fb11 0424 | eb14 4883 | ec10 4889 | 0424 48c7 
  0x000001d29a599080: 4424 0800 | 0000 00eb | 0150 410f | b755 0148 | 8b4d d0c1 | e202 8b5c | d120 c1eb | 1081 e3ff 
  0x000001d29a5990a0: 0000 0081 | fbb4 0000 | 000f 84b6 | 0000 00bb | b400 0000 | e805 0000 | 00e9 9b00 | 0000 488b 
  0x000001d29a5990c0: d348 8d44 | 2408 4c89 | 6dc0 498b | cfc5 f877 | 4989 afa0 | 0200 0049 | 8987 9002 | 0000 4883 
  0x000001d29a5990e0: ec20 f7c4 | 0f00 0000 | 0f84 1a00 | 0000 4883 | ec08 49ba | 104f 6c98 | fd7f 0000 | 41ff d248 
  0x000001d29a599100: 83c4 08e9 | 0d00 0000 | 49ba 104f | 6c98 fd7f | 0000 41ff | d248 83c4 | 2049 c787 | 9002 0000 
  0x000001d29a599120: 0000 0000 | 49c7 87a0 | 0200 0000 | 0000 0049 | c787 9802 | 0000 0000 | 0000 c5f8 | 7749 817f 
  0x000001d29a599140: 0800 0000 | 000f 8405 | 0000 00e9 | b07d feff | 4c8b 6dc0 | 4c8b 75c8 | c341 0fb7 | 5501 488b 
  0x000001d29a599160: 4dd0 c1e2 | 0248 8b5c | d130 8b44 | d138 4159 | 493b 01c1 | e81c 83e0 | 0f0f 85d4 | 0000 0041 
  0x000001d29a599180: 0fbe 0419 | 5041 b9cc | 0000 0041 | 0fb6 5d00 | 81fb ca00 | 0000 0f85 | ae00 0000 | 488b 5de8 
  0x000001d29a5991a0: e805 0000 | 00e9 9e00 | 0000 4d8b | c548 8bd3 | 488d 4424 | 084c 896d | c049 8bcf | c5f8 7749 
  0x000001d29a5991c0: 89af a002 | 0000 4989 | 8790 0200 | 0048 83ec | 20f7 c40f | 0000 000f | 841a 0000 | 0048 83ec 
  0x000001d29a5991e0: 0849 ba80 | 5d6c 98fd | 7f00 0041 | ffd2 4883 | c408 e90d | 0000 0049 | ba80 5d6c | 98fd 7f00 
  0x000001d29a599200: 0041 ffd2 | 4883 c420 | 49c7 8790 | 0200 0000 | 0000 0049 | c787 a002 | 0000 0000 | 0000 49c7 
  0x000001d29a599220: 8798 0200 | 0000 0000 | 00c5 f877 | 4981 7f08 | 0000 0000 | 0f84 0500 | 0000 e9c1 | 7cfe ff4c 
  0x000001d29a599240: 8b6d c04c | 8b75 c8c3 | eb04 4588 | 4d00 e9fd | 0600 0083 | f801 0f85 | d400 0000 | 410f b604 
  0x000001d29a599260: 1950 41b9 | cc00 0000 | 410f b65d | 0081 fbca | 0000 000f | 85ae 0000 | 0048 8b5d | e8e8 0500 
  0x000001d29a599280: 0000 e99e | 0000 004d | 8bc5 488b | d348 8d44 | 2408 4c89 | 6dc0 498b | cfc5 f877 | 4989 afa0 
  0x000001d29a5992a0: 0200 0049 | 8987 9002 | 0000 4883 | ec20 f7c4 | 0f00 0000 | 0f84 1a00 | 0000 4883 | ec08 49ba 
  0x000001d29a5992c0: 805d 6c98 | fd7f 0000 | 41ff d248 | 83c4 08e9 | 0d00 0000 | 49ba 805d | 6c98 fd7f | 0000 41ff 
  0x000001d29a5992e0: d248 83c4 | 2049 c787 | 9002 0000 | 0000 0000 | 49c7 87a0 | 0200 0000 | 0000 0049 | c787 9802 
  0x000001d29a599300: 0000 0000 | 0000 c5f8 | 7749 817f | 0800 0000 | 000f 8405 | 0000 00e9 | e47b feff | 4c8b 6dc0 
  0x000001d29a599320: 4c8b 75c8 | c3eb 0445 | 884d 00e9 | 2006 0000 | 83f8 080f | 85d7 0000 | 0041 8b04 | 1948 c1e0 
  0x000001d29a599340: 0350 41b9 | cb00 0000 | 410f b65d | 0081 fbca | 0000 000f | 85ae 0000 | 0048 8b5d | e8e8 0500 
  0x000001d29a599360: 0000 e99e | 0000 004d | 8bc5 488b | d348 8d44 | 2408 4c89 | 6dc0 498b | cfc5 f877 | 4989 afa0 
  0x000001d29a599380: 0200 0049 | 8987 9002 | 0000 4883 | ec20 f7c4 | 0f00 0000 | 0f84 1a00 | 0000 4883 | ec08 49ba 
  0x000001d29a5993a0: 805d 6c98 | fd7f 0000 | 41ff d248 | 83c4 08e9 | 0d00 0000 | 49ba 805d | 6c98 fd7f | 0000 41ff 
  0x000001d29a5993c0: d248 83c4 | 2049 c787 | 9002 0000 | 0000 0000 | 49c7 87a0 | 0200 0000 | 0000 0049 | c787 9802 
  0x000001d29a5993e0: 0000 0000 | 0000 c5f8 | 7749 817f | 0800 0000 | 000f 8405 | 0000 00e9 | 047b feff | 4c8b 6dc0 
  0x000001d29a599400: 4c8b 75c8 | c3eb 0445 | 884d 00e9 | 4005 0000 | 83f8 040f | 85d3 0000 | 0041 8b04 | 1950 41b9 
  0x000001d29a599420: d000 0000 | 410f b65d | 0081 fbca | 0000 000f | 85ae 0000 | 0048 8b5d | e8e8 0500 | 0000 e99e 
  0x000001d29a599440: 0000 004d | 8bc5 488b | d348 8d44 | 2408 4c89 | 6dc0 498b | cfc5 f877 | 4989 afa0 | 0200 0049 
  0x000001d29a599460: 8987 9002 | 0000 4883 | ec20 f7c4 | 0f00 0000 | 0f84 1a00 | 0000 4883 | ec08 49ba | 805d 6c98 
  0x000001d29a599480: fd7f 0000 | 41ff d248 | 83c4 08e9 | 0d00 0000 | 49ba 805d | 6c98 fd7f | 0000 41ff | d248 83c4 
  0x000001d29a5994a0: 2049 c787 | 9002 0000 | 0000 0000 | 49c7 87a0 | 0200 0000 | 0000 0049 | c787 9802 | 0000 0000 
  0x000001d29a5994c0: 0000 c5f8 | 7749 817f | 0800 0000 | 000f 8405 | 0000 00e9 | 287a feff | 4c8b 6dc0 | 4c8b 75c8 
  0x000001d29a5994e0: c3eb 0445 | 884d 00e9 | 6404 0000 | 83f8 020f | 85d4 0000 | 0041 0fb7 | 0419 5041 | b9cd 0000 
  0x000001d29a599500: 0041 0fb6 | 5d00 81fb | ca00 0000 | 0f85 ae00 | 0000 488b | 5de8 e805 | 0000 00e9 | 9e00 0000 
  0x000001d29a599520: 4d8b c548 | 8bd3 488d | 4424 084c | 896d c049 | 8bcf c5f8 | 7749 89af | a002 0000 | 4989 8790 
  0x000001d29a599540: 0200 0048 | 83ec 20f7 | c40f 0000 | 000f 841a | 0000 0048 | 83ec 0849 | ba80 5d6c | 98fd 7f00 
  0x000001d29a599560: 0041 ffd2 | 4883 c408 | e90d 0000 | 0049 ba80 | 5d6c 98fd | 7f00 0041 | ffd2 4883 | c420 49c7 
  0x000001d29a599580: 8790 0200 | 0000 0000 | 0049 c787 | a002 0000 | 0000 0000 | 49c7 8798 | 0200 0000 | 0000 00c5 
  0x000001d29a5995a0: f877 4981 | 7f08 0000 | 0000 0f84 | 0500 0000 | e94b 79fe | ff4c 8b6d | c04c 8b75 | c8c3 eb04 
  0x000001d29a5995c0: 4588 4d00 | e987 0300 | 0083 f803 | 0f85 d400 | 0000 410f | bf04 1950 | 41b9 d200 | 0000 410f 
  0x000001d29a5995e0: b65d 0081 | fbca 0000 | 000f 85ae | 0000 0048 | 8b5d e8e8 | 0500 0000 | e99e 0000 | 004d 8bc5 
  0x000001d29a599600: 488b d348 | 8d44 2408 | 4c89 6dc0 | 498b cfc5 | f877 4989 | afa0 0200 | 0049 8987 | 9002 0000 
  0x000001d29a599620: 4883 ec20 | f7c4 0f00 | 0000 0f84 | 1a00 0000 | 4883 ec08 | 49ba 805d | 6c98 fd7f | 0000 41ff 
  0x000001d29a599640: d248 83c4 | 08e9 0d00 | 0000 49ba | 805d 6c98 | fd7f 0000 | 41ff d248 | 83c4 2049 | c787 9002 
  0x000001d29a599660: 0000 0000 | 0000 49c7 | 87a0 0200 | 0000 0000 | 0049 c787 | 9802 0000 | 0000 0000 | c5f8 7749 
  0x000001d29a599680: 817f 0800 | 0000 000f | 8405 0000 | 00e9 6e78 | feff 4c8b | 6dc0 4c8b | 75c8 c3eb | 0445 884d 
  0x000001d29a5996a0: 00e9 aa02 | 0000 83f8 | 050f 85e3 | 0000 0049 | 8b04 1948 | 83ec 1048 | 8904 2448 | c744 2408 
  0x000001d29a5996c0: 0000 0000 | 41b9 d100 | 0000 410f | b65d 0081 | fbca 0000 | 000f 85ae | 0000 0048 | 8b5d e8e8 
  0x000001d29a5996e0: 0500 0000 | e99e 0000 | 004d 8bc5 | 488b d348 | 8d44 2408 | 4c89 6dc0 | 498b cfc5 | f877 4989 
  0x000001d29a599700: afa0 0200 | 0049 8987 | 9002 0000 | 4883 ec20 | f7c4 0f00 | 0000 0f84 | 1a00 0000 | 4883 ec08 
  0x000001d29a599720: 49ba 805d | 6c98 fd7f | 0000 41ff | d248 83c4 | 08e9 0d00 | 0000 49ba | 805d 6c98 | fd7f 0000 
  0x000001d29a599740: 41ff d248 | 83c4 2049 | c787 9002 | 0000 0000 | 0000 49c7 | 87a0 0200 | 0000 0000 | 0049 c787 
  0x000001d29a599760: 9802 0000 | 0000 0000 | c5f8 7749 | 817f 0800 | 0000 000f | 8405 0000 | 00e9 8277 | feff 4c8b 
  0x000001d29a599780: 6dc0 4c8b | 75c8 c3eb | 0445 884d | 00e9 be01 | 0000 83f8 | 060f 85dd | 0000 00c4 | c17a 1004 
  0x000001d29a5997a0: 1948 83ec | 08c5 fa11 | 0424 41b9 | cf00 0000 | 410f b65d | 0081 fbca | 0000 000f | 85ae 0000 
  0x000001d29a5997c0: 0048 8b5d | e8e8 0500 | 0000 e99e | 0000 004d | 8bc5 488b | d348 8d44 | 2408 4c89 | 6dc0 498b 
  0x000001d29a5997e0: cfc5 f877 | 4989 afa0 | 0200 0049 | 8987 9002 | 0000 4883 | ec20 f7c4 | 0f00 0000 | 0f84 1a00 
  0x000001d29a599800: 0000 4883 | ec08 49ba | 805d 6c98 | fd7f 0000 | 41ff d248 | 83c4 08e9 | 0d00 0000 | 49ba 805d 
  0x000001d29a599820: 6c98 fd7f | 0000 41ff | d248 83c4 | 2049 c787 | 9002 0000 | 0000 0000 | 49c7 87a0 | 0200 0000 
  0x000001d29a599840: 0000 0049 | c787 9802 | 0000 0000 | 0000 c5f8 | 7749 817f | 0800 0000 | 000f 8405 | 0000 00e9 
  0x000001d29a599860: 9c76 feff | 4c8b 6dc0 | 4c8b 75c8 | c3eb 0445 | 884d 00e9 | d800 0000 | c4c1 7b10 | 0419 4883 
  0x000001d29a599880: ec10 c5fb | 1104 2441 | b9ce 0000 | 0041 0fb6 | 5d00 81fb | ca00 0000 | 0f85 ae00 | 0000 488b 
  0x000001d29a5998a0: 5de8 e805 | 0000 00e9 | 9e00 0000 | 4d8b c548 | 8bd3 488d | 4424 084c | 896d c049 | 8bcf c5f8 
  0x000001d29a5998c0: 7749 89af | a002 0000 | 4989 8790 | 0200 0048 | 83ec 20f7 | c40f 0000 | 000f 841a | 0000 0048 
  0x000001d29a5998e0: 83ec 0849 | ba80 5d6c | 98fd 7f00 | 0041 ffd2 | 4883 c408 | e90d 0000 | 0049 ba80 | 5d6c 98fd 
  0x000001d29a599900: 7f00 0041 | ffd2 4883 | c420 49c7 | 8790 0200 | 0000 0000 | 0049 c787 | a002 0000 | 0000 0000 
  0x000001d29a599920: 49c7 8798 | 0200 0000 | 0000 00c5 | f877 4981 | 7f08 0000 | 0000 0f84 | 0500 0000 | e9bf 75fe 
  0x000001d29a599940: ff4c 8b6d | c04c 8b75 | c8c3 eb04 | 4588 4d00 | 410f b65d | 0349 83c5 | 0349 ba90 | 55ed 98fd 
  0x000001d29a599960: 7f00 0041 | ff24 da90 | 0000 0000 | 0000 0000 | 0000 0000 | 0000 0000 | 0000 0000 | 0000 0000 
[/MachCode]

---------------  P R O C E S S  ---------------

Threads class SMR info:
_java_thread_list=0x000001d2ba276320, length=30, elements={
0x000001d2ae2e03e0, 0x000001d2ae2e1b30, 0x000001d2ae2e9700, 0x000001d2ae2c8bb0,
0x000001d2ae2c9e00, 0x000001d2ae3054e0, 0x000001d2ae30e8c0, 0x000001d2ae30f970,
0x000001d2ae3251f0, 0x000001d2ae4a8940, 0x000001d2ae4b6c70, 0x000001d2aed239e0,
0x000001d2b60e39f0, 0x000001d2b60e2fd0, 0x000001d2b60e0240, 0x000001d2b60e0750,
0x000001d2b60e0c60, 0x000001d2b60e2ac0, 0x000001d2b50cfd80, 0x000001d2b50cda10,
0x000001d2b50cf360, 0x000001d2b50d0cb0, 0x000001d2b50cd500, 0x000001d2b50d1be0,
0x000001d2b50ce430, 0x000001d2b50cf870, 0x000001d2b50d2600, 0x000001d2b50d11c0,
0x000001d2b50d0290, 0x000001d2b50cdf20
}

Java Threads: ( => current thread )
  0x000001d2ae2e03e0 JavaThread "Reference Handler" daemon [_thread_blocked, id=13964, stack(0x000000c9efe00000,0x000000c9eff00000)]
  0x000001d2ae2e1b30 JavaThread "Finalizer" daemon [_thread_blocked, id=11256, stack(0x000000c9eff00000,0x000000c9f0000000)]
  0x000001d2ae2e9700 JavaThread "Signal Dispatcher" daemon [_thread_blocked, id=424, stack(0x000000c9f0000000,0x000000c9f0100000)]
  0x000001d2ae2c8bb0 JavaThread "Attach Listener" daemon [_thread_blocked, id=14400, stack(0x000000c9f0100000,0x000000c9f0200000)]
  0x000001d2ae2c9e00 JavaThread "Service Thread" daemon [_thread_blocked, id=14556, stack(0x000000c9f0200000,0x000000c9f0300000)]
  0x000001d2ae3054e0 JavaThread "Monitor Deflation Thread" daemon [_thread_blocked, id=6992, stack(0x000000c9f0300000,0x000000c9f0400000)]
  0x000001d2ae30e8c0 JavaThread "C2 CompilerThread0" daemon [_thread_in_native, id=16108, stack(0x000000c9f0400000,0x000000c9f0500000)]
  0x000001d2ae30f970 JavaThread "C1 CompilerThread0" daemon [_thread_blocked, id=11556, stack(0x000000c9f0500000,0x000000c9f0600000)]
  0x000001d2ae3251f0 JavaThread "Sweeper thread" daemon [_thread_blocked, id=13468, stack(0x000000c9f0600000,0x000000c9f0700000)]
  0x000001d2ae4a8940 JavaThread "Notification Thread" daemon [_thread_blocked, id=13648, stack(0x000000c9f0700000,0x000000c9f0800000)]
  0x000001d2ae4b6c70 JavaThread "Common-Cleaner" daemon [_thread_blocked, id=10420, stack(0x000000c9f0900000,0x000000c9f0a00000)]
  0x000001d2aed239e0 JavaThread "C2 CompilerThread1" daemon [_thread_in_native, id=992, stack(0x000000c9f0a00000,0x000000c9f0b00000)]
  0x000001d2b60e39f0 JavaThread "Catalina-utility-1" [_thread_blocked, id=6368, stack(0x000000c9f0e00000,0x000000c9f0f00000)]
  0x000001d2b60e2fd0 JavaThread "Catalina-utility-2" [_thread_blocked, id=15000, stack(0x000000c9f0f00000,0x000000c9f1000000)]
  0x000001d2b60e0240 JavaThread "container-0" [_thread_blocked, id=8524, stack(0x000000c9f1000000,0x000000c9f1100000)]
  0x000001d2b60e0750 JavaThread "mssql-jdbc-shared-timer-core-0" daemon [_thread_blocked, id=4200, stack(0x000000c9f1300000,0x000000c9f1400000)]
  0x000001d2b60e0c60 JavaThread "HikariPool-1 housekeeper" daemon [_thread_blocked, id=13140, stack(0x000000c9f1400000,0x000000c9f1500000)]
=>0x000001d2b60e2ac0 JavaThread "http-nio-8080-exec-1" daemon [_thread_in_Java, id=1940, stack(0x000000c9f1600000,0x000000c9f1700000)]
  0x000001d2b50cfd80 JavaThread "http-nio-8080-exec-2" daemon [_thread_blocked, id=15312, stack(0x000000c9f1700000,0x000000c9f1800000)]
  0x000001d2b50cda10 JavaThread "http-nio-8080-exec-3" daemon [_thread_blocked, id=15576, stack(0x000000c9f1800000,0x000000c9f1900000)]
  0x000001d2b50cf360 JavaThread "http-nio-8080-exec-4" daemon [_thread_blocked, id=1468, stack(0x000000c9f1900000,0x000000c9f1a00000)]
  0x000001d2b50d0cb0 JavaThread "http-nio-8080-exec-5" daemon [_thread_blocked, id=1852, stack(0x000000c9f1a00000,0x000000c9f1b00000)]
  0x000001d2b50cd500 JavaThread "http-nio-8080-exec-6" daemon [_thread_blocked, id=14832, stack(0x000000c9f1b00000,0x000000c9f1c00000)]
  0x000001d2b50d1be0 JavaThread "http-nio-8080-exec-7" daemon [_thread_blocked, id=16144, stack(0x000000c9f1c00000,0x000000c9f1d00000)]
  0x000001d2b50ce430 JavaThread "http-nio-8080-exec-8" daemon [_thread_blocked, id=3468, stack(0x000000c9f1d00000,0x000000c9f1e00000)]
  0x000001d2b50cf870 JavaThread "http-nio-8080-exec-9" daemon [_thread_blocked, id=3772, stack(0x000000c9f1e00000,0x000000c9f1f00000)]
  0x000001d2b50d2600 JavaThread "http-nio-8080-exec-10" daemon [_thread_blocked, id=16276, stack(0x000000c9f1f00000,0x000000c9f2000000)]
  0x000001d2b50d11c0 JavaThread "http-nio-8080-Poller" daemon [_thread_in_native, id=8680, stack(0x000000c9f2000000,0x000000c9f2100000)]
  0x000001d2b50d0290 JavaThread "http-nio-8080-Acceptor" daemon [_thread_in_native, id=8700, stack(0x000000c9f2100000,0x000000c9f2200000)]
  0x000001d2b50cdf20 JavaThread "DestroyJavaVM" [_thread_blocked, id=11096, stack(0x000000c9ef700000,0x000000c9ef800000)]

Other Threads:
  0x000001d2ae2b7d70 VMThread "VM Thread" [stack: 0x000000c9efd00000,0x000000c9efe00000] [id=10236]
  0x000001d2ae4aee40 WatcherThread [stack: 0x000000c9f0800000,0x000000c9f0900000] [id=1076]
  0x000001d28e26df50 GCTaskThread "GC Thread#0" [stack: 0x000000c9ef800000,0x000000c9ef900000] [id=14004]
  0x000001d2aef0ff80 GCTaskThread "GC Thread#1" [stack: 0x000000c9f0b00000,0x000000c9f0c00000] [id=15128]
  0x000001d2b30a7ad0 GCTaskThread "GC Thread#2" [stack: 0x000000c9f0c00000,0x000000c9f0d00000] [id=15332]
  0x000001d2aebf8c50 GCTaskThread "GC Thread#3" [stack: 0x000000c9f0d00000,0x000000c9f0e00000] [id=4176]
  0x000001d2abc208d0 ConcurrentGCThread "G1 Main Marker" [stack: 0x000000c9ef900000,0x000000c9efa00000] [id=6348]
  0x000001d2abc23d20 ConcurrentGCThread "G1 Conc#0" [stack: 0x000000c9efa00000,0x000000c9efb00000] [id=11240]
  0x000001d2abcc73a0 ConcurrentGCThread "G1 Refine#0" [stack: 0x000000c9efb00000,0x000000c9efc00000] [id=7580]
  0x000001d2b5c0b010 ConcurrentGCThread "G1 Refine#1" [stack: 0x000000c9f1100000,0x000000c9f1200000] [id=13116]
  0x000001d2abcc8400 ConcurrentGCThread "G1 Service" [stack: 0x000000c9efc00000,0x000000c9efd00000] [id=6424]

Threads with active compile tasks:
C2 CompilerThread0    14917 6089       4       org.springframework.core.annotation.TypeMappedAnnotations$MergedAnnotationFinder::doWithAnnotations (10 bytes)
C2 CompilerThread1    14917 6178       4       sun.security.provider.SHA5::implCompress0 (346 bytes)

VM state: not at safepoint (normal execution)

VM Mutex/Monitor currently owned by a thread: None

Heap address: 0x0000000704c00000, size: 4020 MB, Compressed Oops mode: Zero based, Oop shift amount: 3

CDS archive(s) not mapped
Compressed class space mapped at: 0x0000000800000000-0x0000000840000000, reserved size: 1073741824
Narrow klass base: 0x0000000800000000, Narrow klass shift: 0, Narrow klass range: 0x40000000

GC Precious Log:
 CPUs: 4 total, 4 available
 Memory: 16079M
 Large Page Support: Disabled
 NUMA Support: Disabled
 Compressed Oops: Enabled (Zero based)
 Heap Region Size: 2M
 Heap Min Capacity: 8M
 Heap Initial Capacity: 252M
 Heap Max Capacity: 4020M
 Pre-touch: Disabled
 Parallel Workers: 4
 Concurrent Workers: 1
 Concurrent Refinement Workers: 4
 Periodic GC: Disabled

Heap:
 garbage-first heap   total 69632K, used 48809K [0x0000000704c00000, 0x0000000800000000)
  region size 2048K, 10 young (20480K), 1 survivors (2048K)
 Metaspace       used 83023K, committed 83648K, reserved 1179648K
  class space    used 10257K, committed 10560K, reserved 1048576K

Heap Regions: E=young(eden), S=young(survivor), O=old, HS=humongous(starts), HC=humongous(continues), CS=collection set, F=free, OA=open archive, CA=closed archive, TAMS=top-at-mark-start (previous, next)
|   0|0x0000000704c00000, 0x0000000704e00000, 0x0000000704e00000|100%| O|  |TAMS 0x0000000704e00000, 0x0000000704c00000| Untracked 
|   1|0x0000000704e00000, 0x0000000705000000, 0x0000000705000000|100%| O|  |TAMS 0x0000000705000000, 0x0000000704e00000| Untracked 
|   2|0x0000000705000000, 0x0000000705200000, 0x0000000705200000|100%| O|  |TAMS 0x0000000705200000, 0x0000000705000000| Untracked 
|   3|0x0000000705200000, 0x0000000705400000, 0x0000000705400000|100%| O|  |TAMS 0x0000000705400000, 0x0000000705200000| Untracked 
|   4|0x0000000705400000, 0x0000000705600000, 0x0000000705600000|100%| O|  |TAMS 0x0000000705600000, 0x0000000705400000| Untracked 
|   5|0x0000000705600000, 0x0000000705800000, 0x0000000705800000|100%| O|  |TAMS 0x0000000705800000, 0x0000000705600000| Untracked 
|   6|0x0000000705800000, 0x0000000705a00000, 0x0000000705a00000|100%| O|  |TAMS 0x0000000705a00000, 0x0000000705800000| Untracked 
|   7|0x0000000705a00000, 0x0000000705c00000, 0x0000000705c00000|100%| O|  |TAMS 0x0000000705c00000, 0x0000000705a00000| Untracked 
|   8|0x0000000705c00000, 0x0000000705e00000, 0x0000000705e00000|100%| O|  |TAMS 0x0000000705c00000, 0x0000000705c00000| Untracked 
|   9|0x0000000705e00000, 0x0000000706000000, 0x0000000706000000|100%| O|  |TAMS 0x0000000706000000, 0x0000000705e00000| Untracked 
|  10|0x0000000706000000, 0x0000000706200000, 0x0000000706200000|100%| O|  |TAMS 0x000000070609dc00, 0x0000000706000000| Untracked 
|  11|0x0000000706200000, 0x0000000706400000, 0x0000000706400000|100%| O|  |TAMS 0x0000000706200000, 0x0000000706200000| Untracked 
|  12|0x0000000706400000, 0x0000000706600000, 0x0000000706600000|100%| O|  |TAMS 0x0000000706400000, 0x0000000706400000| Untracked 
|  13|0x0000000706600000, 0x0000000706800000, 0x0000000706800000|100%| O|  |TAMS 0x0000000706600000, 0x0000000706600000| Untracked 
|  14|0x0000000706800000, 0x0000000706a00000, 0x0000000706a00000|100%| O|  |TAMS 0x0000000706800000, 0x0000000706800000| Untracked 
|  15|0x0000000706a00000, 0x0000000706a35800, 0x0000000706c00000| 10%| O|  |TAMS 0x0000000706a00000, 0x0000000706a00000| Untracked 
|  16|0x0000000706c00000, 0x0000000706c00000, 0x0000000706e00000|  0%| F|  |TAMS 0x0000000706c00000, 0x0000000706c00000| Untracked 
|  17|0x0000000706e00000, 0x0000000706e00000, 0x0000000707000000|  0%| F|  |TAMS 0x0000000706e00000, 0x0000000706e00000| Untracked 
|  18|0x0000000707000000, 0x0000000707000000, 0x0000000707200000|  0%| F|  |TAMS 0x0000000707000000, 0x0000000707000000| Untracked 
|  19|0x0000000707200000, 0x0000000707200000, 0x0000000707400000|  0%| F|  |TAMS 0x0000000707200000, 0x0000000707200000| Untracked 
|  20|0x0000000707400000, 0x0000000707400000, 0x0000000707600000|  0%| F|  |TAMS 0x0000000707400000, 0x0000000707400000| Untracked 
|  21|0x0000000707600000, 0x0000000707600000, 0x0000000707800000|  0%| F|  |TAMS 0x0000000707600000, 0x0000000707600000| Untracked 
|  22|0x0000000707800000, 0x0000000707800000, 0x0000000707a00000|  0%| F|  |TAMS 0x0000000707800000, 0x0000000707800000| Untracked 
|  23|0x0000000707a00000, 0x0000000707b74c08, 0x0000000707c00000| 72%| S|CS|TAMS 0x0000000707a00000, 0x0000000707a00000| Complete 
|  24|0x0000000707c00000, 0x0000000707c00000, 0x0000000707e00000|  0%| F|  |TAMS 0x0000000707c00000, 0x0000000707c00000| Untracked 
|  25|0x0000000707e00000, 0x0000000707fd30f0, 0x0000000708000000| 91%| E|  |TAMS 0x0000000707e00000, 0x0000000707e00000| Complete 
|  26|0x0000000708000000, 0x0000000708200000, 0x0000000708200000|100%| E|CS|TAMS 0x0000000708000000, 0x0000000708000000| Complete 
|  27|0x0000000708200000, 0x0000000708400000, 0x0000000708400000|100%| E|CS|TAMS 0x0000000708200000, 0x0000000708200000| Complete 
|  28|0x0000000708400000, 0x0000000708600000, 0x0000000708600000|100%| E|CS|TAMS 0x0000000708400000, 0x0000000708400000| Complete 
|  29|0x0000000708600000, 0x0000000708800000, 0x0000000708800000|100%| E|CS|TAMS 0x0000000708600000, 0x0000000708600000| Complete 
|  66|0x000000070d000000, 0x000000070d200000, 0x000000070d200000|100%| E|CS|TAMS 0x000000070d000000, 0x000000070d000000| Complete 
|  67|0x000000070d200000, 0x000000070d400000, 0x000000070d400000|100%| E|CS|TAMS 0x000000070d200000, 0x000000070d200000| Complete 
|  68|0x000000070d400000, 0x000000070d600000, 0x000000070d600000|100%| E|CS|TAMS 0x000000070d400000, 0x000000070d400000| Complete 
| 125|0x0000000714600000, 0x0000000714800000, 0x0000000714800000|100%| E|CS|TAMS 0x0000000714600000, 0x0000000714600000| Complete 

Card table byte_map: [0x000001d2a2e60000,0x000001d2a3640000] _byte_map_base: 0x000001d29f63a000

Marking Bits (Prev, Next): (CMBitMap*) 0x000001d2abc100d0, (CMBitMap*) 0x000001d2abc10090
 Prev Bits: [0x000001d2a7cf0000, 0x000001d2abbc0000)
 Next Bits: [0x000001d2a3e20000, 0x000001d2a7cf0000)

Polling page: 0x000001d293020000

Metaspace:

Usage:
  Non-class:     71.06 MB used.
      Class:     10.02 MB used.
       Both:     81.08 MB used.

Virtual space:
  Non-class space:      128.00 MB reserved,      71.38 MB ( 56%) committed,  2 nodes.
      Class space:        1.00 GB reserved,      10.31 MB (  1%) committed,  1 nodes.
             Both:        1.12 GB reserved,      81.69 MB (  7%) committed. 

Chunk freelists:
   Non-Class:  8.35 MB
       Class:  5.73 MB
        Both:  14.08 MB

MaxMetaspaceSize: unlimited
CompressedClassSpaceSize: 1.00 GB
Initial GC threshold: 21.00 MB
Current GC threshold: 98.44 MB
CDS: off
MetaspaceReclaimPolicy: balanced
 - commit_granule_bytes: 65536.
 - commit_granule_words: 8192.
 - virtual_space_node_default_size: 8388608.
 - enlarge_chunks_in_place: 1.
 - new_chunks_are_fully_committed: 0.
 - uncommit_free_chunks: 1.
 - use_allocation_guard: 0.
 - handle_deallocations: 1.


Internal statistics:

num_allocs_failed_limit: 9.
num_arena_births: 802.
num_arena_deaths: 0.
num_vsnodes_births: 3.
num_vsnodes_deaths: 0.
num_space_committed: 1307.
num_space_uncommitted: 0.
num_chunks_returned_to_freelist: 9.
num_chunks_taken_from_freelist: 3325.
num_chunk_merges: 6.
num_chunk_splits: 2427.
num_chunks_enlarged: 1912.
num_inconsistent_stats: 0.

CodeHeap 'non-profiled nmethods': size=120000Kb used=4084Kb max_used=4084Kb free=115915Kb
 bounds [0x000001d29ab20000, 0x000001d29af20000, 0x000001d2a2050000]
CodeHeap 'profiled nmethods': size=120000Kb used=11655Kb max_used=11655Kb free=108344Kb
 bounds [0x000001d293050000, 0x000001d293bc0000, 0x000001d29a580000]
CodeHeap 'non-nmethods': size=5760Kb used=1400Kb max_used=1473Kb free=4359Kb
 bounds [0x000001d29a580000, 0x000001d29a7f0000, 0x000001d29ab20000]
 total_blobs=6444 nmethods=5709 adapters=644
 compilation: enabled
              stopped_count=0, restarted_count=0
 full_count=0

Compilation events (20 events):
Event: 14.613 Thread 0x000001d2ae30f970 6491       2       java.lang.invoke.LambdaFormBuffer::replaceName (124 bytes)
Event: 14.614 Thread 0x000001d2ae30f970 nmethod 6491 0x000001d293bae990 code [0x000001d293baeb40, 0x000001d293baeca8]
Event: 14.616 Thread 0x000001d2ae30f970 6492       1       java.util.logging.LogManager$LoggerWeakRef::setParentRef (6 bytes)
Event: 14.616 Thread 0x000001d2ae30f970 nmethod 6492 0x000001d29af04890 code [0x000001d29af04a20, 0x000001d29af04b38]
Event: 14.617 Thread 0x000001d2ae30f970 6493       2       org.apache.jasper.compiler.SmapUtil$SDEInstaller::readU1 (21 bytes)
Event: 14.617 Thread 0x000001d2ae30f970 nmethod 6493 0x000001d293baed90 code [0x000001d293baef20, 0x000001d293baf058]
Event: 14.618 Thread 0x000001d2ae30f970 6494       2       org.apache.jasper.compiler.SmapUtil$SDEInstaller::writeU1 (19 bytes)
Event: 14.618 Thread 0x000001d2ae30f970 nmethod 6494 0x000001d293baf110 code [0x000001d293baf2a0, 0x000001d293baf3d8]
Event: 14.619 Thread 0x000001d2ae30f970 6495       2       org.apache.jasper.compiler.SmapUtil$SDEInstaller::readBytes (38 bytes)
Event: 14.619 Thread 0x000001d2ae30f970 nmethod 6495 0x000001d293baf490 code [0x000001d293baf640, 0x000001d293baf898]
Event: 14.619 Thread 0x000001d2ae30f970 6496       2       org.apache.jasper.compiler.SmapUtil$SDEInstaller::writeBytes (45 bytes)
Event: 14.620 Thread 0x000001d2ae30f970 nmethod 6496 0x000001d293bafa10 code [0x000001d293bafba0, 0x000001d293bafd58]
Event: 14.620 Thread 0x000001d2ae30f970 6497       2       org.apache.jasper.compiler.SmapUtil$SDEInstaller::copy (46 bytes)
Event: 14.620 Thread 0x000001d2ae30f970 nmethod 6497 0x000001d293bafe90 code [0x000001d293bb0040, 0x000001d293bb0218]
Event: 14.620 Thread 0x000001d2ae30f970 6498       2       org.apache.jasper.compiler.SmapUtil$SDEInstaller::writeU2 (18 bytes)
Event: 14.620 Thread 0x000001d2ae30f970 nmethod 6498 0x000001d293bb0390 code [0x000001d293bb0540, 0x000001d293bb0698]
Event: 14.632 Thread 0x000001d2ae30f970 6499       2       java.lang.ClassLoader::findLoadedClass (15 bytes)
Event: 14.633 Thread 0x000001d2ae30f970 nmethod 6499 0x000001d293bb0790 code [0x000001d293bb0940, 0x000001d293bb0ad8]
Event: 14.633 Thread 0x000001d2ae30f970 6500       2       org.apache.catalina.core.DefaultInstanceManager::findLifecycleCallback (110 bytes)
Event: 14.634 Thread 0x000001d2ae30f970 nmethod 6500 0x000001d293bb0b90 code [0x000001d293bb0e20, 0x000001d293bb1858]

GC Heap History (20 events):
Event: 6.421 GC heap before
{Heap before GC invocations=13 (full 0):
 garbage-first heap   total 69632K, used 51774K [0x0000000704c00000, 0x0000000800000000)
  region size 2048K, 20 young (40960K), 3 survivors (6144K)
 Metaspace       used 41515K, committed 41984K, reserved 1114112K
  class space    used 4824K, committed 5056K, reserved 1048576K
}
Event: 6.430 GC heap after
{Heap after GC invocations=14 (full 0):
 garbage-first heap   total 69632K, used 19655K [0x0000000704c00000, 0x0000000800000000)
  region size 2048K, 3 young (6144K), 3 survivors (6144K)
 Metaspace       used 41515K, committed 41984K, reserved 1114112K
  class space    used 4824K, committed 5056K, reserved 1048576K
}
Event: 6.483 GC heap before
{Heap before GC invocations=14 (full 0):
 garbage-first heap   total 69632K, used 19655K [0x0000000704c00000, 0x0000000800000000)
  region size 2048K, 4 young (8192K), 3 survivors (6144K)
 Metaspace       used 41828K, committed 42304K, reserved 1114112K
  class space    used 4880K, committed 5120K, reserved 1048576K
}
Event: 6.490 GC heap after
{Heap after GC invocations=15 (full 0):
 garbage-first heap   total 69632K, used 19825K [0x0000000704c00000, 0x0000000800000000)
  region size 2048K, 1 young (2048K), 1 survivors (2048K)
 Metaspace       used 41828K, committed 42304K, reserved 1114112K
  class space    used 4880K, committed 5120K, reserved 1048576K
}
Event: 7.621 GC heap before
{Heap before GC invocations=15 (full 0):
 garbage-first heap   total 69632K, used 50545K [0x0000000704c00000, 0x0000000800000000)
  region size 2048K, 16 young (32768K), 1 survivors (2048K)
 Metaspace       used 51419K, committed 51904K, reserved 1114112K
  class space    used 6142K, committed 6400K, reserved 1048576K
}
Event: 7.625 GC heap after
{Heap after GC invocations=16 (full 0):
 garbage-first heap   total 69632K, used 20881K [0x0000000704c00000, 0x0000000800000000)
  region size 2048K, 1 young (2048K), 1 survivors (2048K)
 Metaspace       used 51419K, committed 51904K, reserved 1114112K
  class space    used 6142K, committed 6400K, reserved 1048576K
}
Event: 8.740 GC heap before
{Heap before GC invocations=16 (full 0):
 garbage-first heap   total 69632K, used 51601K [0x0000000704c00000, 0x0000000800000000)
  region size 2048K, 16 young (32768K), 1 survivors (2048K)
 Metaspace       used 58337K, committed 58816K, reserved 1114112K
  class space    used 7126K, committed 7360K, reserved 1048576K
}
Event: 8.747 GC heap after
{Heap after GC invocations=17 (full 0):
 garbage-first heap   total 69632K, used 23159K [0x0000000704c00000, 0x0000000800000000)
  region size 2048K, 2 young (4096K), 2 survivors (4096K)
 Metaspace       used 58337K, committed 58816K, reserved 1114112K
  class space    used 7126K, committed 7360K, reserved 1048576K
}
Event: 8.888 GC heap before
{Heap before GC invocations=17 (full 0):
 garbage-first heap   total 69632K, used 27255K [0x0000000704c00000, 0x0000000800000000)
  region size 2048K, 5 young (10240K), 2 survivors (4096K)
 Metaspace       used 59867K, committed 60288K, reserved 1114112K
  class space    used 7329K, committed 7552K, reserved 1048576K
}
Event: 8.894 GC heap after
{Heap after GC invocations=18 (full 0):
 garbage-first heap   total 69632K, used 23734K [0x0000000704c00000, 0x0000000800000000)
  region size 2048K, 1 young (2048K), 1 survivors (2048K)
 Metaspace       used 59867K, committed 60288K, reserved 1114112K
  class space    used 7329K, committed 7552K, reserved 1048576K
}
Event: 10.085 GC heap before
{Heap before GC invocations=19 (full 0):
 garbage-first heap   total 69632K, used 52406K [0x0000000704c00000, 0x0000000800000000)
  region size 2048K, 15 young (30720K), 1 survivors (2048K)
 Metaspace       used 65465K, committed 65984K, reserved 1114112K
  class space    used 8297K, committed 8512K, reserved 1048576K
}
Event: 10.089 GC heap after
{Heap after GC invocations=20 (full 0):
 garbage-first heap   total 69632K, used 24708K [0x0000000704c00000, 0x0000000800000000)
  region size 2048K, 1 young (2048K), 1 survivors (2048K)
 Metaspace       used 65465K, committed 65984K, reserved 1114112K
  class space    used 8297K, committed 8512K, reserved 1048576K
}
Event: 11.321 GC heap before
{Heap before GC invocations=20 (full 0):
 garbage-first heap   total 69632K, used 53380K [0x0000000704c00000, 0x0000000800000000)
  region size 2048K, 15 young (30720K), 1 survivors (2048K)
 Metaspace       used 69425K, committed 70016K, reserved 1114112K
  class space    used 8812K, committed 9088K, reserved 1048576K
}
Event: 11.326 GC heap after
{Heap after GC invocations=21 (full 0):
 garbage-first heap   total 69632K, used 26862K [0x0000000704c00000, 0x0000000800000000)
  region size 2048K, 2 young (4096K), 2 survivors (4096K)
 Metaspace       used 69425K, committed 70016K, reserved 1114112K
  class space    used 8812K, committed 9088K, reserved 1048576K
}
Event: 12.208 GC heap before
{Heap before GC invocations=21 (full 0):
 garbage-first heap   total 69632K, used 53486K [0x0000000704c00000, 0x0000000800000000)
  region size 2048K, 15 young (30720K), 2 survivors (4096K)
 Metaspace       used 72203K, committed 72704K, reserved 1114112K
  class space    used 9232K, committed 9472K, reserved 1048576K
}
Event: 12.215 GC heap after
{Heap after GC invocations=22 (full 0):
 garbage-first heap   total 69632K, used 29201K [0x0000000704c00000, 0x0000000800000000)
  region size 2048K, 2 young (4096K), 2 survivors (4096K)
 Metaspace       used 72203K, committed 72704K, reserved 1114112K
  class space    used 9232K, committed 9472K, reserved 1048576K
}
Event: 13.409 GC heap before
{Heap before GC invocations=22 (full 0):
 garbage-first heap   total 69632K, used 49681K [0x0000000704c00000, 0x0000000800000000)
  region size 2048K, 13 young (26624K), 2 survivors (4096K)
 Metaspace       used 75391K, committed 75904K, reserved 1179648K
  class space    used 9638K, committed 9856K, reserved 1048576K
}
Event: 13.421 GC heap after
{Heap after GC invocations=23 (full 0):
 garbage-first heap   total 69632K, used 31789K [0x0000000704c00000, 0x0000000800000000)
  region size 2048K, 2 young (4096K), 2 survivors (4096K)
 Metaspace       used 75391K, committed 75904K, reserved 1179648K
  class space    used 9638K, committed 9856K, reserved 1048576K
}
Event: 13.947 GC heap before
{Heap before GC invocations=23 (full 0):
 garbage-first heap   total 69632K, used 50221K [0x0000000704c00000, 0x0000000800000000)
  region size 2048K, 12 young (24576K), 2 survivors (4096K)
 Metaspace       used 79552K, committed 80128K, reserved 1179648K
  class space    used 9967K, committed 10240K, reserved 1048576K
}
Event: 13.952 GC heap after
{Heap after GC invocations=24 (full 0):
 garbage-first heap   total 69632K, used 32425K [0x0000000704c00000, 0x0000000800000000)
  region size 2048K, 1 young (2048K), 1 survivors (2048K)
 Metaspace       used 79552K, committed 80128K, reserved 1179648K
  class space    used 9967K, committed 10240K, reserved 1048576K
}

Dll operation events (9 events):
Event: 0.020 Loaded shared library C:\Users\JPiccione\.p2\pool\plugins\org.eclipse.justj.openjdk.hotspot.jre.full.win32.x86_64_17.0.8.v20230831-1047\jre\bin\java.dll
Event: 0.253 Loaded shared library C:\Users\JPiccione\.p2\pool\plugins\org.eclipse.justj.openjdk.hotspot.jre.full.win32.x86_64_17.0.8.v20230831-1047\jre\bin\jimage.dll
Event: 0.271 Loaded shared library C:\Users\JPiccione\.p2\pool\plugins\org.eclipse.justj.openjdk.hotspot.jre.full.win32.x86_64_17.0.8.v20230831-1047\jre\bin\net.dll
Event: 0.274 Loaded shared library C:\Users\JPiccione\.p2\pool\plugins\org.eclipse.justj.openjdk.hotspot.jre.full.win32.x86_64_17.0.8.v20230831-1047\jre\bin\nio.dll
Event: 0.280 Loaded shared library C:\Users\JPiccione\.p2\pool\plugins\org.eclipse.justj.openjdk.hotspot.jre.full.win32.x86_64_17.0.8.v20230831-1047\jre\bin\zip.dll
Event: 5.433 Loaded shared library C:\Users\JPiccione\.p2\pool\plugins\org.eclipse.justj.openjdk.hotspot.jre.full.win32.x86_64_17.0.8.v20230831-1047\jre\bin\sunmscapi.dll
Event: 5.447 Loaded shared library C:\Users\JPiccione\.p2\pool\plugins\org.eclipse.justj.openjdk.hotspot.jre.full.win32.x86_64_17.0.8.v20230831-1047\jre\bin\management.dll
Event: 5.451 Loaded shared library C:\Users\JPiccione\.p2\pool\plugins\org.eclipse.justj.openjdk.hotspot.jre.full.win32.x86_64_17.0.8.v20230831-1047\jre\bin\management_ext.dll
Event: 6.865 Loaded shared library C:\Users\JPiccione\.p2\pool\plugins\org.eclipse.justj.openjdk.hotspot.jre.full.win32.x86_64_17.0.8.v20230831-1047\jre\bin\verify.dll

Deoptimization events (20 events):
Event: 14.154 Thread 0x000001d2b60e2ac0 DEOPT PACKING pc=0x000001d29ad7e57c sp=0x000000c9f16f95d0
Event: 14.154 Thread 0x000001d2b60e2ac0 DEOPT UNPACKING pc=0x000001d29a5d69a3 sp=0x000000c9f16f9620 mode 2
Event: 14.270 Thread 0x000001d2b60e2ac0 Uncommon trap: trap_request=0xffffff45 fr.pc=0x000001d29ad83aac relative=0x00000000000001ac
Event: 14.270 Thread 0x000001d2b60e2ac0 Uncommon trap: reason=unstable_if action=reinterpret pc=0x000001d29ad83aac method=java.lang.ClassLoader.getResource(Ljava/lang/String;)Ljava/net/URL; @ 30 c2
Event: 14.270 Thread 0x000001d2b60e2ac0 DEOPT PACKING pc=0x000001d29ad83aac sp=0x000000c9f16f9060
Event: 14.270 Thread 0x000001d2b60e2ac0 DEOPT UNPACKING pc=0x000001d29a5d69a3 sp=0x000000c9f16f8f98 mode 2
Event: 14.409 Thread 0x000001d2b60e2ac0 Uncommon trap: trap_request=0xffffff45 fr.pc=0x000001d29ad8a9cc relative=0x000000000000032c
Event: 14.409 Thread 0x000001d2b60e2ac0 Uncommon trap: reason=unstable_if action=reinterpret pc=0x000001d29ad8a9cc method=java.util.HashMap.getNode(Ljava/lang/Object;)Ljava/util/HashMap$Node; @ 66 c2
Event: 14.409 Thread 0x000001d2b60e2ac0 DEOPT PACKING pc=0x000001d29ad8a9cc sp=0x000000c9f16f88e0
Event: 14.409 Thread 0x000001d2b60e2ac0 DEOPT UNPACKING pc=0x000001d29a5d69a3 sp=0x000000c9f16f8820 mode 2
Event: 14.409 Thread 0x000001d2b60e2ac0 Uncommon trap: trap_request=0xffffff45 fr.pc=0x000001d29ac21b60 relative=0x0000000000000340
Event: 14.409 Thread 0x000001d2b60e2ac0 Uncommon trap: reason=unstable_if action=reinterpret pc=0x000001d29ac21b60 method=java.util.HashMap.getNode(Ljava/lang/Object;)Ljava/util/HashMap$Node; @ 66 c2
Event: 14.409 Thread 0x000001d2b60e2ac0 DEOPT PACKING pc=0x000001d29ac21b60 sp=0x000000c9f16f88b0
Event: 14.409 Thread 0x000001d2b60e2ac0 DEOPT UNPACKING pc=0x000001d29a5d69a3 sp=0x000000c9f16f8850 mode 2
Event: 14.420 Thread 0x000001d2b60e2ac0 DEOPT PACKING pc=0x000001d293b2bd05 sp=0x000000c9f16f8f90
Event: 14.420 Thread 0x000001d2b60e2ac0 DEOPT UNPACKING pc=0x000001d29a5d7143 sp=0x000000c9f16f8428 mode 0
Event: 14.624 Thread 0x000001d2b60e2ac0 Uncommon trap: trap_request=0xffffffde fr.pc=0x000001d29ab8fdb4 relative=0x0000000000001334
Event: 14.624 Thread 0x000001d2b60e2ac0 Uncommon trap: reason=class_check action=maybe_recompile pc=0x000001d29ab8fdb4 method=jdk.internal.loader.URLClassPath.getLoader(I)Ljdk/internal/loader/URLClassPath$Loader; @ 88 c2
Event: 14.624 Thread 0x000001d2b60e2ac0 DEOPT PACKING pc=0x000001d29ab8fdb4 sp=0x000000c9f16f9b50
Event: 14.624 Thread 0x000001d2b60e2ac0 DEOPT UNPACKING pc=0x000001d29a5d69a3 sp=0x000000c9f16f9b90 mode 2

Classes unloaded (0 events):
No events

Classes redefined (0 events):
No events

Internal exceptions (20 events):
Event: 10.956 Thread 0x000001d28e203680 Exception <a 'java/lang/reflect/InvocationTargetException'{0x0000000707dbb260}> (0x0000000707dbb260) 
thrown [s\src\hotspot\share\runtime\reflection.cpp, line 1121]
Event: 10.970 Thread 0x000001d28e203680 Exception <a 'java/lang/reflect/InvocationTargetException'{0x0000000707dc7de8}> (0x0000000707dc7de8) 
thrown [s\src\hotspot\share\runtime\reflection.cpp, line 1121]
Event: 10.980 Thread 0x000001d28e203680 Exception <a 'java/lang/reflect/InvocationTargetException'{0x0000000707dd7f00}> (0x0000000707dd7f00) 
thrown [s\src\hotspot\share\runtime\reflection.cpp, line 1121]
Event: 11.063 Thread 0x000001d28e203680 Exception <a 'java/lang/NoSuchMethodError'{0x0000000707a9fad0}: 'int java.lang.invoke.DirectMethodHandle$Holder.invokeStatic(java.lang.Object, java.lang.Object, int)'> (0x0000000707a9fad0) 
thrown [s\src\hotspot\share\interpreter\linkResolver.cpp, line 759]
Event: 11.071 Thread 0x000001d28e203680 Exception <a 'java/lang/NoSuchMethodError'{0x0000000707abe9e8}: 'java.lang.Object java.lang.invoke.DirectMethodHandle$Holder.newInvokeSpecial(java.lang.Object, java.lang.Object, int)'> (0x0000000707abe9e8) 
thrown [s\src\hotspot\share\interpreter\linkResolver.cpp, line 759]
Event: 11.078 Thread 0x000001d28e203680 Exception <a 'java/lang/NoSuchMethodError'{0x0000000707ae0b50}: 'java.lang.Object java.lang.invoke.Invokers$Holder.invoke_MT(java.lang.Object, java.lang.Object, java.lang.Object, java.lang.Object, java.lang.Object, java.lang.Object, java.lang.Object, java.lang.Object, java.lang.Object)'> (0x0000000707ae0b50) 
thrown [s\src\hotspot\share\interpreter\linkResolver.cpp, line 759]
Event: 11.089 Thread 0x000001d28e203680 Exception <a 'java/lang/IncompatibleClassChangeError'{0x0000000707b0a6b8}: Found class java.lang.Object, but interface was expected> (0x0000000707b0a6b8) 
thrown [s\src\hotspot\share\interpreter\linkResolver.cpp, line 826]
Event: 11.575 Thread 0x000001d28e203680 Implicit null exception at 0x000001d29ac3a1c1 to 0x000001d29ac3a282
Event: 12.077 Thread 0x000001d28e203680 Exception <a 'sun/nio/fs/WindowsException'{0x0000000707b2bce8}> (0x0000000707b2bce8) 
thrown [s\src\hotspot\share\prims\jni.cpp, line 516]
Event: 12.149 Thread 0x000001d28e203680 Exception <a 'java/lang/IncompatibleClassChangeError'{0x0000000707694b00}: Found class java.lang.Object, but interface was expected> (0x0000000707694b00) 
thrown [s\src\hotspot\share\interpreter\linkResolver.cpp, line 826]
Event: 12.271 Thread 0x000001d28e203680 Exception <a 'java/lang/NoSuchMethodError'{0x000000071472f098}: 'void java.lang.invoke.DirectMethodHandle$Holder.invokeVirtual(java.lang.Object, java.lang.Object, long)'> (0x000000071472f098) 
thrown [s\src\hotspot\share\interpreter\linkResolver.cpp, line 759]
Event: 12.523 Thread 0x000001d28e203680 Exception <a 'java/lang/NoSuchMethodError'{0x00000007087ccf68}: 'java.lang.Object java.lang.invoke.DirectMethodHandle$Holder.newInvokeSpecial(java.lang.Object, java.lang.Object, int, java.lang.Object, java.lang.Object)'> (0x00000007087ccf68) 
thrown [s\src\hotspot\share\interpreter\linkResolver.cpp, line 759]
Event: 12.524 Thread 0x000001d28e203680 Exception <a 'java/lang/NoSuchMethodError'{0x00000007087d85e0}: 'java.lang.Object java.lang.invoke.DirectMethodHandle$Holder.invokeSpecial(java.lang.Object, java.lang.Object, int, java.lang.Object, int, java.lang.Object)'> (0x00000007087d85e0) 
thrown [s\src\hotspot\share\interpreter\linkResolver.cpp, line 759]
Event: 12.524 Thread 0x000001d28e203680 Exception <a 'java/lang/NoSuchMethodError'{0x00000007087e03e8}: 'java.lang.Object java.lang.invoke.DirectMethodHandle$Holder.newInvokeSpecial(java.lang.Object, java.lang.Object, int, java.lang.Object, int)'> (0x00000007087e03e8) 
thrown [s\src\hotspot\share\interpreter\linkResolver.cpp, line 759]
Event: 12.524 Thread 0x000001d28e203680 Exception <a 'java/lang/NoSuchMethodError'{0x00000007087e44e8}: 'java.lang.Object java.lang.invoke.DirectMethodHandle$Holder.invokeSpecial(java.lang.Object, java.lang.Object, java.lang.Object, int, java.lang.Object, int)'> (0x00000007087e44e8) 
thrown [s\src\hotspot\share\interpreter\linkResolver.cpp, line 759]
Event: 13.149 Thread 0x000001d2b60e2ac0 Exception <a 'java/lang/NoSuchMethodError'{0x00000007080f5328}: 'java.lang.Object java.lang.invoke.DirectMethodHandle$Holder.invokeSpecial(java.lang.Object, java.lang.Object, java.lang.Object, java.lang.Object, java.lang.Object, long)'> (0x00000007080f5328) 
thrown [s\src\hotspot\share\interpreter\linkResolver.cpp, line 759]
Event: 13.149 Thread 0x000001d2b60e2ac0 Exception <a 'java/lang/NoSuchMethodError'{0x00000007080f8d68}: 'java.lang.Object java.lang.invoke.Invokers$Holder.linkToTargetMethod(java.lang.Object, java.lang.Object, java.lang.Object, long, java.lang.Object)'> (0x00000007080f8d68) 
thrown [s\src\hotspot\share\interpreter\linkResolver.cpp, line 759]
Event: 13.213 Thread 0x000001d2b60e2ac0 Exception <a 'java/lang/NoSuchMethodError'{0x0000000707e29a18}: getSession> (0x0000000707e29a18) 
thrown [s\src\hotspot\share\prims\jni.cpp, line 1073]
Event: 13.542 Thread 0x000001d2b60e2ac0 Implicit null exception at 0x000001d29ab621f7 to 0x000001d29ab62810
Event: 13.542 Thread 0x000001d2b60e2ac0 Implicit null exception at 0x000001d29ab748f7 to 0x000001d29ab74f0c

VM Operations (20 events):
Event: 13.346 Executing VM operation: HandshakeAllThreads
Event: 13.346 Executing VM operation: HandshakeAllThreads done
Event: 13.359 Executing VM operation: HandshakeAllThreads
Event: 13.359 Executing VM operation: HandshakeAllThreads done
Event: 13.409 Executing VM operation: G1CollectForAllocation
Event: 13.421 Executing VM operation: G1CollectForAllocation done
Event: 13.491 Executing VM operation: HandshakeAllThreads
Event: 13.491 Executing VM operation: HandshakeAllThreads done
Event: 13.509 Executing VM operation: HandshakeAllThreads
Event: 13.509 Executing VM operation: HandshakeAllThreads done
Event: 13.947 Executing VM operation: G1CollectForAllocation
Event: 13.952 Executing VM operation: G1CollectForAllocation done
Event: 14.628 Executing VM operation: ChangeBreakpoints
Event: 14.630 Executing VM operation: ChangeBreakpoints done
Event: 14.630 Executing VM operation: ChangeBreakpoints
Event: 14.632 Executing VM operation: ChangeBreakpoints done
Event: 14.633 Executing VM operation: get/set locals
Event: 14.633 Executing VM operation: get/set locals done
Event: 14.634 Executing VM operation: get/set locals
Event: 14.634 Executing VM operation: get/set locals done

Events (20 events):
Event: 13.622 loading class java/io/FileOutputStream$1
Event: 13.622 loading class java/io/FileOutputStream$1 done
Event: 13.671 loading class sun/util/ResourceBundleEnumeration
Event: 13.671 loading class sun/util/ResourceBundleEnumeration done
Event: 13.889 loading class java/io/FileWriter
Event: 13.889 loading class java/io/FileWriter done
Event: 14.118 loading class java/lang/NegativeArraySizeException
Event: 14.118 loading class java/lang/NegativeArraySizeException done
Event: 14.153 loading class java/net/URLClassLoader$2
Event: 14.153 loading class java/net/URLClassLoader$2 done
Event: 14.270 loading class sun/net/www/protocol/jrt/JavaRuntimeURLConnection
Event: 14.271 loading class sun/net/www/protocol/jrt/JavaRuntimeURLConnection done
Event: 14.271 loading class sun/net/www/protocol/jrt/JavaRuntimeURLConnection$1
Event: 14.271 loading class sun/net/www/protocol/jrt/JavaRuntimeURLConnection$1 done
Event: 14.282 loading class java/text/MessageFormat$Field
Event: 14.282 loading class java/text/MessageFormat$Field done
Event: 14.609 loading class java/util/Hashtable$ValueCollection
Event: 14.609 loading class java/util/Hashtable$ValueCollection done
Event: 14.623 loading class java/net/URLClassLoader$1
Event: 14.623 loading class java/net/URLClassLoader$1 done


Dynamic libraries:
0x00007ff764760000 - 0x00007ff76476e000 	C:\Users\JPiccione\.p2\pool\plugins\org.eclipse.justj.openjdk.hotspot.jre.full.win32.x86_64_17.0.8.v20230831-1047\jre\bin\javaw.exe
0x000001d28deb0000 - 0x000001d28e0a7000 	C:\windows\SYSTEM32\ntd1l.dll
0x000001d28e0b0000 - 0x000001d28e16d000 	C:\windows\System32\kern3l32.dll
0x00007ffe167d0000 - 0x00007ffe169c7000 	C:\windows\SYSTEM32\ntdll.dll
0x00007ffe14a40000 - 0x00007ffe14afd000 	C:\windows\System32\KERNEL32.DLL
0x00007ffe13fa0000 - 0x00007ffe14296000 	C:\windows\System32\KERNELBASE.dll
0x00007ffe13920000 - 0x00007ffe13c33000 	C:\Program Files\SentinelOne\Sentinel Agent 23.1.4.650\InProcessClient64.dll
0x00007ffe15b00000 - 0x00007ffe15bae000 	C:\windows\System32\ADVAPI32.dll
0x00007ffe15ef0000 - 0x00007ffe15f8e000 	C:\windows\System32\msvcrt.dll
0x00007ffe14b00000 - 0x00007ffe14b9c000 	C:\windows\System32\sechost.dll
0x00007ffe15dc0000 - 0x00007ffe15ee6000 	C:\windows\System32\RPCRT4.dll
0x00007ffe14530000 - 0x00007ffe14630000 	C:\windows\System32\ucrtbase.dll
0x00007ffe0eb00000 - 0x00007ffe0eb17000 	C:\Users\JPiccione\.p2\pool\plugins\org.eclipse.justj.openjdk.hotspot.jre.full.win32.x86_64_17.0.8.v20230831-1047\jre\bin\jli.dll
0x00007ffe15670000 - 0x00007ffe1580e000 	C:\windows\System32\USER32.dll
0x00007ffe14800000 - 0x00007ffe14822000 	C:\windows\System32\win32u.dll
0x00007ffe15bb0000 - 0x00007ffe15bdc000 	C:\windows\System32\GDI32.dll
0x00007ffe146e0000 - 0x00007ffe147fa000 	C:\windows\System32\gdi32full.dll
0x00007ffe14490000 - 0x00007ffe1452d000 	C:\windows\System32\msvcp_win.dll
0x00007ffe0b000000 - 0x00007ffe0b019000 	C:\Users\JPiccione\.p2\pool\plugins\org.eclipse.justj.openjdk.hotspot.jre.full.win32.x86_64_17.0.8.v20230831-1047\jre\bin\VCRUNTIME140.dll
0x00007ffe06950000 - 0x00007ffe06bea000 	C:\windows\WinSxS\amd64_microsoft.windows.common-controls_6595b64144ccf1df_6.0.19041.3570_none_60bb2a3971f3e41a\COMCTL32.dll
0x00007ffe13910000 - 0x00007ffe1391a000 	C:\windows\SYSTEM32\VERSION.dll
0x00007ffe13900000 - 0x00007ffe1390b000 	C:\windows\SYSTEM32\FLTLIB.DLL
0x00007ffe15a40000 - 0x00007ffe15a70000 	C:\windows\System32\IMM32.DLL
0x00007ffe0eaa0000 - 0x00007ffe0eaac000 	C:\Users\JPiccione\.p2\pool\plugins\org.eclipse.justj.openjdk.hotspot.jre.full.win32.x86_64_17.0.8.v20230831-1047\jre\bin\vcruntime140_1.dll
0x00007ffdeca80000 - 0x00007ffdecb11000 	C:\Users\JPiccione\.p2\pool\plugins\org.eclipse.justj.openjdk.hotspot.jre.full.win32.x86_64_17.0.8.v20230831-1047\jre\bin\msvcp140.dll
0x00007ffd98340000 - 0x00007ffd98f8c000 	C:\Users\JPiccione\.p2\pool\plugins\org.eclipse.justj.openjdk.hotspot.jre.full.win32.x86_64_17.0.8.v20230831-1047\jre\bin\server\jvm.dll
0x00007ffe130d0000 - 0x00007ffe1311b000 	C:\windows\SYSTEM32\POWRPROF.dll
0x00007ffdf9c20000 - 0x00007ffdf9c29000 	C:\windows\SYSTEM32\WSOCK32.dll
0x00007ffe15810000 - 0x00007ffe1587b000 	C:\windows\System32\WS2_32.dll
0x00007ffdfc5c0000 - 0x00007ffdfc5e7000 	C:\windows\SYSTEM32\WINMM.dll
0x00007ffe12f90000 - 0x00007ffe12fa2000 	C:\windows\SYSTEM32\UMPDC.dll
0x00007ffe117b0000 - 0x00007ffe117c2000 	C:\windows\SYSTEM32\kernel.appcore.dll
0x00007ffe0e9e0000 - 0x00007ffe0e9ea000 	C:\Users\JPiccione\.p2\pool\plugins\org.eclipse.justj.openjdk.hotspot.jre.full.win32.x86_64_17.0.8.v20230831-1047\jre\bin\jimage.dll
0x00007ffe07370000 - 0x00007ffe07554000 	C:\windows\SYSTEM32\DBGHELP.DLL
0x00007ffe07330000 - 0x00007ffe07364000 	C:\windows\SYSTEM32\dbgcore.DLL
0x00007ffe142a0000 - 0x00007ffe14322000 	C:\windows\System32\bcryptPrimitives.dll
0x00007ffdd1d10000 - 0x00007ffdd1d8b000 	C:\Program Files\SentinelOne\Sentinel Agent 23.1.4.650\SentinelJava64.dll
0x00007ffe14830000 - 0x00007ffe1495b000 	C:\windows\System32\ole32.dll
0x00007ffe152e0000 - 0x00007ffe15634000 	C:\windows\System32\combase.dll
0x00007ffdec400000 - 0x00007ffdec425000 	C:\Users\JPiccione\.p2\pool\plugins\org.eclipse.justj.openjdk.hotspot.jre.full.win32.x86_64_17.0.8.v20230831-1047\jre\bin\java.dll
0x00007ffdfa9e0000 - 0x00007ffdfa9f8000 	C:\Users\JPiccione\.p2\pool\plugins\org.eclipse.justj.openjdk.hotspot.jre.full.win32.x86_64_17.0.8.v20230831-1047\jre\bin\zip.dll
0x00007ffe16040000 - 0x00007ffe16784000 	C:\windows\System32\SHELL32.dll
0x00007ffe11920000 - 0x00007ffe120bb000 	C:\windows\SYSTEM32\windows.storage.dll
0x00007ffe135b0000 - 0x00007ffe135dd000 	C:\windows\SYSTEM32\Wldp.dll
0x00007ffe15f90000 - 0x00007ffe1603d000 	C:\windows\System32\SHCORE.dll
0x00007ffe150c0000 - 0x00007ffe15115000 	C:\windows\System32\shlwapi.dll
0x00007ffe13de0000 - 0x00007ffe13e05000 	C:\windows\SYSTEM32\profapi.dll
0x00007ffdeeee0000 - 0x00007ffdeeef9000 	C:\Users\JPiccione\.p2\pool\plugins\org.eclipse.justj.openjdk.hotspot.jre.full.win32.x86_64_17.0.8.v20230831-1047\jre\bin\net.dll
0x00007ffe12b30000 - 0x00007ffe12c3a000 	C:\windows\SYSTEM32\WINHTTP.dll
0x00007ffe13310000 - 0x00007ffe1337a000 	C:\windows\system32\mswsock.dll
0x00007ffdebe20000 - 0x00007ffdebe35000 	C:\Users\JPiccione\.p2\pool\plugins\org.eclipse.justj.openjdk.hotspot.jre.full.win32.x86_64_17.0.8.v20230831-1047\jre\bin\nio.dll
0x00007ffe13500000 - 0x00007ffe13518000 	C:\windows\SYSTEM32\CRYPTSP.dll
0x00007ffe12aa0000 - 0x00007ffe12ad4000 	C:\windows\system32\rsaenh.dll
0x00007ffe13f70000 - 0x00007ffe13f97000 	C:\windows\System32\bcrypt.dll
0x00007ffe13d60000 - 0x00007ffe13d8e000 	C:\windows\SYSTEM32\USERENV.dll
0x00007ffe13520000 - 0x00007ffe1352c000 	C:\windows\SYSTEM32\CRYPTBASE.dll
0x00007ffe12fb0000 - 0x00007ffe12feb000 	C:\windows\SYSTEM32\IPHLPAPI.DLL
0x00007ffe15660000 - 0x00007ffe15668000 	C:\windows\System32\NSI.dll
0x00007ffe0d300000 - 0x00007ffe0d317000 	C:\windows\SYSTEM32\dhcpcsvc6.DLL
0x00007ffe0cec0000 - 0x00007ffe0cedd000 	C:\windows\SYSTEM32\dhcpcsvc.DLL
0x00007ffe13000000 - 0x00007ffe130ca000 	C:\windows\SYSTEM32\DNSAPI.dll
0x00007ffdfa940000 - 0x00007ffdfa94e000 	C:\Users\JPiccione\.p2\pool\plugins\org.eclipse.justj.openjdk.hotspot.jre.full.win32.x86_64_17.0.8.v20230831-1047\jre\bin\sunmscapi.dll
0x00007ffe14330000 - 0x00007ffe1448d000 	C:\windows\System32\CRYPT32.dll
0x00007ffe13620000 - 0x00007ffe13647000 	C:\windows\SYSTEM32\ncrypt.dll
0x00007ffe135e0000 - 0x00007ffe1361b000 	C:\windows\SYSTEM32\NTASN1.dll
0x00007ffe0ea30000 - 0x00007ffe0ea39000 	C:\Users\JPiccione\.p2\pool\plugins\org.eclipse.justj.openjdk.hotspot.jre.full.win32.x86_64_17.0.8.v20230831-1047\jre\bin\management.dll
0x00007ffdfa8c0000 - 0x00007ffdfa8cb000 	C:\Users\JPiccione\.p2\pool\plugins\org.eclipse.justj.openjdk.hotspot.jre.full.win32.x86_64_17.0.8.v20230831-1047\jre\bin\management_ext.dll
0x00007ffe15880000 - 0x00007ffe15888000 	C:\windows\System32\PSAPI.DLL
0x00007ffe089d0000 - 0x00007ffe089e0000 	C:\Users\JPiccione\.p2\pool\plugins\org.eclipse.justj.openjdk.hotspot.jre.full.win32.x86_64_17.0.8.v20230831-1047\jre\bin\verify.dll
0x00007ffe07e20000 - 0x00007ffe07e2a000 	C:\Windows\System32\rasadhlp.dll
0x00007ffe0d670000 - 0x00007ffe0d6f2000 	C:\windows\System32\fwpuclnt.dll
0x00007ffdf0070000 - 0x00007ffdf0087000 	C:\windows\system32\napinsp.dll
0x00007ffe0aa00000 - 0x00007ffe0aa1b000 	C:\windows\system32\pnrpnsp.dll
0x00007ffe0d150000 - 0x00007ffe0d165000 	C:\windows\system32\wshbth.dll
0x00007ffe0e560000 - 0x00007ffe0e57d000 	C:\windows\system32\NLAapi.dll
0x00007ffdf0090000 - 0x00007ffdf00a2000 	C:\windows\System32\winrnr.dll
0x00007ffddecb0000 - 0x00007ffddecb7000 	C:\windows\system32\wshunix.dll

dbghelp: loaded successfully - version: 4.0.5 - missing functions: none
symbol engine: initialized successfully - sym options: 0x614 - pdb path: .;C:\Users\JPiccione\.p2\pool\plugins\org.eclipse.justj.openjdk.hotspot.jre.full.win32.x86_64_17.0.8.v20230831-1047\jre\bin;C:\windows\SYSTEM32;C:\Program Files\SentinelOne\Sentinel Agent 23.1.4.650;C:\windows\WinSxS\amd64_microsoft.windows.common-controls_6595b64144ccf1df_6.0.19041.3570_none_60bb2a3971f3e41a;C:\Users\JPiccione\.p2\pool\plugins\org.eclipse.justj.openjdk.hotspot.jre.full.win32.x86_64_17.0.8.v20230831-1047\jre\bin\server

VM Arguments:
jvm_args: -Dfile.encoding=UTF-8 -XX:+ShowCodeDetailsInExceptionMessages -agentpath:C:\Program Files\SentinelOne\Sentinel Agent 23.1.4.650\SentinelJava64.dll 
java_command: com.spencer.ItemApp.ItemAppApplication
java_class_path (initial): C:\Users\JPiccione\OneDrive - Spencer Gifts LLC\Documents\ItemApp\target\classes;C:\Users\JPiccione\.m2\repository\org\springframework\boot\spring-boot-starter-data-jpa\3.1.4\spring-boot-starter-data-jpa-3.1.4.jar;C:\Users\JPiccione\.m2\repository\org\springframework\boot\spring-boot-starter-aop\3.1.4\spring-boot-starter-aop-3.1.4.jar;C:\Users\JPiccione\.m2\repository\org\aspectj\aspectjweaver\1.9.20\aspectjweaver-1.9.20.jar;C:\Users\JPiccione\.m2\repository\org\springframework\boot\spring-boot-starter-jdbc\3.1.4\spring-boot-starter-jdbc-3.1.4.jar;C:\Users\JPiccione\.m2\repository\com\zaxxer\HikariCP\5.0.1\HikariCP-5.0.1.jar;C:\Users\JPiccione\.m2\repository\org\springframework\spring-jdbc\6.0.12\spring-jdbc-6.0.12.jar;C:\Users\JPiccione\.m2\repository\org\hibernate\orm\hibernate-core\6.2.9.Final\hibernate-core-6.2.9.Final.jar;C:\Users\JPiccione\.m2\repository\jakarta\persistence\jakarta.persistence-api\3.1.0\jakarta.persistence-api-3.1.0.jar;C:\Users\JPiccione\.m2\repository\jakarta\transaction\jakarta.transaction-api\2.0.1\jakarta.transaction-api-2.0.1.jar;C:\Users\JPiccione\.m2\repository\org\jboss\logging\jboss-logging\3.5.3.Final\jboss-logging-3.5.3.Final.jar;C:\Users\JPiccione\.m2\repository\org\hibernate\common\hibernate-commons-annotations\6.0.6.Final\hibernate-commons-annotations-6.0.6.Final.jar;C:\Users\JPiccione\.m2\repository\io\smallrye\jandex\3.0.5\jandex-3.0.5.jar;C:\Users\JPiccione\.m2\repository\com\fasterxml\classmate\1.5.1\classmate-1.5.1.jar;C:\Users\JPiccione\.m2\repository\net\bytebuddy\byte-buddy\1.14.8\byte-buddy-1.14.8.jar;C:\Users\JPiccione\.m2\repository\org\glassfish\jaxb\jaxb-runtime\4.0.3\jaxb-runtime-4.0.3.jar;C:\Users\JPiccione\.m2\repository\org\glassfish\jaxb\jaxb-core\4.0.3\jaxb-core-4.0.3.jar;C:\Users\JPiccione\.m2\repository\org\eclipse\angus\angus-activation\2.0.1\angus-activation-2.0.1.jar;C:\Users\JPiccione\.m2\repository\org\glassfish\jaxb\txw2\4.0.3\txw2-4.0.3.jar;C:\Users\JPiccione\.m2\repositor
Launcher Type: SUN_STANDARD

[Global flags]
     intx CICompilerCount                          = 3                                         {product} {ergonomic}
     uint ConcGCThreads                            = 1                                         {product} {ergonomic}
     uint G1ConcRefinementThreads                  = 4                                         {product} {ergonomic}
   size_t G1HeapRegionSize                         = 2097152                                   {product} {ergonomic}
    uintx GCDrainStackTargetSize                   = 64                                        {product} {ergonomic}
   size_t InitialHeapSize                          = 264241152                                 {product} {ergonomic}
   size_t MarkStackSize                            = 4194304                                   {product} {ergonomic}
   size_t MaxHeapSize                              = 4215275520                                {product} {ergonomic}
   size_t MaxNewSize                               = 2529165312                                {product} {ergonomic}
   size_t MinHeapDeltaBytes                        = 2097152                                   {product} {ergonomic}
   size_t MinHeapSize                              = 8388608                                   {product} {ergonomic}
    uintx NonNMethodCodeHeapSize                   = 5832780                                {pd product} {ergonomic}
    uintx NonProfiledCodeHeapSize                  = 122912730                              {pd product} {ergonomic}
    uintx ProfiledCodeHeapSize                     = 122912730                              {pd product} {ergonomic}
    uintx ReservedCodeCacheSize                    = 251658240                              {pd product} {ergonomic}
     bool SegmentedCodeCache                       = true                                      {product} {ergonomic}
     bool ShowCodeDetailsInExceptionMessages       = true                                   {manageable} {command line}
   size_t SoftMaxHeapSize                          = 4215275520                             {manageable} {ergonomic}
     bool UseCompressedClassPointers               = true                           {product lp64_product} {ergonomic}
     bool UseCompressedOops                        = true                           {product lp64_product} {ergonomic}
     bool UseG1GC                                  = true                                      {product} {ergonomic}
     bool UseLargePagesIndividualAllocation        = false                                  {pd product} {ergonomic}

Logging:
Log output configuration:
 #0: stdout all=warning uptime,level,tags
 #1: stderr all=off uptime,level,tags

Environment Variables:
PATH=C:/Users/JPiccione/.p2/pool/plugins/org.eclipse.justj.openjdk.hotspot.jre.full.win32.x86_64_17.0.8.v20230831-1047/jre/bin/server;C:/Users/JPiccione/.p2/pool/plugins/org.eclipse.justj.openjdk.hotspot.jre.full.win32.x86_64_17.0.8.v20230831-1047/jre/bin;C:\Program Files\Common Files\Oracle\Java\javapath;C:\Program Files (x86)\Common Files\Oracle\Java\javapath;C:\Program Files\Microsoft\jdk-11.0.16.101-hotspot\bin;C:\Program Files (x86)\Business Objects\Common\3.5\bin\NOTES\;C:\Program Files (x86)\Business Objects\Common\3.5\bin\NOTES\DATA\;C:\windows\system32;C:\windows;C:\windows\System32\Wbem;C:\windows\System32\WindowsPowerShell\v1.0\;C:\windows\System32\OpenSSH\;C:\Program Files (x86)\IBM\Client Access\Emulator;C:\Program Files (x86)\IBM\Client Access\Shared;C:\Program Files (x86)\IBM\Client Access\;C:\Program Files (x86)\HEAT\;C:\Program Files (x86)\Microsoft SQL Server\160\DTS\Binn\;C:\Program Files\Azure Data Studio\bin;C:\Program Files\PuTTY\;C:\Program Files\Git\cmd;C:\Program Files\Microsoft SQL Server\150\Tools\Binn\;C:\Program Files\Microsoft SQL Server\Client SDK\ODBC\170\Tools\Binn\;C:\Program Files\dotnet\;C:\Program Files (x86)\Windows Kits\10\Windows Performance Toolkit\;c:\Program Files (x86)\Microsoft SQL Server\110\Tools\Binn\;c:\Program Files\Microsoft SQL Server\110\Tools\Binn\;c:\Program Files\Microsoft SQL Server\110\DTS\Binn\;C:\Program Files (x86)\Microsoft SQL Server\150\Tools\Binn\;C:\Program Files\Microsoft SQL Server\150\DTS\Binn\;C:\Users\JPiccione\AppData\Local\Microsoft\WindowsApps;C:\Program Files\Azure Data Studio\bin;C:\Users\JPiccione\.dotnet\tools;C:\Users\JPiccione\AppData\Local\Programs\Azure Data Studio\bin;C:\Program Files\JetBrains\IntelliJ IDEA 2023.2\bin;;C:\Users\JPiccione\AppData\Local\GitHubDesktop\bin;C:\Users\JPiccione\OneDrive - Spencer Gifts LLC\Desktop;
USERNAME=JPiccione
OS=Windows_NT
PROCESSOR_IDENTIFIER=Intel64 Family 6 Model 61 Stepping 4, GenuineIntel
TMP=C:\Users\JPICCI~1\AppData\Local\Temp
TEMP=C:\Users\JPICCI~1\AppData\Local\Temp



---------------  S Y S T E M  ---------------

OS:
 Windows 10 , 64 bit Build 19041 (10.0.19041.3570)
OS uptime: 3 days 15:18 hours

CPU: total 4 (initial active 4) (2 cores per cpu, 2 threads per core) family 6 model 61 stepping 4 microcode 0x2d, cx8, cmov, fxsr, ht, mmx, 3dnowpref, sse, sse2, sse3, ssse3, sse4.1, sse4.2, popcnt, lzcnt, tsc, tscinvbit, avx, avx2, aes, erms, clmul, bmi1, bmi2, rtm, adx, fma, vzeroupper, clflush
Processor Information for all 4 processors :
  Max Mhz: 2594, Current Mhz: 2594, Mhz Limit: 2594

Memory: 4k page, system-wide physical 16079M (8182M free)
TotalPageFile size 18511M (AvailPageFile size 9680M)
current process WorkingSet (physical memory assigned to process): 393M, peak: 402M
current process commit charge ("private bytes"): 408M, peak: 417M

vm_info: OpenJDK 64-Bit Server VM (17.0.8.1+1) for windows-amd64 JRE (17.0.8.1+1), built on Aug 23 2023 15:29:17 by "admin" with MS VC++ 16.7 (VS2019)

END.
