#
# A fatal error has been detected by the Java Runtime Environment:
#
#  EXCEPTION_ACCESS_VIOLATION (0xc0000005) at pc=0x00007ffdc139e8a3, pid=10912, tid=16512
#
# JRE version: OpenJDK Runtime Environment Temurin-17.0.8.1+1 (17.0.8.1+1) (build 17.0.8.1+1)
# Java VM: OpenJDK 64-Bit Server VM Temurin-17.0.8.1+1 (17.0.8.1+1, mixed mode, tiered, compressed oops, compressed class ptrs, g1 gc, windows-amd64)
# Problematic frame:
# V  [jvm.dll+0x53e8a3]
#
# No core dump will be written. Minidumps are not enabled by default on client versions of Windows
#
# If you would like to submit a bug report, please visit:
#   https://github.com/adoptium/adoptium-support/issues
#

---------------  S U M M A R Y ------------

Command Line: -Dfile.encoding=UTF-8 -XX:+ShowCodeDetailsInExceptionMessages -agentpath:C:\Program Files\SentinelOne\Sentinel Agent 23.1.4.650\SentinelJava64.dll com.spencer.ItemApp.ItemAppApplication

Host: Intel(R) Core(TM) i7-5600U CPU @ 2.60GHz, 4 cores, 15G,  Windows 10 , 64 bit Build 19041 (10.0.19041.3570)
Time: Thu Nov  9 11:15:59 2023 Eastern Standard Time elapsed time: 75.167871 seconds (0d 0h 1m 15s)

---------------  T H R E A D  ---------------

Current thread (0x000002cf0bebf480):  JavaThread "http-nio-8080-exec-7" daemon [_thread_in_vm, id=16512, stack(0x000000e334e00000,0x000000e334f00000)]

Stack: [0x000000e334e00000,0x000000e334f00000],  sp=0x000000e334ef9108,  free space=996k
Native frames: (J=compiled Java code, j=interpreted, Vv=VM code, C=native code)
V  [jvm.dll+0x53e8a3]

Java frames: (J=compiled Java code, j=interpreted, Vv=VM code)
j  org.springframework.security.web.servletapi.HttpServlet3RequestFactory$Servlet3SecurityContextHolderAwareRequestWrapper.isAuthenticated()Z+1
j  org.springframework.security.web.servletapi.HttpServlet3RequestFactory$Servlet3SecurityContextHolderAwareRequestWrapper.login(Ljava/lang/String;Ljava/lang/String;)V+1
v  ~StubRoutines::call_stub
j  org.apache.jasper.runtime.HttpJspBase.service(Ljakarta/servlet/http/HttpServletRequest;Ljakarta/servlet/http/HttpServletResponse;)V+0
j  jakarta.servlet.http.HttpServlet.service(Ljakarta/servlet/ServletRequest;Ljakarta/servlet/ServletResponse;)V+36
j  org.apache.jasper.servlet.JspServletWrapper.service(Ljakarta/servlet/http/HttpServletRequest;Ljakarta/servlet/http/HttpServletResponse;Z)V+372
j  org.apache.jasper.servlet.JspServlet.serviceJspFile(Ljakarta/servlet/http/HttpServletRequest;Ljakarta/servlet/http/HttpServletResponse;Ljava/lang/String;Z)V+112
j  org.apache.jasper.servlet.JspServlet.service(Ljakarta/servlet/http/HttpServletRequest;Ljakarta/servlet/http/HttpServletResponse;)V+228
j  jakarta.servlet.http.HttpServlet.service(Ljakarta/servlet/ServletRequest;Ljakarta/servlet/ServletResponse;)V+36
j  org.apache.catalina.core.ApplicationFilterChain.internalDoFilter(Ljakarta/servlet/ServletRequest;Ljakarta/servlet/ServletResponse;)V+305
j  org.apache.catalina.core.ApplicationFilterChain.doFilter(Ljakarta/servlet/ServletRequest;Ljakarta/servlet/ServletResponse;)V+99
j  org.apache.tomcat.websocket.server.WsFilter.doFilter(Ljakarta/servlet/ServletRequest;Ljakarta/servlet/ServletResponse;Ljakarta/servlet/FilterChain;)V+21
j  org.apache.catalina.core.ApplicationFilterChain.internalDoFilter(Ljakarta/servlet/ServletRequest;Ljakarta/servlet/ServletResponse;)V+135
j  org.apache.catalina.core.ApplicationFilterChain.doFilter(Ljakarta/servlet/ServletRequest;Ljakarta/servlet/ServletResponse;)V+99
j  org.springframework.security.web.FilterChainProxy.lambda$doFilterInternal$3(Lorg/springframework/security/web/firewall/FirewalledRequest;Ljakarta/servlet/FilterChain;Ljakarta/servlet/ServletRequest;Ljakarta/servlet/ServletResponse;)V+35
j  org.springframework.security.web.FilterChainProxy$$Lambda$1362+0x00000008009965b0.doFilter(Ljakarta/servlet/ServletRequest;Ljakarta/servlet/ServletResponse;)V+10
j  org.springframework.security.web.FilterChainProxy$VirtualFilterChain.doFilter(Ljakarta/servlet/ServletRequest;Ljakarta/servlet/ServletResponse;)V+17
j  org.springframework.security.web.access.intercept.AuthorizationFilter.doFilter(Ljakarta/servlet/ServletRequest;Ljakarta/servlet/ServletResponse;Ljakarta/servlet/FilterChain;)V+143
j  org.springframework.security.web.FilterChainProxy$VirtualFilterChain.doFilter(Ljakarta/servlet/ServletRequest;Ljakarta/servlet/ServletResponse;)V+105
j  org.springframework.security.web.access.ExceptionTranslationFilter.doFilter(Ljakarta/servlet/http/HttpServletRequest;Ljakarta/servlet/http/HttpServletResponse;Ljakarta/servlet/FilterChain;)V+3
j  org.springframework.security.web.access.ExceptionTranslationFilter.doFilter(Ljakarta/servlet/ServletRequest;Ljakarta/servlet/ServletResponse;Ljakarta/servlet/FilterChain;)V+10
j  org.springframework.security.web.FilterChainProxy$VirtualFilterChain.doFilter(Ljakarta/servlet/ServletRequest;Ljakarta/servlet/ServletResponse;)V+105
j  org.springframework.security.web.authentication.AnonymousAuthenticationFilter.doFilter(Ljakarta/servlet/ServletRequest;Ljakarta/servlet/ServletResponse;Ljakarta/servlet/FilterChain;)V+33
j  org.springframework.security.web.FilterChainProxy$VirtualFilterChain.doFilter(Ljakarta/servlet/ServletRequest;Ljakarta/servlet/ServletResponse;)V+105
j  org.springframework.security.web.servletapi.SecurityContextHolderAwareRequestFilter.doFilter(Ljakarta/servlet/ServletRequest;Ljakarta/servlet/ServletResponse;Ljakarta/servlet/FilterChain;)V+19
j  org.springframework.security.web.FilterChainProxy$VirtualFilterChain.doFilter(Ljakarta/servlet/ServletRequest;Ljakarta/servlet/ServletResponse;)V+105
j  org.springframework.security.web.savedrequest.RequestCacheAwareFilter.doFilter(Ljakarta/servlet/ServletRequest;Ljakarta/servlet/ServletResponse;Ljakarta/servlet/FilterChain;)V+32
j  org.springframework.security.web.FilterChainProxy$VirtualFilterChain.doFilter(Ljakarta/servlet/ServletRequest;Ljakarta/servlet/ServletResponse;)V+105
j  org.springframework.security.web.authentication.AbstractAuthenticationProcessingFilter.doFilter(Ljakarta/servlet/http/HttpServletRequest;Ljakarta/servlet/http/HttpServletResponse;Ljakarta/servlet/FilterChain;)V+12
j  org.springframework.security.web.authentication.AbstractAuthenticationProcessingFilter.doFilter(Ljakarta/servlet/ServletRequest;Ljakarta/servlet/ServletResponse;Ljakarta/servlet/FilterChain;)V+10
j  org.springframework.security.web.FilterChainProxy$VirtualFilterChain.doFilter(Ljakarta/servlet/ServletRequest;Ljakarta/servlet/ServletResponse;)V+105
j  org.springframework.security.web.authentication.logout.LogoutFilter.doFilter(Ljakarta/servlet/http/HttpServletRequest;Ljakarta/servlet/http/HttpServletResponse;Ljakarta/servlet/FilterChain;)V+83
j  org.springframework.security.web.authentication.logout.LogoutFilter.doFilter(Ljakarta/servlet/ServletRequest;Ljakarta/servlet/ServletResponse;Ljakarta/servlet/FilterChain;)V+10
j  org.springframework.security.web.FilterChainProxy$VirtualFilterChain.doFilter(Ljakarta/servlet/ServletRequest;Ljakarta/servlet/ServletResponse;)V+105
j  org.springframework.web.filter.OncePerRequestFilter.doFilter(Ljakarta/servlet/ServletRequest;Ljakarta/servlet/ServletResponse;Ljakarta/servlet/FilterChain;)V+125
j  org.springframework.security.web.FilterChainProxy$VirtualFilterChain.doFilter(Ljakarta/servlet/ServletRequest;Ljakarta/servlet/ServletResponse;)V+105
j  org.springframework.security.web.context.SecurityContextHolderFilter.doFilter(Ljakarta/servlet/http/HttpServletRequest;Ljakarta/servlet/http/HttpServletResponse;Ljakarta/servlet/FilterChain;)V+15
j  org.springframework.security.web.context.SecurityContextHolderFilter.doFilter(Ljakarta/servlet/ServletRequest;Ljakarta/servlet/ServletResponse;Ljakarta/servlet/FilterChain;)V+10
j  org.springframework.security.web.FilterChainProxy$VirtualFilterChain.doFilter(Ljakarta/servlet/ServletRequest;Ljakarta/servlet/ServletResponse;)V+105
j  org.springframework.web.filter.OncePerRequestFilter.doFilter(Ljakarta/servlet/ServletRequest;Ljakarta/servlet/ServletResponse;Ljakarta/servlet/FilterChain;)V+125
j  org.springframework.security.web.FilterChainProxy$VirtualFilterChain.doFilter(Ljakarta/servlet/ServletRequest;Ljakarta/servlet/ServletResponse;)V+105
j  org.springframework.web.filter.OncePerRequestFilter.doFilter(Ljakarta/servlet/ServletRequest;Ljakarta/servlet/ServletResponse;Ljakarta/servlet/FilterChain;)V+125
j  org.springframework.security.web.FilterChainProxy$VirtualFilterChain.doFilter(Ljakarta/servlet/ServletRequest;Ljakarta/servlet/ServletResponse;)V+105
j  org.springframework.security.web.FilterChainProxy.doFilterInternal(Ljakarta/servlet/ServletRequest;Ljakarta/servlet/ServletResponse;Ljakarta/servlet/FilterChain;)V+163
j  org.springframework.security.web.FilterChainProxy.doFilter(Ljakarta/servlet/ServletRequest;Ljakarta/servlet/ServletResponse;Ljakarta/servlet/FilterChain;)V+28
j  org.springframework.web.filter.DelegatingFilterProxy.invokeDelegate(Ljakarta/servlet/Filter;Ljakarta/servlet/ServletRequest;Ljakarta/servlet/ServletResponse;Ljakarta/servlet/FilterChain;)V+5
j  org.springframework.web.filter.DelegatingFilterProxy.doFilter(Ljakarta/servlet/ServletRequest;Ljakarta/servlet/ServletResponse;Ljakarta/servlet/FilterChain;)V+85
j  org.apache.catalina.core.ApplicationFilterChain.internalDoFilter(Ljakarta/servlet/ServletRequest;Ljakarta/servlet/ServletResponse;)V+135
j  org.apache.catalina.core.ApplicationFilterChain.doFilter(Ljakarta/servlet/ServletRequest;Ljakarta/servlet/ServletResponse;)V+99
j  org.springframework.web.filter.OncePerRequestFilter.doFilter(Ljakarta/servlet/ServletRequest;Ljakarta/servlet/ServletResponse;Ljakarta/servlet/FilterChain;)V+125
j  org.apache.catalina.core.ApplicationFilterChain.internalDoFilter(Ljakarta/servlet/ServletRequest;Ljakarta/servlet/ServletResponse;)V+135
j  org.apache.catalina.core.ApplicationFilterChain.doFilter(Ljakarta/servlet/ServletRequest;Ljakarta/servlet/ServletResponse;)V+99
j  org.springframework.web.filter.OncePerRequestFilter.doFilter(Ljakarta/servlet/ServletRequest;Ljakarta/servlet/ServletResponse;Ljakarta/servlet/FilterChain;)V+125
j  org.apache.catalina.core.ApplicationFilterChain.internalDoFilter(Ljakarta/servlet/ServletRequest;Ljakarta/servlet/ServletResponse;)V+135
j  org.apache.catalina.core.ApplicationFilterChain.doFilter(Ljakarta/servlet/ServletRequest;Ljakarta/servlet/ServletResponse;)V+99
j  org.springframework.web.filter.OncePerRequestFilter.doFilter(Ljakarta/servlet/ServletRequest;Ljakarta/servlet/ServletResponse;Ljakarta/servlet/FilterChain;)V+125
j  org.apache.catalina.core.ApplicationFilterChain.internalDoFilter(Ljakarta/servlet/ServletRequest;Ljakarta/servlet/ServletResponse;)V+135
j  org.apache.catalina.core.ApplicationFilterChain.doFilter(Ljakarta/servlet/ServletRequest;Ljakarta/servlet/ServletResponse;)V+99
j  org.apache.catalina.core.ApplicationDispatcher.invoke(Ljakarta/servlet/ServletRequest;Ljakarta/servlet/ServletResponse;Lorg/apache/catalina/core/ApplicationDispatcher$State;)V+341
j  org.apache.catalina.core.ApplicationDispatcher.processRequest(Ljakarta/servlet/ServletRequest;Ljakarta/servlet/ServletResponse;Lorg/apache/catalina/core/ApplicationDispatcher$State;)V+98
j  org.apache.catalina.core.ApplicationDispatcher.doForward(Ljakarta/servlet/ServletRequest;Ljakarta/servlet/ServletResponse;)V+363
j  org.apache.catalina.core.ApplicationDispatcher.forward(Ljakarta/servlet/ServletRequest;Ljakarta/servlet/ServletResponse;)V+55
j  org.springframework.security.web.header.HeaderWriterFilter$HeaderWriterRequestDispatcher.forward(Ljakarta/servlet/ServletRequest;Ljakarta/servlet/ServletResponse;)V+6
j  org.springframework.web.servlet.view.InternalResourceView.renderMergedOutputModel(Ljava/util/Map;Ljakarta/servlet/http/HttpServletRequest;Ljakarta/servlet/http/HttpServletResponse;)V+145
j  org.springframework.web.servlet.view.AbstractView.render(Ljava/util/Map;Ljakarta/servlet/http/HttpServletRequest;Ljakarta/servlet/http/HttpServletResponse;)V+91
j  org.springframework.web.servlet.DispatcherServlet.render(Lorg/springframework/web/servlet/ModelAndView;Ljakarta/servlet/http/HttpServletRequest;Ljakarta/servlet/http/HttpServletResponse;)V+188
j  org.springframework.web.servlet.DispatcherServlet.processDispatchResult(Ljakarta/servlet/http/HttpServletRequest;Ljakarta/servlet/http/HttpServletResponse;Lorg/springframework/web/servlet/HandlerExecutionChain;Lorg/springframework/web/servlet/ModelAndView;Ljava/lang/Exception;)V+103
j  org.springframework.web.servlet.DispatcherServlet.doDispatch(Ljakarta/servlet/http/HttpServletRequest;Ljakarta/servlet/http/HttpServletResponse;)V+365
j  org.springframework.web.servlet.DispatcherServlet.doService(Ljakarta/servlet/http/HttpServletRequest;Ljakarta/servlet/http/HttpServletResponse;)V+242
j  org.springframework.web.servlet.FrameworkServlet.processRequest(Ljakarta/servlet/http/HttpServletRequest;Ljakarta/servlet/http/HttpServletResponse;)V+70
j  org.springframework.web.servlet.FrameworkServlet.doGet(Ljakarta/servlet/http/HttpServletRequest;Ljakarta/servlet/http/HttpServletResponse;)V+3
j  jakarta.servlet.http.HttpServlet.service(Ljakarta/servlet/http/HttpServletRequest;Ljakarta/servlet/http/HttpServletResponse;)V+35
j  org.springframework.web.servlet.FrameworkServlet.service(Ljakarta/servlet/http/HttpServletRequest;Ljakarta/servlet/http/HttpServletResponse;)V+20
j  jakarta.servlet.http.HttpServlet.service(Ljakarta/servlet/ServletRequest;Ljakarta/servlet/ServletResponse;)V+36
j  org.apache.catalina.core.ApplicationFilterChain.internalDoFilter(Ljakarta/servlet/ServletRequest;Ljakarta/servlet/ServletResponse;)V+305
j  org.apache.catalina.core.ApplicationFilterChain.doFilter(Ljakarta/servlet/ServletRequest;Ljakarta/servlet/ServletResponse;)V+99
j  org.apache.tomcat.websocket.server.WsFilter.doFilter(Ljakarta/servlet/ServletRequest;Ljakarta/servlet/ServletResponse;Ljakarta/servlet/FilterChain;)V+21
j  org.apache.catalina.core.ApplicationFilterChain.internalDoFilter(Ljakarta/servlet/ServletRequest;Ljakarta/servlet/ServletResponse;)V+135
j  org.apache.catalina.core.ApplicationFilterChain.doFilter(Ljakarta/servlet/ServletRequest;Ljakarta/servlet/ServletResponse;)V+99
j  org.springframework.security.web.FilterChainProxy.lambda$doFilterInternal$3(Lorg/springframework/security/web/firewall/FirewalledRequest;Ljakarta/servlet/FilterChain;Ljakarta/servlet/ServletRequest;Ljakarta/servlet/ServletResponse;)V+35
j  org.springframework.security.web.FilterChainProxy$$Lambda$1362+0x00000008009965b0.doFilter(Ljakarta/servlet/ServletRequest;Ljakarta/servlet/ServletResponse;)V+10
j  org.springframework.security.web.FilterChainProxy$VirtualFilterChain.doFilter(Ljakarta/servlet/ServletRequest;Ljakarta/servlet/ServletResponse;)V+17
j  org.springframework.security.web.access.intercept.AuthorizationFilter.doFilter(Ljakarta/servlet/ServletRequest;Ljakarta/servlet/ServletResponse;Ljakarta/servlet/FilterChain;)V+143
j  org.springframework.security.web.FilterChainProxy$VirtualFilterChain.doFilter(Ljakarta/servlet/ServletRequest;Ljakarta/servlet/ServletResponse;)V+105
j  org.springframework.security.web.access.ExceptionTranslationFilter.doFilter(Ljakarta/servlet/http/HttpServletRequest;Ljakarta/servlet/http/HttpServletResponse;Ljakarta/servlet/FilterChain;)V+3
j  org.springframework.security.web.access.ExceptionTranslationFilter.doFilter(Ljakarta/servlet/ServletRequest;Ljakarta/servlet/ServletResponse;Ljakarta/servlet/FilterChain;)V+10
j  org.springframework.security.web.FilterChainProxy$VirtualFilterChain.doFilter(Ljakarta/servlet/ServletRequest;Ljakarta/servlet/ServletResponse;)V+105
j  org.springframework.security.web.authentication.AnonymousAuthenticationFilter.doFilter(Ljakarta/servlet/ServletRequest;Ljakarta/servlet/ServletResponse;Ljakarta/servlet/FilterChain;)V+33
j  org.springframework.security.web.FilterChainProxy$VirtualFilterChain.doFilter(Ljakarta/servlet/ServletRequest;Ljakarta/servlet/ServletResponse;)V+105
j  org.springframework.security.web.servletapi.SecurityContextHolderAwareRequestFilter.doFilter(Ljakarta/servlet/ServletRequest;Ljakarta/servlet/ServletResponse;Ljakarta/servlet/FilterChain;)V+19
j  org.springframework.security.web.FilterChainProxy$VirtualFilterChain.doFilter(Ljakarta/servlet/ServletRequest;Ljakarta/servlet/ServletResponse;)V+105
j  org.springframework.security.web.savedrequest.RequestCacheAwareFilter.doFilter(Ljakarta/servlet/ServletRequest;Ljakarta/servlet/ServletResponse;Ljakarta/servlet/FilterChain;)V+32
j  org.springframework.security.web.FilterChainProxy$VirtualFilterChain.doFilter(Ljakarta/servlet/ServletRequest;Ljakarta/servlet/ServletResponse;)V+105
j  org.springframework.security.web.authentication.AbstractAuthenticationProcessingFilter.doFilter(Ljakarta/servlet/http/HttpServletRequest;Ljakarta/servlet/http/HttpServletResponse;Ljakarta/servlet/FilterChain;)V+12
j  org.springframework.security.web.authentication.AbstractAuthenticationProcessingFilter.doFilter(Ljakarta/servlet/ServletRequest;Ljakarta/servlet/ServletResponse;Ljakarta/servlet/FilterChain;)V+10
j  org.springframework.security.web.FilterChainProxy$VirtualFilterChain.doFilter(Ljakarta/servlet/ServletRequest;Ljakarta/servlet/ServletResponse;)V+105
j  org.springframework.security.web.authentication.logout.LogoutFilter.doFilter(Ljakarta/servlet/http/HttpServletRequest;Ljakarta/servlet/http/HttpServletResponse;Ljakarta/servlet/FilterChain;)V+83
j  org.springframework.security.web.authentication.logout.LogoutFilter.doFilter(Ljakarta/servlet/ServletRequest;Ljakarta/servlet/ServletResponse;Ljakarta/servlet/FilterChain;)V+10
j  org.springframework.security.web.FilterChainProxy$VirtualFilterChain.doFilter(Ljakarta/servlet/ServletRequest;Ljakarta/servlet/ServletResponse;)V+105
j  org.springframework.security.web.header.HeaderWriterFilter.doHeadersAfter(Ljakarta/servlet/http/HttpServletRequest;Ljakarta/servlet/http/HttpServletResponse;Ljakarta/servlet/FilterChain;)V+29
j  org.springframework.security.web.header.HeaderWriterFilter.doFilterInternal(Ljakarta/servlet/http/HttpServletRequest;Ljakarta/servlet/http/HttpServletResponse;Ljakarta/servlet/FilterChain;)V+21
j  org.springframework.web.filter.OncePerRequestFilter.doFilter(Ljakarta/servlet/ServletRequest;Ljakarta/servlet/ServletResponse;Ljakarta/servlet/FilterChain;)V+150
j  org.springframework.security.web.FilterChainProxy$VirtualFilterChain.doFilter(Ljakarta/servlet/ServletRequest;Ljakarta/servlet/ServletResponse;)V+105
j  org.springframework.security.web.context.SecurityContextHolderFilter.doFilter(Ljakarta/servlet/http/HttpServletRequest;Ljakarta/servlet/http/HttpServletResponse;Ljakarta/servlet/FilterChain;)V+59
j  org.springframework.security.web.context.SecurityContextHolderFilter.doFilter(Ljakarta/servlet/ServletRequest;Ljakarta/servlet/ServletResponse;Ljakarta/servlet/FilterChain;)V+10
j  org.springframework.security.web.FilterChainProxy$VirtualFilterChain.doFilter(Ljakarta/servlet/ServletRequest;Ljakarta/servlet/ServletResponse;)V+105
j  org.springframework.security.web.context.request.async.WebAsyncManagerIntegrationFilter.doFilterInternal(Ljakarta/servlet/http/HttpServletRequest;Ljakarta/servlet/http/HttpServletResponse;Ljakarta/servlet/FilterChain;)V+55
j  org.springframework.web.filter.OncePerRequestFilter.doFilter(Ljakarta/servlet/ServletRequest;Ljakarta/servlet/ServletResponse;Ljakarta/servlet/FilterChain;)V+150
j  org.springframework.security.web.FilterChainProxy$VirtualFilterChain.doFilter(Ljakarta/servlet/ServletRequest;Ljakarta/servlet/ServletResponse;)V+105
j  org.springframework.security.web.session.DisableEncodeUrlFilter.doFilterInternal(Ljakarta/servlet/http/HttpServletRequest;Ljakarta/servlet/http/HttpServletResponse;Ljakarta/servlet/FilterChain;)V+10
j  org.springframework.web.filter.OncePerRequestFilter.doFilter(Ljakarta/servlet/ServletRequest;Ljakarta/servlet/ServletResponse;Ljakarta/servlet/FilterChain;)V+150
j  org.springframework.security.web.FilterChainProxy$VirtualFilterChain.doFilter(Ljakarta/servlet/ServletRequest;Ljakarta/servlet/ServletResponse;)V+105
j  org.springframework.security.web.FilterChainProxy.doFilterInternal(Ljakarta/servlet/ServletRequest;Ljakarta/servlet/ServletResponse;Ljakarta/servlet/FilterChain;)V+163
j  org.springframework.security.web.FilterChainProxy.doFilter(Ljakarta/servlet/ServletRequest;Ljakarta/servlet/ServletResponse;Ljakarta/servlet/FilterChain;)V+48
j  org.springframework.web.filter.DelegatingFilterProxy.invokeDelegate(Ljakarta/servlet/Filter;Ljakarta/servlet/ServletRequest;Ljakarta/servlet/ServletResponse;Ljakarta/servlet/FilterChain;)V+5
j  org.springframework.web.filter.DelegatingFilterProxy.doFilter(Ljakarta/servlet/ServletRequest;Ljakarta/servlet/ServletResponse;Ljakarta/servlet/FilterChain;)V+85
j  org.apache.catalina.core.ApplicationFilterChain.internalDoFilter(Ljakarta/servlet/ServletRequest;Ljakarta/servlet/ServletResponse;)V+135
j  org.apache.catalina.core.ApplicationFilterChain.doFilter(Ljakarta/servlet/ServletRequest;Ljakarta/servlet/ServletResponse;)V+99
j  org.springframework.web.filter.RequestContextFilter.doFilterInternal(Ljakarta/servlet/http/HttpServletRequest;Ljakarta/servlet/http/HttpServletResponse;Ljakarta/servlet/FilterChain;)V+21
j  org.springframework.web.filter.OncePerRequestFilter.doFilter(Ljakarta/servlet/ServletRequest;Ljakarta/servlet/ServletResponse;Ljakarta/servlet/FilterChain;)V+150
j  org.apache.catalina.core.ApplicationFilterChain.internalDoFilter(Ljakarta/servlet/ServletRequest;Ljakarta/servlet/ServletResponse;)V+135
j  org.apache.catalina.core.ApplicationFilterChain.doFilter(Ljakarta/servlet/ServletRequest;Ljakarta/servlet/ServletResponse;)V+99
j  org.springframework.web.filter.FormContentFilter.doFilterInternal(Ljakarta/servlet/http/HttpServletRequest;Ljakarta/servlet/http/HttpServletResponse;Ljakarta/servlet/FilterChain;)V+38
j  org.springframework.web.filter.OncePerRequestFilter.doFilter(Ljakarta/servlet/ServletRequest;Ljakarta/servlet/ServletResponse;Ljakarta/servlet/FilterChain;)V+150
j  org.apache.catalina.core.ApplicationFilterChain.internalDoFilter(Ljakarta/servlet/ServletRequest;Ljakarta/servlet/ServletResponse;)V+135
j  org.apache.catalina.core.ApplicationFilterChain.doFilter(Ljakarta/servlet/ServletRequest;Ljakarta/servlet/ServletResponse;)V+99
j  org.springframework.web.filter.CharacterEncodingFilter.doFilterInternal(Ljakarta/servlet/http/HttpServletRequest;Ljakarta/servlet/http/HttpServletResponse;Ljakarta/servlet/FilterChain;)V+53
j  org.springframework.web.filter.OncePerRequestFilter.doFilter(Ljakarta/servlet/ServletRequest;Ljakarta/servlet/ServletResponse;Ljakarta/servlet/FilterChain;)V+150
j  org.apache.catalina.core.ApplicationFilterChain.internalDoFilter(Ljakarta/servlet/ServletRequest;Ljakarta/servlet/ServletResponse;)V+135
j  org.apache.catalina.core.ApplicationFilterChain.doFilter(Ljakarta/servlet/ServletRequest;Ljakarta/servlet/ServletResponse;)V+99
j  org.apache.catalina.core.StandardWrapperValve.invoke(Lorg/apache/catalina/connector/Request;Lorg/apache/catalina/connector/Response;)V+514
j  org.apache.catalina.core.StandardContextValve.invoke(Lorg/apache/catalina/connector/Request;Lorg/apache/catalina/connector/Response;)V+169
j  org.apache.catalina.authenticator.AuthenticatorBase.invoke(Lorg/apache/catalina/connector/Request;Lorg/apache/catalina/connector/Response;)V+218
j  org.apache.catalina.core.StandardHostValve.invoke(Lorg/apache/catalina/connector/Request;Lorg/apache/catalina/connector/Response;)V+131
j  org.apache.catalina.valves.ErrorReportValve.invoke(Lorg/apache/catalina/connector/Request;Lorg/apache/catalina/connector/Response;)V+6
j  org.apache.catalina.core.StandardEngineValve.invoke(Lorg/apache/catalina/connector/Request;Lorg/apache/catalina/connector/Response;)V+59
j  org.apache.catalina.connector.CoyoteAdapter.service(Lorg/apache/coyote/Request;Lorg/apache/coyote/Response;)V+187
j  org.apache.coyote.http11.Http11Processor.service(Lorg/apache/tomcat/util/net/SocketWrapperBase;)Lorg/apache/tomcat/util/net/AbstractEndpoint$Handler$SocketState;+785
j  org.apache.coyote.AbstractProcessorLight.process(Lorg/apache/tomcat/util/net/SocketWrapperBase;Lorg/apache/tomcat/util/net/SocketEvent;)Lorg/apache/tomcat/util/net/AbstractEndpoint$Handler$SocketState;+152
j  org.apache.coyote.AbstractProtocol$ConnectionHandler.process(Lorg/apache/tomcat/util/net/SocketWrapperBase;Lorg/apache/tomcat/util/net/SocketEvent;)Lorg/apache/tomcat/util/net/AbstractEndpoint$Handler$SocketState;+482
j  org.apache.tomcat.util.net.NioEndpoint$SocketProcessor.doRun()V+249
j  org.apache.tomcat.util.net.SocketProcessorBase.run()V+32
j  org.apache.tomcat.util.threads.ThreadPoolExecutor.runWorker(Lorg/apache/tomcat/util/threads/ThreadPoolExecutor$Worker;)V+92
j  org.apache.tomcat.util.threads.ThreadPoolExecutor$Worker.run()V+5
j  org.apache.tomcat.util.threads.TaskThread$WrappingRunnable.run()V+4
j  java.lang.Thread.run()V+11 java.base@17.0.8.1
v  ~StubRoutines::call_stub

siginfo: EXCEPTION_ACCESS_VIOLATION (0xc0000005), reading address 0x0000000813a9a300


Register to memory mapping:

RIP=0x00007ffdc139e8a3 jvm.dll
RAX=0x0000000000000038 is an unknown value
RBX=0x000002cf0bebf480 is a thread
RCX=0x0000000813a99f78 is an unknown value
RDX=0x0000000000000038 is an unknown value
RSP=0x000000e334ef9108 is pointing into the stack for thread: 0x000002cf0bebf480
RBP=0x000000e334ef9170 is pointing into the stack for thread: 0x000002cf0bebf480
RSI=0x000000e334ef91d8 is pointing into the stack for thread: 0x000002cf0bebf480
RDI=0x0000000000000038 is an unknown value
R8 =0x000000080099c7a0 is a pointer to class: 
org.springframework.security.web.servletapi.HttpServlet3RequestFactory$Servlet3SecurityContextHolderAwareRequestWrapper {0x000000080099c7a8}
 - instance size:     5
 - klass size:        261
 - access:            synchronized 
 - state:             fully_initialized
 - name:              'org/springframework/security/web/servletapi/HttpServlet3RequestFactory$Servlet3SecurityContextHolderAwareRequestWrapper'
 - super:             'org/springframework/security/web/servletapi/SecurityContextHolderAwareRequestWrapper'
 - sub:               
 - arrays:            NULL
 - methods:           Array<T>(0x000002cf13032d00)
 - method ordering:   Array<T>(0x000002cf04000018)
 - default_methods:   Array<T>(0x0000000000000000)
 - local interfaces:  Array<T>(0x000002cf04000058)
 - trans. interfaces: Array<T>(0x000002cf07d38e48)
 - constants:         constant pool [276]/operands[5] {0x000002cf13032328} for 'org/springframework/security/web/servletapi/HttpServlet3RequestFactory$Servlet3SecurityContextHolderAwareRequestWrapper' cache=0x000002cf13034ab0
 - class loader data:  loader data: 0x000002cf0814acc0 for instance a 'jdk/internal/loader/ClassLoaders$AppClassLoader'{0x0000000704f84908}
 - source file:       'HttpServlet3RequestFactory.java'
 - class annotations:       Array<T>(0x0000000000000000)
 - class type annotations:  Array<T>(0x0000000000000000)
 - field annotations:       Array<T>(0x0000000000000000)
 - field type annotations:  Array<T>(0x0000000000000000)
 - inner classes:     Array<T>(0x000002cf130336b8)
 - nest members:     Array<T>(0x000002cf04000028)
 - permitted subclasses:     Array<T>(0x000002cf04000028)
 - java mirror:       a 'java/lang/Class'{0x00000007051ee378} = 'org/springframework/security/web/servletapi/HttpServlet3RequestFactory$Servlet3SecurityContextHolderAwareRequestWrapper'
 - vtable length      84  (start addr: 0x000000080099c968)
 - itable length      119 (start addr: 0x000000080099cc08)
 - ---- static fields (0 words):
 - ---- non-static fields (6 words):
 - private 'request' 'Ljakarta/servlet/ServletRequest;' @12 
 - private 'securityContextHolderStrategy' 'Lorg/springframework/security/core/context/SecurityContextHolderStrategy;' @16 
 - private final 'trustResolver' 'Lorg/springframework/security/authentication/AuthenticationTrustResolver;' @20 
 - private final 'rolePrefix' 'Ljava/lang/String;' @24 
 - private final 'response' 'Ljakarta/servlet/http/HttpServletResponse;' @28 
 - final synthetic 'this$0' 'Lorg/springframework/security/web/servletapi/HttpServlet3RequestFactory;' @32 
 - non-static oop maps: 12-32 
R9 =0x000002cf0a205640 points into unknown readable memory: 0x000000e334efa290 | 90 a2 ef 34 e3 00 00 00
R10=0x000002cf0beb6950 points into unknown readable memory: 0x0000001e00000007 | 07 00 00 00 1e 00 00 00
R11={method} {0x000002cf130342c8} 'getUserPrincipal' '()Ljava/security/Principal;' in 'org/springframework/security/web/servletapi/SecurityContextHolderAwareRequestWrapper'
R12=0x0 is NULL
R13=0x000000080099c7a0 is a pointer to class: 
org.springframework.security.web.servletapi.HttpServlet3RequestFactory$Servlet3SecurityContextHolderAwareRequestWrapper {0x000000080099c7a8}
 - instance size:     5
 - klass size:        261
 - access:            synchronized 
 - state:             fully_initialized
 - name:              'org/springframework/security/web/servletapi/HttpServlet3RequestFactory$Servlet3SecurityContextHolderAwareRequestWrapper'
 - super:             'org/springframework/security/web/servletapi/SecurityContextHolderAwareRequestWrapper'
 - sub:               
 - arrays:            NULL
 - methods:           Array<T>(0x000002cf13032d00)
 - method ordering:   Array<T>(0x000002cf04000018)
 - default_methods:   Array<T>(0x0000000000000000)
 - local interfaces:  Array<T>(0x000002cf04000058)
 - trans. interfaces: Array<T>(0x000002cf07d38e48)
 - constants:         constant pool [276]/operands[5] {0x000002cf13032328} for 'org/springframework/security/web/servletapi/HttpServlet3RequestFactory$Servlet3SecurityContextHolderAwareRequestWrapper' cache=0x000002cf13034ab0
 - class loader data:  loader data: 0x000002cf0814acc0 for instance a 'jdk/internal/loader/ClassLoaders$AppClassLoader'{0x0000000704f84908}
 - source file:       'HttpServlet3RequestFactory.java'
 - class annotations:       Array<T>(0x0000000000000000)
 - class type annotations:  Array<T>(0x0000000000000000)
 - field annotations:       Array<T>(0x0000000000000000)
 - field type annotations:  Array<T>(0x0000000000000000)
 - inner classes:     Array<T>(0x000002cf130336b8)
 - nest members:     Array<T>(0x000002cf04000028)
 - permitted subclasses:     Array<T>(0x000002cf04000028)
 - java mirror:       a 'java/lang/Class'{0x00000007051ee378} = 'org/springframework/security/web/servletapi/HttpServlet3RequestFactory$Servlet3SecurityContextHolderAwareRequestWrapper'
 - vtable length      84  (start addr: 0x000000080099c968)
 - itable length      119 (start addr: 0x000000080099cc08)
 - ---- static fields (0 words):
 - ---- non-static fields (6 words):
 - private 'request' 'Ljakarta/servlet/ServletRequest;' @12 
 - private 'securityContextHolderStrategy' 'Lorg/springframework/security/core/context/SecurityContextHolderStrategy;' @16 
 - private final 'trustResolver' 'Lorg/springframework/security/authentication/AuthenticationTrustResolver;' @20 
 - private final 'rolePrefix' 'Ljava/lang/String;' @24 
 - private final 'response' 'Ljakarta/servlet/http/HttpServletResponse;' @28 
 - final synthetic 'this$0' 'Lorg/springframework/security/web/servletapi/HttpServlet3RequestFactory;' @32 
 - non-static oop maps: 12-32 
R14=0x0000000813a99f78 is an unknown value
R15=0x000000e334ef9300 is pointing into the stack for thread: 0x000002cf0bebf480


Registers:
RAX=0x0000000000000038, RBX=0x000002cf0bebf480, RCX=0x0000000813a99f78, RDX=0x0000000000000038
RSP=0x000000e334ef9108, RBP=0x000000e334ef9170, RSI=0x000000e334ef91d8, RDI=0x0000000000000038
R8 =0x000000080099c7a0, R9 =0x000002cf0a205640, R10=0x000002cf0beb6950, R11=0x000002cf130342c0
R12=0x0000000000000000, R13=0x000000080099c7a0, R14=0x0000000813a99f78, R15=0x000000e334ef9300
RIP=0x00007ffdc139e8a3, EFLAGS=0x0000000000010217

Top of Stack: (sp=0x000000e334ef9108)
0x000000e334ef9108:   00007ffdc13c22ef 0000000000000000
0x000000e334ef9118:   000000e334ef9260 000002cf13032320
0x000000e334ef9128:   000002cf0bebf480 000000e334ef91e8
0x000000e334ef9138:   00007ffdc13bd46b 00005e3ab63d9aa2
0x000000e334ef9148:   0000000000000000 0000000000000000
0x000000e334ef9158:   000000e334ef9300 0000000000000000
0x000000e334ef9168:   0000000000000000 000002cf13033621
0x000000e334ef9178:   000002cf13033621 000000e334ef91d9
0x000000e334ef9188:   00007ffdc13c03e8 000002cf0a205640
0x000000e334ef9198:   0000000813a99f78 000000e334ef9300
0x000000e334ef91a8:   000002cf0bebf480 0000000813a99f78
0x000000e334ef91b8:   0000000300000001 000002cf0bebf480
0x000000e334ef91c8:   0000000000000000 000002cf130342c0
0x000000e334ef91d8:   000002cf130342c0 000002cf0bebf480
0x000000e334ef91e8:   000002cf093c43c0 000002cf0964fe20
0x000000e334ef91f8:   000000080099c7a0 000000080099c7a0 

Instructions: (pc=0x00007ffdc139e8a3)
0x00007ffdc139e7a3:   8d 8e 88 00 00 00 c7 40 08 02 00 00 00 48 89 48
0x00007ffdc139e7b3:   20 c6 40 0c 00 48 89 58 10 48 89 58 18 4c 89 38
0x00007ffdc139e7c3:   eb 03 48 8b c3 48 8b d0 49 8b ce e8 9d 1c 0e 00
0x00007ffdc139e7d3:   45 33 c0 41 8d 50 17 8d 4a 11 e8 0e 81 b6 ff 48
0x00007ffdc139e7e3:   85 c0 74 23 48 8d 8e 90 00 00 00 c7 40 08 02 00
0x00007ffdc139e7f3:   00 00 48 89 48 20 c6 40 0c 00 48 89 58 10 48 89
0x00007ffdc139e803:   58 18 4c 89 38 eb 03 48 8b c3 48 8b d0 49 8b ce
0x00007ffdc139e813:   e8 58 1c 0e 00 83 be a0 00 00 00 00 8b fb 4c 8b
0x00007ffdc139e823:   7c 24 48 7e 5b 48 8d 2d e9 6b 42 00 90 45 33 c0
0x00007ffdc139e833:   41 8d 50 17 8d 4a 11 e8 b1 80 b6 ff 48 85 c0 74
0x00007ffdc139e843:   27 48 63 d7 48 83 c2 39 c7 40 08 02 00 00 00 c6
0x00007ffdc139e853:   40 0c 00 48 89 58 10 48 89 58 18 48 8d 14 d6 48
0x00007ffdc139e863:   89 28 48 89 50 20 eb 03 48 8b c3 48 8b d0 49 8b
0x00007ffdc139e873:   ce e8 f7 1b 0e 00 ff c7 3b be a0 00 00 00 7c ad
0x00007ffdc139e883:   48 8b 5c 24 50 48 8b 6c 24 58 48 83 c4 20 41 5e
0x00007ffdc139e893:   5f 5e c3 cc cc cc cc cc cc cc cc cc cc 48 63 c2
0x00007ffdc139e8a3:   48 8b 84 c1 c8 01 00 00 c3 cc cc cc cc 48 89 5c
0x00007ffdc139e8b3:   24 08 48 89 6c 24 10 48 89 74 24 18 57 41 54 41
0x00007ffdc139e8c3:   55 41 56 41 57 48 83 ec 20 48 8b 99 88 00 00 00
0x00007ffdc139e8d3:   44 0f b6 e2 48 85 db 0f 84 32 01 00 00 8b 0d d2
0x00007ffdc139e8e3:   f1 66 00 65 48 8b 04 25 58 00 00 00 be 50 00 00
0x00007ffdc139e8f3:   00 bd 20 00 00 00 4c 8d 2c c8 0f 1f 00 48 8b 8b
0x00007ffdc139e903:   98 00 00 00 e8 84 74 cb ff 84 c0 0f 85 1d 01 00
0x00007ffdc139e913:   00 45 84 e4 0f 84 e5 00 00 00 48 8b 15 fc 0c 63
0x00007ffdc139e923:   00 48 85 d2 0f 84 d5 00 00 00 49 8b 7d 00 8b c6
0x00007ffdc139e933:   80 3c 38 00 75 0c e8 1a 22 35 00 48 8b 15 db 0c
0x00007ffdc139e943:   63 00 8b c5 48 8b 0c 38 48 8b b9 38 02 00 00 48
0x00007ffdc139e953:   8b 77 10 48 8b 6f 18 4c 8b 77 20 4c 8b 7f 28 48
0x00007ffdc139e963:   85 d2 74 6c 8b 43 08 85 c0 7e 18 8b 83 a4 00 00
0x00007ffdc139e973:   00 c1 e8 1a a8 01 74 32 48 8b 4b 18 e8 dc f3 ff
0x00007ffdc139e983:   ff eb 3e 3d 00 00 00 c0 7d 20 48 8b 83 e8 00 00
0x00007ffdc139e993:   00 8b 88 a4 00 00 00 c1 e9 1a f6 c1 01 74 0b 48 


Stack slot to memory mapping:
stack at sp + 0 slots: 0x00007ffdc13c22ef jvm.dll
stack at sp + 1 slots: 0x0 is NULL
stack at sp + 2 slots: 0x000000e334ef9260 is pointing into the stack for thread: 0x000002cf0bebf480
stack at sp + 3 slots: 0x000002cf13032320 is pointing into metadata
stack at sp + 4 slots: 0x000002cf0bebf480 is a thread
stack at sp + 5 slots: 0x000000e334ef91e8 is pointing into the stack for thread: 0x000002cf0bebf480
stack at sp + 6 slots: 0x00007ffdc13bd46b jvm.dll
stack at sp + 7 slots: 0x00005e3ab63d9aa2 is an unknown value


---------------  P R O C E S S  ---------------

Threads class SMR info:
_java_thread_list=0x000002cf102b0b60, length=30, elements={
0x000002cf0808c7e0, 0x000002cf0808f1b0, 0x000002cf080a3bf0, 0x000002cf080a4e40,
0x000002cf080b43f0, 0x000002cf080bcb50, 0x000002cf080c5880, 0x000002cf080c8290,
0x000002cf08129bd0, 0x000002cf08249ae0, 0x000002cf08253c50, 0x000002cf0b78bfd0,
0x000002cf0b789240, 0x000002cf0b78ab90, 0x000002cf0b789c60, 0x000002cf0b78b0a0,
0x000002cf0bebb2b0, 0x000002cf0bebb7c0, 0x000002cf0bebe040, 0x000002cf0bebada0,
0x000002cf0beb8f40, 0x000002cf0bebdb30, 0x000002cf0bebf480, 0x000002cf0bebe550,
0x000002cf0beb8a30, 0x000002cf0bebc1e0, 0x000002cf0bebc6f0, 0x000002cf0bebef70,
0x000002cf0beb9450, 0x000002cf0ce0cd00
}

Java Threads: ( => current thread )
  0x000002cf0808c7e0 JavaThread "Reference Handler" daemon [_thread_blocked, id=18224, stack(0x000000e333100000,0x000000e333200000)]
  0x000002cf0808f1b0 JavaThread "Finalizer" daemon [_thread_blocked, id=7876, stack(0x000000e333200000,0x000000e333300000)]
  0x000002cf080a3bf0 JavaThread "Signal Dispatcher" daemon [_thread_blocked, id=6688, stack(0x000000e333300000,0x000000e333400000)]
  0x000002cf080a4e40 JavaThread "Attach Listener" daemon [_thread_blocked, id=15468, stack(0x000000e333400000,0x000000e333500000)]
  0x000002cf080b43f0 JavaThread "Service Thread" daemon [_thread_blocked, id=14716, stack(0x000000e333500000,0x000000e333600000)]
  0x000002cf080bcb50 JavaThread "Monitor Deflation Thread" daemon [_thread_blocked, id=18952, stack(0x000000e333600000,0x000000e333700000)]
  0x000002cf080c5880 JavaThread "C2 CompilerThread0" daemon [_thread_in_native, id=5332, stack(0x000000e333700000,0x000000e333800000)]
  0x000002cf080c8290 JavaThread "C1 CompilerThread0" daemon [_thread_blocked, id=5984, stack(0x000000e333800000,0x000000e333900000)]
  0x000002cf08129bd0 JavaThread "Sweeper thread" daemon [_thread_blocked, id=11024, stack(0x000000e333900000,0x000000e333a00000)]
  0x000002cf08249ae0 JavaThread "Notification Thread" daemon [_thread_blocked, id=17476, stack(0x000000e333a00000,0x000000e333b00000)]
  0x000002cf08253c50 JavaThread "Common-Cleaner" daemon [_thread_blocked, id=12404, stack(0x000000e333c00000,0x000000e333d00000)]
  0x000002cf0b78bfd0 JavaThread "Catalina-utility-1" [_thread_blocked, id=8220, stack(0x000000e334100000,0x000000e334200000)]
  0x000002cf0b789240 JavaThread "Catalina-utility-2" [_thread_blocked, id=12516, stack(0x000000e334200000,0x000000e334300000)]
  0x000002cf0b78ab90 JavaThread "container-0" [_thread_blocked, id=19328, stack(0x000000e334300000,0x000000e334400000)]
  0x000002cf0b789c60 JavaThread "mssql-jdbc-shared-timer-core-0" daemon [_thread_blocked, id=16960, stack(0x000000e334500000,0x000000e334600000)]
  0x000002cf0b78b0a0 JavaThread "HikariPool-1 housekeeper" daemon [_thread_blocked, id=3052, stack(0x000000e334600000,0x000000e334700000)]
  0x000002cf0bebb2b0 JavaThread "http-nio-8080-exec-1" daemon [_thread_blocked, id=11728, stack(0x000000e334800000,0x000000e334900000)]
  0x000002cf0bebb7c0 JavaThread "http-nio-8080-exec-2" daemon [_thread_blocked, id=2796, stack(0x000000e334900000,0x000000e334a00000)]
  0x000002cf0bebe040 JavaThread "http-nio-8080-exec-3" daemon [_thread_blocked, id=12624, stack(0x000000e334a00000,0x000000e334b00000)]
  0x000002cf0bebada0 JavaThread "http-nio-8080-exec-4" daemon [_thread_blocked, id=10648, stack(0x000000e334b00000,0x000000e334c00000)]
  0x000002cf0beb8f40 JavaThread "http-nio-8080-exec-5" daemon [_thread_blocked, id=3044, stack(0x000000e334c00000,0x000000e334d00000)]
  0x000002cf0bebdb30 JavaThread "http-nio-8080-exec-6" daemon [_thread_blocked, id=17332, stack(0x000000e334d00000,0x000000e334e00000)]
=>0x000002cf0bebf480 JavaThread "http-nio-8080-exec-7" daemon [_thread_in_vm, id=16512, stack(0x000000e334e00000,0x000000e334f00000)]
  0x000002cf0bebe550 JavaThread "http-nio-8080-exec-8" daemon [_thread_blocked, id=17632, stack(0x000000e334f00000,0x000000e335000000)]
  0x000002cf0beb8a30 JavaThread "http-nio-8080-exec-9" daemon [_thread_blocked, id=17556, stack(0x000000e335000000,0x000000e335100000)]
  0x000002cf0bebc1e0 JavaThread "http-nio-8080-exec-10" daemon [_thread_blocked, id=16788, stack(0x000000e335100000,0x000000e335200000)]
  0x000002cf0bebc6f0 JavaThread "http-nio-8080-Poller" daemon [_thread_in_native, id=2504, stack(0x000000e335200000,0x000000e335300000)]
  0x000002cf0bebef70 JavaThread "http-nio-8080-Acceptor" daemon [_thread_in_native, id=13836, stack(0x000000e335300000,0x000000e335400000)]
  0x000002cf0beb9450 JavaThread "DestroyJavaVM" [_thread_blocked, id=15140, stack(0x000000e332a00000,0x000000e332b00000)]
  0x000002cf0ce0cd00 JavaThread "C2 CompilerThread1" daemon [_thread_blocked, id=6936, stack(0x000000e332700000,0x000000e332800000)]

Other Threads:
  0x000002cf0800b0c0 VMThread "VM Thread" [stack: 0x000000e333000000,0x000000e333100000] [id=17772]
  0x000002cf0824bfd0 WatcherThread [stack: 0x000000e333b00000,0x000000e333c00000] [id=19076]
  0x000002cf654fcce0 GCTaskThread "GC Thread#0" [stack: 0x000000e332b00000,0x000000e332c00000] [id=3228]
  0x000002cf083ce8a0 GCTaskThread "GC Thread#1" [stack: 0x000000e333e00000,0x000000e333f00000] [id=17208]
  0x000002cf083ceb60 GCTaskThread "GC Thread#2" [stack: 0x000000e333f00000,0x000000e334000000] [id=8652]
  0x000002cf08a08950 GCTaskThread "GC Thread#3" [stack: 0x000000e334000000,0x000000e334100000] [id=10752]
  0x000002cf654fec20 ConcurrentGCThread "G1 Main Marker" [stack: 0x000000e332c00000,0x000000e332d00000] [id=11324]
  0x000002cf7d182420 ConcurrentGCThread "G1 Conc#0" [stack: 0x000000e332d00000,0x000000e332e00000] [id=16132]
  0x000002cf7d226f90 ConcurrentGCThread "G1 Refine#0" [stack: 0x000000e332e00000,0x000000e332f00000] [id=11372]
  0x000002cf7d228240 ConcurrentGCThread "G1 Service" [stack: 0x000000e332f00000,0x000000e333000000] [id=18976]

Threads with active compile tasks:
C2 CompilerThread0    75435 6820       4       org.eclipse.jdt.internal.compiler.lookup.BinaryTypeBinding::createMethod (1719 bytes)

VM state: not at safepoint (normal execution)

VM Mutex/Monitor currently owned by a thread: None

Heap address: 0x0000000704c00000, size: 4020 MB, Compressed Oops mode: Zero based, Oop shift amount: 3

CDS archive(s) not mapped
Compressed class space mapped at: 0x0000000800000000-0x0000000840000000, reserved size: 1073741824
Narrow klass base: 0x0000000800000000, Narrow klass shift: 0, Narrow klass range: 0x40000000

GC Precious Log:
 CPUs: 4 total, 4 available
 Memory: 16079M
 Large Page Support: Disabled
 NUMA Support: Disabled
 Compressed Oops: Enabled (Zero based)
 Heap Region Size: 2M
 Heap Min Capacity: 8M
 Heap Initial Capacity: 252M
 Heap Max Capacity: 4020M
 Pre-touch: Disabled
 Parallel Workers: 4
 Concurrent Workers: 1
 Concurrent Refinement Workers: 4
 Periodic GC: Disabled

Heap:
 garbage-first heap   total 69632K, used 50406K [0x0000000704c00000, 0x0000000800000000)
  region size 2048K, 12 young (24576K), 2 survivors (4096K)
 Metaspace       used 86605K, committed 87168K, reserved 1179648K
  class space    used 10696K, committed 11008K, reserved 1048576K

Heap Regions: E=young(eden), S=young(survivor), O=old, HS=humongous(starts), HC=humongous(continues), CS=collection set, F=free, OA=open archive, CA=closed archive, TAMS=top-at-mark-start (previous, next)
|   0|0x0000000704c00000, 0x0000000704e00000, 0x0000000704e00000|100%| O|  |TAMS 0x0000000704e00000, 0x0000000704c00000| Untracked 
|   1|0x0000000704e00000, 0x0000000705000000, 0x0000000705000000|100%| O|  |TAMS 0x0000000705000000, 0x0000000704e00000| Untracked 
|   2|0x0000000705000000, 0x0000000705200000, 0x0000000705200000|100%| O|  |TAMS 0x0000000705000000, 0x0000000705000000| Untracked 
|   3|0x0000000705200000, 0x0000000705400000, 0x0000000705400000|100%| O|  |TAMS 0x0000000705400000, 0x0000000705200000| Untracked 
|   4|0x0000000705400000, 0x0000000705600000, 0x0000000705600000|100%| O|  |TAMS 0x0000000705600000, 0x0000000705400000| Untracked 
|   5|0x0000000705600000, 0x0000000705800000, 0x0000000705800000|100%| O|  |TAMS 0x0000000705800000, 0x0000000705600000| Untracked 
|   6|0x0000000705800000, 0x0000000705a00000, 0x0000000705a00000|100%| O|  |TAMS 0x0000000705800000, 0x0000000705800000| Untracked 
|   7|0x0000000705a00000, 0x0000000705c00000, 0x0000000705c00000|100%| O|  |TAMS 0x0000000705c00000, 0x0000000705a00000| Untracked 
|   8|0x0000000705c00000, 0x0000000705e00000, 0x0000000705e00000|100%| O|  |TAMS 0x0000000705e00000, 0x0000000705c00000| Untracked 
|   9|0x0000000705e00000, 0x0000000706000000, 0x0000000706000000|100%| O|  |TAMS 0x0000000706000000, 0x0000000705e00000| Untracked 
|  10|0x0000000706000000, 0x0000000706200000, 0x0000000706200000|100%| O|  |TAMS 0x00000007060e4400, 0x0000000706000000| Untracked 
|  11|0x0000000706200000, 0x0000000706400000, 0x0000000706400000|100%| O|  |TAMS 0x0000000706200000, 0x0000000706200000| Untracked 
|  12|0x0000000706400000, 0x0000000706600000, 0x0000000706600000|100%| O|  |TAMS 0x0000000706400000, 0x0000000706400000| Untracked 
|  13|0x0000000706600000, 0x0000000706800000, 0x0000000706800000|100%| O|  |TAMS 0x0000000706600000, 0x0000000706600000| Untracked 
|  14|0x0000000706800000, 0x00000007069d4a00, 0x0000000706a00000| 91%| O|  |TAMS 0x0000000706800000, 0x0000000706800000| Untracked 
|  15|0x0000000706a00000, 0x0000000706a00000, 0x0000000706c00000|  0%| F|  |TAMS 0x0000000706a00000, 0x0000000706a00000| Untracked 
|  16|0x0000000706c00000, 0x0000000706c00000, 0x0000000706e00000|  0%| F|  |TAMS 0x0000000706c00000, 0x0000000706c00000| Untracked 
|  17|0x0000000706e00000, 0x0000000706e00000, 0x0000000707000000|  0%| F|  |TAMS 0x0000000706e00000, 0x0000000706e00000| Untracked 
|  18|0x0000000707000000, 0x0000000707000000, 0x0000000707200000|  0%| F|  |TAMS 0x0000000707000000, 0x0000000707000000| Untracked 
|  19|0x0000000707200000, 0x0000000707365140, 0x0000000707400000| 69%| S|CS|TAMS 0x0000000707200000, 0x0000000707200000| Complete 
|  20|0x0000000707400000, 0x0000000707400000, 0x0000000707600000|  0%| F|  |TAMS 0x0000000707400000, 0x0000000707400000| Untracked 
|  21|0x0000000707600000, 0x0000000707600000, 0x0000000707800000|  0%| F|  |TAMS 0x0000000707600000, 0x0000000707600000| Untracked 
|  22|0x0000000707800000, 0x0000000707a00000, 0x0000000707a00000|100%| S|CS|TAMS 0x0000000707800000, 0x0000000707800000| Complete 
|  23|0x0000000707a00000, 0x0000000707a00000, 0x0000000707c00000|  0%| F|  |TAMS 0x0000000707a00000, 0x0000000707a00000| Untracked 
|  24|0x0000000707c00000, 0x0000000707d243e0, 0x0000000707e00000| 57%| E|  |TAMS 0x0000000707c00000, 0x0000000707c00000| Complete 
|  25|0x0000000707e00000, 0x0000000708000000, 0x0000000708000000|100%| E|  |TAMS 0x0000000707e00000, 0x0000000707e00000| Complete 
|  26|0x0000000708000000, 0x0000000708200000, 0x0000000708200000|100%| E|CS|TAMS 0x0000000708000000, 0x0000000708000000| Complete 
|  27|0x0000000708200000, 0x0000000708400000, 0x0000000708400000|100%| E|CS|TAMS 0x0000000708200000, 0x0000000708200000| Complete 
|  28|0x0000000708400000, 0x0000000708600000, 0x0000000708600000|100%| E|CS|TAMS 0x0000000708400000, 0x0000000708400000| Complete 
|  29|0x0000000708600000, 0x0000000708800000, 0x0000000708800000|100%| E|CS|TAMS 0x0000000708600000, 0x0000000708600000| Complete 
|  30|0x0000000708800000, 0x0000000708a00000, 0x0000000708a00000|100%| E|CS|TAMS 0x0000000708800000, 0x0000000708800000| Complete 
|  67|0x000000070d200000, 0x000000070d400000, 0x000000070d400000|100%| E|CS|TAMS 0x000000070d200000, 0x000000070d200000| Complete 
|  68|0x000000070d400000, 0x000000070d600000, 0x000000070d600000|100%| E|CS|TAMS 0x000000070d400000, 0x000000070d400000| Complete 
| 125|0x0000000714600000, 0x0000000714800000, 0x0000000714800000|100%| E|CS|TAMS 0x0000000714600000, 0x0000000714600000| Complete 

Card table byte_map: [0x000002cf782e0000,0x000002cf78ac0000] _byte_map_base: 0x000002cf74aba000

Marking Bits (Prev, Next): (CMBitMap*) 0x000002cf654fdf90, (CMBitMap*) 0x000002cf654fdf50
 Prev Bits: [0x000002cf00000000, 0x000002cf03ed0000)
 Next Bits: [0x000002cf792a0000, 0x000002cf7d170000)

Polling page: 0x000002cf64c00000

Metaspace:

Usage:
  Non-class:     74.13 MB used.
      Class:     10.45 MB used.
       Both:     84.58 MB used.

Virtual space:
  Non-class space:      128.00 MB reserved,      74.38 MB ( 58%) committed,  2 nodes.
      Class space:        1.00 GB reserved,      10.75 MB (  1%) committed,  1 nodes.
             Both:        1.12 GB reserved,      85.12 MB (  7%) committed. 

Chunk freelists:
   Non-Class:  5.39 MB
       Class:  5.31 MB
        Both:  10.70 MB

MaxMetaspaceSize: unlimited
CompressedClassSpaceSize: 1.00 GB
Initial GC threshold: 21.00 MB
Current GC threshold: 98.44 MB
CDS: off
MetaspaceReclaimPolicy: balanced
 - commit_granule_bytes: 65536.
 - commit_granule_words: 8192.
 - virtual_space_node_default_size: 8388608.
 - enlarge_chunks_in_place: 1.
 - new_chunks_are_fully_committed: 0.
 - uncommit_free_chunks: 1.
 - use_allocation_guard: 0.
 - handle_deallocations: 1.


Internal statistics:

num_allocs_failed_limit: 9.
num_arena_births: 810.
num_arena_deaths: 0.
num_vsnodes_births: 3.
num_vsnodes_deaths: 0.
num_space_committed: 1362.
num_space_uncommitted: 0.
num_chunks_returned_to_freelist: 9.
num_chunks_taken_from_freelist: 3444.
num_chunk_merges: 6.
num_chunk_splits: 2541.
num_chunks_enlarged: 2013.
num_inconsistent_stats: 0.

CodeHeap 'non-profiled nmethods': size=120000Kb used=4614Kb max_used=4614Kb free=115386Kb
 bounds [0x000002cf705d0000, 0x000002cf70a60000, 0x000002cf77b00000]
CodeHeap 'profiled nmethods': size=120000Kb used=13395Kb max_used=13395Kb free=106604Kb
 bounds [0x000002cf68b00000, 0x000002cf69820000, 0x000002cf70030000]
CodeHeap 'non-nmethods': size=5760Kb used=1399Kb max_used=1455Kb free=4360Kb
 bounds [0x000002cf70030000, 0x000002cf702a0000, 0x000002cf705d0000]
 total_blobs=6943 nmethods=6205 adapters=650
 compilation: enabled
              stopped_count=0, restarted_count=0
 full_count=0

Compilation events (20 events):
Event: 75.127 Thread 0x000002cf080c8290 6947       2       org.eclipse.jdt.internal.compiler.lookup.LookupEnvironment::javaBaseModule (68 bytes)
Event: 75.128 Thread 0x000002cf080c8290 nmethod 6947 0x000002cf69811710 code [0x000002cf698118e0, 0x000002cf69811bb8]
Event: 75.128 Thread 0x000002cf080c8290 6950       2       org.eclipse.jdt.internal.compiler.lookup.LookupEnvironment::getResolvedType (80 bytes)
Event: 75.128 Thread 0x000002cf080c8290 nmethod 6950 0x000002cf69811c90 code [0x000002cf69811e60, 0x000002cf69812138]
Event: 75.128 Thread 0x000002cf080c8290 6944       3       org.eclipse.jdt.internal.compiler.ClassFile::u1At (10 bytes)
Event: 75.128 Thread 0x000002cf080c8290 nmethod 6944 0x000002cf69812390 code [0x000002cf69812520, 0x000002cf69812658]
Event: 75.128 Thread 0x000002cf080c8290 6938       3       org.eclipse.jdt.internal.compiler.lookup.MethodBinding::isConstructor (14 bytes)
Event: 75.129 Thread 0x000002cf080c8290 nmethod 6938 0x000002cf69812790 code [0x000002cf69812920, 0x000002cf69812ab8]
Event: 75.135 Thread 0x000002cf080c8290 6951       2       java.lang.invoke.LambdaForm$MH/0x00000008002f0c00::invoke (27 bytes)
Event: 75.135 Thread 0x000002cf080c8290 nmethod 6951 0x000002cf69812b90 code [0x000002cf69812d40, 0x000002cf69812ef8]
Event: 75.136 Thread 0x000002cf080c8290 6952       2       org.apache.jasper.compiler.SmapUtil$SDEInstaller::readU2 (15 bytes)
Event: 75.136 Thread 0x000002cf080c8290 nmethod 6952 0x000002cf69813090 code [0x000002cf69813240, 0x000002cf69813398]
Event: 75.136 Thread 0x000002cf080c8290 6955       2       org.apache.jasper.compiler.SmapUtil$SDEInstaller::copy (46 bytes)
Event: 75.136 Thread 0x000002cf080c8290 nmethod 6955 0x000002cf69813490 code [0x000002cf69813640, 0x000002cf69813818]
Event: 75.136 Thread 0x000002cf080c8290 6958   !   2       java.lang.String::lookupCharset (20 bytes)
Event: 75.137 Thread 0x000002cf080c8290 nmethod 6958 0x000002cf69813990 code [0x000002cf69813b60, 0x000002cf69813e98]
Event: 75.137 Thread 0x000002cf080c8290 6953       2       java.lang.String::<init> (10 bytes)
Event: 75.137 Thread 0x000002cf080c8290 nmethod 6953 0x000002cf69814090 code [0x000002cf69814220, 0x000002cf69814368]
Event: 75.137 Thread 0x000002cf080c8290 6954       2       java.lang.String::<init> (13 bytes)
Event: 75.137 Thread 0x000002cf080c8290 nmethod 6954 0x000002cf69814410 code [0x000002cf69814600, 0x000002cf698149c8]

GC Heap History (20 events):
Event: 8.160 GC heap before
{Heap before GC invocations=15 (full 0):
 garbage-first heap   total 69632K, used 48833K [0x0000000704c00000, 0x0000000800000000)
  region size 2048K, 15 young (30720K), 1 survivors (2048K)
 Metaspace       used 51443K, committed 51904K, reserved 1114112K
  class space    used 6140K, committed 6400K, reserved 1048576K
}
Event: 8.165 GC heap after
{Heap after GC invocations=16 (full 0):
 garbage-first heap   total 69632K, used 21210K [0x0000000704c00000, 0x0000000800000000)
  region size 2048K, 1 young (2048K), 1 survivors (2048K)
 Metaspace       used 51443K, committed 51904K, reserved 1114112K
  class space    used 6140K, committed 6400K, reserved 1048576K
}
Event: 9.213 GC heap before
{Heap before GC invocations=16 (full 0):
 garbage-first heap   total 69632K, used 49882K [0x0000000704c00000, 0x0000000800000000)
  region size 2048K, 16 young (32768K), 1 survivors (2048K)
 Metaspace       used 58228K, committed 58688K, reserved 1114112K
  class space    used 7058K, committed 7296K, reserved 1048576K
}
Event: 9.220 GC heap after
{Heap after GC invocations=17 (full 0):
 garbage-first heap   total 69632K, used 23441K [0x0000000704c00000, 0x0000000800000000)
  region size 2048K, 2 young (4096K), 2 survivors (4096K)
 Metaspace       used 58228K, committed 58688K, reserved 1114112K
  class space    used 7058K, committed 7296K, reserved 1048576K
}
Event: 9.375 GC heap before
{Heap before GC invocations=17 (full 0):
 garbage-first heap   total 69632K, used 27537K [0x0000000704c00000, 0x0000000800000000)
  region size 2048K, 5 young (10240K), 2 survivors (4096K)
 Metaspace       used 59877K, committed 60288K, reserved 1114112K
  class space    used 7324K, committed 7552K, reserved 1048576K
}
Event: 9.380 GC heap after
{Heap after GC invocations=18 (full 0):
 garbage-first heap   total 69632K, used 23966K [0x0000000704c00000, 0x0000000800000000)
  region size 2048K, 1 young (2048K), 1 survivors (2048K)
 Metaspace       used 59877K, committed 60288K, reserved 1114112K
  class space    used 7324K, committed 7552K, reserved 1048576K
}
Event: 10.517 GC heap before
{Heap before GC invocations=19 (full 0):
 garbage-first heap   total 69632K, used 52638K [0x0000000704c00000, 0x0000000800000000)
  region size 2048K, 15 young (30720K), 1 survivors (2048K)
 Metaspace       used 65489K, committed 65984K, reserved 1114112K
  class space    used 8292K, committed 8512K, reserved 1048576K
}
Event: 10.520 GC heap after
{Heap after GC invocations=20 (full 0):
 garbage-first heap   total 69632K, used 25024K [0x0000000704c00000, 0x0000000800000000)
  region size 2048K, 1 young (2048K), 1 survivors (2048K)
 Metaspace       used 65489K, committed 65984K, reserved 1114112K
  class space    used 8292K, committed 8512K, reserved 1048576K
}
Event: 10.582 GC heap before
{Heap before GC invocations=20 (full 0):
 garbage-first heap   total 69632K, used 27072K [0x0000000704c00000, 0x0000000800000000)
  region size 2048K, 2 young (4096K), 1 survivors (2048K)
 Metaspace       used 65831K, committed 66304K, reserved 1114112K
  class space    used 8312K, committed 8512K, reserved 1048576K
}
Event: 10.588 GC heap after
{Heap after GC invocations=21 (full 0):
 garbage-first heap   total 69632K, used 25054K [0x0000000704c00000, 0x0000000800000000)
  region size 2048K, 1 young (2048K), 1 survivors (2048K)
 Metaspace       used 65831K, committed 66304K, reserved 1114112K
  class space    used 8312K, committed 8512K, reserved 1048576K
}
Event: 11.354 GC heap before
{Heap before GC invocations=21 (full 0):
 garbage-first heap   total 69632K, used 51678K [0x0000000704c00000, 0x0000000800000000)
  region size 2048K, 14 young (28672K), 1 survivors (2048K)
 Metaspace       used 69438K, committed 69952K, reserved 1114112K
  class space    used 8805K, committed 9024K, reserved 1048576K
}
Event: 11.358 GC heap after
{Heap after GC invocations=22 (full 0):
 garbage-first heap   total 69632K, used 26745K [0x0000000704c00000, 0x0000000800000000)
  region size 2048K, 2 young (4096K), 2 survivors (4096K)
 Metaspace       used 69438K, committed 69952K, reserved 1114112K
  class space    used 8805K, committed 9024K, reserved 1048576K
}
Event: 12.027 GC heap before
{Heap before GC invocations=22 (full 0):
 garbage-first heap   total 69632K, used 51321K [0x0000000704c00000, 0x0000000800000000)
  region size 2048K, 14 young (28672K), 2 survivors (4096K)
 Metaspace       used 72014K, committed 72512K, reserved 1114112K
  class space    used 9193K, committed 9472K, reserved 1048576K
}
Event: 12.033 GC heap after
{Heap after GC invocations=23 (full 0):
 garbage-first heap   total 69632K, used 28733K [0x0000000704c00000, 0x0000000800000000)
  region size 2048K, 2 young (4096K), 2 survivors (4096K)
 Metaspace       used 72014K, committed 72512K, reserved 1114112K
  class space    used 9193K, committed 9472K, reserved 1048576K
}
Event: 63.569 GC heap before
{Heap before GC invocations=23 (full 0):
 garbage-first heap   total 69632K, used 51261K [0x0000000704c00000, 0x0000000800000000)
  region size 2048K, 14 young (28672K), 2 survivors (4096K)
 Metaspace       used 75551K, committed 76096K, reserved 1179648K
  class space    used 9645K, committed 9856K, reserved 1048576K
}
Event: 63.578 GC heap after
{Heap after GC invocations=24 (full 0):
 garbage-first heap   total 69632K, used 30528K [0x0000000704c00000, 0x0000000800000000)
  region size 2048K, 2 young (4096K), 2 survivors (4096K)
 Metaspace       used 75551K, committed 76096K, reserved 1179648K
  class space    used 9645K, committed 9856K, reserved 1048576K
}
Event: 64.268 GC heap before
{Heap before GC invocations=24 (full 0):
 garbage-first heap   total 69632K, used 53056K [0x0000000704c00000, 0x0000000800000000)
  region size 2048K, 14 young (28672K), 2 survivors (4096K)
 Metaspace       used 80165K, committed 80704K, reserved 1179648K
  class space    used 10023K, committed 10304K, reserved 1048576K
}
Event: 64.277 GC heap after
{Heap after GC invocations=25 (full 0):
 garbage-first heap   total 69632K, used 32345K [0x0000000704c00000, 0x0000000800000000)
  region size 2048K, 2 young (4096K), 2 survivors (4096K)
 Metaspace       used 80165K, committed 80704K, reserved 1179648K
  class space    used 10023K, committed 10304K, reserved 1048576K
}
Event: 74.316 GC heap before
{Heap before GC invocations=25 (full 0):
 garbage-first heap   total 69632K, used 52825K [0x0000000704c00000, 0x0000000800000000)
  region size 2048K, 13 young (26624K), 2 survivors (4096K)
 Metaspace       used 84364K, committed 84928K, reserved 1179648K
  class space    used 10439K, committed 10688K, reserved 1048576K
}
Event: 74.323 GC heap after
{Heap after GC invocations=26 (full 0):
 garbage-first heap   total 69632K, used 34022K [0x0000000704c00000, 0x0000000800000000)
  region size 2048K, 2 young (4096K), 2 survivors (4096K)
 Metaspace       used 84364K, committed 84928K, reserved 1179648K
  class space    used 10439K, committed 10688K, reserved 1048576K
}

Dll operation events (9 events):
Event: 0.019 Loaded shared library C:\Users\JPiccione\.p2\pool\plugins\org.eclipse.justj.openjdk.hotspot.jre.full.win32.x86_64_17.0.8.v20230831-1047\jre\bin\java.dll
Event: 0.282 Loaded shared library C:\Users\JPiccione\.p2\pool\plugins\org.eclipse.justj.openjdk.hotspot.jre.full.win32.x86_64_17.0.8.v20230831-1047\jre\bin\jimage.dll
Event: 0.296 Loaded shared library C:\Users\JPiccione\.p2\pool\plugins\org.eclipse.justj.openjdk.hotspot.jre.full.win32.x86_64_17.0.8.v20230831-1047\jre\bin\net.dll
Event: 0.298 Loaded shared library C:\Users\JPiccione\.p2\pool\plugins\org.eclipse.justj.openjdk.hotspot.jre.full.win32.x86_64_17.0.8.v20230831-1047\jre\bin\nio.dll
Event: 0.304 Loaded shared library C:\Users\JPiccione\.p2\pool\plugins\org.eclipse.justj.openjdk.hotspot.jre.full.win32.x86_64_17.0.8.v20230831-1047\jre\bin\zip.dll
Event: 5.804 Loaded shared library C:\Users\JPiccione\.p2\pool\plugins\org.eclipse.justj.openjdk.hotspot.jre.full.win32.x86_64_17.0.8.v20230831-1047\jre\bin\sunmscapi.dll
Event: 5.814 Loaded shared library C:\Users\JPiccione\.p2\pool\plugins\org.eclipse.justj.openjdk.hotspot.jre.full.win32.x86_64_17.0.8.v20230831-1047\jre\bin\management.dll
Event: 5.818 Loaded shared library C:\Users\JPiccione\.p2\pool\plugins\org.eclipse.justj.openjdk.hotspot.jre.full.win32.x86_64_17.0.8.v20230831-1047\jre\bin\management_ext.dll
Event: 7.357 Loaded shared library C:\Users\JPiccione\.p2\pool\plugins\org.eclipse.justj.openjdk.hotspot.jre.full.win32.x86_64_17.0.8.v20230831-1047\jre\bin\verify.dll

Deoptimization events (20 events):
Event: 74.167 Thread 0x000002cf0bebdb30 DEOPT PACKING pc=0x000002cf69707e92 sp=0x000000e334dfcb80
Event: 74.167 Thread 0x000002cf0bebdb30 DEOPT UNPACKING pc=0x000002cf70087143 sp=0x000000e334dfc060 mode 0
Event: 74.168 Thread 0x000002cf0bebdb30 DEOPT PACKING pc=0x000002cf69707e92 sp=0x000000e334dfcb80
Event: 74.168 Thread 0x000002cf0bebdb30 DEOPT UNPACKING pc=0x000002cf70087143 sp=0x000000e334dfc060 mode 0
Event: 74.168 Thread 0x000002cf0bebdb30 DEOPT PACKING pc=0x000002cf69707e92 sp=0x000000e334dfcb80
Event: 74.168 Thread 0x000002cf0bebdb30 DEOPT UNPACKING pc=0x000002cf70087143 sp=0x000000e334dfc060 mode 0
Event: 74.169 Thread 0x000002cf0bebdb30 DEOPT PACKING pc=0x000002cf69707e92 sp=0x000000e334dfcb80
Event: 74.169 Thread 0x000002cf0bebdb30 DEOPT UNPACKING pc=0x000002cf70087143 sp=0x000000e334dfc060 mode 0
Event: 74.817 Thread 0x000002cf0bebf480 Uncommon trap: trap_request=0xffffff45 fr.pc=0x000002cf707355c8 relative=0x0000000000000048
Event: 74.817 Thread 0x000002cf0bebf480 Uncommon trap: reason=unstable_if action=reinterpret pc=0x000002cf707355c8 method=java.lang.StringConcatHelper.stringOf(Ljava/lang/Object;)Ljava/lang/String; @ 1 c2
Event: 74.817 Thread 0x000002cf0bebf480 DEOPT PACKING pc=0x000002cf707355c8 sp=0x000000e334ef9b10
Event: 74.817 Thread 0x000002cf0bebf480 DEOPT UNPACKING pc=0x000002cf700869a3 sp=0x000000e334ef9aa0 mode 2
Event: 74.834 Thread 0x000002cf0bebf480 Uncommon trap: trap_request=0xffffffde fr.pc=0x000002cf70640a74 relative=0x00000000000014f4
Event: 74.834 Thread 0x000002cf0bebf480 Uncommon trap: reason=class_check action=maybe_recompile pc=0x000002cf70640a74 method=jdk.internal.loader.URLClassPath.getLoader(I)Ljdk/internal/loader/URLClassPath$Loader; @ 88 c2
Event: 74.834 Thread 0x000002cf0bebf480 DEOPT PACKING pc=0x000002cf70640a74 sp=0x000000e334ef9910
Event: 74.834 Thread 0x000002cf0bebf480 DEOPT UNPACKING pc=0x000002cf700869a3 sp=0x000000e334ef9950 mode 2
Event: 75.140 Thread 0x000002cf0bebf480 Uncommon trap: trap_request=0xffffffde fr.pc=0x000002cf70640a74 relative=0x00000000000014f4
Event: 75.140 Thread 0x000002cf0bebf480 Uncommon trap: reason=class_check action=maybe_recompile pc=0x000002cf70640a74 method=jdk.internal.loader.URLClassPath.getLoader(I)Ljdk/internal/loader/URLClassPath$Loader; @ 88 c2
Event: 75.140 Thread 0x000002cf0bebf480 DEOPT PACKING pc=0x000002cf70640a74 sp=0x000000e334ef9e90
Event: 75.140 Thread 0x000002cf0bebf480 DEOPT UNPACKING pc=0x000002cf700869a3 sp=0x000000e334ef9ed0 mode 2

Classes unloaded (0 events):
No events

Classes redefined (0 events):
No events

Internal exceptions (20 events):
Event: 11.199 Thread 0x000002cf65490b20 Exception <a 'java/lang/NoSuchMethodError'{0x0000000707a6aac0}: 'java.lang.Object java.lang.invoke.Invokers$Holder.invoke_MT(java.lang.Object, java.lang.Object, java.lang.Object, java.lang.Object, java.lang.Object, java.lang.Object, java.lang.Object, java.lang.Object, java.lang.Object)'> (0x0000000707a6aac0) 
thrown [s\src\hotspot\share\interpreter\linkResolver.cpp, line 759]
Event: 11.204 Thread 0x000002cf65490b20 Exception <a 'java/lang/IncompatibleClassChangeError'{0x0000000707a948b8}: Found class java.lang.Object, but interface was expected> (0x0000000707a948b8) 
thrown [s\src\hotspot\share\interpreter\linkResolver.cpp, line 826]
Event: 11.532 Thread 0x000002cf65490b20 Implicit null exception at 0x000002cf70702b41 to 0x000002cf70702c02
Event: 11.968 Thread 0x000002cf65490b20 Exception <a 'sun/nio/fs/WindowsException'{0x0000000707b242b0}> (0x0000000707b242b0) 
thrown [s\src\hotspot\share\prims\jni.cpp, line 516]
Event: 12.047 Thread 0x000002cf65490b20 Exception <a 'java/lang/IncompatibleClassChangeError'{0x000000071469f8f0}: Found class java.lang.Object, but interface was expected> (0x000000071469f8f0) 
thrown [s\src\hotspot\share\interpreter\linkResolver.cpp, line 826]
Event: 12.120 Thread 0x000002cf65490b20 Exception <a 'java/lang/NoSuchMethodError'{0x000000070d5426a8}: 'void java.lang.invoke.DirectMethodHandle$Holder.invokeVirtual(java.lang.Object, java.lang.Object, long)'> (0x000000070d5426a8) 
thrown [s\src\hotspot\share\interpreter\linkResolver.cpp, line 759]
Event: 12.358 Thread 0x000002cf65490b20 Exception <a 'java/lang/NoSuchMethodError'{0x000000070820a430}: 'java.lang.Object java.lang.invoke.DirectMethodHandle$Holder.newInvokeSpecial(java.lang.Object, java.lang.Object, int, java.lang.Object, java.lang.Object)'> (0x000000070820a430) 
thrown [s\src\hotspot\share\interpreter\linkResolver.cpp, line 759]
Event: 12.359 Thread 0x000002cf65490b20 Exception <a 'java/lang/NoSuchMethodError'{0x0000000708215aa8}: 'java.lang.Object java.lang.invoke.DirectMethodHandle$Holder.invokeSpecial(java.lang.Object, java.lang.Object, int, java.lang.Object, int, java.lang.Object)'> (0x0000000708215aa8) 
thrown [s\src\hotspot\share\interpreter\linkResolver.cpp, line 759]
Event: 12.360 Thread 0x000002cf65490b20 Exception <a 'java/lang/NoSuchMethodError'{0x000000070821d8b0}: 'java.lang.Object java.lang.invoke.DirectMethodHandle$Holder.newInvokeSpecial(java.lang.Object, java.lang.Object, int, java.lang.Object, int)'> (0x000000070821d8b0) 
thrown [s\src\hotspot\share\interpreter\linkResolver.cpp, line 759]
Event: 12.360 Thread 0x000002cf65490b20 Exception <a 'java/lang/NoSuchMethodError'{0x00000007082219b0}: 'java.lang.Object java.lang.invoke.DirectMethodHandle$Holder.invokeSpecial(java.lang.Object, java.lang.Object, java.lang.Object, int, java.lang.Object, int)'> (0x00000007082219b0) 
thrown [s\src\hotspot\share\interpreter\linkResolver.cpp, line 759]
Event: 63.223 Thread 0x000002cf0bebb2b0 Exception <a 'java/lang/NoSuchMethodError'{0x0000000707fb2ef8}: 'java.lang.Object java.lang.invoke.DirectMethodHandle$Holder.invokeSpecial(java.lang.Object, java.lang.Object, java.lang.Object, java.lang.Object, java.lang.Object, long)'> (0x0000000707fb2ef8) 
thrown [s\src\hotspot\share\interpreter\linkResolver.cpp, line 759]
Event: 63.223 Thread 0x000002cf0bebb2b0 Exception <a 'java/lang/NoSuchMethodError'{0x0000000707fb6938}: 'java.lang.Object java.lang.invoke.Invokers$Holder.linkToTargetMethod(java.lang.Object, java.lang.Object, java.lang.Object, long, java.lang.Object)'> (0x0000000707fb6938) 
thrown [s\src\hotspot\share\interpreter\linkResolver.cpp, line 759]
Event: 63.275 Thread 0x000002cf0bebb2b0 Exception <a 'java/lang/NoSuchMethodError'{0x0000000707ceba30}: getSession> (0x0000000707ceba30) 
thrown [s\src\hotspot\share\prims\jni.cpp, line 1073]
Event: 63.784 Thread 0x000002cf0bebb7c0 Implicit null exception at 0x000002cf70616277 to 0x000002cf70616890
Event: 63.784 Thread 0x000002cf0bebb7c0 Implicit null exception at 0x000002cf70616ff7 to 0x000002cf7061760c
Event: 64.818 Thread 0x000002cf0bebb7c0 Exception <a 'java/lang/AbstractMethodError'{0x0000000707e154a8}: Receiver class <unknown> does not define or inherit an implementation of the resolved method 'java.security.Principal getUserPrincipal()' of class org.springframework.security.web.servletapi.SecurityContextHolderAwareRequestWrapper.> (0x0000000707e154a8) 
thrown [s\src\hotspot\share\interpreter\linkResolver.cpp, line 1855]
Event: 64.829 Thread 0x000002cf0bebb7c0 Exception <a 'java/lang/AbstractMethodError'{0x0000000707e5b6c8}: Receiver class <unknown> does not define or inherit an implementation of the resolved method 'java.security.Principal getUserPrincipal()' of class org.springframework.security.web.servletapi.SecurityContextHolderAwareRequestWrapper.> (0x0000000707e5b6c8) 
thrown [s\src\hotspot\share\interpreter\linkResolver.cpp, line 1855]
Event: 64.927 Thread 0x000002cf0bebe040 Exception <a 'java/lang/NoSuchMethodError'{0x0000000707e88380}: 'java.lang.Object java.lang.invoke.DirectMethodHandle$Holder.invokeStatic(java.lang.Object, int, int)'> (0x0000000707e88380) 
thrown [s\src\hotspot\share\interpreter\linkResolver.cpp, line 759]
Event: 64.928 Thread 0x000002cf0bebada0 Exception <a 'java/lang/NoSuchMethodError'{0x0000000707ebae68}: 'java.lang.Object java.lang.invoke.DirectMethodHandle$Holder.invokeStatic(java.lang.Object, int, int)'> (0x0000000707ebae68) 
thrown [s\src\hotspot\share\interpreter\linkResolver.cpp, line 759]
Event: 74.451 Thread 0x000002cf0bebdb30 Exception <a 'java/lang/NoSuchMethodError'{0x000000070d2f2be8}: 'void java.lang.invoke.DirectMethodHandle$Holder.invokeSpecialIFC(java.lang.Object, java.lang.Object, int, java.lang.Object, java.lang.Object, java.lang.Object, java.lang.Object)'> (0x000000070d2f2be8) 
thrown [s\src\hotspot\share\interpreter\linkResolver.cpp, line 759]

VM Operations (20 events):
Event: 64.828 Executing VM operation: HandshakeAllThreads
Event: 64.828 Executing VM operation: HandshakeAllThreads done
Event: 64.829 Executing VM operation: get/set locals
Event: 64.829 Executing VM operation: get/set locals done
Event: 64.829 Executing VM operation: get/set locals
Event: 64.829 Executing VM operation: get/set locals done
Event: 65.839 Executing VM operation: Cleanup
Event: 65.839 Executing VM operation: Cleanup done
Event: 66.851 Executing VM operation: Cleanup
Event: 66.851 Executing VM operation: Cleanup done
Event: 74.297 Executing VM operation: HandshakeAllThreads
Event: 74.297 Executing VM operation: HandshakeAllThreads done
Event: 74.297 Executing VM operation: Cleanup
Event: 74.297 Executing VM operation: Cleanup done
Event: 74.316 Executing VM operation: G1CollectForAllocation
Event: 74.323 Executing VM operation: G1CollectForAllocation done
Event: 75.146 Executing VM operation: get/set locals
Event: 75.147 Executing VM operation: get/set locals done
Event: 75.147 Executing VM operation: get/set locals
Event: 75.147 Executing VM operation: get/set locals done

Events (20 events):
Event: 64.809 loading class java/net/URLClassLoader$1 done
Event: 64.827 loading class sun/nio/cs/ISO_8859_1$Encoder
Event: 64.827 loading class sun/nio/cs/ISO_8859_1$Encoder done
Event: 64.828 loading class sun/nio/cs/Surrogate$Parser
Event: 64.828 loading class sun/nio/cs/Surrogate$Parser done
Event: 64.828 loading class sun/nio/cs/Surrogate
Event: 64.828 loading class sun/nio/cs/Surrogate done
Event: 64.914 loading class java/util/concurrent/locks/ReentrantReadWriteLock$Sync$HoldCounter
Event: 64.918 loading class java/util/concurrent/locks/ReentrantReadWriteLock$Sync$HoldCounter done
Event: 64.930 loading class java/util/ArrayList$SubList$2
Event: 64.930 Thread 0x000002cf0ce0cd00 Thread added: 0x000002cf0ce0cd00
Event: 64.930 loading class java/util/ArrayList$SubList$2 done
Event: 64.946 loading class java/time/format/DateTimeFormatterBuilder$ZoneTextPrinterParser
Event: 64.946 loading class java/time/format/DateTimeFormatterBuilder$ZoneTextPrinterParser done
Event: 64.946 loading class java/time/format/DateTimeFormatterBuilder$ReducedPrinterParser
Event: 64.947 loading class java/time/format/DateTimeFormatterBuilder$ReducedPrinterParser done
Event: 64.956 loading class java/util/concurrent/atomic/Striped64$Cell
Event: 64.956 loading class java/util/concurrent/atomic/Striped64$Cell done
Event: 66.402 Thread 0x000002cf0ce0cd00 Thread exited: 0x000002cf0ce0cd00
Event: 74.315 Thread 0x000002cf0ce0cd00 Thread added: 0x000002cf0ce0cd00


Dynamic libraries:
0x00007ff764760000 - 0x00007ff76476e000 	C:\Users\JPiccione\.p2\pool\plugins\org.eclipse.justj.openjdk.hotspot.jre.full.win32.x86_64_17.0.8.v20230831-1047\jre\bin\javaw.exe
0x000002cf63140000 - 0x000002cf63337000 	C:\windows\SYSTEM32\ntd1l.dll
0x000002cf63340000 - 0x000002cf633fd000 	C:\windows\System32\kern3l32.dll
0x00007ffe167d0000 - 0x00007ffe169c7000 	C:\windows\SYSTEM32\ntdll.dll
0x00007ffe14a40000 - 0x00007ffe14afd000 	C:\windows\System32\KERNEL32.DLL
0x00007ffe13fa0000 - 0x00007ffe14296000 	C:\windows\System32\KERNELBASE.dll
0x00007ffe13920000 - 0x00007ffe13c33000 	C:\Program Files\SentinelOne\Sentinel Agent 23.1.4.650\InProcessClient64.dll
0x00007ffe15b00000 - 0x00007ffe15bae000 	C:\windows\System32\ADVAPI32.dll
0x00007ffe15ef0000 - 0x00007ffe15f8e000 	C:\windows\System32\msvcrt.dll
0x00007ffe14b00000 - 0x00007ffe14b9c000 	C:\windows\System32\sechost.dll
0x00007ffe15dc0000 - 0x00007ffe15ee6000 	C:\windows\System32\RPCRT4.dll
0x00007ffe14530000 - 0x00007ffe14630000 	C:\windows\System32\ucrtbase.dll
0x00007ffe08a00000 - 0x00007ffe08a19000 	C:\Users\JPiccione\.p2\pool\plugins\org.eclipse.justj.openjdk.hotspot.jre.full.win32.x86_64_17.0.8.v20230831-1047\jre\bin\VCRUNTIME140.dll
0x00007ffdef080000 - 0x00007ffdef097000 	C:\Users\JPiccione\.p2\pool\plugins\org.eclipse.justj.openjdk.hotspot.jre.full.win32.x86_64_17.0.8.v20230831-1047\jre\bin\jli.dll
0x00007ffe15670000 - 0x00007ffe1580e000 	C:\windows\System32\USER32.dll
0x00007ffe06950000 - 0x00007ffe06bea000 	C:\windows\WinSxS\amd64_microsoft.windows.common-controls_6595b64144ccf1df_6.0.19041.3570_none_60bb2a3971f3e41a\COMCTL32.dll
0x00007ffe14800000 - 0x00007ffe14822000 	C:\windows\System32\win32u.dll
0x00007ffe15bb0000 - 0x00007ffe15bdc000 	C:\windows\System32\GDI32.dll
0x00007ffe146e0000 - 0x00007ffe147fa000 	C:\windows\System32\gdi32full.dll
0x00007ffe14490000 - 0x00007ffe1452d000 	C:\windows\System32\msvcp_win.dll
0x00007ffe13910000 - 0x00007ffe1391a000 	C:\windows\SYSTEM32\VERSION.dll
0x00007ffe13900000 - 0x00007ffe1390b000 	C:\windows\SYSTEM32\FLTLIB.DLL
0x00007ffe15a40000 - 0x00007ffe15a70000 	C:\windows\System32\IMM32.DLL
0x00007ffe0eae0000 - 0x00007ffe0eaec000 	C:\Users\JPiccione\.p2\pool\plugins\org.eclipse.justj.openjdk.hotspot.jre.full.win32.x86_64_17.0.8.v20230831-1047\jre\bin\vcruntime140_1.dll
0x00007ffdd1a00000 - 0x00007ffdd1a91000 	C:\Users\JPiccione\.p2\pool\plugins\org.eclipse.justj.openjdk.hotspot.jre.full.win32.x86_64_17.0.8.v20230831-1047\jre\bin\msvcp140.dll
0x00007ffdc0e60000 - 0x00007ffdc1aac000 	C:\Users\JPiccione\.p2\pool\plugins\org.eclipse.justj.openjdk.hotspot.jre.full.win32.x86_64_17.0.8.v20230831-1047\jre\bin\server\jvm.dll
0x00007ffe130d0000 - 0x00007ffe1311b000 	C:\windows\SYSTEM32\POWRPROF.dll
0x00007ffdf9c20000 - 0x00007ffdf9c29000 	C:\windows\SYSTEM32\WSOCK32.dll
0x00007ffe15810000 - 0x00007ffe1587b000 	C:\windows\System32\WS2_32.dll
0x00007ffdfc5c0000 - 0x00007ffdfc5e7000 	C:\windows\SYSTEM32\WINMM.dll
0x00007ffe12f90000 - 0x00007ffe12fa2000 	C:\windows\SYSTEM32\UMPDC.dll
0x00007ffe117b0000 - 0x00007ffe117c2000 	C:\windows\SYSTEM32\kernel.appcore.dll
0x00007ffe0eb10000 - 0x00007ffe0eb1a000 	C:\Users\JPiccione\.p2\pool\plugins\org.eclipse.justj.openjdk.hotspot.jre.full.win32.x86_64_17.0.8.v20230831-1047\jre\bin\jimage.dll
0x00007ffe07370000 - 0x00007ffe07554000 	C:\windows\SYSTEM32\DBGHELP.DLL
0x00007ffe07330000 - 0x00007ffe07364000 	C:\windows\SYSTEM32\dbgcore.DLL
0x00007ffe142a0000 - 0x00007ffe14322000 	C:\windows\System32\bcryptPrimitives.dll
0x00007ffdee410000 - 0x00007ffdee48b000 	C:\Program Files\SentinelOne\Sentinel Agent 23.1.4.650\SentinelJava64.dll
0x00007ffe14830000 - 0x00007ffe1495b000 	C:\windows\System32\ole32.dll
0x00007ffe152e0000 - 0x00007ffe15634000 	C:\windows\System32\combase.dll
0x00007ffe0aef0000 - 0x00007ffe0af15000 	C:\Users\JPiccione\.p2\pool\plugins\org.eclipse.justj.openjdk.hotspot.jre.full.win32.x86_64_17.0.8.v20230831-1047\jre\bin\java.dll
0x00007ffe0b010000 - 0x00007ffe0b028000 	C:\Users\JPiccione\.p2\pool\plugins\org.eclipse.justj.openjdk.hotspot.jre.full.win32.x86_64_17.0.8.v20230831-1047\jre\bin\zip.dll
0x00007ffe16040000 - 0x00007ffe16784000 	C:\windows\System32\SHELL32.dll
0x00007ffe11920000 - 0x00007ffe120bb000 	C:\windows\SYSTEM32\windows.storage.dll
0x00007ffe135b0000 - 0x00007ffe135dd000 	C:\windows\SYSTEM32\Wldp.dll
0x00007ffe15f90000 - 0x00007ffe1603d000 	C:\windows\System32\SHCORE.dll
0x00007ffe150c0000 - 0x00007ffe15115000 	C:\windows\System32\shlwapi.dll
0x00007ffe13de0000 - 0x00007ffe13e05000 	C:\windows\SYSTEM32\profapi.dll
0x00007ffe0afe0000 - 0x00007ffe0aff9000 	C:\Users\JPiccione\.p2\pool\plugins\org.eclipse.justj.openjdk.hotspot.jre.full.win32.x86_64_17.0.8.v20230831-1047\jre\bin\net.dll
0x00007ffe12b30000 - 0x00007ffe12c3a000 	C:\windows\SYSTEM32\WINHTTP.dll
0x00007ffe13310000 - 0x00007ffe1337a000 	C:\windows\system32\mswsock.dll
0x00007ffe08a60000 - 0x00007ffe08a75000 	C:\Users\JPiccione\.p2\pool\plugins\org.eclipse.justj.openjdk.hotspot.jre.full.win32.x86_64_17.0.8.v20230831-1047\jre\bin\nio.dll
0x00007ffe13500000 - 0x00007ffe13518000 	C:\windows\SYSTEM32\CRYPTSP.dll
0x00007ffe12aa0000 - 0x00007ffe12ad4000 	C:\windows\system32\rsaenh.dll
0x00007ffe13f70000 - 0x00007ffe13f97000 	C:\windows\System32\bcrypt.dll
0x00007ffe13d60000 - 0x00007ffe13d8e000 	C:\windows\SYSTEM32\USERENV.dll
0x00007ffe13520000 - 0x00007ffe1352c000 	C:\windows\SYSTEM32\CRYPTBASE.dll
0x00007ffe12fb0000 - 0x00007ffe12feb000 	C:\windows\SYSTEM32\IPHLPAPI.DLL
0x00007ffe15660000 - 0x00007ffe15668000 	C:\windows\System32\NSI.dll
0x00007ffe0d300000 - 0x00007ffe0d317000 	C:\windows\SYSTEM32\dhcpcsvc6.DLL
0x00007ffe0cec0000 - 0x00007ffe0cedd000 	C:\windows\SYSTEM32\dhcpcsvc.DLL
0x00007ffe13000000 - 0x00007ffe130ca000 	C:\windows\SYSTEM32\DNSAPI.dll
0x00007ffe0d110000 - 0x00007ffe0d11e000 	C:\Users\JPiccione\.p2\pool\plugins\org.eclipse.justj.openjdk.hotspot.jre.full.win32.x86_64_17.0.8.v20230831-1047\jre\bin\sunmscapi.dll
0x00007ffe14330000 - 0x00007ffe1448d000 	C:\windows\System32\CRYPT32.dll
0x00007ffe13620000 - 0x00007ffe13647000 	C:\windows\SYSTEM32\ncrypt.dll
0x00007ffe135e0000 - 0x00007ffe1361b000 	C:\windows\SYSTEM32\NTASN1.dll
0x00007ffe0c4a0000 - 0x00007ffe0c4a9000 	C:\Users\JPiccione\.p2\pool\plugins\org.eclipse.justj.openjdk.hotspot.jre.full.win32.x86_64_17.0.8.v20230831-1047\jre\bin\management.dll
0x00007ffe0b030000 - 0x00007ffe0b03b000 	C:\Users\JPiccione\.p2\pool\plugins\org.eclipse.justj.openjdk.hotspot.jre.full.win32.x86_64_17.0.8.v20230831-1047\jre\bin\management_ext.dll
0x00007ffe15880000 - 0x00007ffe15888000 	C:\windows\System32\PSAPI.DLL
0x00007ffe0ea40000 - 0x00007ffe0ea50000 	C:\Users\JPiccione\.p2\pool\plugins\org.eclipse.justj.openjdk.hotspot.jre.full.win32.x86_64_17.0.8.v20230831-1047\jre\bin\verify.dll
0x00007ffe07e20000 - 0x00007ffe07e2a000 	C:\Windows\System32\rasadhlp.dll
0x00007ffe0d670000 - 0x00007ffe0d6f2000 	C:\windows\System32\fwpuclnt.dll
0x00007ffdf0070000 - 0x00007ffdf0087000 	C:\windows\system32\napinsp.dll
0x00007ffe0aa00000 - 0x00007ffe0aa1b000 	C:\windows\system32\pnrpnsp.dll
0x00007ffe0d150000 - 0x00007ffe0d165000 	C:\windows\system32\wshbth.dll
0x00007ffe0e560000 - 0x00007ffe0e57d000 	C:\windows\system32\NLAapi.dll
0x00007ffdf0090000 - 0x00007ffdf00a2000 	C:\windows\System32\winrnr.dll
0x00007ffddecb0000 - 0x00007ffddecb7000 	C:\windows\system32\wshunix.dll

dbghelp: loaded successfully - version: 4.0.5 - missing functions: none
symbol engine: initialized successfully - sym options: 0x614 - pdb path: .;C:\Users\JPiccione\.p2\pool\plugins\org.eclipse.justj.openjdk.hotspot.jre.full.win32.x86_64_17.0.8.v20230831-1047\jre\bin;C:\windows\SYSTEM32;C:\Program Files\SentinelOne\Sentinel Agent 23.1.4.650;C:\windows\WinSxS\amd64_microsoft.windows.common-controls_6595b64144ccf1df_6.0.19041.3570_none_60bb2a3971f3e41a;C:\Users\JPiccione\.p2\pool\plugins\org.eclipse.justj.openjdk.hotspot.jre.full.win32.x86_64_17.0.8.v20230831-1047\jre\bin\server

VM Arguments:
jvm_args: -Dfile.encoding=UTF-8 -XX:+ShowCodeDetailsInExceptionMessages -agentpath:C:\Program Files\SentinelOne\Sentinel Agent 23.1.4.650\SentinelJava64.dll 
java_command: com.spencer.ItemApp.ItemAppApplication
java_class_path (initial): C:\Users\JPiccione\OneDrive - Spencer Gifts LLC\Documents\ItemApp\target\classes;C:\Users\JPiccione\.m2\repository\org\springframework\boot\spring-boot-starter-data-jpa\3.1.4\spring-boot-starter-data-jpa-3.1.4.jar;C:\Users\JPiccione\.m2\repository\org\springframework\boot\spring-boot-starter-aop\3.1.4\spring-boot-starter-aop-3.1.4.jar;C:\Users\JPiccione\.m2\repository\org\aspectj\aspectjweaver\1.9.20\aspectjweaver-1.9.20.jar;C:\Users\JPiccione\.m2\repository\org\springframework\boot\spring-boot-starter-jdbc\3.1.4\spring-boot-starter-jdbc-3.1.4.jar;C:\Users\JPiccione\.m2\repository\com\zaxxer\HikariCP\5.0.1\HikariCP-5.0.1.jar;C:\Users\JPiccione\.m2\repository\org\springframework\spring-jdbc\6.0.12\spring-jdbc-6.0.12.jar;C:\Users\JPiccione\.m2\repository\org\hibernate\orm\hibernate-core\6.2.9.Final\hibernate-core-6.2.9.Final.jar;C:\Users\JPiccione\.m2\repository\jakarta\persistence\jakarta.persistence-api\3.1.0\jakarta.persistence-api-3.1.0.jar;C:\Users\JPiccione\.m2\repository\jakarta\transaction\jakarta.transaction-api\2.0.1\jakarta.transaction-api-2.0.1.jar;C:\Users\JPiccione\.m2\repository\org\jboss\logging\jboss-logging\3.5.3.Final\jboss-logging-3.5.3.Final.jar;C:\Users\JPiccione\.m2\repository\org\hibernate\common\hibernate-commons-annotations\6.0.6.Final\hibernate-commons-annotations-6.0.6.Final.jar;C:\Users\JPiccione\.m2\repository\io\smallrye\jandex\3.0.5\jandex-3.0.5.jar;C:\Users\JPiccione\.m2\repository\com\fasterxml\classmate\1.5.1\classmate-1.5.1.jar;C:\Users\JPiccione\.m2\repository\net\bytebuddy\byte-buddy\1.14.8\byte-buddy-1.14.8.jar;C:\Users\JPiccione\.m2\repository\org\glassfish\jaxb\jaxb-runtime\4.0.3\jaxb-runtime-4.0.3.jar;C:\Users\JPiccione\.m2\repository\org\glassfish\jaxb\jaxb-core\4.0.3\jaxb-core-4.0.3.jar;C:\Users\JPiccione\.m2\repository\org\eclipse\angus\angus-activation\2.0.1\angus-activation-2.0.1.jar;C:\Users\JPiccione\.m2\repository\org\glassfish\jaxb\txw2\4.0.3\txw2-4.0.3.jar;C:\Users\JPiccione\.m2\repositor
Launcher Type: SUN_STANDARD

[Global flags]
     intx CICompilerCount                          = 3                                         {product} {ergonomic}
     uint ConcGCThreads                            = 1                                         {product} {ergonomic}
     uint G1ConcRefinementThreads                  = 4                                         {product} {ergonomic}
   size_t G1HeapRegionSize                         = 2097152                                   {product} {ergonomic}
    uintx GCDrainStackTargetSize                   = 64                                        {product} {ergonomic}
   size_t InitialHeapSize                          = 264241152                                 {product} {ergonomic}
   size_t MarkStackSize                            = 4194304                                   {product} {ergonomic}
   size_t MaxHeapSize                              = 4215275520                                {product} {ergonomic}
   size_t MaxNewSize                               = 2529165312                                {product} {ergonomic}
   size_t MinHeapDeltaBytes                        = 2097152                                   {product} {ergonomic}
   size_t MinHeapSize                              = 8388608                                   {product} {ergonomic}
    uintx NonNMethodCodeHeapSize                   = 5832780                                {pd product} {ergonomic}
    uintx NonProfiledCodeHeapSize                  = 122912730                              {pd product} {ergonomic}
    uintx ProfiledCodeHeapSize                     = 122912730                              {pd product} {ergonomic}
    uintx ReservedCodeCacheSize                    = 251658240                              {pd product} {ergonomic}
     bool SegmentedCodeCache                       = true                                      {product} {ergonomic}
     bool ShowCodeDetailsInExceptionMessages       = true                                   {manageable} {command line}
   size_t SoftMaxHeapSize                          = 4215275520                             {manageable} {ergonomic}
     bool UseCompressedClassPointers               = true                           {product lp64_product} {ergonomic}
     bool UseCompressedOops                        = true                           {product lp64_product} {ergonomic}
     bool UseG1GC                                  = true                                      {product} {ergonomic}
     bool UseLargePagesIndividualAllocation        = false                                  {pd product} {ergonomic}

Logging:
Log output configuration:
 #0: stdout all=warning uptime,level,tags
 #1: stderr all=off uptime,level,tags

Environment Variables:
PATH=C:/Users/JPiccione/.p2/pool/plugins/org.eclipse.justj.openjdk.hotspot.jre.full.win32.x86_64_17.0.8.v20230831-1047/jre/bin/server;C:/Users/JPiccione/.p2/pool/plugins/org.eclipse.justj.openjdk.hotspot.jre.full.win32.x86_64_17.0.8.v20230831-1047/jre/bin;C:\Program Files\Common Files\Oracle\Java\javapath;C:\Program Files (x86)\Common Files\Oracle\Java\javapath;C:\Program Files\Microsoft\jdk-11.0.16.101-hotspot\bin;C:\Program Files (x86)\Business Objects\Common\3.5\bin\NOTES\;C:\Program Files (x86)\Business Objects\Common\3.5\bin\NOTES\DATA\;C:\windows\system32;C:\windows;C:\windows\System32\Wbem;C:\windows\System32\WindowsPowerShell\v1.0\;C:\windows\System32\OpenSSH\;C:\Program Files (x86)\IBM\Client Access\Emulator;C:\Program Files (x86)\IBM\Client Access\Shared;C:\Program Files (x86)\IBM\Client Access\;C:\Program Files (x86)\HEAT\;C:\Program Files (x86)\Microsoft SQL Server\160\DTS\Binn\;C:\Program Files\Azure Data Studio\bin;C:\Program Files\PuTTY\;C:\Program Files\Git\cmd;C:\Program Files\Microsoft SQL Server\150\Tools\Binn\;C:\Program Files\Microsoft SQL Server\Client SDK\ODBC\170\Tools\Binn\;C:\Program Files\dotnet\;C:\Program Files (x86)\Windows Kits\10\Windows Performance Toolkit\;c:\Program Files (x86)\Microsoft SQL Server\110\Tools\Binn\;c:\Program Files\Microsoft SQL Server\110\Tools\Binn\;c:\Program Files\Microsoft SQL Server\110\DTS\Binn\;C:\Program Files (x86)\Microsoft SQL Server\150\Tools\Binn\;C:\Program Files\Microsoft SQL Server\150\DTS\Binn\;C:\Users\JPiccione\AppData\Local\Microsoft\WindowsApps;C:\Program Files\Azure Data Studio\bin;C:\Users\JPiccione\.dotnet\tools;C:\Users\JPiccione\AppData\Local\Programs\Azure Data Studio\bin;C:\Program Files\JetBrains\IntelliJ IDEA 2023.2\bin;;C:\Users\JPiccione\AppData\Local\GitHubDesktop\bin;C:\windows\system32;
USERNAME=JPiccione
OS=Windows_NT
PROCESSOR_IDENTIFIER=Intel64 Family 6 Model 61 Stepping 4, GenuineIntel
TMP=C:\Users\JPICCI~1\AppData\Local\Temp
TEMP=C:\Users\JPICCI~1\AppData\Local\Temp



---------------  S Y S T E M  ---------------

OS:
 Windows 10 , 64 bit Build 19041 (10.0.19041.3570)
OS uptime: 5 days 16:27 hours

CPU: total 4 (initial active 4) (2 cores per cpu, 2 threads per core) family 6 model 61 stepping 4 microcode 0x2d, cx8, cmov, fxsr, ht, mmx, 3dnowpref, sse, sse2, sse3, ssse3, sse4.1, sse4.2, popcnt, lzcnt, tsc, tscinvbit, avx, avx2, aes, erms, clmul, bmi1, bmi2, rtm, adx, fma, vzeroupper, clflush
Processor Information for all 4 processors :
  Max Mhz: 2594, Current Mhz: 2594, Mhz Limit: 2594

Memory: 4k page, system-wide physical 16079M (6826M free)
TotalPageFile size 18511M (AvailPageFile size 7300M)
current process WorkingSet (physical memory assigned to process): 306M, peak: 336M
current process commit charge ("private bytes"): 321M, peak: 372M

vm_info: OpenJDK 64-Bit Server VM (17.0.8.1+1) for windows-amd64 JRE (17.0.8.1+1), built on Aug 23 2023 15:29:17 by "admin" with MS VC++ 16.7 (VS2019)

END.
