#
# A fatal error has been detected by the Java Runtime Environment:
#
#  EXCEPTION_ACCESS_VIOLATION (0xc0000005) at pc=0x00000287e99de943, pid=14460, tid=16740
#
# JRE version: OpenJDK Runtime Environment Temurin-17.0.8.1+1 (17.0.8.1+1) (build 17.0.8.1+1)
# Java VM: OpenJDK 64-Bit Server VM Temurin-17.0.8.1+1 (17.0.8.1+1, mixed mode, tiered, compressed oops, compressed class ptrs, g1 gc, windows-amd64)
# Problematic frame:
# j  jakarta.servlet.ServletRequestWrapper.setRequest(Ljakarta/servlet/ServletRequest;)V+0
#
# No core dump will be written. Minidumps are not enabled by default on client versions of Windows
#
# If you would like to submit a bug report, please visit:
#   https://github.com/adoptium/adoptium-support/issues
#

---------------  S U M M A R Y ------------

Command Line: -Dfile.encoding=UTF-8 -XX:+ShowCodeDetailsInExceptionMessages -agentpath:C:\Program Files\SentinelOne\Sentinel Agent 23.1.4.650\SentinelJava64.dll com.spencer.ItemApp.ItemAppApplication

Host: Intel(R) Core(TM) i7-5600U CPU @ 2.60GHz, 4 cores, 15G,  Windows 10 , 64 bit Build 19041 (10.0.19041.3393)
Time: Thu Oct  5 15:54:40 2023 Eastern Daylight Time elapsed time: 40.981302 seconds (0d 0h 0m 40s)

---------------  T H R E A D  ---------------

Current thread (0x0000028785e8d1d0):  JavaThread "http-nio-8080-exec-2" daemon [_thread_in_Java, id=16740, stack(0x000000a3bb700000,0x000000a3bb800000)]

Stack: [0x000000a3bb700000,0x000000a3bb800000],  sp=0x000000a3bb7f9708,  free space=997k
Native frames: (J=compiled Java code, j=interpreted, Vv=VM code, C=native code)
C  0x00000287e99de943


siginfo: EXCEPTION_ACCESS_VIOLATION (0xc0000005), writing address 0x00007ffdc49fb3d3


Register to memory mapping:

RIP=0x00000287e99de943 is at code_begin+515 in an Interpreter codelet
fast_aputfield  211 fast_aputfield  [0x00000287e99de740, 0x00000287e99dea20]  736 bytes
RAX=3782611270 is a compressed pointer to object: org.springframework.security.web.servletapi.HttpServlet3RequestFactory$Servlet3SecurityContextHolderAwareRequestWrapper 
{0x000000070bb08a30} - klass: 'org/springframework/security/web/servletapi/HttpServlet3RequestFactory$Servlet3SecurityContextHolderAwareRequestWrapper'
 - ---- fields (total size 5 words):
 - private 'request' 'Ljakarta/servlet/ServletRequest;' @12  a 'org/springframework/security/web/firewall/StrictHttpFirewall$StrictFirewalledRequest'{0x000000070bb086d0} (e17610da)
 - private 'securityContextHolderStrategy' 'Lorg/springframework/security/core/context/SecurityContextHolderStrategy;' @16  a 'org/springframework/security/core/context/ThreadLocalSecurityContextHolderStrategy'{0x0000000707263198} (e0e4c633)
 - private final 'trustResolver' 'Lorg/springframework/security/authentication/AuthenticationTrustResolver;' @20  a 'org/springframework/security/authentication/AuthenticationTrustResolverImpl'{0x0000000707318c18} (e0e63183)
 - private final 'rolePrefix' 'Ljava/lang/String;' @24  "ROLE_"{0x00000007072424b8} (e0e48497)
 - private final 'response' 'Ljakarta/servlet/http/HttpServletResponse;' @28  a 'org/springframework/security/web/firewall/FirewalledResponse'{0x000000070bb086e8} (e17610dd)
 - final synthetic 'this$0' 'Lorg/springframework/security/web/servletapi/HttpServlet3RequestFactory;' @32  a 'org/springframework/security/web/servletapi/HttpServlet3RequestFactory'{0x0000000707318bd0} (e0e6317a)
RBX=0x000000070bb08a30 is an oop: org.springframework.security.web.servletapi.HttpServlet3RequestFactory$Servlet3SecurityContextHolderAwareRequestWrapper 
{0x000000070bb08a30} - klass: 'org/springframework/security/web/servletapi/HttpServlet3RequestFactory$Servlet3SecurityContextHolderAwareRequestWrapper'
 - ---- fields (total size 5 words):
 - private 'request' 'Ljakarta/servlet/ServletRequest;' @12  a 'org/springframework/security/web/firewall/StrictHttpFirewall$StrictFirewalledRequest'{0x000000070bb086d0} (e17610da)
 - private 'securityContextHolderStrategy' 'Lorg/springframework/security/core/context/SecurityContextHolderStrategy;' @16  a 'org/springframework/security/core/context/ThreadLocalSecurityContextHolderStrategy'{0x0000000707263198} (e0e4c633)
 - private final 'trustResolver' 'Lorg/springframework/security/authentication/AuthenticationTrustResolver;' @20  a 'org/springframework/security/authentication/AuthenticationTrustResolverImpl'{0x0000000707318c18} (e0e63183)
 - private final 'rolePrefix' 'Ljava/lang/String;' @24  "ROLE_"{0x00000007072424b8} (e0e48497)
 - private final 'response' 'Ljakarta/servlet/http/HttpServletResponse;' @28  a 'org/springframework/security/web/firewall/FirewalledResponse'{0x000000070bb086e8} (e17610dd)
 - final synthetic 'this$0' 'Lorg/springframework/security/web/servletapi/HttpServlet3RequestFactory;' @32  a 'org/springframework/security/web/servletapi/HttpServlet3RequestFactory'{0x0000000707318bd0} (e0e6317a)
RCX=0x00007ffdc49fb3c7 ntdll.dll
RDX=0x00007ffdc49fb3d3 ntdll.dll
RSP=0x000000a3bb7f9708 is pointing into the stack for thread: 0x0000028785e8d1d0
RBP=0x000000a3bb7f9750 is pointing into the stack for thread: 0x0000028785e8d1d0
RSI=0x000000a3bb7f9ba0 is pointing into the stack for thread: 0x0000028785e8d1d0
RDI=0x0000028785e8d1d0 is a thread
R8 =0x000000a3bb7f9bb0 is pointing into the stack for thread: 0x0000028785e8d1d0
R9 =0x0000000000000001 is an unknown value
R10=0x00007ffd29194d90 jvm.dll
R11=0x000000a3bb7f9948 is pointing into the stack for thread: 0x0000028785e8d1d0
R12=0x0 is NULL
R13=0x0000028783d1ecfe is pointing into metadata
R14=0x000000a3bb7f9768 is pointing into the stack for thread: 0x0000028785e8d1d0
R15=0x0000028785e8d1d0 is a thread


Registers:
RAX=0x00000000e1761146, RBX=0x000000070bb08a30, RCX=0x00007ffdc49fb3c7, RDX=0x00007ffdc49fb3d3
RSP=0x000000a3bb7f9708, RBP=0x000000a3bb7f9750, RSI=0x000000a3bb7f9ba0, RDI=0x0000028785e8d1d0
R8 =0x000000a3bb7f9bb0, R9 =0x0000000000000001, R10=0x00007ffd29194d90, R11=0x000000a3bb7f9948
R12=0x0000000000000000, R13=0x0000028783d1ecfe, R14=0x000000a3bb7f9768, R15=0x0000028785e8d1d0
RIP=0x00000287e99de943, EFLAGS=0x0000000000010202

Top of Stack: (sp=0x000000a3bb7f9708)
0x000000a3bb7f9708:   000000a3bb7f9708 0000028783d1ece8
0x000000a3bb7f9718:   000000a3bb7f9768 0000028783ff8150
0x000000a3bb7f9728:   0000000000000000 000000070722f440
0x000000a3bb7f9738:   0000028783d1ed28 0000000000000000
0x000000a3bb7f9748:   000000a3bb7f9760 000000a3bb7f9940
0x000000a3bb7f9758:   00000287e99c1010 000000070bb08a30
0x000000a3bb7f9768:   00007ffdc49fb3c7 00000287dc450000
0x000000a3bb7f9778:   0000000000000002 000000000000002b
0x000000a3bb7f9788:   0000000000000000 0000fbf4c6e6f0bd
0x000000a3bb7f9798:   0000000000000000 00000002000001e8
0x000000a3bb7f97a8:   00007ffdc1b88f89 0000000000000000
0x000000a3bb7f97b8:   00007ffdc4a207c0 0000000000000000
0x000000a3bb7f97c8:   0000000000000000 0000000000000000
0x000000a3bb7f97d8:   0000000000000000 0000000000000000
0x000000a3bb7f97e8:   0000000000000000 000039cba8d3c353
0x000000a3bb7f97f8:   00007ffdc1b88ed2 0000000000000000 

Instructions: (pc=0x00000287e99de943)
0x00000287e99de843:   00 00 49 8b 5f 40 48 85 db 0f 84 14 00 00 00 48
0x00000287e99de853:   83 eb 08 49 89 5f 40 49 03 5f 50 4c 89 03 e9 43
0x00000287e99de863:   00 00 00 52 49 8b d7 49 8b c8 48 83 ec 20 f7 c4
0x00000287e99de873:   0f 00 00 00 0f 84 1a 00 00 00 48 83 ec 08 49 ba
0x00000287e99de883:   40 41 8d 28 fd 7f 00 00 41 ff d2 48 83 c4 08 e9
0x00000287e99de893:   0d 00 00 00 49 ba 40 41 8d 28 fd 7f 00 00 41 ff
0x00000287e99de8a3:   d2 48 83 c4 20 5a f0 83 44 24 c0 00 e9 41 01 00
0x00000287e99de8b3:   00 48 8d 14 19 41 80 7f 38 00 0f 84 79 00 00 00
0x00000287e99de8c3:   8b 1a 48 c1 e3 03 48 83 fb 00 0f 84 69 00 00 00
0x00000287e99de8d3:   4d 8b 47 20 49 83 f8 00 0f 84 14 00 00 00 49 83
0x00000287e99de8e3:   e8 08 4d 89 47 20 4d 03 47 30 49 89 18 e9 47 00
0x00000287e99de8f3:   00 00 50 52 53 49 8b d7 48 8b cb 48 83 ec 20 f7
0x00000287e99de903:   c4 0f 00 00 00 0f 84 1a 00 00 00 48 83 ec 08 49
0x00000287e99de913:   ba 60 41 8d 28 fd 7f 00 00 41 ff d2 48 83 c4 08
0x00000287e99de923:   e9 0d 00 00 00 49 ba 60 41 8d 28 fd 7f 00 00 41
0x00000287e99de933:   ff d2 48 83 c4 20 5b 5a 58 48 8b d8 48 c1 e8 03
0x00000287e99de943:   89 02 4c 8b c2 4c 33 c3 49 c1 e8 15 0f 84 a0 00
0x00000287e99de953:   00 00 48 83 fb 00 0f 84 96 00 00 00 4c 8b c2 49
0x00000287e99de963:   c1 e8 09 48 bb 00 a0 44 ee 87 02 00 00 4c 03 c3
0x00000287e99de973:   41 80 38 04 0f 84 78 00 00 00 f0 83 44 24 c0 00
0x00000287e99de983:   41 80 38 00 0f 84 68 00 00 00 41 c6 00 00 49 8b
0x00000287e99de993:   5f 40 48 85 db 0f 84 14 00 00 00 48 83 eb 08 49
0x00000287e99de9a3:   89 5f 40 49 03 5f 50 4c 89 03 e9 43 00 00 00 52
0x00000287e99de9b3:   49 8b d7 49 8b c8 48 83 ec 20 f7 c4 0f 00 00 00
0x00000287e99de9c3:   0f 84 1a 00 00 00 48 83 ec 08 49 ba 40 41 8d 28
0x00000287e99de9d3:   fd 7f 00 00 41 ff d2 48 83 c4 08 e9 0d 00 00 00
0x00000287e99de9e3:   49 ba 40 41 8d 28 fd 7f 00 00 41 ff d2 48 83 c4
0x00000287e99de9f3:   20 5a 41 0f b6 5d 03 49 83 c5 03 49 ba 90 55 19
0x00000287e99dea03:   29 fd 7f 00 00 41 ff 24 da 0f 1f 40 00 00 00 00
0x00000287e99dea13:   00 00 00 00 00 00 00 00 00 00 00 00 00 70 f2 f1
0x00000287e99dea23:   28 fd 7f 00 00 80 00 00 00 d4 00 00 00 00 00 00
0x00000287e99dea33:   00 00 00 00 00 00 00 00 00 00 00 00 00 8b 04 24 


Stack slot to memory mapping:
stack at sp + 0 slots: 0x000000a3bb7f9708 is pointing into the stack for thread: 0x0000028785e8d1d0
stack at sp + 1 slots: 0x0000028783d1ece8 is pointing into metadata
stack at sp + 2 slots: 0x000000a3bb7f9768 is pointing into the stack for thread: 0x0000028785e8d1d0
stack at sp + 3 slots: 0x0000028783ff8150 is pointing into metadata
stack at sp + 4 slots: 0x0 is NULL
stack at sp + 5 slots: 0x000000070722f440 is an oop: java.lang.Class 
{0x000000070722f440} - klass: 'java/lang/Class'
 - ---- fields (total size 15 words):
 - private volatile transient 'classRedefinedCount' 'I' @12  0
 - private volatile transient 'cachedConstructor' 'Ljava/lang/reflect/Constructor;' @40  NULL (0)
 - private transient 'name' 'Ljava/lang/String;' @44  "jakarta.servlet.ServletRequestWrapper"{0x000000070722f678} (e0e45ecf)
 - private transient 'module' 'Ljava/lang/Module;' @48  a 'java/lang/Module'{0x0000000704fa7018} (e09f4e03)
 - private final 'classLoader' 'Ljava/lang/ClassLoader;' @52  a 'jdk/internal/loader/ClassLoaders$AppClassLoader'{0x0000000704f99e38} (e09f33c7)
 - private transient 'classData' 'Ljava/lang/Object;' @56  NULL (0)
 - private transient 'packageName' 'Ljava/lang/String;' @60  "jakarta.servlet"{0x0000000705240cf0} (e0a4819e)
 - private final 'componentType' 'Ljava/lang/Class;' @64  NULL (0)
 - private volatile transient 'reflectionData' 'Ljava/lang/ref/SoftReference;' @68  NULL (0)
 - private volatile transient 'genericInfo' 'Lsun/reflect/generics/repository/ClassRepository;' @72  NULL (0)
 - private volatile transient 'enumConstants' '[Ljava/lang/Object;' @76  NULL (0)
 - private volatile transient 'enumConstantDirectory' 'Ljava/util/Map;' @80  NULL (0)
 - private volatile transient 'annotationData' 'Ljava/lang/Class$AnnotationData;' @84  NULL (0)
 - private volatile transient 'annotationType' 'Lsun/reflect/annotation/AnnotationType;' @88  NULL (0)
 - transient 'classValueMap' 'Ljava/lang/ClassValue$ClassValueMap;' @92  NULL (0)
 - signature: Ljakarta/servlet/ServletRequestWrapper;
 - fake entry for mirror: 'jakarta/servlet/ServletRequestWrapper'
 - fake entry for array: NULL
 - fake entry for oop_size: 15
 - fake entry for static_oop_field_count: 2
 - private static final 'LSTRING_FILE' 'Ljava/lang/String;' @112  "jakarta.servlet.LocalStrings"{0x0000000705aa03a0} (e0b54074)
 - private static final 'lStrings' 'Ljava/util/ResourceBundle;' @116  a 'java/util/PropertyResourceBundle'{0x000000070be5f890} (e17cbf12)
stack at sp + 6 slots: {method} {0x0000028783d1ed30} 'setRequest' '(Ljakarta/servlet/ServletRequest;)V' in 'jakarta/servlet/ServletRequestWrapper'
stack at sp + 7 slots: 0x0 is NULL

fast_aputfield  211 fast_aputfield  [0x00000287e99de740, 0x00000287e99dea20]  736 bytes
[MachCode]
  0x00000287e99de740: 5841 0fb7 | 5d01 488b | 4dd0 c1e3 | 028b 54d9 | 3848 8b5c | d930 c1ea | 1583 e201 | 5948 3b01 
  0x00000287e99de760: 85d2 0f84 | 4c01 0000 | 488d 1419 | 4180 7f38 | 000f 8479 | 0000 008b | 1a48 c1e3 | 0348 83fb 
  0x00000287e99de780: 000f 8469 | 0000 004d | 8b47 2049 | 83f8 000f | 8414 0000 | 0049 83e8 | 084d 8947 | 204d 0347 
  0x00000287e99de7a0: 3049 8918 | e947 0000 | 0050 5253 | 498b d748 | 8bcb 4883 | ec20 f7c4 | 0f00 0000 | 0f84 1a00 
  0x00000287e99de7c0: 0000 4883 | ec08 49ba | 6041 8d28 | fd7f 0000 | 41ff d248 | 83c4 08e9 | 0d00 0000 | 49ba 6041 
  0x00000287e99de7e0: 8d28 fd7f | 0000 41ff | d248 83c4 | 205b 5a58 | 488b d848 | c1e8 0389 | 024c 8bc2 | 4c33 c349 
  0x00000287e99de800: c1e8 150f | 84a0 0000 | 0048 83fb | 000f 8496 | 0000 004c | 8bc2 49c1 | e809 48bb | 00a0 44ee 
  0x00000287e99de820: 8702 0000 | 4c03 c341 | 8038 040f | 8478 0000 | 00f0 8344 | 24c0 0041 | 8038 000f | 8468 0000 
  0x00000287e99de840: 0041 c600 | 0049 8b5f | 4048 85db | 0f84 1400 | 0000 4883 | eb08 4989 | 5f40 4903 | 5f50 4c89 
  0x00000287e99de860: 03e9 4300 | 0000 5249 | 8bd7 498b | c848 83ec | 20f7 c40f | 0000 000f | 841a 0000 | 0048 83ec 
  0x00000287e99de880: 0849 ba40 | 418d 28fd | 7f00 0041 | ffd2 4883 | c408 e90d | 0000 0049 | ba40 418d | 28fd 7f00 
  0x00000287e99de8a0: 0041 ffd2 | 4883 c420 | 5af0 8344 | 24c0 00e9 | 4101 0000 | 488d 1419 | 4180 7f38 | 000f 8479 
  0x00000287e99de8c0: 0000 008b | 1a48 c1e3 | 0348 83fb | 000f 8469 | 0000 004d | 8b47 2049 | 83f8 000f | 8414 0000 
  0x00000287e99de8e0: 0049 83e8 | 084d 8947 | 204d 0347 | 3049 8918 | e947 0000 | 0050 5253 | 498b d748 | 8bcb 4883 
  0x00000287e99de900: ec20 f7c4 | 0f00 0000 | 0f84 1a00 | 0000 4883 | ec08 49ba | 6041 8d28 | fd7f 0000 | 41ff d248 
  0x00000287e99de920: 83c4 08e9 | 0d00 0000 | 49ba 6041 | 8d28 fd7f | 0000 41ff | d248 83c4 | 205b 5a58 | 488b d848 
  0x00000287e99de940: c1e8 0389 | 024c 8bc2 | 4c33 c349 | c1e8 150f | 84a0 0000 | 0048 83fb | 000f 8496 | 0000 004c 
  0x00000287e99de960: 8bc2 49c1 | e809 48bb | 00a0 44ee | 8702 0000 | 4c03 c341 | 8038 040f | 8478 0000 | 00f0 8344 
  0x00000287e99de980: 24c0 0041 | 8038 000f | 8468 0000 | 0041 c600 | 0049 8b5f | 4048 85db | 0f84 1400 | 0000 4883 
  0x00000287e99de9a0: eb08 4989 | 5f40 4903 | 5f50 4c89 | 03e9 4300 | 0000 5249 | 8bd7 498b | c848 83ec | 20f7 c40f 
  0x00000287e99de9c0: 0000 000f | 841a 0000 | 0048 83ec | 0849 ba40 | 418d 28fd | 7f00 0041 | ffd2 4883 | c408 e90d 
  0x00000287e99de9e0: 0000 0049 | ba40 418d | 28fd 7f00 | 0041 ffd2 | 4883 c420 | 5a41 0fb6 | 5d03 4983 | c503 49ba 
  0x00000287e99dea00: 9055 1929 | fd7f 0000 | 41ff 24da | 0f1f 4000 | 0000 0000 | 0000 0000 | 0000 0000 | 0000 0000 
[/MachCode]

---------------  P R O C E S S  ---------------

Threads class SMR info:
_java_thread_list=0x0000028786caaa00, length=29, elements={
0x00000287fcf6b9e0, 0x00000287fcf6f640, 0x00000287fcfad010, 0x00000287fcfae8f0,
0x00000287fcfaf1c0, 0x00000287fcfafa90, 0x00000287fcfb4790, 0x00000287fd0250a0,
0x00000287fd02b360, 0x00000287fd141a60, 0x00000287fd1639f0, 0x0000028784bb39b0,
0x0000028785f24ae0, 0x0000028785e8c7b0, 0x0000028785e8dbf0, 0x0000028785e8eb20,
0x0000028785e8fa50, 0x0000028785e8d1d0, 0x0000028785e8e100, 0x0000028785e8c2a0,
0x0000028785e8e610, 0x0000028786f2fa60, 0x0000028786f2f550, 0x0000028786f2f040,
0x0000028786f2e620, 0x0000028786f2d1e0, 0x0000028786f2eb30, 0x0000028786f2ff70,
0x0000028786f30480
}

Java Threads: ( => current thread )
  0x00000287fcf6b9e0 JavaThread "Reference Handler" daemon [_thread_blocked, id=7820, stack(0x000000a3b9d00000,0x000000a3b9e00000)]
  0x00000287fcf6f640 JavaThread "Finalizer" daemon [_thread_blocked, id=7184, stack(0x000000a3b9e00000,0x000000a3b9f00000)]
  0x00000287fcfad010 JavaThread "Signal Dispatcher" daemon [_thread_blocked, id=3748, stack(0x000000a3b9f00000,0x000000a3ba000000)]
  0x00000287fcfae8f0 JavaThread "Attach Listener" daemon [_thread_blocked, id=2496, stack(0x000000a3ba000000,0x000000a3ba100000)]
  0x00000287fcfaf1c0 JavaThread "Service Thread" daemon [_thread_blocked, id=17700, stack(0x000000a3ba100000,0x000000a3ba200000)]
  0x00000287fcfafa90 JavaThread "Monitor Deflation Thread" daemon [_thread_blocked, id=17872, stack(0x000000a3ba200000,0x000000a3ba300000)]
  0x00000287fcfb4790 JavaThread "C2 CompilerThread0" daemon [_thread_in_native, id=13656, stack(0x000000a3ba300000,0x000000a3ba400000)]
  0x00000287fd0250a0 JavaThread "C1 CompilerThread0" daemon [_thread_blocked, id=18212, stack(0x000000a3ba400000,0x000000a3ba500000)]
  0x00000287fd02b360 JavaThread "Sweeper thread" daemon [_thread_blocked, id=12124, stack(0x000000a3ba500000,0x000000a3ba600000)]
  0x00000287fd141a60 JavaThread "Notification Thread" daemon [_thread_blocked, id=4932, stack(0x000000a3ba600000,0x000000a3ba700000)]
  0x00000287fd1639f0 JavaThread "Common-Cleaner" daemon [_thread_blocked, id=1172, stack(0x000000a3ba800000,0x000000a3ba900000)]
  0x0000028784bb39b0 JavaThread "Catalina-utility-1" [_thread_blocked, id=10288, stack(0x000000a3bad00000,0x000000a3bae00000)]
  0x0000028785f24ae0 JavaThread "Catalina-utility-2" [_thread_blocked, id=7524, stack(0x000000a3bae00000,0x000000a3baf00000)]
  0x0000028785e8c7b0 JavaThread "container-0" [_thread_blocked, id=2304, stack(0x000000a3baf00000,0x000000a3bb000000)]
  0x0000028785e8dbf0 JavaThread "mssql-jdbc-shared-timer-core-0" daemon [_thread_blocked, id=7952, stack(0x000000a3bb300000,0x000000a3bb400000)]
  0x0000028785e8eb20 JavaThread "HikariPool-1 housekeeper" daemon [_thread_blocked, id=9720, stack(0x000000a3bb400000,0x000000a3bb500000)]
  0x0000028785e8fa50 JavaThread "http-nio-8080-exec-1" daemon [_thread_blocked, id=15340, stack(0x000000a3bb600000,0x000000a3bb700000)]
=>0x0000028785e8d1d0 JavaThread "http-nio-8080-exec-2" daemon [_thread_in_Java, id=16740, stack(0x000000a3bb700000,0x000000a3bb800000)]
  0x0000028785e8e100 JavaThread "http-nio-8080-exec-3" daemon [_thread_blocked, id=15432, stack(0x000000a3bb800000,0x000000a3bb900000)]
  0x0000028785e8c2a0 JavaThread "http-nio-8080-exec-4" daemon [_thread_blocked, id=4564, stack(0x000000a3bb900000,0x000000a3bba00000)]
  0x0000028785e8e610 JavaThread "http-nio-8080-exec-5" daemon [_thread_blocked, id=14600, stack(0x000000a3bba00000,0x000000a3bbb00000)]
  0x0000028786f2fa60 JavaThread "http-nio-8080-exec-6" daemon [_thread_blocked, id=5360, stack(0x000000a3bbb00000,0x000000a3bbc00000)]
  0x0000028786f2f550 JavaThread "http-nio-8080-exec-7" daemon [_thread_blocked, id=17616, stack(0x000000a3bbc00000,0x000000a3bbd00000)]
  0x0000028786f2f040 JavaThread "http-nio-8080-exec-8" daemon [_thread_blocked, id=1256, stack(0x000000a3bbd00000,0x000000a3bbe00000)]
  0x0000028786f2e620 JavaThread "http-nio-8080-exec-9" daemon [_thread_blocked, id=15276, stack(0x000000a3bbe00000,0x000000a3bbf00000)]
  0x0000028786f2d1e0 JavaThread "http-nio-8080-exec-10" daemon [_thread_blocked, id=1036, stack(0x000000a3bbf00000,0x000000a3bc000000)]
  0x0000028786f2eb30 JavaThread "http-nio-8080-Poller" daemon [_thread_in_native, id=8184, stack(0x000000a3bc000000,0x000000a3bc100000)]
  0x0000028786f2ff70 JavaThread "http-nio-8080-Acceptor" daemon [_thread_in_native, id=11396, stack(0x000000a3bc100000,0x000000a3bc200000)]
  0x0000028786f30480 JavaThread "DestroyJavaVM" [_thread_blocked, id=15228, stack(0x000000a3b9600000,0x000000a3b9700000)]

Other Threads:
  0x00000287fcf64370 VMThread "VM Thread" [stack: 0x000000a3b9c00000,0x000000a3b9d00000] [id=3700]
  0x00000287fd145f60 WatcherThread [stack: 0x000000a3ba700000,0x000000a3ba800000] [id=11856]
  0x00000287dee8db30 GCTaskThread "GC Thread#0" [stack: 0x000000a3b9700000,0x000000a3b9800000] [id=6620]
  0x00000287fe0fb1d0 GCTaskThread "GC Thread#1" [stack: 0x000000a3baa00000,0x000000a3bab00000] [id=17680]
  0x00000287fdfc2c20 GCTaskThread "GC Thread#2" [stack: 0x000000a3bab00000,0x000000a3bac00000] [id=6184]
  0x00000287fdfc2ee0 GCTaskThread "GC Thread#3" [stack: 0x000000a3bac00000,0x000000a3bad00000] [id=7500]
  0x00000287dee8e860 ConcurrentGCThread "G1 Main Marker" [stack: 0x000000a3b9800000,0x000000a3b9900000] [id=3388]
  0x00000287fa9e0fb0 ConcurrentGCThread "G1 Conc#0" [stack: 0x000000a3b9900000,0x000000a3b9a00000] [id=17024]
  0x00000287faa866f0 ConcurrentGCThread "G1 Refine#0" [stack: 0x000000a3b9a00000,0x000000a3b9b00000] [id=14328]
  0x0000028785f260a0 ConcurrentGCThread "G1 Refine#1" [stack: 0x000000a3bb000000,0x000000a3bb100000] [id=10916]
  0x0000028785e90660 ConcurrentGCThread "G1 Refine#2" [stack: 0x000000a3bb100000,0x000000a3bb200000] [id=18404]
  0x00000287faa87d70 ConcurrentGCThread "G1 Service" [stack: 0x000000a3b9b00000,0x000000a3b9c00000] [id=17068]

Threads with active compile tasks:
C2 CompilerThread0    41097 6498       4       org.eclipse.jdt.internal.compiler.lookup.BinaryTypeBinding::createMethod (1719 bytes)

VM state: not at safepoint (normal execution)

VM Mutex/Monitor currently owned by a thread: None

Heap address: 0x0000000704c00000, size: 4020 MB, Compressed Oops mode: Zero based, Oop shift amount: 3

CDS archive(s) not mapped
Compressed class space mapped at: 0x0000000800000000-0x0000000840000000, reserved size: 1073741824
Narrow klass base: 0x0000000800000000, Narrow klass shift: 0, Narrow klass range: 0x40000000

GC Precious Log:
 CPUs: 4 total, 4 available
 Memory: 16079M
 Large Page Support: Disabled
 NUMA Support: Disabled
 Compressed Oops: Enabled (Zero based)
 Heap Region Size: 2M
 Heap Min Capacity: 8M
 Heap Initial Capacity: 252M
 Heap Max Capacity: 4020M
 Pre-touch: Disabled
 Parallel Workers: 4
 Concurrent Workers: 1
 Concurrent Refinement Workers: 4
 Periodic GC: Disabled

Heap:
 garbage-first heap   total 139264K, used 98067K [0x0000000704c00000, 0x0000000800000000)
  region size 2048K, 37 young (75776K), 2 survivors (4096K)
 Metaspace       used 83918K, committed 84544K, reserved 1179648K
  class space    used 10370K, committed 10688K, reserved 1048576K

Heap Regions: E=young(eden), S=young(survivor), O=old, HS=humongous(starts), HC=humongous(continues), CS=collection set, F=free, OA=open archive, CA=closed archive, TAMS=top-at-mark-start (previous, next)
|   0|0x0000000704c00000, 0x0000000704e00000, 0x0000000704e00000|100%| O|  |TAMS 0x0000000704e00000, 0x0000000704c00000| Untracked 
|   1|0x0000000704e00000, 0x0000000705000000, 0x0000000705000000|100%| O|  |TAMS 0x0000000705000000, 0x0000000704e00000| Untracked 
|   2|0x0000000705000000, 0x0000000705200000, 0x0000000705200000|100%| O|  |TAMS 0x0000000705200000, 0x0000000705000000| Untracked 
|   3|0x0000000705200000, 0x0000000705400000, 0x0000000705400000|100%| O|  |TAMS 0x0000000705400000, 0x0000000705200000| Untracked 
|   4|0x0000000705400000, 0x0000000705600000, 0x0000000705600000|100%| O|  |TAMS 0x0000000705600000, 0x0000000705400000| Untracked 
|   5|0x0000000705600000, 0x0000000705800000, 0x0000000705800000|100%| O|  |TAMS 0x0000000705800000, 0x0000000705600000| Untracked 
|   6|0x0000000705800000, 0x0000000705a00000, 0x0000000705a00000|100%| O|  |TAMS 0x0000000705a00000, 0x0000000705800000| Untracked 
|   7|0x0000000705a00000, 0x0000000705c00000, 0x0000000705c00000|100%| O|  |TAMS 0x0000000705c00000, 0x0000000705a00000| Untracked 
|   8|0x0000000705c00000, 0x0000000705e00000, 0x0000000705e00000|100%| O|  |TAMS 0x0000000705e00000, 0x0000000705c00000| Untracked 
|   9|0x0000000705e00000, 0x0000000706000000, 0x0000000706000000|100%| O|  |TAMS 0x0000000706000000, 0x0000000705e00000| Untracked 
|  10|0x0000000706000000, 0x0000000706000000, 0x0000000706200000|  0%| F|  |TAMS 0x0000000706000000, 0x0000000706000000| Untracked 
|  11|0x0000000706200000, 0x0000000706400000, 0x0000000706400000|100%| O|  |TAMS 0x00000007062a1e00, 0x0000000706200000| Untracked 
|  12|0x0000000706400000, 0x0000000706600000, 0x0000000706600000|100%| O|  |TAMS 0x0000000706400000, 0x0000000706400000| Untracked 
|  13|0x0000000706600000, 0x0000000706789800, 0x0000000706800000| 76%| O|  |TAMS 0x0000000706600000, 0x0000000706600000| Untracked 
|  14|0x0000000706800000, 0x0000000706800000, 0x0000000706a00000|  0%| F|  |TAMS 0x0000000706800000, 0x0000000706800000| Untracked 
|  15|0x0000000706a00000, 0x0000000706a00000, 0x0000000706c00000|  0%| F|  |TAMS 0x0000000706a00000, 0x0000000706a00000| Untracked 
|  16|0x0000000706c00000, 0x0000000706c00000, 0x0000000706e00000|  0%| F|  |TAMS 0x0000000706c00000, 0x0000000706c00000| Untracked 
|  17|0x0000000706e00000, 0x0000000706e00000, 0x0000000707000000|  0%| F|  |TAMS 0x0000000706e00000, 0x0000000706e00000| Untracked 
|  18|0x0000000707000000, 0x000000070703b448, 0x0000000707200000| 11%| S|CS|TAMS 0x0000000707000000, 0x0000000707000000| Complete 
|  19|0x0000000707200000, 0x0000000707400000, 0x0000000707400000|100%| S|CS|TAMS 0x0000000707200000, 0x0000000707200000| Complete 
|  20|0x0000000707400000, 0x0000000707400000, 0x0000000707600000|  0%| F|  |TAMS 0x0000000707400000, 0x0000000707400000| Untracked 
|  21|0x0000000707600000, 0x0000000707600000, 0x0000000707800000|  0%| F|  |TAMS 0x0000000707600000, 0x0000000707600000| Untracked 
|  22|0x0000000707800000, 0x0000000707800000, 0x0000000707a00000|  0%| F|  |TAMS 0x0000000707800000, 0x0000000707800000| Untracked 
|  23|0x0000000707a00000, 0x0000000707a00000, 0x0000000707c00000|  0%| F|  |TAMS 0x0000000707a00000, 0x0000000707a00000| Untracked 
|  24|0x0000000707c00000, 0x0000000707c00000, 0x0000000707e00000|  0%| F|  |TAMS 0x0000000707c00000, 0x0000000707c00000| Untracked 
|  25|0x0000000707e00000, 0x0000000707e00000, 0x0000000708000000|  0%| F|  |TAMS 0x0000000707e00000, 0x0000000707e00000| Untracked 
|  26|0x0000000708000000, 0x0000000708000000, 0x0000000708200000|  0%| F|  |TAMS 0x0000000708000000, 0x0000000708000000| Untracked 
|  27|0x0000000708200000, 0x0000000708200000, 0x0000000708400000|  0%| F|  |TAMS 0x0000000708200000, 0x0000000708200000| Untracked 
|  28|0x0000000708400000, 0x0000000708400000, 0x0000000708600000|  0%| F|  |TAMS 0x0000000708400000, 0x0000000708400000| Untracked 
|  29|0x0000000708600000, 0x0000000708600000, 0x0000000708800000|  0%| F|  |TAMS 0x0000000708600000, 0x0000000708600000| Untracked 
|  30|0x0000000708800000, 0x0000000708800000, 0x0000000708a00000|  0%| F|  |TAMS 0x0000000708800000, 0x0000000708800000| Untracked 
|  31|0x0000000708a00000, 0x0000000708a00000, 0x0000000708c00000|  0%| F|  |TAMS 0x0000000708a00000, 0x0000000708a00000| Untracked 
|  32|0x0000000708c00000, 0x0000000708c00000, 0x0000000708e00000|  0%| F|  |TAMS 0x0000000708c00000, 0x0000000708c00000| Untracked 
|  33|0x0000000708e00000, 0x0000000708fdfea0, 0x0000000709000000| 93%| E|  |TAMS 0x0000000708e00000, 0x0000000708e00000| Complete 
|  34|0x0000000709000000, 0x0000000709200000, 0x0000000709200000|100%| E|CS|TAMS 0x0000000709000000, 0x0000000709000000| Complete 
|  35|0x0000000709200000, 0x0000000709400000, 0x0000000709400000|100%| E|CS|TAMS 0x0000000709200000, 0x0000000709200000| Complete 
|  36|0x0000000709400000, 0x0000000709600000, 0x0000000709600000|100%| E|CS|TAMS 0x0000000709400000, 0x0000000709400000| Complete 
|  37|0x0000000709600000, 0x0000000709800000, 0x0000000709800000|100%| E|CS|TAMS 0x0000000709600000, 0x0000000709600000| Complete 
|  38|0x0000000709800000, 0x0000000709a00000, 0x0000000709a00000|100%| E|CS|TAMS 0x0000000709800000, 0x0000000709800000| Complete 
|  39|0x0000000709a00000, 0x0000000709c00000, 0x0000000709c00000|100%| E|CS|TAMS 0x0000000709a00000, 0x0000000709a00000| Complete 
|  40|0x0000000709c00000, 0x0000000709e00000, 0x0000000709e00000|100%| E|CS|TAMS 0x0000000709c00000, 0x0000000709c00000| Complete 
|  41|0x0000000709e00000, 0x000000070a000000, 0x000000070a000000|100%| E|CS|TAMS 0x0000000709e00000, 0x0000000709e00000| Complete 
|  42|0x000000070a000000, 0x000000070a200000, 0x000000070a200000|100%| E|CS|TAMS 0x000000070a000000, 0x000000070a000000| Complete 
|  43|0x000000070a200000, 0x000000070a400000, 0x000000070a400000|100%| E|CS|TAMS 0x000000070a200000, 0x000000070a200000| Complete 
|  44|0x000000070a400000, 0x000000070a600000, 0x000000070a600000|100%| E|CS|TAMS 0x000000070a400000, 0x000000070a400000| Complete 
|  45|0x000000070a600000, 0x000000070a800000, 0x000000070a800000|100%| E|CS|TAMS 0x000000070a600000, 0x000000070a600000| Complete 
|  46|0x000000070a800000, 0x000000070aa00000, 0x000000070aa00000|100%| E|CS|TAMS 0x000000070a800000, 0x000000070a800000| Complete 
|  47|0x000000070aa00000, 0x000000070ac00000, 0x000000070ac00000|100%| E|CS|TAMS 0x000000070aa00000, 0x000000070aa00000| Complete 
|  48|0x000000070ac00000, 0x000000070ae00000, 0x000000070ae00000|100%| E|CS|TAMS 0x000000070ac00000, 0x000000070ac00000| Complete 
|  49|0x000000070ae00000, 0x000000070b000000, 0x000000070b000000|100%| E|CS|TAMS 0x000000070ae00000, 0x000000070ae00000| Complete 
|  50|0x000000070b000000, 0x000000070b200000, 0x000000070b200000|100%| E|CS|TAMS 0x000000070b000000, 0x000000070b000000| Complete 
|  51|0x000000070b200000, 0x000000070b400000, 0x000000070b400000|100%| E|CS|TAMS 0x000000070b200000, 0x000000070b200000| Complete 
|  52|0x000000070b400000, 0x000000070b600000, 0x000000070b600000|100%| E|CS|TAMS 0x000000070b400000, 0x000000070b400000| Complete 
|  53|0x000000070b600000, 0x000000070b800000, 0x000000070b800000|100%| E|CS|TAMS 0x000000070b600000, 0x000000070b600000| Complete 
|  54|0x000000070b800000, 0x000000070ba00000, 0x000000070ba00000|100%| E|CS|TAMS 0x000000070b800000, 0x000000070b800000| Complete 
|  55|0x000000070ba00000, 0x000000070bc00000, 0x000000070bc00000|100%| E|CS|TAMS 0x000000070ba00000, 0x000000070ba00000| Complete 
|  56|0x000000070bc00000, 0x000000070be00000, 0x000000070be00000|100%| E|CS|TAMS 0x000000070bc00000, 0x000000070bc00000| Complete 
|  57|0x000000070be00000, 0x000000070c000000, 0x000000070c000000|100%| E|CS|TAMS 0x000000070be00000, 0x000000070be00000| Complete 
|  58|0x000000070c000000, 0x000000070c200000, 0x000000070c200000|100%| E|CS|TAMS 0x000000070c000000, 0x000000070c000000| Complete 
|  59|0x000000070c200000, 0x000000070c400000, 0x000000070c400000|100%| E|CS|TAMS 0x000000070c200000, 0x000000070c200000| Complete 
|  60|0x000000070c400000, 0x000000070c600000, 0x000000070c600000|100%| E|CS|TAMS 0x000000070c400000, 0x000000070c400000| Complete 
|  61|0x000000070c600000, 0x000000070c800000, 0x000000070c800000|100%| E|CS|TAMS 0x000000070c600000, 0x000000070c600000| Complete 
|  62|0x000000070c800000, 0x000000070ca00000, 0x000000070ca00000|100%| E|CS|TAMS 0x000000070c800000, 0x000000070c800000| Complete 
|  63|0x000000070ca00000, 0x000000070cc00000, 0x000000070cc00000|100%| E|CS|TAMS 0x000000070ca00000, 0x000000070ca00000| Complete 
|  64|0x000000070cc00000, 0x000000070ce00000, 0x000000070ce00000|100%| E|CS|TAMS 0x000000070cc00000, 0x000000070cc00000| Complete 
|  65|0x000000070ce00000, 0x000000070d000000, 0x000000070d000000|100%| E|CS|TAMS 0x000000070ce00000, 0x000000070ce00000| Complete 
|  66|0x000000070d000000, 0x000000070d200000, 0x000000070d200000|100%| E|CS|TAMS 0x000000070d000000, 0x000000070d000000| Complete 
| 125|0x0000000714600000, 0x0000000714800000, 0x0000000714800000|100%| E|CS|TAMS 0x0000000714600000, 0x0000000714600000| Complete 

Card table byte_map: [0x00000287f1c70000,0x00000287f2450000] _byte_map_base: 0x00000287ee44a000

Marking Bits (Prev, Next): (CMBitMap*) 0x00000287dee8df60, (CMBitMap*) 0x00000287dee8dfa0
 Prev Bits: [0x00000287f2c30000, 0x00000287f6b00000)
 Next Bits: [0x00000287f6b00000, 0x00000287fa9d0000)

Polling page: 0x00000287dc630000

Metaspace:

Usage:
  Non-class:     71.82 MB used.
      Class:     10.13 MB used.
       Both:     81.95 MB used.

Virtual space:
  Non-class space:      128.00 MB reserved,      72.12 MB ( 56%) committed,  2 nodes.
      Class space:        1.00 GB reserved,      10.44 MB (  1%) committed,  1 nodes.
             Both:        1.12 GB reserved,      82.56 MB (  7%) committed. 

Chunk freelists:
   Non-Class:  7.06 MB
       Class:  5.62 MB
        Both:  12.69 MB

MaxMetaspaceSize: unlimited
CompressedClassSpaceSize: 1.00 GB
Initial GC threshold: 21.00 MB
Current GC threshold: 107.44 MB
CDS: off
MetaspaceReclaimPolicy: balanced
 - commit_granule_bytes: 65536.
 - commit_granule_words: 8192.
 - virtual_space_node_default_size: 8388608.
 - enlarge_chunks_in_place: 1.
 - new_chunks_are_fully_committed: 0.
 - uncommit_free_chunks: 1.
 - use_allocation_guard: 0.
 - handle_deallocations: 1.


Internal statistics:

num_allocs_failed_limit: 12.
num_arena_births: 844.
num_arena_deaths: 0.
num_vsnodes_births: 3.
num_vsnodes_deaths: 0.
num_space_committed: 1321.
num_space_uncommitted: 0.
num_chunks_returned_to_freelist: 12.
num_chunks_taken_from_freelist: 3372.
num_chunk_merges: 9.
num_chunk_splits: 2495.
num_chunks_enlarged: 1962.
num_inconsistent_stats: 0.

CodeHeap 'non-profiled nmethods': size=120000Kb used=4434Kb max_used=4434Kb free=115565Kb
 bounds [0x00000287e9f60000, 0x00000287ea3c0000, 0x00000287f1490000]
CodeHeap 'profiled nmethods': size=120000Kb used=12444Kb max_used=12444Kb free=107555Kb
 bounds [0x00000287e2490000, 0x00000287e30c0000, 0x00000287e99c0000]
CodeHeap 'non-nmethods': size=5760Kb used=1396Kb max_used=1438Kb free=4363Kb
 bounds [0x00000287e99c0000, 0x00000287e9c30000, 0x00000287e9f60000]
 total_blobs=6548 nmethods=5812 adapters=648
 compilation: enabled
              stopped_count=0, restarted_count=0
 full_count=0

Compilation events (20 events):
Event: 40.956 Thread 0x00000287fd0250a0 6564       3       org.apache.jasper.compiler.SmapUtil$SDEInstaller::readU1 (21 bytes)
Event: 40.956 Thread 0x00000287fd0250a0 nmethod 6564 0x00000287e30b3190 code [0x00000287e30b3320, 0x00000287e30b3478]
Event: 40.956 Thread 0x00000287fd0250a0 6566       3       org.apache.jasper.compiler.SmapUtil$SDEInstaller::readBytes (38 bytes)
Event: 40.957 Thread 0x00000287fd0250a0 nmethod 6566 0x00000287e30b3590 code [0x00000287e30b3740, 0x00000287e30b39f8]
Event: 40.957 Thread 0x00000287fd0250a0 6567       3       org.apache.jasper.compiler.SmapUtil$SDEInstaller::writeBytes (45 bytes)
Event: 40.957 Thread 0x00000287fd0250a0 nmethod 6567 0x00000287e30b3b10 code [0x00000287e30b3cc0, 0x00000287e30b3ed8]
Event: 40.957 Thread 0x00000287fd0250a0 6563       1       java.util.logging.LogManager$LoggerWeakRef::setParentRef (6 bytes)
Event: 40.957 Thread 0x00000287fd0250a0 nmethod 6563 0x00000287ea3b4810 code [0x00000287ea3b49a0, 0x00000287ea3b4ab8]
Event: 40.957 Thread 0x00000287fd0250a0 6569       3       java.nio.charset.Charset::lookup (44 bytes)
Event: 40.957 Thread 0x00000287fd0250a0 nmethod 6569 0x00000287e30b4010 code [0x00000287e30b4200, 0x00000287e30b4668]
Event: 40.957 Thread 0x00000287fd0250a0 6571       3       org.apache.jasper.compiler.SmapUtil$SDEInstaller::copy (46 bytes)
Event: 40.957 Thread 0x00000287fd0250a0 nmethod 6571 0x00000287e30b4810 code [0x00000287e30b49c0, 0x00000287e30b4bf8]
Event: 40.957 Thread 0x00000287fd0250a0 6570       3       org.apache.jasper.compiler.SmapUtil$SDEInstaller::writeU2 (18 bytes)
Event: 40.958 Thread 0x00000287fd0250a0 nmethod 6570 0x00000287e30b4d90 code [0x00000287e30b4f40, 0x00000287e30b50f8]
Event: 40.958 Thread 0x00000287fd0250a0 6568       3       java.nio.charset.Charset::forName (20 bytes)
Event: 40.958 Thread 0x00000287fd0250a0 nmethod 6568 0x00000287e30b5210 code [0x00000287e30b53c0, 0x00000287e30b55d8]
Event: 40.970 Thread 0x00000287fd0250a0 6572       2       java.lang.ClassLoader::findLoadedClass (15 bytes)
Event: 40.971 Thread 0x00000287fd0250a0 nmethod 6572 0x00000287e30b5690 code [0x00000287e30b5840, 0x00000287e30b59d8]
Event: 40.971 Thread 0x00000287fd0250a0 6573       3       org.apache.catalina.core.DefaultInstanceManager::findLifecycleCallback (110 bytes)
Event: 40.973 Thread 0x00000287fd0250a0 nmethod 6573 0x00000287e30b5a90 code [0x00000287e30b5dc0, 0x00000287e30b7258]

GC Heap History (20 events):
Event: 5.464 GC heap before
{Heap before GC invocations=10 (full 0):
 garbage-first heap   total 149504K, used 38550K [0x0000000704c00000, 0x0000000800000000)
  region size 2048K, 14 young (28672K), 1 survivors (2048K)
 Metaspace       used 35553K, committed 35968K, reserved 1114112K
  class space    used 4157K, committed 4352K, reserved 1048576K
}
Event: 5.474 GC heap after
{Heap after GC invocations=11 (full 0):
 garbage-first heap   total 149504K, used 16791K [0x0000000704c00000, 0x0000000800000000)
  region size 2048K, 3 young (6144K), 3 survivors (6144K)
 Metaspace       used 35553K, committed 35968K, reserved 1114112K
  class space    used 4157K, committed 4352K, reserved 1048576K
}
Event: 6.661 GC heap before
{Heap before GC invocations=12 (full 0):
 garbage-first heap   total 69632K, used 51607K [0x0000000704c00000, 0x0000000800000000)
  region size 2048K, 20 young (40960K), 3 survivors (6144K)
 Metaspace       used 41664K, committed 42048K, reserved 1114112K
  class space    used 4852K, committed 5056K, reserved 1048576K
}
Event: 6.670 GC heap after
{Heap after GC invocations=13 (full 0):
 garbage-first heap   total 69632K, used 19581K [0x0000000704c00000, 0x0000000800000000)
  region size 2048K, 3 young (6144K), 3 survivors (6144K)
 Metaspace       used 41664K, committed 42048K, reserved 1114112K
  class space    used 4852K, committed 5056K, reserved 1048576K
}
Event: 6.748 GC heap before
{Heap before GC invocations=13 (full 0):
 garbage-first heap   total 69632K, used 19581K [0x0000000704c00000, 0x0000000800000000)
  region size 2048K, 4 young (8192K), 3 survivors (6144K)
 Metaspace       used 42042K, committed 42496K, reserved 1114112K
  class space    used 4902K, committed 5120K, reserved 1048576K
}
Event: 6.758 GC heap after
{Heap after GC invocations=14 (full 0):
 garbage-first heap   total 69632K, used 19931K [0x0000000704c00000, 0x0000000800000000)
  region size 2048K, 1 young (2048K), 1 survivors (2048K)
 Metaspace       used 42042K, committed 42496K, reserved 1114112K
  class space    used 4902K, committed 5120K, reserved 1048576K
}
Event: 7.922 GC heap before
{Heap before GC invocations=14 (full 0):
 garbage-first heap   total 69632K, used 46555K [0x0000000704c00000, 0x0000000800000000)
  region size 2048K, 15 young (30720K), 1 survivors (2048K)
 Metaspace       used 51241K, committed 51648K, reserved 1114112K
  class space    used 6129K, committed 6336K, reserved 1048576K
}
Event: 7.925 GC heap after
{Heap after GC invocations=15 (full 0):
 garbage-first heap   total 69632K, used 20966K [0x0000000704c00000, 0x0000000800000000)
  region size 2048K, 1 young (2048K), 1 survivors (2048K)
 Metaspace       used 51241K, committed 51648K, reserved 1114112K
  class space    used 6129K, committed 6336K, reserved 1048576K
}
Event: 9.045 GC heap before
{Heap before GC invocations=15 (full 0):
 garbage-first heap   total 69632K, used 49638K [0x0000000704c00000, 0x0000000800000000)
  region size 2048K, 16 young (32768K), 1 survivors (2048K)
 Metaspace       used 57693K, committed 58112K, reserved 1114112K
  class space    used 6972K, committed 7168K, reserved 1048576K
}
Event: 9.051 GC heap after
{Heap after GC invocations=16 (full 0):
 garbage-first heap   total 69632K, used 23282K [0x0000000704c00000, 0x0000000800000000)
  region size 2048K, 2 young (4096K), 2 survivors (4096K)
 Metaspace       used 57693K, committed 58112K, reserved 1114112K
  class space    used 6972K, committed 7168K, reserved 1048576K
}
Event: 9.188 GC heap before
{Heap before GC invocations=16 (full 0):
 garbage-first heap   total 69632K, used 27378K [0x0000000704c00000, 0x0000000800000000)
  region size 2048K, 5 young (10240K), 2 survivors (4096K)
 Metaspace       used 59765K, committed 60160K, reserved 1114112K
  class space    used 7300K, committed 7488K, reserved 1048576K
}
Event: 9.193 GC heap after
{Heap after GC invocations=17 (full 0):
 garbage-first heap   total 69632K, used 23988K [0x0000000704c00000, 0x0000000800000000)
  region size 2048K, 1 young (2048K), 1 survivors (2048K)
 Metaspace       used 59765K, committed 60160K, reserved 1114112K
  class space    used 7300K, committed 7488K, reserved 1048576K
}
Event: 10.123 GC heap before
{Heap before GC invocations=18 (full 0):
 garbage-first heap   total 69632K, used 52660K [0x0000000704c00000, 0x0000000800000000)
  region size 2048K, 15 young (30720K), 1 survivors (2048K)
 Metaspace       used 65225K, committed 65728K, reserved 1114112K
  class space    used 8283K, committed 8512K, reserved 1048576K
}
Event: 10.127 GC heap after
{Heap after GC invocations=19 (full 0):
 garbage-first heap   total 69632K, used 24592K [0x0000000704c00000, 0x0000000800000000)
  region size 2048K, 1 young (2048K), 1 survivors (2048K)
 Metaspace       used 65225K, committed 65728K, reserved 1114112K
  class space    used 8283K, committed 8512K, reserved 1048576K
}
Event: 11.082 GC heap before
{Heap before GC invocations=20 (full 0):
 garbage-first heap   total 69632K, used 53264K [0x0000000704c00000, 0x0000000800000000)
  region size 2048K, 15 young (30720K), 1 survivors (2048K)
 Metaspace       used 69009K, committed 69504K, reserved 1114112K
  class space    used 8758K, committed 8960K, reserved 1048576K
}
Event: 11.093 GC heap after
{Heap after GC invocations=21 (full 0):
 garbage-first heap   total 69632K, used 26511K [0x0000000704c00000, 0x0000000800000000)
  region size 2048K, 2 young (4096K), 2 survivors (4096K)
 Metaspace       used 69009K, committed 69504K, reserved 1114112K
  class space    used 8758K, committed 8960K, reserved 1048576K
}
Event: 11.108 GC heap before
{Heap before GC invocations=21 (full 0):
 garbage-first heap   total 69632K, used 28559K [0x0000000704c00000, 0x0000000800000000)
  region size 2048K, 3 young (6144K), 2 survivors (4096K)
 Metaspace       used 69010K, committed 69504K, reserved 1114112K
  class space    used 8758K, committed 8960K, reserved 1048576K
}
Event: 11.114 GC heap after
{Heap after GC invocations=22 (full 0):
 garbage-first heap   total 69632K, used 26418K [0x0000000704c00000, 0x0000000800000000)
  region size 2048K, 1 young (2048K), 1 survivors (2048K)
 Metaspace       used 69010K, committed 69504K, reserved 1114112K
  class space    used 8758K, committed 8960K, reserved 1048576K
}
Event: 11.969 GC heap before
{Heap before GC invocations=22 (full 0):
 garbage-first heap   total 69632K, used 53042K [0x0000000704c00000, 0x0000000800000000)
  region size 2048K, 14 young (28672K), 1 survivors (2048K)
 Metaspace       used 72179K, committed 72768K, reserved 1114112K
  class space    used 9247K, committed 9536K, reserved 1048576K
}
Event: 11.977 GC heap after
{Heap after GC invocations=23 (full 0):
 garbage-first heap   total 139264K, used 28435K [0x0000000704c00000, 0x0000000800000000)
  region size 2048K, 2 young (4096K), 2 survivors (4096K)
 Metaspace       used 72179K, committed 72768K, reserved 1114112K
  class space    used 9247K, committed 9536K, reserved 1048576K
}

Dll operation events (9 events):
Event: 0.025 Loaded shared library C:\Users\JPiccione\.p2\pool\plugins\org.eclipse.justj.openjdk.hotspot.jre.full.win32.x86_64_17.0.8.v20230831-1047\jre\bin\java.dll
Event: 0.323 Loaded shared library C:\Users\JPiccione\.p2\pool\plugins\org.eclipse.justj.openjdk.hotspot.jre.full.win32.x86_64_17.0.8.v20230831-1047\jre\bin\jimage.dll
Event: 0.349 Loaded shared library C:\Users\JPiccione\.p2\pool\plugins\org.eclipse.justj.openjdk.hotspot.jre.full.win32.x86_64_17.0.8.v20230831-1047\jre\bin\net.dll
Event: 0.352 Loaded shared library C:\Users\JPiccione\.p2\pool\plugins\org.eclipse.justj.openjdk.hotspot.jre.full.win32.x86_64_17.0.8.v20230831-1047\jre\bin\nio.dll
Event: 0.359 Loaded shared library C:\Users\JPiccione\.p2\pool\plugins\org.eclipse.justj.openjdk.hotspot.jre.full.win32.x86_64_17.0.8.v20230831-1047\jre\bin\zip.dll
Event: 5.574 Loaded shared library C:\Users\JPiccione\.p2\pool\plugins\org.eclipse.justj.openjdk.hotspot.jre.full.win32.x86_64_17.0.8.v20230831-1047\jre\bin\sunmscapi.dll
Event: 5.583 Loaded shared library C:\Users\JPiccione\.p2\pool\plugins\org.eclipse.justj.openjdk.hotspot.jre.full.win32.x86_64_17.0.8.v20230831-1047\jre\bin\management.dll
Event: 5.588 Loaded shared library C:\Users\JPiccione\.p2\pool\plugins\org.eclipse.justj.openjdk.hotspot.jre.full.win32.x86_64_17.0.8.v20230831-1047\jre\bin\management_ext.dll
Event: 7.099 Loaded shared library C:\Users\JPiccione\.p2\pool\plugins\org.eclipse.justj.openjdk.hotspot.jre.full.win32.x86_64_17.0.8.v20230831-1047\jre\bin\verify.dll

Deoptimization events (20 events):
Event: 40.481 Thread 0x0000028785e8d1d0 Uncommon trap: trap_request=0xffffff45 fr.pc=0x00000287ea1d5dfc relative=0x000000000000261c
Event: 40.481 Thread 0x0000028785e8d1d0 Uncommon trap: reason=unstable_if action=reinterpret pc=0x00000287ea1d5dfc method=jdk.internal.loader.URLClassPath$FileLoader.getResource(Ljava/lang/String;Z)Ljdk/internal/loader/Resource; @ 50 c2
Event: 40.481 Thread 0x0000028785e8d1d0 DEOPT PACKING pc=0x00000287ea1d5dfc sp=0x000000a3bb7f9a40
Event: 40.481 Thread 0x0000028785e8d1d0 DEOPT UNPACKING pc=0x00000287e9a169a3 sp=0x000000a3bb7f9a90 mode 2
Event: 40.568 Thread 0x0000028785e8d1d0 Uncommon trap: trap_request=0xffffff45 fr.pc=0x00000287ea1e152c relative=0x00000000000001ac
Event: 40.568 Thread 0x0000028785e8d1d0 Uncommon trap: reason=unstable_if action=reinterpret pc=0x00000287ea1e152c method=java.lang.ClassLoader.getResource(Ljava/lang/String;)Ljava/net/URL; @ 30 c2
Event: 40.568 Thread 0x0000028785e8d1d0 DEOPT PACKING pc=0x00000287ea1e152c sp=0x000000a3bb7f94d0
Event: 40.568 Thread 0x0000028785e8d1d0 DEOPT UNPACKING pc=0x00000287e9a169a3 sp=0x000000a3bb7f9408 mode 2
Event: 40.637 Thread 0x0000028785e8d1d0 Uncommon trap: trap_request=0xffffff6e fr.pc=0x00000287ea3a42bc relative=0x000000000000049c
Event: 40.637 Thread 0x0000028785e8d1d0 Uncommon trap: reason=loop_limit_check action=maybe_recompile pc=0x00000287ea3a42bc method=org.eclipse.jdt.internal.compiler.classfmt.ClassFileStruct.utf8At(II)[C @ 143 c2
Event: 40.637 Thread 0x0000028785e8d1d0 DEOPT PACKING pc=0x00000287ea3a42bc sp=0x000000a3bb7f9960
Event: 40.637 Thread 0x0000028785e8d1d0 DEOPT UNPACKING pc=0x00000287e9a169a3 sp=0x000000a3bb7f98f8 mode 2
Event: 40.700 Thread 0x0000028785e8d1d0 Uncommon trap: trap_request=0xffffffcc fr.pc=0x00000287ea3a8420 relative=0x0000000000000280
Event: 40.700 Thread 0x0000028785e8d1d0 Uncommon trap: reason=intrinsic_or_type_checked_inlining action=make_not_entrant pc=0x00000287ea3a8420 method=java.util.ArrayList.toArray([Ljava/lang/Object;)[Ljava/lang/Object; @ 36 c2
Event: 40.700 Thread 0x0000028785e8d1d0 DEOPT PACKING pc=0x00000287ea3a8420 sp=0x000000a3bb7f9050
Event: 40.700 Thread 0x0000028785e8d1d0 DEOPT UNPACKING pc=0x00000287e9a169a3 sp=0x000000a3bb7f9000 mode 2
Event: 40.963 Thread 0x0000028785e8d1d0 Uncommon trap: trap_request=0xffffffde fr.pc=0x00000287e9fdec58 relative=0x0000000000001358
Event: 40.963 Thread 0x0000028785e8d1d0 Uncommon trap: reason=class_check action=maybe_recompile pc=0x00000287e9fdec58 method=jdk.internal.loader.URLClassPath.getLoader(I)Ljdk/internal/loader/URLClassPath$Loader; @ 88 c2
Event: 40.963 Thread 0x0000028785e8d1d0 DEOPT PACKING pc=0x00000287e9fdec58 sp=0x000000a3bb7f9fc0
Event: 40.963 Thread 0x0000028785e8d1d0 DEOPT UNPACKING pc=0x00000287e9a169a3 sp=0x000000a3bb7fa000 mode 2

Classes unloaded (0 events):
No events

Classes redefined (0 events):
No events

Internal exceptions (20 events):
Event: 11.783 Thread 0x00000287dee225e0 Exception <a 'sun/nio/fs/WindowsException'{0x000000070786d730}> (0x000000070786d730) 
thrown [s\src\hotspot\share\prims\jni.cpp, line 516]
Event: 11.853 Thread 0x00000287dee225e0 Exception <a 'java/lang/IncompatibleClassChangeError'{0x00000007077bc438}: Found class java.lang.Object, but interface was expected> (0x00000007077bc438) 
thrown [s\src\hotspot\share\interpreter\linkResolver.cpp, line 826]
Event: 11.989 Thread 0x00000287dee225e0 Exception <a 'java/lang/NoSuchMethodError'{0x0000000714656e28}: 'void java.lang.invoke.DirectMethodHandle$Holder.invokeVirtual(java.lang.Object, java.lang.Object, long)'> (0x0000000714656e28) 
thrown [s\src\hotspot\share\interpreter\linkResolver.cpp, line 759]
Event: 12.231 Thread 0x00000287dee225e0 Exception <a 'java/lang/NoSuchMethodError'{0x000000070cabe990}: 'java.lang.Object java.lang.invoke.DirectMethodHandle$Holder.newInvokeSpecial(java.lang.Object, java.lang.Object, int, java.lang.Object, java.lang.Object)'> (0x000000070cabe990) 
thrown [s\src\hotspot\share\interpreter\linkResolver.cpp, line 759]
Event: 12.232 Thread 0x00000287dee225e0 Exception <a 'java/lang/NoSuchMethodError'{0x000000070caca008}: 'java.lang.Object java.lang.invoke.DirectMethodHandle$Holder.invokeSpecial(java.lang.Object, java.lang.Object, int, java.lang.Object, int, java.lang.Object)'> (0x000000070caca008) 
thrown [s\src\hotspot\share\interpreter\linkResolver.cpp, line 759]
Event: 12.233 Thread 0x00000287dee225e0 Exception <a 'java/lang/NoSuchMethodError'{0x000000070cad1e10}: 'java.lang.Object java.lang.invoke.DirectMethodHandle$Holder.newInvokeSpecial(java.lang.Object, java.lang.Object, int, java.lang.Object, int)'> (0x000000070cad1e10) 
thrown [s\src\hotspot\share\interpreter\linkResolver.cpp, line 759]
Event: 12.234 Thread 0x00000287dee225e0 Exception <a 'java/lang/NoSuchMethodError'{0x000000070cad5f10}: 'java.lang.Object java.lang.invoke.DirectMethodHandle$Holder.invokeSpecial(java.lang.Object, java.lang.Object, java.lang.Object, int, java.lang.Object, int)'> (0x000000070cad5f10) 
thrown [s\src\hotspot\share\interpreter\linkResolver.cpp, line 759]
Event: 39.082 Thread 0x0000028785e8fa50 Exception <a 'java/lang/NoSuchMethodError'{0x000000070c08a210}: 'java.lang.Object java.lang.invoke.DirectMethodHandle$Holder.invokeSpecial(java.lang.Object, java.lang.Object, java.lang.Object, java.lang.Object, java.lang.Object, long)'> (0x000000070c08a210) 
thrown [s\src\hotspot\share\interpreter\linkResolver.cpp, line 759]
Event: 39.082 Thread 0x0000028785e8fa50 Exception <a 'java/lang/NoSuchMethodError'{0x000000070c08dc50}: 'java.lang.Object java.lang.invoke.Invokers$Holder.linkToTargetMethod(java.lang.Object, java.lang.Object, java.lang.Object, long, java.lang.Object)'> (0x000000070c08dc50) 
thrown [s\src\hotspot\share\interpreter\linkResolver.cpp, line 759]
Event: 39.137 Thread 0x0000028785e8fa50 Exception <a 'java/lang/NoSuchMethodError'{0x000000070c1c1bf0}: getSession> (0x000000070c1c1bf0) 
thrown [s\src\hotspot\share\prims\jni.cpp, line 1073]
Event: 39.702 Thread 0x0000028785e8d1d0 Implicit null exception at 0x00000287e9fb2057 to 0x00000287e9fb2644
Event: 39.702 Thread 0x0000028785e8d1d0 Implicit null exception at 0x00000287e9fae857 to 0x00000287e9faee18
Event: 39.907 Thread 0x0000028785e8d1d0 Exception <a 'java/lang/ClassNotFoundException'{0x000000070b085560}: org/apache/taglibs/standard/tag/rt/core/IfTagBeanInfo> (0x000000070b085560) 
thrown [s\src\hotspot\share\classfile\systemDictionary.cpp, line 256]
Event: 39.918 Thread 0x0000028785e8d1d0 Exception <a 'java/lang/ClassNotFoundException'{0x000000070b08d998}: jakarta/servlet/jsp/jstl/core/ConditionalTagSupportBeanInfo> (0x000000070b08d998) 
thrown [s\src\hotspot\share\classfile\systemDictionary.cpp, line 256]
Event: 39.920 Thread 0x0000028785e8d1d0 Exception <a 'java/lang/ClassNotFoundException'{0x000000070b095760}: jakarta/servlet/jsp/tagext/TagSupportBeanInfo> (0x000000070b095760) 
thrown [s\src\hotspot\share\classfile\systemDictionary.cpp, line 256]
Event: 39.922 Thread 0x0000028785e8d1d0 Exception <a 'java/lang/ClassNotFoundException'{0x000000070b09a3d8}: java/lang/ObjectBeanInfo> (0x000000070b09a3d8) 
thrown [s\src\hotspot\share\classfile\systemDictionary.cpp, line 256]
Event: 39.926 Thread 0x0000028785e8d1d0 Exception <a 'java/lang/ClassNotFoundException'{0x000000070b09f658}: java/lang/ObjectCustomizer> (0x000000070b09f658) 
thrown [s\src\hotspot\share\classfile\systemDictionary.cpp, line 256]
Event: 39.935 Thread 0x0000028785e8d1d0 Exception <a 'java/lang/ClassNotFoundException'{0x000000070b0aee78}: jakarta/servlet/jsp/tagext/TagSupportCustomizer> (0x000000070b0aee78) 
thrown [s\src\hotspot\share\classfile\systemDictionary.cpp, line 256]
Event: 39.940 Thread 0x0000028785e8d1d0 Exception <a 'java/lang/ClassNotFoundException'{0x000000070b0c6470}: jakarta/servlet/jsp/jstl/core/ConditionalTagSupportCustomizer> (0x000000070b0c6470) 
thrown [s\src\hotspot\share\classfile\systemDictionary.cpp, line 256]
Event: 39.945 Thread 0x0000028785e8d1d0 Exception <a 'java/lang/ClassNotFoundException'{0x000000070b0d4578}: org/apache/taglibs/standard/tag/rt/core/IfTagCustomizer> (0x000000070b0d4578) 
thrown [s\src\hotspot\share\classfile\systemDictionary.cpp, line 256]

VM Operations (20 events):
Event: 39.464 Executing VM operation: Cleanup
Event: 39.464 Executing VM operation: Cleanup done
Event: 39.469 Executing VM operation: HandshakeAllThreads
Event: 39.470 Executing VM operation: HandshakeAllThreads done
Event: 39.482 Executing VM operation: HandshakeAllThreads
Event: 39.482 Executing VM operation: HandshakeAllThreads done
Event: 39.632 Executing VM operation: HandshakeAllThreads
Event: 39.632 Executing VM operation: HandshakeAllThreads done
Event: 39.644 Executing VM operation: HandshakeAllThreads
Event: 39.645 Executing VM operation: HandshakeAllThreads done
Event: 40.655 Executing VM operation: Cleanup
Event: 40.655 Executing VM operation: Cleanup done
Event: 40.967 Executing VM operation: ChangeBreakpoints
Event: 40.969 Executing VM operation: ChangeBreakpoints done
Event: 40.969 Executing VM operation: ChangeBreakpoints
Event: 40.970 Executing VM operation: ChangeBreakpoints done
Event: 40.973 Executing VM operation: get/set locals
Event: 40.973 Executing VM operation: get/set locals done
Event: 40.973 Executing VM operation: get/set locals
Event: 40.973 Executing VM operation: get/set locals done

Events (20 events):
Event: 40.048 loading class sun/util/ResourceBundleEnumeration done
Event: 40.352 loading class java/io/FileWriter
Event: 40.352 loading class java/io/FileWriter done
Event: 40.374 Thread 0x00000287feb380a0 Thread exited: 0x00000287feb380a0
Event: 40.457 loading class java/lang/NegativeArraySizeException
Event: 40.457 loading class java/lang/NegativeArraySizeException done
Event: 40.480 loading class java/net/URLClassLoader$2
Event: 40.480 loading class java/net/URLClassLoader$2 done
Event: 40.568 loading class sun/net/www/protocol/jrt/JavaRuntimeURLConnection
Event: 40.568 loading class sun/net/www/protocol/jrt/JavaRuntimeURLConnection done
Event: 40.568 loading class sun/net/www/protocol/jrt/JavaRuntimeURLConnection$1
Event: 40.568 loading class sun/net/www/protocol/jrt/JavaRuntimeURLConnection$1 done
Event: 40.579 loading class java/text/MessageFormat$Field
Event: 40.579 loading class java/text/MessageFormat$Field done
Event: 40.676 loading class jdk/internal/access/foreign/MemorySegmentProxy
Event: 40.677 loading class jdk/internal/access/foreign/MemorySegmentProxy done
Event: 40.951 loading class java/util/Hashtable$ValueCollection
Event: 40.951 loading class java/util/Hashtable$ValueCollection done
Event: 40.962 loading class java/net/URLClassLoader$1
Event: 40.962 loading class java/net/URLClassLoader$1 done


Dynamic libraries:
0x00007ff6a3270000 - 0x00007ff6a327e000 	C:\Users\JPiccione\.p2\pool\plugins\org.eclipse.justj.openjdk.hotspot.jre.full.win32.x86_64_17.0.8.v20230831-1047\jre\bin\javaw.exe
0x00000287dcb30000 - 0x00000287dcd28000 	C:\windows\SYSTEM32\ntd1l.dll
0x00000287dcd30000 - 0x00000287dcded000 	C:\windows\System32\kern3l32.dll
0x00007ffdc49d0000 - 0x00007ffdc4bc8000 	C:\windows\SYSTEM32\ntdll.dll
0x00007ffdc3fb0000 - 0x00007ffdc406d000 	C:\windows\System32\KERNEL32.DLL
0x00007ffdc21b0000 - 0x00007ffdc24a6000 	C:\windows\System32\KERNELBASE.dll
0x00007ffdc1b20000 - 0x00007ffdc1e33000 	C:\Program Files\SentinelOne\Sentinel Agent 23.1.4.650\InProcessClient64.dll
0x00007ffdc2c80000 - 0x00007ffdc2d2e000 	C:\windows\System32\ADVAPI32.dll
0x00007ffdc3e80000 - 0x00007ffdc3f1e000 	C:\windows\System32\msvcrt.dll
0x00007ffdc3c80000 - 0x00007ffdc3d1c000 	C:\windows\System32\sechost.dll
0x00007ffdc34b0000 - 0x00007ffdc35d6000 	C:\windows\System32\RPCRT4.dll
0x00007ffdc2890000 - 0x00007ffdc2990000 	C:\windows\System32\ucrtbase.dll
0x00007ffda40a0000 - 0x00007ffda40b7000 	C:\Users\JPiccione\.p2\pool\plugins\org.eclipse.justj.openjdk.hotspot.jre.full.win32.x86_64_17.0.8.v20230831-1047\jre\bin\jli.dll
0x00007ffdc4070000 - 0x00007ffdc420e000 	C:\windows\System32\USER32.dll
0x00007ffdc2830000 - 0x00007ffdc2852000 	C:\windows\System32\win32u.dll
0x00007ffdc3710000 - 0x00007ffdc373c000 	C:\windows\System32\GDI32.dll
0x00007ffdc2500000 - 0x00007ffdc261a000 	C:\windows\System32\gdi32full.dll
0x00007ffdc2990000 - 0x00007ffdc2a2d000 	C:\windows\System32\msvcp_win.dll
0x00007ffd9b050000 - 0x00007ffd9b2ea000 	C:\windows\WinSxS\amd64_microsoft.windows.common-controls_6595b64144ccf1df_6.0.19041.1110_none_60b5254171f9507e\COMCTL32.dll
0x00007ffd9df60000 - 0x00007ffd9df79000 	C:\Users\JPiccione\.p2\pool\plugins\org.eclipse.justj.openjdk.hotspot.jre.full.win32.x86_64_17.0.8.v20230831-1047\jre\bin\VCRUNTIME140.dll
0x00007ffdc1b10000 - 0x00007ffdc1b1a000 	C:\windows\SYSTEM32\VERSION.dll
0x00007ffdc1b00000 - 0x00007ffdc1b0b000 	C:\windows\SYSTEM32\FLTLIB.DLL
0x00007ffdc4210000 - 0x00007ffdc4240000 	C:\windows\System32\IMM32.DLL
0x00007ffdb80e0000 - 0x00007ffdb80ec000 	C:\Users\JPiccione\.p2\pool\plugins\org.eclipse.justj.openjdk.hotspot.jre.full.win32.x86_64_17.0.8.v20230831-1047\jre\bin\vcruntime140_1.dll
0x00007ffd86380000 - 0x00007ffd86411000 	C:\Users\JPiccione\.p2\pool\plugins\org.eclipse.justj.openjdk.hotspot.jre.full.win32.x86_64_17.0.8.v20230831-1047\jre\bin\msvcp140.dll
0x00007ffd28600000 - 0x00007ffd2924c000 	C:\Users\JPiccione\.p2\pool\plugins\org.eclipse.justj.openjdk.hotspot.jre.full.win32.x86_64_17.0.8.v20230831-1047\jre\bin\server\jvm.dll
0x00007ffdc12d0000 - 0x00007ffdc131b000 	C:\windows\SYSTEM32\POWRPROF.dll
0x00007ffdbb4e0000 - 0x00007ffdbb4e9000 	C:\windows\SYSTEM32\WSOCK32.dll
0x00007ffdc2d90000 - 0x00007ffdc2dfb000 	C:\windows\System32\WS2_32.dll
0x00007ffda5120000 - 0x00007ffda5147000 	C:\windows\SYSTEM32\WINMM.dll
0x00007ffdc1190000 - 0x00007ffdc11a2000 	C:\windows\SYSTEM32\UMPDC.dll
0x00007ffdbf960000 - 0x00007ffdbf972000 	C:\windows\SYSTEM32\kernel.appcore.dll
0x00007ffdbcb50000 - 0x00007ffdbcb5a000 	C:\Users\JPiccione\.p2\pool\plugins\org.eclipse.justj.openjdk.hotspot.jre.full.win32.x86_64_17.0.8.v20230831-1047\jre\bin\jimage.dll
0x00007ffdb2960000 - 0x00007ffdb2b44000 	C:\windows\SYSTEM32\DBGHELP.DLL
0x00007ffdb2920000 - 0x00007ffdb2954000 	C:\windows\SYSTEM32\dbgcore.DLL
0x00007ffdc2120000 - 0x00007ffdc21a2000 	C:\windows\System32\bcryptPrimitives.dll
0x00007ffd88720000 - 0x00007ffd8879b000 	C:\Program Files\SentinelOne\Sentinel Agent 23.1.4.650\SentinelJava64.dll
0x00007ffdc2a30000 - 0x00007ffdc2b5a000 	C:\windows\System32\ole32.dll
0x00007ffdc30a0000 - 0x00007ffdc33f4000 	C:\windows\System32\combase.dll
0x00007ffdba550000 - 0x00007ffdba575000 	C:\Users\JPiccione\.p2\pool\plugins\org.eclipse.justj.openjdk.hotspot.jre.full.win32.x86_64_17.0.8.v20230831-1047\jre\bin\java.dll
0x00007ffdb8570000 - 0x00007ffdb8588000 	C:\Users\JPiccione\.p2\pool\plugins\org.eclipse.justj.openjdk.hotspot.jre.full.win32.x86_64_17.0.8.v20230831-1047\jre\bin\zip.dll
0x00000287fd400000 - 0x00000287fdb45000 	C:\windows\System32\SHELL32.dll
0x00007ffdbfb10000 - 0x00007ffdc02ab000 	C:\windows\SYSTEM32\windows.storage.dll
0x00007ffdc17b0000 - 0x00007ffdc17de000 	C:\windows\SYSTEM32\Wldp.dll
0x00007ffdc2b60000 - 0x00007ffdc2c0d000 	C:\windows\System32\SHCORE.dll
0x00007ffdc2d30000 - 0x00007ffdc2d85000 	C:\windows\System32\shlwapi.dll
0x00007ffdc1fe0000 - 0x00007ffdc2005000 	C:\windows\SYSTEM32\profapi.dll
0x00007ffdb8000000 - 0x00007ffdb8019000 	C:\Users\JPiccione\.p2\pool\plugins\org.eclipse.justj.openjdk.hotspot.jre.full.win32.x86_64_17.0.8.v20230831-1047\jre\bin\net.dll
0x00007ffdc0d30000 - 0x00007ffdc0e3a000 	C:\windows\SYSTEM32\WINHTTP.dll
0x00007ffdc1510000 - 0x00007ffdc157a000 	C:\windows\system32\mswsock.dll
0x00007ffdb7ec0000 - 0x00007ffdb7ed5000 	C:\Users\JPiccione\.p2\pool\plugins\org.eclipse.justj.openjdk.hotspot.jre.full.win32.x86_64_17.0.8.v20230831-1047\jre\bin\nio.dll
0x00007ffdc1700000 - 0x00007ffdc1718000 	C:\windows\SYSTEM32\CRYPTSP.dll
0x00007ffdc0ca0000 - 0x00007ffdc0cd4000 	C:\windows\system32\rsaenh.dll
0x00007ffdc2860000 - 0x00007ffdc2887000 	C:\windows\System32\bcrypt.dll
0x00007ffdc1f60000 - 0x00007ffdc1f8e000 	C:\windows\SYSTEM32\USERENV.dll
0x00007ffdc1720000 - 0x00007ffdc172c000 	C:\windows\SYSTEM32\CRYPTBASE.dll
0x00007ffdc11b0000 - 0x00007ffdc11eb000 	C:\windows\SYSTEM32\IPHLPAPI.DLL
0x00007ffdc3700000 - 0x00007ffdc3708000 	C:\windows\System32\NSI.dll
0x00007ffdbaa20000 - 0x00007ffdbaa37000 	C:\windows\SYSTEM32\dhcpcsvc6.DLL
0x00007ffdba180000 - 0x00007ffdba19d000 	C:\windows\SYSTEM32\dhcpcsvc.DLL
0x00007ffdc1200000 - 0x00007ffdc12ca000 	C:\windows\SYSTEM32\DNSAPI.dll
0x00007ffdbca70000 - 0x00007ffdbca7e000 	C:\Users\JPiccione\.p2\pool\plugins\org.eclipse.justj.openjdk.hotspot.jre.full.win32.x86_64_17.0.8.v20230831-1047\jre\bin\sunmscapi.dll
0x00007ffdc26d0000 - 0x00007ffdc282e000 	C:\windows\System32\CRYPT32.dll
0x00007ffdc1820000 - 0x00007ffdc1848000 	C:\windows\SYSTEM32\ncrypt.dll
0x00007ffdc17e0000 - 0x00007ffdc181b000 	C:\windows\SYSTEM32\NTASN1.dll
0x00007ffdb8020000 - 0x00007ffdb8029000 	C:\Users\JPiccione\.p2\pool\plugins\org.eclipse.justj.openjdk.hotspot.jre.full.win32.x86_64_17.0.8.v20230831-1047\jre\bin\management.dll
0x00007ffdb64e0000 - 0x00007ffdb64eb000 	C:\Users\JPiccione\.p2\pool\plugins\org.eclipse.justj.openjdk.hotspot.jre.full.win32.x86_64_17.0.8.v20230831-1047\jre\bin\management_ext.dll
0x00007ffdc2c70000 - 0x00007ffdc2c78000 	C:\windows\System32\PSAPI.DLL
0x00007ffdbcb20000 - 0x00007ffdbcb30000 	C:\Users\JPiccione\.p2\pool\plugins\org.eclipse.justj.openjdk.hotspot.jre.full.win32.x86_64_17.0.8.v20230831-1047\jre\bin\verify.dll
0x00007ffdb7c00000 - 0x00007ffdb7c0a000 	C:\Windows\System32\rasadhlp.dll
0x00007ffdbb8a0000 - 0x00007ffdbb922000 	C:\windows\System32\fwpuclnt.dll
0x00007ffd9a1e0000 - 0x00007ffd9a1f7000 	C:\windows\system32\napinsp.dll
0x00007ffd9dea0000 - 0x00007ffd9debb000 	C:\windows\system32\pnrpnsp.dll
0x00007ffdbba50000 - 0x00007ffdbba65000 	C:\windows\system32\wshbth.dll
0x00007ffdbc830000 - 0x00007ffdbc84d000 	C:\windows\system32\NLAapi.dll
0x00007ffd9dba0000 - 0x00007ffd9dbb2000 	C:\windows\System32\winrnr.dll
0x00007ffd8e670000 - 0x00007ffd8e677000 	C:\windows\system32\wshunix.dll

dbghelp: loaded successfully - version: 4.0.5 - missing functions: none
symbol engine: initialized successfully - sym options: 0x614 - pdb path: .;C:\Users\JPiccione\.p2\pool\plugins\org.eclipse.justj.openjdk.hotspot.jre.full.win32.x86_64_17.0.8.v20230831-1047\jre\bin;C:\windows\SYSTEM32;C:\Program Files\SentinelOne\Sentinel Agent 23.1.4.650;C:\windows\WinSxS\amd64_microsoft.windows.common-controls_6595b64144ccf1df_6.0.19041.1110_none_60b5254171f9507e;C:\Users\JPiccione\.p2\pool\plugins\org.eclipse.justj.openjdk.hotspot.jre.full.win32.x86_64_17.0.8.v20230831-1047\jre\bin\server

VM Arguments:
jvm_args: -Dfile.encoding=UTF-8 -XX:+ShowCodeDetailsInExceptionMessages -agentpath:C:\Program Files\SentinelOne\Sentinel Agent 23.1.4.650\SentinelJava64.dll 
java_command: com.spencer.ItemApp.ItemAppApplication
java_class_path (initial): C:\Users\JPiccione\OneDrive - Spencer Gifts LLC\Documents\ItemApp\target\classes;C:\Users\JPiccione\.m2\repository\org\springframework\boot\spring-boot-starter-data-jpa\3.1.4\spring-boot-starter-data-jpa-3.1.4.jar;C:\Users\JPiccione\.m2\repository\org\springframework\boot\spring-boot-starter-aop\3.1.4\spring-boot-starter-aop-3.1.4.jar;C:\Users\JPiccione\.m2\repository\org\aspectj\aspectjweaver\1.9.20\aspectjweaver-1.9.20.jar;C:\Users\JPiccione\.m2\repository\org\springframework\boot\spring-boot-starter-jdbc\3.1.4\spring-boot-starter-jdbc-3.1.4.jar;C:\Users\JPiccione\.m2\repository\com\zaxxer\HikariCP\5.0.1\HikariCP-5.0.1.jar;C:\Users\JPiccione\.m2\repository\org\springframework\spring-jdbc\6.0.12\spring-jdbc-6.0.12.jar;C:\Users\JPiccione\.m2\repository\org\hibernate\orm\hibernate-core\6.2.9.Final\hibernate-core-6.2.9.Final.jar;C:\Users\JPiccione\.m2\repository\jakarta\persistence\jakarta.persistence-api\3.1.0\jakarta.persistence-api-3.1.0.jar;C:\Users\JPiccione\.m2\repository\jakarta\transaction\jakarta.transaction-api\2.0.1\jakarta.transaction-api-2.0.1.jar;C:\Users\JPiccione\.m2\repository\org\jboss\logging\jboss-logging\3.5.3.Final\jboss-logging-3.5.3.Final.jar;C:\Users\JPiccione\.m2\repository\org\hibernate\common\hibernate-commons-annotations\6.0.6.Final\hibernate-commons-annotations-6.0.6.Final.jar;C:\Users\JPiccione\.m2\repository\io\smallrye\jandex\3.0.5\jandex-3.0.5.jar;C:\Users\JPiccione\.m2\repository\com\fasterxml\classmate\1.5.1\classmate-1.5.1.jar;C:\Users\JPiccione\.m2\repository\net\bytebuddy\byte-buddy\1.14.8\byte-buddy-1.14.8.jar;C:\Users\JPiccione\.m2\repository\org\glassfish\jaxb\jaxb-runtime\4.0.3\jaxb-runtime-4.0.3.jar;C:\Users\JPiccione\.m2\repository\org\glassfish\jaxb\jaxb-core\4.0.3\jaxb-core-4.0.3.jar;C:\Users\JPiccione\.m2\repository\org\eclipse\angus\angus-activation\2.0.1\angus-activation-2.0.1.jar;C:\Users\JPiccione\.m2\repository\org\glassfish\jaxb\txw2\4.0.3\txw2-4.0.3.jar;C:\Users\JPiccione\.m2\repositor
Launcher Type: SUN_STANDARD

[Global flags]
     intx CICompilerCount                          = 3                                         {product} {ergonomic}
     uint ConcGCThreads                            = 1                                         {product} {ergonomic}
     uint G1ConcRefinementThreads                  = 4                                         {product} {ergonomic}
   size_t G1HeapRegionSize                         = 2097152                                   {product} {ergonomic}
    uintx GCDrainStackTargetSize                   = 64                                        {product} {ergonomic}
   size_t InitialHeapSize                          = 264241152                                 {product} {ergonomic}
   size_t MarkStackSize                            = 4194304                                   {product} {ergonomic}
   size_t MaxHeapSize                              = 4215275520                                {product} {ergonomic}
   size_t MaxNewSize                               = 2529165312                                {product} {ergonomic}
   size_t MinHeapDeltaBytes                        = 2097152                                   {product} {ergonomic}
   size_t MinHeapSize                              = 8388608                                   {product} {ergonomic}
    uintx NonNMethodCodeHeapSize                   = 5832780                                {pd product} {ergonomic}
    uintx NonProfiledCodeHeapSize                  = 122912730                              {pd product} {ergonomic}
    uintx ProfiledCodeHeapSize                     = 122912730                              {pd product} {ergonomic}
    uintx ReservedCodeCacheSize                    = 251658240                              {pd product} {ergonomic}
     bool SegmentedCodeCache                       = true                                      {product} {ergonomic}
     bool ShowCodeDetailsInExceptionMessages       = true                                   {manageable} {command line}
   size_t SoftMaxHeapSize                          = 4215275520                             {manageable} {ergonomic}
     bool UseCompressedClassPointers               = true                           {product lp64_product} {ergonomic}
     bool UseCompressedOops                        = true                           {product lp64_product} {ergonomic}
     bool UseG1GC                                  = true                                      {product} {ergonomic}
     bool UseLargePagesIndividualAllocation        = false                                  {pd product} {ergonomic}

Logging:
Log output configuration:
 #0: stdout all=warning uptime,level,tags
 #1: stderr all=off uptime,level,tags

Environment Variables:
PATH=C:/Users/JPiccione/.p2/pool/plugins/org.eclipse.justj.openjdk.hotspot.jre.full.win32.x86_64_17.0.8.v20230831-1047/jre/bin/server;C:/Users/JPiccione/.p2/pool/plugins/org.eclipse.justj.openjdk.hotspot.jre.full.win32.x86_64_17.0.8.v20230831-1047/jre/bin;C:\Program Files\Common Files\Oracle\Java\javapath;C:\Program Files (x86)\Common Files\Oracle\Java\javapath;C:\Program Files\Microsoft\jdk-11.0.16.101-hotspot\bin;C:\Program Files (x86)\Business Objects\Common\3.5\bin\NOTES\;C:\Program Files (x86)\Business Objects\Common\3.5\bin\NOTES\DATA\;C:\windows\system32;C:\windows;C:\windows\System32\Wbem;C:\windows\System32\WindowsPowerShell\v1.0\;C:\windows\System32\OpenSSH\;C:\Program Files (x86)\IBM\Client Access\Emulator;C:\Program Files (x86)\IBM\Client Access\Shared;C:\Program Files (x86)\IBM\Client Access\;C:\Program Files (x86)\HEAT\;C:\Program Files (x86)\Microsoft SQL Server\160\DTS\Binn\;C:\Program Files\Azure Data Studio\bin;C:\Program Files\PuTTY\;C:\Program Files\Git\cmd;C:\Program Files\Microsoft SQL Server\150\Tools\Binn\;C:\Program Files\Microsoft SQL Server\Client SDK\ODBC\170\Tools\Binn\;C:\Program Files\dotnet\;C:\Program Files (x86)\Windows Kits\10\Windows Performance Toolkit\;c:\Program Files (x86)\Microsoft SQL Server\110\Tools\Binn\;c:\Program Files\Microsoft SQL Server\110\Tools\Binn\;c:\Program Files\Microsoft SQL Server\110\DTS\Binn\;C:\Program Files (x86)\Microsoft SQL Server\150\Tools\Binn\;C:\Program Files\Microsoft SQL Server\150\DTS\Binn\;C:\Users\JPiccione\AppData\Local\Microsoft\WindowsApps;C:\Program Files\Azure Data Studio\bin;C:\Users\JPiccione\.dotnet\tools;C:\Users\JPiccione\AppData\Local\Programs\Azure Data Studio\bin;C:\Program Files\JetBrains\IntelliJ IDEA 2023.2\bin;;C:\Users\JPiccione\AppData\Local\GitHubDesktop\bin;C:\Users\JPiccione\OneDrive - Spencer Gifts LLC\Desktop;
USERNAME=JPiccione
OS=Windows_NT
PROCESSOR_IDENTIFIER=Intel64 Family 6 Model 61 Stepping 4, GenuineIntel
TMP=C:\Users\JPICCI~1\AppData\Local\Temp
TEMP=C:\Users\JPICCI~1\AppData\Local\Temp



---------------  S Y S T E M  ---------------

OS:
 Windows 10 , 64 bit Build 19041 (10.0.19041.3393)
OS uptime: 1 days 5:59 hours

CPU: total 4 (initial active 4) (2 cores per cpu, 2 threads per core) family 6 model 61 stepping 4 microcode 0x2d, cx8, cmov, fxsr, ht, mmx, 3dnowpref, sse, sse2, sse3, ssse3, sse4.1, sse4.2, popcnt, lzcnt, tsc, tscinvbit, avx, avx2, aes, erms, clmul, bmi1, bmi2, rtm, adx, fma, vzeroupper, clflush
Processor Information for all 4 processors :
  Max Mhz: 2594, Current Mhz: 2594, Mhz Limit: 2594

Memory: 4k page, system-wide physical 16079M (7462M free)
TotalPageFile size 18511M (AvailPageFile size 7551M)
current process WorkingSet (physical memory assigned to process): 329M, peak: 350M
current process commit charge ("private bytes"): 363M, peak: 429M

vm_info: OpenJDK 64-Bit Server VM (17.0.8.1+1) for windows-amd64 JRE (17.0.8.1+1), built on Aug 23 2023 15:29:17 by "admin" with MS VC++ 16.7 (VS2019)

END.
