#
# A fatal error has been detected by the Java Runtime Environment:
#
#  EXCEPTION_ACCESS_VIOLATION (0xc0000005) at pc=0x00007ffdc13c0451, pid=2004, tid=12480
#
# JRE version: OpenJDK Runtime Environment Temurin-17.0.8.1+1 (17.0.8.1+1) (build 17.0.8.1+1)
# Java VM: OpenJDK 64-Bit Server VM Temurin-17.0.8.1+1 (17.0.8.1+1, mixed mode, tiered, compressed oops, compressed class ptrs, g1 gc, windows-amd64)
# Problematic frame:
# V  [jvm.dll+0x560451]
#
# No core dump will be written. Minidumps are not enabled by default on client versions of Windows
#
# If you would like to submit a bug report, please visit:
#   https://github.com/adoptium/adoptium-support/issues
#

---------------  S U M M A R Y ------------

Command Line: -Dfile.encoding=UTF-8 -XX:+ShowCodeDetailsInExceptionMessages -agentpath:C:\Program Files\SentinelOne\Sentinel Agent 23.1.4.650\SentinelJava64.dll com.spencer.ItemApp.ItemAppApplication

Host: Intel(R) Core(TM) i7-5600U CPU @ 2.60GHz, 4 cores, 15G,  Windows 10 , 64 bit Build 19041 (10.0.19041.3570)
Time: Thu Nov  9 14:39:15 2023 Eastern Standard Time elapsed time: 14.998712 seconds (0d 0h 0m 14s)

---------------  T H R E A D  ---------------

Current thread (0x0000015d853c2ba0):  JavaThread "http-nio-8080-exec-2" daemon [_thread_in_vm, id=12480, stack(0x0000001197600000,0x0000001197700000)]

Stack: [0x0000001197600000,0x0000001197700000],  sp=0x00000011976f9180,  free space=996k
Native frames: (J=compiled Java code, j=interpreted, Vv=VM code, C=native code)
V  [jvm.dll+0x560451]
V  [jvm.dll+0x385914]
V  [jvm.dll+0x384f7f]
C  0x0000015debcabb99

Java frames: (J=compiled Java code, j=interpreted, Vv=VM code)
j  jakarta.servlet.ServletRequestWrapper.getParameterValues(Ljava/lang/String;)[Ljava/lang/String;+5
v  ~StubRoutines::call_stub
j  org.apache.jasper.runtime.HttpJspBase.service(Ljakarta/servlet/http/HttpServletRequest;Ljakarta/servlet/http/HttpServletResponse;)V+6
j  jakarta.servlet.http.HttpServlet.service(Ljakarta/servlet/ServletRequest;Ljakarta/servlet/ServletResponse;)V+36
j  org.apache.jasper.servlet.JspServletWrapper.service(Ljakarta/servlet/http/HttpServletRequest;Ljakarta/servlet/http/HttpServletResponse;Z)V+372
j  org.apache.jasper.servlet.JspServlet.serviceJspFile(Ljakarta/servlet/http/HttpServletRequest;Ljakarta/servlet/http/HttpServletResponse;Ljava/lang/String;Z)V+112
j  org.apache.jasper.servlet.JspServlet.service(Ljakarta/servlet/http/HttpServletRequest;Ljakarta/servlet/http/HttpServletResponse;)V+228
j  jakarta.servlet.http.HttpServlet.service(Ljakarta/servlet/ServletRequest;Ljakarta/servlet/ServletResponse;)V+36
j  org.apache.catalina.core.ApplicationFilterChain.internalDoFilter(Ljakarta/servlet/ServletRequest;Ljakarta/servlet/ServletResponse;)V+305
j  org.apache.catalina.core.ApplicationFilterChain.doFilter(Ljakarta/servlet/ServletRequest;Ljakarta/servlet/ServletResponse;)V+99
j  org.apache.tomcat.websocket.server.WsFilter.doFilter(Ljakarta/servlet/ServletRequest;Ljakarta/servlet/ServletResponse;Ljakarta/servlet/FilterChain;)V+21
j  org.apache.catalina.core.ApplicationFilterChain.internalDoFilter(Ljakarta/servlet/ServletRequest;Ljakarta/servlet/ServletResponse;)V+135
j  org.apache.catalina.core.ApplicationFilterChain.doFilter(Ljakarta/servlet/ServletRequest;Ljakarta/servlet/ServletResponse;)V+99
j  org.springframework.security.web.FilterChainProxy.lambda$doFilterInternal$3(Lorg/springframework/security/web/firewall/FirewalledRequest;Ljakarta/servlet/FilterChain;Ljakarta/servlet/ServletRequest;Ljakarta/servlet/ServletResponse;)V+35
j  org.springframework.security.web.FilterChainProxy$$Lambda$1361+0x00000008009962d0.doFilter(Ljakarta/servlet/ServletRequest;Ljakarta/servlet/ServletResponse;)V+10
j  org.springframework.security.web.FilterChainProxy$VirtualFilterChain.doFilter(Ljakarta/servlet/ServletRequest;Ljakarta/servlet/ServletResponse;)V+17
j  org.springframework.security.web.access.intercept.AuthorizationFilter.doFilter(Ljakarta/servlet/ServletRequest;Ljakarta/servlet/ServletResponse;Ljakarta/servlet/FilterChain;)V+143
j  org.springframework.security.web.FilterChainProxy$VirtualFilterChain.doFilter(Ljakarta/servlet/ServletRequest;Ljakarta/servlet/ServletResponse;)V+105
j  org.springframework.security.web.access.ExceptionTranslationFilter.doFilter(Ljakarta/servlet/http/HttpServletRequest;Ljakarta/servlet/http/HttpServletResponse;Ljakarta/servlet/FilterChain;)V+3
j  org.springframework.security.web.access.ExceptionTranslationFilter.doFilter(Ljakarta/servlet/ServletRequest;Ljakarta/servlet/ServletResponse;Ljakarta/servlet/FilterChain;)V+10
j  org.springframework.security.web.FilterChainProxy$VirtualFilterChain.doFilter(Ljakarta/servlet/ServletRequest;Ljakarta/servlet/ServletResponse;)V+105
j  org.springframework.security.web.authentication.AnonymousAuthenticationFilter.doFilter(Ljakarta/servlet/ServletRequest;Ljakarta/servlet/ServletResponse;Ljakarta/servlet/FilterChain;)V+33
j  org.springframework.security.web.FilterChainProxy$VirtualFilterChain.doFilter(Ljakarta/servlet/ServletRequest;Ljakarta/servlet/ServletResponse;)V+105
j  org.springframework.security.web.servletapi.SecurityContextHolderAwareRequestFilter.doFilter(Ljakarta/servlet/ServletRequest;Ljakarta/servlet/ServletResponse;Ljakarta/servlet/FilterChain;)V+19
j  org.springframework.security.web.FilterChainProxy$VirtualFilterChain.doFilter(Ljakarta/servlet/ServletRequest;Ljakarta/servlet/ServletResponse;)V+105
j  org.springframework.security.web.savedrequest.RequestCacheAwareFilter.doFilter(Ljakarta/servlet/ServletRequest;Ljakarta/servlet/ServletResponse;Ljakarta/servlet/FilterChain;)V+32
j  org.springframework.security.web.FilterChainProxy$VirtualFilterChain.doFilter(Ljakarta/servlet/ServletRequest;Ljakarta/servlet/ServletResponse;)V+105
j  org.springframework.security.web.authentication.AbstractAuthenticationProcessingFilter.doFilter(Ljakarta/servlet/http/HttpServletRequest;Ljakarta/servlet/http/HttpServletResponse;Ljakarta/servlet/FilterChain;)V+12
j  org.springframework.security.web.authentication.AbstractAuthenticationProcessingFilter.doFilter(Ljakarta/servlet/ServletRequest;Ljakarta/servlet/ServletResponse;Ljakarta/servlet/FilterChain;)V+10
j  org.springframework.security.web.FilterChainProxy$VirtualFilterChain.doFilter(Ljakarta/servlet/ServletRequest;Ljakarta/servlet/ServletResponse;)V+105
j  org.springframework.security.web.authentication.logout.LogoutFilter.doFilter(Ljakarta/servlet/http/HttpServletRequest;Ljakarta/servlet/http/HttpServletResponse;Ljakarta/servlet/FilterChain;)V+83
j  org.springframework.security.web.authentication.logout.LogoutFilter.doFilter(Ljakarta/servlet/ServletRequest;Ljakarta/servlet/ServletResponse;Ljakarta/servlet/FilterChain;)V+10
j  org.springframework.security.web.FilterChainProxy$VirtualFilterChain.doFilter(Ljakarta/servlet/ServletRequest;Ljakarta/servlet/ServletResponse;)V+105
j  org.springframework.web.filter.OncePerRequestFilter.doFilter(Ljakarta/servlet/ServletRequest;Ljakarta/servlet/ServletResponse;Ljakarta/servlet/FilterChain;)V+125
j  org.springframework.security.web.FilterChainProxy$VirtualFilterChain.doFilter(Ljakarta/servlet/ServletRequest;Ljakarta/servlet/ServletResponse;)V+105
j  org.springframework.security.web.context.SecurityContextHolderFilter.doFilter(Ljakarta/servlet/http/HttpServletRequest;Ljakarta/servlet/http/HttpServletResponse;Ljakarta/servlet/FilterChain;)V+15
j  org.springframework.security.web.context.SecurityContextHolderFilter.doFilter(Ljakarta/servlet/ServletRequest;Ljakarta/servlet/ServletResponse;Ljakarta/servlet/FilterChain;)V+10
j  org.springframework.security.web.FilterChainProxy$VirtualFilterChain.doFilter(Ljakarta/servlet/ServletRequest;Ljakarta/servlet/ServletResponse;)V+105
j  org.springframework.web.filter.OncePerRequestFilter.doFilter(Ljakarta/servlet/ServletRequest;Ljakarta/servlet/ServletResponse;Ljakarta/servlet/FilterChain;)V+125
j  org.springframework.security.web.FilterChainProxy$VirtualFilterChain.doFilter(Ljakarta/servlet/ServletRequest;Ljakarta/servlet/ServletResponse;)V+105
j  org.springframework.web.filter.OncePerRequestFilter.doFilter(Ljakarta/servlet/ServletRequest;Ljakarta/servlet/ServletResponse;Ljakarta/servlet/FilterChain;)V+125
j  org.springframework.security.web.FilterChainProxy$VirtualFilterChain.doFilter(Ljakarta/servlet/ServletRequest;Ljakarta/servlet/ServletResponse;)V+105
j  org.springframework.security.web.FilterChainProxy.doFilterInternal(Ljakarta/servlet/ServletRequest;Ljakarta/servlet/ServletResponse;Ljakarta/servlet/FilterChain;)V+163
j  org.springframework.security.web.FilterChainProxy.doFilter(Ljakarta/servlet/ServletRequest;Ljakarta/servlet/ServletResponse;Ljakarta/servlet/FilterChain;)V+28
j  org.springframework.web.filter.DelegatingFilterProxy.invokeDelegate(Ljakarta/servlet/Filter;Ljakarta/servlet/ServletRequest;Ljakarta/servlet/ServletResponse;Ljakarta/servlet/FilterChain;)V+5
j  org.springframework.web.filter.DelegatingFilterProxy.doFilter(Ljakarta/servlet/ServletRequest;Ljakarta/servlet/ServletResponse;Ljakarta/servlet/FilterChain;)V+85
j  org.apache.catalina.core.ApplicationFilterChain.internalDoFilter(Ljakarta/servlet/ServletRequest;Ljakarta/servlet/ServletResponse;)V+135
j  org.apache.catalina.core.ApplicationFilterChain.doFilter(Ljakarta/servlet/ServletRequest;Ljakarta/servlet/ServletResponse;)V+99
j  org.springframework.web.filter.OncePerRequestFilter.doFilter(Ljakarta/servlet/ServletRequest;Ljakarta/servlet/ServletResponse;Ljakarta/servlet/FilterChain;)V+125
j  org.apache.catalina.core.ApplicationFilterChain.internalDoFilter(Ljakarta/servlet/ServletRequest;Ljakarta/servlet/ServletResponse;)V+135
j  org.apache.catalina.core.ApplicationFilterChain.doFilter(Ljakarta/servlet/ServletRequest;Ljakarta/servlet/ServletResponse;)V+99
j  org.springframework.web.filter.OncePerRequestFilter.doFilter(Ljakarta/servlet/ServletRequest;Ljakarta/servlet/ServletResponse;Ljakarta/servlet/FilterChain;)V+125
j  org.apache.catalina.core.ApplicationFilterChain.internalDoFilter(Ljakarta/servlet/ServletRequest;Ljakarta/servlet/ServletResponse;)V+135
j  org.apache.catalina.core.ApplicationFilterChain.doFilter(Ljakarta/servlet/ServletRequest;Ljakarta/servlet/ServletResponse;)V+99
j  org.springframework.web.filter.OncePerRequestFilter.doFilter(Ljakarta/servlet/ServletRequest;Ljakarta/servlet/ServletResponse;Ljakarta/servlet/FilterChain;)V+125
j  org.apache.catalina.core.ApplicationFilterChain.internalDoFilter(Ljakarta/servlet/ServletRequest;Ljakarta/servlet/ServletResponse;)V+135
j  org.apache.catalina.core.ApplicationFilterChain.doFilter(Ljakarta/servlet/ServletRequest;Ljakarta/servlet/ServletResponse;)V+99
j  org.apache.catalina.core.ApplicationDispatcher.invoke(Ljakarta/servlet/ServletRequest;Ljakarta/servlet/ServletResponse;Lorg/apache/catalina/core/ApplicationDispatcher$State;)V+341
j  org.apache.catalina.core.ApplicationDispatcher.processRequest(Ljakarta/servlet/ServletRequest;Ljakarta/servlet/ServletResponse;Lorg/apache/catalina/core/ApplicationDispatcher$State;)V+98
j  org.apache.catalina.core.ApplicationDispatcher.doForward(Ljakarta/servlet/ServletRequest;Ljakarta/servlet/ServletResponse;)V+363
j  org.apache.catalina.core.ApplicationDispatcher.forward(Ljakarta/servlet/ServletRequest;Ljakarta/servlet/ServletResponse;)V+55
j  org.springframework.security.web.header.HeaderWriterFilter$HeaderWriterRequestDispatcher.forward(Ljakarta/servlet/ServletRequest;Ljakarta/servlet/ServletResponse;)V+6
j  org.springframework.web.servlet.view.InternalResourceView.renderMergedOutputModel(Ljava/util/Map;Ljakarta/servlet/http/HttpServletRequest;Ljakarta/servlet/http/HttpServletResponse;)V+145
j  org.springframework.web.servlet.view.AbstractView.render(Ljava/util/Map;Ljakarta/servlet/http/HttpServletRequest;Ljakarta/servlet/http/HttpServletResponse;)V+91
j  org.springframework.web.servlet.DispatcherServlet.render(Lorg/springframework/web/servlet/ModelAndView;Ljakarta/servlet/http/HttpServletRequest;Ljakarta/servlet/http/HttpServletResponse;)V+188
j  org.springframework.web.servlet.DispatcherServlet.processDispatchResult(Ljakarta/servlet/http/HttpServletRequest;Ljakarta/servlet/http/HttpServletResponse;Lorg/springframework/web/servlet/HandlerExecutionChain;Lorg/springframework/web/servlet/ModelAndView;Ljava/lang/Exception;)V+103
j  org.springframework.web.servlet.DispatcherServlet.doDispatch(Ljakarta/servlet/http/HttpServletRequest;Ljakarta/servlet/http/HttpServletResponse;)V+365
j  org.springframework.web.servlet.DispatcherServlet.doService(Ljakarta/servlet/http/HttpServletRequest;Ljakarta/servlet/http/HttpServletResponse;)V+242
j  org.springframework.web.servlet.FrameworkServlet.processRequest(Ljakarta/servlet/http/HttpServletRequest;Ljakarta/servlet/http/HttpServletResponse;)V+70
j  org.springframework.web.servlet.FrameworkServlet.doGet(Ljakarta/servlet/http/HttpServletRequest;Ljakarta/servlet/http/HttpServletResponse;)V+3
j  jakarta.servlet.http.HttpServlet.service(Ljakarta/servlet/http/HttpServletRequest;Ljakarta/servlet/http/HttpServletResponse;)V+35
j  org.springframework.web.servlet.FrameworkServlet.service(Ljakarta/servlet/http/HttpServletRequest;Ljakarta/servlet/http/HttpServletResponse;)V+20
j  jakarta.servlet.http.HttpServlet.service(Ljakarta/servlet/ServletRequest;Ljakarta/servlet/ServletResponse;)V+36
j  org.apache.catalina.core.ApplicationFilterChain.internalDoFilter(Ljakarta/servlet/ServletRequest;Ljakarta/servlet/ServletResponse;)V+305
j  org.apache.catalina.core.ApplicationFilterChain.doFilter(Ljakarta/servlet/ServletRequest;Ljakarta/servlet/ServletResponse;)V+99
j  org.apache.tomcat.websocket.server.WsFilter.doFilter(Ljakarta/servlet/ServletRequest;Ljakarta/servlet/ServletResponse;Ljakarta/servlet/FilterChain;)V+21
j  org.apache.catalina.core.ApplicationFilterChain.internalDoFilter(Ljakarta/servlet/ServletRequest;Ljakarta/servlet/ServletResponse;)V+135
j  org.apache.catalina.core.ApplicationFilterChain.doFilter(Ljakarta/servlet/ServletRequest;Ljakarta/servlet/ServletResponse;)V+99
j  org.springframework.security.web.FilterChainProxy.lambda$doFilterInternal$3(Lorg/springframework/security/web/firewall/FirewalledRequest;Ljakarta/servlet/FilterChain;Ljakarta/servlet/ServletRequest;Ljakarta/servlet/ServletResponse;)V+35
j  org.springframework.security.web.FilterChainProxy$$Lambda$1361+0x00000008009962d0.doFilter(Ljakarta/servlet/ServletRequest;Ljakarta/servlet/ServletResponse;)V+10
j  org.springframework.security.web.FilterChainProxy$VirtualFilterChain.doFilter(Ljakarta/servlet/ServletRequest;Ljakarta/servlet/ServletResponse;)V+17
j  org.springframework.security.web.access.intercept.AuthorizationFilter.doFilter(Ljakarta/servlet/ServletRequest;Ljakarta/servlet/ServletResponse;Ljakarta/servlet/FilterChain;)V+143
j  org.springframework.security.web.FilterChainProxy$VirtualFilterChain.doFilter(Ljakarta/servlet/ServletRequest;Ljakarta/servlet/ServletResponse;)V+105
j  org.springframework.security.web.access.ExceptionTranslationFilter.doFilter(Ljakarta/servlet/http/HttpServletRequest;Ljakarta/servlet/http/HttpServletResponse;Ljakarta/servlet/FilterChain;)V+3
j  org.springframework.security.web.access.ExceptionTranslationFilter.doFilter(Ljakarta/servlet/ServletRequest;Ljakarta/servlet/ServletResponse;Ljakarta/servlet/FilterChain;)V+10
j  org.springframework.security.web.FilterChainProxy$VirtualFilterChain.doFilter(Ljakarta/servlet/ServletRequest;Ljakarta/servlet/ServletResponse;)V+105
j  org.springframework.security.web.authentication.AnonymousAuthenticationFilter.doFilter(Ljakarta/servlet/ServletRequest;Ljakarta/servlet/ServletResponse;Ljakarta/servlet/FilterChain;)V+33
j  org.springframework.security.web.FilterChainProxy$VirtualFilterChain.doFilter(Ljakarta/servlet/ServletRequest;Ljakarta/servlet/ServletResponse;)V+105
j  org.springframework.security.web.servletapi.SecurityContextHolderAwareRequestFilter.doFilter(Ljakarta/servlet/ServletRequest;Ljakarta/servlet/ServletResponse;Ljakarta/servlet/FilterChain;)V+19
j  org.springframework.security.web.FilterChainProxy$VirtualFilterChain.doFilter(Ljakarta/servlet/ServletRequest;Ljakarta/servlet/ServletResponse;)V+105
j  org.springframework.security.web.savedrequest.RequestCacheAwareFilter.doFilter(Ljakarta/servlet/ServletRequest;Ljakarta/servlet/ServletResponse;Ljakarta/servlet/FilterChain;)V+32
j  org.springframework.security.web.FilterChainProxy$VirtualFilterChain.doFilter(Ljakarta/servlet/ServletRequest;Ljakarta/servlet/ServletResponse;)V+105
j  org.springframework.security.web.authentication.AbstractAuthenticationProcessingFilter.doFilter(Ljakarta/servlet/http/HttpServletRequest;Ljakarta/servlet/http/HttpServletResponse;Ljakarta/servlet/FilterChain;)V+12
j  org.springframework.security.web.authentication.AbstractAuthenticationProcessingFilter.doFilter(Ljakarta/servlet/ServletRequest;Ljakarta/servlet/ServletResponse;Ljakarta/servlet/FilterChain;)V+10
j  org.springframework.security.web.FilterChainProxy$VirtualFilterChain.doFilter(Ljakarta/servlet/ServletRequest;Ljakarta/servlet/ServletResponse;)V+105
j  org.springframework.security.web.authentication.logout.LogoutFilter.doFilter(Ljakarta/servlet/http/HttpServletRequest;Ljakarta/servlet/http/HttpServletResponse;Ljakarta/servlet/FilterChain;)V+83
j  org.springframework.security.web.authentication.logout.LogoutFilter.doFilter(Ljakarta/servlet/ServletRequest;Ljakarta/servlet/ServletResponse;Ljakarta/servlet/FilterChain;)V+10
j  org.springframework.security.web.FilterChainProxy$VirtualFilterChain.doFilter(Ljakarta/servlet/ServletRequest;Ljakarta/servlet/ServletResponse;)V+105
j  org.springframework.security.web.header.HeaderWriterFilter.doHeadersAfter(Ljakarta/servlet/http/HttpServletRequest;Ljakarta/servlet/http/HttpServletResponse;Ljakarta/servlet/FilterChain;)V+29
j  org.springframework.security.web.header.HeaderWriterFilter.doFilterInternal(Ljakarta/servlet/http/HttpServletRequest;Ljakarta/servlet/http/HttpServletResponse;Ljakarta/servlet/FilterChain;)V+21
j  org.springframework.web.filter.OncePerRequestFilter.doFilter(Ljakarta/servlet/ServletRequest;Ljakarta/servlet/ServletResponse;Ljakarta/servlet/FilterChain;)V+150
j  org.springframework.security.web.FilterChainProxy$VirtualFilterChain.doFilter(Ljakarta/servlet/ServletRequest;Ljakarta/servlet/ServletResponse;)V+105
j  org.springframework.security.web.context.SecurityContextHolderFilter.doFilter(Ljakarta/servlet/http/HttpServletRequest;Ljakarta/servlet/http/HttpServletResponse;Ljakarta/servlet/FilterChain;)V+59
j  org.springframework.security.web.context.SecurityContextHolderFilter.doFilter(Ljakarta/servlet/ServletRequest;Ljakarta/servlet/ServletResponse;Ljakarta/servlet/FilterChain;)V+10
j  org.springframework.security.web.FilterChainProxy$VirtualFilterChain.doFilter(Ljakarta/servlet/ServletRequest;Ljakarta/servlet/ServletResponse;)V+105
j  org.springframework.security.web.context.request.async.WebAsyncManagerIntegrationFilter.doFilterInternal(Ljakarta/servlet/http/HttpServletRequest;Ljakarta/servlet/http/HttpServletResponse;Ljakarta/servlet/FilterChain;)V+55
j  org.springframework.web.filter.OncePerRequestFilter.doFilter(Ljakarta/servlet/ServletRequest;Ljakarta/servlet/ServletResponse;Ljakarta/servlet/FilterChain;)V+150
j  org.springframework.security.web.FilterChainProxy$VirtualFilterChain.doFilter(Ljakarta/servlet/ServletRequest;Ljakarta/servlet/ServletResponse;)V+105
j  org.springframework.security.web.session.DisableEncodeUrlFilter.doFilterInternal(Ljakarta/servlet/http/HttpServletRequest;Ljakarta/servlet/http/HttpServletResponse;Ljakarta/servlet/FilterChain;)V+10
j  org.springframework.web.filter.OncePerRequestFilter.doFilter(Ljakarta/servlet/ServletRequest;Ljakarta/servlet/ServletResponse;Ljakarta/servlet/FilterChain;)V+150
j  org.springframework.security.web.FilterChainProxy$VirtualFilterChain.doFilter(Ljakarta/servlet/ServletRequest;Ljakarta/servlet/ServletResponse;)V+105
j  org.springframework.security.web.FilterChainProxy.doFilterInternal(Ljakarta/servlet/ServletRequest;Ljakarta/servlet/ServletResponse;Ljakarta/servlet/FilterChain;)V+163
j  org.springframework.security.web.FilterChainProxy.doFilter(Ljakarta/servlet/ServletRequest;Ljakarta/servlet/ServletResponse;Ljakarta/servlet/FilterChain;)V+48
j  org.springframework.web.filter.DelegatingFilterProxy.invokeDelegate(Ljakarta/servlet/Filter;Ljakarta/servlet/ServletRequest;Ljakarta/servlet/ServletResponse;Ljakarta/servlet/FilterChain;)V+5
j  org.springframework.web.filter.DelegatingFilterProxy.doFilter(Ljakarta/servlet/ServletRequest;Ljakarta/servlet/ServletResponse;Ljakarta/servlet/FilterChain;)V+85
j  org.apache.catalina.core.ApplicationFilterChain.internalDoFilter(Ljakarta/servlet/ServletRequest;Ljakarta/servlet/ServletResponse;)V+135
j  org.apache.catalina.core.ApplicationFilterChain.doFilter(Ljakarta/servlet/ServletRequest;Ljakarta/servlet/ServletResponse;)V+99
j  org.springframework.web.filter.RequestContextFilter.doFilterInternal(Ljakarta/servlet/http/HttpServletRequest;Ljakarta/servlet/http/HttpServletResponse;Ljakarta/servlet/FilterChain;)V+21
j  org.springframework.web.filter.OncePerRequestFilter.doFilter(Ljakarta/servlet/ServletRequest;Ljakarta/servlet/ServletResponse;Ljakarta/servlet/FilterChain;)V+150
j  org.apache.catalina.core.ApplicationFilterChain.internalDoFilter(Ljakarta/servlet/ServletRequest;Ljakarta/servlet/ServletResponse;)V+135
j  org.apache.catalina.core.ApplicationFilterChain.doFilter(Ljakarta/servlet/ServletRequest;Ljakarta/servlet/ServletResponse;)V+99
j  org.springframework.web.filter.FormContentFilter.doFilterInternal(Ljakarta/servlet/http/HttpServletRequest;Ljakarta/servlet/http/HttpServletResponse;Ljakarta/servlet/FilterChain;)V+38
j  org.springframework.web.filter.OncePerRequestFilter.doFilter(Ljakarta/servlet/ServletRequest;Ljakarta/servlet/ServletResponse;Ljakarta/servlet/FilterChain;)V+150
j  org.apache.catalina.core.ApplicationFilterChain.internalDoFilter(Ljakarta/servlet/ServletRequest;Ljakarta/servlet/ServletResponse;)V+135
j  org.apache.catalina.core.ApplicationFilterChain.doFilter(Ljakarta/servlet/ServletRequest;Ljakarta/servlet/ServletResponse;)V+99
j  org.springframework.web.filter.CharacterEncodingFilter.doFilterInternal(Ljakarta/servlet/http/HttpServletRequest;Ljakarta/servlet/http/HttpServletResponse;Ljakarta/servlet/FilterChain;)V+53
j  org.springframework.web.filter.OncePerRequestFilter.doFilter(Ljakarta/servlet/ServletRequest;Ljakarta/servlet/ServletResponse;Ljakarta/servlet/FilterChain;)V+150
j  org.apache.catalina.core.ApplicationFilterChain.internalDoFilter(Ljakarta/servlet/ServletRequest;Ljakarta/servlet/ServletResponse;)V+135
j  org.apache.catalina.core.ApplicationFilterChain.doFilter(Ljakarta/servlet/ServletRequest;Ljakarta/servlet/ServletResponse;)V+99
j  org.apache.catalina.core.StandardWrapperValve.invoke(Lorg/apache/catalina/connector/Request;Lorg/apache/catalina/connector/Response;)V+514
j  org.apache.catalina.core.StandardContextValve.invoke(Lorg/apache/catalina/connector/Request;Lorg/apache/catalina/connector/Response;)V+169
j  org.apache.catalina.authenticator.AuthenticatorBase.invoke(Lorg/apache/catalina/connector/Request;Lorg/apache/catalina/connector/Response;)V+218
j  org.apache.catalina.core.StandardHostValve.invoke(Lorg/apache/catalina/connector/Request;Lorg/apache/catalina/connector/Response;)V+131
j  org.apache.catalina.valves.ErrorReportValve.invoke(Lorg/apache/catalina/connector/Request;Lorg/apache/catalina/connector/Response;)V+6
j  org.apache.catalina.core.StandardEngineValve.invoke(Lorg/apache/catalina/connector/Request;Lorg/apache/catalina/connector/Response;)V+59
j  org.apache.catalina.connector.CoyoteAdapter.service(Lorg/apache/coyote/Request;Lorg/apache/coyote/Response;)V+187
j  org.apache.coyote.http11.Http11Processor.service(Lorg/apache/tomcat/util/net/SocketWrapperBase;)Lorg/apache/tomcat/util/net/AbstractEndpoint$Handler$SocketState;+785
j  org.apache.coyote.AbstractProcessorLight.process(Lorg/apache/tomcat/util/net/SocketWrapperBase;Lorg/apache/tomcat/util/net/SocketEvent;)Lorg/apache/tomcat/util/net/AbstractEndpoint$Handler$SocketState;+152
j  org.apache.coyote.AbstractProtocol$ConnectionHandler.process(Lorg/apache/tomcat/util/net/SocketWrapperBase;Lorg/apache/tomcat/util/net/SocketEvent;)Lorg/apache/tomcat/util/net/AbstractEndpoint$Handler$SocketState;+482
j  org.apache.tomcat.util.net.NioEndpoint$SocketProcessor.doRun()V+249
j  org.apache.tomcat.util.net.SocketProcessorBase.run()V+32
j  org.apache.tomcat.util.threads.ThreadPoolExecutor.runWorker(Lorg/apache/tomcat/util/threads/ThreadPoolExecutor$Worker;)V+92
j  org.apache.tomcat.util.threads.ThreadPoolExecutor$Worker.run()V+5
j  org.apache.tomcat.util.threads.TaskThread$WrappingRunnable.run()V+4
j  java.lang.Thread.run()V+11 java.base@17.0.8.1
v  ~StubRoutines::call_stub

siginfo: EXCEPTION_ACCESS_VIOLATION (0xc0000005), reading address 0x00000002fae20af0


Register to memory mapping:

RIP=0x00007ffdc13c0451 jvm.dll
RAX=0x00000011976f91d8 is pointing into the stack for thread: 0x0000015d853c2ba0
RBX=0x0000015d842a4530 points into unknown readable memory: 0x00000002fae20ae8 | e8 0a e2 fa 02 00 00 00
RCX=0x00000011976f9150 is pointing into the stack for thread: 0x0000015d853c2ba0
RDX=0x00000011976f9150 is pointing into the stack for thread: 0x0000015d853c2ba0
RSP=0x00000011976f9180 is pointing into the stack for thread: 0x0000015d853c2ba0
RBP=0x00000011976f91c9 is pointing into the stack for thread: 0x0000015d853c2ba0
RSI=0x0000015d853c2ba0 is a thread
RDI=0x00000002fae20ae8 is an unknown value
R8 =0x0 is NULL
R9 =0x0000015d8d000d10 is pointing into metadata
R10=0x0000015d83d2aad0 is pointing into metadata
R11=0x0 is NULL
R12=0x0 is NULL
R13=0x0000015d83d2be3d is pointing into metadata
R14=0x00000011976f92f0 is pointing into the stack for thread: 0x0000015d853c2ba0
R15=0x0000015d83d2be3d is pointing into metadata


Registers:
RAX=0x00000011976f91d8, RBX=0x0000015d842a4530, RCX=0x00000011976f9150, RDX=0x00000011976f9150
RSP=0x00000011976f9180, RBP=0x00000011976f91c9, RSI=0x0000015d853c2ba0, RDI=0x00000002fae20ae8
R8 =0x0000000000000000, R9 =0x0000015d8d000d10, R10=0x0000015d83d2aad0, R11=0x0000000000000000
R12=0x0000000000000000, R13=0x0000015d83d2be3d, R14=0x00000011976f92f0, R15=0x0000015d83d2be3d
RIP=0x00007ffdc13c0451, EFLAGS=0x0000000000010202

Top of Stack: (sp=0x00000011976f9180)
0x00000011976f9180:   000000080098b40b 0000015d842a4530
0x00000011976f9190:   00000011976f91c9 0000002700000014
0x00000011976f91a0:   0000000100000027 000000030000000d
0x00000011976f91b0:   0000015dfcdaee70 0000000000000000
0x00000011976f91c0:   00000000000000b9 00007ffdc1129b9f
0x00000011976f91d0:   00000011976f99f0 0000015d84bba6a0
0x00000011976f91e0:   0000015dfcdbb4a0 000000080026e920
0x00000011976f91f0:   00000008009249f8 0000000000000000
0x00000011976f9200:   0000000000000000 00000000000b0101
0x00000011976f9210:   00000011976f9320 00007ffdc11e5914
0x00000011976f9220:   0000015d84413300 0000015d853c2ba0
0x00000011976f9230:   0000015d842a4530 00000000000000b9
0x00000011976f9240:   00000000000000b9 0000015d853c2ba0
0x00000011976f9250:   0000015d83d2be68 0000015d853c2ba0
0x00000011976f9260:   0000000000000000 0000000000000000
0x00000011976f9270:   0000015d83d2aad0 0000015d853c2ba0 

Instructions: (pc=0x00007ffdc13c0451)
0x00007ffdc13c0351:   6b d0 ff ff 48 83 7e 08 00 0f 85 6e 01 00 00 48
0x00007ffdc13c0361:   85 db 75 04 33 ff eb 25 80 3d 0e e3 60 00 00 48
0x00007ffdc13c0371:   8b 3b 74 15 8b 7f 08 8b 0d 8a 1f 5a 00 48 d3 e7
0x00007ffdc13c0381:   48 03 3d 78 1f 5a 00 eb 04 48 8b 7f 08 48 8b d6
0x00007ffdc13c0391:   48 8d 4d 0f e8 56 e5 ff ff 48 83 7e 08 00 0f 85
0x00007ffdc13c03a1:   29 01 00 00 48 89 45 ff 48 89 75 07 48 85 c0 74
0x00007ffdc13c03b1:   14 48 8b 8e 48 02 00 00 48 8d 55 f7 48 89 45 f7
0x00007ffdc13c03c1:   e8 9a a6 aa ff 4c 8b 45 1f 48 8d 55 ff 48 89 74
0x00007ffdc13c03d1:   24 30 4c 8b cb c6 44 24 28 01 49 8b ce 48 89 7c
0x00007ffdc13c03e1:   24 20 e8 48 1e 00 00 e9 d8 00 00 00 4c 8b 4d 7f
0x00007ffdc13c03f1:   45 8b c2 49 8b d3 49 8b ce e8 31 03 00 00 e9 d3
0x00007ffdc13c0401:   00 00 00 4c 8b 4d 7f 45 8b c2 49 8b d3 49 8b ce
0x00007ffdc13c0411:   e8 3a 01 00 00 e9 bc 00 00 00 48 8b 75 7f 48 8d
0x00007ffdc13c0421:   4d 0f 4c 8b ce 45 8b c2 49 8b d3 e8 8f cf ff ff
0x00007ffdc13c0431:   48 83 7e 08 00 0f 85 92 00 00 00 48 85 db 75 04
0x00007ffdc13c0441:   33 ff eb 25 80 3d 32 e2 60 00 00 48 8b 3b 74 15
0x00007ffdc13c0451:   8b 7f 08 8b 0d ae 1e 5a 00 48 d3 e7 48 03 3d 9c
0x00007ffdc13c0461:   1e 5a 00 eb 04 48 8b 7f 08 4c 8b c6 48 8d 4d 0f
0x00007ffdc13c0471:   ba b9 00 00 00 e8 85 f6 ff ff 48 83 7e 08 00 75
0x00007ffdc13c0481:   4c 48 89 45 ff 48 89 75 07 48 85 c0 74 14 48 8b
0x00007ffdc13c0491:   8e 48 02 00 00 48 8d 55 f7 48 89 45 f7 e8 bd a5
0x00007ffdc13c04a1:   aa ff 4c 8b 45 1f 48 8d 55 ff 48 89 74 24 30 4c
0x00007ffdc13c04b1:   8b cb c6 44 24 28 01 49 8b ce 48 89 7c 24 20 e8
0x00007ffdc13c04c1:   cb 13 00 00 48 8d 4d ff e8 22 cc de ff 48 8d 4d
0x00007ffdc13c04d1:   2f e8 19 cc de ff 48 8b b4 24 a0 00 00 00 48 8b
0x00007ffdc13c04e1:   bc 24 a8 00 00 00 4c 8d 9c 24 90 00 00 00 49 8b
0x00007ffdc13c04f1:   5b 20 4d 8b 73 28 49 8b e3 5d c3 3f 03 56 00 c9
0x00007ffdc13c0501:   02 56 00 91 02 56 00 1b 04 56 00 04 04 56 00 ed
0x00007ffdc13c0511:   03 56 00 d7 04 56 00 00 01 02 03 04 06 06 06 06
0x00007ffdc13c0521:   06 06 06 06 06 06 06 06 06 06 06 06 06 06 06 06
0x00007ffdc13c0531:   06 06 06 06 06 06 06 06 06 06 06 06 06 06 06 06
0x00007ffdc13c0541:   06 06 06 06 06 06 06 06 06 06 05 cc cc cc cc 40 


Stack slot to memory mapping:
stack at sp + 0 slots: 0x000000080098b40b is pointing into metadata
stack at sp + 1 slots: 0x0000015d842a4530 points into unknown readable memory: 0x00000002fae20ae8 | e8 0a e2 fa 02 00 00 00
stack at sp + 2 slots: 0x00000011976f91c9 is pointing into the stack for thread: 0x0000015d853c2ba0
stack at sp + 3 slots: 0x0000002700000014 is an unknown value
stack at sp + 4 slots: 0x0000000100000027 is an unknown value
stack at sp + 5 slots: 0x000000030000000d is an unknown value
stack at sp + 6 slots: 0x0000015dfcdaee70 points into unknown readable memory: 0x616a00106e30ffff | ff ff 30 6e 10 00 6a 61
stack at sp + 7 slots: 0x0 is NULL


---------------  P R O C E S S  ---------------

Threads class SMR info:
_java_thread_list=0x0000015d875737d0, length=30, elements={
0x0000015dff25e7e0, 0x0000015dff2600b0, 0x0000015dff24b250, 0x0000015dff296260,
0x0000015dff2988d0, 0x0000015dff29d630, 0x0000015dff2a70a0, 0x0000015dff2aa160,
0x0000015dff2cf9c0, 0x0000015dff439070, 0x0000015dff438b60, 0x0000015d853c0320,
0x0000015d853c1c70, 0x0000015d853c5420, 0x0000015d853c30b0, 0x0000015d853c2180,
0x0000015d85e485c0, 0x0000015d853c0830, 0x0000015d853c2ba0, 0x0000015d853c3fe0,
0x0000015d853c1760, 0x0000015d853c7280, 0x0000015d853c44f0, 0x0000015d853c4a00,
0x0000015d853c2690, 0x0000015d853bfe10, 0x0000015d853c1250, 0x0000015d853c7790,
0x0000015d853c4f10, 0x0000015d853c5930
}

Java Threads: ( => current thread )
  0x0000015dff25e7e0 JavaThread "Reference Handler" daemon [_thread_blocked, id=13988, stack(0x0000001195c00000,0x0000001195d00000)]
  0x0000015dff2600b0 JavaThread "Finalizer" daemon [_thread_blocked, id=3732, stack(0x0000001195d00000,0x0000001195e00000)]
  0x0000015dff24b250 JavaThread "Signal Dispatcher" daemon [_thread_blocked, id=7136, stack(0x0000001195e00000,0x0000001195f00000)]
  0x0000015dff296260 JavaThread "Attach Listener" daemon [_thread_blocked, id=19208, stack(0x0000001195f00000,0x0000001196000000)]
  0x0000015dff2988d0 JavaThread "Service Thread" daemon [_thread_blocked, id=10644, stack(0x0000001196000000,0x0000001196100000)]
  0x0000015dff29d630 JavaThread "Monitor Deflation Thread" daemon [_thread_blocked, id=16972, stack(0x0000001196100000,0x0000001196200000)]
  0x0000015dff2a70a0 JavaThread "C2 CompilerThread0" daemon [_thread_in_native, id=6628, stack(0x0000001196200000,0x0000001196300000)]
  0x0000015dff2aa160 JavaThread "C1 CompilerThread0" daemon [_thread_blocked, id=7020, stack(0x0000001196300000,0x0000001196400000)]
  0x0000015dff2cf9c0 JavaThread "Sweeper thread" daemon [_thread_blocked, id=13440, stack(0x0000001196400000,0x0000001196500000)]
  0x0000015dff439070 JavaThread "Notification Thread" daemon [_thread_blocked, id=7432, stack(0x0000001196500000,0x0000001196600000)]
  0x0000015dff438b60 JavaThread "Common-Cleaner" daemon [_thread_blocked, id=11552, stack(0x0000001196700000,0x0000001196800000)]
  0x0000015d853c0320 JavaThread "Catalina-utility-1" [_thread_blocked, id=19260, stack(0x0000001196c00000,0x0000001196d00000)]
  0x0000015d853c1c70 JavaThread "Catalina-utility-2" [_thread_blocked, id=14012, stack(0x0000001196d00000,0x0000001196e00000)]
  0x0000015d853c5420 JavaThread "container-0" [_thread_blocked, id=10348, stack(0x0000001196e00000,0x0000001196f00000)]
  0x0000015d853c30b0 JavaThread "mssql-jdbc-shared-timer-core-0" daemon [_thread_blocked, id=11788, stack(0x0000001197000000,0x0000001197100000)]
  0x0000015d853c2180 JavaThread "HikariPool-1 housekeeper" daemon [_thread_blocked, id=15060, stack(0x0000001197100000,0x0000001197200000)]
  0x0000015d85e485c0 JavaThread "C2 CompilerThread1" daemon [_thread_in_native, id=8080, stack(0x0000001196800000,0x0000001196900000)]
  0x0000015d853c0830 JavaThread "http-nio-8080-exec-1" daemon [_thread_blocked, id=17500, stack(0x0000001197500000,0x0000001197600000)]
=>0x0000015d853c2ba0 JavaThread "http-nio-8080-exec-2" daemon [_thread_in_vm, id=12480, stack(0x0000001197600000,0x0000001197700000)]
  0x0000015d853c3fe0 JavaThread "http-nio-8080-exec-3" daemon [_thread_blocked, id=7324, stack(0x0000001197700000,0x0000001197800000)]
  0x0000015d853c1760 JavaThread "http-nio-8080-exec-4" daemon [_thread_blocked, id=5380, stack(0x0000001197800000,0x0000001197900000)]
  0x0000015d853c7280 JavaThread "http-nio-8080-exec-5" daemon [_thread_blocked, id=5096, stack(0x0000001197900000,0x0000001197a00000)]
  0x0000015d853c44f0 JavaThread "http-nio-8080-exec-6" daemon [_thread_blocked, id=9620, stack(0x0000001197a00000,0x0000001197b00000)]
  0x0000015d853c4a00 JavaThread "http-nio-8080-exec-7" daemon [_thread_blocked, id=10992, stack(0x0000001197b00000,0x0000001197c00000)]
  0x0000015d853c2690 JavaThread "http-nio-8080-exec-8" daemon [_thread_blocked, id=13328, stack(0x0000001197c00000,0x0000001197d00000)]
  0x0000015d853bfe10 JavaThread "http-nio-8080-exec-9" daemon [_thread_blocked, id=17600, stack(0x0000001197d00000,0x0000001197e00000)]
  0x0000015d853c1250 JavaThread "http-nio-8080-exec-10" daemon [_thread_blocked, id=17480, stack(0x0000001197e00000,0x0000001197f00000)]
  0x0000015d853c7790 JavaThread "http-nio-8080-Poller" daemon [_thread_in_native, id=11988, stack(0x0000001197f00000,0x0000001198000000)]
  0x0000015d853c4f10 JavaThread "http-nio-8080-Acceptor" daemon [_thread_in_native, id=15080, stack(0x0000001198000000,0x0000001198100000)]
  0x0000015d853c5930 JavaThread "DestroyJavaVM" [_thread_blocked, id=16628, stack(0x0000001195500000,0x0000001195600000)]

Other Threads:
  0x0000015dfce9e490 VMThread "VM Thread" [stack: 0x0000001195b00000,0x0000001195c00000] [id=6984]
  0x0000015dff440ce0 WatcherThread [stack: 0x0000001196600000,0x0000001196700000] [id=5764]
  0x0000015de115d4e0 GCTaskThread "GC Thread#0" [stack: 0x0000001195600000,0x0000001195700000] [id=16308]
  0x0000015dff472b50 GCTaskThread "GC Thread#1" [stack: 0x0000001196900000,0x0000001196a00000] [id=8088]
  0x0000015dff471ad0 GCTaskThread "GC Thread#2" [stack: 0x0000001196a00000,0x0000001196b00000] [id=12360]
  0x0000015dff471550 GCTaskThread "GC Thread#3" [stack: 0x0000001196b00000,0x0000001196c00000] [id=6040]
  0x0000015dfccaffc0 ConcurrentGCThread "G1 Main Marker" [stack: 0x0000001195700000,0x0000001195800000] [id=2880]
  0x0000015dfccb29d0 ConcurrentGCThread "G1 Conc#0" [stack: 0x0000001195800000,0x0000001195900000] [id=15544]
  0x0000015dfcd56e30 ConcurrentGCThread "G1 Refine#0" [stack: 0x0000001195900000,0x0000001195a00000] [id=11924]
  0x0000015d86d15060 ConcurrentGCThread "G1 Refine#1" [stack: 0x0000001197300000,0x0000001197400000] [id=17940]
  0x0000015d86d16200 ConcurrentGCThread "G1 Refine#2" [stack: 0x0000001197400000,0x0000001197500000] [id=3144]
  0x0000015dfcd57850 ConcurrentGCThread "G1 Service" [stack: 0x0000001195a00000,0x0000001195b00000] [id=8664]

Threads with active compile tasks:
C2 CompilerThread0    15258 5616       4       java.util.concurrent.ConcurrentMap::computeIfAbsent (51 bytes)
C2 CompilerThread1    15258 5767       4       org.springframework.core.annotation.AnnotationsScanner::process (55 bytes)

VM state: not at safepoint (normal execution)

VM Mutex/Monitor currently owned by a thread: None

Heap address: 0x0000000704c00000, size: 4020 MB, Compressed Oops mode: Zero based, Oop shift amount: 3

CDS archive(s) not mapped
Compressed class space mapped at: 0x0000000800000000-0x0000000840000000, reserved size: 1073741824
Narrow klass base: 0x0000000800000000, Narrow klass shift: 0, Narrow klass range: 0x40000000

GC Precious Log:
 CPUs: 4 total, 4 available
 Memory: 16079M
 Large Page Support: Disabled
 NUMA Support: Disabled
 Compressed Oops: Enabled (Zero based)
 Heap Region Size: 2M
 Heap Min Capacity: 8M
 Heap Initial Capacity: 252M
 Heap Max Capacity: 4020M
 Pre-touch: Disabled
 Parallel Workers: 4
 Concurrent Workers: 1
 Concurrent Refinement Workers: 4
 Periodic GC: Disabled

Heap:
 garbage-first heap   total 75776K, used 38393K [0x0000000704c00000, 0x0000000800000000)
  region size 2048K, 4 young (8192K), 1 survivors (2048K)
 Metaspace       used 83312K, committed 83904K, reserved 1179648K
  class space    used 10284K, committed 10560K, reserved 1048576K

Heap Regions: E=young(eden), S=young(survivor), O=old, HS=humongous(starts), HC=humongous(continues), CS=collection set, F=free, OA=open archive, CA=closed archive, TAMS=top-at-mark-start (previous, next)
|   0|0x0000000704c00000, 0x0000000704c0b200, 0x0000000704e00000|  2%| O|  |TAMS 0x0000000704c0b200, 0x0000000704c00000| Untracked 
|   1|0x0000000704e00000, 0x0000000705000000, 0x0000000705000000|100%| O|  |TAMS 0x0000000705000000, 0x0000000704e00000| Untracked 
|   2|0x0000000705000000, 0x00000007051cae00, 0x0000000705200000| 89%| O|  |TAMS 0x00000007051cae00, 0x0000000705000000| Untracked 
|   3|0x0000000705200000, 0x0000000705400000, 0x0000000705400000|100%| O|  |TAMS 0x0000000705400000, 0x0000000705200000| Untracked 
|   4|0x0000000705400000, 0x0000000705600000, 0x0000000705600000|100%| O|  |TAMS 0x0000000705600000, 0x0000000705400000| Untracked 
|   5|0x0000000705600000, 0x0000000705800000, 0x0000000705800000|100%| O|  |TAMS 0x0000000705800000, 0x0000000705600000| Untracked 
|   6|0x0000000705800000, 0x0000000705a00000, 0x0000000705a00000|100%| O|  |TAMS 0x0000000705a00000, 0x0000000705800000| Untracked 
|   7|0x0000000705a00000, 0x0000000705c00000, 0x0000000705c00000|100%| O|  |TAMS 0x0000000705c00000, 0x0000000705a00000| Untracked 
|   8|0x0000000705c00000, 0x0000000705e00000, 0x0000000705e00000|100%| O|  |TAMS 0x0000000705e00000, 0x0000000705c00000| Untracked 
|   9|0x0000000705e00000, 0x0000000706000000, 0x0000000706000000|100%| O|  |TAMS 0x0000000706000000, 0x0000000705e00000| Untracked 
|  10|0x0000000706000000, 0x0000000706200000, 0x0000000706200000|100%| O|  |TAMS 0x00000007061a7e00, 0x0000000706000000| Untracked 
|  11|0x0000000706200000, 0x0000000706400000, 0x0000000706400000|100%| O|  |TAMS 0x0000000706200000, 0x0000000706200000| Untracked 
|  12|0x0000000706400000, 0x0000000706600000, 0x0000000706600000|100%| O|  |TAMS 0x0000000706400000, 0x0000000706400000| Untracked 
|  13|0x0000000706600000, 0x0000000706800000, 0x0000000706800000|100%| O|  |TAMS 0x0000000706600000, 0x0000000706600000| Untracked 
|  14|0x0000000706800000, 0x0000000706a00000, 0x0000000706a00000|100%| O|  |TAMS 0x0000000706800000, 0x0000000706800000| Untracked 
|  15|0x0000000706a00000, 0x0000000706c00000, 0x0000000706c00000|100%| O|  |TAMS 0x0000000706a00000, 0x0000000706a00000| Untracked 
|  16|0x0000000706c00000, 0x0000000706e00000, 0x0000000706e00000|100%| O|  |TAMS 0x0000000706c00000, 0x0000000706c00000| Untracked 
|  17|0x0000000706e00000, 0x0000000706e2e800, 0x0000000707000000|  9%| O|  |TAMS 0x0000000706e00000, 0x0000000706e00000| Untracked 
|  18|0x0000000707000000, 0x0000000707000000, 0x0000000707200000|  0%| F|  |TAMS 0x0000000707000000, 0x0000000707000000| Untracked 
|  19|0x0000000707200000, 0x0000000707200000, 0x0000000707400000|  0%| F|  |TAMS 0x0000000707200000, 0x0000000707200000| Untracked 
|  20|0x0000000707400000, 0x0000000707400000, 0x0000000707600000|  0%| F|  |TAMS 0x0000000707400000, 0x0000000707400000| Untracked 
|  21|0x0000000707600000, 0x0000000707600000, 0x0000000707800000|  0%| F|  |TAMS 0x0000000707600000, 0x0000000707600000| Untracked 
|  22|0x0000000707800000, 0x0000000707800000, 0x0000000707a00000|  0%| F|  |TAMS 0x0000000707800000, 0x0000000707800000| Untracked 
|  23|0x0000000707a00000, 0x0000000707a00000, 0x0000000707c00000|  0%| F|  |TAMS 0x0000000707a00000, 0x0000000707a00000| Untracked 
|  24|0x0000000707c00000, 0x0000000707d79c00, 0x0000000707e00000| 73%| S|CS|TAMS 0x0000000707c00000, 0x0000000707c00000| Complete 
|  25|0x0000000707e00000, 0x0000000707e00000, 0x0000000708000000|  0%| F|  |TAMS 0x0000000707e00000, 0x0000000707e00000| Untracked 
|  26|0x0000000708000000, 0x0000000708000000, 0x0000000708200000|  0%| F|  |TAMS 0x0000000708000000, 0x0000000708000000| Untracked 
|  27|0x0000000708200000, 0x0000000708200000, 0x0000000708400000|  0%| F|  |TAMS 0x0000000708200000, 0x0000000708200000| Untracked 
|  28|0x0000000708400000, 0x0000000708400000, 0x0000000708600000|  0%| F|  |TAMS 0x0000000708400000, 0x0000000708400000| Untracked 
|  29|0x0000000708600000, 0x0000000708600000, 0x0000000708800000|  0%| F|  |TAMS 0x0000000708600000, 0x0000000708600000| Untracked 
|  30|0x0000000708800000, 0x0000000708800000, 0x0000000708a00000|  0%| F|  |TAMS 0x0000000708800000, 0x0000000708800000| Untracked 
|  31|0x0000000708a00000, 0x0000000708a00000, 0x0000000708c00000|  0%| F|  |TAMS 0x0000000708a00000, 0x0000000708a00000| Untracked 
|  32|0x0000000708c00000, 0x0000000708c00000, 0x0000000708e00000|  0%| F|  |TAMS 0x0000000708c00000, 0x0000000708c00000| Untracked 
|  57|0x000000070be00000, 0x000000070be00000, 0x000000070c000000|  0%| F|  |TAMS 0x000000070be00000, 0x000000070be00000| Untracked 
|  58|0x000000070c000000, 0x000000070c057d70, 0x000000070c200000| 17%| E|  |TAMS 0x000000070c000000, 0x000000070c000000| Complete 
|  59|0x000000070c200000, 0x000000070c400000, 0x000000070c400000|100%| E|CS|TAMS 0x000000070c200000, 0x000000070c200000| Complete 
| 125|0x0000000714600000, 0x0000000714800000, 0x0000000714800000|100%| E|CS|TAMS 0x0000000714600000, 0x0000000714600000| Complete 

Card table byte_map: [0x0000015df3f40000,0x0000015df4720000] _byte_map_base: 0x0000015df071a000

Marking Bits (Prev, Next): (CMBitMap*) 0x0000015de115e6a0, (CMBitMap*) 0x0000015de115e660
 Prev Bits: [0x0000015df8dd0000, 0x0000015dfcca0000)
 Next Bits: [0x0000015df4f00000, 0x0000015df8dd0000)

Polling page: 0x0000015dde9d0000

Metaspace:

Usage:
  Non-class:     71.32 MB used.
      Class:     10.04 MB used.
       Both:     81.36 MB used.

Virtual space:
  Non-class space:      128.00 MB reserved,      71.62 MB ( 56%) committed,  2 nodes.
      Class space:        1.00 GB reserved,      10.31 MB (  1%) committed,  1 nodes.
             Both:        1.12 GB reserved,      81.94 MB (  7%) committed. 

Chunk freelists:
   Non-Class:  7.66 MB
       Class:  5.70 MB
        Both:  13.36 MB

MaxMetaspaceSize: unlimited
CompressedClassSpaceSize: 1.00 GB
Initial GC threshold: 21.00 MB
Current GC threshold: 98.44 MB
CDS: off
MetaspaceReclaimPolicy: balanced
 - commit_granule_bytes: 65536.
 - commit_granule_words: 8192.
 - virtual_space_node_default_size: 8388608.
 - enlarge_chunks_in_place: 1.
 - new_chunks_are_fully_committed: 0.
 - uncommit_free_chunks: 1.
 - use_allocation_guard: 0.
 - handle_deallocations: 1.


Internal statistics:

num_allocs_failed_limit: 11.
num_arena_births: 802.
num_arena_deaths: 0.
num_vsnodes_births: 3.
num_vsnodes_deaths: 0.
num_space_committed: 1311.
num_space_uncommitted: 0.
num_chunks_returned_to_freelist: 11.
num_chunks_taken_from_freelist: 3333.
num_chunk_merges: 8.
num_chunk_splits: 2443.
num_chunks_enlarged: 1919.
num_inconsistent_stats: 0.

CodeHeap 'non-profiled nmethods': size=120000Kb used=3993Kb max_used=3993Kb free=116006Kb
 bounds [0x0000015dec230000, 0x0000015dec620000, 0x0000015df3760000]
CodeHeap 'profiled nmethods': size=120000Kb used=11818Kb max_used=11818Kb free=108181Kb
 bounds [0x0000015de4760000, 0x0000015de52f0000, 0x0000015debc90000]
CodeHeap 'non-nmethods': size=5760Kb used=1394Kb max_used=1456Kb free=4365Kb
 bounds [0x0000015debc90000, 0x0000015debf00000, 0x0000015dec230000]
 total_blobs=6453 nmethods=5720 adapters=645
 compilation: enabled
              stopped_count=0, restarted_count=0
 full_count=0

Compilation events (20 events):
Event: 14.931 Thread 0x0000015dff2aa160 6488       2       java.lang.invoke.LambdaFormBuffer::endEdit (313 bytes)
Event: 14.932 Thread 0x0000015dff2aa160 nmethod 6488 0x0000015de52e6b90 code [0x0000015de52e6da0, 0x0000015de52e7638]
Event: 14.932 Thread 0x0000015dff2aa160 6489       2       java.lang.invoke.LambdaFormBuffer::replaceName (124 bytes)
Event: 14.932 Thread 0x0000015dff2aa160 nmethod 6489 0x0000015de52e7a10 code [0x0000015de52e7bc0, 0x0000015de52e7d28]
Event: 14.935 Thread 0x0000015dff2aa160 6490       1       java.util.logging.LogManager$LoggerWeakRef::setParentRef (6 bytes)
Event: 14.935 Thread 0x0000015dff2aa160 nmethod 6490 0x0000015dec601990 code [0x0000015dec601b20, 0x0000015dec601c38]
Event: 14.936 Thread 0x0000015dff2aa160 6491       2       org.apache.jasper.compiler.SmapUtil$SDEInstaller::readU1 (21 bytes)
Event: 14.937 Thread 0x0000015dff2aa160 nmethod 6491 0x0000015de52e7e10 code [0x0000015de52e7fa0, 0x0000015de52e80d8]
Event: 14.937 Thread 0x0000015dff2aa160 6493       2       org.apache.jasper.compiler.SmapUtil$SDEInstaller::readBytes (38 bytes)
Event: 14.937 Thread 0x0000015dff2aa160 nmethod 6493 0x0000015de52e8190 code [0x0000015de52e8340, 0x0000015de52e8598]
Event: 14.937 Thread 0x0000015dff2aa160 6494       2       org.apache.jasper.compiler.SmapUtil$SDEInstaller::writeBytes (45 bytes)
Event: 14.937 Thread 0x0000015dff2aa160 nmethod 6494 0x0000015de52e8710 code [0x0000015de52e88a0, 0x0000015de52e8a58]
Event: 14.937 Thread 0x0000015dff2aa160 6492       2       org.apache.jasper.compiler.SmapUtil$SDEInstaller::writeU1 (19 bytes)
Event: 14.937 Thread 0x0000015dff2aa160 nmethod 6492 0x0000015de52e8b90 code [0x0000015de52e8d20, 0x0000015de52e8e58]
Event: 14.937 Thread 0x0000015dff2aa160 6495       2       org.apache.jasper.compiler.SmapUtil$SDEInstaller::writeU2 (18 bytes)
Event: 14.938 Thread 0x0000015dff2aa160 nmethod 6495 0x0000015de52e8f10 code [0x0000015de52e90c0, 0x0000015de52e9218]
Event: 14.953 Thread 0x0000015dff2aa160 6496       2       org.apache.catalina.core.DefaultInstanceManager::findLifecycleCallback (110 bytes)
Event: 14.955 Thread 0x0000015dff2aa160 nmethod 6496 0x0000015de52e9310 code [0x0000015de52e95a0, 0x0000015de52e9fd8]
Event: 14.965 Thread 0x0000015dff2aa160 6497       2       java.io.Writer::write (11 bytes)
Event: 14.965 Thread 0x0000015dff2aa160 nmethod 6497 0x0000015de52ea590 code [0x0000015de52ea740, 0x0000015de52ea8a8]

GC Heap History (20 events):
Event: 5.525 GC heap before
{Heap before GC invocations=10 (full 0):
 garbage-first heap   total 149504K, used 38744K [0x0000000704c00000, 0x0000000800000000)
  region size 2048K, 14 young (28672K), 1 survivors (2048K)
 Metaspace       used 35596K, committed 35968K, reserved 1114112K
  class space    used 4159K, committed 4352K, reserved 1048576K
}
Event: 5.534 GC heap after
{Heap after GC invocations=11 (full 0):
 garbage-first heap   total 149504K, used 17114K [0x0000000704c00000, 0x0000000800000000)
  region size 2048K, 3 young (6144K), 3 survivors (6144K)
 Metaspace       used 35596K, committed 35968K, reserved 1114112K
  class space    used 4159K, committed 4352K, reserved 1048576K
}
Event: 6.707 GC heap before
{Heap before GC invocations=12 (full 0):
 garbage-first heap   total 75776K, used 53978K [0x0000000704c00000, 0x0000000800000000)
  region size 2048K, 22 young (45056K), 3 survivors (6144K)
 Metaspace       used 42176K, committed 42624K, reserved 1114112K
  class space    used 4916K, committed 5184K, reserved 1048576K
}
Event: 6.718 GC heap after
{Heap after GC invocations=13 (full 0):
 garbage-first heap   total 75776K, used 20125K [0x0000000704c00000, 0x0000000800000000)
  region size 2048K, 4 young (8192K), 4 survivors (8192K)
 Metaspace       used 42176K, committed 42624K, reserved 1114112K
  class space    used 4916K, committed 5184K, reserved 1048576K
}
Event: 8.090 GC heap before
{Heap before GC invocations=13 (full 0):
 garbage-first heap   total 75776K, used 52893K [0x0000000704c00000, 0x0000000800000000)
  region size 2048K, 20 young (40960K), 4 survivors (8192K)
 Metaspace       used 52391K, committed 52864K, reserved 1114112K
  class space    used 6257K, committed 6464K, reserved 1048576K
}
Event: 8.100 GC heap after
{Heap after GC invocations=14 (full 0):
 garbage-first heap   total 75776K, used 22234K [0x0000000704c00000, 0x0000000800000000)
  region size 2048K, 3 young (6144K), 3 survivors (6144K)
 Metaspace       used 52391K, committed 52864K, reserved 1114112K
  class space    used 6257K, committed 6464K, reserved 1048576K
}
Event: 9.321 GC heap before
{Heap before GC invocations=14 (full 0):
 garbage-first heap   total 75776K, used 50906K [0x0000000704c00000, 0x0000000800000000)
  region size 2048K, 18 young (36864K), 3 survivors (6144K)
 Metaspace       used 59836K, committed 60288K, reserved 1114112K
  class space    used 7321K, committed 7552K, reserved 1048576K
}
Event: 9.330 GC heap after
{Heap after GC invocations=15 (full 0):
 garbage-first heap   total 75776K, used 24569K [0x0000000704c00000, 0x0000000800000000)
  region size 2048K, 3 young (6144K), 3 survivors (6144K)
 Metaspace       used 59836K, committed 60288K, reserved 1114112K
  class space    used 7321K, committed 7552K, reserved 1048576K
}
Event: 9.335 GC heap before
{Heap before GC invocations=15 (full 0):
 garbage-first heap   total 75776K, used 24569K [0x0000000704c00000, 0x0000000800000000)
  region size 2048K, 4 young (8192K), 3 survivors (6144K)
 Metaspace       used 59866K, committed 60288K, reserved 1114112K
  class space    used 7327K, committed 7552K, reserved 1048576K
}
Event: 9.341 GC heap after
{Heap after GC invocations=16 (full 0):
 garbage-first heap   total 75776K, used 24588K [0x0000000704c00000, 0x0000000800000000)
  region size 2048K, 2 young (4096K), 2 survivors (4096K)
 Metaspace       used 59866K, committed 60288K, reserved 1114112K
  class space    used 7327K, committed 7552K, reserved 1048576K
}
Event: 10.681 GC heap before
{Heap before GC invocations=17 (full 0):
 garbage-first heap   total 75776K, used 55308K [0x0000000704c00000, 0x0000000800000000)
  region size 2048K, 17 young (34816K), 2 survivors (4096K)
 Metaspace       used 65773K, committed 66240K, reserved 1114112K
  class space    used 8313K, committed 8512K, reserved 1048576K
}
Event: 10.687 GC heap after
{Heap after GC invocations=18 (full 0):
 garbage-first heap   total 75776K, used 25988K [0x0000000704c00000, 0x0000000800000000)
  region size 2048K, 2 young (4096K), 2 survivors (4096K)
 Metaspace       used 65773K, committed 66240K, reserved 1114112K
  class space    used 8313K, committed 8512K, reserved 1048576K
}
Event: 12.094 GC heap before
{Heap before GC invocations=18 (full 0):
 garbage-first heap   total 75776K, used 58756K [0x0000000704c00000, 0x0000000800000000)
  region size 2048K, 18 young (36864K), 2 survivors (4096K)
 Metaspace       used 69805K, committed 70336K, reserved 1114112K
  class space    used 8868K, committed 9152K, reserved 1048576K
}
Event: 12.102 GC heap after
{Heap after GC invocations=19 (full 0):
 garbage-first heap   total 75776K, used 28331K [0x0000000704c00000, 0x0000000800000000)
  region size 2048K, 3 young (6144K), 3 survivors (6144K)
 Metaspace       used 69805K, committed 70336K, reserved 1114112K
  class space    used 8868K, committed 9152K, reserved 1048576K
}
Event: 13.080 GC heap before
{Heap before GC invocations=19 (full 0):
 garbage-first heap   total 75776K, used 57003K [0x0000000704c00000, 0x0000000800000000)
  region size 2048K, 17 young (34816K), 3 survivors (6144K)
 Metaspace       used 73133K, committed 73664K, reserved 1114112K
  class space    used 9358K, committed 9600K, reserved 1048576K
}
Event: 13.093 GC heap after
{Heap after GC invocations=20 (full 0):
 garbage-first heap   total 75776K, used 30716K [0x0000000704c00000, 0x0000000800000000)
  region size 2048K, 3 young (6144K), 3 survivors (6144K)
 Metaspace       used 73133K, committed 73664K, reserved 1114112K
  class space    used 9358K, committed 9600K, reserved 1048576K
}
Event: 13.948 GC heap before
{Heap before GC invocations=20 (full 0):
 garbage-first heap   total 75776K, used 55292K [0x0000000704c00000, 0x0000000800000000)
  region size 2048K, 16 young (32768K), 3 survivors (6144K)
 Metaspace       used 77009K, committed 77568K, reserved 1179648K
  class space    used 9781K, committed 10048K, reserved 1048576K
}
Event: 13.958 GC heap after
{Heap after GC invocations=21 (full 0):
 garbage-first heap   total 75776K, used 33297K [0x0000000704c00000, 0x0000000800000000)
  region size 2048K, 2 young (4096K), 2 survivors (4096K)
 Metaspace       used 77009K, committed 77568K, reserved 1179648K
  class space    used 9781K, committed 10048K, reserved 1048576K
}
Event: 14.757 GC heap before
{Heap before GC invocations=21 (full 0):
 garbage-first heap   total 75776K, used 55825K [0x0000000704c00000, 0x0000000800000000)
  region size 2048K, 14 young (28672K), 2 survivors (4096K)
 Metaspace       used 82509K, committed 83072K, reserved 1179648K
  class space    used 10211K, committed 10496K, reserved 1048576K
}
Event: 14.764 GC heap after
{Heap after GC invocations=22 (full 0):
 garbage-first heap   total 75776K, used 34297K [0x0000000704c00000, 0x0000000800000000)
  region size 2048K, 1 young (2048K), 1 survivors (2048K)
 Metaspace       used 82509K, committed 83072K, reserved 1179648K
  class space    used 10211K, committed 10496K, reserved 1048576K
}

Dll operation events (9 events):
Event: 0.016 Loaded shared library C:\Users\JPiccione\.p2\pool\plugins\org.eclipse.justj.openjdk.hotspot.jre.full.win32.x86_64_17.0.8.v20230831-1047\jre\bin\java.dll
Event: 0.242 Loaded shared library C:\Users\JPiccione\.p2\pool\plugins\org.eclipse.justj.openjdk.hotspot.jre.full.win32.x86_64_17.0.8.v20230831-1047\jre\bin\jimage.dll
Event: 0.257 Loaded shared library C:\Users\JPiccione\.p2\pool\plugins\org.eclipse.justj.openjdk.hotspot.jre.full.win32.x86_64_17.0.8.v20230831-1047\jre\bin\net.dll
Event: 0.259 Loaded shared library C:\Users\JPiccione\.p2\pool\plugins\org.eclipse.justj.openjdk.hotspot.jre.full.win32.x86_64_17.0.8.v20230831-1047\jre\bin\nio.dll
Event: 0.265 Loaded shared library C:\Users\JPiccione\.p2\pool\plugins\org.eclipse.justj.openjdk.hotspot.jre.full.win32.x86_64_17.0.8.v20230831-1047\jre\bin\zip.dll
Event: 5.600 Loaded shared library C:\Users\JPiccione\.p2\pool\plugins\org.eclipse.justj.openjdk.hotspot.jre.full.win32.x86_64_17.0.8.v20230831-1047\jre\bin\sunmscapi.dll
Event: 5.640 Loaded shared library C:\Users\JPiccione\.p2\pool\plugins\org.eclipse.justj.openjdk.hotspot.jre.full.win32.x86_64_17.0.8.v20230831-1047\jre\bin\management.dll
Event: 5.644 Loaded shared library C:\Users\JPiccione\.p2\pool\plugins\org.eclipse.justj.openjdk.hotspot.jre.full.win32.x86_64_17.0.8.v20230831-1047\jre\bin\management_ext.dll
Event: 7.090 Loaded shared library C:\Users\JPiccione\.p2\pool\plugins\org.eclipse.justj.openjdk.hotspot.jre.full.win32.x86_64_17.0.8.v20230831-1047\jre\bin\verify.dll

Deoptimization events (20 events):
Event: 14.454 Thread 0x0000015d853c2ba0 DEOPT PACKING pc=0x0000015dec30fd04 sp=0x00000011976f98e0
Event: 14.454 Thread 0x0000015d853c2ba0 DEOPT UNPACKING pc=0x0000015debce69a3 sp=0x00000011976f98e0 mode 2
Event: 14.570 Thread 0x0000015d853c2ba0 Uncommon trap: trap_request=0xffffff45 fr.pc=0x0000015dec43332c relative=0x00000000000001ac
Event: 14.570 Thread 0x0000015d853c2ba0 Uncommon trap: reason=unstable_if action=reinterpret pc=0x0000015dec43332c method=java.lang.ClassLoader.getResource(Ljava/lang/String;)Ljava/net/URL; @ 30 c2
Event: 14.570 Thread 0x0000015d853c2ba0 DEOPT PACKING pc=0x0000015dec43332c sp=0x00000011976f9320
Event: 14.570 Thread 0x0000015d853c2ba0 DEOPT UNPACKING pc=0x0000015debce69a3 sp=0x00000011976f9258 mode 2
Event: 14.711 Thread 0x0000015d853c2ba0 DEOPT PACKING pc=0x0000015de52664d8 sp=0x00000011976f8c50
Event: 14.711 Thread 0x0000015d853c2ba0 DEOPT UNPACKING pc=0x0000015debce7143 sp=0x00000011976f80e8 mode 0
Event: 14.722 Thread 0x0000015d853c2ba0 Uncommon trap: trap_request=0xffffff45 fr.pc=0x0000015dec467e5c relative=0x000000000000033c
Event: 14.722 Thread 0x0000015d853c2ba0 Uncommon trap: reason=unstable_if action=reinterpret pc=0x0000015dec467e5c method=java.util.HashMap.getNode(Ljava/lang/Object;)Ljava/util/HashMap$Node; @ 66 c2
Event: 14.722 Thread 0x0000015d853c2ba0 DEOPT PACKING pc=0x0000015dec467e5c sp=0x00000011976f8ba0
Event: 14.722 Thread 0x0000015d853c2ba0 DEOPT UNPACKING pc=0x0000015debce69a3 sp=0x00000011976f8ae0 mode 2
Event: 14.722 Thread 0x0000015d853c2ba0 Uncommon trap: trap_request=0xffffff45 fr.pc=0x0000015dec32e4e4 relative=0x0000000000000344
Event: 14.722 Thread 0x0000015d853c2ba0 Uncommon trap: reason=unstable_if action=reinterpret pc=0x0000015dec32e4e4 method=java.util.HashMap.getNode(Ljava/lang/Object;)Ljava/util/HashMap$Node; @ 66 c2
Event: 14.722 Thread 0x0000015d853c2ba0 DEOPT PACKING pc=0x0000015dec32e4e4 sp=0x00000011976f8b70
Event: 14.722 Thread 0x0000015d853c2ba0 DEOPT UNPACKING pc=0x0000015debce69a3 sp=0x00000011976f8b10 mode 2
Event: 14.943 Thread 0x0000015d853c2ba0 Uncommon trap: trap_request=0xffffffde fr.pc=0x0000015dec2a6be8 relative=0x0000000000001368
Event: 14.943 Thread 0x0000015d853c2ba0 Uncommon trap: reason=class_check action=maybe_recompile pc=0x0000015dec2a6be8 method=jdk.internal.loader.URLClassPath.getLoader(I)Ljdk/internal/loader/URLClassPath$Loader; @ 88 c2
Event: 14.943 Thread 0x0000015d853c2ba0 DEOPT PACKING pc=0x0000015dec2a6be8 sp=0x00000011976f9e10
Event: 14.943 Thread 0x0000015d853c2ba0 DEOPT UNPACKING pc=0x0000015debce69a3 sp=0x00000011976f9e50 mode 2

Classes unloaded (0 events):
No events

Classes redefined (0 events):
No events

Internal exceptions (20 events):
Event: 11.441 Thread 0x0000015de10f3520 Exception <a 'java/lang/reflect/InvocationTargetException'{0x00000007085d8a20}> (0x00000007085d8a20) 
thrown [s\src\hotspot\share\runtime\reflection.cpp, line 1121]
Event: 11.446 Thread 0x0000015de10f3520 Exception <a 'java/lang/reflect/InvocationTargetException'{0x00000007085e8b48}> (0x00000007085e8b48) 
thrown [s\src\hotspot\share\runtime\reflection.cpp, line 1121]
Event: 11.561 Thread 0x0000015de10f3520 Exception <a 'java/lang/NoSuchMethodError'{0x00000007082b1020}: 'int java.lang.invoke.DirectMethodHandle$Holder.invokeStatic(java.lang.Object, java.lang.Object, int)'> (0x00000007082b1020) 
thrown [s\src\hotspot\share\interpreter\linkResolver.cpp, line 759]
Event: 11.568 Thread 0x0000015de10f3520 Exception <a 'java/lang/NoSuchMethodError'{0x00000007082cff38}: 'java.lang.Object java.lang.invoke.DirectMethodHandle$Holder.newInvokeSpecial(java.lang.Object, java.lang.Object, int)'> (0x00000007082cff38) 
thrown [s\src\hotspot\share\interpreter\linkResolver.cpp, line 759]
Event: 11.625 Thread 0x0000015de10f3520 Exception <a 'java/lang/NoSuchMethodError'{0x00000007082f20a0}: 'java.lang.Object java.lang.invoke.Invokers$Holder.invoke_MT(java.lang.Object, java.lang.Object, java.lang.Object, java.lang.Object, java.lang.Object, java.lang.Object, java.lang.Object, java.lang.Object, java.lang.Object)'> (0x00000007082f20a0) 
thrown [s\src\hotspot\share\interpreter\linkResolver.cpp, line 759]
Event: 11.632 Thread 0x0000015de10f3520 Exception <a 'java/lang/IncompatibleClassChangeError'{0x000000070831bc08}: Found class java.lang.Object, but interface was expected> (0x000000070831bc08) 
thrown [s\src\hotspot\share\interpreter\linkResolver.cpp, line 826]
Event: 12.144 Thread 0x0000015de10f3520 Implicit null exception at 0x0000015dec3598c1 to 0x0000015dec359982
Event: 12.676 Thread 0x0000015de10f3520 Exception <a 'sun/nio/fs/WindowsException'{0x0000000708747cf8}> (0x0000000708747cf8) 
thrown [s\src\hotspot\share\prims\jni.cpp, line 516]
Event: 12.767 Thread 0x0000015de10f3520 Exception <a 'java/lang/IncompatibleClassChangeError'{0x0000000708298c50}: Found class java.lang.Object, but interface was expected> (0x0000000708298c50) 
thrown [s\src\hotspot\share\interpreter\linkResolver.cpp, line 826]
Event: 12.873 Thread 0x0000015de10f3520 Exception <a 'java/lang/NoSuchMethodError'{0x0000000708132a88}: 'void java.lang.invoke.DirectMethodHandle$Holder.invokeVirtual(java.lang.Object, java.lang.Object, long)'> (0x0000000708132a88) 
thrown [s\src\hotspot\share\interpreter\linkResolver.cpp, line 759]
Event: 13.141 Thread 0x0000015de10f3520 Exception <a 'java/lang/NoSuchMethodError'{0x00000007147e4088}: 'java.lang.Object java.lang.invoke.DirectMethodHandle$Holder.newInvokeSpecial(java.lang.Object, java.lang.Object, int, java.lang.Object, java.lang.Object)'> (0x00000007147e4088) 
thrown [s\src\hotspot\share\interpreter\linkResolver.cpp, line 759]
Event: 13.142 Thread 0x0000015de10f3520 Exception <a 'java/lang/NoSuchMethodError'{0x00000007147ef700}: 'java.lang.Object java.lang.invoke.DirectMethodHandle$Holder.invokeSpecial(java.lang.Object, java.lang.Object, int, java.lang.Object, int, java.lang.Object)'> (0x00000007147ef700) 
thrown [s\src\hotspot\share\interpreter\linkResolver.cpp, line 759]
Event: 13.143 Thread 0x0000015de10f3520 Exception <a 'java/lang/NoSuchMethodError'{0x00000007147f7508}: 'java.lang.Object java.lang.invoke.DirectMethodHandle$Holder.newInvokeSpecial(java.lang.Object, java.lang.Object, int, java.lang.Object, int)'> (0x00000007147f7508) 
thrown [s\src\hotspot\share\interpreter\linkResolver.cpp, line 759]
Event: 13.143 Thread 0x0000015de10f3520 Exception <a 'java/lang/NoSuchMethodError'{0x00000007147fb608}: 'java.lang.Object java.lang.invoke.DirectMethodHandle$Holder.invokeSpecial(java.lang.Object, java.lang.Object, java.lang.Object, int, java.lang.Object, int)'> (0x00000007147fb608) 
thrown [s\src\hotspot\share\interpreter\linkResolver.cpp, line 759]
Event: 13.266 Thread 0x0000015d853c0830 Exception <a 'java/lang/NoSuchMethodError'{0x000000070bf59bf8}: 'java.lang.Object java.lang.invoke.DirectMethodHandle$Holder.invokeSpecial(java.lang.Object, java.lang.Object, java.lang.Object, java.lang.Object, java.lang.Object, long)'> (0x000000070bf59bf8) 
thrown [s\src\hotspot\share\interpreter\linkResolver.cpp, line 759]
Event: 13.267 Thread 0x0000015d853c0830 Exception <a 'java/lang/NoSuchMethodError'{0x000000070bf5d638}: 'java.lang.Object java.lang.invoke.Invokers$Holder.linkToTargetMethod(java.lang.Object, java.lang.Object, java.lang.Object, long, java.lang.Object)'> (0x000000070bf5d638) 
thrown [s\src\hotspot\share\interpreter\linkResolver.cpp, line 759]
Event: 13.326 Thread 0x0000015d853c0830 Exception <a 'java/lang/NoSuchMethodError'{0x0000000708c921f8}: getSession> (0x0000000708c921f8) 
thrown [s\src\hotspot\share\prims\jni.cpp, line 1073]
Event: 13.789 Thread 0x0000015d853c2ba0 Implicit null exception at 0x0000015dec2ac5d7 to 0x0000015dec2acbc4
Event: 13.789 Thread 0x0000015d853c2ba0 Implicit null exception at 0x0000015dec2830d7 to 0x0000015dec283698
Event: 14.955 Thread 0x0000015d853c2ba0 Exception <a 'java/lang/NullPointerException'{0x000000070c3c1600}> (0x000000070c3c1600) 
thrown [s\src\hotspot\share\interpreter\linkResolver.cpp, line 1433]

VM Operations (20 events):
Event: 13.948 Executing VM operation: G1CollectForAllocation
Event: 13.958 Executing VM operation: G1CollectForAllocation done
Event: 14.756 Executing VM operation: G1CollectForAllocation
Event: 14.764 Executing VM operation: G1CollectForAllocation done
Event: 14.949 Executing VM operation: ChangeBreakpoints
Event: 14.951 Executing VM operation: ChangeBreakpoints done
Event: 14.951 Executing VM operation: ChangeBreakpoints
Event: 14.952 Executing VM operation: ChangeBreakpoints done
Event: 14.954 Executing VM operation: get/set locals
Event: 14.954 Executing VM operation: get/set locals done
Event: 14.955 Executing VM operation: get/set locals
Event: 14.955 Executing VM operation: get/set locals done
Event: 14.965 Executing VM operation: HandshakeAllThreads
Event: 14.965 Executing VM operation: HandshakeAllThreads done
Event: 14.968 Executing VM operation: HandshakeAllThreads
Event: 14.968 Executing VM operation: HandshakeAllThreads done
Event: 14.969 Executing VM operation: get/set locals
Event: 14.969 Executing VM operation: get/set locals done
Event: 14.969 Executing VM operation: get/set locals
Event: 14.969 Executing VM operation: get/set locals done

Events (20 events):
Event: 14.416 loading class java/lang/NegativeArraySizeException
Event: 14.416 loading class java/lang/NegativeArraySizeException done
Event: 14.452 loading class java/net/URLClassLoader$2
Event: 14.452 loading class java/net/URLClassLoader$2 done
Event: 14.570 loading class sun/net/www/protocol/jrt/JavaRuntimeURLConnection
Event: 14.570 loading class sun/net/www/protocol/jrt/JavaRuntimeURLConnection done
Event: 14.571 loading class sun/net/www/protocol/jrt/JavaRuntimeURLConnection$1
Event: 14.571 loading class sun/net/www/protocol/jrt/JavaRuntimeURLConnection$1 done
Event: 14.592 loading class java/text/MessageFormat$Field
Event: 14.592 loading class java/text/MessageFormat$Field done
Event: 14.927 loading class java/util/Hashtable$ValueCollection
Event: 14.928 loading class java/util/Hashtable$ValueCollection done
Event: 14.941 loading class java/net/URLClassLoader$1
Event: 14.941 loading class java/net/URLClassLoader$1 done
Event: 14.967 loading class sun/nio/cs/ISO_8859_1$Encoder
Event: 14.967 loading class sun/nio/cs/ISO_8859_1$Encoder done
Event: 14.968 loading class sun/nio/cs/Surrogate$Parser
Event: 14.968 loading class sun/nio/cs/Surrogate$Parser done
Event: 14.968 loading class sun/nio/cs/Surrogate
Event: 14.968 loading class sun/nio/cs/Surrogate done


Dynamic libraries:
0x00007ff764760000 - 0x00007ff76476e000 	C:\Users\JPiccione\.p2\pool\plugins\org.eclipse.justj.openjdk.hotspot.jre.full.win32.x86_64_17.0.8.v20230831-1047\jre\bin\javaw.exe
0x0000015dded30000 - 0x0000015ddef27000 	C:\windows\SYSTEM32\ntd1l.dll
0x0000015ddef30000 - 0x0000015ddefed000 	C:\windows\System32\kern3l32.dll
0x00007ffe167d0000 - 0x00007ffe169c7000 	C:\windows\SYSTEM32\ntdll.dll
0x00007ffe14a40000 - 0x00007ffe14afd000 	C:\windows\System32\KERNEL32.DLL
0x00007ffe13fa0000 - 0x00007ffe14296000 	C:\windows\System32\KERNELBASE.dll
0x00007ffe13920000 - 0x00007ffe13c33000 	C:\Program Files\SentinelOne\Sentinel Agent 23.1.4.650\InProcessClient64.dll
0x00007ffe15b00000 - 0x00007ffe15bae000 	C:\windows\System32\ADVAPI32.dll
0x00007ffe15ef0000 - 0x00007ffe15f8e000 	C:\windows\System32\msvcrt.dll
0x00007ffe14b00000 - 0x00007ffe14b9c000 	C:\windows\System32\sechost.dll
0x00007ffe15dc0000 - 0x00007ffe15ee6000 	C:\windows\System32\RPCRT4.dll
0x00007ffe14530000 - 0x00007ffe14630000 	C:\windows\System32\ucrtbase.dll
0x00007ffe0d130000 - 0x00007ffe0d147000 	C:\Users\JPiccione\.p2\pool\plugins\org.eclipse.justj.openjdk.hotspot.jre.full.win32.x86_64_17.0.8.v20230831-1047\jre\bin\jli.dll
0x00007ffe08a00000 - 0x00007ffe08a19000 	C:\Users\JPiccione\.p2\pool\plugins\org.eclipse.justj.openjdk.hotspot.jre.full.win32.x86_64_17.0.8.v20230831-1047\jre\bin\VCRUNTIME140.dll
0x00007ffe15670000 - 0x00007ffe1580e000 	C:\windows\System32\USER32.dll
0x00007ffe06950000 - 0x00007ffe06bea000 	C:\windows\WinSxS\amd64_microsoft.windows.common-controls_6595b64144ccf1df_6.0.19041.3570_none_60bb2a3971f3e41a\COMCTL32.dll
0x00007ffe14800000 - 0x00007ffe14822000 	C:\windows\System32\win32u.dll
0x00007ffe15bb0000 - 0x00007ffe15bdc000 	C:\windows\System32\GDI32.dll
0x00007ffe146e0000 - 0x00007ffe147fa000 	C:\windows\System32\gdi32full.dll
0x00007ffe14490000 - 0x00007ffe1452d000 	C:\windows\System32\msvcp_win.dll
0x00007ffe13910000 - 0x00007ffe1391a000 	C:\windows\SYSTEM32\VERSION.dll
0x00007ffe13900000 - 0x00007ffe1390b000 	C:\windows\SYSTEM32\FLTLIB.DLL
0x00007ffe15a40000 - 0x00007ffe15a70000 	C:\windows\System32\IMM32.DLL
0x00007ffe0eae0000 - 0x00007ffe0eaec000 	C:\Users\JPiccione\.p2\pool\plugins\org.eclipse.justj.openjdk.hotspot.jre.full.win32.x86_64_17.0.8.v20230831-1047\jre\bin\vcruntime140_1.dll
0x00007ffddb9d0000 - 0x00007ffddba61000 	C:\Users\JPiccione\.p2\pool\plugins\org.eclipse.justj.openjdk.hotspot.jre.full.win32.x86_64_17.0.8.v20230831-1047\jre\bin\msvcp140.dll
0x00007ffdc0e60000 - 0x00007ffdc1aac000 	C:\Users\JPiccione\.p2\pool\plugins\org.eclipse.justj.openjdk.hotspot.jre.full.win32.x86_64_17.0.8.v20230831-1047\jre\bin\server\jvm.dll
0x00007ffe130d0000 - 0x00007ffe1311b000 	C:\windows\SYSTEM32\POWRPROF.dll
0x00007ffdf9c20000 - 0x00007ffdf9c29000 	C:\windows\SYSTEM32\WSOCK32.dll
0x00007ffe15810000 - 0x00007ffe1587b000 	C:\windows\System32\WS2_32.dll
0x00007ffdfc5c0000 - 0x00007ffdfc5e7000 	C:\windows\SYSTEM32\WINMM.dll
0x00007ffe12f90000 - 0x00007ffe12fa2000 	C:\windows\SYSTEM32\UMPDC.dll
0x00007ffe117b0000 - 0x00007ffe117c2000 	C:\windows\SYSTEM32\kernel.appcore.dll
0x00007ffe0eb10000 - 0x00007ffe0eb1a000 	C:\Users\JPiccione\.p2\pool\plugins\org.eclipse.justj.openjdk.hotspot.jre.full.win32.x86_64_17.0.8.v20230831-1047\jre\bin\jimage.dll
0x00007ffe07370000 - 0x00007ffe07554000 	C:\windows\SYSTEM32\DBGHELP.DLL
0x00007ffe07330000 - 0x00007ffe07364000 	C:\windows\SYSTEM32\dbgcore.DLL
0x00007ffe142a0000 - 0x00007ffe14322000 	C:\windows\System32\bcryptPrimitives.dll
0x00007ffdee410000 - 0x00007ffdee48b000 	C:\Program Files\SentinelOne\Sentinel Agent 23.1.4.650\SentinelJava64.dll
0x00007ffe14830000 - 0x00007ffe1495b000 	C:\windows\System32\ole32.dll
0x00007ffe152e0000 - 0x00007ffe15634000 	C:\windows\System32\combase.dll
0x00007ffe0aef0000 - 0x00007ffe0af15000 	C:\Users\JPiccione\.p2\pool\plugins\org.eclipse.justj.openjdk.hotspot.jre.full.win32.x86_64_17.0.8.v20230831-1047\jre\bin\java.dll
0x00007ffe0b010000 - 0x00007ffe0b028000 	C:\Users\JPiccione\.p2\pool\plugins\org.eclipse.justj.openjdk.hotspot.jre.full.win32.x86_64_17.0.8.v20230831-1047\jre\bin\zip.dll
0x00007ffe16040000 - 0x00007ffe16784000 	C:\windows\System32\SHELL32.dll
0x00007ffe11920000 - 0x00007ffe120bb000 	C:\windows\SYSTEM32\windows.storage.dll
0x00007ffe135b0000 - 0x00007ffe135dd000 	C:\windows\SYSTEM32\Wldp.dll
0x00007ffe15f90000 - 0x00007ffe1603d000 	C:\windows\System32\SHCORE.dll
0x00007ffe150c0000 - 0x00007ffe15115000 	C:\windows\System32\shlwapi.dll
0x00007ffe13de0000 - 0x00007ffe13e05000 	C:\windows\SYSTEM32\profapi.dll
0x00007ffe0afe0000 - 0x00007ffe0aff9000 	C:\Users\JPiccione\.p2\pool\plugins\org.eclipse.justj.openjdk.hotspot.jre.full.win32.x86_64_17.0.8.v20230831-1047\jre\bin\net.dll
0x00007ffe12b30000 - 0x00007ffe12c3a000 	C:\windows\SYSTEM32\WINHTTP.dll
0x00007ffe13310000 - 0x00007ffe1337a000 	C:\windows\system32\mswsock.dll
0x00007ffe08a60000 - 0x00007ffe08a75000 	C:\Users\JPiccione\.p2\pool\plugins\org.eclipse.justj.openjdk.hotspot.jre.full.win32.x86_64_17.0.8.v20230831-1047\jre\bin\nio.dll
0x00007ffe13500000 - 0x00007ffe13518000 	C:\windows\SYSTEM32\CRYPTSP.dll
0x00007ffe12aa0000 - 0x00007ffe12ad4000 	C:\windows\system32\rsaenh.dll
0x00007ffe13f70000 - 0x00007ffe13f97000 	C:\windows\System32\bcrypt.dll
0x00007ffe13d60000 - 0x00007ffe13d8e000 	C:\windows\SYSTEM32\USERENV.dll
0x00007ffe13520000 - 0x00007ffe1352c000 	C:\windows\SYSTEM32\CRYPTBASE.dll
0x00007ffe12fb0000 - 0x00007ffe12feb000 	C:\windows\SYSTEM32\IPHLPAPI.DLL
0x00007ffe15660000 - 0x00007ffe15668000 	C:\windows\System32\NSI.dll
0x00007ffe0d300000 - 0x00007ffe0d317000 	C:\windows\SYSTEM32\dhcpcsvc6.DLL
0x00007ffe0cec0000 - 0x00007ffe0cedd000 	C:\windows\SYSTEM32\dhcpcsvc.DLL
0x00007ffe13000000 - 0x00007ffe130ca000 	C:\windows\SYSTEM32\DNSAPI.dll
0x00007ffe0d110000 - 0x00007ffe0d11e000 	C:\Users\JPiccione\.p2\pool\plugins\org.eclipse.justj.openjdk.hotspot.jre.full.win32.x86_64_17.0.8.v20230831-1047\jre\bin\sunmscapi.dll
0x00007ffe14330000 - 0x00007ffe1448d000 	C:\windows\System32\CRYPT32.dll
0x00007ffe13620000 - 0x00007ffe13647000 	C:\windows\SYSTEM32\ncrypt.dll
0x00007ffe135e0000 - 0x00007ffe1361b000 	C:\windows\SYSTEM32\NTASN1.dll
0x00007ffe0c4a0000 - 0x00007ffe0c4a9000 	C:\Users\JPiccione\.p2\pool\plugins\org.eclipse.justj.openjdk.hotspot.jre.full.win32.x86_64_17.0.8.v20230831-1047\jre\bin\management.dll
0x00007ffe0b030000 - 0x00007ffe0b03b000 	C:\Users\JPiccione\.p2\pool\plugins\org.eclipse.justj.openjdk.hotspot.jre.full.win32.x86_64_17.0.8.v20230831-1047\jre\bin\management_ext.dll
0x00007ffe15880000 - 0x00007ffe15888000 	C:\windows\System32\PSAPI.DLL
0x00007ffe0ea40000 - 0x00007ffe0ea50000 	C:\Users\JPiccione\.p2\pool\plugins\org.eclipse.justj.openjdk.hotspot.jre.full.win32.x86_64_17.0.8.v20230831-1047\jre\bin\verify.dll
0x00007ffe07e20000 - 0x00007ffe07e2a000 	C:\Windows\System32\rasadhlp.dll
0x00007ffe0d670000 - 0x00007ffe0d6f2000 	C:\windows\System32\fwpuclnt.dll
0x00007ffdf0070000 - 0x00007ffdf0087000 	C:\windows\system32\napinsp.dll
0x00007ffe0aa00000 - 0x00007ffe0aa1b000 	C:\windows\system32\pnrpnsp.dll
0x00007ffe0d150000 - 0x00007ffe0d165000 	C:\windows\system32\wshbth.dll
0x00007ffe0e560000 - 0x00007ffe0e57d000 	C:\windows\system32\NLAapi.dll
0x00007ffdf0090000 - 0x00007ffdf00a2000 	C:\windows\System32\winrnr.dll
0x00007ffddecb0000 - 0x00007ffddecb7000 	C:\windows\system32\wshunix.dll

dbghelp: loaded successfully - version: 4.0.5 - missing functions: none
symbol engine: initialized successfully - sym options: 0x614 - pdb path: .;C:\Users\JPiccione\.p2\pool\plugins\org.eclipse.justj.openjdk.hotspot.jre.full.win32.x86_64_17.0.8.v20230831-1047\jre\bin;C:\windows\SYSTEM32;C:\Program Files\SentinelOne\Sentinel Agent 23.1.4.650;C:\windows\WinSxS\amd64_microsoft.windows.common-controls_6595b64144ccf1df_6.0.19041.3570_none_60bb2a3971f3e41a;C:\Users\JPiccione\.p2\pool\plugins\org.eclipse.justj.openjdk.hotspot.jre.full.win32.x86_64_17.0.8.v20230831-1047\jre\bin\server

VM Arguments:
jvm_args: -Dfile.encoding=UTF-8 -XX:+ShowCodeDetailsInExceptionMessages -agentpath:C:\Program Files\SentinelOne\Sentinel Agent 23.1.4.650\SentinelJava64.dll 
java_command: com.spencer.ItemApp.ItemAppApplication
java_class_path (initial): C:\Users\JPiccione\OneDrive - Spencer Gifts LLC\Documents\ItemApp\target\classes;C:\Users\JPiccione\.m2\repository\org\springframework\boot\spring-boot-starter-data-jpa\3.1.4\spring-boot-starter-data-jpa-3.1.4.jar;C:\Users\JPiccione\.m2\repository\org\springframework\boot\spring-boot-starter-aop\3.1.4\spring-boot-starter-aop-3.1.4.jar;C:\Users\JPiccione\.m2\repository\org\aspectj\aspectjweaver\1.9.20\aspectjweaver-1.9.20.jar;C:\Users\JPiccione\.m2\repository\org\springframework\boot\spring-boot-starter-jdbc\3.1.4\spring-boot-starter-jdbc-3.1.4.jar;C:\Users\JPiccione\.m2\repository\com\zaxxer\HikariCP\5.0.1\HikariCP-5.0.1.jar;C:\Users\JPiccione\.m2\repository\org\springframework\spring-jdbc\6.0.12\spring-jdbc-6.0.12.jar;C:\Users\JPiccione\.m2\repository\org\hibernate\orm\hibernate-core\6.2.9.Final\hibernate-core-6.2.9.Final.jar;C:\Users\JPiccione\.m2\repository\jakarta\persistence\jakarta.persistence-api\3.1.0\jakarta.persistence-api-3.1.0.jar;C:\Users\JPiccione\.m2\repository\jakarta\transaction\jakarta.transaction-api\2.0.1\jakarta.transaction-api-2.0.1.jar;C:\Users\JPiccione\.m2\repository\org\jboss\logging\jboss-logging\3.5.3.Final\jboss-logging-3.5.3.Final.jar;C:\Users\JPiccione\.m2\repository\org\hibernate\common\hibernate-commons-annotations\6.0.6.Final\hibernate-commons-annotations-6.0.6.Final.jar;C:\Users\JPiccione\.m2\repository\io\smallrye\jandex\3.0.5\jandex-3.0.5.jar;C:\Users\JPiccione\.m2\repository\com\fasterxml\classmate\1.5.1\classmate-1.5.1.jar;C:\Users\JPiccione\.m2\repository\net\bytebuddy\byte-buddy\1.14.8\byte-buddy-1.14.8.jar;C:\Users\JPiccione\.m2\repository\org\glassfish\jaxb\jaxb-runtime\4.0.3\jaxb-runtime-4.0.3.jar;C:\Users\JPiccione\.m2\repository\org\glassfish\jaxb\jaxb-core\4.0.3\jaxb-core-4.0.3.jar;C:\Users\JPiccione\.m2\repository\org\eclipse\angus\angus-activation\2.0.1\angus-activation-2.0.1.jar;C:\Users\JPiccione\.m2\repository\org\glassfish\jaxb\txw2\4.0.3\txw2-4.0.3.jar;C:\Users\JPiccione\.m2\repositor
Launcher Type: SUN_STANDARD

[Global flags]
     intx CICompilerCount                          = 3                                         {product} {ergonomic}
     uint ConcGCThreads                            = 1                                         {product} {ergonomic}
     uint G1ConcRefinementThreads                  = 4                                         {product} {ergonomic}
   size_t G1HeapRegionSize                         = 2097152                                   {product} {ergonomic}
    uintx GCDrainStackTargetSize                   = 64                                        {product} {ergonomic}
   size_t InitialHeapSize                          = 264241152                                 {product} {ergonomic}
   size_t MarkStackSize                            = 4194304                                   {product} {ergonomic}
   size_t MaxHeapSize                              = 4215275520                                {product} {ergonomic}
   size_t MaxNewSize                               = 2529165312                                {product} {ergonomic}
   size_t MinHeapDeltaBytes                        = 2097152                                   {product} {ergonomic}
   size_t MinHeapSize                              = 8388608                                   {product} {ergonomic}
    uintx NonNMethodCodeHeapSize                   = 5832780                                {pd product} {ergonomic}
    uintx NonProfiledCodeHeapSize                  = 122912730                              {pd product} {ergonomic}
    uintx ProfiledCodeHeapSize                     = 122912730                              {pd product} {ergonomic}
    uintx ReservedCodeCacheSize                    = 251658240                              {pd product} {ergonomic}
     bool SegmentedCodeCache                       = true                                      {product} {ergonomic}
     bool ShowCodeDetailsInExceptionMessages       = true                                   {manageable} {command line}
   size_t SoftMaxHeapSize                          = 4215275520                             {manageable} {ergonomic}
     bool UseCompressedClassPointers               = true                           {product lp64_product} {ergonomic}
     bool UseCompressedOops                        = true                           {product lp64_product} {ergonomic}
     bool UseG1GC                                  = true                                      {product} {ergonomic}
     bool UseLargePagesIndividualAllocation        = false                                  {pd product} {ergonomic}

Logging:
Log output configuration:
 #0: stdout all=warning uptime,level,tags
 #1: stderr all=off uptime,level,tags

Environment Variables:
PATH=C:/Users/JPiccione/.p2/pool/plugins/org.eclipse.justj.openjdk.hotspot.jre.full.win32.x86_64_17.0.8.v20230831-1047/jre/bin/server;C:/Users/JPiccione/.p2/pool/plugins/org.eclipse.justj.openjdk.hotspot.jre.full.win32.x86_64_17.0.8.v20230831-1047/jre/bin;C:\Program Files\Common Files\Oracle\Java\javapath;C:\Program Files (x86)\Common Files\Oracle\Java\javapath;C:\Program Files\Microsoft\jdk-11.0.16.101-hotspot\bin;C:\Program Files (x86)\Business Objects\Common\3.5\bin\NOTES\;C:\Program Files (x86)\Business Objects\Common\3.5\bin\NOTES\DATA\;C:\windows\system32;C:\windows;C:\windows\System32\Wbem;C:\windows\System32\WindowsPowerShell\v1.0\;C:\windows\System32\OpenSSH\;C:\Program Files (x86)\IBM\Client Access\Emulator;C:\Program Files (x86)\IBM\Client Access\Shared;C:\Program Files (x86)\IBM\Client Access\;C:\Program Files (x86)\HEAT\;C:\Program Files (x86)\Microsoft SQL Server\160\DTS\Binn\;C:\Program Files\Azure Data Studio\bin;C:\Program Files\PuTTY\;C:\Program Files\Git\cmd;C:\Program Files\Microsoft SQL Server\150\Tools\Binn\;C:\Program Files\Microsoft SQL Server\Client SDK\ODBC\170\Tools\Binn\;C:\Program Files\dotnet\;C:\Program Files (x86)\Windows Kits\10\Windows Performance Toolkit\;c:\Program Files (x86)\Microsoft SQL Server\110\Tools\Binn\;c:\Program Files\Microsoft SQL Server\110\Tools\Binn\;c:\Program Files\Microsoft SQL Server\110\DTS\Binn\;C:\Program Files (x86)\Microsoft SQL Server\150\Tools\Binn\;C:\Program Files\Microsoft SQL Server\150\DTS\Binn\;C:\Users\JPiccione\AppData\Local\Microsoft\WindowsApps;C:\Program Files\Azure Data Studio\bin;C:\Users\JPiccione\.dotnet\tools;C:\Users\JPiccione\AppData\Local\Programs\Azure Data Studio\bin;C:\Program Files\JetBrains\IntelliJ IDEA 2023.2\bin;;C:\Users\JPiccione\AppData\Local\GitHubDesktop\bin;C:\windows\system32;
USERNAME=JPiccione
OS=Windows_NT
PROCESSOR_IDENTIFIER=Intel64 Family 6 Model 61 Stepping 4, GenuineIntel
TMP=C:\Users\JPICCI~1\AppData\Local\Temp
TEMP=C:\Users\JPICCI~1\AppData\Local\Temp



---------------  S Y S T E M  ---------------

OS:
 Windows 10 , 64 bit Build 19041 (10.0.19041.3570)
OS uptime: 5 days 19:50 hours

CPU: total 4 (initial active 4) (2 cores per cpu, 2 threads per core) family 6 model 61 stepping 4 microcode 0x2d, cx8, cmov, fxsr, ht, mmx, 3dnowpref, sse, sse2, sse3, ssse3, sse4.1, sse4.2, popcnt, lzcnt, tsc, tscinvbit, avx, avx2, aes, erms, clmul, bmi1, bmi2, rtm, adx, fma, vzeroupper, clflush
Processor Information for all 4 processors :
  Max Mhz: 2594, Current Mhz: 2594, Mhz Limit: 2594

Memory: 4k page, system-wide physical 16079M (6922M free)
TotalPageFile size 18511M (AvailPageFile size 6943M)
current process WorkingSet (physical memory assigned to process): 372M, peak: 376M
current process commit charge ("private bytes"): 389M, peak: 393M

vm_info: OpenJDK 64-Bit Server VM (17.0.8.1+1) for windows-amd64 JRE (17.0.8.1+1), built on Aug 23 2023 15:29:17 by "admin" with MS VC++ 16.7 (VS2019)

END.
