#
# A fatal error has been detected by the Java Runtime Environment:
#
#  EXCEPTION_ACCESS_VIOLATION (0xc0000005) at pc=0x00007fff425b0451, pid=15216, tid=14684
#
# JRE version: OpenJDK Runtime Environment Temurin-17.0.8.1+1 (17.0.8.1+1) (build 17.0.8.1+1)
# Java VM: OpenJDK 64-Bit Server VM Temurin-17.0.8.1+1 (17.0.8.1+1, mixed mode, tiered, compressed oops, compressed class ptrs, g1 gc, windows-amd64)
# Problematic frame:
# V  [jvm.dll+0x560451]
#
# No core dump will be written. Minidumps are not enabled by default on client versions of Windows
#
# If you would like to submit a bug report, please visit:
#   https://github.com/adoptium/adoptium-support/issues
#

---------------  S U M M A R Y ------------

Command Line: -Dfile.encoding=UTF-8 -XX:+ShowCodeDetailsInExceptionMessages -agentpath:C:\Program Files\SentinelOne\Sentinel Agent 23.1.4.650\SentinelJava64.dll com.spencer.ItemApp.ItemAppApplication

Host: Intel(R) Core(TM) i7-5600U CPU @ 2.60GHz, 4 cores, 15G,  Windows 10 , 64 bit Build 19041 (10.0.19041.3393)
Time: Thu Oct 12 12:17:00 2023 Eastern Daylight Time elapsed time: 27.930487 seconds (0d 0h 0m 27s)

---------------  T H R E A D  ---------------

Current thread (0x00000122de466b90):  JavaThread "http-nio-8080-exec-2" daemon [_thread_in_vm, id=14684, stack(0x0000001701700000,0x0000001701800000)]

Stack: [0x0000001701700000,0x0000001701800000],  sp=0x00000017017f8f40,  free space=995k
Native frames: (J=compiled Java code, j=interpreted, Vv=VM code, C=native code)
V  [jvm.dll+0x560451]
V  [jvm.dll+0x385914]
V  [jvm.dll+0x384f7f]
C  0x00000122c3b2bb83

Java frames: (J=compiled Java code, j=interpreted, Vv=VM code)
j  org.springframework.security.web.servletapi.SecurityContextHolderAwareRequestWrapper.getAuthentication()Lorg/springframework/security/core/Authentication;+4
j  org.springframework.security.web.servletapi.SecurityContextHolderAwareRequestWrapper.isGranted(Ljava/lang/String;)Z+1
j  org.springframework.security.web.servletapi.SecurityContextHolderAwareRequestWrapper.isUserInRole(Ljava/lang/String;)Z+2
v  ~StubRoutines::call_stub
j  org.apache.jasper.runtime.HttpJspBase.service(Ljakarta/servlet/http/HttpServletRequest;Ljakarta/servlet/http/HttpServletResponse;)V+0
j  jakarta.servlet.http.HttpServlet.service(Ljakarta/servlet/ServletRequest;Ljakarta/servlet/ServletResponse;)V+36
j  org.apache.jasper.servlet.JspServletWrapper.service(Ljakarta/servlet/http/HttpServletRequest;Ljakarta/servlet/http/HttpServletResponse;Z)V+372
j  org.apache.jasper.servlet.JspServlet.serviceJspFile(Ljakarta/servlet/http/HttpServletRequest;Ljakarta/servlet/http/HttpServletResponse;Ljava/lang/String;Z)V+112
j  org.apache.jasper.servlet.JspServlet.service(Ljakarta/servlet/http/HttpServletRequest;Ljakarta/servlet/http/HttpServletResponse;)V+228
j  jakarta.servlet.http.HttpServlet.service(Ljakarta/servlet/ServletRequest;Ljakarta/servlet/ServletResponse;)V+36
j  org.apache.catalina.core.ApplicationFilterChain.internalDoFilter(Ljakarta/servlet/ServletRequest;Ljakarta/servlet/ServletResponse;)V+305
j  org.apache.catalina.core.ApplicationFilterChain.doFilter(Ljakarta/servlet/ServletRequest;Ljakarta/servlet/ServletResponse;)V+99
j  org.apache.tomcat.websocket.server.WsFilter.doFilter(Ljakarta/servlet/ServletRequest;Ljakarta/servlet/ServletResponse;Ljakarta/servlet/FilterChain;)V+21
j  org.apache.catalina.core.ApplicationFilterChain.internalDoFilter(Ljakarta/servlet/ServletRequest;Ljakarta/servlet/ServletResponse;)V+135
j  org.apache.catalina.core.ApplicationFilterChain.doFilter(Ljakarta/servlet/ServletRequest;Ljakarta/servlet/ServletResponse;)V+99
j  org.springframework.security.web.FilterChainProxy.lambda$doFilterInternal$3(Lorg/springframework/security/web/firewall/FirewalledRequest;Ljakarta/servlet/FilterChain;Ljakarta/servlet/ServletRequest;Ljakarta/servlet/ServletResponse;)V+35
j  org.springframework.security.web.FilterChainProxy$$Lambda$1348+0x000000080098eea8.doFilter(Ljakarta/servlet/ServletRequest;Ljakarta/servlet/ServletResponse;)V+10
j  org.springframework.security.web.FilterChainProxy$VirtualFilterChain.doFilter(Ljakarta/servlet/ServletRequest;Ljakarta/servlet/ServletResponse;)V+17
j  org.springframework.security.web.access.intercept.AuthorizationFilter.doFilter(Ljakarta/servlet/ServletRequest;Ljakarta/servlet/ServletResponse;Ljakarta/servlet/FilterChain;)V+143
j  org.springframework.security.web.FilterChainProxy$VirtualFilterChain.doFilter(Ljakarta/servlet/ServletRequest;Ljakarta/servlet/ServletResponse;)V+105
j  org.springframework.security.web.access.ExceptionTranslationFilter.doFilter(Ljakarta/servlet/http/HttpServletRequest;Ljakarta/servlet/http/HttpServletResponse;Ljakarta/servlet/FilterChain;)V+3
j  org.springframework.security.web.access.ExceptionTranslationFilter.doFilter(Ljakarta/servlet/ServletRequest;Ljakarta/servlet/ServletResponse;Ljakarta/servlet/FilterChain;)V+10
j  org.springframework.security.web.FilterChainProxy$VirtualFilterChain.doFilter(Ljakarta/servlet/ServletRequest;Ljakarta/servlet/ServletResponse;)V+105
j  org.springframework.security.web.authentication.AnonymousAuthenticationFilter.doFilter(Ljakarta/servlet/ServletRequest;Ljakarta/servlet/ServletResponse;Ljakarta/servlet/FilterChain;)V+33
j  org.springframework.security.web.FilterChainProxy$VirtualFilterChain.doFilter(Ljakarta/servlet/ServletRequest;Ljakarta/servlet/ServletResponse;)V+105
j  org.springframework.security.web.servletapi.SecurityContextHolderAwareRequestFilter.doFilter(Ljakarta/servlet/ServletRequest;Ljakarta/servlet/ServletResponse;Ljakarta/servlet/FilterChain;)V+19
j  org.springframework.security.web.FilterChainProxy$VirtualFilterChain.doFilter(Ljakarta/servlet/ServletRequest;Ljakarta/servlet/ServletResponse;)V+105
j  org.springframework.security.web.savedrequest.RequestCacheAwareFilter.doFilter(Ljakarta/servlet/ServletRequest;Ljakarta/servlet/ServletResponse;Ljakarta/servlet/FilterChain;)V+32
j  org.springframework.security.web.FilterChainProxy$VirtualFilterChain.doFilter(Ljakarta/servlet/ServletRequest;Ljakarta/servlet/ServletResponse;)V+105
j  org.springframework.security.web.authentication.AbstractAuthenticationProcessingFilter.doFilter(Ljakarta/servlet/http/HttpServletRequest;Ljakarta/servlet/http/HttpServletResponse;Ljakarta/servlet/FilterChain;)V+12
j  org.springframework.security.web.authentication.AbstractAuthenticationProcessingFilter.doFilter(Ljakarta/servlet/ServletRequest;Ljakarta/servlet/ServletResponse;Ljakarta/servlet/FilterChain;)V+10
j  org.springframework.security.web.FilterChainProxy$VirtualFilterChain.doFilter(Ljakarta/servlet/ServletRequest;Ljakarta/servlet/ServletResponse;)V+105
j  org.springframework.security.web.authentication.logout.LogoutFilter.doFilter(Ljakarta/servlet/http/HttpServletRequest;Ljakarta/servlet/http/HttpServletResponse;Ljakarta/servlet/FilterChain;)V+83
j  org.springframework.security.web.authentication.logout.LogoutFilter.doFilter(Ljakarta/servlet/ServletRequest;Ljakarta/servlet/ServletResponse;Ljakarta/servlet/FilterChain;)V+10
j  org.springframework.security.web.FilterChainProxy$VirtualFilterChain.doFilter(Ljakarta/servlet/ServletRequest;Ljakarta/servlet/ServletResponse;)V+105
j  org.springframework.web.filter.OncePerRequestFilter.doFilter(Ljakarta/servlet/ServletRequest;Ljakarta/servlet/ServletResponse;Ljakarta/servlet/FilterChain;)V+125
j  org.springframework.security.web.FilterChainProxy$VirtualFilterChain.doFilter(Ljakarta/servlet/ServletRequest;Ljakarta/servlet/ServletResponse;)V+105
j  org.springframework.security.web.context.SecurityContextHolderFilter.doFilter(Ljakarta/servlet/http/HttpServletRequest;Ljakarta/servlet/http/HttpServletResponse;Ljakarta/servlet/FilterChain;)V+15
j  org.springframework.security.web.context.SecurityContextHolderFilter.doFilter(Ljakarta/servlet/ServletRequest;Ljakarta/servlet/ServletResponse;Ljakarta/servlet/FilterChain;)V+10
j  org.springframework.security.web.FilterChainProxy$VirtualFilterChain.doFilter(Ljakarta/servlet/ServletRequest;Ljakarta/servlet/ServletResponse;)V+105
j  org.springframework.web.filter.OncePerRequestFilter.doFilter(Ljakarta/servlet/ServletRequest;Ljakarta/servlet/ServletResponse;Ljakarta/servlet/FilterChain;)V+125
j  org.springframework.security.web.FilterChainProxy$VirtualFilterChain.doFilter(Ljakarta/servlet/ServletRequest;Ljakarta/servlet/ServletResponse;)V+105
j  org.springframework.web.filter.OncePerRequestFilter.doFilter(Ljakarta/servlet/ServletRequest;Ljakarta/servlet/ServletResponse;Ljakarta/servlet/FilterChain;)V+125
j  org.springframework.security.web.FilterChainProxy$VirtualFilterChain.doFilter(Ljakarta/servlet/ServletRequest;Ljakarta/servlet/ServletResponse;)V+105
j  org.springframework.security.web.FilterChainProxy.doFilterInternal(Ljakarta/servlet/ServletRequest;Ljakarta/servlet/ServletResponse;Ljakarta/servlet/FilterChain;)V+163
j  org.springframework.security.web.FilterChainProxy.doFilter(Ljakarta/servlet/ServletRequest;Ljakarta/servlet/ServletResponse;Ljakarta/servlet/FilterChain;)V+28
j  org.springframework.web.filter.DelegatingFilterProxy.invokeDelegate(Ljakarta/servlet/Filter;Ljakarta/servlet/ServletRequest;Ljakarta/servlet/ServletResponse;Ljakarta/servlet/FilterChain;)V+5
j  org.springframework.web.filter.DelegatingFilterProxy.doFilter(Ljakarta/servlet/ServletRequest;Ljakarta/servlet/ServletResponse;Ljakarta/servlet/FilterChain;)V+85
j  org.apache.catalina.core.ApplicationFilterChain.internalDoFilter(Ljakarta/servlet/ServletRequest;Ljakarta/servlet/ServletResponse;)V+135
j  org.apache.catalina.core.ApplicationFilterChain.doFilter(Ljakarta/servlet/ServletRequest;Ljakarta/servlet/ServletResponse;)V+99
j  org.springframework.web.filter.OncePerRequestFilter.doFilter(Ljakarta/servlet/ServletRequest;Ljakarta/servlet/ServletResponse;Ljakarta/servlet/FilterChain;)V+125
j  org.apache.catalina.core.ApplicationFilterChain.internalDoFilter(Ljakarta/servlet/ServletRequest;Ljakarta/servlet/ServletResponse;)V+135
j  org.apache.catalina.core.ApplicationFilterChain.doFilter(Ljakarta/servlet/ServletRequest;Ljakarta/servlet/ServletResponse;)V+99
j  org.springframework.web.filter.OncePerRequestFilter.doFilter(Ljakarta/servlet/ServletRequest;Ljakarta/servlet/ServletResponse;Ljakarta/servlet/FilterChain;)V+125
j  org.apache.catalina.core.ApplicationFilterChain.internalDoFilter(Ljakarta/servlet/ServletRequest;Ljakarta/servlet/ServletResponse;)V+135
j  org.apache.catalina.core.ApplicationFilterChain.doFilter(Ljakarta/servlet/ServletRequest;Ljakarta/servlet/ServletResponse;)V+99
j  org.springframework.web.filter.OncePerRequestFilter.doFilter(Ljakarta/servlet/ServletRequest;Ljakarta/servlet/ServletResponse;Ljakarta/servlet/FilterChain;)V+125
j  org.apache.catalina.core.ApplicationFilterChain.internalDoFilter(Ljakarta/servlet/ServletRequest;Ljakarta/servlet/ServletResponse;)V+135
j  org.apache.catalina.core.ApplicationFilterChain.doFilter(Ljakarta/servlet/ServletRequest;Ljakarta/servlet/ServletResponse;)V+99
j  org.apache.catalina.core.ApplicationDispatcher.invoke(Ljakarta/servlet/ServletRequest;Ljakarta/servlet/ServletResponse;Lorg/apache/catalina/core/ApplicationDispatcher$State;)V+341
j  org.apache.catalina.core.ApplicationDispatcher.processRequest(Ljakarta/servlet/ServletRequest;Ljakarta/servlet/ServletResponse;Lorg/apache/catalina/core/ApplicationDispatcher$State;)V+98
j  org.apache.catalina.core.ApplicationDispatcher.doForward(Ljakarta/servlet/ServletRequest;Ljakarta/servlet/ServletResponse;)V+363
j  org.apache.catalina.core.ApplicationDispatcher.forward(Ljakarta/servlet/ServletRequest;Ljakarta/servlet/ServletResponse;)V+55
j  org.springframework.security.web.header.HeaderWriterFilter$HeaderWriterRequestDispatcher.forward(Ljakarta/servlet/ServletRequest;Ljakarta/servlet/ServletResponse;)V+6
j  org.springframework.web.servlet.view.InternalResourceView.renderMergedOutputModel(Ljava/util/Map;Ljakarta/servlet/http/HttpServletRequest;Ljakarta/servlet/http/HttpServletResponse;)V+145
j  org.springframework.web.servlet.view.AbstractView.render(Ljava/util/Map;Ljakarta/servlet/http/HttpServletRequest;Ljakarta/servlet/http/HttpServletResponse;)V+91
j  org.springframework.web.servlet.DispatcherServlet.render(Lorg/springframework/web/servlet/ModelAndView;Ljakarta/servlet/http/HttpServletRequest;Ljakarta/servlet/http/HttpServletResponse;)V+188
j  org.springframework.web.servlet.DispatcherServlet.processDispatchResult(Ljakarta/servlet/http/HttpServletRequest;Ljakarta/servlet/http/HttpServletResponse;Lorg/springframework/web/servlet/HandlerExecutionChain;Lorg/springframework/web/servlet/ModelAndView;Ljava/lang/Exception;)V+103
j  org.springframework.web.servlet.DispatcherServlet.doDispatch(Ljakarta/servlet/http/HttpServletRequest;Ljakarta/servlet/http/HttpServletResponse;)V+365
j  org.springframework.web.servlet.DispatcherServlet.doService(Ljakarta/servlet/http/HttpServletRequest;Ljakarta/servlet/http/HttpServletResponse;)V+242
j  org.springframework.web.servlet.FrameworkServlet.processRequest(Ljakarta/servlet/http/HttpServletRequest;Ljakarta/servlet/http/HttpServletResponse;)V+70
j  org.springframework.web.servlet.FrameworkServlet.doGet(Ljakarta/servlet/http/HttpServletRequest;Ljakarta/servlet/http/HttpServletResponse;)V+3
j  jakarta.servlet.http.HttpServlet.service(Ljakarta/servlet/http/HttpServletRequest;Ljakarta/servlet/http/HttpServletResponse;)V+35
j  org.springframework.web.servlet.FrameworkServlet.service(Ljakarta/servlet/http/HttpServletRequest;Ljakarta/servlet/http/HttpServletResponse;)V+20
j  jakarta.servlet.http.HttpServlet.service(Ljakarta/servlet/ServletRequest;Ljakarta/servlet/ServletResponse;)V+36
j  org.apache.catalina.core.ApplicationFilterChain.internalDoFilter(Ljakarta/servlet/ServletRequest;Ljakarta/servlet/ServletResponse;)V+305
j  org.apache.catalina.core.ApplicationFilterChain.doFilter(Ljakarta/servlet/ServletRequest;Ljakarta/servlet/ServletResponse;)V+99
j  org.apache.tomcat.websocket.server.WsFilter.doFilter(Ljakarta/servlet/ServletRequest;Ljakarta/servlet/ServletResponse;Ljakarta/servlet/FilterChain;)V+21
j  org.apache.catalina.core.ApplicationFilterChain.internalDoFilter(Ljakarta/servlet/ServletRequest;Ljakarta/servlet/ServletResponse;)V+135
j  org.apache.catalina.core.ApplicationFilterChain.doFilter(Ljakarta/servlet/ServletRequest;Ljakarta/servlet/ServletResponse;)V+99
j  org.springframework.security.web.FilterChainProxy.lambda$doFilterInternal$3(Lorg/springframework/security/web/firewall/FirewalledRequest;Ljakarta/servlet/FilterChain;Ljakarta/servlet/ServletRequest;Ljakarta/servlet/ServletResponse;)V+35
j  org.springframework.security.web.FilterChainProxy$$Lambda$1348+0x000000080098eea8.doFilter(Ljakarta/servlet/ServletRequest;Ljakarta/servlet/ServletResponse;)V+10
j  org.springframework.security.web.FilterChainProxy$VirtualFilterChain.doFilter(Ljakarta/servlet/ServletRequest;Ljakarta/servlet/ServletResponse;)V+17
j  org.springframework.security.web.access.intercept.AuthorizationFilter.doFilter(Ljakarta/servlet/ServletRequest;Ljakarta/servlet/ServletResponse;Ljakarta/servlet/FilterChain;)V+143
j  org.springframework.security.web.FilterChainProxy$VirtualFilterChain.doFilter(Ljakarta/servlet/ServletRequest;Ljakarta/servlet/ServletResponse;)V+105
j  org.springframework.security.web.access.ExceptionTranslationFilter.doFilter(Ljakarta/servlet/http/HttpServletRequest;Ljakarta/servlet/http/HttpServletResponse;Ljakarta/servlet/FilterChain;)V+3
j  org.springframework.security.web.access.ExceptionTranslationFilter.doFilter(Ljakarta/servlet/ServletRequest;Ljakarta/servlet/ServletResponse;Ljakarta/servlet/FilterChain;)V+10
j  org.springframework.security.web.FilterChainProxy$VirtualFilterChain.doFilter(Ljakarta/servlet/ServletRequest;Ljakarta/servlet/ServletResponse;)V+105
j  org.springframework.security.web.authentication.AnonymousAuthenticationFilter.doFilter(Ljakarta/servlet/ServletRequest;Ljakarta/servlet/ServletResponse;Ljakarta/servlet/FilterChain;)V+33
j  org.springframework.security.web.FilterChainProxy$VirtualFilterChain.doFilter(Ljakarta/servlet/ServletRequest;Ljakarta/servlet/ServletResponse;)V+105
j  org.springframework.security.web.servletapi.SecurityContextHolderAwareRequestFilter.doFilter(Ljakarta/servlet/ServletRequest;Ljakarta/servlet/ServletResponse;Ljakarta/servlet/FilterChain;)V+19
j  org.springframework.security.web.FilterChainProxy$VirtualFilterChain.doFilter(Ljakarta/servlet/ServletRequest;Ljakarta/servlet/ServletResponse;)V+105
j  org.springframework.security.web.savedrequest.RequestCacheAwareFilter.doFilter(Ljakarta/servlet/ServletRequest;Ljakarta/servlet/ServletResponse;Ljakarta/servlet/FilterChain;)V+32
j  org.springframework.security.web.FilterChainProxy$VirtualFilterChain.doFilter(Ljakarta/servlet/ServletRequest;Ljakarta/servlet/ServletResponse;)V+105
j  org.springframework.security.web.authentication.AbstractAuthenticationProcessingFilter.doFilter(Ljakarta/servlet/http/HttpServletRequest;Ljakarta/servlet/http/HttpServletResponse;Ljakarta/servlet/FilterChain;)V+12
j  org.springframework.security.web.authentication.AbstractAuthenticationProcessingFilter.doFilter(Ljakarta/servlet/ServletRequest;Ljakarta/servlet/ServletResponse;Ljakarta/servlet/FilterChain;)V+10
j  org.springframework.security.web.FilterChainProxy$VirtualFilterChain.doFilter(Ljakarta/servlet/ServletRequest;Ljakarta/servlet/ServletResponse;)V+105
j  org.springframework.security.web.authentication.logout.LogoutFilter.doFilter(Ljakarta/servlet/http/HttpServletRequest;Ljakarta/servlet/http/HttpServletResponse;Ljakarta/servlet/FilterChain;)V+83
j  org.springframework.security.web.authentication.logout.LogoutFilter.doFilter(Ljakarta/servlet/ServletRequest;Ljakarta/servlet/ServletResponse;Ljakarta/servlet/FilterChain;)V+10
j  org.springframework.security.web.FilterChainProxy$VirtualFilterChain.doFilter(Ljakarta/servlet/ServletRequest;Ljakarta/servlet/ServletResponse;)V+105
j  org.springframework.security.web.header.HeaderWriterFilter.doHeadersAfter(Ljakarta/servlet/http/HttpServletRequest;Ljakarta/servlet/http/HttpServletResponse;Ljakarta/servlet/FilterChain;)V+29
j  org.springframework.security.web.header.HeaderWriterFilter.doFilterInternal(Ljakarta/servlet/http/HttpServletRequest;Ljakarta/servlet/http/HttpServletResponse;Ljakarta/servlet/FilterChain;)V+21
j  org.springframework.web.filter.OncePerRequestFilter.doFilter(Ljakarta/servlet/ServletRequest;Ljakarta/servlet/ServletResponse;Ljakarta/servlet/FilterChain;)V+150
j  org.springframework.security.web.FilterChainProxy$VirtualFilterChain.doFilter(Ljakarta/servlet/ServletRequest;Ljakarta/servlet/ServletResponse;)V+105
j  org.springframework.security.web.context.SecurityContextHolderFilter.doFilter(Ljakarta/servlet/http/HttpServletRequest;Ljakarta/servlet/http/HttpServletResponse;Ljakarta/servlet/FilterChain;)V+59
j  org.springframework.security.web.context.SecurityContextHolderFilter.doFilter(Ljakarta/servlet/ServletRequest;Ljakarta/servlet/ServletResponse;Ljakarta/servlet/FilterChain;)V+10
j  org.springframework.security.web.FilterChainProxy$VirtualFilterChain.doFilter(Ljakarta/servlet/ServletRequest;Ljakarta/servlet/ServletResponse;)V+105
j  org.springframework.security.web.context.request.async.WebAsyncManagerIntegrationFilter.doFilterInternal(Ljakarta/servlet/http/HttpServletRequest;Ljakarta/servlet/http/HttpServletResponse;Ljakarta/servlet/FilterChain;)V+55
j  org.springframework.web.filter.OncePerRequestFilter.doFilter(Ljakarta/servlet/ServletRequest;Ljakarta/servlet/ServletResponse;Ljakarta/servlet/FilterChain;)V+150
j  org.springframework.security.web.FilterChainProxy$VirtualFilterChain.doFilter(Ljakarta/servlet/ServletRequest;Ljakarta/servlet/ServletResponse;)V+105
j  org.springframework.security.web.session.DisableEncodeUrlFilter.doFilterInternal(Ljakarta/servlet/http/HttpServletRequest;Ljakarta/servlet/http/HttpServletResponse;Ljakarta/servlet/FilterChain;)V+10
j  org.springframework.web.filter.OncePerRequestFilter.doFilter(Ljakarta/servlet/ServletRequest;Ljakarta/servlet/ServletResponse;Ljakarta/servlet/FilterChain;)V+150
j  org.springframework.security.web.FilterChainProxy$VirtualFilterChain.doFilter(Ljakarta/servlet/ServletRequest;Ljakarta/servlet/ServletResponse;)V+105
j  org.springframework.security.web.FilterChainProxy.doFilterInternal(Ljakarta/servlet/ServletRequest;Ljakarta/servlet/ServletResponse;Ljakarta/servlet/FilterChain;)V+163
j  org.springframework.security.web.FilterChainProxy.doFilter(Ljakarta/servlet/ServletRequest;Ljakarta/servlet/ServletResponse;Ljakarta/servlet/FilterChain;)V+48
j  org.springframework.web.filter.DelegatingFilterProxy.invokeDelegate(Ljakarta/servlet/Filter;Ljakarta/servlet/ServletRequest;Ljakarta/servlet/ServletResponse;Ljakarta/servlet/FilterChain;)V+5
j  org.springframework.web.filter.DelegatingFilterProxy.doFilter(Ljakarta/servlet/ServletRequest;Ljakarta/servlet/ServletResponse;Ljakarta/servlet/FilterChain;)V+85
j  org.apache.catalina.core.ApplicationFilterChain.internalDoFilter(Ljakarta/servlet/ServletRequest;Ljakarta/servlet/ServletResponse;)V+135
j  org.apache.catalina.core.ApplicationFilterChain.doFilter(Ljakarta/servlet/ServletRequest;Ljakarta/servlet/ServletResponse;)V+99
j  org.springframework.web.filter.RequestContextFilter.doFilterInternal(Ljakarta/servlet/http/HttpServletRequest;Ljakarta/servlet/http/HttpServletResponse;Ljakarta/servlet/FilterChain;)V+21
j  org.springframework.web.filter.OncePerRequestFilter.doFilter(Ljakarta/servlet/ServletRequest;Ljakarta/servlet/ServletResponse;Ljakarta/servlet/FilterChain;)V+150
j  org.apache.catalina.core.ApplicationFilterChain.internalDoFilter(Ljakarta/servlet/ServletRequest;Ljakarta/servlet/ServletResponse;)V+135
j  org.apache.catalina.core.ApplicationFilterChain.doFilter(Ljakarta/servlet/ServletRequest;Ljakarta/servlet/ServletResponse;)V+99
j  org.springframework.web.filter.FormContentFilter.doFilterInternal(Ljakarta/servlet/http/HttpServletRequest;Ljakarta/servlet/http/HttpServletResponse;Ljakarta/servlet/FilterChain;)V+38
j  org.springframework.web.filter.OncePerRequestFilter.doFilter(Ljakarta/servlet/ServletRequest;Ljakarta/servlet/ServletResponse;Ljakarta/servlet/FilterChain;)V+150
j  org.apache.catalina.core.ApplicationFilterChain.internalDoFilter(Ljakarta/servlet/ServletRequest;Ljakarta/servlet/ServletResponse;)V+135
j  org.apache.catalina.core.ApplicationFilterChain.doFilter(Ljakarta/servlet/ServletRequest;Ljakarta/servlet/ServletResponse;)V+99
j  org.springframework.web.filter.CharacterEncodingFilter.doFilterInternal(Ljakarta/servlet/http/HttpServletRequest;Ljakarta/servlet/http/HttpServletResponse;Ljakarta/servlet/FilterChain;)V+53
j  org.springframework.web.filter.OncePerRequestFilter.doFilter(Ljakarta/servlet/ServletRequest;Ljakarta/servlet/ServletResponse;Ljakarta/servlet/FilterChain;)V+150
j  org.apache.catalina.core.ApplicationFilterChain.internalDoFilter(Ljakarta/servlet/ServletRequest;Ljakarta/servlet/ServletResponse;)V+135
j  org.apache.catalina.core.ApplicationFilterChain.doFilter(Ljakarta/servlet/ServletRequest;Ljakarta/servlet/ServletResponse;)V+99
j  org.apache.catalina.core.StandardWrapperValve.invoke(Lorg/apache/catalina/connector/Request;Lorg/apache/catalina/connector/Response;)V+514
j  org.apache.catalina.core.StandardContextValve.invoke(Lorg/apache/catalina/connector/Request;Lorg/apache/catalina/connector/Response;)V+169
j  org.apache.catalina.authenticator.AuthenticatorBase.invoke(Lorg/apache/catalina/connector/Request;Lorg/apache/catalina/connector/Response;)V+218
j  org.apache.catalina.core.StandardHostValve.invoke(Lorg/apache/catalina/connector/Request;Lorg/apache/catalina/connector/Response;)V+131
j  org.apache.catalina.valves.ErrorReportValve.invoke(Lorg/apache/catalina/connector/Request;Lorg/apache/catalina/connector/Response;)V+6
j  org.apache.catalina.core.StandardEngineValve.invoke(Lorg/apache/catalina/connector/Request;Lorg/apache/catalina/connector/Response;)V+59
j  org.apache.catalina.connector.CoyoteAdapter.service(Lorg/apache/coyote/Request;Lorg/apache/coyote/Response;)V+187
j  org.apache.coyote.http11.Http11Processor.service(Lorg/apache/tomcat/util/net/SocketWrapperBase;)Lorg/apache/tomcat/util/net/AbstractEndpoint$Handler$SocketState;+785
j  org.apache.coyote.AbstractProcessorLight.process(Lorg/apache/tomcat/util/net/SocketWrapperBase;Lorg/apache/tomcat/util/net/SocketEvent;)Lorg/apache/tomcat/util/net/AbstractEndpoint$Handler$SocketState;+152
j  org.apache.coyote.AbstractProtocol$ConnectionHandler.process(Lorg/apache/tomcat/util/net/SocketWrapperBase;Lorg/apache/tomcat/util/net/SocketEvent;)Lorg/apache/tomcat/util/net/AbstractEndpoint$Handler$SocketState;+482
j  org.apache.tomcat.util.net.NioEndpoint$SocketProcessor.doRun()V+249
j  org.apache.tomcat.util.net.SocketProcessorBase.run()V+32
j  org.apache.tomcat.util.threads.ThreadPoolExecutor.runWorker(Lorg/apache/tomcat/util/threads/ThreadPoolExecutor$Worker;)V+92
j  org.apache.tomcat.util.threads.ThreadPoolExecutor$Worker.run()V+5
j  org.apache.tomcat.util.threads.TaskThread$WrappingRunnable.run()V+4
j  java.lang.Thread.run()V+11 java.base@17.0.8.1
v  ~StubRoutines::call_stub

siginfo: EXCEPTION_ACCESS_VIOLATION (0xc0000005), reading address 0x0000000458000010


Register to memory mapping:

RIP=0x00007fff425b0451 jvm.dll
RAX=0x00000017017f8f98 is pointing into the stack for thread: 0x00000122de466b90
RBX=0x00000122def4f370 points into unknown readable memory: 0x0000000458000008 | 08 00 00 58 04 00 00 00
RCX=0x00000017017f8f10 is pointing into the stack for thread: 0x00000122de466b90
RDX=0x00000017017f8f10 is pointing into the stack for thread: 0x00000122de466b90
RSP=0x00000017017f8f40 is pointing into the stack for thread: 0x00000122de466b90
RBP=0x00000017017f8f89 is pointing into the stack for thread: 0x00000122de466b90
RSI=0x00000122de466b90 is a thread
RDI=0x0000000458000008 is an unknown value
R8 =0x0 is NULL
R9 =0x00000122dbfe9008 is pointing into metadata
R10=0x00000122dbfe80c0 is pointing into metadata
R11=0x0 is NULL
R12=0x0 is NULL
R13=0x00000122dbfe89b4 is pointing into metadata
R14=0x00000017017f90b0 is pointing into the stack for thread: 0x00000122de466b90
R15=0x00000122dbfe89b4 is pointing into metadata


Registers:
RAX=0x00000017017f8f98, RBX=0x00000122def4f370, RCX=0x00000017017f8f10, RDX=0x00000017017f8f10
RSP=0x00000017017f8f40, RBP=0x00000017017f8f89, RSI=0x00000122de466b90, RDI=0x0000000458000008
R8 =0x0000000000000000, R9 =0x00000122dbfe9008, R10=0x00000122dbfe80c0, R11=0x0000000000000000
R12=0x0000000000000000, R13=0x00000122dbfe89b4, R14=0x00000017017f90b0, R15=0x00000122dbfe89b4
RIP=0x00007fff425b0451, EFLAGS=0x0000000000010202

Top of Stack: (sp=0x00000017017f8f40)
0x00000017017f8f40:   00000122dbfe800b 00000122def4f370
0x00000017017f8f50:   00000017017f8f89 0000003d00000002
0x00000017017f8f60:   000000000000003d 000000030000000c
0x00000017017f8f70:   00000122d4c2e470 0000000000000000
0x00000017017f8f80:   00000000000000b9 00007fff42319b9f
0x00000017017f8f90:   00000017017f98a0 00000122d4c46e80
0x00000017017f8fa0:   00000122dcf5e190 0000000800304610
0x00000017017f8fb0:   0000000800992150 0000000000000000
0x00000017017f8fc0:   0000000000000000 00000122000b0101
0x00000017017f8fd0:   00000017017f90e0 00007fff423d5914
0x00000017017f8fe0:   00000122def3bb00 00000122de466b90
0x00000017017f8ff0:   00000122def4f370 00000000000000b9
0x00000017017f9000:   00000122000000b9 00000122de466b90
0x00000017017f9010:   00000122dbfe89f8 00000122de466b90
0x00000017017f9020:   0000000000000000 0000000000000000
0x00000017017f9030:   00000122dbfe80c0 00000122de466b90 

Instructions: (pc=0x00007fff425b0451)
0x00007fff425b0351:   6b d0 ff ff 48 83 7e 08 00 0f 85 6e 01 00 00 48
0x00007fff425b0361:   85 db 75 04 33 ff eb 25 80 3d 0e e3 60 00 00 48
0x00007fff425b0371:   8b 3b 74 15 8b 7f 08 8b 0d 8a 1f 5a 00 48 d3 e7
0x00007fff425b0381:   48 03 3d 78 1f 5a 00 eb 04 48 8b 7f 08 48 8b d6
0x00007fff425b0391:   48 8d 4d 0f e8 56 e5 ff ff 48 83 7e 08 00 0f 85
0x00007fff425b03a1:   29 01 00 00 48 89 45 ff 48 89 75 07 48 85 c0 74
0x00007fff425b03b1:   14 48 8b 8e 48 02 00 00 48 8d 55 f7 48 89 45 f7
0x00007fff425b03c1:   e8 9a a6 aa ff 4c 8b 45 1f 48 8d 55 ff 48 89 74
0x00007fff425b03d1:   24 30 4c 8b cb c6 44 24 28 01 49 8b ce 48 89 7c
0x00007fff425b03e1:   24 20 e8 48 1e 00 00 e9 d8 00 00 00 4c 8b 4d 7f
0x00007fff425b03f1:   45 8b c2 49 8b d3 49 8b ce e8 31 03 00 00 e9 d3
0x00007fff425b0401:   00 00 00 4c 8b 4d 7f 45 8b c2 49 8b d3 49 8b ce
0x00007fff425b0411:   e8 3a 01 00 00 e9 bc 00 00 00 48 8b 75 7f 48 8d
0x00007fff425b0421:   4d 0f 4c 8b ce 45 8b c2 49 8b d3 e8 8f cf ff ff
0x00007fff425b0431:   48 83 7e 08 00 0f 85 92 00 00 00 48 85 db 75 04
0x00007fff425b0441:   33 ff eb 25 80 3d 32 e2 60 00 00 48 8b 3b 74 15
0x00007fff425b0451:   8b 7f 08 8b 0d ae 1e 5a 00 48 d3 e7 48 03 3d 9c
0x00007fff425b0461:   1e 5a 00 eb 04 48 8b 7f 08 4c 8b c6 48 8d 4d 0f
0x00007fff425b0471:   ba b9 00 00 00 e8 85 f6 ff ff 48 83 7e 08 00 75
0x00007fff425b0481:   4c 48 89 45 ff 48 89 75 07 48 85 c0 74 14 48 8b
0x00007fff425b0491:   8e 48 02 00 00 48 8d 55 f7 48 89 45 f7 e8 bd a5
0x00007fff425b04a1:   aa ff 4c 8b 45 1f 48 8d 55 ff 48 89 74 24 30 4c
0x00007fff425b04b1:   8b cb c6 44 24 28 01 49 8b ce 48 89 7c 24 20 e8
0x00007fff425b04c1:   cb 13 00 00 48 8d 4d ff e8 22 cc de ff 48 8d 4d
0x00007fff425b04d1:   2f e8 19 cc de ff 48 8b b4 24 a0 00 00 00 48 8b
0x00007fff425b04e1:   bc 24 a8 00 00 00 4c 8d 9c 24 90 00 00 00 49 8b
0x00007fff425b04f1:   5b 20 4d 8b 73 28 49 8b e3 5d c3 3f 03 56 00 c9
0x00007fff425b0501:   02 56 00 91 02 56 00 1b 04 56 00 04 04 56 00 ed
0x00007fff425b0511:   03 56 00 d7 04 56 00 00 01 02 03 04 06 06 06 06
0x00007fff425b0521:   06 06 06 06 06 06 06 06 06 06 06 06 06 06 06 06
0x00007fff425b0531:   06 06 06 06 06 06 06 06 06 06 06 06 06 06 06 06
0x00007fff425b0541:   06 06 06 06 06 06 06 06 06 06 05 cc cc cc cc 40 


Stack slot to memory mapping:
stack at sp + 0 slots: 0x00000122dbfe800b is pointing into metadata
stack at sp + 1 slots: 0x00000122def4f370 points into unknown readable memory: 0x0000000458000008 | 08 00 00 58 04 00 00 00
stack at sp + 2 slots: 0x00000017017f8f89 is pointing into the stack for thread: 0x00000122de466b90
stack at sp + 3 slots: 0x0000003d00000002 is an unknown value
stack at sp + 4 slots: 0x000000000000003d is an unknown value
stack at sp + 5 slots: 0x000000030000000c is an unknown value
stack at sp + 6 slots: 0x00000122d4c2e470 points into unknown readable memory: 0x616a00106e30ffff | ff ff 30 6e 10 00 6a 61
stack at sp + 7 slots: 0x0 is NULL


---------------  P R O C E S S  ---------------

Threads class SMR info:
_java_thread_list=0x00000122e2f6c6e0, length=30, elements={
0x00000122d70dd3f0, 0x00000122d70e01c0, 0x00000122d70c6260, 0x00000122d70c74b0,
0x00000122d71017b0, 0x00000122d7105ff0, 0x00000122d710f4c0, 0x00000122d7112720,
0x00000122d7128090, 0x00000122d729f5a0, 0x00000122d72b9900, 0x00000122deb45030,
0x00000122ddd0d190, 0x00000122dd1f21e0, 0x00000122dd1f26f0, 0x00000122dd1f12b0,
0x00000122de465240, 0x00000122de466b90, 0x00000122de461580, 0x00000122de45fc30,
0x00000122de465750, 0x00000122de463e00, 0x00000122de4638f0, 0x00000122de461a90,
0x00000122de461fa0, 0x00000122de4629c0, 0x00000122de460b60, 0x00000122de466170,
0x00000122de4624b0, 0x00000122dd9cf5c0
}

Java Threads: ( => current thread )
  0x00000122d70dd3f0 JavaThread "Reference Handler" daemon [_thread_blocked, id=11568, stack(0x000000177fd00000,0x000000177fe00000)]
  0x00000122d70e01c0 JavaThread "Finalizer" daemon [_thread_blocked, id=13808, stack(0x000000177fe00000,0x000000177ff00000)]
  0x00000122d70c6260 JavaThread "Signal Dispatcher" daemon [_thread_blocked, id=17376, stack(0x000000177ff00000,0x0000001780000000)]
  0x00000122d70c74b0 JavaThread "Attach Listener" daemon [_thread_blocked, id=912, stack(0x0000001700000000,0x0000001700100000)]
  0x00000122d71017b0 JavaThread "Service Thread" daemon [_thread_blocked, id=11600, stack(0x0000001700100000,0x0000001700200000)]
  0x00000122d7105ff0 JavaThread "Monitor Deflation Thread" daemon [_thread_blocked, id=2844, stack(0x0000001700200000,0x0000001700300000)]
  0x00000122d710f4c0 JavaThread "C2 CompilerThread0" daemon [_thread_blocked, id=10264, stack(0x0000001700300000,0x0000001700400000)]
  0x00000122d7112720 JavaThread "C1 CompilerThread0" daemon [_thread_blocked, id=2332, stack(0x0000001700400000,0x0000001700500000)]
  0x00000122d7128090 JavaThread "Sweeper thread" daemon [_thread_blocked, id=16432, stack(0x0000001700500000,0x0000001700600000)]
  0x00000122d729f5a0 JavaThread "Notification Thread" daemon [_thread_blocked, id=7696, stack(0x0000001700600000,0x0000001700700000)]
  0x00000122d72b9900 JavaThread "Common-Cleaner" daemon [_thread_blocked, id=972, stack(0x0000001700800000,0x0000001700900000)]
  0x00000122deb45030 JavaThread "Catalina-utility-1" [_thread_blocked, id=17356, stack(0x0000001700e00000,0x0000001700f00000)]
  0x00000122ddd0d190 JavaThread "Catalina-utility-2" [_thread_blocked, id=16168, stack(0x0000001700f00000,0x0000001701000000)]
  0x00000122dd1f21e0 JavaThread "container-0" [_thread_blocked, id=17068, stack(0x0000001701000000,0x0000001701100000)]
  0x00000122dd1f26f0 JavaThread "mssql-jdbc-shared-timer-core-0" daemon [_thread_blocked, id=9680, stack(0x0000001701300000,0x0000001701400000)]
  0x00000122dd1f12b0 JavaThread "HikariPool-1 housekeeper" daemon [_thread_blocked, id=16188, stack(0x0000001701400000,0x0000001701500000)]
  0x00000122de465240 JavaThread "http-nio-8080-exec-1" daemon [_thread_blocked, id=16160, stack(0x0000001701600000,0x0000001701700000)]
=>0x00000122de466b90 JavaThread "http-nio-8080-exec-2" daemon [_thread_in_vm, id=14684, stack(0x0000001701700000,0x0000001701800000)]
  0x00000122de461580 JavaThread "http-nio-8080-exec-3" daemon [_thread_blocked, id=1048, stack(0x0000001701800000,0x0000001701900000)]
  0x00000122de45fc30 JavaThread "http-nio-8080-exec-4" daemon [_thread_blocked, id=9556, stack(0x0000001701900000,0x0000001701a00000)]
  0x00000122de465750 JavaThread "http-nio-8080-exec-5" daemon [_thread_blocked, id=11588, stack(0x0000001701a00000,0x0000001701b00000)]
  0x00000122de463e00 JavaThread "http-nio-8080-exec-6" daemon [_thread_blocked, id=15996, stack(0x0000001701b00000,0x0000001701c00000)]
  0x00000122de4638f0 JavaThread "http-nio-8080-exec-7" daemon [_thread_blocked, id=16212, stack(0x0000001701c00000,0x0000001701d00000)]
  0x00000122de461a90 JavaThread "http-nio-8080-exec-8" daemon [_thread_blocked, id=13812, stack(0x0000001701d00000,0x0000001701e00000)]
  0x00000122de461fa0 JavaThread "http-nio-8080-exec-9" daemon [_thread_blocked, id=16412, stack(0x0000001701e00000,0x0000001701f00000)]
  0x00000122de4629c0 JavaThread "http-nio-8080-exec-10" daemon [_thread_blocked, id=11484, stack(0x0000001701f00000,0x0000001702000000)]
  0x00000122de460b60 JavaThread "http-nio-8080-Poller" daemon [_thread_in_native, id=14136, stack(0x0000001702000000,0x0000001702100000)]
  0x00000122de466170 JavaThread "http-nio-8080-Acceptor" daemon [_thread_in_native, id=11572, stack(0x0000001702100000,0x0000001702200000)]
  0x00000122de4624b0 JavaThread "DestroyJavaVM" [_thread_blocked, id=10524, stack(0x000000177f600000,0x000000177f700000)]
  0x00000122dd9cf5c0 JavaThread "C2 CompilerThread1" daemon [_thread_in_native, id=10484, stack(0x0000001700900000,0x0000001700a00000)]

Other Threads:
  0x00000122d705b250 VMThread "VM Thread" [stack: 0x000000177fc00000,0x000000177fd00000] [id=16940]
  0x00000122d72a5aa0 WatcherThread [stack: 0x0000001700700000,0x0000001700800000] [id=7644]
  0x00000122b8fdbd50 GCTaskThread "GC Thread#0" [stack: 0x000000177f700000,0x000000177f800000] [id=5736]
  0x00000122d72db8e0 GCTaskThread "GC Thread#1" [stack: 0x0000001700a00000,0x0000001700b00000] [id=15912]
  0x00000122d72da2e0 GCTaskThread "GC Thread#2" [stack: 0x0000001700b00000,0x0000001700c00000] [id=8180]
  0x00000122d72db620 GCTaskThread "GC Thread#3" [stack: 0x0000001700c00000,0x0000001700d00000] [id=14012]
  0x00000122d4b30200 ConcurrentGCThread "G1 Main Marker" [stack: 0x000000177f800000,0x000000177f900000] [id=13872]
  0x00000122d4b32d00 ConcurrentGCThread "G1 Conc#0" [stack: 0x000000177f900000,0x000000177fa00000] [id=11288]
  0x00000122d4bd60e0 ConcurrentGCThread "G1 Refine#0" [stack: 0x000000177fa00000,0x000000177fb00000] [id=3980]
  0x00000122dd3d3030 ConcurrentGCThread "G1 Refine#1" [stack: 0x0000001700d00000,0x0000001700e00000] [id=7848]
  0x00000122dd373ed0 ConcurrentGCThread "G1 Refine#2" [stack: 0x0000001701100000,0x0000001701200000] [id=3496]
  0x00000122d4bd7390 ConcurrentGCThread "G1 Service" [stack: 0x000000177fb00000,0x000000177fc00000] [id=6624]

Threads with active compile tasks:
C2 CompilerThread1    28217 6406       4       org.eclipse.jdt.internal.compiler.lookup.BinaryTypeBinding::createMethod (1719 bytes)

VM state: not at safepoint (normal execution)

VM Mutex/Monitor currently owned by a thread: None

Heap address: 0x0000000704c00000, size: 4020 MB, Compressed Oops mode: Zero based, Oop shift amount: 3

CDS archive(s) not mapped
Compressed class space mapped at: 0x0000000800000000-0x0000000840000000, reserved size: 1073741824
Narrow klass base: 0x0000000800000000, Narrow klass shift: 0, Narrow klass range: 0x40000000

GC Precious Log:
 CPUs: 4 total, 4 available
 Memory: 16079M
 Large Page Support: Disabled
 NUMA Support: Disabled
 Compressed Oops: Enabled (Zero based)
 Heap Region Size: 2M
 Heap Min Capacity: 8M
 Heap Initial Capacity: 252M
 Heap Max Capacity: 4020M
 Pre-touch: Disabled
 Parallel Workers: 4
 Concurrent Workers: 1
 Concurrent Refinement Workers: 4
 Periodic GC: Disabled

Heap:
 garbage-first heap   total 69632K, used 46761K [0x0000000704c00000, 0x0000000800000000)
  region size 2048K, 10 young (20480K), 1 survivors (2048K)
 Metaspace       used 83774K, committed 84352K, reserved 1179648K
  class space    used 10332K, committed 10624K, reserved 1048576K

Heap Regions: E=young(eden), S=young(survivor), O=old, HS=humongous(starts), HC=humongous(continues), CS=collection set, F=free, OA=open archive, CA=closed archive, TAMS=top-at-mark-start (previous, next)
|   0|0x0000000704c00000, 0x0000000704e00000, 0x0000000704e00000|100%| O|  |TAMS 0x0000000704e00000, 0x0000000704c00000| Untracked 
|   1|0x0000000704e00000, 0x0000000705000000, 0x0000000705000000|100%| O|  |TAMS 0x0000000705000000, 0x0000000704e00000| Untracked 
|   2|0x0000000705000000, 0x0000000705200000, 0x0000000705200000|100%| O|  |TAMS 0x0000000705200000, 0x0000000705000000| Untracked 
|   3|0x0000000705200000, 0x0000000705400000, 0x0000000705400000|100%| O|  |TAMS 0x0000000705400000, 0x0000000705200000| Untracked 
|   4|0x0000000705400000, 0x0000000705600000, 0x0000000705600000|100%| O|  |TAMS 0x0000000705600000, 0x0000000705400000| Untracked 
|   5|0x0000000705600000, 0x0000000705800000, 0x0000000705800000|100%| O|  |TAMS 0x0000000705600000, 0x0000000705600000| Untracked 
|   6|0x0000000705800000, 0x0000000705a00000, 0x0000000705a00000|100%| O|  |TAMS 0x0000000705a00000, 0x0000000705800000| Untracked 
|   7|0x0000000705a00000, 0x0000000705c00000, 0x0000000705c00000|100%| O|  |TAMS 0x0000000705c00000, 0x0000000705a00000| Untracked 
|   8|0x0000000705c00000, 0x0000000705e00000, 0x0000000705e00000|100%| O|  |TAMS 0x0000000705c00000, 0x0000000705c00000| Untracked 
|   9|0x0000000705e00000, 0x0000000706000000, 0x0000000706000000|100%| O|  |TAMS 0x0000000706000000, 0x0000000705e00000| Untracked 
|  10|0x0000000706000000, 0x0000000706200000, 0x0000000706200000|100%| O|  |TAMS 0x00000007060b0600, 0x0000000706000000| Untracked 
|  11|0x0000000706200000, 0x0000000706400000, 0x0000000706400000|100%| O|  |TAMS 0x0000000706200000, 0x0000000706200000| Untracked 
|  12|0x0000000706400000, 0x0000000706600000, 0x0000000706600000|100%| O|  |TAMS 0x0000000706400000, 0x0000000706400000| Untracked 
|  13|0x0000000706600000, 0x0000000706800000, 0x0000000706800000|100%| O|  |TAMS 0x0000000706600000, 0x0000000706600000| Untracked 
|  14|0x0000000706800000, 0x0000000706a00000, 0x0000000706a00000|100%| O|  |TAMS 0x0000000706800000, 0x0000000706800000| Untracked 
|  15|0x0000000706a00000, 0x0000000706a24e00, 0x0000000706c00000|  7%| O|  |TAMS 0x0000000706a00000, 0x0000000706a00000| Untracked 
|  16|0x0000000706c00000, 0x0000000706c00000, 0x0000000706e00000|  0%| F|  |TAMS 0x0000000706c00000, 0x0000000706c00000| Untracked 
|  17|0x0000000706e00000, 0x0000000706e00000, 0x0000000707000000|  0%| F|  |TAMS 0x0000000706e00000, 0x0000000706e00000| Untracked 
|  18|0x0000000707000000, 0x0000000707000000, 0x0000000707200000|  0%| F|  |TAMS 0x0000000707000000, 0x0000000707000000| Untracked 
|  19|0x0000000707200000, 0x0000000707200000, 0x0000000707400000|  0%| F|  |TAMS 0x0000000707200000, 0x0000000707200000| Untracked 
|  20|0x0000000707400000, 0x0000000707400000, 0x0000000707600000|  0%| F|  |TAMS 0x0000000707400000, 0x0000000707400000| Untracked 
|  21|0x0000000707600000, 0x0000000707600000, 0x0000000707800000|  0%| F|  |TAMS 0x0000000707600000, 0x0000000707600000| Untracked 
|  22|0x0000000707800000, 0x00000007079856e0, 0x0000000707a00000| 76%| S|CS|TAMS 0x0000000707800000, 0x0000000707800000| Complete 
|  23|0x0000000707a00000, 0x0000000707a00000, 0x0000000707c00000|  0%| F|  |TAMS 0x0000000707a00000, 0x0000000707a00000| Untracked 
|  24|0x0000000707c00000, 0x0000000707c00000, 0x0000000707e00000|  0%| F|  |TAMS 0x0000000707c00000, 0x0000000707c00000| Untracked 
|  25|0x0000000707e00000, 0x0000000707f3c660, 0x0000000708000000| 61%| E|  |TAMS 0x0000000707e00000, 0x0000000707e00000| Complete 
|  26|0x0000000708000000, 0x0000000708200000, 0x0000000708200000|100%| E|CS|TAMS 0x0000000708000000, 0x0000000708000000| Complete 
|  27|0x0000000708200000, 0x0000000708400000, 0x0000000708400000|100%| E|  |TAMS 0x0000000708200000, 0x0000000708200000| Complete 
|  28|0x0000000708400000, 0x0000000708600000, 0x0000000708600000|100%| E|CS|TAMS 0x0000000708400000, 0x0000000708400000| Complete 
|  29|0x0000000708600000, 0x0000000708800000, 0x0000000708800000|100%| E|CS|TAMS 0x0000000708600000, 0x0000000708600000| Complete 
|  57|0x000000070be00000, 0x000000070c000000, 0x000000070c000000|100%| E|CS|TAMS 0x000000070be00000, 0x000000070be00000| Complete 
|  58|0x000000070c000000, 0x000000070c200000, 0x000000070c200000|100%| E|CS|TAMS 0x000000070c000000, 0x000000070c000000| Complete 
|  59|0x000000070c200000, 0x000000070c400000, 0x000000070c400000|100%| E|CS|TAMS 0x000000070c200000, 0x000000070c200000| Complete 
| 125|0x0000000714600000, 0x0000000714800000, 0x0000000714800000|100%| E|CS|TAMS 0x0000000714600000, 0x0000000714600000| Complete 

Card table byte_map: [0x00000122cbdc0000,0x00000122cc5a0000] _byte_map_base: 0x00000122c859a000

Marking Bits (Prev, Next): (CMBitMap*) 0x00000122b8fdd000, (CMBitMap*) 0x00000122b8fdcfc0
 Prev Bits: [0x00000122d0c50000, 0x00000122d4b20000)
 Next Bits: [0x00000122ccd80000, 0x00000122d0c50000)

Polling page: 0x00000122b6f10000

Metaspace:

Usage:
  Non-class:     71.72 MB used.
      Class:     10.09 MB used.
       Both:     81.81 MB used.

Virtual space:
  Non-class space:      128.00 MB reserved,      72.00 MB ( 56%) committed,  2 nodes.
      Class space:        1.00 GB reserved,      10.38 MB (  1%) committed,  1 nodes.
             Both:        1.12 GB reserved,      82.38 MB (  7%) committed. 

Chunk freelists:
   Non-Class:  7.56 MB
       Class:  5.67 MB
        Both:  13.23 MB

MaxMetaspaceSize: unlimited
CompressedClassSpaceSize: 1.00 GB
Initial GC threshold: 21.00 MB
Current GC threshold: 98.44 MB
CDS: off
MetaspaceReclaimPolicy: balanced
 - commit_granule_bytes: 65536.
 - commit_granule_words: 8192.
 - virtual_space_node_default_size: 8388608.
 - enlarge_chunks_in_place: 1.
 - new_chunks_are_fully_committed: 0.
 - uncommit_free_chunks: 1.
 - use_allocation_guard: 0.
 - handle_deallocations: 1.


Internal statistics:

num_allocs_failed_limit: 11.
num_arena_births: 842.
num_arena_deaths: 0.
num_vsnodes_births: 3.
num_vsnodes_deaths: 0.
num_space_committed: 1318.
num_space_uncommitted: 0.
num_chunks_returned_to_freelist: 11.
num_chunks_taken_from_freelist: 3380.
num_chunk_merges: 8.
num_chunk_splits: 2466.
num_chunks_enlarged: 1950.
num_inconsistent_stats: 0.

CodeHeap 'non-profiled nmethods': size=120000Kb used=4462Kb max_used=4462Kb free=115537Kb
 bounds [0x00000122c40b0000, 0x00000122c4510000, 0x00000122cb5e0000]
CodeHeap 'profiled nmethods': size=120000Kb used=12266Kb max_used=12266Kb free=107733Kb
 bounds [0x00000122bc5e0000, 0x00000122bd1e0000, 0x00000122c3b10000]
CodeHeap 'non-nmethods': size=5760Kb used=1398Kb max_used=1442Kb free=4361Kb
 bounds [0x00000122c3b10000, 0x00000122c3d80000, 0x00000122c40b0000]
 total_blobs=6516 nmethods=5779 adapters=648
 compilation: enabled
              stopped_count=0, restarted_count=0
 full_count=0

Compilation events (20 events):
Event: 27.873 Thread 0x00000122d7112720 6474       1       java.util.logging.LogManager$LoggerWeakRef::setParentRef (6 bytes)
Event: 27.873 Thread 0x00000122d7112720 nmethod 6474 0x00000122c44f3590 code [0x00000122c44f3720, 0x00000122c44f3838]
Event: 27.875 Thread 0x00000122d7112720 6475       3       org.apache.jasper.compiler.SmapUtil$SDEInstaller::readU1 (21 bytes)
Event: 27.876 Thread 0x00000122d7112720 nmethod 6475 0x00000122bd1d6310 code [0x00000122bd1d64a0, 0x00000122bd1d65f8]
Event: 27.876 Thread 0x00000122d7112720 6477       3       org.apache.jasper.compiler.SmapUtil$SDEInstaller::readBytes (38 bytes)
Event: 27.876 Thread 0x00000122d7112720 nmethod 6477 0x00000122bd1d6710 code [0x00000122bd1d68c0, 0x00000122bd1d6b78]
Event: 27.876 Thread 0x00000122d7112720 6478       3       org.apache.jasper.compiler.SmapUtil$SDEInstaller::writeBytes (45 bytes)
Event: 27.876 Thread 0x00000122d7112720 nmethod 6478 0x00000122bd1d6c90 code [0x00000122bd1d6e40, 0x00000122bd1d7058]
Event: 27.876 Thread 0x00000122d7112720 6476       3       org.apache.jasper.compiler.SmapUtil$SDEInstaller::writeU1 (19 bytes)
Event: 27.876 Thread 0x00000122d7112720 nmethod 6476 0x00000122bd1d7190 code [0x00000122bd1d7320, 0x00000122bd1d7478]
Event: 27.876 Thread 0x00000122d7112720 6480       3       org.apache.jasper.compiler.SmapUtil$SDEInstaller::copy (46 bytes)
Event: 27.877 Thread 0x00000122d7112720 nmethod 6480 0x00000122bd1d7590 code [0x00000122bd1d7740, 0x00000122bd1d7978]
Event: 27.877 Thread 0x00000122d7112720 6479       3       java.nio.charset.Charset::forName (20 bytes)
Event: 27.877 Thread 0x00000122d7112720 nmethod 6479 0x00000122bd1d7b10 code [0x00000122bd1d7cc0, 0x00000122bd1d7ed8]
Event: 27.882 Thread 0x00000122d710f4c0 nmethod 6162 0x00000122c44f3890 code [0x00000122c44f3ce0, 0x00000122c44fb858]
Event: 27.883 Thread 0x00000122d710f4c0 6413   !   4       java.net.URL::<init> (543 bytes)
Event: 27.890 Thread 0x00000122d7112720 6481       3       java.lang.invoke.MethodHandle::asCollectorChecks (74 bytes)
Event: 27.891 Thread 0x00000122d7112720 nmethod 6481 0x00000122bd1d7f90 code [0x00000122bd1d81a0, 0x00000122bd1d8838]
Event: 27.902 Thread 0x00000122d7112720 6482       3       org.apache.catalina.core.DefaultInstanceManager::findLifecycleCallback (110 bytes)
Event: 27.904 Thread 0x00000122d7112720 nmethod 6482 0x00000122bd1d8b10 code [0x00000122bd1d8e40, 0x00000122bd1da2d8]

GC Heap History (20 events):
Event: 6.294 GC heap before
{Heap before GC invocations=13 (full 0):
 garbage-first heap   total 69632K, used 19512K [0x0000000704c00000, 0x0000000800000000)
  region size 2048K, 4 young (8192K), 3 survivors (6144K)
 Metaspace       used 41896K, committed 42368K, reserved 1114112K
  class space    used 4884K, committed 5120K, reserved 1048576K
}
Event: 6.301 GC heap after
{Heap after GC invocations=14 (full 0):
 garbage-first heap   total 69632K, used 19893K [0x0000000704c00000, 0x0000000800000000)
  region size 2048K, 1 young (2048K), 1 survivors (2048K)
 Metaspace       used 41896K, committed 42368K, reserved 1114112K
  class space    used 4884K, committed 5120K, reserved 1048576K
}
Event: 7.484 GC heap before
{Heap before GC invocations=14 (full 0):
 garbage-first heap   total 69632K, used 48565K [0x0000000704c00000, 0x0000000800000000)
  region size 2048K, 15 young (30720K), 1 survivors (2048K)
 Metaspace       used 50969K, committed 51456K, reserved 1114112K
  class space    used 6111K, committed 6336K, reserved 1048576K
}
Event: 7.488 GC heap after
{Heap after GC invocations=15 (full 0):
 garbage-first heap   total 69632K, used 20871K [0x0000000704c00000, 0x0000000800000000)
  region size 2048K, 1 young (2048K), 1 survivors (2048K)
 Metaspace       used 50969K, committed 51456K, reserved 1114112K
  class space    used 6111K, committed 6336K, reserved 1048576K
}
Event: 8.643 GC heap before
{Heap before GC invocations=15 (full 0):
 garbage-first heap   total 69632K, used 49543K [0x0000000704c00000, 0x0000000800000000)
  region size 2048K, 16 young (32768K), 1 survivors (2048K)
 Metaspace       used 57766K, committed 58240K, reserved 1114112K
  class space    used 6956K, committed 7168K, reserved 1048576K
}
Event: 8.650 GC heap after
{Heap after GC invocations=16 (full 0):
 garbage-first heap   total 69632K, used 23233K [0x0000000704c00000, 0x0000000800000000)
  region size 2048K, 2 young (4096K), 2 survivors (4096K)
 Metaspace       used 57766K, committed 58240K, reserved 1114112K
  class space    used 6956K, committed 7168K, reserved 1048576K
}
Event: 8.861 GC heap before
{Heap before GC invocations=16 (full 0):
 garbage-first heap   total 69632K, used 27329K [0x0000000704c00000, 0x0000000800000000)
  region size 2048K, 5 young (10240K), 2 survivors (4096K)
 Metaspace       used 59839K, committed 60288K, reserved 1114112K
  class space    used 7325K, committed 7552K, reserved 1048576K
}
Event: 8.866 GC heap after
{Heap after GC invocations=17 (full 0):
 garbage-first heap   total 69632K, used 23806K [0x0000000704c00000, 0x0000000800000000)
  region size 2048K, 1 young (2048K), 1 survivors (2048K)
 Metaspace       used 59839K, committed 60288K, reserved 1114112K
  class space    used 7325K, committed 7552K, reserved 1048576K
}
Event: 10.295 GC heap before
{Heap before GC invocations=18 (full 0):
 garbage-first heap   total 69632K, used 52478K [0x0000000704c00000, 0x0000000800000000)
  region size 2048K, 15 young (30720K), 1 survivors (2048K)
 Metaspace       used 65416K, committed 65920K, reserved 1114112K
  class space    used 8288K, committed 8512K, reserved 1048576K
}
Event: 10.299 GC heap after
{Heap after GC invocations=19 (full 0):
 garbage-first heap   total 69632K, used 24709K [0x0000000704c00000, 0x0000000800000000)
  region size 2048K, 1 young (2048K), 1 survivors (2048K)
 Metaspace       used 65416K, committed 65920K, reserved 1114112K
  class space    used 8288K, committed 8512K, reserved 1048576K
}
Event: 10.376 GC heap before
{Heap before GC invocations=19 (full 0):
 garbage-first heap   total 69632K, used 26757K [0x0000000704c00000, 0x0000000800000000)
  region size 2048K, 2 young (4096K), 1 survivors (2048K)
 Metaspace       used 65775K, committed 66240K, reserved 1114112K
  class space    used 8310K, committed 8512K, reserved 1048576K
}
Event: 10.382 GC heap after
{Heap after GC invocations=20 (full 0):
 garbage-first heap   total 69632K, used 24895K [0x0000000704c00000, 0x0000000800000000)
  region size 2048K, 1 young (2048K), 1 survivors (2048K)
 Metaspace       used 65775K, committed 66240K, reserved 1114112K
  class space    used 8310K, committed 8512K, reserved 1048576K
}
Event: 11.086 GC heap before
{Heap before GC invocations=20 (full 0):
 garbage-first heap   total 69632K, used 53567K [0x0000000704c00000, 0x0000000800000000)
  region size 2048K, 15 young (30720K), 1 survivors (2048K)
 Metaspace       used 69173K, committed 69760K, reserved 1114112K
  class space    used 8778K, committed 9088K, reserved 1048576K
}
Event: 11.090 GC heap after
{Heap after GC invocations=21 (full 0):
 garbage-first heap   total 69632K, used 26367K [0x0000000704c00000, 0x0000000800000000)
  region size 2048K, 1 young (2048K), 1 survivors (2048K)
 Metaspace       used 69173K, committed 69760K, reserved 1114112K
  class space    used 8778K, committed 9088K, reserved 1048576K
}
Event: 11.867 GC heap before
{Heap before GC invocations=21 (full 0):
 garbage-first heap   total 69632K, used 55039K [0x0000000704c00000, 0x0000000800000000)
  region size 2048K, 15 young (30720K), 1 survivors (2048K)
 Metaspace       used 72216K, committed 72768K, reserved 1114112K
  class space    used 9243K, committed 9536K, reserved 1048576K
}
Event: 11.874 GC heap after
{Heap after GC invocations=22 (full 0):
 garbage-first heap   total 69632K, used 28658K [0x0000000704c00000, 0x0000000800000000)
  region size 2048K, 2 young (4096K), 2 survivors (4096K)
 Metaspace       used 72216K, committed 72768K, reserved 1114112K
  class space    used 9243K, committed 9536K, reserved 1048576K
}
Event: 26.756 GC heap before
{Heap before GC invocations=22 (full 0):
 garbage-first heap   total 69632K, used 53234K [0x0000000704c00000, 0x0000000800000000)
  region size 2048K, 15 young (30720K), 2 survivors (4096K)
 Metaspace       used 76129K, committed 76672K, reserved 1179648K
  class space    used 9707K, committed 9984K, reserved 1048576K
}
Event: 26.768 GC heap after
{Heap after GC invocations=23 (full 0):
 garbage-first heap   total 69632K, used 31110K [0x0000000704c00000, 0x0000000800000000)
  region size 2048K, 2 young (4096K), 2 survivors (4096K)
 Metaspace       used 76129K, committed 76672K, reserved 1179648K
  class space    used 9707K, committed 9984K, reserved 1048576K
}
Event: 27.297 GC heap before
{Heap before GC invocations=23 (full 0):
 garbage-first heap   total 69632K, used 53638K [0x0000000704c00000, 0x0000000800000000)
  region size 2048K, 13 young (26624K), 2 survivors (4096K)
 Metaspace       used 80747K, committed 81344K, reserved 1179648K
  class space    used 10095K, committed 10368K, reserved 1048576K
}
Event: 27.302 GC heap after
{Heap after GC invocations=24 (full 0):
 garbage-first heap   total 69632K, used 32425K [0x0000000704c00000, 0x0000000800000000)
  region size 2048K, 1 young (2048K), 1 survivors (2048K)
 Metaspace       used 80747K, committed 81344K, reserved 1179648K
  class space    used 10095K, committed 10368K, reserved 1048576K
}

Dll operation events (9 events):
Event: 0.014 Loaded shared library C:\Users\JPiccione\.p2\pool\plugins\org.eclipse.justj.openjdk.hotspot.jre.full.win32.x86_64_17.0.8.v20230831-1047\jre\bin\java.dll
Event: 0.211 Loaded shared library C:\Users\JPiccione\.p2\pool\plugins\org.eclipse.justj.openjdk.hotspot.jre.full.win32.x86_64_17.0.8.v20230831-1047\jre\bin\jimage.dll
Event: 0.225 Loaded shared library C:\Users\JPiccione\.p2\pool\plugins\org.eclipse.justj.openjdk.hotspot.jre.full.win32.x86_64_17.0.8.v20230831-1047\jre\bin\net.dll
Event: 0.227 Loaded shared library C:\Users\JPiccione\.p2\pool\plugins\org.eclipse.justj.openjdk.hotspot.jre.full.win32.x86_64_17.0.8.v20230831-1047\jre\bin\nio.dll
Event: 0.233 Loaded shared library C:\Users\JPiccione\.p2\pool\plugins\org.eclipse.justj.openjdk.hotspot.jre.full.win32.x86_64_17.0.8.v20230831-1047\jre\bin\zip.dll
Event: 5.217 Loaded shared library C:\Users\JPiccione\.p2\pool\plugins\org.eclipse.justj.openjdk.hotspot.jre.full.win32.x86_64_17.0.8.v20230831-1047\jre\bin\sunmscapi.dll
Event: 5.255 Loaded shared library C:\Users\JPiccione\.p2\pool\plugins\org.eclipse.justj.openjdk.hotspot.jre.full.win32.x86_64_17.0.8.v20230831-1047\jre\bin\management.dll
Event: 5.258 Loaded shared library C:\Users\JPiccione\.p2\pool\plugins\org.eclipse.justj.openjdk.hotspot.jre.full.win32.x86_64_17.0.8.v20230831-1047\jre\bin\management_ext.dll
Event: 6.652 Loaded shared library C:\Users\JPiccione\.p2\pool\plugins\org.eclipse.justj.openjdk.hotspot.jre.full.win32.x86_64_17.0.8.v20230831-1047\jre\bin\verify.dll

Deoptimization events (20 events):
Event: 27.559 Thread 0x00000122de466b90 Uncommon trap: trap_request=0xffffff6e fr.pc=0x00000122c44e1b3c relative=0x000000000000049c
Event: 27.559 Thread 0x00000122de466b90 Uncommon trap: reason=loop_limit_check action=maybe_recompile pc=0x00000122c44e1b3c method=org.eclipse.jdt.internal.compiler.classfmt.ClassFileStruct.utf8At(II)[C @ 143 c2
Event: 27.559 Thread 0x00000122de466b90 DEOPT PACKING pc=0x00000122c44e1b3c sp=0x00000017017f9660
Event: 27.559 Thread 0x00000122de466b90 DEOPT UNPACKING pc=0x00000122c3b669a3 sp=0x00000017017f95f8 mode 2
Event: 27.611 Thread 0x00000122de466b90 Uncommon trap: trap_request=0xffffffcc fr.pc=0x00000122c44e4624 relative=0x0000000000000284
Event: 27.611 Thread 0x00000122de466b90 Uncommon trap: reason=intrinsic_or_type_checked_inlining action=make_not_entrant pc=0x00000122c44e4624 method=java.util.ArrayList.toArray([Ljava/lang/Object;)[Ljava/lang/Object; @ 36 c2
Event: 27.611 Thread 0x00000122de466b90 DEOPT PACKING pc=0x00000122c44e4624 sp=0x00000017017f8d50
Event: 27.611 Thread 0x00000122de466b90 DEOPT UNPACKING pc=0x00000122c3b669a3 sp=0x00000017017f8d00 mode 2
Event: 27.619 Thread 0x00000122de466b90 Uncommon trap: trap_request=0xffffff45 fr.pc=0x00000122c42e1fa0 relative=0x0000000000000300
Event: 27.619 Thread 0x00000122de466b90 Uncommon trap: reason=unstable_if action=reinterpret pc=0x00000122c42e1fa0 method=java.util.HashMap.getNode(Ljava/lang/Object;)Ljava/util/HashMap$Node; @ 66 c2
Event: 27.619 Thread 0x00000122de466b90 DEOPT PACKING pc=0x00000122c42e1fa0 sp=0x00000017017f8a40
Event: 27.619 Thread 0x00000122de466b90 DEOPT UNPACKING pc=0x00000122c3b669a3 sp=0x00000017017f8990 mode 2
Event: 27.619 Thread 0x00000122de466b90 Uncommon trap: trap_request=0xffffff45 fr.pc=0x00000122c42c892c relative=0x000000000000030c
Event: 27.619 Thread 0x00000122de466b90 Uncommon trap: reason=unstable_if action=reinterpret pc=0x00000122c42c892c method=java.util.HashMap.getNode(Ljava/lang/Object;)Ljava/util/HashMap$Node; @ 66 c2
Event: 27.619 Thread 0x00000122de466b90 DEOPT PACKING pc=0x00000122c42c892c sp=0x00000017017f8a20
Event: 27.619 Thread 0x00000122de466b90 DEOPT UNPACKING pc=0x00000122c3b669a3 sp=0x00000017017f89c0 mode 2
Event: 27.892 Thread 0x00000122de466b90 Uncommon trap: trap_request=0xffffffde fr.pc=0x00000122c412de34 relative=0x0000000000001334
Event: 27.892 Thread 0x00000122de466b90 Uncommon trap: reason=class_check action=maybe_recompile pc=0x00000122c412de34 method=jdk.internal.loader.URLClassPath.getLoader(I)Ljdk/internal/loader/URLClassPath$Loader; @ 88 c2
Event: 27.892 Thread 0x00000122de466b90 DEOPT PACKING pc=0x00000122c412de34 sp=0x00000017017f9cc0
Event: 27.892 Thread 0x00000122de466b90 DEOPT UNPACKING pc=0x00000122c3b669a3 sp=0x00000017017f9d00 mode 2

Classes unloaded (0 events):
No events

Classes redefined (0 events):
No events

Internal exceptions (20 events):
Event: 11.677 Thread 0x00000122b8f70cd0 Exception <a 'sun/nio/fs/WindowsException'{0x0000000707afe198}> (0x0000000707afe198) 
thrown [s\src\hotspot\share\prims\jni.cpp, line 516]
Event: 11.749 Thread 0x00000122b8f70cd0 Exception <a 'java/lang/IncompatibleClassChangeError'{0x000000070765b240}: Found class java.lang.Object, but interface was expected> (0x000000070765b240) 
thrown [s\src\hotspot\share\interpreter\linkResolver.cpp, line 826]
Event: 11.842 Thread 0x00000122b8f70cd0 Exception <a 'java/lang/NoSuchMethodError'{0x00000007074f56a0}: 'void java.lang.invoke.DirectMethodHandle$Holder.invokeVirtual(java.lang.Object, java.lang.Object, long)'> (0x00000007074f56a0) 
thrown [s\src\hotspot\share\interpreter\linkResolver.cpp, line 759]
Event: 12.063 Thread 0x00000122b8f70cd0 Exception <a 'java/lang/NoSuchMethodError'{0x000000070bf88a38}: 'java.lang.Object java.lang.invoke.DirectMethodHandle$Holder.newInvokeSpecial(java.lang.Object, java.lang.Object, int, java.lang.Object, java.lang.Object)'> (0x000000070bf88a38) 
thrown [s\src\hotspot\share\interpreter\linkResolver.cpp, line 759]
Event: 12.065 Thread 0x00000122b8f70cd0 Exception <a 'java/lang/NoSuchMethodError'{0x000000070bf940b0}: 'java.lang.Object java.lang.invoke.DirectMethodHandle$Holder.invokeSpecial(java.lang.Object, java.lang.Object, int, java.lang.Object, int, java.lang.Object)'> (0x000000070bf940b0) 
thrown [s\src\hotspot\share\interpreter\linkResolver.cpp, line 759]
Event: 12.065 Thread 0x00000122b8f70cd0 Exception <a 'java/lang/NoSuchMethodError'{0x000000070bf9beb8}: 'java.lang.Object java.lang.invoke.DirectMethodHandle$Holder.newInvokeSpecial(java.lang.Object, java.lang.Object, int, java.lang.Object, int)'> (0x000000070bf9beb8) 
thrown [s\src\hotspot\share\interpreter\linkResolver.cpp, line 759]
Event: 12.065 Thread 0x00000122b8f70cd0 Exception <a 'java/lang/NoSuchMethodError'{0x000000070bf9ffb8}: 'java.lang.Object java.lang.invoke.DirectMethodHandle$Holder.invokeSpecial(java.lang.Object, java.lang.Object, java.lang.Object, int, java.lang.Object, int)'> (0x000000070bf9ffb8) 
thrown [s\src\hotspot\share\interpreter\linkResolver.cpp, line 759]
Event: 26.179 Thread 0x00000122de465240 Exception <a 'java/lang/NoSuchMethodError'{0x00000007083ba538}: 'java.lang.Object java.lang.invoke.DirectMethodHandle$Holder.invokeSpecial(java.lang.Object, java.lang.Object, java.lang.Object, java.lang.Object, java.lang.Object, long)'> (0x00000007083ba538) 
thrown [s\src\hotspot\share\interpreter\linkResolver.cpp, line 759]
Event: 26.179 Thread 0x00000122de465240 Exception <a 'java/lang/NoSuchMethodError'{0x00000007083bdf78}: 'java.lang.Object java.lang.invoke.Invokers$Holder.linkToTargetMethod(java.lang.Object, java.lang.Object, java.lang.Object, long, java.lang.Object)'> (0x00000007083bdf78) 
thrown [s\src\hotspot\share\interpreter\linkResolver.cpp, line 759]
Event: 26.224 Thread 0x00000122de465240 Exception <a 'java/lang/NoSuchMethodError'{0x00000007080f3810}: getSession> (0x00000007080f3810) 
thrown [s\src\hotspot\share\prims\jni.cpp, line 1073]
Event: 26.729 Thread 0x00000122de466b90 Implicit null exception at 0x00000122c4109277 to 0x00000122c4109890
Event: 26.729 Thread 0x00000122de466b90 Implicit null exception at 0x00000122c40ff777 to 0x00000122c40ffd8c
Event: 26.928 Thread 0x00000122de466b90 Exception <a 'java/lang/ClassNotFoundException'{0x000000070c395190}: org/apache/taglibs/standard/tag/rt/core/IfTagBeanInfo> (0x000000070c395190) 
thrown [s\src\hotspot\share\classfile\systemDictionary.cpp, line 256]
Event: 26.930 Thread 0x00000122de466b90 Exception <a 'java/lang/ClassNotFoundException'{0x000000070c39d380}: jakarta/servlet/jsp/jstl/core/ConditionalTagSupportBeanInfo> (0x000000070c39d380) 
thrown [s\src\hotspot\share\classfile\systemDictionary.cpp, line 256]
Event: 26.931 Thread 0x00000122de466b90 Exception <a 'java/lang/ClassNotFoundException'{0x000000070c3a5440}: jakarta/servlet/jsp/tagext/TagSupportBeanInfo> (0x000000070c3a5440) 
thrown [s\src\hotspot\share\classfile\systemDictionary.cpp, line 256]
Event: 26.932 Thread 0x00000122de466b90 Exception <a 'java/lang/ClassNotFoundException'{0x000000070c3aa0b8}: java/lang/ObjectBeanInfo> (0x000000070c3aa0b8) 
thrown [s\src\hotspot\share\classfile\systemDictionary.cpp, line 256]
Event: 26.934 Thread 0x00000122de466b90 Exception <a 'java/lang/ClassNotFoundException'{0x000000070c3af338}: java/lang/ObjectCustomizer> (0x000000070c3af338) 
thrown [s\src\hotspot\share\classfile\systemDictionary.cpp, line 256]
Event: 26.941 Thread 0x00000122de466b90 Exception <a 'java/lang/ClassNotFoundException'{0x000000070c3beba0}: jakarta/servlet/jsp/tagext/TagSupportCustomizer> (0x000000070c3beba0) 
thrown [s\src\hotspot\share\classfile\systemDictionary.cpp, line 256]
Event: 26.945 Thread 0x00000122de466b90 Exception <a 'java/lang/ClassNotFoundException'{0x000000070c3d63b8}: jakarta/servlet/jsp/jstl/core/ConditionalTagSupportCustomizer> (0x000000070c3d63b8) 
thrown [s\src\hotspot\share\classfile\systemDictionary.cpp, line 256]
Event: 26.946 Thread 0x00000122de466b90 Exception <a 'java/lang/ClassNotFoundException'{0x000000070c3e44c0}: org/apache/taglibs/standard/tag/rt/core/IfTagCustomizer> (0x000000070c3e44c0) 
thrown [s\src\hotspot\share\classfile\systemDictionary.cpp, line 256]

VM Operations (20 events):
Event: 26.550 Executing VM operation: HandshakeAllThreads
Event: 26.550 Executing VM operation: HandshakeAllThreads done
Event: 26.666 Executing VM operation: HandshakeAllThreads
Event: 26.666 Executing VM operation: HandshakeAllThreads done
Event: 26.666 Executing VM operation: HandshakeAllThreads
Event: 26.666 Executing VM operation: HandshakeAllThreads done
Event: 26.680 Executing VM operation: HandshakeAllThreads
Event: 26.680 Executing VM operation: HandshakeAllThreads done
Event: 26.756 Executing VM operation: G1CollectForAllocation
Event: 26.768 Executing VM operation: G1CollectForAllocation done
Event: 27.297 Executing VM operation: G1CollectForAllocation
Event: 27.302 Executing VM operation: G1CollectForAllocation done
Event: 27.897 Executing VM operation: ChangeBreakpoints
Event: 27.899 Executing VM operation: ChangeBreakpoints done
Event: 27.899 Executing VM operation: ChangeBreakpoints
Event: 27.901 Executing VM operation: ChangeBreakpoints done
Event: 27.905 Executing VM operation: get/set locals
Event: 27.906 Executing VM operation: get/set locals done
Event: 27.906 Executing VM operation: get/set locals
Event: 27.906 Executing VM operation: get/set locals done

Events (20 events):
Event: 27.012 loading class sun/util/ResourceBundleEnumeration
Event: 27.012 loading class sun/util/ResourceBundleEnumeration done
Event: 27.288 loading class java/io/FileWriter
Event: 27.289 loading class java/io/FileWriter done
Event: 27.383 loading class java/lang/NegativeArraySizeException
Event: 27.383 loading class java/lang/NegativeArraySizeException done
Event: 27.408 loading class java/net/URLClassLoader$2
Event: 27.408 loading class java/net/URLClassLoader$2 done
Event: 27.489 loading class sun/net/www/protocol/jrt/JavaRuntimeURLConnection
Event: 27.489 loading class sun/net/www/protocol/jrt/JavaRuntimeURLConnection done
Event: 27.490 loading class sun/net/www/protocol/jrt/JavaRuntimeURLConnection$1
Event: 27.490 loading class sun/net/www/protocol/jrt/JavaRuntimeURLConnection$1 done
Event: 27.499 loading class java/text/MessageFormat$Field
Event: 27.499 loading class java/text/MessageFormat$Field done
Event: 27.665 loading class jdk/internal/access/foreign/MemorySegmentProxy
Event: 27.666 loading class jdk/internal/access/foreign/MemorySegmentProxy done
Event: 27.861 loading class java/util/Hashtable$ValueCollection
Event: 27.861 loading class java/util/Hashtable$ValueCollection done
Event: 27.890 loading class java/net/URLClassLoader$1
Event: 27.891 loading class java/net/URLClassLoader$1 done


Dynamic libraries:
0x00007ff785260000 - 0x00007ff78526e000 	C:\Users\JPiccione\.p2\pool\plugins\org.eclipse.justj.openjdk.hotspot.jre.full.win32.x86_64_17.0.8.v20230831-1047\jre\bin\javaw.exe
0x00000122b6ce0000 - 0x00000122b6ed8000 	C:\windows\SYSTEM32\ntd1l.dll
0x00000122b6750000 - 0x00000122b680d000 	C:\windows\System32\kern3l32.dll
0x00007fffba9b0000 - 0x00007fffbaba8000 	C:\windows\SYSTEM32\ntdll.dll
0x00007fffba520000 - 0x00007fffba5dd000 	C:\windows\System32\KERNEL32.DLL
0x00007fffb8510000 - 0x00007fffb8806000 	C:\windows\System32\KERNELBASE.dll
0x00007fffb7b00000 - 0x00007fffb7e13000 	C:\Program Files\SentinelOne\Sentinel Agent 23.1.4.650\InProcessClient64.dll
0x00007fffb8b90000 - 0x00007fffb8c3e000 	C:\windows\System32\ADVAPI32.dll
0x00007fffba750000 - 0x00007fffba7ee000 	C:\windows\System32\msvcrt.dll
0x00007fffb9830000 - 0x00007fffb98cc000 	C:\windows\System32\sechost.dll
0x00007fffba620000 - 0x00007fffba746000 	C:\windows\System32\RPCRT4.dll
0x00007fffb88c0000 - 0x00007fffb89c0000 	C:\windows\System32\ucrtbase.dll
0x00007fffb5c00000 - 0x00007fffb5c17000 	C:\Users\JPiccione\.p2\pool\plugins\org.eclipse.justj.openjdk.hotspot.jre.full.win32.x86_64_17.0.8.v20230831-1047\jre\bin\jli.dll
0x00007fffb1f00000 - 0x00007fffb1f19000 	C:\Users\JPiccione\.p2\pool\plugins\org.eclipse.justj.openjdk.hotspot.jre.full.win32.x86_64_17.0.8.v20230831-1047\jre\bin\VCRUNTIME140.dll
0x00007fffba380000 - 0x00007fffba51e000 	C:\windows\System32\USER32.dll
0x00007fffb7130000 - 0x00007fffb73ca000 	C:\windows\WinSxS\amd64_microsoft.windows.common-controls_6595b64144ccf1df_6.0.19041.1110_none_60b5254171f9507e\COMCTL32.dll
0x00007fffb81f0000 - 0x00007fffb8212000 	C:\windows\System32\win32u.dll
0x00007fffba5e0000 - 0x00007fffba60c000 	C:\windows\System32\GDI32.dll
0x00007fffb83f0000 - 0x00007fffb850a000 	C:\windows\System32\gdi32full.dll
0x00007fffb82b0000 - 0x00007fffb834d000 	C:\windows\System32\msvcp_win.dll
0x00007fffb76b0000 - 0x00007fffb76ba000 	C:\windows\SYSTEM32\VERSION.dll
0x00007fffb76a0000 - 0x00007fffb76ab000 	C:\windows\SYSTEM32\FLTLIB.DLL
0x00007fffb97e0000 - 0x00007fffb9810000 	C:\windows\System32\IMM32.DLL
0x00007fffb1ec0000 - 0x00007fffb1ecc000 	C:\Users\JPiccione\.p2\pool\plugins\org.eclipse.justj.openjdk.hotspot.jre.full.win32.x86_64_17.0.8.v20230831-1047\jre\bin\vcruntime140_1.dll
0x00007fff910b0000 - 0x00007fff91141000 	C:\Users\JPiccione\.p2\pool\plugins\org.eclipse.justj.openjdk.hotspot.jre.full.win32.x86_64_17.0.8.v20230831-1047\jre\bin\msvcp140.dll
0x00007fff42050000 - 0x00007fff42c9c000 	C:\Users\JPiccione\.p2\pool\plugins\org.eclipse.justj.openjdk.hotspot.jre.full.win32.x86_64_17.0.8.v20230831-1047\jre\bin\server\jvm.dll
0x00007fffb7970000 - 0x00007fffb79bb000 	C:\windows\SYSTEM32\POWRPROF.dll
0x00007fffb0430000 - 0x00007fffb0439000 	C:\windows\SYSTEM32\WSOCK32.dll
0x00007fffb95e0000 - 0x00007fffb964b000 	C:\windows\System32\WS2_32.dll
0x00007fff99f40000 - 0x00007fff99f67000 	C:\windows\SYSTEM32\WINMM.dll
0x00007fffb73d0000 - 0x00007fffb73e2000 	C:\windows\SYSTEM32\UMPDC.dll
0x00007fffb4b50000 - 0x00007fffb4b62000 	C:\windows\SYSTEM32\kernel.appcore.dll
0x00007fff97d80000 - 0x00007fff97d8a000 	C:\Users\JPiccione\.p2\pool\plugins\org.eclipse.justj.openjdk.hotspot.jre.full.win32.x86_64_17.0.8.v20230831-1047\jre\bin\jimage.dll
0x00007fffb7780000 - 0x00007fffb7964000 	C:\windows\SYSTEM32\DBGHELP.DLL
0x00007fffb76c0000 - 0x00007fffb76f4000 	C:\windows\SYSTEM32\dbgcore.DLL
0x00007fffb8220000 - 0x00007fffb82a2000 	C:\windows\System32\bcryptPrimitives.dll
0x00007fff80f30000 - 0x00007fff80fab000 	C:\Program Files\SentinelOne\Sentinel Agent 23.1.4.650\SentinelJava64.dll
0x00007fffb96b0000 - 0x00007fffb97da000 	C:\windows\System32\ole32.dll
0x00007fffb98d0000 - 0x00007fffb9c24000 	C:\windows\System32\combase.dll
0x00007fff85570000 - 0x00007fff85595000 	C:\Users\JPiccione\.p2\pool\plugins\org.eclipse.justj.openjdk.hotspot.jre.full.win32.x86_64_17.0.8.v20230831-1047\jre\bin\java.dll
0x00007fff8da90000 - 0x00007fff8daa8000 	C:\Users\JPiccione\.p2\pool\plugins\org.eclipse.justj.openjdk.hotspot.jre.full.win32.x86_64_17.0.8.v20230831-1047\jre\bin\zip.dll
0x00007fffb9c30000 - 0x00007fffba375000 	C:\windows\System32\SHELL32.dll
0x00007fffb4ce0000 - 0x00007fffb547b000 	C:\windows\SYSTEM32\windows.storage.dll
0x00007fffb7090000 - 0x00007fffb70be000 	C:\windows\SYSTEM32\Wldp.dll
0x00007fffba810000 - 0x00007fffba8bd000 	C:\windows\System32\SHCORE.dll
0x00007fffb8a10000 - 0x00007fffb8a65000 	C:\windows\System32\shlwapi.dll
0x00007fffb7fc0000 - 0x00007fffb7fe5000 	C:\windows\SYSTEM32\profapi.dll
0x00007fffa9300000 - 0x00007fffa9319000 	C:\Users\JPiccione\.p2\pool\plugins\org.eclipse.justj.openjdk.hotspot.jre.full.win32.x86_64_17.0.8.v20230831-1047\jre\bin\net.dll
0x00007fffb66e0000 - 0x00007fffb67ea000 	C:\windows\SYSTEM32\WINHTTP.dll
0x00007fffb6e60000 - 0x00007fffb6eca000 	C:\windows\system32\mswsock.dll
0x00007fff874d0000 - 0x00007fff874e5000 	C:\Users\JPiccione\.p2\pool\plugins\org.eclipse.justj.openjdk.hotspot.jre.full.win32.x86_64_17.0.8.v20230831-1047\jre\bin\nio.dll
0x00007fffb7ae0000 - 0x00007fffb7af8000 	C:\windows\SYSTEM32\CRYPTSP.dll
0x00007fffb6650000 - 0x00007fffb6684000 	C:\windows\system32\rsaenh.dll
0x00007fffb83c0000 - 0x00007fffb83e7000 	C:\windows\System32\bcrypt.dll
0x00007fffb7f80000 - 0x00007fffb7fae000 	C:\windows\SYSTEM32\USERENV.dll
0x00007fffb7080000 - 0x00007fffb708c000 	C:\windows\SYSTEM32\CRYPTBASE.dll
0x00007fffb6ae0000 - 0x00007fffb6b1b000 	C:\windows\SYSTEM32\IPHLPAPI.DLL
0x00007fffb9810000 - 0x00007fffb9818000 	C:\windows\System32\NSI.dll
0x00007fffb08d0000 - 0x00007fffb08e7000 	C:\windows\SYSTEM32\dhcpcsvc6.DLL
0x00007fffb0880000 - 0x00007fffb089d000 	C:\windows\SYSTEM32\dhcpcsvc.DLL
0x00007fffb6b30000 - 0x00007fffb6bfa000 	C:\windows\SYSTEM32\DNSAPI.dll
0x00007fff90170000 - 0x00007fff9017e000 	C:\Users\JPiccione\.p2\pool\plugins\org.eclipse.justj.openjdk.hotspot.jre.full.win32.x86_64_17.0.8.v20230831-1047\jre\bin\sunmscapi.dll
0x00007fffb8090000 - 0x00007fffb81ee000 	C:\windows\System32\CRYPT32.dll
0x00007fffb7100000 - 0x00007fffb7128000 	C:\windows\SYSTEM32\ncrypt.dll
0x00007fffb70c0000 - 0x00007fffb70fb000 	C:\windows\SYSTEM32\NTASN1.dll
0x00007fffb1eb0000 - 0x00007fffb1eb9000 	C:\Users\JPiccione\.p2\pool\plugins\org.eclipse.justj.openjdk.hotspot.jre.full.win32.x86_64_17.0.8.v20230831-1047\jre\bin\management.dll
0x00007fffb1e80000 - 0x00007fffb1e8b000 	C:\Users\JPiccione\.p2\pool\plugins\org.eclipse.justj.openjdk.hotspot.jre.full.win32.x86_64_17.0.8.v20230831-1047\jre\bin\management_ext.dll
0x00007fffb9820000 - 0x00007fffb9828000 	C:\windows\System32\PSAPI.DLL
0x00007fff979d0000 - 0x00007fff979e0000 	C:\Users\JPiccione\.p2\pool\plugins\org.eclipse.justj.openjdk.hotspot.jre.full.win32.x86_64_17.0.8.v20230831-1047\jre\bin\verify.dll
0x00007fffab2e0000 - 0x00007fffab2ea000 	C:\Windows\System32\rasadhlp.dll
0x00007fffafff0000 - 0x00007fffb0072000 	C:\windows\System32\fwpuclnt.dll
0x00007fffa8040000 - 0x00007fffa8057000 	C:\windows\system32\napinsp.dll
0x00007fffa8060000 - 0x00007fffa807b000 	C:\windows\system32\pnrpnsp.dll
0x00007fffb0b80000 - 0x00007fffb0b95000 	C:\windows\system32\wshbth.dll
0x00007fffb1a90000 - 0x00007fffb1aad000 	C:\windows\system32\NLAapi.dll
0x00007fffa8150000 - 0x00007fffa8162000 	C:\windows\System32\winrnr.dll
0x00007fffa92f0000 - 0x00007fffa92f7000 	C:\windows\system32\wshunix.dll

dbghelp: loaded successfully - version: 4.0.5 - missing functions: none
symbol engine: initialized successfully - sym options: 0x614 - pdb path: .;C:\Users\JPiccione\.p2\pool\plugins\org.eclipse.justj.openjdk.hotspot.jre.full.win32.x86_64_17.0.8.v20230831-1047\jre\bin;C:\windows\SYSTEM32;C:\Program Files\SentinelOne\Sentinel Agent 23.1.4.650;C:\windows\WinSxS\amd64_microsoft.windows.common-controls_6595b64144ccf1df_6.0.19041.1110_none_60b5254171f9507e;C:\Users\JPiccione\.p2\pool\plugins\org.eclipse.justj.openjdk.hotspot.jre.full.win32.x86_64_17.0.8.v20230831-1047\jre\bin\server

VM Arguments:
jvm_args: -Dfile.encoding=UTF-8 -XX:+ShowCodeDetailsInExceptionMessages -agentpath:C:\Program Files\SentinelOne\Sentinel Agent 23.1.4.650\SentinelJava64.dll 
java_command: com.spencer.ItemApp.ItemAppApplication
java_class_path (initial): C:\Users\JPiccione\OneDrive - Spencer Gifts LLC\Documents\ItemApp\target\classes;C:\Users\JPiccione\.m2\repository\org\springframework\boot\spring-boot-starter-data-jpa\3.1.4\spring-boot-starter-data-jpa-3.1.4.jar;C:\Users\JPiccione\.m2\repository\org\springframework\boot\spring-boot-starter-aop\3.1.4\spring-boot-starter-aop-3.1.4.jar;C:\Users\JPiccione\.m2\repository\org\aspectj\aspectjweaver\1.9.20\aspectjweaver-1.9.20.jar;C:\Users\JPiccione\.m2\repository\org\springframework\boot\spring-boot-starter-jdbc\3.1.4\spring-boot-starter-jdbc-3.1.4.jar;C:\Users\JPiccione\.m2\repository\com\zaxxer\HikariCP\5.0.1\HikariCP-5.0.1.jar;C:\Users\JPiccione\.m2\repository\org\springframework\spring-jdbc\6.0.12\spring-jdbc-6.0.12.jar;C:\Users\JPiccione\.m2\repository\org\hibernate\orm\hibernate-core\6.2.9.Final\hibernate-core-6.2.9.Final.jar;C:\Users\JPiccione\.m2\repository\jakarta\persistence\jakarta.persistence-api\3.1.0\jakarta.persistence-api-3.1.0.jar;C:\Users\JPiccione\.m2\repository\jakarta\transaction\jakarta.transaction-api\2.0.1\jakarta.transaction-api-2.0.1.jar;C:\Users\JPiccione\.m2\repository\org\jboss\logging\jboss-logging\3.5.3.Final\jboss-logging-3.5.3.Final.jar;C:\Users\JPiccione\.m2\repository\org\hibernate\common\hibernate-commons-annotations\6.0.6.Final\hibernate-commons-annotations-6.0.6.Final.jar;C:\Users\JPiccione\.m2\repository\io\smallrye\jandex\3.0.5\jandex-3.0.5.jar;C:\Users\JPiccione\.m2\repository\com\fasterxml\classmate\1.5.1\classmate-1.5.1.jar;C:\Users\JPiccione\.m2\repository\net\bytebuddy\byte-buddy\1.14.8\byte-buddy-1.14.8.jar;C:\Users\JPiccione\.m2\repository\org\glassfish\jaxb\jaxb-runtime\4.0.3\jaxb-runtime-4.0.3.jar;C:\Users\JPiccione\.m2\repository\org\glassfish\jaxb\jaxb-core\4.0.3\jaxb-core-4.0.3.jar;C:\Users\JPiccione\.m2\repository\org\eclipse\angus\angus-activation\2.0.1\angus-activation-2.0.1.jar;C:\Users\JPiccione\.m2\repository\org\glassfish\jaxb\txw2\4.0.3\txw2-4.0.3.jar;C:\Users\JPiccione\.m2\repositor
Launcher Type: SUN_STANDARD

[Global flags]
     intx CICompilerCount                          = 3                                         {product} {ergonomic}
     uint ConcGCThreads                            = 1                                         {product} {ergonomic}
     uint G1ConcRefinementThreads                  = 4                                         {product} {ergonomic}
   size_t G1HeapRegionSize                         = 2097152                                   {product} {ergonomic}
    uintx GCDrainStackTargetSize                   = 64                                        {product} {ergonomic}
   size_t InitialHeapSize                          = 264241152                                 {product} {ergonomic}
   size_t MarkStackSize                            = 4194304                                   {product} {ergonomic}
   size_t MaxHeapSize                              = 4215275520                                {product} {ergonomic}
   size_t MaxNewSize                               = 2529165312                                {product} {ergonomic}
   size_t MinHeapDeltaBytes                        = 2097152                                   {product} {ergonomic}
   size_t MinHeapSize                              = 8388608                                   {product} {ergonomic}
    uintx NonNMethodCodeHeapSize                   = 5832780                                {pd product} {ergonomic}
    uintx NonProfiledCodeHeapSize                  = 122912730                              {pd product} {ergonomic}
    uintx ProfiledCodeHeapSize                     = 122912730                              {pd product} {ergonomic}
    uintx ReservedCodeCacheSize                    = 251658240                              {pd product} {ergonomic}
     bool SegmentedCodeCache                       = true                                      {product} {ergonomic}
     bool ShowCodeDetailsInExceptionMessages       = true                                   {manageable} {command line}
   size_t SoftMaxHeapSize                          = 4215275520                             {manageable} {ergonomic}
     bool UseCompressedClassPointers               = true                           {product lp64_product} {ergonomic}
     bool UseCompressedOops                        = true                           {product lp64_product} {ergonomic}
     bool UseG1GC                                  = true                                      {product} {ergonomic}
     bool UseLargePagesIndividualAllocation        = false                                  {pd product} {ergonomic}

Logging:
Log output configuration:
 #0: stdout all=warning uptime,level,tags
 #1: stderr all=off uptime,level,tags

Environment Variables:
PATH=C:/Users/JPiccione/.p2/pool/plugins/org.eclipse.justj.openjdk.hotspot.jre.full.win32.x86_64_17.0.8.v20230831-1047/jre/bin/server;C:/Users/JPiccione/.p2/pool/plugins/org.eclipse.justj.openjdk.hotspot.jre.full.win32.x86_64_17.0.8.v20230831-1047/jre/bin;C:\Program Files\Common Files\Oracle\Java\javapath;C:\Program Files (x86)\Common Files\Oracle\Java\javapath;C:\Program Files\Microsoft\jdk-11.0.16.101-hotspot\bin;C:\Program Files (x86)\Business Objects\Common\3.5\bin\NOTES\;C:\Program Files (x86)\Business Objects\Common\3.5\bin\NOTES\DATA\;C:\windows\system32;C:\windows;C:\windows\System32\Wbem;C:\windows\System32\WindowsPowerShell\v1.0\;C:\windows\System32\OpenSSH\;C:\Program Files (x86)\IBM\Client Access\Emulator;C:\Program Files (x86)\IBM\Client Access\Shared;C:\Program Files (x86)\IBM\Client Access\;C:\Program Files (x86)\HEAT\;C:\Program Files (x86)\Microsoft SQL Server\160\DTS\Binn\;C:\Program Files\Azure Data Studio\bin;C:\Program Files\PuTTY\;C:\Program Files\Git\cmd;C:\Program Files\Microsoft SQL Server\150\Tools\Binn\;C:\Program Files\Microsoft SQL Server\Client SDK\ODBC\170\Tools\Binn\;C:\Program Files\dotnet\;C:\Program Files (x86)\Windows Kits\10\Windows Performance Toolkit\;c:\Program Files (x86)\Microsoft SQL Server\110\Tools\Binn\;c:\Program Files\Microsoft SQL Server\110\Tools\Binn\;c:\Program Files\Microsoft SQL Server\110\DTS\Binn\;C:\Program Files (x86)\Microsoft SQL Server\150\Tools\Binn\;C:\Program Files\Microsoft SQL Server\150\DTS\Binn\;C:\Users\JPiccione\AppData\Local\Microsoft\WindowsApps;C:\Program Files\Azure Data Studio\bin;C:\Users\JPiccione\.dotnet\tools;C:\Users\JPiccione\AppData\Local\Programs\Azure Data Studio\bin;C:\Program Files\JetBrains\IntelliJ IDEA 2023.2\bin;;C:\Users\JPiccione\AppData\Local\GitHubDesktop\bin;C:\Users\JPiccione\OneDrive - Spencer Gifts LLC\Desktop;
USERNAME=JPiccione
OS=Windows_NT
PROCESSOR_IDENTIFIER=Intel64 Family 6 Model 61 Stepping 4, GenuineIntel
TMP=C:\Users\JPICCI~1\AppData\Local\Temp
TEMP=C:\Users\JPICCI~1\AppData\Local\Temp



---------------  S Y S T E M  ---------------

OS:
 Windows 10 , 64 bit Build 19041 (10.0.19041.3393)
OS uptime: 1 days 3:05 hours

CPU: total 4 (initial active 4) (2 cores per cpu, 2 threads per core) family 6 model 61 stepping 4 microcode 0x2d, cx8, cmov, fxsr, ht, mmx, 3dnowpref, sse, sse2, sse3, ssse3, sse4.1, sse4.2, popcnt, lzcnt, tsc, tscinvbit, avx, avx2, aes, erms, clmul, bmi1, bmi2, rtm, adx, fma, vzeroupper, clflush
Processor Information for all 4 processors :
  Max Mhz: 2594, Current Mhz: 2594, Mhz Limit: 2594

Memory: 4k page, system-wide physical 16079M (8086M free)
TotalPageFile size 18511M (AvailPageFile size 7940M)
current process WorkingSet (physical memory assigned to process): 299M, peak: 384M
current process commit charge ("private bytes"): 314M, peak: 400M

vm_info: OpenJDK 64-Bit Server VM (17.0.8.1+1) for windows-amd64 JRE (17.0.8.1+1), built on Aug 23 2023 15:29:17 by "admin" with MS VC++ 16.7 (VS2019)

END.
