#
# A fatal error has been detected by the Java Runtime Environment:
#
#  EXCEPTION_ACCESS_VIOLATION (0xc0000005) at pc=0x00007ffb7dbae8a3, pid=20104, tid=15212
#
# JRE version: OpenJDK Runtime Environment Temurin-17.0.8.1+1 (17.0.8.1+1) (build 17.0.8.1+1)
# Java VM: OpenJDK 64-Bit Server VM Temurin-17.0.8.1+1 (17.0.8.1+1, mixed mode, tiered, compressed oops, compressed class ptrs, g1 gc, windows-amd64)
# Problematic frame:
# V  [jvm.dll+0x53e8a3]
#
# No core dump will be written. Minidumps are not enabled by default on client versions of Windows
#
# If you would like to submit a bug report, please visit:
#   https://github.com/adoptium/adoptium-support/issues
#

---------------  S U M M A R Y ------------

Command Line: -Dfile.encoding=UTF-8 -XX:+ShowCodeDetailsInExceptionMessages -agentpath:C:\Program Files\SentinelOne\Sentinel Agent 23.1.4.650\SentinelJava64.dll com.spencer.ItemApp.ItemAppApplication

Host: Intel(R) Core(TM) i7-5600U CPU @ 2.60GHz, 4 cores, 15G,  Windows 10 , 64 bit Build 19041 (10.0.19041.3570)
Time: Tue Nov 21 15:44:20 2023 Eastern Standard Time elapsed time: 32.666652 seconds (0d 0h 0m 32s)

---------------  T H R E A D  ---------------

Current thread (0x000002b6ab8ec300):  JavaThread "http-nio-8080-exec-6" daemon [_thread_in_vm, id=15212, stack(0x000000e49cb00000,0x000000e49cc00000)]

Stack: [0x000000e49cb00000,0x000000e49cc00000],  sp=0x000000e49cbf8fc8,  free space=995k
Native frames: (J=compiled Java code, j=interpreted, Vv=VM code, C=native code)
V  [jvm.dll+0x53e8a3]

Java frames: (J=compiled Java code, j=interpreted, Vv=VM code)
j  org.springframework.security.web.servletapi.HttpServlet3RequestFactory$Servlet3SecurityContextHolderAwareRequestWrapper.isAuthenticated()Z+1
j  org.springframework.security.web.servletapi.HttpServlet3RequestFactory$Servlet3SecurityContextHolderAwareRequestWrapper.login(Ljava/lang/String;Ljava/lang/String;)V+1
v  ~StubRoutines::call_stub
j  org.apache.jasper.runtime.HttpJspBase.service(Ljakarta/servlet/http/HttpServletRequest;Ljakarta/servlet/http/HttpServletResponse;)V+0
j  jakarta.servlet.http.HttpServlet.service(Ljakarta/servlet/ServletRequest;Ljakarta/servlet/ServletResponse;)V+36
j  org.apache.jasper.servlet.JspServletWrapper.service(Ljakarta/servlet/http/HttpServletRequest;Ljakarta/servlet/http/HttpServletResponse;Z)V+372
j  org.apache.jasper.servlet.JspServlet.serviceJspFile(Ljakarta/servlet/http/HttpServletRequest;Ljakarta/servlet/http/HttpServletResponse;Ljava/lang/String;Z)V+112
j  org.apache.jasper.servlet.JspServlet.service(Ljakarta/servlet/http/HttpServletRequest;Ljakarta/servlet/http/HttpServletResponse;)V+228
j  jakarta.servlet.http.HttpServlet.service(Ljakarta/servlet/ServletRequest;Ljakarta/servlet/ServletResponse;)V+36
j  org.apache.catalina.core.ApplicationFilterChain.internalDoFilter(Ljakarta/servlet/ServletRequest;Ljakarta/servlet/ServletResponse;)V+305
j  org.apache.catalina.core.ApplicationFilterChain.doFilter(Ljakarta/servlet/ServletRequest;Ljakarta/servlet/ServletResponse;)V+99
j  org.apache.tomcat.websocket.server.WsFilter.doFilter(Ljakarta/servlet/ServletRequest;Ljakarta/servlet/ServletResponse;Ljakarta/servlet/FilterChain;)V+21
j  org.apache.catalina.core.ApplicationFilterChain.internalDoFilter(Ljakarta/servlet/ServletRequest;Ljakarta/servlet/ServletResponse;)V+135
j  org.apache.catalina.core.ApplicationFilterChain.doFilter(Ljakarta/servlet/ServletRequest;Ljakarta/servlet/ServletResponse;)V+99
j  org.springframework.security.web.FilterChainProxy.lambda$doFilterInternal$3(Lorg/springframework/security/web/firewall/FirewalledRequest;Ljakarta/servlet/FilterChain;Ljakarta/servlet/ServletRequest;Ljakarta/servlet/ServletResponse;)V+35
j  org.springframework.security.web.FilterChainProxy$$Lambda$1366+0x000000080099ac48.doFilter(Ljakarta/servlet/ServletRequest;Ljakarta/servlet/ServletResponse;)V+10
j  org.springframework.security.web.FilterChainProxy$VirtualFilterChain.doFilter(Ljakarta/servlet/ServletRequest;Ljakarta/servlet/ServletResponse;)V+17
j  org.springframework.security.web.access.intercept.AuthorizationFilter.doFilter(Ljakarta/servlet/ServletRequest;Ljakarta/servlet/ServletResponse;Ljakarta/servlet/FilterChain;)V+143
j  org.springframework.security.web.FilterChainProxy$VirtualFilterChain.doFilter(Ljakarta/servlet/ServletRequest;Ljakarta/servlet/ServletResponse;)V+105
j  org.springframework.security.web.access.ExceptionTranslationFilter.doFilter(Ljakarta/servlet/http/HttpServletRequest;Ljakarta/servlet/http/HttpServletResponse;Ljakarta/servlet/FilterChain;)V+3
j  org.springframework.security.web.access.ExceptionTranslationFilter.doFilter(Ljakarta/servlet/ServletRequest;Ljakarta/servlet/ServletResponse;Ljakarta/servlet/FilterChain;)V+10
j  org.springframework.security.web.FilterChainProxy$VirtualFilterChain.doFilter(Ljakarta/servlet/ServletRequest;Ljakarta/servlet/ServletResponse;)V+105
j  org.springframework.security.web.authentication.AnonymousAuthenticationFilter.doFilter(Ljakarta/servlet/ServletRequest;Ljakarta/servlet/ServletResponse;Ljakarta/servlet/FilterChain;)V+33
j  org.springframework.security.web.FilterChainProxy$VirtualFilterChain.doFilter(Ljakarta/servlet/ServletRequest;Ljakarta/servlet/ServletResponse;)V+105
j  org.springframework.security.web.servletapi.SecurityContextHolderAwareRequestFilter.doFilter(Ljakarta/servlet/ServletRequest;Ljakarta/servlet/ServletResponse;Ljakarta/servlet/FilterChain;)V+19
j  org.springframework.security.web.FilterChainProxy$VirtualFilterChain.doFilter(Ljakarta/servlet/ServletRequest;Ljakarta/servlet/ServletResponse;)V+105
j  org.springframework.security.web.savedrequest.RequestCacheAwareFilter.doFilter(Ljakarta/servlet/ServletRequest;Ljakarta/servlet/ServletResponse;Ljakarta/servlet/FilterChain;)V+32
j  org.springframework.security.web.FilterChainProxy$VirtualFilterChain.doFilter(Ljakarta/servlet/ServletRequest;Ljakarta/servlet/ServletResponse;)V+105
j  org.springframework.security.web.authentication.AbstractAuthenticationProcessingFilter.doFilter(Ljakarta/servlet/http/HttpServletRequest;Ljakarta/servlet/http/HttpServletResponse;Ljakarta/servlet/FilterChain;)V+12
j  org.springframework.security.web.authentication.AbstractAuthenticationProcessingFilter.doFilter(Ljakarta/servlet/ServletRequest;Ljakarta/servlet/ServletResponse;Ljakarta/servlet/FilterChain;)V+10
j  org.springframework.security.web.FilterChainProxy$VirtualFilterChain.doFilter(Ljakarta/servlet/ServletRequest;Ljakarta/servlet/ServletResponse;)V+105
j  org.springframework.security.web.authentication.logout.LogoutFilter.doFilter(Ljakarta/servlet/http/HttpServletRequest;Ljakarta/servlet/http/HttpServletResponse;Ljakarta/servlet/FilterChain;)V+83
j  org.springframework.security.web.authentication.logout.LogoutFilter.doFilter(Ljakarta/servlet/ServletRequest;Ljakarta/servlet/ServletResponse;Ljakarta/servlet/FilterChain;)V+10
j  org.springframework.security.web.FilterChainProxy$VirtualFilterChain.doFilter(Ljakarta/servlet/ServletRequest;Ljakarta/servlet/ServletResponse;)V+105
j  org.springframework.web.filter.OncePerRequestFilter.doFilter(Ljakarta/servlet/ServletRequest;Ljakarta/servlet/ServletResponse;Ljakarta/servlet/FilterChain;)V+125
j  org.springframework.security.web.FilterChainProxy$VirtualFilterChain.doFilter(Ljakarta/servlet/ServletRequest;Ljakarta/servlet/ServletResponse;)V+105
j  org.springframework.security.web.context.SecurityContextHolderFilter.doFilter(Ljakarta/servlet/http/HttpServletRequest;Ljakarta/servlet/http/HttpServletResponse;Ljakarta/servlet/FilterChain;)V+15
j  org.springframework.security.web.context.SecurityContextHolderFilter.doFilter(Ljakarta/servlet/ServletRequest;Ljakarta/servlet/ServletResponse;Ljakarta/servlet/FilterChain;)V+10
j  org.springframework.security.web.FilterChainProxy$VirtualFilterChain.doFilter(Ljakarta/servlet/ServletRequest;Ljakarta/servlet/ServletResponse;)V+105
j  org.springframework.web.filter.OncePerRequestFilter.doFilter(Ljakarta/servlet/ServletRequest;Ljakarta/servlet/ServletResponse;Ljakarta/servlet/FilterChain;)V+125
j  org.springframework.security.web.FilterChainProxy$VirtualFilterChain.doFilter(Ljakarta/servlet/ServletRequest;Ljakarta/servlet/ServletResponse;)V+105
j  org.springframework.web.filter.OncePerRequestFilter.doFilter(Ljakarta/servlet/ServletRequest;Ljakarta/servlet/ServletResponse;Ljakarta/servlet/FilterChain;)V+125
j  org.springframework.security.web.FilterChainProxy$VirtualFilterChain.doFilter(Ljakarta/servlet/ServletRequest;Ljakarta/servlet/ServletResponse;)V+105
j  org.springframework.security.web.FilterChainProxy.doFilterInternal(Ljakarta/servlet/ServletRequest;Ljakarta/servlet/ServletResponse;Ljakarta/servlet/FilterChain;)V+163
j  org.springframework.security.web.FilterChainProxy.doFilter(Ljakarta/servlet/ServletRequest;Ljakarta/servlet/ServletResponse;Ljakarta/servlet/FilterChain;)V+28
j  org.springframework.web.filter.DelegatingFilterProxy.invokeDelegate(Ljakarta/servlet/Filter;Ljakarta/servlet/ServletRequest;Ljakarta/servlet/ServletResponse;Ljakarta/servlet/FilterChain;)V+5
j  org.springframework.web.filter.DelegatingFilterProxy.doFilter(Ljakarta/servlet/ServletRequest;Ljakarta/servlet/ServletResponse;Ljakarta/servlet/FilterChain;)V+85
j  org.apache.catalina.core.ApplicationFilterChain.internalDoFilter(Ljakarta/servlet/ServletRequest;Ljakarta/servlet/ServletResponse;)V+135
j  org.apache.catalina.core.ApplicationFilterChain.doFilter(Ljakarta/servlet/ServletRequest;Ljakarta/servlet/ServletResponse;)V+99
j  org.springframework.web.filter.OncePerRequestFilter.doFilter(Ljakarta/servlet/ServletRequest;Ljakarta/servlet/ServletResponse;Ljakarta/servlet/FilterChain;)V+125
j  org.apache.catalina.core.ApplicationFilterChain.internalDoFilter(Ljakarta/servlet/ServletRequest;Ljakarta/servlet/ServletResponse;)V+135
j  org.apache.catalina.core.ApplicationFilterChain.doFilter(Ljakarta/servlet/ServletRequest;Ljakarta/servlet/ServletResponse;)V+99
j  org.springframework.web.filter.OncePerRequestFilter.doFilter(Ljakarta/servlet/ServletRequest;Ljakarta/servlet/ServletResponse;Ljakarta/servlet/FilterChain;)V+125
j  org.apache.catalina.core.ApplicationFilterChain.internalDoFilter(Ljakarta/servlet/ServletRequest;Ljakarta/servlet/ServletResponse;)V+135
j  org.apache.catalina.core.ApplicationFilterChain.doFilter(Ljakarta/servlet/ServletRequest;Ljakarta/servlet/ServletResponse;)V+99
j  org.springframework.web.filter.OncePerRequestFilter.doFilter(Ljakarta/servlet/ServletRequest;Ljakarta/servlet/ServletResponse;Ljakarta/servlet/FilterChain;)V+125
j  org.apache.catalina.core.ApplicationFilterChain.internalDoFilter(Ljakarta/servlet/ServletRequest;Ljakarta/servlet/ServletResponse;)V+135
j  org.apache.catalina.core.ApplicationFilterChain.doFilter(Ljakarta/servlet/ServletRequest;Ljakarta/servlet/ServletResponse;)V+99
j  org.apache.catalina.core.ApplicationDispatcher.invoke(Ljakarta/servlet/ServletRequest;Ljakarta/servlet/ServletResponse;Lorg/apache/catalina/core/ApplicationDispatcher$State;)V+341
j  org.apache.catalina.core.ApplicationDispatcher.processRequest(Ljakarta/servlet/ServletRequest;Ljakarta/servlet/ServletResponse;Lorg/apache/catalina/core/ApplicationDispatcher$State;)V+98
j  org.apache.catalina.core.ApplicationDispatcher.doForward(Ljakarta/servlet/ServletRequest;Ljakarta/servlet/ServletResponse;)V+363
j  org.apache.catalina.core.ApplicationDispatcher.forward(Ljakarta/servlet/ServletRequest;Ljakarta/servlet/ServletResponse;)V+55
j  org.springframework.security.web.header.HeaderWriterFilter$HeaderWriterRequestDispatcher.forward(Ljakarta/servlet/ServletRequest;Ljakarta/servlet/ServletResponse;)V+6
j  org.springframework.web.servlet.view.InternalResourceView.renderMergedOutputModel(Ljava/util/Map;Ljakarta/servlet/http/HttpServletRequest;Ljakarta/servlet/http/HttpServletResponse;)V+145
j  org.springframework.web.servlet.view.AbstractView.render(Ljava/util/Map;Ljakarta/servlet/http/HttpServletRequest;Ljakarta/servlet/http/HttpServletResponse;)V+91
j  org.springframework.web.servlet.DispatcherServlet.render(Lorg/springframework/web/servlet/ModelAndView;Ljakarta/servlet/http/HttpServletRequest;Ljakarta/servlet/http/HttpServletResponse;)V+188
j  org.springframework.web.servlet.DispatcherServlet.processDispatchResult(Ljakarta/servlet/http/HttpServletRequest;Ljakarta/servlet/http/HttpServletResponse;Lorg/springframework/web/servlet/HandlerExecutionChain;Lorg/springframework/web/servlet/ModelAndView;Ljava/lang/Exception;)V+103
j  org.springframework.web.servlet.DispatcherServlet.doDispatch(Ljakarta/servlet/http/HttpServletRequest;Ljakarta/servlet/http/HttpServletResponse;)V+365
j  org.springframework.web.servlet.DispatcherServlet.doService(Ljakarta/servlet/http/HttpServletRequest;Ljakarta/servlet/http/HttpServletResponse;)V+242
j  org.springframework.web.servlet.FrameworkServlet.processRequest(Ljakarta/servlet/http/HttpServletRequest;Ljakarta/servlet/http/HttpServletResponse;)V+70
j  org.springframework.web.servlet.FrameworkServlet.doGet(Ljakarta/servlet/http/HttpServletRequest;Ljakarta/servlet/http/HttpServletResponse;)V+3
j  jakarta.servlet.http.HttpServlet.service(Ljakarta/servlet/http/HttpServletRequest;Ljakarta/servlet/http/HttpServletResponse;)V+35
j  org.springframework.web.servlet.FrameworkServlet.service(Ljakarta/servlet/http/HttpServletRequest;Ljakarta/servlet/http/HttpServletResponse;)V+20
j  jakarta.servlet.http.HttpServlet.service(Ljakarta/servlet/ServletRequest;Ljakarta/servlet/ServletResponse;)V+36
j  org.apache.catalina.core.ApplicationFilterChain.internalDoFilter(Ljakarta/servlet/ServletRequest;Ljakarta/servlet/ServletResponse;)V+305
j  org.apache.catalina.core.ApplicationFilterChain.doFilter(Ljakarta/servlet/ServletRequest;Ljakarta/servlet/ServletResponse;)V+99
j  org.apache.tomcat.websocket.server.WsFilter.doFilter(Ljakarta/servlet/ServletRequest;Ljakarta/servlet/ServletResponse;Ljakarta/servlet/FilterChain;)V+21
j  org.apache.catalina.core.ApplicationFilterChain.internalDoFilter(Ljakarta/servlet/ServletRequest;Ljakarta/servlet/ServletResponse;)V+135
j  org.apache.catalina.core.ApplicationFilterChain.doFilter(Ljakarta/servlet/ServletRequest;Ljakarta/servlet/ServletResponse;)V+99
j  org.springframework.security.web.FilterChainProxy.lambda$doFilterInternal$3(Lorg/springframework/security/web/firewall/FirewalledRequest;Ljakarta/servlet/FilterChain;Ljakarta/servlet/ServletRequest;Ljakarta/servlet/ServletResponse;)V+35
j  org.springframework.security.web.FilterChainProxy$$Lambda$1366+0x000000080099ac48.doFilter(Ljakarta/servlet/ServletRequest;Ljakarta/servlet/ServletResponse;)V+10
j  org.springframework.security.web.FilterChainProxy$VirtualFilterChain.doFilter(Ljakarta/servlet/ServletRequest;Ljakarta/servlet/ServletResponse;)V+17
j  org.springframework.security.web.access.intercept.AuthorizationFilter.doFilter(Ljakarta/servlet/ServletRequest;Ljakarta/servlet/ServletResponse;Ljakarta/servlet/FilterChain;)V+143
j  org.springframework.security.web.FilterChainProxy$VirtualFilterChain.doFilter(Ljakarta/servlet/ServletRequest;Ljakarta/servlet/ServletResponse;)V+105
j  org.springframework.security.web.access.ExceptionTranslationFilter.doFilter(Ljakarta/servlet/http/HttpServletRequest;Ljakarta/servlet/http/HttpServletResponse;Ljakarta/servlet/FilterChain;)V+3
j  org.springframework.security.web.access.ExceptionTranslationFilter.doFilter(Ljakarta/servlet/ServletRequest;Ljakarta/servlet/ServletResponse;Ljakarta/servlet/FilterChain;)V+10
j  org.springframework.security.web.FilterChainProxy$VirtualFilterChain.doFilter(Ljakarta/servlet/ServletRequest;Ljakarta/servlet/ServletResponse;)V+105
j  org.springframework.security.web.authentication.AnonymousAuthenticationFilter.doFilter(Ljakarta/servlet/ServletRequest;Ljakarta/servlet/ServletResponse;Ljakarta/servlet/FilterChain;)V+33
j  org.springframework.security.web.FilterChainProxy$VirtualFilterChain.doFilter(Ljakarta/servlet/ServletRequest;Ljakarta/servlet/ServletResponse;)V+105
j  org.springframework.security.web.servletapi.SecurityContextHolderAwareRequestFilter.doFilter(Ljakarta/servlet/ServletRequest;Ljakarta/servlet/ServletResponse;Ljakarta/servlet/FilterChain;)V+19
j  org.springframework.security.web.FilterChainProxy$VirtualFilterChain.doFilter(Ljakarta/servlet/ServletRequest;Ljakarta/servlet/ServletResponse;)V+105
j  org.springframework.security.web.savedrequest.RequestCacheAwareFilter.doFilter(Ljakarta/servlet/ServletRequest;Ljakarta/servlet/ServletResponse;Ljakarta/servlet/FilterChain;)V+32
j  org.springframework.security.web.FilterChainProxy$VirtualFilterChain.doFilter(Ljakarta/servlet/ServletRequest;Ljakarta/servlet/ServletResponse;)V+105
j  org.springframework.security.web.authentication.AbstractAuthenticationProcessingFilter.doFilter(Ljakarta/servlet/http/HttpServletRequest;Ljakarta/servlet/http/HttpServletResponse;Ljakarta/servlet/FilterChain;)V+12
j  org.springframework.security.web.authentication.AbstractAuthenticationProcessingFilter.doFilter(Ljakarta/servlet/ServletRequest;Ljakarta/servlet/ServletResponse;Ljakarta/servlet/FilterChain;)V+10
j  org.springframework.security.web.FilterChainProxy$VirtualFilterChain.doFilter(Ljakarta/servlet/ServletRequest;Ljakarta/servlet/ServletResponse;)V+105
j  org.springframework.security.web.authentication.logout.LogoutFilter.doFilter(Ljakarta/servlet/http/HttpServletRequest;Ljakarta/servlet/http/HttpServletResponse;Ljakarta/servlet/FilterChain;)V+83
j  org.springframework.security.web.authentication.logout.LogoutFilter.doFilter(Ljakarta/servlet/ServletRequest;Ljakarta/servlet/ServletResponse;Ljakarta/servlet/FilterChain;)V+10
j  org.springframework.security.web.FilterChainProxy$VirtualFilterChain.doFilter(Ljakarta/servlet/ServletRequest;Ljakarta/servlet/ServletResponse;)V+105
j  org.springframework.security.web.header.HeaderWriterFilter.doHeadersAfter(Ljakarta/servlet/http/HttpServletRequest;Ljakarta/servlet/http/HttpServletResponse;Ljakarta/servlet/FilterChain;)V+29
j  org.springframework.security.web.header.HeaderWriterFilter.doFilterInternal(Ljakarta/servlet/http/HttpServletRequest;Ljakarta/servlet/http/HttpServletResponse;Ljakarta/servlet/FilterChain;)V+21
j  org.springframework.web.filter.OncePerRequestFilter.doFilter(Ljakarta/servlet/ServletRequest;Ljakarta/servlet/ServletResponse;Ljakarta/servlet/FilterChain;)V+150
j  org.springframework.security.web.FilterChainProxy$VirtualFilterChain.doFilter(Ljakarta/servlet/ServletRequest;Ljakarta/servlet/ServletResponse;)V+105
j  org.springframework.security.web.context.SecurityContextHolderFilter.doFilter(Ljakarta/servlet/http/HttpServletRequest;Ljakarta/servlet/http/HttpServletResponse;Ljakarta/servlet/FilterChain;)V+59
j  org.springframework.security.web.context.SecurityContextHolderFilter.doFilter(Ljakarta/servlet/ServletRequest;Ljakarta/servlet/ServletResponse;Ljakarta/servlet/FilterChain;)V+10
j  org.springframework.security.web.FilterChainProxy$VirtualFilterChain.doFilter(Ljakarta/servlet/ServletRequest;Ljakarta/servlet/ServletResponse;)V+105
j  org.springframework.security.web.context.request.async.WebAsyncManagerIntegrationFilter.doFilterInternal(Ljakarta/servlet/http/HttpServletRequest;Ljakarta/servlet/http/HttpServletResponse;Ljakarta/servlet/FilterChain;)V+55
j  org.springframework.web.filter.OncePerRequestFilter.doFilter(Ljakarta/servlet/ServletRequest;Ljakarta/servlet/ServletResponse;Ljakarta/servlet/FilterChain;)V+150
j  org.springframework.security.web.FilterChainProxy$VirtualFilterChain.doFilter(Ljakarta/servlet/ServletRequest;Ljakarta/servlet/ServletResponse;)V+105
j  org.springframework.security.web.session.DisableEncodeUrlFilter.doFilterInternal(Ljakarta/servlet/http/HttpServletRequest;Ljakarta/servlet/http/HttpServletResponse;Ljakarta/servlet/FilterChain;)V+10
j  org.springframework.web.filter.OncePerRequestFilter.doFilter(Ljakarta/servlet/ServletRequest;Ljakarta/servlet/ServletResponse;Ljakarta/servlet/FilterChain;)V+150
j  org.springframework.security.web.FilterChainProxy$VirtualFilterChain.doFilter(Ljakarta/servlet/ServletRequest;Ljakarta/servlet/ServletResponse;)V+105
j  org.springframework.security.web.FilterChainProxy.doFilterInternal(Ljakarta/servlet/ServletRequest;Ljakarta/servlet/ServletResponse;Ljakarta/servlet/FilterChain;)V+163
j  org.springframework.security.web.FilterChainProxy.doFilter(Ljakarta/servlet/ServletRequest;Ljakarta/servlet/ServletResponse;Ljakarta/servlet/FilterChain;)V+48
j  org.springframework.web.filter.DelegatingFilterProxy.invokeDelegate(Ljakarta/servlet/Filter;Ljakarta/servlet/ServletRequest;Ljakarta/servlet/ServletResponse;Ljakarta/servlet/FilterChain;)V+5
j  org.springframework.web.filter.DelegatingFilterProxy.doFilter(Ljakarta/servlet/ServletRequest;Ljakarta/servlet/ServletResponse;Ljakarta/servlet/FilterChain;)V+85
j  org.apache.catalina.core.ApplicationFilterChain.internalDoFilter(Ljakarta/servlet/ServletRequest;Ljakarta/servlet/ServletResponse;)V+135
j  org.apache.catalina.core.ApplicationFilterChain.doFilter(Ljakarta/servlet/ServletRequest;Ljakarta/servlet/ServletResponse;)V+99
j  org.springframework.web.filter.RequestContextFilter.doFilterInternal(Ljakarta/servlet/http/HttpServletRequest;Ljakarta/servlet/http/HttpServletResponse;Ljakarta/servlet/FilterChain;)V+21
j  org.springframework.web.filter.OncePerRequestFilter.doFilter(Ljakarta/servlet/ServletRequest;Ljakarta/servlet/ServletResponse;Ljakarta/servlet/FilterChain;)V+150
j  org.apache.catalina.core.ApplicationFilterChain.internalDoFilter(Ljakarta/servlet/ServletRequest;Ljakarta/servlet/ServletResponse;)V+135
j  org.apache.catalina.core.ApplicationFilterChain.doFilter(Ljakarta/servlet/ServletRequest;Ljakarta/servlet/ServletResponse;)V+99
j  org.springframework.web.filter.FormContentFilter.doFilterInternal(Ljakarta/servlet/http/HttpServletRequest;Ljakarta/servlet/http/HttpServletResponse;Ljakarta/servlet/FilterChain;)V+38
j  org.springframework.web.filter.OncePerRequestFilter.doFilter(Ljakarta/servlet/ServletRequest;Ljakarta/servlet/ServletResponse;Ljakarta/servlet/FilterChain;)V+150
j  org.apache.catalina.core.ApplicationFilterChain.internalDoFilter(Ljakarta/servlet/ServletRequest;Ljakarta/servlet/ServletResponse;)V+135
j  org.apache.catalina.core.ApplicationFilterChain.doFilter(Ljakarta/servlet/ServletRequest;Ljakarta/servlet/ServletResponse;)V+99
j  org.springframework.web.filter.CharacterEncodingFilter.doFilterInternal(Ljakarta/servlet/http/HttpServletRequest;Ljakarta/servlet/http/HttpServletResponse;Ljakarta/servlet/FilterChain;)V+53
j  org.springframework.web.filter.OncePerRequestFilter.doFilter(Ljakarta/servlet/ServletRequest;Ljakarta/servlet/ServletResponse;Ljakarta/servlet/FilterChain;)V+150
j  org.apache.catalina.core.ApplicationFilterChain.internalDoFilter(Ljakarta/servlet/ServletRequest;Ljakarta/servlet/ServletResponse;)V+135
j  org.apache.catalina.core.ApplicationFilterChain.doFilter(Ljakarta/servlet/ServletRequest;Ljakarta/servlet/ServletResponse;)V+99
j  org.apache.catalina.core.StandardWrapperValve.invoke(Lorg/apache/catalina/connector/Request;Lorg/apache/catalina/connector/Response;)V+514
j  org.apache.catalina.core.StandardContextValve.invoke(Lorg/apache/catalina/connector/Request;Lorg/apache/catalina/connector/Response;)V+169
j  org.apache.catalina.authenticator.AuthenticatorBase.invoke(Lorg/apache/catalina/connector/Request;Lorg/apache/catalina/connector/Response;)V+218
j  org.apache.catalina.core.StandardHostValve.invoke(Lorg/apache/catalina/connector/Request;Lorg/apache/catalina/connector/Response;)V+131
j  org.apache.catalina.valves.ErrorReportValve.invoke(Lorg/apache/catalina/connector/Request;Lorg/apache/catalina/connector/Response;)V+6
j  org.apache.catalina.core.StandardEngineValve.invoke(Lorg/apache/catalina/connector/Request;Lorg/apache/catalina/connector/Response;)V+59
j  org.apache.catalina.connector.CoyoteAdapter.service(Lorg/apache/coyote/Request;Lorg/apache/coyote/Response;)V+187
j  org.apache.coyote.http11.Http11Processor.service(Lorg/apache/tomcat/util/net/SocketWrapperBase;)Lorg/apache/tomcat/util/net/AbstractEndpoint$Handler$SocketState;+785
j  org.apache.coyote.AbstractProcessorLight.process(Lorg/apache/tomcat/util/net/SocketWrapperBase;Lorg/apache/tomcat/util/net/SocketEvent;)Lorg/apache/tomcat/util/net/AbstractEndpoint$Handler$SocketState;+152
j  org.apache.coyote.AbstractProtocol$ConnectionHandler.process(Lorg/apache/tomcat/util/net/SocketWrapperBase;Lorg/apache/tomcat/util/net/SocketEvent;)Lorg/apache/tomcat/util/net/AbstractEndpoint$Handler$SocketState;+482
j  org.apache.tomcat.util.net.NioEndpoint$SocketProcessor.doRun()V+249
j  org.apache.tomcat.util.net.SocketProcessorBase.run()V+32
j  org.apache.tomcat.util.threads.ThreadPoolExecutor.runWorker(Lorg/apache/tomcat/util/threads/ThreadPoolExecutor$Worker;)V+92
j  org.apache.tomcat.util.threads.ThreadPoolExecutor$Worker.run()V+5
j  org.apache.tomcat.util.threads.TaskThread$WrappingRunnable.run()V+4
j  java.lang.Thread.run()V+11 java.base@17.0.8.1
v  ~StubRoutines::call_stub

siginfo: EXCEPTION_ACCESS_VIOLATION (0xc0000005), reading address 0x00000008ffb62268


Register to memory mapping:

RIP=0x00007ffb7dbae8a3 jvm.dll
RAX=0x000000000000003a is an unknown value
RBX=0x000002b6ab8ec300 is a thread
RCX=0x00000008ffb61ed0 is an unknown value
RDX=0x000000000000003a is an unknown value
RSP=0x000000e49cbf8fc8 is pointing into the stack for thread: 0x000002b6ab8ec300
RBP=0x000000e49cbf9030 is pointing into the stack for thread: 0x000002b6ab8ec300
RSI=0x000000e49cbf9098 is pointing into the stack for thread: 0x000002b6ab8ec300
RDI=0x000000000000003a is an unknown value
R8 =0x000000080099e7e0 is a pointer to class: 
org.springframework.security.web.servletapi.HttpServlet3RequestFactory$Servlet3SecurityContextHolderAwareRequestWrapper {0x000000080099e7e8}
 - instance size:     5
 - klass size:        261
 - access:            synchronized 
 - state:             fully_initialized
 - name:              'org/springframework/security/web/servletapi/HttpServlet3RequestFactory$Servlet3SecurityContextHolderAwareRequestWrapper'
 - super:             'org/springframework/security/web/servletapi/SecurityContextHolderAwareRequestWrapper'
 - sub:               
 - arrays:            NULL
 - methods:           Array<T>(0x000002b6ae0723c0)
 - method ordering:   Array<T>(0x000002b6a1000018)
 - default_methods:   Array<T>(0x0000000000000000)
 - local interfaces:  Array<T>(0x000002b6a1000058)
 - trans. interfaces: Array<T>(0x000002b6a4d8df20)
 - constants:         constant pool [276]/operands[5] {0x000002b6ae0719e8} for 'org/springframework/security/web/servletapi/HttpServlet3RequestFactory$Servlet3SecurityContextHolderAwareRequestWrapper' cache=0x000002b6ae074170
 - class loader data:  loader data: 0x000002b6a074c2c0 for instance a 'jdk/internal/loader/ClassLoaders$AppClassLoader'{0x0000000704f74408}
 - source file:       'HttpServlet3RequestFactory.java'
 - class annotations:       Array<T>(0x0000000000000000)
 - class type annotations:  Array<T>(0x0000000000000000)
 - field annotations:       Array<T>(0x0000000000000000)
 - field type annotations:  Array<T>(0x0000000000000000)
 - inner classes:     Array<T>(0x000002b6ae072d78)
 - nest members:     Array<T>(0x000002b6a1000028)
 - permitted subclasses:     Array<T>(0x000002b6a1000028)
 - java mirror:       a 'java/lang/Class'{0x0000000707f262c8} = 'org/springframework/security/web/servletapi/HttpServlet3RequestFactory$Servlet3SecurityContextHolderAwareRequestWrapper'
 - vtable length      84  (start addr: 0x000000080099e9a8)
 - itable length      119 (start addr: 0x000000080099ec48)
 - ---- static fields (0 words):
 - ---- non-static fields (6 words):
 - private 'request' 'Ljakarta/servlet/ServletRequest;' @12 
 - private 'securityContextHolderStrategy' 'Lorg/springframework/security/core/context/SecurityContextHolderStrategy;' @16 
 - private final 'trustResolver' 'Lorg/springframework/security/authentication/AuthenticationTrustResolver;' @20 
 - private final 'rolePrefix' 'Ljava/lang/String;' @24 
 - private final 'response' 'Ljakarta/servlet/http/HttpServletResponse;' @28 
 - final synthetic 'this$0' 'Lorg/springframework/security/web/servletapi/HttpServlet3RequestFactory;' @32 
 - non-static oop maps: 12-32 
R9 =0x000002b6a5821470 points into unknown readable memory: 0x000002b6ffc50000 | 00 00 c5 ff b6 02 00 00
R10=0x000002b6ab8da670 points into unknown readable memory: 0x0000001e00000007 | 07 00 00 00 1e 00 00 00
R11={method} {0x000002b6ae073988} 'getUserPrincipal' '()Ljava/security/Principal;' in 'org/springframework/security/web/servletapi/SecurityContextHolderAwareRequestWrapper'
R12=0x0 is NULL
R13=0x000000080099e7e0 is a pointer to class: 
org.springframework.security.web.servletapi.HttpServlet3RequestFactory$Servlet3SecurityContextHolderAwareRequestWrapper {0x000000080099e7e8}
 - instance size:     5
 - klass size:        261
 - access:            synchronized 
 - state:             fully_initialized
 - name:              'org/springframework/security/web/servletapi/HttpServlet3RequestFactory$Servlet3SecurityContextHolderAwareRequestWrapper'
 - super:             'org/springframework/security/web/servletapi/SecurityContextHolderAwareRequestWrapper'
 - sub:               
 - arrays:            NULL
 - methods:           Array<T>(0x000002b6ae0723c0)
 - method ordering:   Array<T>(0x000002b6a1000018)
 - default_methods:   Array<T>(0x0000000000000000)
 - local interfaces:  Array<T>(0x000002b6a1000058)
 - trans. interfaces: Array<T>(0x000002b6a4d8df20)
 - constants:         constant pool [276]/operands[5] {0x000002b6ae0719e8} for 'org/springframework/security/web/servletapi/HttpServlet3RequestFactory$Servlet3SecurityContextHolderAwareRequestWrapper' cache=0x000002b6ae074170
 - class loader data:  loader data: 0x000002b6a074c2c0 for instance a 'jdk/internal/loader/ClassLoaders$AppClassLoader'{0x0000000704f74408}
 - source file:       'HttpServlet3RequestFactory.java'
 - class annotations:       Array<T>(0x0000000000000000)
 - class type annotations:  Array<T>(0x0000000000000000)
 - field annotations:       Array<T>(0x0000000000000000)
 - field type annotations:  Array<T>(0x0000000000000000)
 - inner classes:     Array<T>(0x000002b6ae072d78)
 - nest members:     Array<T>(0x000002b6a1000028)
 - permitted subclasses:     Array<T>(0x000002b6a1000028)
 - java mirror:       a 'java/lang/Class'{0x0000000707f262c8} = 'org/springframework/security/web/servletapi/HttpServlet3RequestFactory$Servlet3SecurityContextHolderAwareRequestWrapper'
 - vtable length      84  (start addr: 0x000000080099e9a8)
 - itable length      119 (start addr: 0x000000080099ec48)
 - ---- static fields (0 words):
 - ---- non-static fields (6 words):
 - private 'request' 'Ljakarta/servlet/ServletRequest;' @12 
 - private 'securityContextHolderStrategy' 'Lorg/springframework/security/core/context/SecurityContextHolderStrategy;' @16 
 - private final 'trustResolver' 'Lorg/springframework/security/authentication/AuthenticationTrustResolver;' @20 
 - private final 'rolePrefix' 'Ljava/lang/String;' @24 
 - private final 'response' 'Ljakarta/servlet/http/HttpServletResponse;' @28 
 - final synthetic 'this$0' 'Lorg/springframework/security/web/servletapi/HttpServlet3RequestFactory;' @32 
 - non-static oop maps: 12-32 
R14=0x00000008ffb61ed0 is an unknown value
R15=0x000000e49cbf91c0 is pointing into the stack for thread: 0x000002b6ab8ec300


Registers:
RAX=0x000000000000003a, RBX=0x000002b6ab8ec300, RCX=0x00000008ffb61ed0, RDX=0x000000000000003a
RSP=0x000000e49cbf8fc8, RBP=0x000000e49cbf9030, RSI=0x000000e49cbf9098, RDI=0x000000000000003a
R8 =0x000000080099e7e0, R9 =0x000002b6a5821470, R10=0x000002b6ab8da670, R11=0x000002b6ae073980
R12=0x0000000000000000, R13=0x000000080099e7e0, R14=0x00000008ffb61ed0, R15=0x000000e49cbf91c0
RIP=0x00007ffb7dbae8a3, EFLAGS=0x0000000000010217

Top of Stack: (sp=0x000000e49cbf8fc8)
0x000000e49cbf8fc8:   00007ffb7dbd22ef 0000000000000000
0x000000e49cbf8fd8:   0000000000000000 000002b6ae0719e0
0x000000e49cbf8fe8:   000002b6ab8ec300 000000e49cbf90a8
0x000000e49cbf8ff8:   00007ffb7dbcd46b 0000213505137cae
0x000000e49cbf9008:   0000000000000000 0000000000000000
0x000000e49cbf9018:   000000e49cbf91c0 0000000000000000
0x000000e49cbf9028:   0000000000000000 000002b6ae072ce1
0x000000e49cbf9038:   000002b6ae072ce1 000000e49cbf9099
0x000000e49cbf9048:   00007ffb7dbd03e8 000002b6a5821470
0x000000e49cbf9058:   00000008ffb61ed0 000000e49cbf91c0
0x000000e49cbf9068:   000002b6ab8ec300 00000008ffb61ed0
0x000000e49cbf9078:   0000000300000001 000002b6ab8ec300
0x000000e49cbf9088:   0000000000000000 000002b6ae073980
0x000000e49cbf9098:   000002b6ae073980 000002b6ab8ec300
0x000000e49cbf90a8:   000002b6a635f3d0 000002b6a6839250
0x000000e49cbf90b8:   000000080099e7e0 000000080099e7e0 

Instructions: (pc=0x00007ffb7dbae8a3)
0x00007ffb7dbae7a3:   8d 8e 88 00 00 00 c7 40 08 02 00 00 00 48 89 48
0x00007ffb7dbae7b3:   20 c6 40 0c 00 48 89 58 10 48 89 58 18 4c 89 38
0x00007ffb7dbae7c3:   eb 03 48 8b c3 48 8b d0 49 8b ce e8 9d 1c 0e 00
0x00007ffb7dbae7d3:   45 33 c0 41 8d 50 17 8d 4a 11 e8 0e 81 b6 ff 48
0x00007ffb7dbae7e3:   85 c0 74 23 48 8d 8e 90 00 00 00 c7 40 08 02 00
0x00007ffb7dbae7f3:   00 00 48 89 48 20 c6 40 0c 00 48 89 58 10 48 89
0x00007ffb7dbae803:   58 18 4c 89 38 eb 03 48 8b c3 48 8b d0 49 8b ce
0x00007ffb7dbae813:   e8 58 1c 0e 00 83 be a0 00 00 00 00 8b fb 4c 8b
0x00007ffb7dbae823:   7c 24 48 7e 5b 48 8d 2d e9 6b 42 00 90 45 33 c0
0x00007ffb7dbae833:   41 8d 50 17 8d 4a 11 e8 b1 80 b6 ff 48 85 c0 74
0x00007ffb7dbae843:   27 48 63 d7 48 83 c2 39 c7 40 08 02 00 00 00 c6
0x00007ffb7dbae853:   40 0c 00 48 89 58 10 48 89 58 18 48 8d 14 d6 48
0x00007ffb7dbae863:   89 28 48 89 50 20 eb 03 48 8b c3 48 8b d0 49 8b
0x00007ffb7dbae873:   ce e8 f7 1b 0e 00 ff c7 3b be a0 00 00 00 7c ad
0x00007ffb7dbae883:   48 8b 5c 24 50 48 8b 6c 24 58 48 83 c4 20 41 5e
0x00007ffb7dbae893:   5f 5e c3 cc cc cc cc cc cc cc cc cc cc 48 63 c2
0x00007ffb7dbae8a3:   48 8b 84 c1 c8 01 00 00 c3 cc cc cc cc 48 89 5c
0x00007ffb7dbae8b3:   24 08 48 89 6c 24 10 48 89 74 24 18 57 41 54 41
0x00007ffb7dbae8c3:   55 41 56 41 57 48 83 ec 20 48 8b 99 88 00 00 00
0x00007ffb7dbae8d3:   44 0f b6 e2 48 85 db 0f 84 32 01 00 00 8b 0d d2
0x00007ffb7dbae8e3:   f1 66 00 65 48 8b 04 25 58 00 00 00 be 50 00 00
0x00007ffb7dbae8f3:   00 bd 20 00 00 00 4c 8d 2c c8 0f 1f 00 48 8b 8b
0x00007ffb7dbae903:   98 00 00 00 e8 84 74 cb ff 84 c0 0f 85 1d 01 00
0x00007ffb7dbae913:   00 45 84 e4 0f 84 e5 00 00 00 48 8b 15 fc 0c 63
0x00007ffb7dbae923:   00 48 85 d2 0f 84 d5 00 00 00 49 8b 7d 00 8b c6
0x00007ffb7dbae933:   80 3c 38 00 75 0c e8 1a 22 35 00 48 8b 15 db 0c
0x00007ffb7dbae943:   63 00 8b c5 48 8b 0c 38 48 8b b9 38 02 00 00 48
0x00007ffb7dbae953:   8b 77 10 48 8b 6f 18 4c 8b 77 20 4c 8b 7f 28 48
0x00007ffb7dbae963:   85 d2 74 6c 8b 43 08 85 c0 7e 18 8b 83 a4 00 00
0x00007ffb7dbae973:   00 c1 e8 1a a8 01 74 32 48 8b 4b 18 e8 dc f3 ff
0x00007ffb7dbae983:   ff eb 3e 3d 00 00 00 c0 7d 20 48 8b 83 e8 00 00
0x00007ffb7dbae993:   00 8b 88 a4 00 00 00 c1 e9 1a f6 c1 01 74 0b 48 


Stack slot to memory mapping:
stack at sp + 0 slots: 0x00007ffb7dbd22ef jvm.dll
stack at sp + 1 slots: 0x0 is NULL
stack at sp + 2 slots: 0x0 is NULL
stack at sp + 3 slots: 0x000002b6ae0719e0 is pointing into metadata
stack at sp + 4 slots: 0x000002b6ab8ec300 is a thread
stack at sp + 5 slots: 0x000000e49cbf90a8 is pointing into the stack for thread: 0x000002b6ab8ec300
stack at sp + 6 slots: 0x00007ffb7dbcd46b jvm.dll
stack at sp + 7 slots: 0x0000213505137cae is an unknown value


---------------  P R O C E S S  ---------------

Threads class SMR info:
_java_thread_list=0x000002b6a8d54f50, length=30, elements={
0x000002b6a064cf80, 0x000002b6a06502f0, 0x000002b6a0655900, 0x000002b6a0691030,
0x000002b6a0691510, 0x000002b6a0693df0, 0x000002b6a0698af0, 0x000002b6a07106e0,
0x000002b6a0713c20, 0x000002b6a0823b90, 0x000002b6a08459f0, 0x000002b6a703fcd0,
0x000002b6a70401e0, 0x000002b6a703f7c0, 0x000002b6a70406f0, 0x000002b6a7042040,
0x000002b6a7042550, 0x000002b6ab8efab0, 0x000002b6ab8ebdf0, 0x000002b6ab8ea4a0,
0x000002b6ab8edc50, 0x000002b6ab8ec300, 0x000002b6ab8ec810, 0x000002b6ab8ea9b0,
0x000002b6ab8ecd20, 0x000002b6ab8ed230, 0x000002b6ab8ed740, 0x000002b6ab8ee160,
0x000002b6ab8effc0, 0x000002b6a941a580
}

Java Threads: ( => current thread )
  0x000002b6a064cf80 JavaThread "Reference Handler" daemon [_thread_blocked, id=5132, stack(0x000000e49ad00000,0x000000e49ae00000)]
  0x000002b6a06502f0 JavaThread "Finalizer" daemon [_thread_blocked, id=9872, stack(0x000000e49ae00000,0x000000e49af00000)]
  0x000002b6a0655900 JavaThread "Signal Dispatcher" daemon [_thread_blocked, id=10188, stack(0x000000e49af00000,0x000000e49b000000)]
  0x000002b6a0691030 JavaThread "Attach Listener" daemon [_thread_blocked, id=18356, stack(0x000000e49b000000,0x000000e49b100000)]
  0x000002b6a0691510 JavaThread "Service Thread" daemon [_thread_blocked, id=1916, stack(0x000000e49b100000,0x000000e49b200000)]
  0x000002b6a0693df0 JavaThread "Monitor Deflation Thread" daemon [_thread_blocked, id=13140, stack(0x000000e49b200000,0x000000e49b300000)]
  0x000002b6a0698af0 JavaThread "C2 CompilerThread0" daemon [_thread_blocked, id=2696, stack(0x000000e49b300000,0x000000e49b400000)]
  0x000002b6a07106e0 JavaThread "C1 CompilerThread0" daemon [_thread_blocked, id=18472, stack(0x000000e49b400000,0x000000e49b500000)]
  0x000002b6a0713c20 JavaThread "Sweeper thread" daemon [_thread_blocked, id=6436, stack(0x000000e49b500000,0x000000e49b600000)]
  0x000002b6a0823b90 JavaThread "Notification Thread" daemon [_thread_blocked, id=18728, stack(0x000000e49b600000,0x000000e49b700000)]
  0x000002b6a08459f0 JavaThread "Common-Cleaner" daemon [_thread_blocked, id=19960, stack(0x000000e49b800000,0x000000e49b900000)]
  0x000002b6a703fcd0 JavaThread "Catalina-utility-1" [_thread_blocked, id=10472, stack(0x000000e49bd00000,0x000000e49be00000)]
  0x000002b6a70401e0 JavaThread "Catalina-utility-2" [_thread_blocked, id=19080, stack(0x000000e49be00000,0x000000e49bf00000)]
  0x000002b6a703f7c0 JavaThread "container-0" [_thread_blocked, id=3740, stack(0x000000e49bf00000,0x000000e49c000000)]
  0x000002b6a70406f0 JavaThread "mssql-jdbc-shared-timer-core-0" daemon [_thread_blocked, id=16612, stack(0x000000e49c300000,0x000000e49c400000)]
  0x000002b6a7042040 JavaThread "HikariPool-1 housekeeper" daemon [_thread_blocked, id=9920, stack(0x000000e49c400000,0x000000e49c500000)]
  0x000002b6a7042550 JavaThread "http-nio-8080-exec-1" daemon [_thread_blocked, id=18496, stack(0x000000e49c600000,0x000000e49c700000)]
  0x000002b6ab8efab0 JavaThread "http-nio-8080-exec-2" daemon [_thread_blocked, id=8436, stack(0x000000e49c700000,0x000000e49c800000)]
  0x000002b6ab8ebdf0 JavaThread "http-nio-8080-exec-3" daemon [_thread_blocked, id=6592, stack(0x000000e49c800000,0x000000e49c900000)]
  0x000002b6ab8ea4a0 JavaThread "http-nio-8080-exec-4" daemon [_thread_blocked, id=18068, stack(0x000000e49c900000,0x000000e49ca00000)]
  0x000002b6ab8edc50 JavaThread "http-nio-8080-exec-5" daemon [_thread_blocked, id=21068, stack(0x000000e49ca00000,0x000000e49cb00000)]
=>0x000002b6ab8ec300 JavaThread "http-nio-8080-exec-6" daemon [_thread_in_vm, id=15212, stack(0x000000e49cb00000,0x000000e49cc00000)]
  0x000002b6ab8ec810 JavaThread "http-nio-8080-exec-7" daemon [_thread_blocked, id=21036, stack(0x000000e49cc00000,0x000000e49cd00000)]
  0x000002b6ab8ea9b0 JavaThread "http-nio-8080-exec-8" daemon [_thread_blocked, id=19424, stack(0x000000e49cd00000,0x000000e49ce00000)]
  0x000002b6ab8ecd20 JavaThread "http-nio-8080-exec-9" daemon [_thread_blocked, id=13788, stack(0x000000e49ce00000,0x000000e49cf00000)]
  0x000002b6ab8ed230 JavaThread "http-nio-8080-exec-10" daemon [_thread_blocked, id=484, stack(0x000000e49cf00000,0x000000e49d000000)]
  0x000002b6ab8ed740 JavaThread "http-nio-8080-Poller" daemon [_thread_in_native, id=20896, stack(0x000000e49d000000,0x000000e49d100000)]
  0x000002b6ab8ee160 JavaThread "http-nio-8080-Acceptor" daemon [_thread_in_native, id=11636, stack(0x000000e49d100000,0x000000e49d200000)]
  0x000002b6ab8effc0 JavaThread "DestroyJavaVM" [_thread_blocked, id=21328, stack(0x000000e49a600000,0x000000e49a700000)]
  0x000002b6a941a580 JavaThread "C2 CompilerThread1" daemon [_thread_in_native, id=12676, stack(0x000000e49b900000,0x000000e49ba00000)]

Other Threads:
  0x000002b69e228920 VMThread "VM Thread" [stack: 0x000000e49ac00000,0x000000e49ad00000] [id=18772]
  0x000002b6a0828090 WatcherThread [stack: 0x000000e49b700000,0x000000e49b800000] [id=13340]
  0x000002b68251cc70 GCTaskThread "GC Thread#0" [stack: 0x000000e49a700000,0x000000e49a800000] [id=13656]
  0x000002b6a0861dc0 GCTaskThread "GC Thread#1" [stack: 0x000000e49ba00000,0x000000e49bb00000] [id=17552]
  0x000002b6a0862340 GCTaskThread "GC Thread#2" [stack: 0x000000e49bb00000,0x000000e49bc00000] [id=8316]
  0x000002b6a08633c0 GCTaskThread "GC Thread#3" [stack: 0x000000e49bc00000,0x000000e49bd00000] [id=368]
  0x000002b68251d760 ConcurrentGCThread "G1 Main Marker" [stack: 0x000000e49a800000,0x000000e49a900000] [id=1584]
  0x000002b68251e560 ConcurrentGCThread "G1 Conc#0" [stack: 0x000000e49a900000,0x000000e49aa00000] [id=4844]
  0x000002b69e156e20 ConcurrentGCThread "G1 Refine#0" [stack: 0x000000e49aa00000,0x000000e49ab00000] [id=15696]
  0x000002b6a7eaac90 ConcurrentGCThread "G1 Refine#1" [stack: 0x000000e49c000000,0x000000e49c100000] [id=12944]
  0x000002b6a8d87b30 ConcurrentGCThread "G1 Refine#2" [stack: 0x000000e49c100000,0x000000e49c200000] [id=17004]
  0x000002b69e157930 ConcurrentGCThread "G1 Service" [stack: 0x000000e49ab00000,0x000000e49ac00000] [id=6120]

Threads with active compile tasks:
C2 CompilerThread1    32936 6845       4       org.eclipse.jdt.internal.compiler.lookup.BinaryTypeBinding::createMethod (1719 bytes)

VM state: not at safepoint (normal execution)

VM Mutex/Monitor currently owned by a thread: None

Heap address: 0x0000000704c00000, size: 4020 MB, Compressed Oops mode: Zero based, Oop shift amount: 3

CDS archive(s) not mapped
Compressed class space mapped at: 0x0000000800000000-0x0000000840000000, reserved size: 1073741824
Narrow klass base: 0x0000000800000000, Narrow klass shift: 0, Narrow klass range: 0x40000000

GC Precious Log:
 CPUs: 4 total, 4 available
 Memory: 16079M
 Large Page Support: Disabled
 NUMA Support: Disabled
 Compressed Oops: Enabled (Zero based)
 Heap Region Size: 2M
 Heap Min Capacity: 8M
 Heap Initial Capacity: 252M
 Heap Max Capacity: 4020M
 Pre-touch: Disabled
 Parallel Workers: 4
 Concurrent Workers: 1
 Concurrent Refinement Workers: 4
 Periodic GC: Disabled

Heap:
 garbage-first heap   total 83968K, used 49404K [0x0000000704c00000, 0x0000000800000000)
  region size 2048K, 11 young (22528K), 2 survivors (4096K)
 Metaspace       used 87282K, committed 87936K, reserved 1179648K
  class space    used 10810K, committed 11136K, reserved 1048576K

Heap Regions: E=young(eden), S=young(survivor), O=old, HS=humongous(starts), HC=humongous(continues), CS=collection set, F=free, OA=open archive, CA=closed archive, TAMS=top-at-mark-start (previous, next)
|   0|0x0000000704c00000, 0x0000000704e00000, 0x0000000704e00000|100%| O|  |TAMS 0x0000000704e00000, 0x0000000704c00000| Untracked 
|   1|0x0000000704e00000, 0x0000000705000000, 0x0000000705000000|100%| O|  |TAMS 0x0000000705000000, 0x0000000704e00000| Untracked 
|   2|0x0000000705000000, 0x0000000705200000, 0x0000000705200000|100%| O|  |TAMS 0x0000000705200000, 0x0000000705000000| Untracked 
|   3|0x0000000705200000, 0x0000000705400000, 0x0000000705400000|100%| O|  |TAMS 0x0000000705400000, 0x0000000705200000| Untracked 
|   4|0x0000000705400000, 0x0000000705600000, 0x0000000705600000|100%| O|  |TAMS 0x0000000705600000, 0x0000000705400000| Untracked 
|   5|0x0000000705600000, 0x0000000705800000, 0x0000000705800000|100%| O|  |TAMS 0x0000000705800000, 0x0000000705600000| Untracked 
|   6|0x0000000705800000, 0x0000000705a00000, 0x0000000705a00000|100%| O|  |TAMS 0x0000000705a00000, 0x0000000705800000| Untracked 
|   7|0x0000000705a00000, 0x0000000705c00000, 0x0000000705c00000|100%| O|  |TAMS 0x0000000705c00000, 0x0000000705a00000| Untracked 
|   8|0x0000000705c00000, 0x0000000705e00000, 0x0000000705e00000|100%| O|  |TAMS 0x0000000705c00000, 0x0000000705c00000| Untracked 
|   9|0x0000000705e00000, 0x0000000706000000, 0x0000000706000000|100%| O|  |TAMS 0x0000000706000000, 0x0000000705e00000| Untracked 
|  10|0x0000000706000000, 0x0000000706200000, 0x0000000706200000|100%| O|  |TAMS 0x0000000706000000, 0x0000000706000000| Untracked 
|  11|0x0000000706200000, 0x0000000706400000, 0x0000000706400000|100%| O|  |TAMS 0x0000000706200000, 0x0000000706200000| Untracked 
|  12|0x0000000706400000, 0x0000000706600000, 0x0000000706600000|100%| O|  |TAMS 0x0000000706400000, 0x0000000706400000| Untracked 
|  13|0x0000000706600000, 0x0000000706800000, 0x0000000706800000|100%| O|  |TAMS 0x0000000706600000, 0x0000000706600000| Untracked 
|  14|0x0000000706800000, 0x0000000706883400, 0x0000000706a00000| 25%| O|  |TAMS 0x0000000706800000, 0x0000000706800000| Untracked 
|  15|0x0000000706a00000, 0x0000000706a00000, 0x0000000706c00000|  0%| F|  |TAMS 0x0000000706a00000, 0x0000000706a00000| Untracked 
|  16|0x0000000706c00000, 0x0000000706c00000, 0x0000000706e00000|  0%| F|  |TAMS 0x0000000706c00000, 0x0000000706c00000| Untracked 
|  17|0x0000000706e00000, 0x0000000706e00000, 0x0000000707000000|  0%| F|  |TAMS 0x0000000706e00000, 0x0000000706e00000| Untracked 
|  18|0x0000000707000000, 0x0000000707000000, 0x0000000707200000|  0%| F|  |TAMS 0x0000000707000000, 0x0000000707000000| Untracked 
|  19|0x0000000707200000, 0x0000000707200000, 0x0000000707400000|  0%| F|  |TAMS 0x0000000707200000, 0x0000000707200000| Untracked 
|  20|0x0000000707400000, 0x0000000707400000, 0x0000000707600000|  0%| F|  |TAMS 0x0000000707400000, 0x0000000707400000| Untracked 
|  21|0x0000000707600000, 0x0000000707600000, 0x0000000707800000|  0%| F|  |TAMS 0x0000000707600000, 0x0000000707600000| Untracked 
|  22|0x0000000707800000, 0x0000000707800000, 0x0000000707a00000|  0%| F|  |TAMS 0x0000000707800000, 0x0000000707800000| Untracked 
|  23|0x0000000707a00000, 0x0000000707a00000, 0x0000000707c00000|  0%| F|  |TAMS 0x0000000707a00000, 0x0000000707a00000| Untracked 
|  24|0x0000000707c00000, 0x0000000707dbbee0, 0x0000000707e00000| 86%| S|CS|TAMS 0x0000000707c00000, 0x0000000707c00000| Complete 
|  25|0x0000000707e00000, 0x0000000708000000, 0x0000000708000000|100%| S|CS|TAMS 0x0000000707e00000, 0x0000000707e00000| Complete 
|  26|0x0000000708000000, 0x0000000708000000, 0x0000000708200000|  0%| F|  |TAMS 0x0000000708000000, 0x0000000708000000| Untracked 
|  27|0x0000000708200000, 0x0000000708200000, 0x0000000708400000|  0%| F|  |TAMS 0x0000000708200000, 0x0000000708200000| Untracked 
|  28|0x0000000708400000, 0x0000000708400000, 0x0000000708600000|  0%| F|  |TAMS 0x0000000708400000, 0x0000000708400000| Untracked 
|  29|0x0000000708600000, 0x0000000708600000, 0x0000000708800000|  0%| F|  |TAMS 0x0000000708600000, 0x0000000708600000| Untracked 
|  30|0x0000000708800000, 0x0000000708800000, 0x0000000708a00000|  0%| F|  |TAMS 0x0000000708800000, 0x0000000708800000| Untracked 
|  31|0x0000000708a00000, 0x0000000708a00000, 0x0000000708c00000|  0%| F|  |TAMS 0x0000000708a00000, 0x0000000708a00000| Untracked 
|  32|0x0000000708c00000, 0x0000000708d637e8, 0x0000000708e00000| 69%| E|  |TAMS 0x0000000708c00000, 0x0000000708c00000| Complete 
|  33|0x0000000708e00000, 0x0000000709000000, 0x0000000709000000|100%| E|CS|TAMS 0x0000000708e00000, 0x0000000708e00000| Complete 
|  34|0x0000000709000000, 0x0000000709200000, 0x0000000709200000|100%| E|CS|TAMS 0x0000000709000000, 0x0000000709000000| Complete 
|  35|0x0000000709200000, 0x0000000709400000, 0x0000000709400000|100%| E|CS|TAMS 0x0000000709200000, 0x0000000709200000| Complete 
|  36|0x0000000709400000, 0x0000000709600000, 0x0000000709600000|100%| E|CS|TAMS 0x0000000709400000, 0x0000000709400000| Complete 
|  49|0x000000070ae00000, 0x000000070b000000, 0x000000070b000000|100%| E|CS|TAMS 0x000000070ae00000, 0x000000070ae00000| Complete 
|  50|0x000000070b000000, 0x000000070b200000, 0x000000070b200000|100%| E|CS|TAMS 0x000000070b000000, 0x000000070b000000| Complete 
|  51|0x000000070b200000, 0x000000070b400000, 0x000000070b400000|100%| E|CS|TAMS 0x000000070b200000, 0x000000070b200000| Complete 
| 125|0x0000000714600000, 0x0000000714800000, 0x0000000714800000|100%| E|CS|TAMS 0x0000000714600000, 0x0000000714600000| Complete 

Card table byte_map: [0x000002b695300000,0x000002b695ae0000] _byte_map_base: 0x000002b691ada000

Marking Bits (Prev, Next): (CMBitMap*) 0x000002b68251d0e0, (CMBitMap*) 0x000002b68251d0a0
 Prev Bits: [0x000002b69a190000, 0x000002b69e060000)
 Next Bits: [0x000002b6962c0000, 0x000002b69a190000)

Polling page: 0x000002b681c20000

Metaspace:

Usage:
  Non-class:     74.68 MB used.
      Class:     10.56 MB used.
       Both:     85.24 MB used.

Virtual space:
  Non-class space:      128.00 MB reserved,      75.00 MB ( 59%) committed,  2 nodes.
      Class space:        1.00 GB reserved,      10.88 MB (  1%) committed,  1 nodes.
             Both:        1.12 GB reserved,      85.88 MB (  7%) committed. 

Chunk freelists:
   Non-Class:  5.03 MB
       Class:  4.99 MB
        Both:  10.02 MB

MaxMetaspaceSize: unlimited
CompressedClassSpaceSize: 1.00 GB
Initial GC threshold: 21.00 MB
Current GC threshold: 98.56 MB
CDS: off
MetaspaceReclaimPolicy: balanced
 - commit_granule_bytes: 65536.
 - commit_granule_words: 8192.
 - virtual_space_node_default_size: 8388608.
 - enlarge_chunks_in_place: 1.
 - new_chunks_are_fully_committed: 0.
 - uncommit_free_chunks: 1.
 - use_allocation_guard: 0.
 - handle_deallocations: 1.


Internal statistics:

num_allocs_failed_limit: 9.
num_arena_births: 864.
num_arena_deaths: 0.
num_vsnodes_births: 3.
num_vsnodes_deaths: 0.
num_space_committed: 1374.
num_space_uncommitted: 0.
num_chunks_returned_to_freelist: 9.
num_chunks_taken_from_freelist: 3545.
num_chunk_merges: 6.
num_chunk_splits: 2588.
num_chunks_enlarged: 2039.
num_inconsistent_stats: 0.

CodeHeap 'non-profiled nmethods': size=120000Kb used=4829Kb max_used=4829Kb free=115171Kb
 bounds [0x000002b68d5f0000, 0x000002b68dab0000, 0x000002b694b20000]
CodeHeap 'profiled nmethods': size=120000Kb used=13681Kb max_used=13681Kb free=106318Kb
 bounds [0x000002b685b20000, 0x000002b686880000, 0x000002b68d050000]
CodeHeap 'non-nmethods': size=5760Kb used=1400Kb max_used=1442Kb free=4359Kb
 bounds [0x000002b68d050000, 0x000002b68d2c0000, 0x000002b68d5f0000]
 total_blobs=7052 nmethods=6310 adapters=653
 compilation: enabled
              stopped_count=0, restarted_count=0
 full_count=0

Compilation events (20 events):
Event: 32.609 Thread 0x000002b6a07106e0 7023       3       org.eclipse.jdt.internal.compiler.lookup.LookupEnvironment::javaBaseModule (68 bytes)
Event: 32.609 Thread 0x000002b6a07106e0 nmethod 7023 0x000002b686879290 code [0x000002b686879460, 0x000002b686879878]
Event: 32.609 Thread 0x000002b6a07106e0 7030       3       org.eclipse.jdt.internal.compiler.lookup.MethodBinding::isConstructor (14 bytes)
Event: 32.609 Thread 0x000002b6a07106e0 nmethod 7030 0x000002b686879990 code [0x000002b686879b20, 0x000002b686879cb8]
Event: 32.609 Thread 0x000002b6a07106e0 7018       1       org.eclipse.jdt.internal.compiler.impl.StringConstant::stringValue (5 bytes)
Event: 32.610 Thread 0x000002b6a07106e0 nmethod 7018 0x000002b68da9b610 code [0x000002b68da9b7a0, 0x000002b68da9b878]
Event: 32.631 Thread 0x000002b6a07106e0 7033       3       org.apache.jasper.compiler.SmapUtil$SDEInstaller::writeU2 (18 bytes)
Event: 32.631 Thread 0x000002b6a07106e0 nmethod 7033 0x000002b686879d90 code [0x000002b686879f40, 0x000002b68687a0d8]
Event: 32.631 Thread 0x000002b6a07106e0 7036       3       org.apache.jasper.compiler.SmapUtil$SDEInstaller::copy (46 bytes)
Event: 32.631 Thread 0x000002b6a07106e0 nmethod 7036 0x000002b68687a190 code [0x000002b68687a340, 0x000002b68687a578]
Event: 32.631 Thread 0x000002b6a07106e0 7034       3       java.nio.charset.Charset::lookup (44 bytes)
Event: 32.632 Thread 0x000002b6a07106e0 nmethod 7034 0x000002b68687a710 code [0x000002b68687a900, 0x000002b68687ad68]
Event: 32.632 Thread 0x000002b6a07106e0 7035       3       org.apache.jasper.compiler.SmapUtil$SDEInstaller::readU2 (15 bytes)
Event: 32.632 Thread 0x000002b6a07106e0 nmethod 7035 0x000002b68687af10 code [0x000002b68687b0c0, 0x000002b68687b258]
Event: 32.632 Thread 0x000002b6a07106e0 7037       3       java.nio.charset.Charset::forName (20 bytes)
Event: 32.632 Thread 0x000002b6a07106e0 nmethod 7037 0x000002b68687b310 code [0x000002b68687b4c0, 0x000002b68687b6d8]
Event: 32.632 Thread 0x000002b6a07106e0 7040       3       java.lang.String::<init> (10 bytes)
Event: 32.633 Thread 0x000002b6a07106e0 nmethod 7040 0x000002b68687b790 code [0x000002b68687b940, 0x000002b68687baa8]
Event: 32.633 Thread 0x000002b6a07106e0 7041       3       java.lang.String::<init> (13 bytes)
Event: 32.633 Thread 0x000002b6a07106e0 nmethod 7041 0x000002b68687bb90 code [0x000002b68687bda0, 0x000002b68687c348]

GC Heap History (20 events):
Event: 8.348 GC heap before
{Heap before GC invocations=12 (full 0):
 garbage-first heap   total 69632K, used 21858K [0x0000000704c00000, 0x0000000800000000)
  region size 2048K, 3 young (6144K), 2 survivors (4096K)
 Metaspace       used 42198K, committed 42688K, reserved 1114112K
  class space    used 4917K, committed 5184K, reserved 1048576K
}
Event: 8.352 GC heap after
{Heap after GC invocations=13 (full 0):
 garbage-first heap   total 69632K, used 19896K [0x0000000704c00000, 0x0000000800000000)
  region size 2048K, 1 young (2048K), 1 survivors (2048K)
 Metaspace       used 42198K, committed 42688K, reserved 1114112K
  class space    used 4917K, committed 5184K, reserved 1048576K
}
Event: 9.741 GC heap before
{Heap before GC invocations=13 (full 0):
 garbage-first heap   total 69632K, used 48568K [0x0000000704c00000, 0x0000000800000000)
  region size 2048K, 15 young (30720K), 1 survivors (2048K)
 Metaspace       used 51462K, committed 51968K, reserved 1114112K
  class space    used 6148K, committed 6400K, reserved 1048576K
}
Event: 9.747 GC heap after
{Heap after GC invocations=14 (full 0):
 garbage-first heap   total 69632K, used 21155K [0x0000000704c00000, 0x0000000800000000)
  region size 2048K, 1 young (2048K), 1 survivors (2048K)
 Metaspace       used 51462K, committed 51968K, reserved 1114112K
  class space    used 6148K, committed 6400K, reserved 1048576K
}
Event: 10.877 GC heap before
{Heap before GC invocations=14 (full 0):
 garbage-first heap   total 69632K, used 49827K [0x0000000704c00000, 0x0000000800000000)
  region size 2048K, 15 young (30720K), 1 survivors (2048K)
 Metaspace       used 57338K, committed 57792K, reserved 1114112K
  class space    used 6936K, committed 7168K, reserved 1048576K
}
Event: 10.883 GC heap after
{Heap after GC invocations=15 (full 0):
 garbage-first heap   total 69632K, used 23368K [0x0000000704c00000, 0x0000000800000000)
  region size 2048K, 2 young (4096K), 2 survivors (4096K)
 Metaspace       used 57338K, committed 57792K, reserved 1114112K
  class space    used 6936K, committed 7168K, reserved 1048576K
}
Event: 11.184 GC heap before
{Heap before GC invocations=15 (full 0):
 garbage-first heap   total 69632K, used 29512K [0x0000000704c00000, 0x0000000800000000)
  region size 2048K, 6 young (12288K), 2 survivors (4096K)
 Metaspace       used 60002K, committed 60416K, reserved 1114112K
  class space    used 7346K, committed 7552K, reserved 1048576K
}
Event: 11.191 GC heap after
{Heap after GC invocations=16 (full 0):
 garbage-first heap   total 69632K, used 23645K [0x0000000704c00000, 0x0000000800000000)
  region size 2048K, 1 young (2048K), 1 survivors (2048K)
 Metaspace       used 60002K, committed 60416K, reserved 1114112K
  class space    used 7346K, committed 7552K, reserved 1048576K
}
Event: 12.231 GC heap before
{Heap before GC invocations=17 (full 0):
 garbage-first heap   total 69632K, used 48221K [0x0000000704c00000, 0x0000000800000000)
  region size 2048K, 14 young (28672K), 1 survivors (2048K)
 Metaspace       used 64813K, committed 65280K, reserved 1114112K
  class space    used 8248K, committed 8448K, reserved 1048576K
}
Event: 12.234 GC heap after
{Heap after GC invocations=18 (full 0):
 garbage-first heap   total 69632K, used 24634K [0x0000000704c00000, 0x0000000800000000)
  region size 2048K, 1 young (2048K), 1 survivors (2048K)
 Metaspace       used 64813K, committed 65280K, reserved 1114112K
  class space    used 8248K, committed 8448K, reserved 1048576K
}
Event: 12.592 GC heap before
{Heap before GC invocations=18 (full 0):
 garbage-first heap   total 69632K, used 26682K [0x0000000704c00000, 0x0000000800000000)
  region size 2048K, 2 young (4096K), 1 survivors (2048K)
 Metaspace       used 65597K, committed 66048K, reserved 1114112K
  class space    used 8314K, committed 8512K, reserved 1048576K
}
Event: 12.596 GC heap after
{Heap after GC invocations=19 (full 0):
 garbage-first heap   total 69632K, used 24414K [0x0000000704c00000, 0x0000000800000000)
  region size 2048K, 1 young (2048K), 1 survivors (2048K)
 Metaspace       used 65597K, committed 66048K, reserved 1114112K
  class space    used 8314K, committed 8512K, reserved 1048576K
}
Event: 13.425 GC heap before
{Heap before GC invocations=19 (full 0):
 garbage-first heap   total 69632K, used 53086K [0x0000000704c00000, 0x0000000800000000)
  region size 2048K, 15 young (30720K), 1 survivors (2048K)
 Metaspace       used 69449K, committed 70016K, reserved 1114112K
  class space    used 8820K, committed 9088K, reserved 1048576K
}
Event: 13.431 GC heap after
{Heap after GC invocations=20 (full 0):
 garbage-first heap   total 83968K, used 26358K [0x0000000704c00000, 0x0000000800000000)
  region size 2048K, 2 young (4096K), 2 survivors (4096K)
 Metaspace       used 69449K, committed 70016K, reserved 1114112K
  class space    used 8820K, committed 9088K, reserved 1048576K
}
Event: 14.645 GC heap before
{Heap before GC invocations=20 (full 0):
 garbage-first heap   total 83968K, used 63222K [0x0000000704c00000, 0x0000000800000000)
  region size 2048K, 20 young (40960K), 2 survivors (4096K)
 Metaspace       used 73320K, committed 73856K, reserved 1114112K
  class space    used 9385K, committed 9664K, reserved 1048576K
}
Event: 14.653 GC heap after
{Heap after GC invocations=21 (full 0):
 garbage-first heap   total 83968K, used 29676K [0x0000000704c00000, 0x0000000800000000)
  region size 2048K, 3 young (6144K), 3 survivors (6144K)
 Metaspace       used 73320K, committed 73856K, reserved 1114112K
  class space    used 9385K, committed 9664K, reserved 1048576K
}
Event: 25.917 GC heap before
{Heap before GC invocations=21 (full 0):
 garbage-first heap   total 83968K, used 62444K [0x0000000704c00000, 0x0000000800000000)
  region size 2048K, 20 young (40960K), 3 survivors (6144K)
 Metaspace       used 79536K, committed 80064K, reserved 1179648K
  class space    used 9951K, committed 10240K, reserved 1048576K
}
Event: 25.930 GC heap after
{Heap after GC invocations=22 (full 0):
 garbage-first heap   total 83968K, used 32125K [0x0000000704c00000, 0x0000000800000000)
  region size 2048K, 2 young (4096K), 2 survivors (4096K)
 Metaspace       used 79536K, committed 80064K, reserved 1179648K
  class space    used 9951K, committed 10240K, reserved 1048576K
}
Event: 31.882 GC heap before
{Heap before GC invocations=22 (full 0):
 garbage-first heap   total 83968K, used 60797K [0x0000000704c00000, 0x0000000800000000)
  region size 2048K, 17 young (34816K), 2 survivors (4096K)
 Metaspace       used 85224K, committed 85760K, reserved 1179648K
  class space    used 10556K, committed 10816K, reserved 1048576K
}
Event: 31.888 GC heap after
{Heap after GC invocations=23 (full 0):
 garbage-first heap   total 83968K, used 33020K [0x0000000704c00000, 0x0000000800000000)
  region size 2048K, 2 young (4096K), 2 survivors (4096K)
 Metaspace       used 85224K, committed 85760K, reserved 1179648K
  class space    used 10556K, committed 10816K, reserved 1048576K
}

Dll operation events (9 events):
Event: 0.022 Loaded shared library C:\Users\JPiccione\.p2\pool\plugins\org.eclipse.justj.openjdk.hotspot.jre.full.win32.x86_64_17.0.8.v20230831-1047\jre\bin\java.dll
Event: 0.411 Loaded shared library C:\Users\JPiccione\.p2\pool\plugins\org.eclipse.justj.openjdk.hotspot.jre.full.win32.x86_64_17.0.8.v20230831-1047\jre\bin\jimage.dll
Event: 0.436 Loaded shared library C:\Users\JPiccione\.p2\pool\plugins\org.eclipse.justj.openjdk.hotspot.jre.full.win32.x86_64_17.0.8.v20230831-1047\jre\bin\net.dll
Event: 0.440 Loaded shared library C:\Users\JPiccione\.p2\pool\plugins\org.eclipse.justj.openjdk.hotspot.jre.full.win32.x86_64_17.0.8.v20230831-1047\jre\bin\nio.dll
Event: 0.450 Loaded shared library C:\Users\JPiccione\.p2\pool\plugins\org.eclipse.justj.openjdk.hotspot.jre.full.win32.x86_64_17.0.8.v20230831-1047\jre\bin\zip.dll
Event: 7.032 Loaded shared library C:\Users\JPiccione\.p2\pool\plugins\org.eclipse.justj.openjdk.hotspot.jre.full.win32.x86_64_17.0.8.v20230831-1047\jre\bin\sunmscapi.dll
Event: 7.042 Loaded shared library C:\Users\JPiccione\.p2\pool\plugins\org.eclipse.justj.openjdk.hotspot.jre.full.win32.x86_64_17.0.8.v20230831-1047\jre\bin\management.dll
Event: 7.047 Loaded shared library C:\Users\JPiccione\.p2\pool\plugins\org.eclipse.justj.openjdk.hotspot.jre.full.win32.x86_64_17.0.8.v20230831-1047\jre\bin\management_ext.dll
Event: 8.739 Loaded shared library C:\Users\JPiccione\.p2\pool\plugins\org.eclipse.justj.openjdk.hotspot.jre.full.win32.x86_64_17.0.8.v20230831-1047\jre\bin\verify.dll

Deoptimization events (20 events):
Event: 32.320 Thread 0x000002b6ab8ec300 Uncommon trap: trap_request=0xffffff45 fr.pc=0x000002b68d6f0748 relative=0x0000000000000048
Event: 32.320 Thread 0x000002b6ab8ec300 Uncommon trap: reason=unstable_if action=reinterpret pc=0x000002b68d6f0748 method=java.lang.StringConcatHelper.stringOf(Ljava/lang/Object;)Ljava/lang/String; @ 1 c2
Event: 32.320 Thread 0x000002b6ab8ec300 DEOPT PACKING pc=0x000002b68d6f0748 sp=0x000000e49cbf9730
Event: 32.320 Thread 0x000002b6ab8ec300 DEOPT UNPACKING pc=0x000002b68d0a69a3 sp=0x000000e49cbf96c0 mode 2
Event: 32.346 Thread 0x000002b6ab8ec300 Uncommon trap: trap_request=0xffffffde fr.pc=0x000002b68d65d1d8 relative=0x0000000000001358
Event: 32.346 Thread 0x000002b6ab8ec300 Uncommon trap: reason=class_check action=maybe_recompile pc=0x000002b68d65d1d8 method=jdk.internal.loader.URLClassPath.getLoader(I)Ljdk/internal/loader/URLClassPath$Loader; @ 88 c2
Event: 32.346 Thread 0x000002b6ab8ec300 DEOPT PACKING pc=0x000002b68d65d1d8 sp=0x000000e49cbf9750
Event: 32.346 Thread 0x000002b6ab8ec300 DEOPT UNPACKING pc=0x000002b68d0a69a3 sp=0x000000e49cbf9790 mode 2
Event: 32.472 Thread 0x000002b6ab8ec300 DEOPT PACKING pc=0x000002b6866f05e1 sp=0x000000e49cbf8b70
Event: 32.472 Thread 0x000002b6ab8ec300 DEOPT UNPACKING pc=0x000002b68d0a7143 sp=0x000000e49cbf7fa8 mode 0
Event: 32.526 Thread 0x000002b6ab8ec300 DEOPT PACKING pc=0x000002b6866d3c6a sp=0x000000e49cbf8990
Event: 32.526 Thread 0x000002b6ab8ec300 DEOPT UNPACKING pc=0x000002b68d0a7143 sp=0x000000e49cbf7e08 mode 0
Event: 32.536 Thread 0x000002b6ab8ec300 Uncommon trap: trap_request=0xffffff6e fr.pc=0x000002b68da958b0 relative=0x00000000000001b0
Event: 32.536 Thread 0x000002b6ab8ec300 Uncommon trap: reason=loop_limit_check action=maybe_recompile pc=0x000002b68da958b0 method=org.eclipse.jdt.internal.compiler.lookup.ReferenceBinding.compare([C[CII)I @ 46 c2
Event: 32.536 Thread 0x000002b6ab8ec300 DEOPT PACKING pc=0x000002b68da958b0 sp=0x000000e49cbf95d0
Event: 32.536 Thread 0x000002b6ab8ec300 DEOPT UNPACKING pc=0x000002b68d0a69a3 sp=0x000000e49cbf9540 mode 2
Event: 32.635 Thread 0x000002b6ab8ec300 Uncommon trap: trap_request=0xffffffde fr.pc=0x000002b68d65d1d8 relative=0x0000000000001358
Event: 32.635 Thread 0x000002b6ab8ec300 Uncommon trap: reason=class_check action=maybe_recompile pc=0x000002b68d65d1d8 method=jdk.internal.loader.URLClassPath.getLoader(I)Ljdk/internal/loader/URLClassPath$Loader; @ 88 c2
Event: 32.635 Thread 0x000002b6ab8ec300 DEOPT PACKING pc=0x000002b68d65d1d8 sp=0x000000e49cbf9d40
Event: 32.635 Thread 0x000002b6ab8ec300 DEOPT UNPACKING pc=0x000002b68d0a69a3 sp=0x000000e49cbf9d80 mode 2

Classes unloaded (0 events):
No events

Classes redefined (0 events):
No events

Internal exceptions (20 events):
Event: 14.704 Thread 0x000002b6ffc4ceb0 Exception <a 'java/lang/NoSuchMethodError'{0x000000071479a928}: 'java.lang.Object java.lang.invoke.DirectMethodHandle$Holder.newInvokeSpecial(java.lang.Object, java.lang.Object, int, java.lang.Object, int)'> (0x000000071479a928) 
thrown [s\src\hotspot\share\interpreter\linkResolver.cpp, line 759]
Event: 14.704 Thread 0x000002b6ffc4ceb0 Exception <a 'java/lang/NoSuchMethodError'{0x000000071479ea28}: 'java.lang.Object java.lang.invoke.DirectMethodHandle$Holder.invokeSpecial(java.lang.Object, java.lang.Object, java.lang.Object, int, java.lang.Object, int)'> (0x000000071479ea28) 
thrown [s\src\hotspot\share\interpreter\linkResolver.cpp, line 759]
Event: 24.999 Thread 0x000002b6a7042550 Exception <a 'java/lang/NoSuchMethodError'{0x000000070afe4138}: 'java.lang.Object java.lang.invoke.DirectMethodHandle$Holder.invokeSpecial(java.lang.Object, java.lang.Object, java.lang.Object, java.lang.Object, java.lang.Object, long)'> (0x000000070afe4138) 
thrown [s\src\hotspot\share\interpreter\linkResolver.cpp, line 759]
Event: 24.999 Thread 0x000002b6a7042550 Exception <a 'java/lang/NoSuchMethodError'{0x000000070afe7b78}: 'java.lang.Object java.lang.invoke.Invokers$Holder.linkToTargetMethod(java.lang.Object, java.lang.Object, java.lang.Object, long, java.lang.Object)'> (0x000000070afe7b78) 
thrown [s\src\hotspot\share\interpreter\linkResolver.cpp, line 759]
Event: 25.051 Thread 0x000002b6a7042550 Exception <a 'java/lang/NoSuchMethodError'{0x000000070951d3e0}: getSession> (0x000000070951d3e0) 
thrown [s\src\hotspot\share\prims\jni.cpp, line 1073]
Event: 25.532 Thread 0x000002b6ab8efab0 Implicit null exception at 0x000002b68d625857 to 0x000002b68d625e44
Event: 25.532 Thread 0x000002b6ab8efab0 Implicit null exception at 0x000002b68d6265d7 to 0x000002b68d626b98
Event: 26.864 Thread 0x000002b6ab8efab0 Exception <a 'java/lang/NullPointerException'{0x0000000708bcb280}> (0x0000000708bcb280) 
thrown [s\src\hotspot\share\interpreter\linkResolver.cpp, line 1350]
Event: 26.878 Thread 0x000002b6ab8efab0 Exception <a 'java/lang/AbstractMethodError'{0x0000000708811560}: Receiver class <unknown> does not define or inherit an implementation of the resolved method 'java.security.Principal getUserPrincipal()' of class org.springframework.security.web.servletapi.SecurityContextHolderAwareRequestWrapper.> (0x0000000708811560) 
thrown [s\src\hotspot\share\interpreter\linkResolver.cpp, line 1855]
Event: 26.960 Thread 0x000002b6ab8ea4a0 Exception <a 'java/lang/NoSuchMethodError'{0x0000000708894a98}: 'java.lang.Object java.lang.invoke.DirectMethodHandle$Holder.invokeStatic(java.lang.Object, int, int)'> (0x0000000708894a98) 
thrown [s\src\hotspot\share\interpreter\linkResolver.cpp, line 759]
Event: 26.960 Thread 0x000002b6ab8ebdf0 Exception <a 'java/lang/NoSuchMethodError'{0x000000070889c950}: 'java.lang.Object java.lang.invoke.DirectMethodHandle$Holder.invokeStatic(java.lang.Object, int, int)'> (0x000000070889c950) 
thrown [s\src\hotspot\share\interpreter\linkResolver.cpp, line 759]
Event: 31.913 Thread 0x000002b6ab8edc50 Exception <a 'java/lang/NoSuchMethodError'{0x000000071469bf60}: 'void java.lang.invoke.DirectMethodHandle$Holder.invokeSpecialIFC(java.lang.Object, java.lang.Object, int, java.lang.Object, java.lang.Object, java.lang.Object, java.lang.Object)'> (0x000000071469bf60) 
thrown [s\src\hotspot\share\interpreter\linkResolver.cpp, line 759]
Event: 32.293 Thread 0x000002b6ab8ec300 Exception <a 'java/lang/ClassNotFoundException'{0x000000070af22828}: org/apache/taglibs/standard/tag/rt/core/IfTagBeanInfo> (0x000000070af22828) 
thrown [s\src\hotspot\share\classfile\systemDictionary.cpp, line 256]
Event: 32.296 Thread 0x000002b6ab8ec300 Exception <a 'java/lang/ClassNotFoundException'{0x000000070af2ac58}: jakarta/servlet/jsp/jstl/core/ConditionalTagSupportBeanInfo> (0x000000070af2ac58) 
thrown [s\src\hotspot\share\classfile\systemDictionary.cpp, line 256]
Event: 32.297 Thread 0x000002b6ab8ec300 Exception <a 'java/lang/ClassNotFoundException'{0x000000070af32a20}: jakarta/servlet/jsp/tagext/TagSupportBeanInfo> (0x000000070af32a20) 
thrown [s\src\hotspot\share\classfile\systemDictionary.cpp, line 256]
Event: 32.299 Thread 0x000002b6ab8ec300 Exception <a 'java/lang/ClassNotFoundException'{0x000000070af375a8}: java/lang/ObjectBeanInfo> (0x000000070af375a8) 
thrown [s\src\hotspot\share\classfile\systemDictionary.cpp, line 256]
Event: 32.301 Thread 0x000002b6ab8ec300 Exception <a 'java/lang/ClassNotFoundException'{0x000000070af3c828}: java/lang/ObjectCustomizer> (0x000000070af3c828) 
thrown [s\src\hotspot\share\classfile\systemDictionary.cpp, line 256]
Event: 32.307 Thread 0x000002b6ab8ec300 Exception <a 'java/lang/ClassNotFoundException'{0x000000070af4c240}: jakarta/servlet/jsp/tagext/TagSupportCustomizer> (0x000000070af4c240) 
thrown [s\src\hotspot\share\classfile\systemDictionary.cpp, line 256]
Event: 32.311 Thread 0x000002b6ab8ec300 Exception <a 'java/lang/ClassNotFoundException'{0x000000070af60450}: jakarta/servlet/jsp/jstl/core/ConditionalTagSupportCustomizer> (0x000000070af60450) 
thrown [s\src\hotspot\share\classfile\systemDictionary.cpp, line 256]
Event: 32.314 Thread 0x000002b6ab8ec300 Exception <a 'java/lang/ClassNotFoundException'{0x000000070af6e558}: org/apache/taglibs/standard/tag/rt/core/IfTagCustomizer> (0x000000070af6e558) 
thrown [s\src\hotspot\share\classfile\systemDictionary.cpp, line 256]

VM Operations (20 events):
Event: 26.875 Executing VM operation: HandshakeAllThreads
Event: 26.875 Executing VM operation: HandshakeAllThreads done
Event: 26.876 Executing VM operation: HandshakeAllThreads
Event: 26.876 Executing VM operation: HandshakeAllThreads done
Event: 26.877 Executing VM operation: get/set locals
Event: 26.877 Executing VM operation: get/set locals done
Event: 26.877 Executing VM operation: get/set locals
Event: 26.878 Executing VM operation: get/set locals done
Event: 27.880 Executing VM operation: Cleanup
Event: 27.880 Executing VM operation: Cleanup done
Event: 31.754 Executing VM operation: HandshakeAllThreads
Event: 31.754 Executing VM operation: HandshakeAllThreads done
Event: 31.754 Executing VM operation: Cleanup
Event: 31.754 Executing VM operation: Cleanup done
Event: 31.882 Executing VM operation: G1CollectForAllocation
Event: 31.888 Executing VM operation: G1CollectForAllocation done
Event: 32.640 Executing VM operation: get/set locals
Event: 32.641 Executing VM operation: get/set locals done
Event: 32.641 Executing VM operation: get/set locals
Event: 32.641 Executing VM operation: get/set locals done

Events (20 events):
Event: 32.303 loading class com/sun/beans/introspect/MethodInfo
Event: 32.303 loading class com/sun/beans/introspect/MethodInfo done
Event: 32.303 loading class com/sun/beans/introspect/MethodInfo$MethodOrder
Event: 32.303 loading class com/sun/beans/introspect/MethodInfo$MethodOrder done
Event: 32.303 loading class java/beans/MethodDescriptor
Event: 32.304 loading class java/beans/MethodDescriptor done
Event: 32.304 loading class com/sun/beans/introspect/EventSetInfo
Event: 32.304 loading class com/sun/beans/introspect/EventSetInfo done
Event: 32.304 loading class com/sun/beans/introspect/PropertyInfo
Event: 32.305 loading class com/sun/beans/introspect/PropertyInfo done
Event: 32.305 loading class java/beans/BeanProperty
Event: 32.305 loading class java/beans/BeanProperty done
Event: 32.305 loading class com/sun/beans/introspect/PropertyInfo$Name
Event: 32.305 loading class com/sun/beans/introspect/PropertyInfo$Name done
Event: 32.305 loading class java/beans/IndexedPropertyDescriptor
Event: 32.305 loading class java/beans/IndexedPropertyDescriptor done
Event: 32.305 loading class java/beans/GenericBeanInfo
Event: 32.306 loading class java/beans/GenericBeanInfo done
Event: 32.308 loading class java/util/Hashtable$EntrySet
Event: 32.308 loading class java/util/Hashtable$EntrySet done


Dynamic libraries:
0x00007ff6ee300000 - 0x00007ff6ee30e000 	C:\Users\JPiccione\.p2\pool\plugins\org.eclipse.justj.openjdk.hotspot.jre.full.win32.x86_64_17.0.8.v20230831-1047\jre\bin\javaw.exe
0x000002b680140000 - 0x000002b680337000 	C:\windows\SYSTEM32\ntd1l.dll
0x000002b680340000 - 0x000002b6803fd000 	C:\windows\System32\kern3l32.dll
0x00007ffc02f70000 - 0x00007ffc03167000 	C:\windows\SYSTEM32\ntdll.dll
0x00007ffc01f90000 - 0x00007ffc0204d000 	C:\windows\System32\KERNEL32.DLL
0x00007ffc00650000 - 0x00007ffc00946000 	C:\windows\System32\KERNELBASE.dll
0x00007ffc000c0000 - 0x00007ffc003d3000 	C:\Program Files\SentinelOne\Sentinel Agent 23.1.4.650\InProcessClient64.dll
0x00007ffc01930000 - 0x00007ffc019de000 	C:\windows\System32\ADVAPI32.dll
0x00007ffc01dd0000 - 0x00007ffc01e6e000 	C:\windows\System32\msvcrt.dll
0x00007ffc02d90000 - 0x00007ffc02e2c000 	C:\windows\System32\sechost.dll
0x00007ffc02a60000 - 0x00007ffc02b86000 	C:\windows\System32\RPCRT4.dll
0x00007ffc00cd0000 - 0x00007ffc00dd0000 	C:\windows\System32\ucrtbase.dll
0x00007ffbf8ee0000 - 0x00007ffbf8ef7000 	C:\Users\JPiccione\.p2\pool\plugins\org.eclipse.justj.openjdk.hotspot.jre.full.win32.x86_64_17.0.8.v20230831-1047\jre\bin\jli.dll
0x00007ffc02bf0000 - 0x00007ffc02d8e000 	C:\windows\System32\USER32.dll
0x00007ffc00950000 - 0x00007ffc00972000 	C:\windows\System32\win32u.dll
0x00007ffc01da0000 - 0x00007ffc01dcc000 	C:\windows\System32\GDI32.dll
0x00007ffc00b10000 - 0x00007ffc00c2a000 	C:\windows\System32\gdi32full.dll
0x00007ffc00c30000 - 0x00007ffc00ccd000 	C:\windows\System32\msvcp_win.dll
0x00007ffbf7410000 - 0x00007ffbf7429000 	C:\Users\JPiccione\.p2\pool\plugins\org.eclipse.justj.openjdk.hotspot.jre.full.win32.x86_64_17.0.8.v20230831-1047\jre\bin\VCRUNTIME140.dll
0x00007ffbd7fe0000 - 0x00007ffbd827a000 	C:\windows\WinSxS\amd64_microsoft.windows.common-controls_6595b64144ccf1df_6.0.19041.3570_none_60bb2a3971f3e41a\COMCTL32.dll
0x00007ffc000b0000 - 0x00007ffc000ba000 	C:\windows\SYSTEM32\VERSION.dll
0x00007ffc000a0000 - 0x00007ffc000ab000 	C:\windows\SYSTEM32\FLTLIB.DLL
0x00007ffc01f60000 - 0x00007ffc01f90000 	C:\windows\System32\IMM32.DLL
0x00007ffbfbc30000 - 0x00007ffbfbc3c000 	C:\Users\JPiccione\.p2\pool\plugins\org.eclipse.justj.openjdk.hotspot.jre.full.win32.x86_64_17.0.8.v20230831-1047\jre\bin\vcruntime140_1.dll
0x00007ffbda100000 - 0x00007ffbda191000 	C:\Users\JPiccione\.p2\pool\plugins\org.eclipse.justj.openjdk.hotspot.jre.full.win32.x86_64_17.0.8.v20230831-1047\jre\bin\msvcp140.dll
0x00007ffb7d670000 - 0x00007ffb7e2bc000 	C:\Users\JPiccione\.p2\pool\plugins\org.eclipse.justj.openjdk.hotspot.jre.full.win32.x86_64_17.0.8.v20230831-1047\jre\bin\server\jvm.dll
0x00007ffbff870000 - 0x00007ffbff8bb000 	C:\windows\SYSTEM32\POWRPROF.dll
0x00007ffbf8ea0000 - 0x00007ffbf8ea9000 	C:\windows\SYSTEM32\WSOCK32.dll
0x00007ffc02e30000 - 0x00007ffc02e9b000 	C:\windows\System32\WS2_32.dll
0x00007ffbe58a0000 - 0x00007ffbe58c7000 	C:\windows\SYSTEM32\WINMM.dll
0x00007ffbff730000 - 0x00007ffbff742000 	C:\windows\SYSTEM32\UMPDC.dll
0x00007ffbfdf30000 - 0x00007ffbfdf42000 	C:\windows\SYSTEM32\kernel.appcore.dll
0x00007ffbf0410000 - 0x00007ffbf041a000 	C:\Users\JPiccione\.p2\pool\plugins\org.eclipse.justj.openjdk.hotspot.jre.full.win32.x86_64_17.0.8.v20230831-1047\jre\bin\jimage.dll
0x00007ffbf0ca0000 - 0x00007ffbf0e84000 	C:\windows\SYSTEM32\DBGHELP.DLL
0x00007ffbf10a0000 - 0x00007ffbf10d4000 	C:\windows\SYSTEM32\dbgcore.DLL
0x00007ffc00a30000 - 0x00007ffc00ab2000 	C:\windows\System32\bcryptPrimitives.dll
0x00007ffbb64c0000 - 0x00007ffbb653b000 	C:\Program Files\SentinelOne\Sentinel Agent 23.1.4.650\SentinelJava64.dll
0x00007ffc02460000 - 0x00007ffc0258b000 	C:\windows\System32\ole32.dll
0x00007ffc01a40000 - 0x00007ffc01d94000 	C:\windows\System32\combase.dll
0x00007ffbdf240000 - 0x00007ffbdf265000 	C:\Users\JPiccione\.p2\pool\plugins\org.eclipse.justj.openjdk.hotspot.jre.full.win32.x86_64_17.0.8.v20230831-1047\jre\bin\java.dll
0x00007ffbdf040000 - 0x00007ffbdf058000 	C:\Users\JPiccione\.p2\pool\plugins\org.eclipse.justj.openjdk.hotspot.jre.full.win32.x86_64_17.0.8.v20230831-1047\jre\bin\zip.dll
0x00007ffc00fd0000 - 0x00007ffc01714000 	C:\windows\System32\SHELL32.dll
0x00007ffbfe0c0000 - 0x00007ffbfe85b000 	C:\windows\SYSTEM32\windows.storage.dll
0x00007ffbffd50000 - 0x00007ffbffd7d000 	C:\windows\SYSTEM32\Wldp.dll
0x00007ffc022f0000 - 0x00007ffc0239d000 	C:\windows\System32\SHCORE.dll
0x00007ffc01720000 - 0x00007ffc01775000 	C:\windows\System32\shlwapi.dll
0x00007ffc00580000 - 0x00007ffc005a5000 	C:\windows\SYSTEM32\profapi.dll
0x00007ffbdf130000 - 0x00007ffbdf149000 	C:\Users\JPiccione\.p2\pool\plugins\org.eclipse.justj.openjdk.hotspot.jre.full.win32.x86_64_17.0.8.v20230831-1047\jre\bin\net.dll
0x00007ffbff2d0000 - 0x00007ffbff3da000 	C:\windows\SYSTEM32\WINHTTP.dll
0x00007ffbffab0000 - 0x00007ffbffb1a000 	C:\windows\system32\mswsock.dll
0x00007ffbdf070000 - 0x00007ffbdf085000 	C:\Users\JPiccione\.p2\pool\plugins\org.eclipse.justj.openjdk.hotspot.jre.full.win32.x86_64_17.0.8.v20230831-1047\jre\bin\nio.dll
0x00007ffbffca0000 - 0x00007ffbffcb8000 	C:\windows\SYSTEM32\CRYPTSP.dll
0x00007ffbff240000 - 0x00007ffbff274000 	C:\windows\system32\rsaenh.dll
0x00007ffc00e40000 - 0x00007ffc00e67000 	C:\windows\System32\bcrypt.dll
0x00007ffc00500000 - 0x00007ffc0052e000 	C:\windows\SYSTEM32\USERENV.dll
0x00007ffbffcc0000 - 0x00007ffbffccc000 	C:\windows\SYSTEM32\CRYPTBASE.dll
0x00007ffbff750000 - 0x00007ffbff78b000 	C:\windows\SYSTEM32\IPHLPAPI.DLL
0x00007ffc01e70000 - 0x00007ffc01e78000 	C:\windows\System32\NSI.dll
0x00007ffbf9760000 - 0x00007ffbf9777000 	C:\windows\SYSTEM32\dhcpcsvc6.DLL
0x00007ffbf9590000 - 0x00007ffbf95ad000 	C:\windows\SYSTEM32\dhcpcsvc.DLL
0x00007ffbff7a0000 - 0x00007ffbff86a000 	C:\windows\SYSTEM32\DNSAPI.dll
0x00007ffbe2950000 - 0x00007ffbe295e000 	C:\Users\JPiccione\.p2\pool\plugins\org.eclipse.justj.openjdk.hotspot.jre.full.win32.x86_64_17.0.8.v20230831-1047\jre\bin\sunmscapi.dll
0x00007ffc00e70000 - 0x00007ffc00fcd000 	C:\windows\System32\CRYPT32.dll
0x00007ffbffdc0000 - 0x00007ffbffde7000 	C:\windows\SYSTEM32\ncrypt.dll
0x00007ffbffd80000 - 0x00007ffbffdbb000 	C:\windows\SYSTEM32\NTASN1.dll
0x00007ffbefe60000 - 0x00007ffbefe69000 	C:\Users\JPiccione\.p2\pool\plugins\org.eclipse.justj.openjdk.hotspot.jre.full.win32.x86_64_17.0.8.v20230831-1047\jre\bin\management.dll
0x00007ffbe29e0000 - 0x00007ffbe29eb000 	C:\Users\JPiccione\.p2\pool\plugins\org.eclipse.justj.openjdk.hotspot.jre.full.win32.x86_64_17.0.8.v20230831-1047\jre\bin\management_ext.dll
0x00007ffc02450000 - 0x00007ffc02458000 	C:\windows\System32\PSAPI.DLL
0x00007ffbec5b0000 - 0x00007ffbec5c0000 	C:\Users\JPiccione\.p2\pool\plugins\org.eclipse.justj.openjdk.hotspot.jre.full.win32.x86_64_17.0.8.v20230831-1047\jre\bin\verify.dll
0x00007ffbf0bf0000 - 0x00007ffbf0bfa000 	C:\Windows\System32\rasadhlp.dll
0x00007ffbf9b00000 - 0x00007ffbf9b82000 	C:\windows\System32\fwpuclnt.dll
0x00007ffbe0900000 - 0x00007ffbe0917000 	C:\windows\system32\napinsp.dll
0x00007ffbe0a40000 - 0x00007ffbe0a5b000 	C:\windows\system32\pnrpnsp.dll
0x00007ffbf9b90000 - 0x00007ffbf9ba5000 	C:\windows\system32\wshbth.dll
0x00007ffbfb650000 - 0x00007ffbfb66d000 	C:\windows\system32\NLAapi.dll
0x00007ffbe0a60000 - 0x00007ffbe0a72000 	C:\windows\System32\winrnr.dll
0x00007ffbe1ff0000 - 0x00007ffbe1ff7000 	C:\windows\system32\wshunix.dll

dbghelp: loaded successfully - version: 4.0.5 - missing functions: none
symbol engine: initialized successfully - sym options: 0x614 - pdb path: .;C:\Users\JPiccione\.p2\pool\plugins\org.eclipse.justj.openjdk.hotspot.jre.full.win32.x86_64_17.0.8.v20230831-1047\jre\bin;C:\windows\SYSTEM32;C:\Program Files\SentinelOne\Sentinel Agent 23.1.4.650;C:\windows\WinSxS\amd64_microsoft.windows.common-controls_6595b64144ccf1df_6.0.19041.3570_none_60bb2a3971f3e41a;C:\Users\JPiccione\.p2\pool\plugins\org.eclipse.justj.openjdk.hotspot.jre.full.win32.x86_64_17.0.8.v20230831-1047\jre\bin\server

VM Arguments:
jvm_args: -Dfile.encoding=UTF-8 -XX:+ShowCodeDetailsInExceptionMessages -agentpath:C:\Program Files\SentinelOne\Sentinel Agent 23.1.4.650\SentinelJava64.dll 
java_command: com.spencer.ItemApp.ItemAppApplication
java_class_path (initial): C:\Users\JPiccione\OneDrive - Spencer Gifts LLC\Documents\ItemApp\target\classes;C:\Users\JPiccione\.m2\repository\org\springframework\boot\spring-boot-starter-data-jpa\3.1.4\spring-boot-starter-data-jpa-3.1.4.jar;C:\Users\JPiccione\.m2\repository\org\springframework\boot\spring-boot-starter-aop\3.1.4\spring-boot-starter-aop-3.1.4.jar;C:\Users\JPiccione\.m2\repository\org\aspectj\aspectjweaver\1.9.20\aspectjweaver-1.9.20.jar;C:\Users\JPiccione\.m2\repository\org\springframework\boot\spring-boot-starter-jdbc\3.1.4\spring-boot-starter-jdbc-3.1.4.jar;C:\Users\JPiccione\.m2\repository\com\zaxxer\HikariCP\5.0.1\HikariCP-5.0.1.jar;C:\Users\JPiccione\.m2\repository\org\springframework\spring-jdbc\6.0.12\spring-jdbc-6.0.12.jar;C:\Users\JPiccione\.m2\repository\org\hibernate\orm\hibernate-core\6.2.9.Final\hibernate-core-6.2.9.Final.jar;C:\Users\JPiccione\.m2\repository\jakarta\persistence\jakarta.persistence-api\3.1.0\jakarta.persistence-api-3.1.0.jar;C:\Users\JPiccione\.m2\repository\jakarta\transaction\jakarta.transaction-api\2.0.1\jakarta.transaction-api-2.0.1.jar;C:\Users\JPiccione\.m2\repository\org\jboss\logging\jboss-logging\3.5.3.Final\jboss-logging-3.5.3.Final.jar;C:\Users\JPiccione\.m2\repository\org\hibernate\common\hibernate-commons-annotations\6.0.6.Final\hibernate-commons-annotations-6.0.6.Final.jar;C:\Users\JPiccione\.m2\repository\io\smallrye\jandex\3.0.5\jandex-3.0.5.jar;C:\Users\JPiccione\.m2\repository\com\fasterxml\classmate\1.5.1\classmate-1.5.1.jar;C:\Users\JPiccione\.m2\repository\net\bytebuddy\byte-buddy\1.14.8\byte-buddy-1.14.8.jar;C:\Users\JPiccione\.m2\repository\org\glassfish\jaxb\jaxb-runtime\4.0.3\jaxb-runtime-4.0.3.jar;C:\Users\JPiccione\.m2\repository\org\glassfish\jaxb\jaxb-core\4.0.3\jaxb-core-4.0.3.jar;C:\Users\JPiccione\.m2\repository\org\eclipse\angus\angus-activation\2.0.1\angus-activation-2.0.1.jar;C:\Users\JPiccione\.m2\repository\org\glassfish\jaxb\txw2\4.0.3\txw2-4.0.3.jar;C:\Users\JPiccione\.m2\repositor
Launcher Type: SUN_STANDARD

[Global flags]
     intx CICompilerCount                          = 3                                         {product} {ergonomic}
     uint ConcGCThreads                            = 1                                         {product} {ergonomic}
     uint G1ConcRefinementThreads                  = 4                                         {product} {ergonomic}
   size_t G1HeapRegionSize                         = 2097152                                   {product} {ergonomic}
    uintx GCDrainStackTargetSize                   = 64                                        {product} {ergonomic}
   size_t InitialHeapSize                          = 264241152                                 {product} {ergonomic}
   size_t MarkStackSize                            = 4194304                                   {product} {ergonomic}
   size_t MaxHeapSize                              = 4215275520                                {product} {ergonomic}
   size_t MaxNewSize                               = 2529165312                                {product} {ergonomic}
   size_t MinHeapDeltaBytes                        = 2097152                                   {product} {ergonomic}
   size_t MinHeapSize                              = 8388608                                   {product} {ergonomic}
    uintx NonNMethodCodeHeapSize                   = 5832780                                {pd product} {ergonomic}
    uintx NonProfiledCodeHeapSize                  = 122912730                              {pd product} {ergonomic}
    uintx ProfiledCodeHeapSize                     = 122912730                              {pd product} {ergonomic}
    uintx ReservedCodeCacheSize                    = 251658240                              {pd product} {ergonomic}
     bool SegmentedCodeCache                       = true                                      {product} {ergonomic}
     bool ShowCodeDetailsInExceptionMessages       = true                                   {manageable} {command line}
   size_t SoftMaxHeapSize                          = 4215275520                             {manageable} {ergonomic}
     bool UseCompressedClassPointers               = true                           {product lp64_product} {ergonomic}
     bool UseCompressedOops                        = true                           {product lp64_product} {ergonomic}
     bool UseG1GC                                  = true                                      {product} {ergonomic}
     bool UseLargePagesIndividualAllocation        = false                                  {pd product} {ergonomic}

Logging:
Log output configuration:
 #0: stdout all=warning uptime,level,tags
 #1: stderr all=off uptime,level,tags

Environment Variables:
PATH=C:/Users/JPiccione/.p2/pool/plugins/org.eclipse.justj.openjdk.hotspot.jre.full.win32.x86_64_17.0.8.v20230831-1047/jre/bin/server;C:/Users/JPiccione/.p2/pool/plugins/org.eclipse.justj.openjdk.hotspot.jre.full.win32.x86_64_17.0.8.v20230831-1047/jre/bin;C:\Program Files\Common Files\Oracle\Java\javapath;C:\Program Files (x86)\Common Files\Oracle\Java\javapath;C:\Program Files\Microsoft\jdk-11.0.16.101-hotspot\bin;C:\Program Files (x86)\Business Objects\Common\3.5\bin\NOTES\;C:\Program Files (x86)\Business Objects\Common\3.5\bin\NOTES\DATA\;C:\windows\system32;C:\windows;C:\windows\System32\Wbem;C:\windows\System32\WindowsPowerShell\v1.0\;C:\windows\System32\OpenSSH\;C:\Program Files (x86)\IBM\Client Access\Emulator;C:\Program Files (x86)\IBM\Client Access\Shared;C:\Program Files (x86)\IBM\Client Access\;C:\Program Files (x86)\HEAT\;C:\Program Files (x86)\Microsoft SQL Server\160\DTS\Binn\;C:\Program Files\Azure Data Studio\bin;C:\Program Files\PuTTY\;C:\Program Files\Git\cmd;C:\Program Files\Microsoft SQL Server\150\Tools\Binn\;C:\Program Files\Microsoft SQL Server\Client SDK\ODBC\170\Tools\Binn\;C:\Program Files\dotnet\;C:\Program Files (x86)\Windows Kits\10\Windows Performance Toolkit\;c:\Program Files (x86)\Microsoft SQL Server\110\Tools\Binn\;c:\Program Files\Microsoft SQL Server\110\Tools\Binn\;c:\Program Files\Microsoft SQL Server\110\DTS\Binn\;C:\Program Files (x86)\Microsoft SQL Server\150\Tools\Binn\;C:\Program Files\Microsoft SQL Server\150\DTS\Binn\;C:\Users\JPiccione\AppData\Local\Microsoft\WindowsApps;C:\Program Files\Azure Data Studio\bin;C:\Users\JPiccione\.dotnet\tools;C:\Users\JPiccione\AppData\Local\Programs\Azure Data Studio\bin;C:\Program Files\JetBrains\IntelliJ IDEA 2023.2\bin;;C:\Users\JPiccione\AppData\Local\GitHubDesktop\bin;C:\windows\system32;
USERNAME=JPiccione
OS=Windows_NT
PROCESSOR_IDENTIFIER=Intel64 Family 6 Model 61 Stepping 4, GenuineIntel
TMP=C:\Users\JPICCI~1\AppData\Local\Temp
TEMP=C:\Users\JPICCI~1\AppData\Local\Temp



---------------  S Y S T E M  ---------------

OS:
 Windows 10 , 64 bit Build 19041 (10.0.19041.3570)
OS uptime: 7 days 6:17 hours

CPU: total 4 (initial active 4) (2 cores per cpu, 2 threads per core) family 6 model 61 stepping 4 microcode 0x2d, cx8, cmov, fxsr, ht, mmx, 3dnowpref, sse, sse2, sse3, ssse3, sse4.1, sse4.2, popcnt, lzcnt, tsc, tscinvbit, avx, avx2, aes, erms, clmul, bmi1, bmi2, rtm, adx, fma, vzeroupper, clflush
Processor Information for all 4 processors :
  Max Mhz: 2594, Current Mhz: 2594, Mhz Limit: 2594

Memory: 4k page, system-wide physical 16079M (5951M free)
TotalPageFile size 18511M (AvailPageFile size 5338M)
current process WorkingSet (physical memory assigned to process): 317M, peak: 330M
current process commit charge ("private bytes"): 334M, peak: 375M

vm_info: OpenJDK 64-Bit Server VM (17.0.8.1+1) for windows-amd64 JRE (17.0.8.1+1), built on Aug 23 2023 15:29:17 by "admin" with MS VC++ 16.7 (VS2019)

END.
