#
# A fatal error has been detected by the Java Runtime Environment:
#
#  EXCEPTION_ACCESS_VIOLATION (0xc0000005) at pc=0x0000024512923236, pid=20728, tid=4532
#
# JRE version: OpenJDK Runtime Environment Temurin-17.0.8.1+1 (17.0.8.1+1) (build 17.0.8.1+1)
# Java VM: OpenJDK 64-Bit Server VM Temurin-17.0.8.1+1 (17.0.8.1+1, mixed mode, tiered, compressed oops, compressed class ptrs, g1 gc, windows-amd64)
# Problematic frame:
# J 6210 c1 jakarta.servlet.http.HttpServletRequestWrapper._getHttpServletRequest()Ljakarta/servlet/http/HttpServletRequest; (8 bytes) @ 0x0000024512923236 [0x00000245129231a0+0x0000000000000096]
#
# No core dump will be written. Minidumps are not enabled by default on client versions of Windows
#
# If you would like to submit a bug report, please visit:
#   https://github.com/adoptium/adoptium-support/issues
#

---------------  S U M M A R Y ------------

Command Line: -Dfile.encoding=UTF-8 -XX:+ShowCodeDetailsInExceptionMessages -agentpath:C:\Program Files\SentinelOne\Sentinel Agent 23.1.4.650\SentinelJava64.dll com.spencer.ItemApp.ItemAppApplication

Host: Intel(R) Core(TM) i7-5600U CPU @ 2.60GHz, 4 cores, 15G,  Windows 10 , 64 bit Build 19041 (10.0.19041.3570)
Time: Tue Nov 21 15:46:43 2023 Eastern Standard Time elapsed time: 20.579907 seconds (0d 0h 0m 20s)

---------------  T H R E A D  ---------------

Current thread (0x0000024534c96480):  JavaThread "http-nio-8080-exec-2" daemon [_thread_in_Java, id=4532, stack(0x000000c38ef00000,0x000000c38f000000)]

Stack: [0x000000c38ef00000,0x000000c38f000000],  sp=0x000000c38eff9800,  free space=998k
Native frames: (J=compiled Java code, j=interpreted, Vv=VM code, C=native code)
C  0x0000024512923236


siginfo: EXCEPTION_ACCESS_VIOLATION (0xc0000005), reading address 0x00000002fae20af0


Register to memory mapping:

RIP=0x0000024512923236 is at entry_point+150 in (nmethod*)0x0000024512923010
RAX=0x00000002fae20ae8 is an unknown value
RBX=0x0000000800387178 is a pointer to class: 
jakarta.servlet.http.HttpServletRequest {0x0000000800387180}
 - instance size:     2
 - klass size:        63
 - access:            public interface abstract 
 - state:             fully_initialized
 - name:              'jakarta/servlet/http/HttpServletRequest'
 - super:             'java/lang/Object'
 - sub:               
 - nof implementors:  2
 - arrays:            NULL
 - methods:           Array<T>(0x000002452fab1420)
 - method ordering:   Array<T>(0x000002452e000018)
 - default_methods:   Array<T>(0x0000000000000000)
 - local interfaces:  Array<T>(0x000002452faad748)
 - trans. interfaces: Array<T>(0x000002452faad748)
 - constants:         constant pool [249] {0x000002452fab0bd0} for 'jakarta/servlet/http/HttpServletRequest' cache=0x0000024531fdae90
 - class loader data:  loader data: 0x000002452d20eba0 for instance a 'jdk/internal/loader/ClassLoaders$AppClassLoader'{0x0000000704f76200}
 - source file:       'HttpServletRequest.java'
 - class annotations:       Array<T>(0x0000000000000000)
 - class type annotations:  Array<T>(0x0000000000000000)
 - field annotations:       Array<T>(0x0000000000000000)
 - field type annotations:  Array<T>(0x0000000000000000)
 - inner classes:     Array<T>(0x000002452faaeed0)
 - nest members:     Array<T>(0x000002452faaeee8)
 - permitted subclasses:     Array<T>(0x000002452e000028)
 - java mirror:       a 'java/lang/Class'{0x00000007050b36f8} = 'jakarta/servlet/http/HttpServletRequest'
 - vtable length      5  (start addr: 0x0000000800387340)
 - itable length      0 (start addr: 0x0000000800387368)
 - ---- static fields (2 words):
 - public static final 'BASIC_AUTH' 'Ljava/lang/String;' @112 
 - public static final 'FORM_AUTH' 'Ljava/lang/String;' @116 
 - public static final 'CLIENT_CERT_AUTH' 'Ljava/lang/String;' @120 
 - public static final 'DIGEST_AUTH' 'Ljava/lang/String;' @124 
 - ---- non-static fields (0 words):
 - non-static oop maps: 
RCX=0x00007ffb7dbce30a jvm.dll
RDX=0x00007ffb7dbce30a jvm.dll
RSP=0x000000c38eff9800 is pointing into the stack for thread: 0x0000024534c96480
RBP=0x000000c38eff98a0 is pointing into the stack for thread: 0x0000024534c96480
RSI=0x000002453c0ca5f8 is pointing into metadata
RDI=0x0000024534c96480 is a thread
R8 =0x000000c38eff9d00 is pointing into the stack for thread: 0x0000024534c96480
R9 =0x0000000000000001 is an unknown value
R10=0x00007ffb7e200ca0 jvm.dll
R11=0x00000245129231c0 is at entry_point+32 in (nmethod*)0x0000024512923010
R12=0x0 is NULL
R13=0x000000c38eff9850 is pointing into the stack for thread: 0x0000024534c96480
R14=0x000000c38eff98b8 is pointing into the stack for thread: 0x0000024534c96480
R15=0x0000024534c96480 is a thread


Registers:
RAX=0x00000002fae20ae8, RBX=0x0000000800387178, RCX=0x00007ffb7dbce30a, RDX=0x00007ffb7dbce30a
RSP=0x000000c38eff9800, RBP=0x000000c38eff98a0, RSI=0x000002453c0ca5f8, RDI=0x0000024534c96480
R8 =0x000000c38eff9d00, R9 =0x0000000000000001, R10=0x00007ffb7e200ca0, R11=0x00000245129231c0
R12=0x0000000000000000, R13=0x000000c38eff9850, R14=0x000000c38eff98b8, R15=0x0000024534c96480
RIP=0x0000024512923236, EFLAGS=0x0000000000010206

Top of Stack: (sp=0x000000c38eff9800)
0x000000c38eff9800:   00000000fa5cd6c8 000000000000000f
0x000000c38eff9810:   000002452abb5aa9 00007ffb7de16d2d
0x000000c38eff9820:   0000000000000000 00007ffb7dcb8fb8
0x000000c38eff9830:   000000c38eff98a0 00000245193d9657
0x000000c38eff9840:   000000c38eff9898 00000245193d9657
0x000000c38eff9850:   00007ffb7dbce30a 000000c38eff9858
0x000000c38eff9860:   0000024531d4ccd9 000000c38eff98b8
0x000000c38eff9870:   000002453c026a08 000002453c7fdf08
0x000000c38eff9880:   000000070562a7a0 0000024531d4cd08
0x000000c38eff9890:   000000c38eff9850 000000c38eff98b0
0x000000c38eff98a0:   000000c38eff9a90 00000245193d1010
0x000000c38eff98b0:   00000007069700e8 00007ffb7dbce30a
0x000000c38eff98c0:   0000024534c96480 0000000000000000
0x000000c38eff98d0:   00000245349a82f0 0000000000000000
0x000000c38eff98e0:   000000c38eff9d01 00007ffb7ddc0600
0x000000c38eff98f0:   0000024534c96480 0000024533bb5bc0 

Instructions: (pc=0x0000024512923236)
0x0000024512923136:   00 00 38 04 00 00 20 00 00 00 42 18 00 00 03 00
0x0000024512923146:   00 00 00 00 00 00 02 00 00 00 00 00 00 00 05 00
0x0000024512923156:   00 00 e0 01 00 00 02 00 00 00 ff ff ff ff ff ff
0x0000024512923166:   ff ff 14 60 18 c0 2b c0 1f c0 16 c0 2f 64 10 c0
0x0000024512923176:   93 c0 21 b0 0e c0 17 64 0e 64 38 f0 05 80 11 64
0x0000024512923186:   29 64 0f 00 00 64 03 f8 f9 7d 18 aa fb 7f 05 70
0x0000024512923196:   0e 60 01 f8 7e ff 0e 90 0c 64 44 8b 52 08 49 bb
0x00000245129231a6:   00 00 00 00 08 00 00 00 4d 03 d3 4c 3b d0 0f 85
0x00000245129231b6:   c6 de af 06 66 0f 1f 44 00 00 89 84 24 00 90 ff
0x00000245129231c6:   ff 55 48 83 ec 30 48 b8 f8 a5 0c 3c 45 02 00 00
0x00000245129231d6:   8b b0 cc 00 00 00 83 c6 02 89 b0 cc 00 00 00 81
0x00000245129231e6:   e6 fe 07 00 00 83 fe 00 0f 84 39 01 00 00 48 8b
0x00000245129231f6:   c2 48 be f8 a5 0c 3c 45 02 00 00 48 83 86 10 01
0x0000024512923206:   00 00 01 8b 42 0c 48 c1 e0 03 48 83 f8 00 75 16
0x0000024512923216:   48 bf f8 a5 0c 3c 45 02 00 00 80 8f 19 01 00 00
0x0000024512923226:   01 e9 ee 00 00 00 48 bb 78 71 38 00 08 00 00 00
0x0000024512923236:   8b 78 08 49 ba 00 00 00 00 08 00 00 00 49 03 fa
0x0000024512923246:   48 3b 5f 20 0f 84 1b 00 00 00 48 3b fb 0f 84 12
0x0000024512923256:   00 00 00 57 53 e8 20 41 ba 06 5f 5f 83 ff 00 0f
0x0000024512923266:   84 93 00 00 00 48 bf f8 a5 0c 3c 45 02 00 00 8b
0x0000024512923276:   58 08 49 ba 00 00 00 00 08 00 00 00 49 03 da 48
0x0000024512923286:   3b 9f 30 01 00 00 75 0d 48 83 87 38 01 00 00 01
0x0000024512923296:   e9 7f 00 00 00 48 3b 9f 40 01 00 00 75 0d 48 83
0x00000245129232a6:   87 48 01 00 00 01 e9 69 00 00 00 48 81 bf 30 01
0x00000245129232b6:   00 00 00 00 00 00 75 17 48 89 9f 30 01 00 00 48
0x00000245129232c6:   c7 87 38 01 00 00 01 00 00 00 e9 45 00 00 00 48
0x00000245129232d6:   81 bf 40 01 00 00 00 00 00 00 75 17 48 89 9f 40
0x00000245129232e6:   01 00 00 48 c7 87 48 01 00 00 01 00 00 00 e9 21
0x00000245129232f6:   00 00 00 e9 1c 00 00 00 48 bf f8 a5 0c 3c 45 02
0x0000024512923306:   00 00 48 83 af 20 01 00 00 01 e9 39 00 00 00 e9
0x0000024512923316:   00 00 00 00 48 83 c4 30 5d 49 3b a7 48 03 00 00
0x0000024512923326:   0f 87 2b 00 00 00 c3 49 ba 00 cb d4 31 45 02 00 


Stack slot to memory mapping:
stack at sp + 0 slots: 0x00000000fa5cd6c8 is an unknown value
stack at sp + 1 slots: 0x000000000000000f is an unknown value
stack at sp + 2 slots: 0x000002452abb5aa9 points into unknown readable memory: 6a 61 76 61 2f 6e 69
stack at sp + 3 slots: 0x00007ffb7de16d2d jvm.dll
stack at sp + 4 slots: 0x0 is NULL
stack at sp + 5 slots: 0x00007ffb7dcb8fb8 jvm.dll
stack at sp + 6 slots: 0x000000c38eff98a0 is pointing into the stack for thread: 0x0000024534c96480
stack at sp + 7 slots: 0x00000245193d9657 is at code_begin+1463 in an Interpreter codelet
return entry points  [0x00000245193d90a0, 0x00000245193d9ba0]  2816 bytes

--------------------------------------------------------------------------------
[Constant Pool (empty)]

--------------------------------------------------------------------------------

[MachCode]
  0x00000245129231a0: 448b 5208 | 49bb 0000 | 0000 0800 | 0000 4d03 | d34c 3bd0 | 0f85 c6de | af06 660f | 1f44 0000 
  0x00000245129231c0: 8984 2400 | 90ff ff55 | 4883 ec30 | 48b8 f8a5 | 0c3c 4502 | 0000 8bb0 | cc00 0000 | 83c6 0289 
  0x00000245129231e0: b0cc 0000 | 0081 e6fe | 0700 0083 | fe00 0f84 | 3901 0000 | 488b c248 | bef8 a50c | 3c45 0200 
  0x0000024512923200: 0048 8386 | 1001 0000 | 018b 420c | 48c1 e003 | 4883 f800 | 7516 48bf | f8a5 0c3c | 4502 0000 
  0x0000024512923220: 808f 1901 | 0000 01e9 | ee00 0000 | 48bb 7871 | 3800 0800 | 0000 8b78 | 0849 ba00 | 0000 0008 
  0x0000024512923240: 0000 0049 | 03fa 483b | 5f20 0f84 | 1b00 0000 | 483b fb0f | 8412 0000 | 0057 53e8 | 2041 ba06 
  0x0000024512923260: 5f5f 83ff | 000f 8493 | 0000 0048 | bff8 a50c | 3c45 0200 | 008b 5808 | 49ba 0000 | 0000 0800 
  0x0000024512923280: 0000 4903 | da48 3b9f | 3001 0000 | 750d 4883 | 8738 0100 | 0001 e97f | 0000 0048 | 3b9f 4001 
  0x00000245129232a0: 0000 750d | 4883 8748 | 0100 0001 | e969 0000 | 0048 81bf | 3001 0000 | 0000 0000 | 7517 4889 
  0x00000245129232c0: 9f30 0100 | 0048 c787 | 3801 0000 | 0100 0000 | e945 0000 | 0048 81bf | 4001 0000 | 0000 0000 
  0x00000245129232e0: 7517 4889 | 9f40 0100 | 0048 c787 | 4801 0000 | 0100 0000 | e921 0000 | 00e9 1c00 | 0000 48bf 
  0x0000024512923300: f8a5 0c3c | 4502 0000 | 4883 af20 | 0100 0001 | e939 0000 | 00e9 0000 | 0000 4883 | c430 5d49 
  0x0000024512923320: 3ba7 4803 | 0000 0f87 | 2b00 0000 | c349 ba00 | cbd4 3145 | 0200 004c | 8954 2408 | 48c7 0424 
  0x0000024512923340: ffff ffff | e837 67ba | 06e9 a6fe | ffff 4889 | 0424 e849 | 3aba 0649 | ba1f 3392 | 1245 0200 
  0x0000024512923360: 004d 8997 | 6003 0000 | e993 46b0 | 0690 9049 | 8b87 d803 | 0000 49c7 | 87d8 0300 | 0000 0000 
  0x0000024512923380: 0049 c787 | e003 0000 | 0000 0000 | 4883 c430 | 5de9 6a36 | b106 f4f4 | f4f4 f4f4 | f4f4 f4f4 
  0x00000245129233a0: e8db 33ba | 0648 b918 | aaf9 7dfb | 7f00 0048 | 83e4 f049 | ba80 efc1 | 7dfb 7f00 | 0041 ffd2 
  0x00000245129233c0: f449 bac1 | 3392 1245 | 0200 0041 | 52e9 ce38 | b006 f4f4 | f4f4 f4f4 
[/MachCode]
--------------------------------------------------------------------------------


---------------  P R O C E S S  ---------------

Threads class SMR info:
_java_thread_list=0x00000245350cb500, length=30, elements={
0x000002452d0ec880, 0x000002452d0fbf10, 0x000002452d100b20, 0x000002452d101d70,
0x000002452d102820, 0x000002452d141720, 0x000002452d164460, 0x000002452d164980,
0x000002452d1cce00, 0x000002452d2e42d0, 0x000002452d2fc1d0, 0x0000024534c96ea0,
0x0000024534c987f0, 0x0000024534c96990, 0x0000024534c978c0, 0x0000024534c95040,
0x0000024534c973b0, 0x0000024534c96480, 0x0000024534c97dd0, 0x0000024534c982e0,
0x000002453953d8b0, 0x000002453953ba50, 0x000002453953f710, 0x000002453953ddc0,
0x000002453953b540, 0x000002453953ecf0, 0x000002453953fc20, 0x000002453953e2d0,
0x000002453953c980, 0x000002453237e650
}

Java Threads: ( => current thread )
  0x000002452d0ec880 JavaThread "Reference Handler" daemon [_thread_blocked, id=13220, stack(0x000000c38d600000,0x000000c38d700000)]
  0x000002452d0fbf10 JavaThread "Finalizer" daemon [_thread_blocked, id=2572, stack(0x000000c38d700000,0x000000c38d800000)]
  0x000002452d100b20 JavaThread "Signal Dispatcher" daemon [_thread_blocked, id=14248, stack(0x000000c38d800000,0x000000c38d900000)]
  0x000002452d101d70 JavaThread "Attach Listener" daemon [_thread_blocked, id=20856, stack(0x000000c38d900000,0x000000c38da00000)]
  0x000002452d102820 JavaThread "Service Thread" daemon [_thread_blocked, id=7316, stack(0x000000c38da00000,0x000000c38db00000)]
  0x000002452d141720 JavaThread "Monitor Deflation Thread" daemon [_thread_blocked, id=17584, stack(0x000000c38db00000,0x000000c38dc00000)]
  0x000002452d164460 JavaThread "C2 CompilerThread0" daemon [_thread_blocked, id=13668, stack(0x000000c38dc00000,0x000000c38dd00000)]
  0x000002452d164980 JavaThread "C1 CompilerThread0" daemon [_thread_blocked, id=19468, stack(0x000000c38dd00000,0x000000c38de00000)]
  0x000002452d1cce00 JavaThread "Sweeper thread" daemon [_thread_blocked, id=7104, stack(0x000000c38de00000,0x000000c38df00000)]
  0x000002452d2e42d0 JavaThread "Notification Thread" daemon [_thread_blocked, id=10812, stack(0x000000c38df00000,0x000000c38e000000)]
  0x000002452d2fc1d0 JavaThread "Common-Cleaner" daemon [_thread_blocked, id=3548, stack(0x000000c38e100000,0x000000c38e200000)]
  0x0000024534c96ea0 JavaThread "Catalina-utility-1" [_thread_blocked, id=16568, stack(0x000000c38e700000,0x000000c38e800000)]
  0x0000024534c987f0 JavaThread "Catalina-utility-2" [_thread_blocked, id=20256, stack(0x000000c38e800000,0x000000c38e900000)]
  0x0000024534c96990 JavaThread "container-0" [_thread_blocked, id=13372, stack(0x000000c38e900000,0x000000c38ea00000)]
  0x0000024534c978c0 JavaThread "mssql-jdbc-shared-timer-core-0" daemon [_thread_blocked, id=18848, stack(0x000000c38eb00000,0x000000c38ec00000)]
  0x0000024534c95040 JavaThread "HikariPool-1 housekeeper" daemon [_thread_blocked, id=15540, stack(0x000000c38ec00000,0x000000c38ed00000)]
  0x0000024534c973b0 JavaThread "http-nio-8080-exec-1" daemon [_thread_blocked, id=464, stack(0x000000c38ee00000,0x000000c38ef00000)]
=>0x0000024534c96480 JavaThread "http-nio-8080-exec-2" daemon [_thread_in_Java, id=4532, stack(0x000000c38ef00000,0x000000c38f000000)]
  0x0000024534c97dd0 JavaThread "http-nio-8080-exec-3" daemon [_thread_blocked, id=18984, stack(0x000000c38f000000,0x000000c38f100000)]
  0x0000024534c982e0 JavaThread "http-nio-8080-exec-4" daemon [_thread_blocked, id=19880, stack(0x000000c38f100000,0x000000c38f200000)]
  0x000002453953d8b0 JavaThread "http-nio-8080-exec-5" daemon [_thread_blocked, id=8808, stack(0x000000c38f200000,0x000000c38f300000)]
  0x000002453953ba50 JavaThread "http-nio-8080-exec-6" daemon [_thread_blocked, id=19084, stack(0x000000c38f300000,0x000000c38f400000)]
  0x000002453953f710 JavaThread "http-nio-8080-exec-7" daemon [_thread_blocked, id=15868, stack(0x000000c38f400000,0x000000c38f500000)]
  0x000002453953ddc0 JavaThread "http-nio-8080-exec-8" daemon [_thread_blocked, id=8552, stack(0x000000c38f500000,0x000000c38f600000)]
  0x000002453953b540 JavaThread "http-nio-8080-exec-9" daemon [_thread_blocked, id=12152, stack(0x000000c38f600000,0x000000c38f700000)]
  0x000002453953ecf0 JavaThread "http-nio-8080-exec-10" daemon [_thread_blocked, id=7032, stack(0x000000c38f700000,0x000000c38f800000)]
  0x000002453953fc20 JavaThread "http-nio-8080-Poller" daemon [_thread_in_native, id=18740, stack(0x000000c38f800000,0x000000c38f900000)]
  0x000002453953e2d0 JavaThread "http-nio-8080-Acceptor" daemon [_thread_in_native, id=10276, stack(0x000000c38f900000,0x000000c38fa00000)]
  0x000002453953c980 JavaThread "DestroyJavaVM" [_thread_blocked, id=18176, stack(0x000000c38cf00000,0x000000c38d000000)]
  0x000002453237e650 JavaThread "C2 CompilerThread1" daemon [_thread_blocked, id=20600, stack(0x000000c38e200000,0x000000c38e300000)]

Other Threads:
  0x000002452d0e8cf0 VMThread "VM Thread" [stack: 0x000000c38d500000,0x000000c38d600000] [id=21236]
  0x000002452d2e67c0 WatcherThread [stack: 0x000000c38e000000,0x000000c38e100000] [id=17864]
  0x000002450d0bd700 GCTaskThread "GC Thread#0" [stack: 0x000000c38d000000,0x000000c38d100000] [id=6252]
  0x000002452d3158a0 GCTaskThread "GC Thread#1" [stack: 0x000000c38e300000,0x000000c38e400000] [id=1772]
  0x000002452d316be0 GCTaskThread "GC Thread#2" [stack: 0x000000c38e400000,0x000000c38e500000] [id=6888]
  0x000002452d315320 GCTaskThread "GC Thread#3" [stack: 0x000000c38e500000,0x000000c38e600000] [id=18752]
  0x000002452aa70200 ConcurrentGCThread "G1 Main Marker" [stack: 0x000000c38d100000,0x000000c38d200000] [id=20028]
  0x000002452aa72c10 ConcurrentGCThread "G1 Conc#0" [stack: 0x000000c38d200000,0x000000c38d300000] [id=17844]
  0x000002452ab175b0 ConcurrentGCThread "G1 Refine#0" [stack: 0x000000c38d300000,0x000000c38d400000] [id=13972]
  0x0000024532ea8900 ConcurrentGCThread "G1 Refine#1" [stack: 0x000000c38e600000,0x000000c38e700000] [id=18040]
  0x000002452ab18770 ConcurrentGCThread "G1 Service" [stack: 0x000000c38d400000,0x000000c38d500000] [id=10696]

Threads with active compile tasks:

VM state: not at safepoint (normal execution)

VM Mutex/Monitor currently owned by a thread: None

Heap address: 0x0000000704c00000, size: 4020 MB, Compressed Oops mode: Zero based, Oop shift amount: 3

CDS archive(s) not mapped
Compressed class space mapped at: 0x0000000800000000-0x0000000840000000, reserved size: 1073741824
Narrow klass base: 0x0000000800000000, Narrow klass shift: 0, Narrow klass range: 0x40000000

GC Precious Log:
 CPUs: 4 total, 4 available
 Memory: 16079M
 Large Page Support: Disabled
 NUMA Support: Disabled
 Compressed Oops: Enabled (Zero based)
 Heap Region Size: 2M
 Heap Min Capacity: 8M
 Heap Initial Capacity: 252M
 Heap Max Capacity: 4020M
 Pre-touch: Disabled
 Parallel Workers: 4
 Concurrent Workers: 1
 Concurrent Refinement Workers: 4
 Periodic GC: Disabled

Heap:
 garbage-first heap   total 75776K, used 33930K [0x0000000704c00000, 0x0000000800000000)
  region size 2048K, 2 young (4096K), 1 survivors (2048K)
 Metaspace       used 83533K, committed 84096K, reserved 1179648K
  class space    used 10316K, committed 10624K, reserved 1048576K

Heap Regions: E=young(eden), S=young(survivor), O=old, HS=humongous(starts), HC=humongous(continues), CS=collection set, F=free, OA=open archive, CA=closed archive, TAMS=top-at-mark-start (previous, next)
|   0|0x0000000704c00000, 0x0000000704e00000, 0x0000000704e00000|100%| O|  |TAMS 0x0000000704e00000, 0x0000000704c00000| Untracked 
|   1|0x0000000704e00000, 0x0000000705000000, 0x0000000705000000|100%| O|  |TAMS 0x0000000705000000, 0x0000000704e00000| Untracked 
|   2|0x0000000705000000, 0x0000000705200000, 0x0000000705200000|100%| O|  |TAMS 0x0000000705200000, 0x0000000705000000| Untracked 
|   3|0x0000000705200000, 0x0000000705400000, 0x0000000705400000|100%| O|  |TAMS 0x0000000705400000, 0x0000000705200000| Untracked 
|   4|0x0000000705400000, 0x0000000705600000, 0x0000000705600000|100%| O|  |TAMS 0x0000000705600000, 0x0000000705400000| Untracked 
|   5|0x0000000705600000, 0x0000000705800000, 0x0000000705800000|100%| O|  |TAMS 0x0000000705600000, 0x0000000705600000| Untracked 
|   6|0x0000000705800000, 0x0000000705a00000, 0x0000000705a00000|100%| O|  |TAMS 0x0000000705a00000, 0x0000000705800000| Untracked 
|   7|0x0000000705a00000, 0x0000000705c00000, 0x0000000705c00000|100%| O|  |TAMS 0x0000000705c00000, 0x0000000705a00000| Untracked 
|   8|0x0000000705c00000, 0x0000000705e00000, 0x0000000705e00000|100%| O|  |TAMS 0x0000000705c00000, 0x0000000705c00000| Untracked 
|   9|0x0000000705e00000, 0x0000000706000000, 0x0000000706000000|100%| O|  |TAMS 0x0000000706000000, 0x0000000705e00000| Untracked 
|  10|0x0000000706000000, 0x0000000706200000, 0x0000000706200000|100%| O|  |TAMS 0x000000070610aa00, 0x0000000706000000| Untracked 
|  11|0x0000000706200000, 0x0000000706400000, 0x0000000706400000|100%| O|  |TAMS 0x0000000706200000, 0x0000000706200000| Untracked 
|  12|0x0000000706400000, 0x0000000706600000, 0x0000000706600000|100%| O|  |TAMS 0x0000000706400000, 0x0000000706400000| Untracked 
|  13|0x0000000706600000, 0x0000000706800000, 0x0000000706800000|100%| O|  |TAMS 0x0000000706600000, 0x0000000706600000| Untracked 
|  14|0x0000000706800000, 0x0000000706a00000, 0x0000000706a00000|100%| O|  |TAMS 0x0000000706800000, 0x0000000706800000| Untracked 
|  15|0x0000000706a00000, 0x0000000706bb1c08, 0x0000000706c00000| 84%| O|  |TAMS 0x0000000706a00000, 0x0000000706a00000| Untracked 
|  16|0x0000000706c00000, 0x0000000706c00000, 0x0000000706e00000|  0%| F|  |TAMS 0x0000000706c00000, 0x0000000706c00000| Untracked 
|  17|0x0000000706e00000, 0x0000000706e00000, 0x0000000707000000|  0%| F|  |TAMS 0x0000000706e00000, 0x0000000706e00000| Untracked 
|  18|0x0000000707000000, 0x0000000707000000, 0x0000000707200000|  0%| F|  |TAMS 0x0000000707000000, 0x0000000707000000| Untracked 
|  19|0x0000000707200000, 0x0000000707200000, 0x0000000707400000|  0%| F|  |TAMS 0x0000000707200000, 0x0000000707200000| Untracked 
|  20|0x0000000707400000, 0x0000000707400000, 0x0000000707600000|  0%| F|  |TAMS 0x0000000707400000, 0x0000000707400000| Untracked 
|  21|0x0000000707600000, 0x0000000707600000, 0x0000000707800000|  0%| F|  |TAMS 0x0000000707600000, 0x0000000707600000| Untracked 
|  22|0x0000000707800000, 0x0000000707800000, 0x0000000707a00000|  0%| F|  |TAMS 0x0000000707800000, 0x0000000707800000| Untracked 
|  23|0x0000000707a00000, 0x0000000707a00000, 0x0000000707c00000|  0%| F|  |TAMS 0x0000000707a00000, 0x0000000707a00000| Untracked 
|  24|0x0000000707c00000, 0x0000000707d70f00, 0x0000000707e00000| 72%| S|CS|TAMS 0x0000000707c00000, 0x0000000707c00000| Complete 
|  25|0x0000000707e00000, 0x0000000707e00000, 0x0000000708000000|  0%| F|  |TAMS 0x0000000707e00000, 0x0000000707e00000| Untracked 
|  26|0x0000000708000000, 0x0000000708000000, 0x0000000708200000|  0%| F|  |TAMS 0x0000000708000000, 0x0000000708000000| Untracked 
|  27|0x0000000708200000, 0x0000000708200000, 0x0000000708400000|  0%| F|  |TAMS 0x0000000708200000, 0x0000000708200000| Untracked 
|  28|0x0000000708400000, 0x0000000708400000, 0x0000000708600000|  0%| F|  |TAMS 0x0000000708400000, 0x0000000708400000| Untracked 
|  29|0x0000000708600000, 0x0000000708600000, 0x0000000708800000|  0%| F|  |TAMS 0x0000000708600000, 0x0000000708600000| Untracked 
|  30|0x0000000708800000, 0x0000000708800000, 0x0000000708a00000|  0%| F|  |TAMS 0x0000000708800000, 0x0000000708800000| Untracked 
|  31|0x0000000708a00000, 0x0000000708a00000, 0x0000000708c00000|  0%| F|  |TAMS 0x0000000708a00000, 0x0000000708a00000| Untracked 
|  48|0x000000070ac00000, 0x000000070ac00000, 0x000000070ae00000|  0%| F|  |TAMS 0x000000070ac00000, 0x000000070ac00000| Untracked 
|  49|0x000000070ae00000, 0x000000070ae00000, 0x000000070b000000|  0%| F|  |TAMS 0x000000070ae00000, 0x000000070ae00000| Untracked 
|  50|0x000000070b000000, 0x000000070b000000, 0x000000070b200000|  0%| F|  |TAMS 0x000000070b000000, 0x000000070b000000| Untracked 
|  51|0x000000070b200000, 0x000000070b200000, 0x000000070b400000|  0%| F|  |TAMS 0x000000070b200000, 0x000000070b200000| Untracked 
| 125|0x0000000714600000, 0x00000007146b2850, 0x0000000714800000| 34%| E|  |TAMS 0x0000000714600000, 0x0000000714600000| Complete 

Card table byte_map: [0x0000024521cb0000,0x0000024522490000] _byte_map_base: 0x000002451e48a000

Marking Bits (Prev, Next): (CMBitMap*) 0x000002450d0be120, (CMBitMap*) 0x000002450d0be0e0
 Prev Bits: [0x0000024526b40000, 0x000002452aa10000)
 Next Bits: [0x0000024522c70000, 0x0000024526b40000)

Polling page: 0x000002450d0c0000

Metaspace:

Usage:
  Non-class:     71.50 MB used.
      Class:     10.07 MB used.
       Both:     81.58 MB used.

Virtual space:
  Non-class space:      128.00 MB reserved,      71.75 MB ( 56%) committed,  2 nodes.
      Class space:        1.00 GB reserved,      10.38 MB (  1%) committed,  1 nodes.
             Both:        1.12 GB reserved,      82.12 MB (  7%) committed. 

Chunk freelists:
   Non-Class:  7.95 MB
       Class:  5.67 MB
        Both:  13.62 MB

MaxMetaspaceSize: unlimited
CompressedClassSpaceSize: 1.00 GB
Initial GC threshold: 21.00 MB
Current GC threshold: 98.75 MB
CDS: off
MetaspaceReclaimPolicy: balanced
 - commit_granule_bytes: 65536.
 - commit_granule_words: 8192.
 - virtual_space_node_default_size: 8388608.
 - enlarge_chunks_in_place: 1.
 - new_chunks_are_fully_committed: 0.
 - uncommit_free_chunks: 1.
 - use_allocation_guard: 0.
 - handle_deallocations: 1.


Internal statistics:

num_allocs_failed_limit: 9.
num_arena_births: 804.
num_arena_deaths: 0.
num_vsnodes_births: 3.
num_vsnodes_deaths: 0.
num_space_committed: 1314.
num_space_uncommitted: 0.
num_chunks_returned_to_freelist: 9.
num_chunks_taken_from_freelist: 3346.
num_chunk_merges: 9.
num_chunk_splits: 2442.
num_chunks_enlarged: 1928.
num_inconsistent_stats: 0.

CodeHeap 'non-profiled nmethods': size=120000Kb used=4375Kb max_used=4375Kb free=115624Kb
 bounds [0x0000024519970000, 0x0000024519dc0000, 0x0000024520ea0000]
CodeHeap 'profiled nmethods': size=120000Kb used=12062Kb max_used=12062Kb free=107938Kb
 bounds [0x0000024511ea0000, 0x0000024512a70000, 0x00000245193d0000]
CodeHeap 'non-nmethods': size=5760Kb used=1394Kb max_used=1483Kb free=4365Kb
 bounds [0x00000245193d0000, 0x0000024519640000, 0x0000024519970000]
 total_blobs=6565 nmethods=5829 adapters=645
 compilation: enabled
              stopped_count=0, restarted_count=0
 full_count=0

Compilation events (20 events):
Event: 20.496 Thread 0x000002452d164980 6608       2       java.lang.invoke.LambdaFormBuffer::endEdit (313 bytes)
Event: 20.497 Thread 0x000002452d164980 nmethod 6608 0x0000024512a64d90 code [0x0000024512a64fa0, 0x0000024512a65838]
Event: 20.497 Thread 0x000002452d164980 6609       2       java.lang.invoke.LambdaFormBuffer::replaceName (124 bytes)
Event: 20.498 Thread 0x000002452d164980 nmethod 6609 0x0000024512a65c10 code [0x0000024512a65dc0, 0x0000024512a65f28]
Event: 20.510 Thread 0x000002452d164980 6610       1       java.util.logging.LogManager$LoggerWeakRef::setParentRef (6 bytes)
Event: 20.510 Thread 0x000002452d164980 nmethod 6610 0x0000024519d93410 code [0x0000024519d935a0, 0x0000024519d936b8]
Event: 20.512 Thread 0x000002452d164980 6611       2       org.apache.jasper.compiler.SmapUtil$SDEInstaller::readU1 (21 bytes)
Event: 20.512 Thread 0x000002452d164980 nmethod 6611 0x0000024512a66010 code [0x0000024512a661a0, 0x0000024512a662d8]
Event: 20.512 Thread 0x000002452d164980 6612       2       org.apache.jasper.compiler.SmapUtil$SDEInstaller::writeU1 (19 bytes)
Event: 20.512 Thread 0x000002452d164980 nmethod 6612 0x0000024512a66390 code [0x0000024512a66520, 0x0000024512a66658]
Event: 20.512 Thread 0x000002452d164980 6613       2       org.apache.jasper.compiler.SmapUtil$SDEInstaller::readBytes (38 bytes)
Event: 20.512 Thread 0x000002452d164980 nmethod 6613 0x0000024512a66710 code [0x0000024512a668c0, 0x0000024512a66b18]
Event: 20.512 Thread 0x000002452d164980 6614       2       org.apache.jasper.compiler.SmapUtil$SDEInstaller::writeBytes (45 bytes)
Event: 20.513 Thread 0x000002452d164980 nmethod 6614 0x0000024512a66c90 code [0x0000024512a66e20, 0x0000024512a66fd8]
Event: 20.513 Thread 0x000002452d164980 6615       2       org.apache.jasper.compiler.SmapUtil$SDEInstaller::copy (46 bytes)
Event: 20.513 Thread 0x000002452d164980 nmethod 6615 0x0000024512a67110 code [0x0000024512a672c0, 0x0000024512a67498]
Event: 20.531 Thread 0x000002452d164980 6616       2       org.apache.catalina.core.DefaultInstanceManager::findLifecycleCallback (110 bytes)
Event: 20.533 Thread 0x000002452d164980 nmethod 6616 0x0000024512a67610 code [0x0000024512a678a0, 0x0000024512a682d8]
Event: 20.536 Thread 0x000002452d164980 6617       2       java.io.StringReader::ensureOpen (18 bytes)
Event: 20.536 Thread 0x000002452d164980 nmethod 6617 0x0000024512a68890 code [0x0000024512a68a40, 0x0000024512a68c08]

GC Heap History (20 events):
Event: 6.893 GC heap before
{Heap before GC invocations=11 (full 0):
 garbage-first heap   total 75776K, used 54197K [0x0000000704c00000, 0x0000000800000000)
  region size 2048K, 22 young (45056K), 4 survivors (8192K)
 Metaspace       used 42154K, committed 42624K, reserved 1114112K
  class space    used 4917K, committed 5184K, reserved 1048576K
}
Event: 6.904 GC heap after
{Heap after GC invocations=12 (full 0):
 garbage-first heap   total 75776K, used 20132K [0x0000000704c00000, 0x0000000800000000)
  region size 2048K, 2 young (4096K), 2 survivors (4096K)
 Metaspace       used 42154K, committed 42624K, reserved 1114112K
  class space    used 4917K, committed 5184K, reserved 1048576K
}
Event: 6.975 GC heap before
{Heap before GC invocations=12 (full 0):
 garbage-first heap   total 75776K, used 22180K [0x0000000704c00000, 0x0000000800000000)
  region size 2048K, 3 young (6144K), 2 survivors (4096K)
 Metaspace       used 42558K, committed 43072K, reserved 1114112K
  class space    used 4990K, committed 5248K, reserved 1048576K
}
Event: 6.979 GC heap after
{Heap after GC invocations=13 (full 0):
 garbage-first heap   total 75776K, used 20131K [0x0000000704c00000, 0x0000000800000000)
  region size 2048K, 1 young (2048K), 1 survivors (2048K)
 Metaspace       used 42558K, committed 43072K, reserved 1114112K
  class space    used 4990K, committed 5248K, reserved 1048576K
}
Event: 8.335 GC heap before
{Heap before GC invocations=13 (full 0):
 garbage-first heap   total 75776K, used 52899K [0x0000000704c00000, 0x0000000800000000)
  region size 2048K, 17 young (34816K), 1 survivors (2048K)
 Metaspace       used 52592K, committed 53120K, reserved 1114112K
  class space    used 6295K, committed 6528K, reserved 1048576K
}
Event: 8.342 GC heap after
{Heap after GC invocations=14 (full 0):
 garbage-first heap   total 75776K, used 21622K [0x0000000704c00000, 0x0000000800000000)
  region size 2048K, 2 young (4096K), 2 survivors (4096K)
 Metaspace       used 52592K, committed 53120K, reserved 1114112K
  class space    used 6295K, committed 6528K, reserved 1048576K
}
Event: 9.375 GC heap before
{Heap before GC invocations=14 (full 0):
 garbage-first heap   total 75776K, used 50294K [0x0000000704c00000, 0x0000000800000000)
  region size 2048K, 17 young (34816K), 2 survivors (4096K)
 Metaspace       used 60017K, committed 60416K, reserved 1114112K
  class space    used 7360K, committed 7552K, reserved 1048576K
}
Event: 9.382 GC heap after
{Heap after GC invocations=15 (full 0):
 garbage-first heap   total 75776K, used 23846K [0x0000000704c00000, 0x0000000800000000)
  region size 2048K, 3 young (6144K), 3 survivors (6144K)
 Metaspace       used 60017K, committed 60416K, reserved 1114112K
  class space    used 7360K, committed 7552K, reserved 1048576K
}
Event: 10.675 GC heap before
{Heap before GC invocations=16 (full 0):
 garbage-first heap   total 75776K, used 56614K [0x0000000704c00000, 0x0000000800000000)
  region size 2048K, 19 young (38912K), 3 survivors (6144K)
 Metaspace       used 66134K, committed 66624K, reserved 1114112K
  class space    used 8355K, committed 8576K, reserved 1048576K
}
Event: 10.683 GC heap after
{Heap after GC invocations=17 (full 0):
 garbage-first heap   total 75776K, used 25719K [0x0000000704c00000, 0x0000000800000000)
  region size 2048K, 3 young (6144K), 3 survivors (6144K)
 Metaspace       used 66134K, committed 66624K, reserved 1114112K
  class space    used 8355K, committed 8576K, reserved 1048576K
}
Event: 10.757 GC heap before
{Heap before GC invocations=17 (full 0):
 garbage-first heap   total 75776K, used 25719K [0x0000000704c00000, 0x0000000800000000)
  region size 2048K, 4 young (8192K), 3 survivors (6144K)
 Metaspace       used 66472K, committed 66944K, reserved 1114112K
  class space    used 8408K, committed 8640K, reserved 1048576K
}
Event: 10.764 GC heap after
{Heap after GC invocations=18 (full 0):
 garbage-first heap   total 75776K, used 25862K [0x0000000704c00000, 0x0000000800000000)
  region size 2048K, 1 young (2048K), 1 survivors (2048K)
 Metaspace       used 66472K, committed 66944K, reserved 1114112K
  class space    used 8408K, committed 8640K, reserved 1048576K
}
Event: 11.613 GC heap before
{Heap before GC invocations=18 (full 0):
 garbage-first heap   total 75776K, used 56582K [0x0000000704c00000, 0x0000000800000000)
  region size 2048K, 16 young (32768K), 1 survivors (2048K)
 Metaspace       used 70243K, committed 70784K, reserved 1114112K
  class space    used 8927K, committed 9216K, reserved 1048576K
}
Event: 11.619 GC heap after
{Heap after GC invocations=19 (full 0):
 garbage-first heap   total 75776K, used 27433K [0x0000000704c00000, 0x0000000800000000)
  region size 2048K, 2 young (4096K), 2 survivors (4096K)
 Metaspace       used 70243K, committed 70784K, reserved 1114112K
  class space    used 8927K, committed 9216K, reserved 1048576K
}
Event: 12.409 GC heap before
{Heap before GC invocations=19 (full 0):
 garbage-first heap   total 75776K, used 56105K [0x0000000704c00000, 0x0000000800000000)
  region size 2048K, 16 young (32768K), 2 survivors (4096K)
 Metaspace       used 73361K, committed 73920K, reserved 1114112K
  class space    used 9387K, committed 9664K, reserved 1048576K
}
Event: 12.416 GC heap after
{Heap after GC invocations=20 (full 0):
 garbage-first heap   total 75776K, used 29971K [0x0000000704c00000, 0x0000000800000000)
  region size 2048K, 2 young (4096K), 2 survivors (4096K)
 Metaspace       used 73361K, committed 73920K, reserved 1114112K
  class space    used 9387K, committed 9664K, reserved 1048576K
}
Event: 18.786 GC heap before
{Heap before GC invocations=20 (full 0):
 garbage-first heap   total 75776K, used 56595K [0x0000000704c00000, 0x0000000800000000)
  region size 2048K, 16 young (32768K), 2 survivors (4096K)
 Metaspace       used 78358K, committed 78912K, reserved 1179648K
  class space    used 9865K, committed 10176K, reserved 1048576K
}
Event: 18.795 GC heap after
{Heap after GC invocations=21 (full 0):
 garbage-first heap   total 75776K, used 32737K [0x0000000704c00000, 0x0000000800000000)
  region size 2048K, 2 young (4096K), 2 survivors (4096K)
 Metaspace       used 78358K, committed 78912K, reserved 1179648K
  class space    used 9865K, committed 10176K, reserved 1048576K
}
Event: 20.502 GC heap before
{Heap before GC invocations=21 (full 0):
 garbage-first heap   total 75776K, used 57313K [0x0000000704c00000, 0x0000000800000000)
  region size 2048K, 14 young (28672K), 2 survivors (4096K)
 Metaspace       used 83402K, committed 83968K, reserved 1179648K
  class space    used 10295K, committed 10560K, reserved 1048576K
}
Event: 20.507 GC heap after
{Heap after GC invocations=22 (full 0):
 garbage-first heap   total 75776K, used 33930K [0x0000000704c00000, 0x0000000800000000)
  region size 2048K, 1 young (2048K), 1 survivors (2048K)
 Metaspace       used 83402K, committed 83968K, reserved 1179648K
  class space    used 10295K, committed 10560K, reserved 1048576K
}

Dll operation events (9 events):
Event: 0.015 Loaded shared library C:\Users\JPiccione\.p2\pool\plugins\org.eclipse.justj.openjdk.hotspot.jre.full.win32.x86_64_17.0.8.v20230831-1047\jre\bin\java.dll
Event: 0.241 Loaded shared library C:\Users\JPiccione\.p2\pool\plugins\org.eclipse.justj.openjdk.hotspot.jre.full.win32.x86_64_17.0.8.v20230831-1047\jre\bin\jimage.dll
Event: 0.256 Loaded shared library C:\Users\JPiccione\.p2\pool\plugins\org.eclipse.justj.openjdk.hotspot.jre.full.win32.x86_64_17.0.8.v20230831-1047\jre\bin\net.dll
Event: 0.258 Loaded shared library C:\Users\JPiccione\.p2\pool\plugins\org.eclipse.justj.openjdk.hotspot.jre.full.win32.x86_64_17.0.8.v20230831-1047\jre\bin\nio.dll
Event: 0.264 Loaded shared library C:\Users\JPiccione\.p2\pool\plugins\org.eclipse.justj.openjdk.hotspot.jre.full.win32.x86_64_17.0.8.v20230831-1047\jre\bin\zip.dll
Event: 5.729 Loaded shared library C:\Users\JPiccione\.p2\pool\plugins\org.eclipse.justj.openjdk.hotspot.jre.full.win32.x86_64_17.0.8.v20230831-1047\jre\bin\sunmscapi.dll
Event: 5.738 Loaded shared library C:\Users\JPiccione\.p2\pool\plugins\org.eclipse.justj.openjdk.hotspot.jre.full.win32.x86_64_17.0.8.v20230831-1047\jre\bin\management.dll
Event: 5.742 Loaded shared library C:\Users\JPiccione\.p2\pool\plugins\org.eclipse.justj.openjdk.hotspot.jre.full.win32.x86_64_17.0.8.v20230831-1047\jre\bin\management_ext.dll
Event: 7.239 Loaded shared library C:\Users\JPiccione\.p2\pool\plugins\org.eclipse.justj.openjdk.hotspot.jre.full.win32.x86_64_17.0.8.v20230831-1047\jre\bin\verify.dll

Deoptimization events (20 events):
Event: 19.577 Thread 0x0000024534c96480 Uncommon trap: trap_request=0xffffff45 fr.pc=0x00000245199fa228 relative=0x0000000000001768
Event: 19.577 Thread 0x0000024534c96480 Uncommon trap: reason=unstable_if action=reinterpret pc=0x00000245199fa228 method=jdk.internal.loader.URLClassPath$FileLoader.getResource(Ljava/lang/String;Z)Ljdk/internal/loader/Resource; @ 50 c2
Event: 19.577 Thread 0x0000024534c96480 DEOPT PACKING pc=0x00000245199fa228 sp=0x000000c38eff9be0
Event: 19.577 Thread 0x0000024534c96480 DEOPT UNPACKING pc=0x00000245194269a3 sp=0x000000c38eff9be0 mode 2
Event: 19.831 Thread 0x0000024534c96480 Uncommon trap: trap_request=0xffffff45 fr.pc=0x0000024519b6452c relative=0x00000000000001ac
Event: 19.831 Thread 0x0000024534c96480 Uncommon trap: reason=unstable_if action=reinterpret pc=0x0000024519b6452c method=java.lang.ClassLoader.getResource(Ljava/lang/String;)Ljava/net/URL; @ 30 c2
Event: 19.831 Thread 0x0000024534c96480 DEOPT PACKING pc=0x0000024519b6452c sp=0x000000c38eff9620
Event: 19.831 Thread 0x0000024534c96480 DEOPT UNPACKING pc=0x00000245194269a3 sp=0x000000c38eff9558 mode 2
Event: 20.135 Thread 0x0000024534c96480 Uncommon trap: trap_request=0xffffff45 fr.pc=0x0000024519b0a5cc relative=0x000000000000032c
Event: 20.135 Thread 0x0000024534c96480 Uncommon trap: reason=unstable_if action=reinterpret pc=0x0000024519b0a5cc method=java.util.HashMap.getNode(Ljava/lang/Object;)Ljava/util/HashMap$Node; @ 66 c2
Event: 20.136 Thread 0x0000024534c96480 DEOPT PACKING pc=0x0000024519b0a5cc sp=0x000000c38eff8ea0
Event: 20.136 Thread 0x0000024534c96480 DEOPT UNPACKING pc=0x00000245194269a3 sp=0x000000c38eff8de0 mode 2
Event: 20.136 Thread 0x0000024534c96480 Uncommon trap: trap_request=0xffffff45 fr.pc=0x0000024519a71d64 relative=0x0000000000000344
Event: 20.136 Thread 0x0000024534c96480 Uncommon trap: reason=unstable_if action=reinterpret pc=0x0000024519a71d64 method=java.util.HashMap.getNode(Ljava/lang/Object;)Ljava/util/HashMap$Node; @ 66 c2
Event: 20.136 Thread 0x0000024534c96480 DEOPT PACKING pc=0x0000024519a71d64 sp=0x000000c38eff8e70
Event: 20.136 Thread 0x0000024534c96480 DEOPT UNPACKING pc=0x00000245194269a3 sp=0x000000c38eff8e10 mode 2
Event: 20.522 Thread 0x0000024534c96480 Uncommon trap: trap_request=0xffffffde fr.pc=0x00000245199e70d8 relative=0x0000000000001358
Event: 20.522 Thread 0x0000024534c96480 Uncommon trap: reason=class_check action=maybe_recompile pc=0x00000245199e70d8 method=jdk.internal.loader.URLClassPath.getLoader(I)Ljdk/internal/loader/URLClassPath$Loader; @ 88 c2
Event: 20.522 Thread 0x0000024534c96480 DEOPT PACKING pc=0x00000245199e70d8 sp=0x000000c38effa110
Event: 20.522 Thread 0x0000024534c96480 DEOPT UNPACKING pc=0x00000245194269a3 sp=0x000000c38effa150 mode 2

Classes unloaded (0 events):
No events

Classes redefined (0 events):
No events

Internal exceptions (20 events):
Event: 11.395 Thread 0x000002450d051680 Exception <a 'java/lang/reflect/InvocationTargetException'{0x0000000707d84c98}> (0x0000000707d84c98) 
thrown [s\src\hotspot\share\runtime\reflection.cpp, line 1121]
Event: 11.398 Thread 0x000002450d051680 Exception <a 'java/lang/reflect/InvocationTargetException'{0x0000000707d91fc0}> (0x0000000707d91fc0) 
thrown [s\src\hotspot\share\runtime\reflection.cpp, line 1121]
Event: 11.405 Thread 0x000002450d051680 Exception <a 'java/lang/reflect/InvocationTargetException'{0x0000000707da26c0}> (0x0000000707da26c0) 
thrown [s\src\hotspot\share\runtime\reflection.cpp, line 1121]
Event: 11.408 Thread 0x000002450d051680 Exception <a 'java/lang/reflect/InvocationTargetException'{0x0000000707daf138}> (0x0000000707daf138) 
thrown [s\src\hotspot\share\runtime\reflection.cpp, line 1121]
Event: 11.412 Thread 0x000002450d051680 Exception <a 'java/lang/reflect/InvocationTargetException'{0x0000000707dbb188}> (0x0000000707dbb188) 
thrown [s\src\hotspot\share\runtime\reflection.cpp, line 1121]
Event: 11.418 Thread 0x000002450d051680 Exception <a 'java/lang/reflect/InvocationTargetException'{0x0000000707dc8808}> (0x0000000707dc8808) 
thrown [s\src\hotspot\share\runtime\reflection.cpp, line 1121]
Event: 11.422 Thread 0x000002450d051680 Exception <a 'java/lang/reflect/InvocationTargetException'{0x0000000707dd9910}> (0x0000000707dd9910) 
thrown [s\src\hotspot\share\runtime\reflection.cpp, line 1121]
Event: 11.597 Thread 0x000002450d051680 Implicit null exception at 0x0000024519a97ac1 to 0x0000024519a97b82
Event: 12.023 Thread 0x000002450d051680 Exception <a 'sun/nio/fs/WindowsException'{0x00000007089933a0}> (0x00000007089933a0) 
thrown [s\src\hotspot\share\prims\jni.cpp, line 516]
Event: 12.092 Thread 0x000002450d051680 Exception <a 'java/lang/IncompatibleClassChangeError'{0x0000000708508180}: Found class java.lang.Object, but interface was expected> (0x0000000708508180) 
thrown [s\src\hotspot\share\interpreter\linkResolver.cpp, line 826]
Event: 12.185 Thread 0x000002450d051680 Exception <a 'java/lang/NoSuchMethodError'{0x00000007083a4a28}: 'void java.lang.invoke.DirectMethodHandle$Holder.invokeVirtual(java.lang.Object, java.lang.Object, long)'> (0x00000007083a4a28) 
thrown [s\src\hotspot\share\interpreter\linkResolver.cpp, line 759]
Event: 12.422 Thread 0x000002450d051680 Exception <a 'java/lang/NoSuchMethodError'{0x0000000714621398}: 'java.lang.Object java.lang.invoke.DirectMethodHandle$Holder.newInvokeSpecial(java.lang.Object, java.lang.Object, int, java.lang.Object, java.lang.Object)'> (0x0000000714621398) 
thrown [s\src\hotspot\share\interpreter\linkResolver.cpp, line 759]
Event: 12.423 Thread 0x000002450d051680 Exception <a 'java/lang/NoSuchMethodError'{0x000000071462ca10}: 'java.lang.Object java.lang.invoke.DirectMethodHandle$Holder.invokeSpecial(java.lang.Object, java.lang.Object, int, java.lang.Object, int, java.lang.Object)'> (0x000000071462ca10) 
thrown [s\src\hotspot\share\interpreter\linkResolver.cpp, line 759]
Event: 12.423 Thread 0x000002450d051680 Exception <a 'java/lang/NoSuchMethodError'{0x0000000714634818}: 'java.lang.Object java.lang.invoke.DirectMethodHandle$Holder.newInvokeSpecial(java.lang.Object, java.lang.Object, int, java.lang.Object, int)'> (0x0000000714634818) 
thrown [s\src\hotspot\share\interpreter\linkResolver.cpp, line 759]
Event: 12.424 Thread 0x000002450d051680 Exception <a 'java/lang/NoSuchMethodError'{0x0000000714638918}: 'java.lang.Object java.lang.invoke.DirectMethodHandle$Holder.invokeSpecial(java.lang.Object, java.lang.Object, java.lang.Object, int, java.lang.Object, int)'> (0x0000000714638918) 
thrown [s\src\hotspot\share\interpreter\linkResolver.cpp, line 759]
Event: 17.619 Thread 0x0000024534c973b0 Exception <a 'java/lang/NoSuchMethodError'{0x000000070b1a5418}: 'java.lang.Object java.lang.invoke.DirectMethodHandle$Holder.invokeSpecial(java.lang.Object, java.lang.Object, java.lang.Object, java.lang.Object, java.lang.Object, long)'> (0x000000070b1a5418) 
thrown [s\src\hotspot\share\interpreter\linkResolver.cpp, line 759]
Event: 17.620 Thread 0x0000024534c973b0 Exception <a 'java/lang/NoSuchMethodError'{0x000000070b1a8e58}: 'java.lang.Object java.lang.invoke.Invokers$Holder.linkToTargetMethod(java.lang.Object, java.lang.Object, java.lang.Object, long, java.lang.Object)'> (0x000000070b1a8e58) 
thrown [s\src\hotspot\share\interpreter\linkResolver.cpp, line 759]
Event: 17.669 Thread 0x0000024534c973b0 Exception <a 'java/lang/NoSuchMethodError'{0x000000070aede998}: getSession> (0x000000070aede998) 
thrown [s\src\hotspot\share\prims\jni.cpp, line 1073]
Event: 18.441 Thread 0x0000024534c96480 Implicit null exception at 0x00000245199aa7d7 to 0x00000245199aadc4
Event: 18.442 Thread 0x0000024534c96480 Implicit null exception at 0x00000245199ab557 to 0x00000245199abb18

VM Operations (20 events):
Event: 19.872 Executing VM operation: HandshakeAllThreads
Event: 19.872 Executing VM operation: HandshakeAllThreads done
Event: 20.502 Executing VM operation: G1CollectForAllocation
Event: 20.508 Executing VM operation: G1CollectForAllocation done
Event: 20.527 Executing VM operation: ChangeBreakpoints
Event: 20.529 Executing VM operation: ChangeBreakpoints done
Event: 20.529 Executing VM operation: ChangeBreakpoints
Event: 20.531 Executing VM operation: ChangeBreakpoints done
Event: 20.532 Executing VM operation: get/set locals
Event: 20.532 Executing VM operation: get/set locals done
Event: 20.532 Executing VM operation: get/set locals
Event: 20.532 Executing VM operation: get/set locals done
Event: 20.566 Executing VM operation: HandshakeAllThreads
Event: 20.566 Executing VM operation: HandshakeAllThreads done
Event: 20.569 Executing VM operation: HandshakeAllThreads
Event: 20.569 Executing VM operation: HandshakeAllThreads done
Event: 20.571 Executing VM operation: get/set locals
Event: 20.571 Executing VM operation: get/set locals done
Event: 20.571 Executing VM operation: get/set locals
Event: 20.571 Executing VM operation: get/set locals done

Events (20 events):
Event: 19.520 loading class java/lang/NegativeArraySizeException
Event: 19.520 loading class java/lang/NegativeArraySizeException done
Event: 19.575 loading class java/net/URLClassLoader$2
Event: 19.576 loading class java/net/URLClassLoader$2 done
Event: 19.831 loading class sun/net/www/protocol/jrt/JavaRuntimeURLConnection
Event: 19.832 loading class sun/net/www/protocol/jrt/JavaRuntimeURLConnection done
Event: 19.832 loading class sun/net/www/protocol/jrt/JavaRuntimeURLConnection$1
Event: 19.832 loading class sun/net/www/protocol/jrt/JavaRuntimeURLConnection$1 done
Event: 19.847 loading class java/text/MessageFormat$Field
Event: 19.848 loading class java/text/MessageFormat$Field done
Event: 20.492 loading class java/util/Hashtable$ValueCollection
Event: 20.492 loading class java/util/Hashtable$ValueCollection done
Event: 20.518 loading class java/net/URLClassLoader$1
Event: 20.520 loading class java/net/URLClassLoader$1 done
Event: 20.567 loading class sun/nio/cs/ISO_8859_1$Encoder
Event: 20.568 loading class sun/nio/cs/ISO_8859_1$Encoder done
Event: 20.569 loading class sun/nio/cs/Surrogate$Parser
Event: 20.569 loading class sun/nio/cs/Surrogate$Parser done
Event: 20.569 loading class sun/nio/cs/Surrogate
Event: 20.569 loading class sun/nio/cs/Surrogate done


Dynamic libraries:
0x00007ff6ee300000 - 0x00007ff6ee30e000 	C:\Users\JPiccione\.p2\pool\plugins\org.eclipse.justj.openjdk.hotspot.jre.full.win32.x86_64_17.0.8.v20230831-1047\jre\bin\javaw.exe
0x000002450cd80000 - 0x000002450cf77000 	C:\windows\SYSTEM32\ntd1l.dll
0x000002450c800000 - 0x000002450c8bd000 	C:\windows\System32\kern3l32.dll
0x00007ffc02f70000 - 0x00007ffc03167000 	C:\windows\SYSTEM32\ntdll.dll
0x00007ffc01f90000 - 0x00007ffc0204d000 	C:\windows\System32\KERNEL32.DLL
0x00007ffc00650000 - 0x00007ffc00946000 	C:\windows\System32\KERNELBASE.dll
0x00007ffc000c0000 - 0x00007ffc003d3000 	C:\Program Files\SentinelOne\Sentinel Agent 23.1.4.650\InProcessClient64.dll
0x00007ffc01930000 - 0x00007ffc019de000 	C:\windows\System32\ADVAPI32.dll
0x00007ffc01dd0000 - 0x00007ffc01e6e000 	C:\windows\System32\msvcrt.dll
0x00007ffc02d90000 - 0x00007ffc02e2c000 	C:\windows\System32\sechost.dll
0x00007ffc02a60000 - 0x00007ffc02b86000 	C:\windows\System32\RPCRT4.dll
0x00007ffc00cd0000 - 0x00007ffc00dd0000 	C:\windows\System32\ucrtbase.dll
0x00007ffbf8ee0000 - 0x00007ffbf8ef9000 	C:\Users\JPiccione\.p2\pool\plugins\org.eclipse.justj.openjdk.hotspot.jre.full.win32.x86_64_17.0.8.v20230831-1047\jre\bin\VCRUNTIME140.dll
0x00007ffbf7410000 - 0x00007ffbf7427000 	C:\Users\JPiccione\.p2\pool\plugins\org.eclipse.justj.openjdk.hotspot.jre.full.win32.x86_64_17.0.8.v20230831-1047\jre\bin\jli.dll
0x00007ffc02bf0000 - 0x00007ffc02d8e000 	C:\windows\System32\USER32.dll
0x00007ffbd7fe0000 - 0x00007ffbd827a000 	C:\windows\WinSxS\amd64_microsoft.windows.common-controls_6595b64144ccf1df_6.0.19041.3570_none_60bb2a3971f3e41a\COMCTL32.dll
0x00007ffc00950000 - 0x00007ffc00972000 	C:\windows\System32\win32u.dll
0x00007ffc01da0000 - 0x00007ffc01dcc000 	C:\windows\System32\GDI32.dll
0x00007ffc00b10000 - 0x00007ffc00c2a000 	C:\windows\System32\gdi32full.dll
0x00007ffc00c30000 - 0x00007ffc00ccd000 	C:\windows\System32\msvcp_win.dll
0x00007ffc000b0000 - 0x00007ffc000ba000 	C:\windows\SYSTEM32\VERSION.dll
0x00007ffc000a0000 - 0x00007ffc000ab000 	C:\windows\SYSTEM32\FLTLIB.DLL
0x00007ffc01f60000 - 0x00007ffc01f90000 	C:\windows\System32\IMM32.DLL
0x00007ffbfbd20000 - 0x00007ffbfbd2c000 	C:\Users\JPiccione\.p2\pool\plugins\org.eclipse.justj.openjdk.hotspot.jre.full.win32.x86_64_17.0.8.v20230831-1047\jre\bin\vcruntime140_1.dll
0x00007ffbda1b0000 - 0x00007ffbda241000 	C:\Users\JPiccione\.p2\pool\plugins\org.eclipse.justj.openjdk.hotspot.jre.full.win32.x86_64_17.0.8.v20230831-1047\jre\bin\msvcp140.dll
0x00007ffb7d670000 - 0x00007ffb7e2bc000 	C:\Users\JPiccione\.p2\pool\plugins\org.eclipse.justj.openjdk.hotspot.jre.full.win32.x86_64_17.0.8.v20230831-1047\jre\bin\server\jvm.dll
0x00007ffbff870000 - 0x00007ffbff8bb000 	C:\windows\SYSTEM32\POWRPROF.dll
0x00007ffbf8ea0000 - 0x00007ffbf8ea9000 	C:\windows\SYSTEM32\WSOCK32.dll
0x00007ffc02e30000 - 0x00007ffc02e9b000 	C:\windows\System32\WS2_32.dll
0x00007ffbe58a0000 - 0x00007ffbe58c7000 	C:\windows\SYSTEM32\WINMM.dll
0x00007ffbff730000 - 0x00007ffbff742000 	C:\windows\SYSTEM32\UMPDC.dll
0x00007ffbfdf30000 - 0x00007ffbfdf42000 	C:\windows\SYSTEM32\kernel.appcore.dll
0x00007ffbf0410000 - 0x00007ffbf041a000 	C:\Users\JPiccione\.p2\pool\plugins\org.eclipse.justj.openjdk.hotspot.jre.full.win32.x86_64_17.0.8.v20230831-1047\jre\bin\jimage.dll
0x00007ffbf0ca0000 - 0x00007ffbf0e84000 	C:\windows\SYSTEM32\DBGHELP.DLL
0x00007ffbf10a0000 - 0x00007ffbf10d4000 	C:\windows\SYSTEM32\dbgcore.DLL
0x00007ffc00a30000 - 0x00007ffc00ab2000 	C:\windows\System32\bcryptPrimitives.dll
0x00007ffbb64c0000 - 0x00007ffbb653b000 	C:\Program Files\SentinelOne\Sentinel Agent 23.1.4.650\SentinelJava64.dll
0x00007ffc02460000 - 0x00007ffc0258b000 	C:\windows\System32\ole32.dll
0x00007ffc01a40000 - 0x00007ffc01d94000 	C:\windows\System32\combase.dll
0x00007ffbdf240000 - 0x00007ffbdf265000 	C:\Users\JPiccione\.p2\pool\plugins\org.eclipse.justj.openjdk.hotspot.jre.full.win32.x86_64_17.0.8.v20230831-1047\jre\bin\java.dll
0x00007ffbdf040000 - 0x00007ffbdf058000 	C:\Users\JPiccione\.p2\pool\plugins\org.eclipse.justj.openjdk.hotspot.jre.full.win32.x86_64_17.0.8.v20230831-1047\jre\bin\zip.dll
0x00007ffc00fd0000 - 0x00007ffc01714000 	C:\windows\System32\SHELL32.dll
0x00007ffbfe0c0000 - 0x00007ffbfe85b000 	C:\windows\SYSTEM32\windows.storage.dll
0x00007ffbffd50000 - 0x00007ffbffd7d000 	C:\windows\SYSTEM32\Wldp.dll
0x00007ffc022f0000 - 0x00007ffc0239d000 	C:\windows\System32\SHCORE.dll
0x00007ffc01720000 - 0x00007ffc01775000 	C:\windows\System32\shlwapi.dll
0x00007ffc00580000 - 0x00007ffc005a5000 	C:\windows\SYSTEM32\profapi.dll
0x00007ffbdf130000 - 0x00007ffbdf149000 	C:\Users\JPiccione\.p2\pool\plugins\org.eclipse.justj.openjdk.hotspot.jre.full.win32.x86_64_17.0.8.v20230831-1047\jre\bin\net.dll
0x00007ffbff2d0000 - 0x00007ffbff3da000 	C:\windows\SYSTEM32\WINHTTP.dll
0x00007ffbffab0000 - 0x00007ffbffb1a000 	C:\windows\system32\mswsock.dll
0x00007ffbdf070000 - 0x00007ffbdf085000 	C:\Users\JPiccione\.p2\pool\plugins\org.eclipse.justj.openjdk.hotspot.jre.full.win32.x86_64_17.0.8.v20230831-1047\jre\bin\nio.dll
0x00007ffbffca0000 - 0x00007ffbffcb8000 	C:\windows\SYSTEM32\CRYPTSP.dll
0x00007ffbff240000 - 0x00007ffbff274000 	C:\windows\system32\rsaenh.dll
0x00007ffc00e40000 - 0x00007ffc00e67000 	C:\windows\System32\bcrypt.dll
0x00007ffc00500000 - 0x00007ffc0052e000 	C:\windows\SYSTEM32\USERENV.dll
0x00007ffbffcc0000 - 0x00007ffbffccc000 	C:\windows\SYSTEM32\CRYPTBASE.dll
0x00007ffbff750000 - 0x00007ffbff78b000 	C:\windows\SYSTEM32\IPHLPAPI.DLL
0x00007ffc01e70000 - 0x00007ffc01e78000 	C:\windows\System32\NSI.dll
0x00007ffbf9760000 - 0x00007ffbf9777000 	C:\windows\SYSTEM32\dhcpcsvc6.DLL
0x00007ffbf9590000 - 0x00007ffbf95ad000 	C:\windows\SYSTEM32\dhcpcsvc.DLL
0x00007ffbff7a0000 - 0x00007ffbff86a000 	C:\windows\SYSTEM32\DNSAPI.dll
0x00007ffbe2950000 - 0x00007ffbe295e000 	C:\Users\JPiccione\.p2\pool\plugins\org.eclipse.justj.openjdk.hotspot.jre.full.win32.x86_64_17.0.8.v20230831-1047\jre\bin\sunmscapi.dll
0x00007ffc00e70000 - 0x00007ffc00fcd000 	C:\windows\System32\CRYPT32.dll
0x00007ffbffdc0000 - 0x00007ffbffde7000 	C:\windows\SYSTEM32\ncrypt.dll
0x00007ffbffd80000 - 0x00007ffbffdbb000 	C:\windows\SYSTEM32\NTASN1.dll
0x00007ffbfbc50000 - 0x00007ffbfbc59000 	C:\Users\JPiccione\.p2\pool\plugins\org.eclipse.justj.openjdk.hotspot.jre.full.win32.x86_64_17.0.8.v20230831-1047\jre\bin\management.dll
0x00007ffbfbc30000 - 0x00007ffbfbc3b000 	C:\Users\JPiccione\.p2\pool\plugins\org.eclipse.justj.openjdk.hotspot.jre.full.win32.x86_64_17.0.8.v20230831-1047\jre\bin\management_ext.dll
0x00007ffc02450000 - 0x00007ffc02458000 	C:\windows\System32\PSAPI.DLL
0x00007ffbec5b0000 - 0x00007ffbec5c0000 	C:\Users\JPiccione\.p2\pool\plugins\org.eclipse.justj.openjdk.hotspot.jre.full.win32.x86_64_17.0.8.v20230831-1047\jre\bin\verify.dll
0x00007ffbf0bf0000 - 0x00007ffbf0bfa000 	C:\Windows\System32\rasadhlp.dll
0x00007ffbf9b00000 - 0x00007ffbf9b82000 	C:\windows\System32\fwpuclnt.dll
0x00007ffbe0900000 - 0x00007ffbe0917000 	C:\windows\system32\napinsp.dll
0x00007ffbe0a40000 - 0x00007ffbe0a5b000 	C:\windows\system32\pnrpnsp.dll
0x00007ffbf9b90000 - 0x00007ffbf9ba5000 	C:\windows\system32\wshbth.dll
0x00007ffbfb650000 - 0x00007ffbfb66d000 	C:\windows\system32\NLAapi.dll
0x00007ffbe0a60000 - 0x00007ffbe0a72000 	C:\windows\System32\winrnr.dll
0x00007ffbfad90000 - 0x00007ffbfad97000 	C:\windows\system32\wshunix.dll

dbghelp: loaded successfully - version: 4.0.5 - missing functions: none
symbol engine: initialized successfully - sym options: 0x614 - pdb path: .;C:\Users\JPiccione\.p2\pool\plugins\org.eclipse.justj.openjdk.hotspot.jre.full.win32.x86_64_17.0.8.v20230831-1047\jre\bin;C:\windows\SYSTEM32;C:\Program Files\SentinelOne\Sentinel Agent 23.1.4.650;C:\windows\WinSxS\amd64_microsoft.windows.common-controls_6595b64144ccf1df_6.0.19041.3570_none_60bb2a3971f3e41a;C:\Users\JPiccione\.p2\pool\plugins\org.eclipse.justj.openjdk.hotspot.jre.full.win32.x86_64_17.0.8.v20230831-1047\jre\bin\server

VM Arguments:
jvm_args: -Dfile.encoding=UTF-8 -XX:+ShowCodeDetailsInExceptionMessages -agentpath:C:\Program Files\SentinelOne\Sentinel Agent 23.1.4.650\SentinelJava64.dll 
java_command: com.spencer.ItemApp.ItemAppApplication
java_class_path (initial): C:\Users\JPiccione\OneDrive - Spencer Gifts LLC\Documents\ItemApp\target\classes;C:\Users\JPiccione\.m2\repository\org\springframework\boot\spring-boot-starter-data-jpa\3.1.4\spring-boot-starter-data-jpa-3.1.4.jar;C:\Users\JPiccione\.m2\repository\org\springframework\boot\spring-boot-starter-aop\3.1.4\spring-boot-starter-aop-3.1.4.jar;C:\Users\JPiccione\.m2\repository\org\aspectj\aspectjweaver\1.9.20\aspectjweaver-1.9.20.jar;C:\Users\JPiccione\.m2\repository\org\springframework\boot\spring-boot-starter-jdbc\3.1.4\spring-boot-starter-jdbc-3.1.4.jar;C:\Users\JPiccione\.m2\repository\com\zaxxer\HikariCP\5.0.1\HikariCP-5.0.1.jar;C:\Users\JPiccione\.m2\repository\org\springframework\spring-jdbc\6.0.12\spring-jdbc-6.0.12.jar;C:\Users\JPiccione\.m2\repository\org\hibernate\orm\hibernate-core\6.2.9.Final\hibernate-core-6.2.9.Final.jar;C:\Users\JPiccione\.m2\repository\jakarta\persistence\jakarta.persistence-api\3.1.0\jakarta.persistence-api-3.1.0.jar;C:\Users\JPiccione\.m2\repository\jakarta\transaction\jakarta.transaction-api\2.0.1\jakarta.transaction-api-2.0.1.jar;C:\Users\JPiccione\.m2\repository\org\jboss\logging\jboss-logging\3.5.3.Final\jboss-logging-3.5.3.Final.jar;C:\Users\JPiccione\.m2\repository\org\hibernate\common\hibernate-commons-annotations\6.0.6.Final\hibernate-commons-annotations-6.0.6.Final.jar;C:\Users\JPiccione\.m2\repository\io\smallrye\jandex\3.0.5\jandex-3.0.5.jar;C:\Users\JPiccione\.m2\repository\com\fasterxml\classmate\1.5.1\classmate-1.5.1.jar;C:\Users\JPiccione\.m2\repository\net\bytebuddy\byte-buddy\1.14.8\byte-buddy-1.14.8.jar;C:\Users\JPiccione\.m2\repository\org\glassfish\jaxb\jaxb-runtime\4.0.3\jaxb-runtime-4.0.3.jar;C:\Users\JPiccione\.m2\repository\org\glassfish\jaxb\jaxb-core\4.0.3\jaxb-core-4.0.3.jar;C:\Users\JPiccione\.m2\repository\org\eclipse\angus\angus-activation\2.0.1\angus-activation-2.0.1.jar;C:\Users\JPiccione\.m2\repository\org\glassfish\jaxb\txw2\4.0.3\txw2-4.0.3.jar;C:\Users\JPiccione\.m2\repositor
Launcher Type: SUN_STANDARD

[Global flags]
     intx CICompilerCount                          = 3                                         {product} {ergonomic}
     uint ConcGCThreads                            = 1                                         {product} {ergonomic}
     uint G1ConcRefinementThreads                  = 4                                         {product} {ergonomic}
   size_t G1HeapRegionSize                         = 2097152                                   {product} {ergonomic}
    uintx GCDrainStackTargetSize                   = 64                                        {product} {ergonomic}
   size_t InitialHeapSize                          = 264241152                                 {product} {ergonomic}
   size_t MarkStackSize                            = 4194304                                   {product} {ergonomic}
   size_t MaxHeapSize                              = 4215275520                                {product} {ergonomic}
   size_t MaxNewSize                               = 2529165312                                {product} {ergonomic}
   size_t MinHeapDeltaBytes                        = 2097152                                   {product} {ergonomic}
   size_t MinHeapSize                              = 8388608                                   {product} {ergonomic}
    uintx NonNMethodCodeHeapSize                   = 5832780                                {pd product} {ergonomic}
    uintx NonProfiledCodeHeapSize                  = 122912730                              {pd product} {ergonomic}
    uintx ProfiledCodeHeapSize                     = 122912730                              {pd product} {ergonomic}
    uintx ReservedCodeCacheSize                    = 251658240                              {pd product} {ergonomic}
     bool SegmentedCodeCache                       = true                                      {product} {ergonomic}
     bool ShowCodeDetailsInExceptionMessages       = true                                   {manageable} {command line}
   size_t SoftMaxHeapSize                          = 4215275520                             {manageable} {ergonomic}
     bool UseCompressedClassPointers               = true                           {product lp64_product} {ergonomic}
     bool UseCompressedOops                        = true                           {product lp64_product} {ergonomic}
     bool UseG1GC                                  = true                                      {product} {ergonomic}
     bool UseLargePagesIndividualAllocation        = false                                  {pd product} {ergonomic}

Logging:
Log output configuration:
 #0: stdout all=warning uptime,level,tags
 #1: stderr all=off uptime,level,tags

Environment Variables:
PATH=C:/Users/JPiccione/.p2/pool/plugins/org.eclipse.justj.openjdk.hotspot.jre.full.win32.x86_64_17.0.8.v20230831-1047/jre/bin/server;C:/Users/JPiccione/.p2/pool/plugins/org.eclipse.justj.openjdk.hotspot.jre.full.win32.x86_64_17.0.8.v20230831-1047/jre/bin;C:\Program Files\Common Files\Oracle\Java\javapath;C:\Program Files (x86)\Common Files\Oracle\Java\javapath;C:\Program Files\Microsoft\jdk-11.0.16.101-hotspot\bin;C:\Program Files (x86)\Business Objects\Common\3.5\bin\NOTES\;C:\Program Files (x86)\Business Objects\Common\3.5\bin\NOTES\DATA\;C:\windows\system32;C:\windows;C:\windows\System32\Wbem;C:\windows\System32\WindowsPowerShell\v1.0\;C:\windows\System32\OpenSSH\;C:\Program Files (x86)\IBM\Client Access\Emulator;C:\Program Files (x86)\IBM\Client Access\Shared;C:\Program Files (x86)\IBM\Client Access\;C:\Program Files (x86)\HEAT\;C:\Program Files (x86)\Microsoft SQL Server\160\DTS\Binn\;C:\Program Files\Azure Data Studio\bin;C:\Program Files\PuTTY\;C:\Program Files\Git\cmd;C:\Program Files\Microsoft SQL Server\150\Tools\Binn\;C:\Program Files\Microsoft SQL Server\Client SDK\ODBC\170\Tools\Binn\;C:\Program Files\dotnet\;C:\Program Files (x86)\Windows Kits\10\Windows Performance Toolkit\;c:\Program Files (x86)\Microsoft SQL Server\110\Tools\Binn\;c:\Program Files\Microsoft SQL Server\110\Tools\Binn\;c:\Program Files\Microsoft SQL Server\110\DTS\Binn\;C:\Program Files (x86)\Microsoft SQL Server\150\Tools\Binn\;C:\Program Files\Microsoft SQL Server\150\DTS\Binn\;C:\Users\JPiccione\AppData\Local\Microsoft\WindowsApps;C:\Program Files\Azure Data Studio\bin;C:\Users\JPiccione\.dotnet\tools;C:\Users\JPiccione\AppData\Local\Programs\Azure Data Studio\bin;C:\Program Files\JetBrains\IntelliJ IDEA 2023.2\bin;;C:\Users\JPiccione\AppData\Local\GitHubDesktop\bin;C:\windows\system32;
USERNAME=JPiccione
OS=Windows_NT
PROCESSOR_IDENTIFIER=Intel64 Family 6 Model 61 Stepping 4, GenuineIntel
TMP=C:\Users\JPICCI~1\AppData\Local\Temp
TEMP=C:\Users\JPICCI~1\AppData\Local\Temp



---------------  S Y S T E M  ---------------

OS:
 Windows 10 , 64 bit Build 19041 (10.0.19041.3570)
OS uptime: 7 days 6:20 hours

CPU: total 4 (initial active 4) (2 cores per cpu, 2 threads per core) family 6 model 61 stepping 4 microcode 0x2d, cx8, cmov, fxsr, ht, mmx, 3dnowpref, sse, sse2, sse3, ssse3, sse4.1, sse4.2, popcnt, lzcnt, tsc, tscinvbit, avx, avx2, aes, erms, clmul, bmi1, bmi2, rtm, adx, fma, vzeroupper, clflush
Processor Information for all 4 processors :
  Max Mhz: 2594, Current Mhz: 2594, Mhz Limit: 2594

Memory: 4k page, system-wide physical 16079M (6009M free)
TotalPageFile size 18511M (AvailPageFile size 5409M)
current process WorkingSet (physical memory assigned to process): 311M, peak: 375M
current process commit charge ("private bytes"): 329M, peak: 392M

vm_info: OpenJDK 64-Bit Server VM (17.0.8.1+1) for windows-amd64 JRE (17.0.8.1+1), built on Aug 23 2023 15:29:17 by "admin" with MS VC++ 16.7 (VS2019)

END.
