#
# A fatal error has been detected by the Java Runtime Environment:
#
#  EXCEPTION_ACCESS_VIOLATION (0xc0000005) at pc=0x000001d700a795b6, pid=7808, tid=3088
#
# JRE version: OpenJDK Runtime Environment Temurin-17.0.8.1+1 (17.0.8.1+1) (build 17.0.8.1+1)
# Java VM: OpenJDK 64-Bit Server VM Temurin-17.0.8.1+1 (17.0.8.1+1, mixed mode, tiered, compressed oops, compressed class ptrs, g1 gc, windows-amd64)
# Problematic frame:
# J 6072 c1 jakarta.servlet.http.HttpServletRequestWrapper._getHttpServletRequest()Ljakarta/servlet/http/HttpServletRequest; (8 bytes) @ 0x000001d700a795b6 [0x000001d700a79520+0x0000000000000096]
#
# No core dump will be written. Minidumps are not enabled by default on client versions of Windows
#
# If you would like to submit a bug report, please visit:
#   https://github.com/adoptium/adoptium-support/issues
#

---------------  S U M M A R Y ------------

Command Line: -Dfile.encoding=UTF-8 -XX:+ShowCodeDetailsInExceptionMessages -agentpath:C:\Program Files\SentinelOne\Sentinel Agent 23.1.4.650\SentinelJava64.dll com.spencer.ItemApp.ItemAppApplication

Host: Intel(R) Core(TM) i7-5600U CPU @ 2.60GHz, 4 cores, 15G,  Windows 10 , 64 bit Build 19041 (10.0.19041.3570)
Time: Mon Nov 20 13:22:34 2023 Eastern Standard Time elapsed time: 35.826501 seconds (0d 0h 0m 35s)

---------------  T H R E A D  ---------------

Current thread (0x000001d719ae9340):  JavaThread "http-nio-8080-exec-2" daemon [_thread_in_Java, id=3088, stack(0x000000b14c000000,0x000000b14c100000)]

Stack: [0x000000b14c000000,0x000000b14c100000],  sp=0x000000b14c0f92e0,  free space=996k
Native frames: (J=compiled Java code, j=interpreted, Vv=VM code, C=native code)
C  0x000001d700a795b6


siginfo: EXCEPTION_ACCESS_VIOLATION (0xc0000005), reading address 0x00000002fae20af0


Register to memory mapping:

RIP=0x000001d700a795b6 is at entry_point+150 in (nmethod*)0x000001d700a79390
RAX=0x00000002fae20ae8 is an unknown value
RBX=0x0000000800387c20 is a pointer to class: 
jakarta.servlet.http.HttpServletRequest {0x0000000800387c28}
 - instance size:     2
 - klass size:        63
 - access:            public interface abstract 
 - state:             fully_initialized
 - name:              'jakarta/servlet/http/HttpServletRequest'
 - super:             'java/lang/Object'
 - sub:               
 - nof implementors:  2
 - arrays:            NULL
 - methods:           Array<T>(0x000001d710ab20a8)
 - method ordering:   Array<T>(0x000001d70f000018)
 - default_methods:   Array<T>(0x0000000000000000)
 - local interfaces:  Array<T>(0x000001d710aaeb50)
 - trans. interfaces: Array<T>(0x000001d710aaeb50)
 - constants:         constant pool [249] {0x000001d710ab1858} for 'jakarta/servlet/http/HttpServletRequest' cache=0x000001d71d020dc8
 - class loader data:  loader data: 0x000001d77ec56970 for instance a 'jdk/internal/loader/ClassLoaders$AppClassLoader'{0x0000000704f87e00}
 - source file:       'HttpServletRequest.java'
 - class annotations:       Array<T>(0x0000000000000000)
 - class type annotations:  Array<T>(0x0000000000000000)
 - field annotations:       Array<T>(0x0000000000000000)
 - field type annotations:  Array<T>(0x0000000000000000)
 - inner classes:     Array<T>(0x000001d710ab0000)
 - nest members:     Array<T>(0x000001d710ab0018)
 - permitted subclasses:     Array<T>(0x000001d70f000028)
 - java mirror:       a 'java/lang/Class'{0x000000070500b018} = 'jakarta/servlet/http/HttpServletRequest'
 - vtable length      5  (start addr: 0x0000000800387de8)
 - itable length      0 (start addr: 0x0000000800387e10)
 - ---- static fields (2 words):
 - public static final 'BASIC_AUTH' 'Ljava/lang/String;' @112 
 - public static final 'FORM_AUTH' 'Ljava/lang/String;' @116 
 - public static final 'CLIENT_CERT_AUTH' 'Ljava/lang/String;' @120 
 - public static final 'DIGEST_AUTH' 'Ljava/lang/String;' @124 
 - ---- non-static fields (0 words):
 - non-static oop maps: 
RCX=0x00007ffb7dbce30a jvm.dll
RDX=0x00007ffb7dbce30a jvm.dll
RSP=0x000000b14c0f92e0 is pointing into the stack for thread: 0x000001d719ae9340
RBP=0x000000b14c0f9380 is pointing into the stack for thread: 0x000001d719ae9340
RSI=0x000001d71d0bfdf0 is pointing into metadata
RDI=0x000001d719ae9340 is a thread
R8 =0x000000b14c0f97e0 is pointing into the stack for thread: 0x000001d719ae9340
R9 =0x0000000000000001 is an unknown value
R10=0x00007ffb7e200ca0 jvm.dll
R11=0x000001d700a79540 is at entry_point+32 in (nmethod*)0x000001d700a79390
R12=0x0 is NULL
R13=0x000000b14c0f9330 is pointing into the stack for thread: 0x000001d719ae9340
R14=0x000000b14c0f9398 is pointing into the stack for thread: 0x000001d719ae9340
R15=0x000001d719ae9340 is a thread


Registers:
RAX=0x00000002fae20ae8, RBX=0x0000000800387c20, RCX=0x00007ffb7dbce30a, RDX=0x00007ffb7dbce30a
RSP=0x000000b14c0f92e0, RBP=0x000000b14c0f9380, RSI=0x000001d71d0bfdf0, RDI=0x000001d719ae9340
R8 =0x000000b14c0f97e0, R9 =0x0000000000000001, R10=0x00007ffb7e200ca0, R11=0x000001d700a79540
R12=0x0000000000000000, R13=0x000000b14c0f9330, R14=0x000000b14c0f9398, R15=0x000001d719ae9340
RIP=0x000001d700a795b6, EFLAGS=0x0000000000010206

Top of Stack: (sp=0x000000b14c0f92e0)
0x000000b14c0f92e0:   00000000fa5cd6c8 000000000000000f
0x000000b14c0f92f0:   000001d77c7dcda9 00007ffb7de16d2d
0x000000b14c0f9300:   0000000000000000 00007ffb7dcb8fb8
0x000000b14c0f9310:   000000b14c0f9380 000001d707539657
0x000000b14c0f9320:   000000b14c0f9378 000001d707539657
0x000000b14c0f9330:   00007ffb7dbce30a 000000b14c0f9338
0x000000b14c0f9340:   000001d712cd5299 000000b14c0f9398
0x000000b14c0f9350:   000001d71d06c980 000001d71d7b3998
0x000000b14c0f9360:   00000007060f6fb8 000001d712cd52c8
0x000000b14c0f9370:   000000b14c0f9330 000000b14c0f9390
0x000000b14c0f9380:   000000b14c0f9570 000001d707531010
0x000000b14c0f9390:   0000000706825370 00007ffb7dbce30a
0x000000b14c0f93a0:   000001d719ae9340 0000000000000000
0x000000b14c0f93b0:   000001d7144ac0c0 0000000000000000
0x000000b14c0f93c0:   000000b14c0f9801 00007ffb7ddc0600
0x000000b14c0f93d0:   000001d719ae9340 000001d71625d830 

Instructions: (pc=0x000001d700a795b6)
0x000001d700a794b6:   00 00 38 04 00 00 20 00 00 00 b8 17 00 00 03 00
0x000001d700a794c6:   00 00 00 00 00 00 02 00 00 00 00 00 00 00 04 00
0x000001d700a794d6:   00 00 df 01 00 00 02 00 00 00 ff ff ff ff ff ff
0x000001d700a794e6:   ff ff 14 60 18 c0 2b c0 1f c0 16 c0 2f 64 10 c0
0x000001d700a794f6:   93 c0 21 b0 0e c0 17 64 0e 64 38 f0 05 80 11 64
0x000001d700a79506:   29 64 0f 00 00 64 03 f8 f9 7d 18 aa fb 7f 05 70
0x000001d700a79516:   0e 60 01 f8 7e ff 0e 90 0c 64 44 8b 52 08 49 bb
0x000001d700a79526:   00 00 00 00 08 00 00 00 4d 03 d3 4c 3b d0 0f 85
0x000001d700a79536:   46 7b b0 06 66 0f 1f 44 00 00 89 84 24 00 90 ff
0x000001d700a79546:   ff 55 48 83 ec 30 48 b8 f0 fd 0b 1d d7 01 00 00
0x000001d700a79556:   8b b0 cc 00 00 00 83 c6 02 89 b0 cc 00 00 00 81
0x000001d700a79566:   e6 fe 07 00 00 83 fe 00 0f 84 39 01 00 00 48 8b
0x000001d700a79576:   c2 48 be f0 fd 0b 1d d7 01 00 00 48 83 86 10 01
0x000001d700a79586:   00 00 01 8b 42 0c 48 c1 e0 03 48 83 f8 00 75 16
0x000001d700a79596:   48 bf f0 fd 0b 1d d7 01 00 00 80 8f 19 01 00 00
0x000001d700a795a6:   01 e9 ee 00 00 00 48 bb 20 7c 38 00 08 00 00 00
0x000001d700a795b6:   8b 78 08 49 ba 00 00 00 00 08 00 00 00 49 03 fa
0x000001d700a795c6:   48 3b 5f 20 0f 84 1b 00 00 00 48 3b fb 0f 84 12
0x000001d700a795d6:   00 00 00 57 53 e8 a0 dd ba 06 5f 5f 83 ff 00 0f
0x000001d700a795e6:   84 93 00 00 00 48 bf f0 fd 0b 1d d7 01 00 00 8b
0x000001d700a795f6:   58 08 49 ba 00 00 00 00 08 00 00 00 49 03 da 48
0x000001d700a79606:   3b 9f 30 01 00 00 75 0d 48 83 87 38 01 00 00 01
0x000001d700a79616:   e9 7f 00 00 00 48 3b 9f 40 01 00 00 75 0d 48 83
0x000001d700a79626:   87 48 01 00 00 01 e9 69 00 00 00 48 81 bf 30 01
0x000001d700a79636:   00 00 00 00 00 00 75 17 48 89 9f 30 01 00 00 48
0x000001d700a79646:   c7 87 38 01 00 00 01 00 00 00 e9 45 00 00 00 48
0x000001d700a79656:   81 bf 40 01 00 00 00 00 00 00 75 17 48 89 9f 40
0x000001d700a79666:   01 00 00 48 c7 87 48 01 00 00 01 00 00 00 e9 21
0x000001d700a79676:   00 00 00 e9 1c 00 00 00 48 bf f0 fd 0b 1d d7 01
0x000001d700a79686:   00 00 48 83 af 20 01 00 00 01 e9 39 00 00 00 e9
0x000001d700a79696:   00 00 00 00 48 83 c4 30 5d 49 3b a7 48 03 00 00
0x000001d700a796a6:   0f 87 2b 00 00 00 c3 49 ba c0 50 cd 12 d7 01 00 


Stack slot to memory mapping:
stack at sp + 0 slots: 0x00000000fa5cd6c8 is an unknown value
stack at sp + 1 slots: 0x000000000000000f is an unknown value
stack at sp + 2 slots: 0x000001d77c7dcda9 points into unknown readable memory: 6a 61 76 61 2f 6e 69
stack at sp + 3 slots: 0x00007ffb7de16d2d jvm.dll
stack at sp + 4 slots: 0x0 is NULL
stack at sp + 5 slots: 0x00007ffb7dcb8fb8 jvm.dll
stack at sp + 6 slots: 0x000000b14c0f9380 is pointing into the stack for thread: 0x000001d719ae9340
stack at sp + 7 slots: 0x000001d707539657 is at code_begin+1463 in an Interpreter codelet
return entry points  [0x000001d7075390a0, 0x000001d707539ba0]  2816 bytes

--------------------------------------------------------------------------------
[Constant Pool (empty)]

--------------------------------------------------------------------------------

[MachCode]
  0x000001d700a79520: 448b 5208 | 49bb 0000 | 0000 0800 | 0000 4d03 | d34c 3bd0 | 0f85 467b | b006 660f | 1f44 0000 
  0x000001d700a79540: 8984 2400 | 90ff ff55 | 4883 ec30 | 48b8 f0fd | 0b1d d701 | 0000 8bb0 | cc00 0000 | 83c6 0289 
  0x000001d700a79560: b0cc 0000 | 0081 e6fe | 0700 0083 | fe00 0f84 | 3901 0000 | 488b c248 | bef0 fd0b | 1dd7 0100 
  0x000001d700a79580: 0048 8386 | 1001 0000 | 018b 420c | 48c1 e003 | 4883 f800 | 7516 48bf | f0fd 0b1d | d701 0000 
  0x000001d700a795a0: 808f 1901 | 0000 01e9 | ee00 0000 | 48bb 207c | 3800 0800 | 0000 8b78 | 0849 ba00 | 0000 0008 
  0x000001d700a795c0: 0000 0049 | 03fa 483b | 5f20 0f84 | 1b00 0000 | 483b fb0f | 8412 0000 | 0057 53e8 | a0dd ba06 
  0x000001d700a795e0: 5f5f 83ff | 000f 8493 | 0000 0048 | bff0 fd0b | 1dd7 0100 | 008b 5808 | 49ba 0000 | 0000 0800 
  0x000001d700a79600: 0000 4903 | da48 3b9f | 3001 0000 | 750d 4883 | 8738 0100 | 0001 e97f | 0000 0048 | 3b9f 4001 
  0x000001d700a79620: 0000 750d | 4883 8748 | 0100 0001 | e969 0000 | 0048 81bf | 3001 0000 | 0000 0000 | 7517 4889 
  0x000001d700a79640: 9f30 0100 | 0048 c787 | 3801 0000 | 0100 0000 | e945 0000 | 0048 81bf | 4001 0000 | 0000 0000 
  0x000001d700a79660: 7517 4889 | 9f40 0100 | 0048 c787 | 4801 0000 | 0100 0000 | e921 0000 | 00e9 1c00 | 0000 48bf 
  0x000001d700a79680: f0fd 0b1d | d701 0000 | 4883 af20 | 0100 0001 | e939 0000 | 00e9 0000 | 0000 4883 | c430 5d49 
  0x000001d700a796a0: 3ba7 4803 | 0000 0f87 | 2b00 0000 | c349 bac0 | 50cd 12d7 | 0100 004c | 8954 2408 | 48c7 0424 
  0x000001d700a796c0: ffff ffff | e8b7 03bb | 06e9 a6fe | ffff 4889 | 0424 e8c9 | d6ba 0649 | ba9f 96a7 | 00d7 0100 
  0x000001d700a796e0: 004d 8997 | 6003 0000 | e913 e3b0 | 0690 9049 | 8b87 d803 | 0000 49c7 | 87d8 0300 | 0000 0000 
  0x000001d700a79700: 0049 c787 | e003 0000 | 0000 0000 | 4883 c430 | 5de9 6aa0 | ba06 f4f4 | f4f4 f4f4 | f4f4 f4f4 
  0x000001d700a79720: e85b d0ba | 0648 b918 | aaf9 7dfb | 7f00 0048 | 83e4 f049 | ba80 efc1 | 7dfb 7f00 | 0041 ffd2 
  0x000001d700a79740: f449 ba41 | 97a7 00d7 | 0100 0041 | 52e9 4ed5 | b006 f4f4 | f4f4 f4f4 
[/MachCode]
--------------------------------------------------------------------------------


---------------  P R O C E S S  ---------------

Threads class SMR info:
_java_thread_list=0x000001d7162197e0, length=29, elements={
0x000001d77ec025b0, 0x000001d77ec110c0, 0x000001d77ec36290, 0x000001d77ec39320,
0x000001d77ec57690, 0x000001d77ec5aec0, 0x000001d77ec76040, 0x000001d77ec770f0,
0x000001d77ec7c9a0, 0x000001d77ee17e10, 0x000001d77ee35eb0, 0x000001d7147c5e90,
0x000001d7147c63a0, 0x000001d7147c68b0, 0x000001d7147c4540, 0x000001d7147c5470,
0x000001d7147c72d0, 0x000001d719ae9340, 0x000001d719ae9850, 0x000001d719aeac90,
0x000001d719aeb1a0, 0x000001d719ae8e30, 0x000001d719ae79f0, 0x000001d719ae8920,
0x000001d719ae9d60, 0x000001d719ae7f00, 0x000001d719ae8410, 0x000001d719aea270,
0x000001d719aea780
}

Java Threads: ( => current thread )
  0x000001d77ec025b0 JavaThread "Reference Handler" daemon [_thread_blocked, id=1496, stack(0x000000b14a700000,0x000000b14a800000)]
  0x000001d77ec110c0 JavaThread "Finalizer" daemon [_thread_blocked, id=14340, stack(0x000000b14a800000,0x000000b14a900000)]
  0x000001d77ec36290 JavaThread "Signal Dispatcher" daemon [_thread_blocked, id=9300, stack(0x000000b14a900000,0x000000b14aa00000)]
  0x000001d77ec39320 JavaThread "Attach Listener" daemon [_thread_blocked, id=16116, stack(0x000000b14aa00000,0x000000b14ab00000)]
  0x000001d77ec57690 JavaThread "Service Thread" daemon [_thread_blocked, id=15476, stack(0x000000b14ab00000,0x000000b14ac00000)]
  0x000001d77ec5aec0 JavaThread "Monitor Deflation Thread" daemon [_thread_blocked, id=9284, stack(0x000000b14ac00000,0x000000b14ad00000)]
  0x000001d77ec76040 JavaThread "C2 CompilerThread0" daemon [_thread_blocked, id=15656, stack(0x000000b14ad00000,0x000000b14ae00000)]
  0x000001d77ec770f0 JavaThread "C1 CompilerThread0" daemon [_thread_blocked, id=14356, stack(0x000000b14ae00000,0x000000b14af00000)]
  0x000001d77ec7c9a0 JavaThread "Sweeper thread" daemon [_thread_blocked, id=14044, stack(0x000000b14af00000,0x000000b14b000000)]
  0x000001d77ee17e10 JavaThread "Notification Thread" daemon [_thread_blocked, id=11104, stack(0x000000b14b000000,0x000000b14b100000)]
  0x000001d77ee35eb0 JavaThread "Common-Cleaner" daemon [_thread_blocked, id=2076, stack(0x000000b14b200000,0x000000b14b300000)]
  0x000001d7147c5e90 JavaThread "Catalina-utility-1" [_thread_blocked, id=3800, stack(0x000000b14b800000,0x000000b14b900000)]
  0x000001d7147c63a0 JavaThread "Catalina-utility-2" [_thread_blocked, id=8160, stack(0x000000b14b900000,0x000000b14ba00000)]
  0x000001d7147c68b0 JavaThread "container-0" [_thread_blocked, id=11844, stack(0x000000b14ba00000,0x000000b14bb00000)]
  0x000001d7147c4540 JavaThread "mssql-jdbc-shared-timer-core-0" daemon [_thread_blocked, id=6896, stack(0x000000b14bc00000,0x000000b14bd00000)]
  0x000001d7147c5470 JavaThread "HikariPool-1 housekeeper" daemon [_thread_blocked, id=12100, stack(0x000000b14bd00000,0x000000b14be00000)]
  0x000001d7147c72d0 JavaThread "http-nio-8080-exec-1" daemon [_thread_blocked, id=4500, stack(0x000000b14bf00000,0x000000b14c000000)]
=>0x000001d719ae9340 JavaThread "http-nio-8080-exec-2" daemon [_thread_in_Java, id=3088, stack(0x000000b14c000000,0x000000b14c100000)]
  0x000001d719ae9850 JavaThread "http-nio-8080-exec-3" daemon [_thread_blocked, id=18416, stack(0x000000b14c100000,0x000000b14c200000)]
  0x000001d719aeac90 JavaThread "http-nio-8080-exec-4" daemon [_thread_blocked, id=2652, stack(0x000000b14c200000,0x000000b14c300000)]
  0x000001d719aeb1a0 JavaThread "http-nio-8080-exec-5" daemon [_thread_blocked, id=3676, stack(0x000000b14c300000,0x000000b14c400000)]
  0x000001d719ae8e30 JavaThread "http-nio-8080-exec-6" daemon [_thread_blocked, id=1128, stack(0x000000b14c400000,0x000000b14c500000)]
  0x000001d719ae79f0 JavaThread "http-nio-8080-exec-7" daemon [_thread_blocked, id=11332, stack(0x000000b14c500000,0x000000b14c600000)]
  0x000001d719ae8920 JavaThread "http-nio-8080-exec-8" daemon [_thread_blocked, id=11960, stack(0x000000b14c600000,0x000000b14c700000)]
  0x000001d719ae9d60 JavaThread "http-nio-8080-exec-9" daemon [_thread_blocked, id=12384, stack(0x000000b14c700000,0x000000b14c800000)]
  0x000001d719ae7f00 JavaThread "http-nio-8080-exec-10" daemon [_thread_blocked, id=16424, stack(0x000000b14c800000,0x000000b14c900000)]
  0x000001d719ae8410 JavaThread "http-nio-8080-Poller" daemon [_thread_in_native, id=15124, stack(0x000000b14c900000,0x000000b14ca00000)]
  0x000001d719aea270 JavaThread "http-nio-8080-Acceptor" daemon [_thread_in_native, id=7588, stack(0x000000b14ca00000,0x000000b14cb00000)]
  0x000001d719aea780 JavaThread "DestroyJavaVM" [_thread_blocked, id=17872, stack(0x000000b14a000000,0x000000b14a100000)]

Other Threads:
  0x000001d77ebc1700 VMThread "VM Thread" [stack: 0x000000b14a600000,0x000000b14a700000] [id=4904]
  0x000001d77ee1ed30 WatcherThread [stack: 0x000000b14b100000,0x000000b14b200000] [id=6356]
  0x000001d76fb259d0 GCTaskThread "GC Thread#0" [stack: 0x000000b14a100000,0x000000b14a200000] [id=8452]
  0x000001d77ee53bb0 GCTaskThread "GC Thread#1" [stack: 0x000000b14b400000,0x000000b14b500000] [id=10280]
  0x000001d77ee54970 GCTaskThread "GC Thread#2" [stack: 0x000000b14b500000,0x000000b14b600000] [id=18100]
  0x000001d77ee54c30 GCTaskThread "GC Thread#3" [stack: 0x000000b14b600000,0x000000b14b700000] [id=12684]
  0x000001d76fb36450 ConcurrentGCThread "G1 Main Marker" [stack: 0x000000b14a200000,0x000000b14a300000] [id=17316]
  0x000001d76fb38e60 ConcurrentGCThread "G1 Conc#0" [stack: 0x000000b14a300000,0x000000b14a400000] [id=18208]
  0x000001d77c73fd90 ConcurrentGCThread "G1 Refine#0" [stack: 0x000000b14a400000,0x000000b14a500000] [id=1092]
  0x000001d7145bf820 ConcurrentGCThread "G1 Refine#1" [stack: 0x000000b14b700000,0x000000b14b800000] [id=13736]
  0x000001d77c740f50 ConcurrentGCThread "G1 Service" [stack: 0x000000b14a500000,0x000000b14a600000] [id=12804]

Threads with active compile tasks:

VM state: not at safepoint (normal execution)

VM Mutex/Monitor currently owned by a thread: None

Heap address: 0x0000000704c00000, size: 4020 MB, Compressed Oops mode: Zero based, Oop shift amount: 3

CDS archive(s) not mapped
Compressed class space mapped at: 0x0000000800000000-0x0000000840000000, reserved size: 1073741824
Narrow klass base: 0x0000000800000000, Narrow klass shift: 0, Narrow klass range: 0x40000000

GC Precious Log:
 CPUs: 4 total, 4 available
 Memory: 16079M
 Large Page Support: Disabled
 NUMA Support: Disabled
 Compressed Oops: Enabled (Zero based)
 Heap Region Size: 2M
 Heap Min Capacity: 8M
 Heap Initial Capacity: 252M
 Heap Max Capacity: 4020M
 Pre-touch: Disabled
 Parallel Workers: 4
 Concurrent Workers: 1
 Concurrent Refinement Workers: 4
 Periodic GC: Disabled

Heap:
 garbage-first heap   total 69632K, used 44684K [0x0000000704c00000, 0x0000000800000000)
  region size 2048K, 9 young (18432K), 1 survivors (2048K)
 Metaspace       used 83474K, committed 84032K, reserved 1179648K
  class space    used 10315K, committed 10560K, reserved 1048576K

Heap Regions: E=young(eden), S=young(survivor), O=old, HS=humongous(starts), HC=humongous(continues), CS=collection set, F=free, OA=open archive, CA=closed archive, TAMS=top-at-mark-start (previous, next)
|   0|0x0000000704c00000, 0x0000000704e00000, 0x0000000704e00000|100%| O|  |TAMS 0x0000000704e00000, 0x0000000704c00000| Untracked 
|   1|0x0000000704e00000, 0x0000000705000000, 0x0000000705000000|100%| O|  |TAMS 0x0000000705000000, 0x0000000704e00000| Untracked 
|   2|0x0000000705000000, 0x0000000705200000, 0x0000000705200000|100%| O|  |TAMS 0x0000000705200000, 0x0000000705000000| Untracked 
|   3|0x0000000705200000, 0x0000000705400000, 0x0000000705400000|100%| O|  |TAMS 0x0000000705400000, 0x0000000705200000| Untracked 
|   4|0x0000000705400000, 0x0000000705600000, 0x0000000705600000|100%| O|  |TAMS 0x0000000705600000, 0x0000000705400000| Untracked 
|   5|0x0000000705600000, 0x0000000705800000, 0x0000000705800000|100%| O|  |TAMS 0x0000000705800000, 0x0000000705600000| Untracked 
|   6|0x0000000705800000, 0x0000000705a00000, 0x0000000705a00000|100%| O|  |TAMS 0x0000000705a00000, 0x0000000705800000| Untracked 
|   7|0x0000000705a00000, 0x0000000705c00000, 0x0000000705c00000|100%| O|  |TAMS 0x0000000705c00000, 0x0000000705a00000| Untracked 
|   8|0x0000000705c00000, 0x0000000705e00000, 0x0000000705e00000|100%| O|  |TAMS 0x0000000705c00000, 0x0000000705c00000| Untracked 
|   9|0x0000000705e00000, 0x0000000706000000, 0x0000000706000000|100%| O|  |TAMS 0x0000000706000000, 0x0000000705e00000| Untracked 
|  10|0x0000000706000000, 0x0000000706200000, 0x0000000706200000|100%| O|  |TAMS 0x0000000706000000, 0x0000000706000000| Untracked 
|  11|0x0000000706200000, 0x0000000706400000, 0x0000000706400000|100%| O|  |TAMS 0x0000000706200000, 0x0000000706200000| Untracked 
|  12|0x0000000706400000, 0x0000000706600000, 0x0000000706600000|100%| O|  |TAMS 0x0000000706400000, 0x0000000706400000| Untracked 
|  13|0x0000000706600000, 0x0000000706800000, 0x0000000706800000|100%| O|  |TAMS 0x0000000706600000, 0x0000000706600000| Untracked 
|  14|0x0000000706800000, 0x0000000706a00000, 0x0000000706a00000|100%| O|  |TAMS 0x0000000706800000, 0x0000000706800000| Untracked 
|  15|0x0000000706a00000, 0x0000000706a25200, 0x0000000706c00000|  7%| O|  |TAMS 0x0000000706a00000, 0x0000000706a00000| Untracked 
|  16|0x0000000706c00000, 0x0000000706c00000, 0x0000000706e00000|  0%| F|  |TAMS 0x0000000706c00000, 0x0000000706c00000| Untracked 
|  17|0x0000000706e00000, 0x0000000706e00000, 0x0000000707000000|  0%| F|  |TAMS 0x0000000706e00000, 0x0000000706e00000| Untracked 
|  18|0x0000000707000000, 0x0000000707000000, 0x0000000707200000|  0%| F|  |TAMS 0x0000000707000000, 0x0000000707000000| Untracked 
|  19|0x0000000707200000, 0x0000000707200000, 0x0000000707400000|  0%| F|  |TAMS 0x0000000707200000, 0x0000000707200000| Untracked 
|  20|0x0000000707400000, 0x0000000707400000, 0x0000000707600000|  0%| F|  |TAMS 0x0000000707400000, 0x0000000707400000| Untracked 
|  21|0x0000000707600000, 0x0000000707600000, 0x0000000707800000|  0%| F|  |TAMS 0x0000000707600000, 0x0000000707600000| Untracked 
|  22|0x0000000707800000, 0x000000070797e0c8, 0x0000000707a00000| 74%| S|CS|TAMS 0x0000000707800000, 0x0000000707800000| Complete 
|  23|0x0000000707a00000, 0x0000000707a00000, 0x0000000707c00000|  0%| F|  |TAMS 0x0000000707a00000, 0x0000000707a00000| Untracked 
|  24|0x0000000707c00000, 0x0000000707c00000, 0x0000000707e00000|  0%| F|  |TAMS 0x0000000707c00000, 0x0000000707c00000| Untracked 
|  25|0x0000000707e00000, 0x0000000707e00000, 0x0000000708000000|  0%| F|  |TAMS 0x0000000707e00000, 0x0000000707e00000| Untracked 
|  26|0x0000000708000000, 0x0000000708124840, 0x0000000708200000| 57%| E|  |TAMS 0x0000000708000000, 0x0000000708000000| Complete 
|  27|0x0000000708200000, 0x0000000708400000, 0x0000000708400000|100%| E|CS|TAMS 0x0000000708200000, 0x0000000708200000| Complete 
|  28|0x0000000708400000, 0x0000000708600000, 0x0000000708600000|100%| E|CS|TAMS 0x0000000708400000, 0x0000000708400000| Complete 
|  29|0x0000000708600000, 0x0000000708800000, 0x0000000708800000|100%| E|CS|TAMS 0x0000000708600000, 0x0000000708600000| Complete 
|  65|0x000000070ce00000, 0x000000070d000000, 0x000000070d000000|100%| E|  |TAMS 0x000000070ce00000, 0x000000070ce00000| Complete 
|  66|0x000000070d000000, 0x000000070d200000, 0x000000070d200000|100%| E|CS|TAMS 0x000000070d000000, 0x000000070d000000| Complete 
|  67|0x000000070d200000, 0x000000070d400000, 0x000000070d400000|100%| E|CS|TAMS 0x000000070d200000, 0x000000070d200000| Complete 
| 125|0x0000000714600000, 0x0000000714800000, 0x0000000714800000|100%| E|CS|TAMS 0x0000000714600000, 0x0000000714600000| Complete 

Card table byte_map: [0x000001d773920000,0x000001d774100000] _byte_map_base: 0x000001d7700fa000

Marking Bits (Prev, Next): (CMBitMap*) 0x000001d76fb26020, (CMBitMap*) 0x000001d76fb25fe0
 Prev Bits: [0x000001d7787b0000, 0x000001d77c680000)
 Next Bits: [0x000001d7748e0000, 0x000001d7787b0000)

Polling page: 0x000001d76f240000

Metaspace:

Usage:
  Non-class:     71.44 MB used.
      Class:     10.07 MB used.
       Both:     81.52 MB used.

Virtual space:
  Non-class space:      128.00 MB reserved,      71.75 MB ( 56%) committed,  2 nodes.
      Class space:        1.00 GB reserved,      10.31 MB (  1%) committed,  1 nodes.
             Both:        1.12 GB reserved,      82.06 MB (  7%) committed. 

Chunk freelists:
   Non-Class:  8.22 MB
       Class:  5.70 MB
        Both:  13.91 MB

MaxMetaspaceSize: unlimited
CompressedClassSpaceSize: 1.00 GB
Initial GC threshold: 21.00 MB
Current GC threshold: 98.56 MB
CDS: off
MetaspaceReclaimPolicy: balanced
 - commit_granule_bytes: 65536.
 - commit_granule_words: 8192.
 - virtual_space_node_default_size: 8388608.
 - enlarge_chunks_in_place: 1.
 - new_chunks_are_fully_committed: 0.
 - uncommit_free_chunks: 1.
 - use_allocation_guard: 0.
 - handle_deallocations: 1.


Internal statistics:

num_allocs_failed_limit: 9.
num_arena_births: 800.
num_arena_deaths: 0.
num_vsnodes_births: 3.
num_vsnodes_deaths: 0.
num_space_committed: 1313.
num_space_uncommitted: 0.
num_chunks_returned_to_freelist: 9.
num_chunks_taken_from_freelist: 3336.
num_chunk_merges: 3.
num_chunk_splits: 2427.
num_chunks_enlarged: 1929.
num_inconsistent_stats: 0.

CodeHeap 'non-profiled nmethods': size=120000Kb used=4201Kb max_used=4201Kb free=115798Kb
 bounds [0x000001d707ad0000, 0x000001d707ef0000, 0x000001d70f000000]
CodeHeap 'profiled nmethods': size=120000Kb used=12354Kb max_used=12354Kb free=107646Kb
 bounds [0x000001d700000000, 0x000001d700c20000, 0x000001d707530000]
CodeHeap 'non-nmethods': size=5760Kb used=1392Kb max_used=1434Kb free=4367Kb
 bounds [0x000001d707530000, 0x000001d7077a0000, 0x000001d707ad0000]
 total_blobs=6491 nmethods=5758 adapters=645
 compilation: enabled
              stopped_count=0, restarted_count=0
 full_count=0

Compilation events (20 events):
Event: 35.783 Thread 0x000001d77ec770f0 6482       3       java.lang.invoke.LambdaFormBuffer::endEdit (313 bytes)
Event: 35.783 Thread 0x000001d77ec770f0 nmethod 6482 0x000001d700c0c090 code [0x000001d700c0c300, 0x000001d700c0d178]
Event: 35.783 Thread 0x000001d77ec770f0 6483       3       java.lang.invoke.LambdaFormBuffer::replaceName (124 bytes)
Event: 35.784 Thread 0x000001d77ec770f0 nmethod 6483 0x000001d700c0d590 code [0x000001d700c0d740, 0x000001d700c0d928]
Event: 35.786 Thread 0x000001d77ec770f0 6484       1       java.util.logging.LogManager$LoggerWeakRef::setParentRef (6 bytes)
Event: 35.786 Thread 0x000001d77ec770f0 nmethod 6484 0x000001d707ee9b10 code [0x000001d707ee9ca0, 0x000001d707ee9db8]
Event: 35.787 Thread 0x000001d77ec76040 6485       4       java.lang.ref.Reference::clear (5 bytes)
Event: 35.787 Thread 0x000001d77ec770f0 6486       3       org.apache.jasper.compiler.SmapUtil$SDEInstaller::readU1 (21 bytes)
Event: 35.788 Thread 0x000001d77ec770f0 nmethod 6486 0x000001d700c0da10 code [0x000001d700c0dba0, 0x000001d700c0dcf8]
Event: 35.788 Thread 0x000001d77ec76040 nmethod 6485 0x000001d707ee9e10 code [0x000001d707ee9fa0, 0x000001d707eea048]
Event: 35.788 Thread 0x000001d77ec770f0 6487       3       org.apache.jasper.compiler.SmapUtil$SDEInstaller::writeU1 (19 bytes)
Event: 35.788 Thread 0x000001d77ec770f0 nmethod 6487 0x000001d700c0de10 code [0x000001d700c0dfa0, 0x000001d700c0e0f8]
Event: 35.788 Thread 0x000001d77ec770f0 6488       3       org.apache.jasper.compiler.SmapUtil$SDEInstaller::readBytes (38 bytes)
Event: 35.788 Thread 0x000001d77ec770f0 nmethod 6488 0x000001d700c0e210 code [0x000001d700c0e3c0, 0x000001d700c0e678]
Event: 35.788 Thread 0x000001d77ec770f0 6489       3       org.apache.jasper.compiler.SmapUtil$SDEInstaller::writeBytes (45 bytes)
Event: 35.788 Thread 0x000001d77ec770f0 nmethod 6489 0x000001d700c0e790 code [0x000001d700c0e940, 0x000001d700c0eb58]
Event: 35.801 Thread 0x000001d77ec76040 6490       4       java.lang.ClassLoader::findLoadedClass (15 bytes)
Event: 35.802 Thread 0x000001d77ec770f0 6491       3       org.apache.catalina.core.DefaultInstanceManager::findLifecycleCallback (110 bytes)
Event: 35.803 Thread 0x000001d77ec770f0 nmethod 6491 0x000001d700c0ec90 code [0x000001d700c0efc0, 0x000001d700c10458]
Event: 35.804 Thread 0x000001d77ec76040 nmethod 6490 0x000001d707eea110 code [0x000001d707eea2a0, 0x000001d707eea4c8]

GC Heap History (20 events):
Event: 6.675 GC heap before
{Heap before GC invocations=14 (full 0):
 garbage-first heap   total 69632K, used 22054K [0x0000000704c00000, 0x0000000800000000)
  region size 2048K, 4 young (8192K), 3 survivors (6144K)
 Metaspace       used 42104K, committed 42496K, reserved 1114112K
  class space    used 4911K, committed 5120K, reserved 1048576K
}
Event: 6.685 GC heap after
{Heap after GC invocations=15 (full 0):
 garbage-first heap   total 69632K, used 20036K [0x0000000704c00000, 0x0000000800000000)
  region size 2048K, 1 young (2048K), 1 survivors (2048K)
 Metaspace       used 42104K, committed 42496K, reserved 1114112K
  class space    used 4911K, committed 5120K, reserved 1048576K
}
Event: 7.737 GC heap before
{Heap before GC invocations=15 (full 0):
 garbage-first heap   total 69632K, used 48708K [0x0000000704c00000, 0x0000000800000000)
  region size 2048K, 15 young (30720K), 1 survivors (2048K)
 Metaspace       used 51316K, committed 51712K, reserved 1114112K
  class space    used 6143K, committed 6336K, reserved 1048576K
}
Event: 7.741 GC heap after
{Heap after GC invocations=16 (full 0):
 garbage-first heap   total 69632K, used 20933K [0x0000000704c00000, 0x0000000800000000)
  region size 2048K, 1 young (2048K), 1 survivors (2048K)
 Metaspace       used 51316K, committed 51712K, reserved 1114112K
  class space    used 6143K, committed 6336K, reserved 1048576K
}
Event: 8.786 GC heap before
{Heap before GC invocations=16 (full 0):
 garbage-first heap   total 69632K, used 51653K [0x0000000704c00000, 0x0000000800000000)
  region size 2048K, 16 young (32768K), 1 survivors (2048K)
 Metaspace       used 57980K, committed 58432K, reserved 1114112K
  class space    used 6987K, committed 7168K, reserved 1048576K
}
Event: 8.791 GC heap after
{Heap after GC invocations=17 (full 0):
 garbage-first heap   total 69632K, used 23285K [0x0000000704c00000, 0x0000000800000000)
  region size 2048K, 2 young (4096K), 2 survivors (4096K)
 Metaspace       used 57980K, committed 58432K, reserved 1114112K
  class space    used 6987K, committed 7168K, reserved 1048576K
}
Event: 8.938 GC heap before
{Heap before GC invocations=17 (full 0):
 garbage-first heap   total 69632K, used 27381K [0x0000000704c00000, 0x0000000800000000)
  region size 2048K, 5 young (10240K), 2 survivors (4096K)
 Metaspace       used 59793K, committed 60288K, reserved 1114112K
  class space    used 7335K, committed 7552K, reserved 1048576K
}
Event: 8.943 GC heap after
{Heap after GC invocations=18 (full 0):
 garbage-first heap   total 69632K, used 23906K [0x0000000704c00000, 0x0000000800000000)
  region size 2048K, 1 young (2048K), 1 survivors (2048K)
 Metaspace       used 59793K, committed 60288K, reserved 1114112K
  class space    used 7335K, committed 7552K, reserved 1048576K
}
Event: 9.900 GC heap before
{Heap before GC invocations=19 (full 0):
 garbage-first heap   total 69632K, used 52578K [0x0000000704c00000, 0x0000000800000000)
  region size 2048K, 15 young (30720K), 1 survivors (2048K)
 Metaspace       used 65515K, committed 66048K, reserved 1114112K
  class space    used 8310K, committed 8576K, reserved 1048576K
}
Event: 9.904 GC heap after
{Heap after GC invocations=20 (full 0):
 garbage-first heap   total 69632K, used 24683K [0x0000000704c00000, 0x0000000800000000)
  region size 2048K, 1 young (2048K), 1 survivors (2048K)
 Metaspace       used 65515K, committed 66048K, reserved 1114112K
  class space    used 8310K, committed 8576K, reserved 1048576K
}
Event: 10.105 GC heap before
{Heap before GC invocations=20 (full 0):
 garbage-first heap   total 69632K, used 26731K [0x0000000704c00000, 0x0000000800000000)
  region size 2048K, 2 young (4096K), 1 survivors (2048K)
 Metaspace       used 65735K, committed 66304K, reserved 1114112K
  class space    used 8333K, committed 8640K, reserved 1048576K
}
Event: 10.111 GC heap after
{Heap after GC invocations=21 (full 0):
 garbage-first heap   total 69632K, used 24740K [0x0000000704c00000, 0x0000000800000000)
  region size 2048K, 1 young (2048K), 1 survivors (2048K)
 Metaspace       used 65735K, committed 66304K, reserved 1114112K
  class space    used 8333K, committed 8640K, reserved 1048576K
}
Event: 10.886 GC heap before
{Heap before GC invocations=21 (full 0):
 garbage-first heap   total 69632K, used 53412K [0x0000000704c00000, 0x0000000800000000)
  region size 2048K, 15 young (30720K), 1 survivors (2048K)
 Metaspace       used 69544K, committed 70016K, reserved 1114112K
  class space    used 8841K, committed 9088K, reserved 1048576K
}
Event: 10.891 GC heap after
{Heap after GC invocations=22 (full 0):
 garbage-first heap   total 69632K, used 26553K [0x0000000704c00000, 0x0000000800000000)
  region size 2048K, 2 young (4096K), 2 survivors (4096K)
 Metaspace       used 69544K, committed 70016K, reserved 1114112K
  class space    used 8841K, committed 9088K, reserved 1048576K
}
Event: 11.703 GC heap before
{Heap before GC invocations=22 (full 0):
 garbage-first heap   total 69632K, used 53177K [0x0000000704c00000, 0x0000000800000000)
  region size 2048K, 15 young (30720K), 2 survivors (4096K)
 Metaspace       used 72456K, committed 73024K, reserved 1114112K
  class space    used 9270K, committed 9536K, reserved 1048576K
}
Event: 11.710 GC heap after
{Heap after GC invocations=23 (full 0):
 garbage-first heap   total 69632K, used 28818K [0x0000000704c00000, 0x0000000800000000)
  region size 2048K, 2 young (4096K), 2 survivors (4096K)
 Metaspace       used 72456K, committed 73024K, reserved 1114112K
  class space    used 9270K, committed 9536K, reserved 1048576K
}
Event: 34.368 GC heap before
{Heap before GC invocations=23 (full 0):
 garbage-first heap   total 69632K, used 53394K [0x0000000704c00000, 0x0000000800000000)
  region size 2048K, 14 young (28672K), 2 survivors (4096K)
 Metaspace       used 75842K, committed 76416K, reserved 1179648K
  class space    used 9690K, committed 9984K, reserved 1048576K
}
Event: 34.381 GC heap after
{Heap after GC invocations=24 (full 0):
 garbage-first heap   total 69632K, used 31033K [0x0000000704c00000, 0x0000000800000000)
  region size 2048K, 2 young (4096K), 2 survivors (4096K)
 Metaspace       used 75842K, committed 76416K, reserved 1179648K
  class space    used 9690K, committed 9984K, reserved 1048576K
}
Event: 35.063 GC heap before
{Heap before GC invocations=24 (full 0):
 garbage-first heap   total 69632K, used 51513K [0x0000000704c00000, 0x0000000800000000)
  region size 2048K, 13 young (26624K), 2 survivors (4096K)
 Metaspace       used 80483K, committed 81024K, reserved 1179648K
  class space    used 10065K, committed 10304K, reserved 1048576K
}
Event: 35.071 GC heap after
{Heap after GC invocations=25 (full 0):
 garbage-first heap   total 69632K, used 32396K [0x0000000704c00000, 0x0000000800000000)
  region size 2048K, 1 young (2048K), 1 survivors (2048K)
 Metaspace       used 80483K, committed 81024K, reserved 1179648K
  class space    used 10065K, committed 10304K, reserved 1048576K
}

Dll operation events (9 events):
Event: 0.017 Loaded shared library C:\Users\JPiccione\.p2\pool\plugins\org.eclipse.justj.openjdk.hotspot.jre.full.win32.x86_64_17.0.8.v20230831-1047\jre\bin\java.dll
Event: 0.209 Loaded shared library C:\Users\JPiccione\.p2\pool\plugins\org.eclipse.justj.openjdk.hotspot.jre.full.win32.x86_64_17.0.8.v20230831-1047\jre\bin\jimage.dll
Event: 0.226 Loaded shared library C:\Users\JPiccione\.p2\pool\plugins\org.eclipse.justj.openjdk.hotspot.jre.full.win32.x86_64_17.0.8.v20230831-1047\jre\bin\net.dll
Event: 0.228 Loaded shared library C:\Users\JPiccione\.p2\pool\plugins\org.eclipse.justj.openjdk.hotspot.jre.full.win32.x86_64_17.0.8.v20230831-1047\jre\bin\nio.dll
Event: 0.234 Loaded shared library C:\Users\JPiccione\.p2\pool\plugins\org.eclipse.justj.openjdk.hotspot.jre.full.win32.x86_64_17.0.8.v20230831-1047\jre\bin\zip.dll
Event: 5.628 Loaded shared library C:\Users\JPiccione\.p2\pool\plugins\org.eclipse.justj.openjdk.hotspot.jre.full.win32.x86_64_17.0.8.v20230831-1047\jre\bin\sunmscapi.dll
Event: 5.665 Loaded shared library C:\Users\JPiccione\.p2\pool\plugins\org.eclipse.justj.openjdk.hotspot.jre.full.win32.x86_64_17.0.8.v20230831-1047\jre\bin\management.dll
Event: 5.668 Loaded shared library C:\Users\JPiccione\.p2\pool\plugins\org.eclipse.justj.openjdk.hotspot.jre.full.win32.x86_64_17.0.8.v20230831-1047\jre\bin\management_ext.dll
Event: 6.954 Loaded shared library C:\Users\JPiccione\.p2\pool\plugins\org.eclipse.justj.openjdk.hotspot.jre.full.win32.x86_64_17.0.8.v20230831-1047\jre\bin\verify.dll

Deoptimization events (20 events):
Event: 35.396 Thread 0x000001d719ae9340 Uncommon trap: trap_request=0xffffff45 fr.pc=0x000001d707d51d34 relative=0x00000000000001b4
Event: 35.396 Thread 0x000001d719ae9340 Uncommon trap: reason=unstable_if action=reinterpret pc=0x000001d707d51d34 method=java.lang.ClassLoader.getResource(Ljava/lang/String;)Ljava/net/URL; @ 30 c2
Event: 35.396 Thread 0x000001d719ae9340 DEOPT PACKING pc=0x000001d707d51d34 sp=0x000000b14c0f9100
Event: 35.396 Thread 0x000001d719ae9340 DEOPT UNPACKING pc=0x000001d7075869a3 sp=0x000000b14c0f9038 mode 2
Event: 35.519 Thread 0x000001d719ae9340 Uncommon trap: trap_request=0xffffff6e fr.pc=0x000001d707edaabc relative=0x000000000000049c
Event: 35.519 Thread 0x000001d719ae9340 Uncommon trap: reason=loop_limit_check action=maybe_recompile pc=0x000001d707edaabc method=org.eclipse.jdt.internal.compiler.classfmt.ClassFileStruct.utf8At(II)[C @ 143 c2
Event: 35.519 Thread 0x000001d719ae9340 DEOPT PACKING pc=0x000001d707edaabc sp=0x000000b14c0f9590
Event: 35.519 Thread 0x000001d719ae9340 DEOPT UNPACKING pc=0x000001d7075869a3 sp=0x000000b14c0f9528 mode 2
Event: 35.581 Thread 0x000001d719ae9340 Uncommon trap: trap_request=0xffffff45 fr.pc=0x000001d707d0535c relative=0x000000000000033c
Event: 35.581 Thread 0x000001d719ae9340 Uncommon trap: reason=unstable_if action=reinterpret pc=0x000001d707d0535c method=java.util.HashMap.getNode(Ljava/lang/Object;)Ljava/util/HashMap$Node; @ 66 c2
Event: 35.581 Thread 0x000001d719ae9340 DEOPT PACKING pc=0x000001d707d0535c sp=0x000000b14c0f8980
Event: 35.581 Thread 0x000001d719ae9340 DEOPT UNPACKING pc=0x000001d7075869a3 sp=0x000000b14c0f88c0 mode 2
Event: 35.581 Thread 0x000001d719ae9340 Uncommon trap: trap_request=0xffffff45 fr.pc=0x000001d707be2864 relative=0x0000000000000344
Event: 35.581 Thread 0x000001d719ae9340 Uncommon trap: reason=unstable_if action=reinterpret pc=0x000001d707be2864 method=java.util.HashMap.getNode(Ljava/lang/Object;)Ljava/util/HashMap$Node; @ 66 c2
Event: 35.581 Thread 0x000001d719ae9340 DEOPT PACKING pc=0x000001d707be2864 sp=0x000000b14c0f8950
Event: 35.581 Thread 0x000001d719ae9340 DEOPT UNPACKING pc=0x000001d7075869a3 sp=0x000000b14c0f88f0 mode 2
Event: 35.794 Thread 0x000001d719ae9340 Uncommon trap: trap_request=0xffffffde fr.pc=0x000001d707b3f734 relative=0x0000000000001334
Event: 35.794 Thread 0x000001d719ae9340 Uncommon trap: reason=class_check action=maybe_recompile pc=0x000001d707b3f734 method=jdk.internal.loader.URLClassPath.getLoader(I)Ljdk/internal/loader/URLClassPath$Loader; @ 88 c2
Event: 35.794 Thread 0x000001d719ae9340 DEOPT PACKING pc=0x000001d707b3f734 sp=0x000000b14c0f9bf0
Event: 35.794 Thread 0x000001d719ae9340 DEOPT UNPACKING pc=0x000001d7075869a3 sp=0x000000b14c0f9c30 mode 2

Classes unloaded (0 events):
No events

Classes redefined (0 events):
No events

Internal exceptions (20 events):
Event: 10.929 Thread 0x000001d76fada500 Exception <a 'java/lang/reflect/InvocationTargetException'{0x00000007147267b0}> (0x00000007147267b0) 
thrown [s\src\hotspot\share\runtime\reflection.cpp, line 1121]
Event: 10.932 Thread 0x000001d76fada500 Exception <a 'java/lang/reflect/InvocationTargetException'{0x0000000714733ad8}> (0x0000000714733ad8) 
thrown [s\src\hotspot\share\runtime\reflection.cpp, line 1121]
Event: 10.936 Thread 0x000001d76fada500 Exception <a 'java/lang/reflect/InvocationTargetException'{0x00000007147441d8}> (0x00000007147441d8) 
thrown [s\src\hotspot\share\runtime\reflection.cpp, line 1121]
Event: 10.939 Thread 0x000001d76fada500 Exception <a 'java/lang/reflect/InvocationTargetException'{0x0000000714750b98}> (0x0000000714750b98) 
thrown [s\src\hotspot\share\runtime\reflection.cpp, line 1121]
Event: 10.941 Thread 0x000001d76fada500 Exception <a 'java/lang/reflect/InvocationTargetException'{0x000000071475c9a8}> (0x000000071475c9a8) 
thrown [s\src\hotspot\share\runtime\reflection.cpp, line 1121]
Event: 10.944 Thread 0x000001d76fada500 Exception <a 'java/lang/reflect/InvocationTargetException'{0x000000071476a028}> (0x000000071476a028) 
thrown [s\src\hotspot\share\runtime\reflection.cpp, line 1121]
Event: 10.947 Thread 0x000001d76fada500 Exception <a 'java/lang/reflect/InvocationTargetException'{0x000000071477b130}> (0x000000071477b130) 
thrown [s\src\hotspot\share\runtime\reflection.cpp, line 1121]
Event: 11.143 Thread 0x000001d76fada500 Implicit null exception at 0x000001d707be1841 to 0x000001d707be1902
Event: 11.567 Thread 0x000001d76fada500 Exception <a 'sun/nio/fs/WindowsException'{0x0000000707a97e38}> (0x0000000707a97e38) 
thrown [s\src\hotspot\share\prims\jni.cpp, line 516]
Event: 11.630 Thread 0x000001d76fada500 Exception <a 'java/lang/IncompatibleClassChangeError'{0x00000007079fa6d8}: Found class java.lang.Object, but interface was expected> (0x00000007079fa6d8) 
thrown [s\src\hotspot\share\interpreter\linkResolver.cpp, line 826]
Event: 11.732 Thread 0x000001d76fada500 Exception <a 'java/lang/NoSuchMethodError'{0x0000000714697ac0}: 'void java.lang.invoke.DirectMethodHandle$Holder.invokeVirtual(java.lang.Object, java.lang.Object, long)'> (0x0000000714697ac0) 
thrown [s\src\hotspot\share\interpreter\linkResolver.cpp, line 759]
Event: 11.961 Thread 0x000001d76fada500 Exception <a 'java/lang/NoSuchMethodError'{0x000000070871a4f0}: 'java.lang.Object java.lang.invoke.DirectMethodHandle$Holder.newInvokeSpecial(java.lang.Object, java.lang.Object, int, java.lang.Object, java.lang.Object)'> (0x000000070871a4f0) 
thrown [s\src\hotspot\share\interpreter\linkResolver.cpp, line 759]
Event: 11.962 Thread 0x000001d76fada500 Exception <a 'java/lang/NoSuchMethodError'{0x0000000708725b68}: 'java.lang.Object java.lang.invoke.DirectMethodHandle$Holder.invokeSpecial(java.lang.Object, java.lang.Object, int, java.lang.Object, int, java.lang.Object)'> (0x0000000708725b68) 
thrown [s\src\hotspot\share\interpreter\linkResolver.cpp, line 759]
Event: 11.962 Thread 0x000001d76fada500 Exception <a 'java/lang/NoSuchMethodError'{0x000000070872d970}: 'java.lang.Object java.lang.invoke.DirectMethodHandle$Holder.newInvokeSpecial(java.lang.Object, java.lang.Object, int, java.lang.Object, int)'> (0x000000070872d970) 
thrown [s\src\hotspot\share\interpreter\linkResolver.cpp, line 759]
Event: 11.963 Thread 0x000001d76fada500 Exception <a 'java/lang/NoSuchMethodError'{0x0000000708731a70}: 'java.lang.Object java.lang.invoke.DirectMethodHandle$Holder.invokeSpecial(java.lang.Object, java.lang.Object, java.lang.Object, int, java.lang.Object, int)'> (0x0000000708731a70) 
thrown [s\src\hotspot\share\interpreter\linkResolver.cpp, line 759]
Event: 33.898 Thread 0x000001d7147c72d0 Exception <a 'java/lang/NoSuchMethodError'{0x000000070807f268}: 'java.lang.Object java.lang.invoke.DirectMethodHandle$Holder.invokeSpecial(java.lang.Object, java.lang.Object, java.lang.Object, java.lang.Object, java.lang.Object, long)'> (0x000000070807f268) 
thrown [s\src\hotspot\share\interpreter\linkResolver.cpp, line 759]
Event: 33.898 Thread 0x000001d7147c72d0 Exception <a 'java/lang/NoSuchMethodError'{0x0000000708082ca8}: 'java.lang.Object java.lang.invoke.Invokers$Holder.linkToTargetMethod(java.lang.Object, java.lang.Object, java.lang.Object, long, java.lang.Object)'> (0x0000000708082ca8) 
thrown [s\src\hotspot\share\interpreter\linkResolver.cpp, line 759]
Event: 33.945 Thread 0x000001d7147c72d0 Exception <a 'java/lang/NoSuchMethodError'{0x00000007081b7598}: getSession> (0x00000007081b7598) 
thrown [s\src\hotspot\share\prims\jni.cpp, line 1073]
Event: 34.478 Thread 0x000001d719ae9340 Implicit null exception at 0x000001d707b1acd7 to 0x000001d707b1b2c4
Event: 34.478 Thread 0x000001d719ae9340 Implicit null exception at 0x000001d707b260d7 to 0x000001d707b26698

VM Operations (20 events):
Event: 35.063 Executing VM operation: G1CollectForAllocation
Event: 35.071 Executing VM operation: G1CollectForAllocation done
Event: 35.461 Executing VM operation: HandshakeAllThreads
Event: 35.461 Executing VM operation: HandshakeAllThreads done
Event: 35.798 Executing VM operation: ChangeBreakpoints
Event: 35.799 Executing VM operation: ChangeBreakpoints done
Event: 35.799 Executing VM operation: ChangeBreakpoints
Event: 35.801 Executing VM operation: ChangeBreakpoints done
Event: 35.802 Executing VM operation: get/set locals
Event: 35.802 Executing VM operation: get/set locals done
Event: 35.803 Executing VM operation: get/set locals
Event: 35.803 Executing VM operation: get/set locals done
Event: 35.820 Executing VM operation: HandshakeAllThreads
Event: 35.820 Executing VM operation: HandshakeAllThreads done
Event: 35.821 Executing VM operation: HandshakeAllThreads
Event: 35.821 Executing VM operation: HandshakeAllThreads done
Event: 35.822 Executing VM operation: get/set locals
Event: 35.822 Executing VM operation: get/set locals done
Event: 35.823 Executing VM operation: get/set locals
Event: 35.823 Executing VM operation: get/set locals done

Events (20 events):
Event: 35.222 loading class java/lang/NegativeArraySizeException done
Event: 35.258 loading class java/net/URLClassLoader$2
Event: 35.258 loading class java/net/URLClassLoader$2 done
Event: 35.396 loading class sun/net/www/protocol/jrt/JavaRuntimeURLConnection
Event: 35.397 loading class sun/net/www/protocol/jrt/JavaRuntimeURLConnection done
Event: 35.397 loading class sun/net/www/protocol/jrt/JavaRuntimeURLConnection$1
Event: 35.397 loading class sun/net/www/protocol/jrt/JavaRuntimeURLConnection$1 done
Event: 35.415 loading class java/text/MessageFormat$Field
Event: 35.415 loading class java/text/MessageFormat$Field done
Event: 35.465 Thread 0x000001d71565abc0 Thread exited: 0x000001d71565abc0
Event: 35.779 loading class java/util/Hashtable$ValueCollection
Event: 35.779 loading class java/util/Hashtable$ValueCollection done
Event: 35.791 loading class java/net/URLClassLoader$1
Event: 35.792 loading class java/net/URLClassLoader$1 done
Event: 35.821 loading class sun/nio/cs/ISO_8859_1$Encoder
Event: 35.821 loading class sun/nio/cs/ISO_8859_1$Encoder done
Event: 35.821 loading class sun/nio/cs/Surrogate$Parser
Event: 35.822 loading class sun/nio/cs/Surrogate$Parser done
Event: 35.822 loading class sun/nio/cs/Surrogate
Event: 35.822 loading class sun/nio/cs/Surrogate done


Dynamic libraries:
0x00007ff6ee300000 - 0x00007ff6ee30e000 	C:\Users\JPiccione\.p2\pool\plugins\org.eclipse.justj.openjdk.hotspot.jre.full.win32.x86_64_17.0.8.v20230831-1047\jre\bin\javaw.exe
0x000001d76d790000 - 0x000001d76d987000 	C:\windows\SYSTEM32\ntd1l.dll
0x000001d76d990000 - 0x000001d76da4d000 	C:\windows\System32\kern3l32.dll
0x00007ffc02f70000 - 0x00007ffc03167000 	C:\windows\SYSTEM32\ntdll.dll
0x00007ffc01f90000 - 0x00007ffc0204d000 	C:\windows\System32\KERNEL32.DLL
0x00007ffc00650000 - 0x00007ffc00946000 	C:\windows\System32\KERNELBASE.dll
0x00007ffc000c0000 - 0x00007ffc003d3000 	C:\Program Files\SentinelOne\Sentinel Agent 23.1.4.650\InProcessClient64.dll
0x00007ffc01930000 - 0x00007ffc019de000 	C:\windows\System32\ADVAPI32.dll
0x00007ffc01dd0000 - 0x00007ffc01e6e000 	C:\windows\System32\msvcrt.dll
0x00007ffc02d90000 - 0x00007ffc02e2c000 	C:\windows\System32\sechost.dll
0x00007ffc02a60000 - 0x00007ffc02b86000 	C:\windows\System32\RPCRT4.dll
0x00007ffc00cd0000 - 0x00007ffc00dd0000 	C:\windows\System32\ucrtbase.dll
0x00007ffbfbd40000 - 0x00007ffbfbd57000 	C:\Users\JPiccione\.p2\pool\plugins\org.eclipse.justj.openjdk.hotspot.jre.full.win32.x86_64_17.0.8.v20230831-1047\jre\bin\jli.dll
0x00007ffbfbc80000 - 0x00007ffbfbc99000 	C:\Users\JPiccione\.p2\pool\plugins\org.eclipse.justj.openjdk.hotspot.jre.full.win32.x86_64_17.0.8.v20230831-1047\jre\bin\VCRUNTIME140.dll
0x00007ffc02bf0000 - 0x00007ffc02d8e000 	C:\windows\System32\USER32.dll
0x00007ffbd7fe0000 - 0x00007ffbd827a000 	C:\windows\WinSxS\amd64_microsoft.windows.common-controls_6595b64144ccf1df_6.0.19041.3570_none_60bb2a3971f3e41a\COMCTL32.dll
0x00007ffc00950000 - 0x00007ffc00972000 	C:\windows\System32\win32u.dll
0x00007ffc01da0000 - 0x00007ffc01dcc000 	C:\windows\System32\GDI32.dll
0x00007ffc00b10000 - 0x00007ffc00c2a000 	C:\windows\System32\gdi32full.dll
0x00007ffc00c30000 - 0x00007ffc00ccd000 	C:\windows\System32\msvcp_win.dll
0x00007ffc000b0000 - 0x00007ffc000ba000 	C:\windows\SYSTEM32\VERSION.dll
0x00007ffc000a0000 - 0x00007ffc000ab000 	C:\windows\SYSTEM32\FLTLIB.DLL
0x00007ffc01f60000 - 0x00007ffc01f90000 	C:\windows\System32\IMM32.DLL
0x00007ffbfbd20000 - 0x00007ffbfbd2c000 	C:\Users\JPiccione\.p2\pool\plugins\org.eclipse.justj.openjdk.hotspot.jre.full.win32.x86_64_17.0.8.v20230831-1047\jre\bin\vcruntime140_1.dll
0x00007ffbda210000 - 0x00007ffbda2a1000 	C:\Users\JPiccione\.p2\pool\plugins\org.eclipse.justj.openjdk.hotspot.jre.full.win32.x86_64_17.0.8.v20230831-1047\jre\bin\msvcp140.dll
0x00007ffb7d670000 - 0x00007ffb7e2bc000 	C:\Users\JPiccione\.p2\pool\plugins\org.eclipse.justj.openjdk.hotspot.jre.full.win32.x86_64_17.0.8.v20230831-1047\jre\bin\server\jvm.dll
0x00007ffbff870000 - 0x00007ffbff8bb000 	C:\windows\SYSTEM32\POWRPROF.dll
0x00007ffbf8ea0000 - 0x00007ffbf8ea9000 	C:\windows\SYSTEM32\WSOCK32.dll
0x00007ffc02e30000 - 0x00007ffc02e9b000 	C:\windows\System32\WS2_32.dll
0x00007ffbe58a0000 - 0x00007ffbe58c7000 	C:\windows\SYSTEM32\WINMM.dll
0x00007ffbff730000 - 0x00007ffbff742000 	C:\windows\SYSTEM32\UMPDC.dll
0x00007ffbfdf30000 - 0x00007ffbfdf42000 	C:\windows\SYSTEM32\kernel.appcore.dll
0x00007ffbf0410000 - 0x00007ffbf041a000 	C:\Users\JPiccione\.p2\pool\plugins\org.eclipse.justj.openjdk.hotspot.jre.full.win32.x86_64_17.0.8.v20230831-1047\jre\bin\jimage.dll
0x00007ffbf0ca0000 - 0x00007ffbf0e84000 	C:\windows\SYSTEM32\DBGHELP.DLL
0x00007ffbf10a0000 - 0x00007ffbf10d4000 	C:\windows\SYSTEM32\dbgcore.DLL
0x00007ffc00a30000 - 0x00007ffc00ab2000 	C:\windows\System32\bcryptPrimitives.dll
0x00007ffbb64c0000 - 0x00007ffbb653b000 	C:\Program Files\SentinelOne\Sentinel Agent 23.1.4.650\SentinelJava64.dll
0x00007ffc02460000 - 0x00007ffc0258b000 	C:\windows\System32\ole32.dll
0x00007ffc01a40000 - 0x00007ffc01d94000 	C:\windows\System32\combase.dll
0x00007ffbdf240000 - 0x00007ffbdf265000 	C:\Users\JPiccione\.p2\pool\plugins\org.eclipse.justj.openjdk.hotspot.jre.full.win32.x86_64_17.0.8.v20230831-1047\jre\bin\java.dll
0x00007ffbdf040000 - 0x00007ffbdf058000 	C:\Users\JPiccione\.p2\pool\plugins\org.eclipse.justj.openjdk.hotspot.jre.full.win32.x86_64_17.0.8.v20230831-1047\jre\bin\zip.dll
0x00007ffc00fd0000 - 0x00007ffc01714000 	C:\windows\System32\SHELL32.dll
0x00007ffbfe0c0000 - 0x00007ffbfe85b000 	C:\windows\SYSTEM32\windows.storage.dll
0x00007ffbffd50000 - 0x00007ffbffd7d000 	C:\windows\SYSTEM32\Wldp.dll
0x00007ffc022f0000 - 0x00007ffc0239d000 	C:\windows\System32\SHCORE.dll
0x00007ffc01720000 - 0x00007ffc01775000 	C:\windows\System32\shlwapi.dll
0x00007ffc00580000 - 0x00007ffc005a5000 	C:\windows\SYSTEM32\profapi.dll
0x00007ffbdf130000 - 0x00007ffbdf149000 	C:\Users\JPiccione\.p2\pool\plugins\org.eclipse.justj.openjdk.hotspot.jre.full.win32.x86_64_17.0.8.v20230831-1047\jre\bin\net.dll
0x00007ffbff2d0000 - 0x00007ffbff3da000 	C:\windows\SYSTEM32\WINHTTP.dll
0x00007ffbffab0000 - 0x00007ffbffb1a000 	C:\windows\system32\mswsock.dll
0x00007ffbdf070000 - 0x00007ffbdf085000 	C:\Users\JPiccione\.p2\pool\plugins\org.eclipse.justj.openjdk.hotspot.jre.full.win32.x86_64_17.0.8.v20230831-1047\jre\bin\nio.dll
0x00007ffbffca0000 - 0x00007ffbffcb8000 	C:\windows\SYSTEM32\CRYPTSP.dll
0x00007ffbff240000 - 0x00007ffbff274000 	C:\windows\system32\rsaenh.dll
0x00007ffc00e40000 - 0x00007ffc00e67000 	C:\windows\System32\bcrypt.dll
0x00007ffc00500000 - 0x00007ffc0052e000 	C:\windows\SYSTEM32\USERENV.dll
0x00007ffbffcc0000 - 0x00007ffbffccc000 	C:\windows\SYSTEM32\CRYPTBASE.dll
0x00007ffbff750000 - 0x00007ffbff78b000 	C:\windows\SYSTEM32\IPHLPAPI.DLL
0x00007ffc01e70000 - 0x00007ffc01e78000 	C:\windows\System32\NSI.dll
0x00007ffbf9760000 - 0x00007ffbf9777000 	C:\windows\SYSTEM32\dhcpcsvc6.DLL
0x00007ffbf9590000 - 0x00007ffbf95ad000 	C:\windows\SYSTEM32\dhcpcsvc.DLL
0x00007ffbff7a0000 - 0x00007ffbff86a000 	C:\windows\SYSTEM32\DNSAPI.dll
0x00007ffbe2950000 - 0x00007ffbe295e000 	C:\Users\JPiccione\.p2\pool\plugins\org.eclipse.justj.openjdk.hotspot.jre.full.win32.x86_64_17.0.8.v20230831-1047\jre\bin\sunmscapi.dll
0x00007ffc00e70000 - 0x00007ffc00fcd000 	C:\windows\System32\CRYPT32.dll
0x00007ffbffdc0000 - 0x00007ffbffde7000 	C:\windows\SYSTEM32\ncrypt.dll
0x00007ffbffd80000 - 0x00007ffbffdbb000 	C:\windows\SYSTEM32\NTASN1.dll
0x00007ffbfbc50000 - 0x00007ffbfbc59000 	C:\Users\JPiccione\.p2\pool\plugins\org.eclipse.justj.openjdk.hotspot.jre.full.win32.x86_64_17.0.8.v20230831-1047\jre\bin\management.dll
0x00007ffbf98c0000 - 0x00007ffbf98cb000 	C:\Users\JPiccione\.p2\pool\plugins\org.eclipse.justj.openjdk.hotspot.jre.full.win32.x86_64_17.0.8.v20230831-1047\jre\bin\management_ext.dll
0x00007ffc02450000 - 0x00007ffc02458000 	C:\windows\System32\PSAPI.DLL
0x00007ffbec5b0000 - 0x00007ffbec5c0000 	C:\Users\JPiccione\.p2\pool\plugins\org.eclipse.justj.openjdk.hotspot.jre.full.win32.x86_64_17.0.8.v20230831-1047\jre\bin\verify.dll
0x00007ffbf0bf0000 - 0x00007ffbf0bfa000 	C:\Windows\System32\rasadhlp.dll
0x00007ffbf9b00000 - 0x00007ffbf9b82000 	C:\windows\System32\fwpuclnt.dll
0x00007ffbe0900000 - 0x00007ffbe0917000 	C:\windows\system32\napinsp.dll
0x00007ffbe0a40000 - 0x00007ffbe0a5b000 	C:\windows\system32\pnrpnsp.dll
0x00007ffbf9b90000 - 0x00007ffbf9ba5000 	C:\windows\system32\wshbth.dll
0x00007ffbfb650000 - 0x00007ffbfb66d000 	C:\windows\system32\NLAapi.dll
0x00007ffbe0a60000 - 0x00007ffbe0a72000 	C:\windows\System32\winrnr.dll
0x00007ffbe19f0000 - 0x00007ffbe19f7000 	C:\windows\system32\wshunix.dll

dbghelp: loaded successfully - version: 4.0.5 - missing functions: none
symbol engine: initialized successfully - sym options: 0x614 - pdb path: .;C:\Users\JPiccione\.p2\pool\plugins\org.eclipse.justj.openjdk.hotspot.jre.full.win32.x86_64_17.0.8.v20230831-1047\jre\bin;C:\windows\SYSTEM32;C:\Program Files\SentinelOne\Sentinel Agent 23.1.4.650;C:\windows\WinSxS\amd64_microsoft.windows.common-controls_6595b64144ccf1df_6.0.19041.3570_none_60bb2a3971f3e41a;C:\Users\JPiccione\.p2\pool\plugins\org.eclipse.justj.openjdk.hotspot.jre.full.win32.x86_64_17.0.8.v20230831-1047\jre\bin\server

VM Arguments:
jvm_args: -Dfile.encoding=UTF-8 -XX:+ShowCodeDetailsInExceptionMessages -agentpath:C:\Program Files\SentinelOne\Sentinel Agent 23.1.4.650\SentinelJava64.dll 
java_command: com.spencer.ItemApp.ItemAppApplication
java_class_path (initial): C:\Users\JPiccione\OneDrive - Spencer Gifts LLC\Documents\ItemApp\target\classes;C:\Users\JPiccione\.m2\repository\org\springframework\boot\spring-boot-starter-data-jpa\3.1.4\spring-boot-starter-data-jpa-3.1.4.jar;C:\Users\JPiccione\.m2\repository\org\springframework\boot\spring-boot-starter-aop\3.1.4\spring-boot-starter-aop-3.1.4.jar;C:\Users\JPiccione\.m2\repository\org\aspectj\aspectjweaver\1.9.20\aspectjweaver-1.9.20.jar;C:\Users\JPiccione\.m2\repository\org\springframework\boot\spring-boot-starter-jdbc\3.1.4\spring-boot-starter-jdbc-3.1.4.jar;C:\Users\JPiccione\.m2\repository\com\zaxxer\HikariCP\5.0.1\HikariCP-5.0.1.jar;C:\Users\JPiccione\.m2\repository\org\springframework\spring-jdbc\6.0.12\spring-jdbc-6.0.12.jar;C:\Users\JPiccione\.m2\repository\org\hibernate\orm\hibernate-core\6.2.9.Final\hibernate-core-6.2.9.Final.jar;C:\Users\JPiccione\.m2\repository\jakarta\persistence\jakarta.persistence-api\3.1.0\jakarta.persistence-api-3.1.0.jar;C:\Users\JPiccione\.m2\repository\jakarta\transaction\jakarta.transaction-api\2.0.1\jakarta.transaction-api-2.0.1.jar;C:\Users\JPiccione\.m2\repository\org\jboss\logging\jboss-logging\3.5.3.Final\jboss-logging-3.5.3.Final.jar;C:\Users\JPiccione\.m2\repository\org\hibernate\common\hibernate-commons-annotations\6.0.6.Final\hibernate-commons-annotations-6.0.6.Final.jar;C:\Users\JPiccione\.m2\repository\io\smallrye\jandex\3.0.5\jandex-3.0.5.jar;C:\Users\JPiccione\.m2\repository\com\fasterxml\classmate\1.5.1\classmate-1.5.1.jar;C:\Users\JPiccione\.m2\repository\net\bytebuddy\byte-buddy\1.14.8\byte-buddy-1.14.8.jar;C:\Users\JPiccione\.m2\repository\org\glassfish\jaxb\jaxb-runtime\4.0.3\jaxb-runtime-4.0.3.jar;C:\Users\JPiccione\.m2\repository\org\glassfish\jaxb\jaxb-core\4.0.3\jaxb-core-4.0.3.jar;C:\Users\JPiccione\.m2\repository\org\eclipse\angus\angus-activation\2.0.1\angus-activation-2.0.1.jar;C:\Users\JPiccione\.m2\repository\org\glassfish\jaxb\txw2\4.0.3\txw2-4.0.3.jar;C:\Users\JPiccione\.m2\repositor
Launcher Type: SUN_STANDARD

[Global flags]
     intx CICompilerCount                          = 3                                         {product} {ergonomic}
     uint ConcGCThreads                            = 1                                         {product} {ergonomic}
     uint G1ConcRefinementThreads                  = 4                                         {product} {ergonomic}
   size_t G1HeapRegionSize                         = 2097152                                   {product} {ergonomic}
    uintx GCDrainStackTargetSize                   = 64                                        {product} {ergonomic}
   size_t InitialHeapSize                          = 264241152                                 {product} {ergonomic}
   size_t MarkStackSize                            = 4194304                                   {product} {ergonomic}
   size_t MaxHeapSize                              = 4215275520                                {product} {ergonomic}
   size_t MaxNewSize                               = 2529165312                                {product} {ergonomic}
   size_t MinHeapDeltaBytes                        = 2097152                                   {product} {ergonomic}
   size_t MinHeapSize                              = 8388608                                   {product} {ergonomic}
    uintx NonNMethodCodeHeapSize                   = 5832780                                {pd product} {ergonomic}
    uintx NonProfiledCodeHeapSize                  = 122912730                              {pd product} {ergonomic}
    uintx ProfiledCodeHeapSize                     = 122912730                              {pd product} {ergonomic}
    uintx ReservedCodeCacheSize                    = 251658240                              {pd product} {ergonomic}
     bool SegmentedCodeCache                       = true                                      {product} {ergonomic}
     bool ShowCodeDetailsInExceptionMessages       = true                                   {manageable} {command line}
   size_t SoftMaxHeapSize                          = 4215275520                             {manageable} {ergonomic}
     bool UseCompressedClassPointers               = true                           {product lp64_product} {ergonomic}
     bool UseCompressedOops                        = true                           {product lp64_product} {ergonomic}
     bool UseG1GC                                  = true                                      {product} {ergonomic}
     bool UseLargePagesIndividualAllocation        = false                                  {pd product} {ergonomic}

Logging:
Log output configuration:
 #0: stdout all=warning uptime,level,tags
 #1: stderr all=off uptime,level,tags

Environment Variables:
PATH=C:/Users/JPiccione/.p2/pool/plugins/org.eclipse.justj.openjdk.hotspot.jre.full.win32.x86_64_17.0.8.v20230831-1047/jre/bin/server;C:/Users/JPiccione/.p2/pool/plugins/org.eclipse.justj.openjdk.hotspot.jre.full.win32.x86_64_17.0.8.v20230831-1047/jre/bin;C:\Program Files\Common Files\Oracle\Java\javapath;C:\Program Files (x86)\Common Files\Oracle\Java\javapath;C:\Program Files\Microsoft\jdk-11.0.16.101-hotspot\bin;C:\Program Files (x86)\Business Objects\Common\3.5\bin\NOTES\;C:\Program Files (x86)\Business Objects\Common\3.5\bin\NOTES\DATA\;C:\windows\system32;C:\windows;C:\windows\System32\Wbem;C:\windows\System32\WindowsPowerShell\v1.0\;C:\windows\System32\OpenSSH\;C:\Program Files (x86)\IBM\Client Access\Emulator;C:\Program Files (x86)\IBM\Client Access\Shared;C:\Program Files (x86)\IBM\Client Access\;C:\Program Files (x86)\HEAT\;C:\Program Files (x86)\Microsoft SQL Server\160\DTS\Binn\;C:\Program Files\Azure Data Studio\bin;C:\Program Files\PuTTY\;C:\Program Files\Git\cmd;C:\Program Files\Microsoft SQL Server\150\Tools\Binn\;C:\Program Files\Microsoft SQL Server\Client SDK\ODBC\170\Tools\Binn\;C:\Program Files\dotnet\;C:\Program Files (x86)\Windows Kits\10\Windows Performance Toolkit\;c:\Program Files (x86)\Microsoft SQL Server\110\Tools\Binn\;c:\Program Files\Microsoft SQL Server\110\Tools\Binn\;c:\Program Files\Microsoft SQL Server\110\DTS\Binn\;C:\Program Files (x86)\Microsoft SQL Server\150\Tools\Binn\;C:\Program Files\Microsoft SQL Server\150\DTS\Binn\;C:\Users\JPiccione\AppData\Local\Microsoft\WindowsApps;C:\Program Files\Azure Data Studio\bin;C:\Users\JPiccione\.dotnet\tools;C:\Users\JPiccione\AppData\Local\Programs\Azure Data Studio\bin;C:\Program Files\JetBrains\IntelliJ IDEA 2023.2\bin;;C:\Users\JPiccione\AppData\Local\GitHubDesktop\bin;C:\windows\system32;
USERNAME=JPiccione
OS=Windows_NT
PROCESSOR_IDENTIFIER=Intel64 Family 6 Model 61 Stepping 4, GenuineIntel
TMP=C:\Users\JPICCI~1\AppData\Local\Temp
TEMP=C:\Users\JPICCI~1\AppData\Local\Temp



---------------  S Y S T E M  ---------------

OS:
 Windows 10 , 64 bit Build 19041 (10.0.19041.3570)
OS uptime: 6 days 3:55 hours

CPU: total 4 (initial active 4) (2 cores per cpu, 2 threads per core) family 6 model 61 stepping 4 microcode 0x2d, cx8, cmov, fxsr, ht, mmx, 3dnowpref, sse, sse2, sse3, ssse3, sse4.1, sse4.2, popcnt, lzcnt, tsc, tscinvbit, avx, avx2, aes, erms, clmul, bmi1, bmi2, rtm, adx, fma, vzeroupper, clflush
Processor Information for all 4 processors :
  Max Mhz: 2594, Current Mhz: 2594, Mhz Limit: 2594

Memory: 4k page, system-wide physical 16079M (6597M free)
TotalPageFile size 18511M (AvailPageFile size 6522M)
current process WorkingSet (physical memory assigned to process): 257M, peak: 338M
current process commit charge ("private bytes"): 272M, peak: 371M

vm_info: OpenJDK 64-Bit Server VM (17.0.8.1+1) for windows-amd64 JRE (17.0.8.1+1), built on Aug 23 2023 15:29:17 by "admin" with MS VC++ 16.7 (VS2019)

END.
