#
# A fatal error has been detected by the Java Runtime Environment:
#
#  EXCEPTION_ACCESS_VIOLATION (0xc0000005) at pc=0x000001df1a87b169, pid=16436, tid=16976
#
# JRE version: OpenJDK Runtime Environment Temurin-17.0.8.1+1 (17.0.8.1+1) (build 17.0.8.1+1)
# Java VM: OpenJDK 64-Bit Server VM Temurin-17.0.8.1+1 (17.0.8.1+1, mixed mode, tiered, compressed oops, compressed class ptrs, g1 gc, windows-amd64)
# Problematic frame:
# j  jakarta.servlet.http.HttpServletRequestWrapper.getDateHeader(Ljava/lang/String;)J+1
#
# No core dump will be written. Minidumps are not enabled by default on client versions of Windows
#
# If you would like to submit a bug report, please visit:
#   https://github.com/adoptium/adoptium-support/issues
#

---------------  S U M M A R Y ------------

Command Line: -Dfile.encoding=UTF-8 -XX:+ShowCodeDetailsInExceptionMessages -agentpath:C:\Program Files\SentinelOne\Sentinel Agent 23.1.4.650\SentinelJava64.dll com.spencer.ItemApp.ItemAppApplication

Host: Intel(R) Core(TM) i7-5600U CPU @ 2.60GHz, 4 cores, 15G,  Windows 10 , 64 bit Build 19041 (10.0.19041.3570)
Time: Thu Nov  9 14:03:10 2023 Eastern Standard Time elapsed time: 22.315526 seconds (0d 0h 0m 22s)

---------------  T H R E A D  ---------------

Current thread (0x000001df353242e0):  JavaThread "http-nio-8080-exec-2" daemon [_thread_in_Java, id=16976, stack(0x00000079d4a00000,0x00000079d4b00000)]

Stack: [0x00000079d4a00000,0x00000079d4b00000],  sp=0x00000079d4af94b8,  free space=997k
Native frames: (J=compiled Java code, j=interpreted, Vv=VM code, C=native code)
C  0x000001df1a87b169


siginfo: EXCEPTION_ACCESS_VIOLATION (0xc0000005), reading address 0x0000000700000000


Register to memory mapping:

RIP=0x000001df1a87b169 is at code_begin+329 in an Interpreter codelet
invokevirtual  182 invokevirtual  [0x000001df1a87b020, 0x000001df1a87b500]  1248 bytes
RAX=1048576 is a compressed pointer to class: 0x0000000800100000
org.springframework.core.SerializableTypeWrapper$SerializableTypeProxy {0x0000000800100008}
 - instance size:     2
 - klass size:        63
 - access:            interface abstract 
 - state:             fully_initialized
 - name:              'org/springframework/core/SerializableTypeWrapper$SerializableTypeProxy'
 - super:             'java/lang/Object'
 - sub:               
 - nof implementors:  2
 - arrays:            NULL
 - methods:           Array<T>(0x000001df2f9c1088)
 - method ordering:   Array<T>(0x000001df2f000018)
 - default_methods:   Array<T>(0x0000000000000000)
 - local interfaces:  Array<T>(0x000001df2f000058)
 - trans. interfaces: Array<T>(0x000001df2f000058)
 - constants:         constant pool [17] {0x000001df2f9c0f88} for 'org/springframework/core/SerializableTypeWrapper$SerializableTypeProxy' cache=0x000001df2fc842c8
 - class loader data:  loader data: 0x000001df2e698a00 for instance a 'jdk/internal/loader/ClassLoaders$AppClassLoader'{0x0000000704f7f5f8}
 - source file:       'SerializableTypeWrapper.java'
 - class annotations:       Array<T>(0x0000000000000000)
 - class type annotations:  Array<T>(0x0000000000000000)
 - field annotations:       Array<T>(0x0000000000000000)
 - field type annotations:  Array<T>(0x0000000000000000)
 - inner classes:     Array<T>(0x000001df2f9c1120)
 - nest members:     Array<T>(0x000001df2f000028)
 - permitted subclasses:     Array<T>(0x000001df2f000028)
 - java mirror:       a 'java/lang/Class'{0x0000000705309bd8} = 'org/springframework/core/SerializableTypeWrapper$SerializableTypeProxy'
 - vtable length      5  (start addr: 0x00000008001001c8)
 - itable length      0 (start addr: 0x00000008001001f0)
 - ---- static fields (0 words):
 - ---- non-static fields (0 words):
 - non-static oop maps: 
RBX={method} {0x000001df32d28828} '_getHttpServletRequest' '()Ljakarta/servlet/http/HttpServletRequest;' in 'jakarta/servlet/http/HttpServletRequestWrapper'
RCX=0x0000000700000000 is an unknown value
RDX=0x0000000080100001 is an unknown value
RSP=0x00000079d4af94b8 is pointing into the stack for thread: 0x000001df353242e0
RBP=0x00000079d4af9510 is pointing into the stack for thread: 0x000001df353242e0
RSI=0x00000079d4af9960 is pointing into the stack for thread: 0x000001df353242e0
RDI=0x000001df353242e0 is a thread
R8 =0x0000000000000006 is an unknown value
R9 =0x0000000000000006 is an unknown value
R10=0x00007ffdc19f0ca0 jvm.dll
R11={method} {0x000001df32d28a30} 'getDateHeader' '(Ljava/lang/String;)J' in 'jakarta/servlet/http/HttpServletRequestWrapper'
R12=0x0 is NULL
R13=0x000001df32d289f9 is pointing into metadata
R14=0x00000079d4af9528 is pointing into the stack for thread: 0x000001df353242e0
R15=0x000001df353242e0 is a thread


Registers:
RAX=0x0000000000100000, RBX=0x000001df32d28820, RCX=0x0000000700000000, RDX=0x0000000080100001
RSP=0x00000079d4af94b8, RBP=0x00000079d4af9510, RSI=0x00000079d4af9960, RDI=0x000001df353242e0
R8 =0x0000000000000006, R9 =0x0000000000000006, R10=0x00007ffdc19f0ca0, R11=0x000001df32d28a28
R12=0x0000000000000000, R13=0x000001df32d289f9, R14=0x00000079d4af9528, R15=0x000001df353242e0
RIP=0x000001df1a87b169, EFLAGS=0x0000000000010206

Top of Stack: (sp=0x00000079d4af94b8)
0x00000079d4af94b8:   000001df1a869657 0000000700000000
0x00000079d4af94c8:   00000079d4af94c8 000001df32d289f9
0x00000079d4af94d8:   00000079d4af9528 000001df3e001cf0
0x00000079d4af94e8:   0000000000000000 00000007068aaa00
0x00000079d4af94f8:   000001df32d28a28 0000000000000000
0x00000079d4af9508:   00000079d4af9520 00000079d4af9700
0x00000079d4af9518:   000001df1a861010 0000000707d9c778
0x00000079d4af9528:   0000000700000000 0000000000000000
0x00000079d4af9538:   0000000000000000 0000000000000000
0x00000079d4af9548:   0000000000000000 0000000000000000
0x00000079d4af9558:   0000000000000000 0000000000000000
0x00000079d4af9568:   0000000000000000 00000000e166e091
0x00000079d4af9578:   0000000000000000 0000000000000080
0x00000079d4af9588:   0000000000000000 000000070b36f738
0x00000079d4af9598:   0000000000000000 00000000e16b5f87
0x00000079d4af95a8:   0000000000000000 0b0a090803020100 

Instructions: (pc=0x000001df1a87b169)
0x000001df1a87b069:   b6 00 00 00 0f 84 b6 00 00 00 bb b6 00 00 00 e8
0x000001df1a87b079:   05 00 00 00 e9 9b 00 00 00 48 8b d3 48 8d 44 24
0x000001df1a87b089:   08 4c 89 6d c0 49 8b cf c5 f8 77 49 89 af a0 02
0x000001df1a87b099:   00 00 49 89 87 90 02 00 00 48 83 ec 20 f7 c4 0f
0x000001df1a87b0a9:   00 00 00 0f 84 1a 00 00 00 48 83 ec 08 49 ba 10
0x000001df1a87b0b9:   4f 1e c1 fd 7f 00 00 41 ff d2 48 83 c4 08 e9 0d
0x000001df1a87b0c9:   00 00 00 49 ba 10 4f 1e c1 fd 7f 00 00 41 ff d2
0x000001df1a87b0d9:   48 83 c4 20 49 c7 87 90 02 00 00 00 00 00 00 49
0x000001df1a87b0e9:   c7 87 a0 02 00 00 00 00 00 00 49 c7 87 98 02 00
0x000001df1a87b0f9:   00 00 00 00 00 c5 f8 77 49 81 7f 08 00 00 00 00
0x000001df1a87b109:   0f 84 05 00 00 00 e9 ec 5d fe ff 4c 8b 6d c0 4c
0x000001df1a87b119:   8b 75 c8 c3 41 0f b7 55 01 48 8b 4d d0 c1 e2 02
0x000001df1a87b129:   48 8b 5c d1 30 8b 54 d1 38 8b ca 81 e1 ff 00 00
0x000001df1a87b139:   00 48 8b 4c cc f8 44 8b ea c1 ea 1c 49 ba a0 0c
0x000001df1a87b149:   9f c1 fd 7f 00 00 49 8b 14 d2 52 41 8b d5 4c 8b
0x000001df1a87b159:   6d c0 8b c2 81 e0 00 00 10 00 0f 84 70 01 00 00
0x000001df1a87b169:   48 3b 01 48 8b 45 d8 48 85 c0 0f 84 12 00 00 00
0x000001df1a87b179:   48 83 40 08 01 48 83 58 08 00 48 83 c0 38 48 89
0x000001df1a87b189:   45 d8 48 8b 45 d8 48 85 c0 0f 84 35 01 00 00 80
0x000001df1a87b199:   78 c8 0b 0f 85 2b 01 00 00 48 83 c0 08 4c 8b 68
0x000001df1a87b1a9:   f8 41 83 ed 00 41 83 fd 02 0f 8c 0a 01 00 00 4c
0x000001df1a87b1b9:   8b 6b 08 45 0f b7 6d 2c 4c 2b 28 41 83 ed 01 4e
0x000001df1a87b1c9:   8b 6c ec 08 4d 85 ed 75 07 48 83 48 08 01 eb 53
0x000001df1a87b1d9:   45 8b 6d 08 49 ba 00 00 00 00 08 00 00 00 4d 03
0x000001df1a87b1e9:   ea 4c 33 68 08 49 f7 c5 fc ff ff ff 74 35 49 f7
0x000001df1a87b1f9:   c5 02 00 00 00 75 2c 48 81 78 08 00 00 00 00 74
0x000001df1a87b209:   1e 48 81 78 08 01 00 00 00 74 14 4c 33 68 08 49
0x000001df1a87b219:   f7 c5 fc ff ff ff 74 0b 48 83 48 08 02 eb 04 4c
0x000001df1a87b229:   89 68 08 48 83 c0 10 4c 8b 68 e8 41 83 ed 02 41
0x000001df1a87b239:   83 fd 02 0f 8c 80 00 00 00 4c 8b 6b 08 45 0f b7
0x000001df1a87b249:   6d 2c 4c 2b 28 41 83 ed 01 4e 8b 6c ec 08 4d 85
0x000001df1a87b259:   ed 75 07 48 83 48 08 01 eb 53 45 8b 6d 08 49 ba 


Stack slot to memory mapping:
stack at sp + 0 slots: 0x000001df1a869657 is at code_begin+1463 in an Interpreter codelet
return entry points  [0x000001df1a8690a0, 0x000001df1a869ba0]  2816 bytes
stack at sp + 1 slots: 0x0000000700000000 is an unknown value
stack at sp + 2 slots: 0x00000079d4af94c8 is pointing into the stack for thread: 0x000001df353242e0
stack at sp + 3 slots: 0x000001df32d289f9 is pointing into metadata
stack at sp + 4 slots: 0x00000079d4af9528 is pointing into the stack for thread: 0x000001df353242e0
stack at sp + 5 slots: 0x000001df3e001cf0 is pointing into metadata
stack at sp + 6 slots: 0x0 is NULL
stack at sp + 7 slots: 0x00000007068aaa00 is an oop: java.lang.Class 
{0x00000007068aaa00} - klass: 'java/lang/Class'
 - ---- fields (total size 14 words):
 - private volatile transient 'classRedefinedCount' 'I' @12  0
 - private volatile transient 'cachedConstructor' 'Ljava/lang/reflect/Constructor;' @40  NULL (0)
 - private transient 'name' 'Ljava/lang/String;' @44  "jakarta.servlet.http.HttpServletRequestWrapper"{0x00000007068aaed8} (e0d155db)
 - private transient 'module' 'Ljava/lang/Module;' @48  a 'java/lang/Module'{0x0000000704f90678} (e09f20cf)
 - private final 'classLoader' 'Ljava/lang/ClassLoader;' @52  a 'jdk/internal/loader/ClassLoaders$AppClassLoader'{0x0000000704f7f5f8} (e09efebf)
 - private transient 'classData' 'Ljava/lang/Object;' @56  NULL (0)
 - private transient 'packageName' 'Ljava/lang/String;' @60  "jakarta.servlet.http"{0x0000000705492598} (e0a924b3)
 - private final 'componentType' 'Ljava/lang/Class;' @64  NULL (0)
 - private volatile transient 'reflectionData' 'Ljava/lang/ref/SoftReference;' @68  NULL (0)
 - private volatile transient 'genericInfo' 'Lsun/reflect/generics/repository/ClassRepository;' @72  NULL (0)
 - private volatile transient 'enumConstants' '[Ljava/lang/Object;' @76  NULL (0)
 - private volatile transient 'enumConstantDirectory' 'Ljava/util/Map;' @80  NULL (0)
 - private volatile transient 'annotationData' 'Ljava/lang/Class$AnnotationData;' @84  NULL (0)
 - private volatile transient 'annotationType' 'Lsun/reflect/annotation/AnnotationType;' @88  NULL (0)
 - transient 'classValueMap' 'Ljava/lang/ClassValue$ClassValueMap;' @92  NULL (0)
 - signature: Ljakarta/servlet/http/HttpServletRequestWrapper;
 - fake entry for mirror: 'jakarta/servlet/http/HttpServletRequestWrapper'
 - fake entry for array: NULL
 - fake entry for oop_size: 14
 - fake entry for static_oop_field_count: 0

invokevirtual  182 invokevirtual  [0x000001df1a87b020, 0x000001df1a87b500]  1248 bytes
[MachCode]
  0x000001df1a87b020: 4883 ec08 | c5fa 1104 | 24eb 1f48 | 83ec 10c5 | fb11 0424 | eb14 4883 | ec10 4889 | 0424 48c7 
  0x000001df1a87b040: 4424 0800 | 0000 00eb | 0150 4c89 | 6dc0 410f | b755 0148 | 8b4d d0c1 | e202 8b5c | d120 c1eb 
  0x000001df1a87b060: 1881 e3ff | 0000 0081 | fbb6 0000 | 000f 84b6 | 0000 00bb | b600 0000 | e805 0000 | 00e9 9b00 
  0x000001df1a87b080: 0000 488b | d348 8d44 | 2408 4c89 | 6dc0 498b | cfc5 f877 | 4989 afa0 | 0200 0049 | 8987 9002 
  0x000001df1a87b0a0: 0000 4883 | ec20 f7c4 | 0f00 0000 | 0f84 1a00 | 0000 4883 | ec08 49ba | 104f 1ec1 | fd7f 0000 
  0x000001df1a87b0c0: 41ff d248 | 83c4 08e9 | 0d00 0000 | 49ba 104f | 1ec1 fd7f | 0000 41ff | d248 83c4 | 2049 c787 
  0x000001df1a87b0e0: 9002 0000 | 0000 0000 | 49c7 87a0 | 0200 0000 | 0000 0049 | c787 9802 | 0000 0000 | 0000 c5f8 
  0x000001df1a87b100: 7749 817f | 0800 0000 | 000f 8405 | 0000 00e9 | ec5d feff | 4c8b 6dc0 | 4c8b 75c8 | c341 0fb7 
  0x000001df1a87b120: 5501 488b | 4dd0 c1e2 | 0248 8b5c | d130 8b54 | d138 8bca | 81e1 ff00 | 0000 488b | 4ccc f844 
  0x000001df1a87b140: 8bea c1ea | 1c49 baa0 | 0c9f c1fd | 7f00 0049 | 8b14 d252 | 418b d54c | 8b6d c08b | c281 e000 
  0x000001df1a87b160: 0010 000f | 8470 0100 | 0048 3b01 | 488b 45d8 | 4885 c00f | 8412 0000 | 0048 8340 | 0801 4883 
  0x000001df1a87b180: 5808 0048 | 83c0 3848 | 8945 d848 | 8b45 d848 | 85c0 0f84 | 3501 0000 | 8078 c80b | 0f85 2b01 
  0x000001df1a87b1a0: 0000 4883 | c008 4c8b | 68f8 4183 | ed00 4183 | fd02 0f8c | 0a01 0000 | 4c8b 6b08 | 450f b76d 
  0x000001df1a87b1c0: 2c4c 2b28 | 4183 ed01 | 4e8b 6cec | 084d 85ed | 7507 4883 | 4808 01eb | 5345 8b6d | 0849 ba00 
  0x000001df1a87b1e0: 0000 0008 | 0000 004d | 03ea 4c33 | 6808 49f7 | c5fc ffff | ff74 3549 | f7c5 0200 | 0000 752c 
  0x000001df1a87b200: 4881 7808 | 0000 0000 | 741e 4881 | 7808 0100 | 0000 7414 | 4c33 6808 | 49f7 c5fc | ffff ff74 
  0x000001df1a87b220: 0b48 8348 | 0802 eb04 | 4c89 6808 | 4883 c010 | 4c8b 68e8 | 4183 ed02 | 4183 fd02 | 0f8c 8000 
  0x000001df1a87b240: 0000 4c8b | 6b08 450f | b76d 2c4c | 2b28 4183 | ed01 4e8b | 6cec 084d | 85ed 7507 | 4883 4808 
  0x000001df1a87b260: 01eb 5345 | 8b6d 0849 | ba00 0000 | 0008 0000 | 004d 03ea | 4c33 6808 | 49f7 c5fc | ffff ff74 
  0x000001df1a87b280: 3549 f7c5 | 0200 0000 | 752c 4881 | 7808 0000 | 0000 741e | 4881 7808 | 0100 0000 | 7414 4c33 
  0x000001df1a87b2a0: 6808 49f7 | c5fc ffff | ff74 0b48 | 8348 0802 | eb04 4c89 | 6808 4883 | c010 4c8b | 68d8 4183 
  0x000001df1a87b2c0: ed04 41c1 | e503 4903 | c548 8945 | d84c 8d6c | 2408 4c89 | 6df0 ff63 | 508b 4108 | 49ba 0000 
  0x000001df1a87b2e0: 0000 0800 | 0000 4903 | c24c 8b75 | d84d 85f6 | 0f84 9500 | 0000 498b | 5618 483b | d00f 850f 
  0x000001df1a87b300: 0000 0049 | 8346 2001 | 4983 5e20 | 00e9 7100 | 0000 4885 | d20f 8442 | 0000 0049 | 8b56 2848 
  0x000001df1a87b320: 3bd0 0f85 | 0f00 0000 | 4983 4630 | 0149 835e | 3000 e94c | 0000 0048 | 85d2 740f | 4983 4608 
  0x000001df1a87b340: 0149 835e | 0800 e938 | 0000 0049 | 8946 28ba | 0100 0000 | 4989 5630 | e926 0000 | 0049 3b46 
  0x000001df1a87b360: 280f 850f | 0000 0049 | 8346 3001 | 4983 5e30 | 00e9 0d00 | 0000 4989 | 4618 ba01 | 0000 0049 
  0x000001df1a87b380: 8956 2049 | 83c6 384c | 8975 d848 | 8b9c d8c8 | 0100 0048 | 8b55 d848 | 85d2 0f84 | 3501 0000 
  0x000001df1a87b3a0: 807a c80b | 0f85 2b01 | 0000 4883 | c208 4c8b | 6af8 4183 | ed00 4183 | fd02 0f8c | 0a01 0000 
  0x000001df1a87b3c0: 4c8b 6b08 | 450f b76d | 2c4c 2b2a | 4183 ed01 | 4e8b 6cec | 084d 85ed | 7507 4883 | 4a08 01eb 
  0x000001df1a87b3e0: 5345 8b6d | 0849 ba00 | 0000 0008 | 0000 004d | 03ea 4c33 | 6a08 49f7 | c5fc ffff | ff74 3549 
  0x000001df1a87b400: f7c5 0200 | 0000 752c | 4881 7a08 | 0000 0000 | 741e 4881 | 7a08 0100 | 0000 7414 | 4c33 6a08 
  0x000001df1a87b420: 49f7 c5fc | ffff ff74 | 0b48 834a | 0802 eb04 | 4c89 6a08 | 4883 c210 | 4c8b 6ae8 | 4183 ed02 
  0x000001df1a87b440: 4183 fd02 | 0f8c 8000 | 0000 4c8b | 6b08 450f | b76d 2c4c | 2b2a 4183 | ed01 4e8b | 6cec 084d 
  0x000001df1a87b460: 85ed 7507 | 4883 4a08 | 01eb 5345 | 8b6d 0849 | ba00 0000 | 0008 0000 | 004d 03ea | 4c33 6a08 
  0x000001df1a87b480: 49f7 c5fc | ffff ff74 | 3549 f7c5 | 0200 0000 | 752c 4881 | 7a08 0000 | 0000 741e | 4881 7a08 
  0x000001df1a87b4a0: 0100 0000 | 7414 4c33 | 6a08 49f7 | c5fc ffff | ff74 0b48 | 834a 0802 | eb04 4c89 | 6a08 4883 
  0x000001df1a87b4c0: c210 4c8b | 6ad8 4183 | ed04 41c1 | e503 4903 | d548 8955 | d84c 8d6c | 2408 4c89 | 6df0 ff63 
  0x000001df1a87b4e0: 500f 1f80 | 0000 0000 | 0000 0000 | 0000 0000 | 0000 0000 | 0000 0000 | 0000 0000 | 0000 0000 
[/MachCode]

---------------  P R O C E S S  ---------------

Threads class SMR info:
_java_thread_list=0x000001df347152c0, length=29, elements={
0x000001df2e58ef70, 0x000001df2e591320, 0x000001df2e59b230, 0x000001df2e5d3020,
0x000001df2e5dbaf0, 0x000001df2e5df6b0, 0x000001df2e5eff20, 0x000001df2e5f0440,
0x000001df2e60a940, 0x000001df2e770230, 0x000001df2e78d9f0, 0x000001df35626130,
0x000001df353247f0, 0x000001df35321040, 0x000001df35323dd0, 0x000001df35321550,
0x000001df35321f70, 0x000001df353242e0, 0x000001df35322480, 0x000001df35322ea0,
0x000001df360f3a30, 0x000001df360f3f40, 0x000001df360ef350, 0x000001df360f11b0,
0x000001df360f25f0, 0x000001df360f0ca0, 0x000001df360f6cd0, 0x000001df360f0280,
0x000001df360f4450
}

Java Threads: ( => current thread )
  0x000001df2e58ef70 JavaThread "Reference Handler" daemon [_thread_blocked, id=14356, stack(0x00000079d3100000,0x00000079d3200000)]
  0x000001df2e591320 JavaThread "Finalizer" daemon [_thread_blocked, id=5232, stack(0x00000079d3200000,0x00000079d3300000)]
  0x000001df2e59b230 JavaThread "Signal Dispatcher" daemon [_thread_blocked, id=13048, stack(0x00000079d3300000,0x00000079d3400000)]
  0x000001df2e5d3020 JavaThread "Attach Listener" daemon [_thread_blocked, id=19148, stack(0x00000079d3400000,0x00000079d3500000)]
  0x000001df2e5dbaf0 JavaThread "Service Thread" daemon [_thread_blocked, id=10352, stack(0x00000079d3500000,0x00000079d3600000)]
  0x000001df2e5df6b0 JavaThread "Monitor Deflation Thread" daemon [_thread_blocked, id=908, stack(0x00000079d3600000,0x00000079d3700000)]
  0x000001df2e5eff20 JavaThread "C2 CompilerThread0" daemon [_thread_blocked, id=14100, stack(0x00000079d3700000,0x00000079d3800000)]
  0x000001df2e5f0440 JavaThread "C1 CompilerThread0" daemon [_thread_blocked, id=14564, stack(0x00000079d3800000,0x00000079d3900000)]
  0x000001df2e60a940 JavaThread "Sweeper thread" daemon [_thread_blocked, id=17580, stack(0x00000079d3900000,0x00000079d3a00000)]
  0x000001df2e770230 JavaThread "Notification Thread" daemon [_thread_blocked, id=7052, stack(0x00000079d3a00000,0x00000079d3b00000)]
  0x000001df2e78d9f0 JavaThread "Common-Cleaner" daemon [_thread_blocked, id=15456, stack(0x00000079d3c00000,0x00000079d3d00000)]
  0x000001df35626130 JavaThread "Catalina-utility-1" [_thread_blocked, id=7744, stack(0x00000079d4200000,0x00000079d4300000)]
  0x000001df353247f0 JavaThread "Catalina-utility-2" [_thread_blocked, id=13448, stack(0x00000079d4300000,0x00000079d4400000)]
  0x000001df35321040 JavaThread "container-0" [_thread_blocked, id=4824, stack(0x00000079d4400000,0x00000079d4500000)]
  0x000001df35323dd0 JavaThread "mssql-jdbc-shared-timer-core-0" daemon [_thread_blocked, id=15160, stack(0x00000079d4600000,0x00000079d4700000)]
  0x000001df35321550 JavaThread "HikariPool-1 housekeeper" daemon [_thread_blocked, id=18652, stack(0x00000079d4700000,0x00000079d4800000)]
  0x000001df35321f70 JavaThread "http-nio-8080-exec-1" daemon [_thread_blocked, id=13788, stack(0x00000079d4900000,0x00000079d4a00000)]
=>0x000001df353242e0 JavaThread "http-nio-8080-exec-2" daemon [_thread_in_Java, id=16976, stack(0x00000079d4a00000,0x00000079d4b00000)]
  0x000001df35322480 JavaThread "http-nio-8080-exec-3" daemon [_thread_blocked, id=16560, stack(0x00000079d4b00000,0x00000079d4c00000)]
  0x000001df35322ea0 JavaThread "http-nio-8080-exec-4" daemon [_thread_blocked, id=15536, stack(0x00000079d4c00000,0x00000079d4d00000)]
  0x000001df360f3a30 JavaThread "http-nio-8080-exec-5" daemon [_thread_blocked, id=12392, stack(0x00000079d4d00000,0x00000079d4e00000)]
  0x000001df360f3f40 JavaThread "http-nio-8080-exec-6" daemon [_thread_blocked, id=12844, stack(0x00000079d4e00000,0x00000079d4f00000)]
  0x000001df360ef350 JavaThread "http-nio-8080-exec-7" daemon [_thread_blocked, id=14408, stack(0x00000079d4f00000,0x00000079d5000000)]
  0x000001df360f11b0 JavaThread "http-nio-8080-exec-8" daemon [_thread_blocked, id=16852, stack(0x00000079d5000000,0x00000079d5100000)]
  0x000001df360f25f0 JavaThread "http-nio-8080-exec-9" daemon [_thread_blocked, id=10344, stack(0x00000079d5100000,0x00000079d5200000)]
  0x000001df360f0ca0 JavaThread "http-nio-8080-exec-10" daemon [_thread_blocked, id=15604, stack(0x00000079d5200000,0x00000079d5300000)]
  0x000001df360f6cd0 JavaThread "http-nio-8080-Poller" daemon [_thread_in_native, id=15140, stack(0x00000079d5300000,0x00000079d5400000)]
  0x000001df360f0280 JavaThread "http-nio-8080-Acceptor" daemon [_thread_in_native, id=14332, stack(0x00000079d5400000,0x00000079d5500000)]
  0x000001df360f4450 JavaThread "DestroyJavaVM" [_thread_blocked, id=2844, stack(0x00000079d2a00000,0x00000079d2b00000)]

Other Threads:
  0x000001df2e58aa50 VMThread "VM Thread" [stack: 0x00000079d3000000,0x00000079d3100000] [id=14944]
  0x000001df2befa780 WatcherThread [stack: 0x00000079d3b00000,0x00000079d3c00000] [id=3460]
  0x000001df0e50d120 GCTaskThread "GC Thread#0" [stack: 0x00000079d2b00000,0x00000079d2c00000] [id=14416]
  0x000001df33aa89f0 GCTaskThread "GC Thread#1" [stack: 0x00000079d3e00000,0x00000079d3f00000] [id=18104]
  0x000001df33aa8cb0 GCTaskThread "GC Thread#2" [stack: 0x00000079d3f00000,0x00000079d4000000] [id=15688]
  0x000001df33a6b300 GCTaskThread "GC Thread#3" [stack: 0x00000079d4000000,0x00000079d4100000] [id=15132]
  0x000001df2beefbf0 ConcurrentGCThread "G1 Main Marker" [stack: 0x00000079d2c00000,0x00000079d2d00000] [id=12740]
  0x000001df2bef09c0 ConcurrentGCThread "G1 Conc#0" [stack: 0x00000079d2d00000,0x00000079d2e00000] [id=15208]
  0x000001df2bf9a480 ConcurrentGCThread "G1 Refine#0" [stack: 0x00000079d2e00000,0x00000079d2f00000] [id=12944]
  0x000001df344a07d0 ConcurrentGCThread "G1 Refine#1" [stack: 0x00000079d4100000,0x00000079d4200000] [id=7648]
  0x000001df2bf9ce90 ConcurrentGCThread "G1 Service" [stack: 0x00000079d2f00000,0x00000079d3000000] [id=16008]

Threads with active compile tasks:

VM state: not at safepoint (normal execution)

VM Mutex/Monitor currently owned by a thread: None

Heap address: 0x0000000704c00000, size: 4020 MB, Compressed Oops mode: Zero based, Oop shift amount: 3

CDS archive(s) not mapped
Compressed class space mapped at: 0x0000000800000000-0x0000000840000000, reserved size: 1073741824
Narrow klass base: 0x0000000800000000, Narrow klass shift: 0, Narrow klass range: 0x40000000

GC Precious Log:
 CPUs: 4 total, 4 available
 Memory: 16079M
 Large Page Support: Disabled
 NUMA Support: Disabled
 Compressed Oops: Enabled (Zero based)
 Heap Region Size: 2M
 Heap Min Capacity: 8M
 Heap Initial Capacity: 252M
 Heap Max Capacity: 4020M
 Pre-touch: Disabled
 Parallel Workers: 4
 Concurrent Workers: 1
 Concurrent Refinement Workers: 4
 Periodic GC: Disabled

Heap:
 garbage-first heap   total 69632K, used 38384K [0x0000000704c00000, 0x0000000800000000)
  region size 2048K, 5 young (10240K), 2 survivors (4096K)
 Metaspace       used 83032K, committed 83584K, reserved 1179648K
  class space    used 10270K, committed 10560K, reserved 1048576K

Heap Regions: E=young(eden), S=young(survivor), O=old, HS=humongous(starts), HC=humongous(continues), CS=collection set, F=free, OA=open archive, CA=closed archive, TAMS=top-at-mark-start (previous, next)
|   0|0x0000000704c00000, 0x0000000704e00000, 0x0000000704e00000|100%| O|  |TAMS 0x0000000704e00000, 0x0000000704c00000| Untracked 
|   1|0x0000000704e00000, 0x0000000705000000, 0x0000000705000000|100%| O|  |TAMS 0x0000000705000000, 0x0000000704e00000| Untracked 
|   2|0x0000000705000000, 0x0000000705200000, 0x0000000705200000|100%| O|  |TAMS 0x0000000705200000, 0x0000000705000000| Untracked 
|   3|0x0000000705200000, 0x0000000705400000, 0x0000000705400000|100%| O|  |TAMS 0x0000000705400000, 0x0000000705200000| Untracked 
|   4|0x0000000705400000, 0x0000000705600000, 0x0000000705600000|100%| O|  |TAMS 0x0000000705600000, 0x0000000705400000| Untracked 
|   5|0x0000000705600000, 0x0000000705800000, 0x0000000705800000|100%| O|  |TAMS 0x0000000705800000, 0x0000000705600000| Untracked 
|   6|0x0000000705800000, 0x0000000705a00000, 0x0000000705a00000|100%| O|  |TAMS 0x0000000705a00000, 0x0000000705800000| Untracked 
|   7|0x0000000705a00000, 0x0000000705c00000, 0x0000000705c00000|100%| O|  |TAMS 0x0000000705c00000, 0x0000000705a00000| Untracked 
|   8|0x0000000705c00000, 0x0000000705d4d400, 0x0000000705e00000| 65%| O|  |TAMS 0x0000000705d4d400, 0x0000000705c00000| Untracked 
|   9|0x0000000705e00000, 0x0000000706000000, 0x0000000706000000|100%| O|  |TAMS 0x0000000706000000, 0x0000000705e00000| Untracked 
|  10|0x0000000706000000, 0x0000000706200000, 0x0000000706200000|100%| O|  |TAMS 0x0000000706200000, 0x0000000706000000| Untracked 
|  11|0x0000000706200000, 0x0000000706400000, 0x0000000706400000|100%| O|  |TAMS 0x0000000706400000, 0x0000000706200000| Untracked 
|  12|0x0000000706400000, 0x0000000706600000, 0x0000000706600000|100%| O|  |TAMS 0x0000000706600000, 0x0000000706400000| Untracked 
|  13|0x0000000706600000, 0x0000000706800000, 0x0000000706800000|100%| O|  |TAMS 0x0000000706800000, 0x0000000706600000| Untracked 
|  14|0x0000000706800000, 0x0000000706a00000, 0x0000000706a00000|100%| O|  |TAMS 0x0000000706a00000, 0x0000000706800000| Untracked 
|  15|0x0000000706a00000, 0x0000000706b4f600, 0x0000000706c00000| 65%| O|  |TAMS 0x0000000706b4f600, 0x0000000706a00000| Untracked 
|  16|0x0000000706c00000, 0x0000000706c00000, 0x0000000706e00000|  0%| F|  |TAMS 0x0000000706c00000, 0x0000000706c00000| Untracked 
|  17|0x0000000706e00000, 0x0000000706e00000, 0x0000000707000000|  0%| F|  |TAMS 0x0000000706e00000, 0x0000000706e00000| Untracked 
|  18|0x0000000707000000, 0x0000000707000000, 0x0000000707200000|  0%| F|  |TAMS 0x0000000707000000, 0x0000000707000000| Untracked 
|  19|0x0000000707200000, 0x0000000707200000, 0x0000000707400000|  0%| F|  |TAMS 0x0000000707200000, 0x0000000707200000| Untracked 
|  20|0x0000000707400000, 0x0000000707400000, 0x0000000707600000|  0%| F|  |TAMS 0x0000000707400000, 0x0000000707400000| Untracked 
|  21|0x0000000707600000, 0x0000000707600000, 0x0000000707800000|  0%| F|  |TAMS 0x0000000707600000, 0x0000000707600000| Untracked 
|  22|0x0000000707800000, 0x0000000707800000, 0x0000000707a00000|  0%| F|  |TAMS 0x0000000707800000, 0x0000000707800000| Untracked 
|  23|0x0000000707a00000, 0x0000000707adf930, 0x0000000707c00000| 43%| S|CS|TAMS 0x0000000707a00000, 0x0000000707a00000| Complete 
|  24|0x0000000707c00000, 0x0000000707e00000, 0x0000000707e00000|100%| S|CS|TAMS 0x0000000707c00000, 0x0000000707c00000| Complete 
|  25|0x0000000707e00000, 0x0000000707e00000, 0x0000000708000000|  0%| F|  |TAMS 0x0000000707e00000, 0x0000000707e00000| Untracked 
|  26|0x0000000708000000, 0x0000000708000000, 0x0000000708200000|  0%| F|  |TAMS 0x0000000708000000, 0x0000000708000000| Untracked 
|  27|0x0000000708200000, 0x0000000708200000, 0x0000000708400000|  0%| F|  |TAMS 0x0000000708200000, 0x0000000708200000| Untracked 
|  28|0x0000000708400000, 0x0000000708400000, 0x0000000708600000|  0%| F|  |TAMS 0x0000000708400000, 0x0000000708400000| Untracked 
|  29|0x0000000708600000, 0x0000000708600000, 0x0000000708800000|  0%| F|  |TAMS 0x0000000708600000, 0x0000000708600000| Untracked 
|  50|0x000000070b000000, 0x000000070b000000, 0x000000070b200000|  0%| F|  |TAMS 0x000000070b000000, 0x000000070b000000| Untracked 
|  51|0x000000070b200000, 0x000000070b39ae48, 0x000000070b400000| 80%| E|  |TAMS 0x000000070b200000, 0x000000070b200000| Complete 
|  52|0x000000070b400000, 0x000000070b600000, 0x000000070b600000|100%| E|CS|TAMS 0x000000070b400000, 0x000000070b400000| Complete 
| 125|0x0000000714600000, 0x0000000714800000, 0x0000000714800000|100%| E|CS|TAMS 0x0000000714600000, 0x0000000714600000| Complete 

Card table byte_map: [0x000001df23130000,0x000001df23910000] _byte_map_base: 0x000001df1f90a000

Marking Bits (Prev, Next): (CMBitMap*) 0x000001df0e50d730, (CMBitMap*) 0x000001df0e50d770
 Prev Bits: [0x000001df240f0000, 0x000001df27fc0000)
 Next Bits: [0x000001df27fc0000, 0x000001df2be90000)

Polling page: 0x000001df0e510000

Metaspace:

Usage:
  Non-class:     71.06 MB used.
      Class:     10.03 MB used.
       Both:     81.09 MB used.

Virtual space:
  Non-class space:      128.00 MB reserved,      71.31 MB ( 56%) committed,  2 nodes.
      Class space:        1.00 GB reserved,      10.31 MB (  1%) committed,  1 nodes.
             Both:        1.12 GB reserved,      81.62 MB (  7%) committed. 

Chunk freelists:
   Non-Class:  8.38 MB
       Class:  5.72 MB
        Both:  14.10 MB

MaxMetaspaceSize: unlimited
CompressedClassSpaceSize: 1.00 GB
Initial GC threshold: 21.00 MB
Current GC threshold: 135.44 MB
CDS: off
MetaspaceReclaimPolicy: balanced
 - commit_granule_bytes: 65536.
 - commit_granule_words: 8192.
 - virtual_space_node_default_size: 8388608.
 - enlarge_chunks_in_place: 1.
 - new_chunks_are_fully_committed: 0.
 - uncommit_free_chunks: 1.
 - use_allocation_guard: 0.
 - handle_deallocations: 1.


Internal statistics:

num_allocs_failed_limit: 9.
num_arena_births: 802.
num_arena_deaths: 0.
num_vsnodes_births: 3.
num_vsnodes_deaths: 0.
num_space_committed: 1306.
num_space_uncommitted: 0.
num_chunks_returned_to_freelist: 9.
num_chunks_taken_from_freelist: 3313.
num_chunk_merges: 6.
num_chunk_splits: 2424.
num_chunks_enlarged: 1915.
num_inconsistent_stats: 0.

CodeHeap 'non-profiled nmethods': size=120000Kb used=4510Kb max_used=4510Kb free=115489Kb
 bounds [0x000001df1ae00000, 0x000001df1b270000, 0x000001df22330000]
CodeHeap 'profiled nmethods': size=120000Kb used=12077Kb max_used=12077Kb free=107922Kb
 bounds [0x000001df13330000, 0x000001df13f00000, 0x000001df1a860000]
CodeHeap 'non-nmethods': size=5760Kb used=1393Kb max_used=1436Kb free=4366Kb
 bounds [0x000001df1a860000, 0x000001df1aad0000, 0x000001df1ae00000]
 total_blobs=6596 nmethods=5863 adapters=645
 compilation: enabled
              stopped_count=0, restarted_count=0
 full_count=0

Compilation events (20 events):
Event: 22.292 Thread 0x000001df2e5f0440 nmethod 6602 0x000001df13ef6990 code [0x000001df13ef6c00, 0x000001df13ef7a78]
Event: 22.292 Thread 0x000001df2e5f0440 6603       3       java.lang.invoke.LambdaFormBuffer::replaceName (124 bytes)
Event: 22.292 Thread 0x000001df2e5f0440 nmethod 6603 0x000001df13ef7e90 code [0x000001df13ef8040, 0x000001df13ef8228]
Event: 22.292 Thread 0x000001df2e5eff20 6604       4       java.lang.Integer::stringSize (47 bytes)
Event: 22.294 Thread 0x000001df2e5eff20 nmethod 6604 0x000001df1b266b90 code [0x000001df1b266d00, 0x000001df1b266dd8]
Event: 22.294 Thread 0x000001df2e5eff20 6605       4       java.lang.Integer::getChars (131 bytes)
Event: 22.294 Thread 0x000001df2e5f0440 6606       1       java.util.logging.LogManager$LoggerWeakRef::setParentRef (6 bytes)
Event: 22.295 Thread 0x000001df2e5f0440 nmethod 6606 0x000001df1b266e90 code [0x000001df1b267020, 0x000001df1b267138]
Event: 22.295 Thread 0x000001df2e5f0440 6607       3       org.apache.jasper.compiler.SmapUtil$SDEInstaller::readU1 (21 bytes)
Event: 22.296 Thread 0x000001df2e5f0440 nmethod 6607 0x000001df13ef8310 code [0x000001df13ef84a0, 0x000001df13ef85f8]
Event: 22.296 Thread 0x000001df2e5f0440 6608       3       org.apache.jasper.compiler.SmapUtil$SDEInstaller::writeU1 (19 bytes)
Event: 22.296 Thread 0x000001df2e5f0440 nmethod 6608 0x000001df13ef8710 code [0x000001df13ef88a0, 0x000001df13ef89f8]
Event: 22.296 Thread 0x000001df2e5f0440 6609       3       org.apache.jasper.compiler.SmapUtil$SDEInstaller::readBytes (38 bytes)
Event: 22.296 Thread 0x000001df2e5f0440 nmethod 6609 0x000001df13ef8b10 code [0x000001df13ef8cc0, 0x000001df13ef8f78]
Event: 22.296 Thread 0x000001df2e5f0440 6610       3       org.apache.jasper.compiler.SmapUtil$SDEInstaller::writeBytes (45 bytes)
Event: 22.296 Thread 0x000001df2e5f0440 nmethod 6610 0x000001df13ef9090 code [0x000001df13ef9240, 0x000001df13ef9458]
Event: 22.296 Thread 0x000001df2e5f0440 6611       3       org.apache.jasper.compiler.SmapUtil$SDEInstaller::writeU2 (18 bytes)
Event: 22.297 Thread 0x000001df2e5f0440 nmethod 6611 0x000001df13ef9590 code [0x000001df13ef9740, 0x000001df13ef98f8]
Event: 22.299 Thread 0x000001df2e5eff20 nmethod 6605 0x000001df1b267190 code [0x000001df1b267320, 0x000001df1b2676b8]
Event: 22.307 Thread 0x000001df2e5f0440 6612       3       org.apache.catalina.core.DefaultInstanceManager::findLifecycleCallback (110 bytes)

GC Heap History (20 events):
Event: 6.851 GC heap before
{Heap before GC invocations=11 (full 0):
 garbage-first heap   total 69632K, used 52432K [0x0000000704c00000, 0x0000000800000000)
  region size 2048K, 20 young (40960K), 3 survivors (6144K)
 Metaspace       used 41664K, committed 42112K, reserved 1114112K
  class space    used 4847K, committed 5056K, reserved 1048576K
}
Event: 6.861 GC heap after
{Heap after GC invocations=12 (full 0):
 garbage-first heap   total 69632K, used 20532K [0x0000000704c00000, 0x0000000800000000)
  region size 2048K, 2 young (4096K), 2 survivors (4096K)
 Metaspace       used 41664K, committed 42112K, reserved 1114112K
  class space    used 4847K, committed 5056K, reserved 1048576K
}
Event: 7.871 GC heap before
{Heap before GC invocations=12 (full 0):
 garbage-first heap   total 69632K, used 49204K [0x0000000704c00000, 0x0000000800000000)
  region size 2048K, 16 young (32768K), 2 survivors (4096K)
 Metaspace       used 50044K, committed 50560K, reserved 1114112K
  class space    used 6009K, committed 6272K, reserved 1048576K
}
Event: 7.878 GC heap after
{Heap after GC invocations=13 (full 0):
 garbage-first heap   total 69632K, used 22290K [0x0000000704c00000, 0x0000000800000000)
  region size 2048K, 1 young (2048K), 1 survivors (2048K)
 Metaspace       used 50044K, committed 50560K, reserved 1114112K
  class space    used 6009K, committed 6272K, reserved 1048576K
}
Event: 9.003 GC heap before
{Heap before GC invocations=13 (full 0):
 garbage-first heap   total 69632K, used 48914K [0x0000000704c00000, 0x0000000800000000)
  region size 2048K, 15 young (30720K), 1 survivors (2048K)
 Metaspace       used 56612K, committed 57088K, reserved 1114112K
  class space    used 6805K, committed 7040K, reserved 1048576K
}
Event: 9.011 GC heap after
{Heap after GC invocations=14 (full 0):
 garbage-first heap   total 69632K, used 24243K [0x0000000704c00000, 0x0000000800000000)
  region size 2048K, 2 young (4096K), 2 survivors (4096K)
 Metaspace       used 56612K, committed 57088K, reserved 1114112K
  class space    used 6805K, committed 7040K, reserved 1048576K
}
Event: 9.302 GC heap before
{Heap before GC invocations=14 (full 0):
 garbage-first heap   total 69632K, used 32435K [0x0000000704c00000, 0x0000000800000000)
  region size 2048K, 7 young (14336K), 2 survivors (4096K)
 Metaspace       used 59670K, committed 60160K, reserved 1114112K
  class space    used 7306K, committed 7552K, reserved 1048576K
}
Event: 9.307 GC heap after
{Heap after GC invocations=15 (full 0):
 garbage-first heap   total 69632K, used 24756K [0x0000000704c00000, 0x0000000800000000)
  region size 2048K, 1 young (2048K), 1 survivors (2048K)
 Metaspace       used 59670K, committed 60160K, reserved 1114112K
  class space    used 7306K, committed 7552K, reserved 1048576K
}
Event: 10.196 GC heap before
{Heap before GC invocations=16 (full 0):
 garbage-first heap   total 69632K, used 47284K [0x0000000704c00000, 0x0000000800000000)
  region size 2048K, 13 young (26624K), 1 survivors (2048K)
 Metaspace       used 64347K, committed 64832K, reserved 1114112K
  class space    used 8173K, committed 8384K, reserved 1048576K
}
Event: 10.200 GC heap after
{Heap after GC invocations=17 (full 0):
 garbage-first heap   total 69632K, used 25661K [0x0000000704c00000, 0x0000000800000000)
  region size 2048K, 1 young (2048K), 1 survivors (2048K)
 Metaspace       used 64347K, committed 64832K, reserved 1114112K
  class space    used 8173K, committed 8384K, reserved 1048576K
}
Event: 11.311 GC heap before
{Heap before GC invocations=17 (full 0):
 garbage-first heap   total 69632K, used 52285K [0x0000000704c00000, 0x0000000800000000)
  region size 2048K, 14 young (28672K), 1 survivors (2048K)
 Metaspace       used 69107K, committed 69568K, reserved 1114112K
  class space    used 8755K, committed 8960K, reserved 1048576K
}
Event: 11.318 GC heap after
{Heap after GC invocations=18 (full 0):
 garbage-first heap   total 69632K, used 27933K [0x0000000704c00000, 0x0000000800000000)
  region size 2048K, 2 young (4096K), 2 survivors (4096K)
 Metaspace       used 69107K, committed 69568K, reserved 1114112K
  class space    used 8755K, committed 8960K, reserved 1048576K
}
Event: 11.943 GC heap before
{Heap before GC invocations=18 (full 0):
 garbage-first heap   total 69632K, used 52509K [0x0000000704c00000, 0x0000000800000000)
  region size 2048K, 14 young (28672K), 2 survivors (4096K)
 Metaspace       used 71355K, committed 71872K, reserved 1114112K
  class space    used 9116K, committed 9408K, reserved 1048576K
}
Event: 11.953 GC heap after
{Heap after GC invocations=19 (full 0):
 garbage-first heap   total 69632K, used 29866K [0x0000000704c00000, 0x0000000800000000)
  region size 2048K, 1 young (2048K), 1 survivors (2048K)
 Metaspace       used 71355K, committed 71872K, reserved 1114112K
  class space    used 9116K, committed 9408K, reserved 1048576K
}
Event: 20.738 GC heap before
{Heap before GC invocations=19 (full 0):
 garbage-first heap   total 69632K, used 52394K [0x0000000704c00000, 0x0000000800000000)
  region size 2048K, 13 young (26624K), 1 survivors (2048K)
 Metaspace       used 74433K, committed 74944K, reserved 1114112K
  class space    used 9511K, committed 9728K, reserved 1048576K
}
Event: 20.744 GC heap after
{Heap after GC invocations=20 (full 0):
 garbage-first heap   total 69632K, used 31422K [0x0000000704c00000, 0x0000000800000000)
  region size 2048K, 2 young (4096K), 2 survivors (4096K)
 Metaspace       used 74433K, committed 74944K, reserved 1114112K
  class space    used 9511K, committed 9728K, reserved 1048576K
}
Event: 21.469 GC heap before
{Heap before GC invocations=20 (full 0):
 garbage-first heap   total 69632K, used 51902K [0x0000000704c00000, 0x0000000800000000)
  region size 2048K, 13 young (26624K), 2 survivors (4096K)
 Metaspace       used 78220K, committed 78784K, reserved 1179648K
  class space    used 9845K, committed 10112K, reserved 1048576K
}
Event: 21.478 GC heap after
{Heap after GC invocations=21 (full 0):
 garbage-first heap   total 69632K, used 33549K [0x0000000704c00000, 0x0000000800000000)
  region size 2048K, 2 young (4096K), 2 survivors (4096K)
 Metaspace       used 78220K, committed 78784K, reserved 1179648K
  class space    used 9845K, committed 10112K, reserved 1048576K
}
Event: 22.111 GC heap before
{Heap before GC invocations=21 (full 0):
 garbage-first heap   total 69632K, used 49933K [0x0000000704c00000, 0x0000000800000000)
  region size 2048K, 11 young (22528K), 2 survivors (4096K)
 Metaspace       used 82323K, committed 82944K, reserved 1179648K
  class space    used 10201K, committed 10496K, reserved 1048576K
}
Event: 22.115 GC heap after
{Heap after GC invocations=22 (full 0):
 garbage-first heap   total 69632K, used 34288K [0x0000000704c00000, 0x0000000800000000)
  region size 2048K, 2 young (4096K), 2 survivors (4096K)
 Metaspace       used 82323K, committed 82944K, reserved 1179648K
  class space    used 10201K, committed 10496K, reserved 1048576K
}

Dll operation events (9 events):
Event: 0.019 Loaded shared library C:\Users\JPiccione\.p2\pool\plugins\org.eclipse.justj.openjdk.hotspot.jre.full.win32.x86_64_17.0.8.v20230831-1047\jre\bin\java.dll
Event: 0.214 Loaded shared library C:\Users\JPiccione\.p2\pool\plugins\org.eclipse.justj.openjdk.hotspot.jre.full.win32.x86_64_17.0.8.v20230831-1047\jre\bin\jimage.dll
Event: 0.229 Loaded shared library C:\Users\JPiccione\.p2\pool\plugins\org.eclipse.justj.openjdk.hotspot.jre.full.win32.x86_64_17.0.8.v20230831-1047\jre\bin\net.dll
Event: 0.231 Loaded shared library C:\Users\JPiccione\.p2\pool\plugins\org.eclipse.justj.openjdk.hotspot.jre.full.win32.x86_64_17.0.8.v20230831-1047\jre\bin\nio.dll
Event: 0.238 Loaded shared library C:\Users\JPiccione\.p2\pool\plugins\org.eclipse.justj.openjdk.hotspot.jre.full.win32.x86_64_17.0.8.v20230831-1047\jre\bin\zip.dll
Event: 5.212 Loaded shared library C:\Users\JPiccione\.p2\pool\plugins\org.eclipse.justj.openjdk.hotspot.jre.full.win32.x86_64_17.0.8.v20230831-1047\jre\bin\sunmscapi.dll
Event: 5.227 Loaded shared library C:\Users\JPiccione\.p2\pool\plugins\org.eclipse.justj.openjdk.hotspot.jre.full.win32.x86_64_17.0.8.v20230831-1047\jre\bin\management.dll
Event: 5.231 Loaded shared library C:\Users\JPiccione\.p2\pool\plugins\org.eclipse.justj.openjdk.hotspot.jre.full.win32.x86_64_17.0.8.v20230831-1047\jre\bin\management_ext.dll
Event: 7.228 Loaded shared library C:\Users\JPiccione\.p2\pool\plugins\org.eclipse.justj.openjdk.hotspot.jre.full.win32.x86_64_17.0.8.v20230831-1047\jre\bin\verify.dll

Deoptimization events (20 events):
Event: 22.042 Thread 0x000001df353242e0 Uncommon trap: trap_request=0xffffff6e fr.pc=0x000001df1b25573c relative=0x000000000000049c
Event: 22.042 Thread 0x000001df353242e0 Uncommon trap: reason=loop_limit_check action=maybe_recompile pc=0x000001df1b25573c method=org.eclipse.jdt.internal.compiler.classfmt.ClassFileStruct.utf8At(II)[C @ 143 c2
Event: 22.042 Thread 0x000001df353242e0 DEOPT PACKING pc=0x000001df1b25573c sp=0x00000079d4af9720
Event: 22.042 Thread 0x000001df353242e0 DEOPT UNPACKING pc=0x000001df1a8b69a3 sp=0x00000079d4af96b8 mode 2
Event: 22.093 Thread 0x000001df353242e0 Uncommon trap: trap_request=0xffffffcc fr.pc=0x000001df1b2585a4 relative=0x0000000000000284
Event: 22.093 Thread 0x000001df353242e0 Uncommon trap: reason=intrinsic_or_type_checked_inlining action=make_not_entrant pc=0x000001df1b2585a4 method=java.util.ArrayList.toArray([Ljava/lang/Object;)[Ljava/lang/Object; @ 36 c2
Event: 22.093 Thread 0x000001df353242e0 DEOPT PACKING pc=0x000001df1b2585a4 sp=0x00000079d4af8a40
Event: 22.093 Thread 0x000001df353242e0 DEOPT UNPACKING pc=0x000001df1a8b69a3 sp=0x00000079d4af8a00 mode 2
Event: 22.108 Thread 0x000001df353242e0 Uncommon trap: trap_request=0xffffff45 fr.pc=0x000001df1b09a05c relative=0x000000000000033c
Event: 22.108 Thread 0x000001df353242e0 Uncommon trap: reason=unstable_if action=reinterpret pc=0x000001df1b09a05c method=java.util.HashMap.getNode(Ljava/lang/Object;)Ljava/util/HashMap$Node; @ 66 c2
Event: 22.108 Thread 0x000001df353242e0 DEOPT PACKING pc=0x000001df1b09a05c sp=0x00000079d4af8b10
Event: 22.108 Thread 0x000001df353242e0 DEOPT UNPACKING pc=0x000001df1a8b69a3 sp=0x00000079d4af8a50 mode 2
Event: 22.108 Thread 0x000001df353242e0 Uncommon trap: trap_request=0xffffff45 fr.pc=0x000001df1aee9d64 relative=0x0000000000000344
Event: 22.108 Thread 0x000001df353242e0 Uncommon trap: reason=unstable_if action=reinterpret pc=0x000001df1aee9d64 method=java.util.HashMap.getNode(Ljava/lang/Object;)Ljava/util/HashMap$Node; @ 66 c2
Event: 22.108 Thread 0x000001df353242e0 DEOPT PACKING pc=0x000001df1aee9d64 sp=0x00000079d4af8ae0
Event: 22.108 Thread 0x000001df353242e0 DEOPT UNPACKING pc=0x000001df1a8b69a3 sp=0x00000079d4af8a80 mode 2
Event: 22.300 Thread 0x000001df353242e0 Uncommon trap: trap_request=0xffffffde fr.pc=0x000001df1ae6d9b4 relative=0x0000000000001334
Event: 22.300 Thread 0x000001df353242e0 Uncommon trap: reason=class_check action=maybe_recompile pc=0x000001df1ae6d9b4 method=jdk.internal.loader.URLClassPath.getLoader(I)Ljdk/internal/loader/URLClassPath$Loader; @ 88 c2
Event: 22.300 Thread 0x000001df353242e0 DEOPT PACKING pc=0x000001df1ae6d9b4 sp=0x00000079d4af9d80
Event: 22.300 Thread 0x000001df353242e0 DEOPT UNPACKING pc=0x000001df1a8b69a3 sp=0x00000079d4af9dc0 mode 2

Classes unloaded (0 events):
No events

Classes redefined (0 events):
No events

Internal exceptions (20 events):
Event: 11.220 Thread 0x000001df0e4a2150 Exception <a 'java/lang/reflect/InvocationTargetException'{0x00000007079e1d08}> (0x00000007079e1d08) 
thrown [s\src\hotspot\share\runtime\reflection.cpp, line 1121]
Event: 11.222 Thread 0x000001df0e4a2150 Exception <a 'java/lang/reflect/InvocationTargetException'{0x00000007079ee890}> (0x00000007079ee890) 
thrown [s\src\hotspot\share\runtime\reflection.cpp, line 1121]
Event: 11.225 Thread 0x000001df0e4a2150 Exception <a 'java/lang/reflect/InvocationTargetException'{0x00000007079fec98}> (0x00000007079fec98) 
thrown [s\src\hotspot\share\runtime\reflection.cpp, line 1121]
Event: 11.260 Thread 0x000001df0e4a2150 Exception <a 'java/lang/NoSuchMethodError'{0x00000007076c6800}: 'int java.lang.invoke.DirectMethodHandle$Holder.invokeStatic(java.lang.Object, java.lang.Object, int)'> (0x00000007076c6800) 
thrown [s\src\hotspot\share\interpreter\linkResolver.cpp, line 759]
Event: 11.264 Thread 0x000001df0e4a2150 Exception <a 'java/lang/NoSuchMethodError'{0x00000007076e5728}: 'java.lang.Object java.lang.invoke.DirectMethodHandle$Holder.newInvokeSpecial(java.lang.Object, java.lang.Object, int)'> (0x00000007076e5728) 
thrown [s\src\hotspot\share\interpreter\linkResolver.cpp, line 759]
Event: 11.269 Thread 0x000001df0e4a2150 Exception <a 'java/lang/NoSuchMethodError'{0x0000000707707bf0}: 'java.lang.Object java.lang.invoke.Invokers$Holder.invoke_MT(java.lang.Object, java.lang.Object, java.lang.Object, java.lang.Object, java.lang.Object, java.lang.Object, java.lang.Object, java.lang.Object, java.lang.Object)'> (0x0000000707707bf0) 
thrown [s\src\hotspot\share\interpreter\linkResolver.cpp, line 759]
Event: 11.273 Thread 0x000001df0e4a2150 Exception <a 'java/lang/IncompatibleClassChangeError'{0x0000000707731760}: Found class java.lang.Object, but interface was expected> (0x0000000707731760) 
thrown [s\src\hotspot\share\interpreter\linkResolver.cpp, line 826]
Event: 11.588 Thread 0x000001df0e4a2150 Implicit null exception at 0x000001df1af14341 to 0x000001df1af14402
Event: 12.069 Thread 0x000001df0e4a2150 Exception <a 'sun/nio/fs/WindowsException'{0x000000070b56daa8}> (0x000000070b56daa8) 
thrown [s\src\hotspot\share\prims\jni.cpp, line 516]
Event: 12.142 Thread 0x000001df0e4a2150 Exception <a 'java/lang/IncompatibleClassChangeError'{0x000000070b0bb450}: Found class java.lang.Object, but interface was expected> (0x000000070b0bb450) 
thrown [s\src\hotspot\share\interpreter\linkResolver.cpp, line 826]
Event: 12.236 Thread 0x000001df0e4a2150 Exception <a 'java/lang/NoSuchMethodError'{0x0000000708757628}: 'void java.lang.invoke.DirectMethodHandle$Holder.invokeVirtual(java.lang.Object, java.lang.Object, long)'> (0x0000000708757628) 
thrown [s\src\hotspot\share\interpreter\linkResolver.cpp, line 759]
Event: 12.471 Thread 0x000001df0e4a2150 Exception <a 'java/lang/NoSuchMethodError'{0x0000000707ff52e0}: 'java.lang.Object java.lang.invoke.DirectMethodHandle$Holder.newInvokeSpecial(java.lang.Object, java.lang.Object, int, java.lang.Object, java.lang.Object)'> (0x0000000707ff52e0) 
thrown [s\src\hotspot\share\interpreter\linkResolver.cpp, line 759]
Event: 12.472 Thread 0x000001df0e4a2150 Exception <a 'java/lang/NoSuchMethodError'{0x0000000707c00de8}: 'java.lang.Object java.lang.invoke.DirectMethodHandle$Holder.invokeSpecial(java.lang.Object, java.lang.Object, int, java.lang.Object, int, java.lang.Object)'> (0x0000000707c00de8) 
thrown [s\src\hotspot\share\interpreter\linkResolver.cpp, line 759]
Event: 12.473 Thread 0x000001df0e4a2150 Exception <a 'java/lang/NoSuchMethodError'{0x0000000707c08bf0}: 'java.lang.Object java.lang.invoke.DirectMethodHandle$Holder.newInvokeSpecial(java.lang.Object, java.lang.Object, int, java.lang.Object, int)'> (0x0000000707c08bf0) 
thrown [s\src\hotspot\share\interpreter\linkResolver.cpp, line 759]
Event: 12.475 Thread 0x000001df0e4a2150 Exception <a 'java/lang/NoSuchMethodError'{0x0000000707c0ccf0}: 'java.lang.Object java.lang.invoke.DirectMethodHandle$Holder.invokeSpecial(java.lang.Object, java.lang.Object, java.lang.Object, int, java.lang.Object, int)'> (0x0000000707c0ccf0) 
thrown [s\src\hotspot\share\interpreter\linkResolver.cpp, line 759]
Event: 20.712 Thread 0x000001df35321f70 Exception <a 'java/lang/NoSuchMethodError'{0x0000000707960838}: 'java.lang.Object java.lang.invoke.DirectMethodHandle$Holder.invokeSpecial(java.lang.Object, java.lang.Object, java.lang.Object, java.lang.Object, java.lang.Object, long)'> (0x0000000707960838) 
thrown [s\src\hotspot\share\interpreter\linkResolver.cpp, line 759]
Event: 20.712 Thread 0x000001df35321f70 Exception <a 'java/lang/NoSuchMethodError'{0x0000000707964278}: 'java.lang.Object java.lang.invoke.Invokers$Holder.linkToTargetMethod(java.lang.Object, java.lang.Object, java.lang.Object, long, java.lang.Object)'> (0x0000000707964278) 
thrown [s\src\hotspot\share\interpreter\linkResolver.cpp, line 759]
Event: 20.770 Thread 0x000001df35321f70 Exception <a 'java/lang/NoSuchMethodError'{0x0000000714699ad8}: getSession> (0x0000000714699ad8) 
thrown [s\src\hotspot\share\prims\jni.cpp, line 1073]
Event: 21.197 Thread 0x000001df353242e0 Implicit null exception at 0x000001df1ae91cf7 to 0x000001df1ae92310
Event: 21.198 Thread 0x000001df353242e0 Implicit null exception at 0x000001df1ae48077 to 0x000001df1ae4868c

VM Operations (20 events):
Event: 21.135 Executing VM operation: HandshakeAllThreads
Event: 21.135 Executing VM operation: HandshakeAllThreads done
Event: 21.153 Executing VM operation: HandshakeAllThreads
Event: 21.153 Executing VM operation: HandshakeAllThreads done
Event: 21.469 Executing VM operation: G1CollectForAllocation
Event: 21.478 Executing VM operation: G1CollectForAllocation done
Event: 22.111 Executing VM operation: G1CollectForAllocation
Event: 22.115 Executing VM operation: G1CollectForAllocation done
Event: 22.196 Executing VM operation: G1PauseRemark
Event: 22.201 Executing VM operation: G1PauseRemark done
Event: 22.236 Executing VM operation: G1PauseCleanup
Event: 22.237 Executing VM operation: G1PauseCleanup done
Event: 22.304 Executing VM operation: ChangeBreakpoints
Event: 22.305 Executing VM operation: ChangeBreakpoints done
Event: 22.305 Executing VM operation: ChangeBreakpoints
Event: 22.306 Executing VM operation: ChangeBreakpoints done
Event: 22.307 Executing VM operation: get/set locals
Event: 22.307 Executing VM operation: get/set locals done
Event: 22.308 Executing VM operation: get/set locals
Event: 22.308 Executing VM operation: get/set locals done

Events (20 events):
Event: 21.344 loading class sun/util/ResourceBundleEnumeration done
Event: 21.519 Thread 0x000001df348cdbe0 Thread exited: 0x000001df348cdbe0
Event: 21.573 loading class java/io/FileWriter
Event: 21.573 loading class java/io/FileWriter done
Event: 21.812 loading class java/lang/NegativeArraySizeException
Event: 21.812 loading class java/lang/NegativeArraySizeException done
Event: 21.842 loading class java/net/URLClassLoader$2
Event: 21.842 loading class java/net/URLClassLoader$2 done
Event: 21.969 loading class sun/net/www/protocol/jrt/JavaRuntimeURLConnection
Event: 21.969 loading class sun/net/www/protocol/jrt/JavaRuntimeURLConnection done
Event: 21.970 loading class sun/net/www/protocol/jrt/JavaRuntimeURLConnection$1
Event: 21.970 loading class sun/net/www/protocol/jrt/JavaRuntimeURLConnection$1 done
Event: 21.984 loading class java/text/MessageFormat$Field
Event: 21.984 loading class java/text/MessageFormat$Field done
Event: 22.094 loading class jdk/internal/access/foreign/MemorySegmentProxy
Event: 22.094 loading class jdk/internal/access/foreign/MemorySegmentProxy done
Event: 22.288 loading class java/util/Hashtable$ValueCollection
Event: 22.288 loading class java/util/Hashtable$ValueCollection done
Event: 22.299 loading class java/net/URLClassLoader$1
Event: 22.300 loading class java/net/URLClassLoader$1 done


Dynamic libraries:
0x00007ff764760000 - 0x00007ff76476e000 	C:\Users\JPiccione\.p2\pool\plugins\org.eclipse.justj.openjdk.hotspot.jre.full.win32.x86_64_17.0.8.v20230831-1047\jre\bin\javaw.exe
0x000001df0e140000 - 0x000001df0e337000 	C:\windows\SYSTEM32\ntd1l.dll
0x000001df0e340000 - 0x000001df0e3fd000 	C:\windows\System32\kern3l32.dll
0x00007ffe167d0000 - 0x00007ffe169c7000 	C:\windows\SYSTEM32\ntdll.dll
0x00007ffe14a40000 - 0x00007ffe14afd000 	C:\windows\System32\KERNEL32.DLL
0x00007ffe13fa0000 - 0x00007ffe14296000 	C:\windows\System32\KERNELBASE.dll
0x00007ffe13920000 - 0x00007ffe13c33000 	C:\Program Files\SentinelOne\Sentinel Agent 23.1.4.650\InProcessClient64.dll
0x00007ffe15b00000 - 0x00007ffe15bae000 	C:\windows\System32\ADVAPI32.dll
0x00007ffe15ef0000 - 0x00007ffe15f8e000 	C:\windows\System32\msvcrt.dll
0x00007ffe14b00000 - 0x00007ffe14b9c000 	C:\windows\System32\sechost.dll
0x00007ffe15dc0000 - 0x00007ffe15ee6000 	C:\windows\System32\RPCRT4.dll
0x00007ffe14530000 - 0x00007ffe14630000 	C:\windows\System32\ucrtbase.dll
0x00007ffe08a00000 - 0x00007ffe08a19000 	C:\Users\JPiccione\.p2\pool\plugins\org.eclipse.justj.openjdk.hotspot.jre.full.win32.x86_64_17.0.8.v20230831-1047\jre\bin\VCRUNTIME140.dll
0x00007ffe0d130000 - 0x00007ffe0d147000 	C:\Users\JPiccione\.p2\pool\plugins\org.eclipse.justj.openjdk.hotspot.jre.full.win32.x86_64_17.0.8.v20230831-1047\jre\bin\jli.dll
0x00007ffe15670000 - 0x00007ffe1580e000 	C:\windows\System32\USER32.dll
0x00007ffe06950000 - 0x00007ffe06bea000 	C:\windows\WinSxS\amd64_microsoft.windows.common-controls_6595b64144ccf1df_6.0.19041.3570_none_60bb2a3971f3e41a\COMCTL32.dll
0x00007ffe14800000 - 0x00007ffe14822000 	C:\windows\System32\win32u.dll
0x00007ffe15bb0000 - 0x00007ffe15bdc000 	C:\windows\System32\GDI32.dll
0x00007ffe146e0000 - 0x00007ffe147fa000 	C:\windows\System32\gdi32full.dll
0x00007ffe14490000 - 0x00007ffe1452d000 	C:\windows\System32\msvcp_win.dll
0x00007ffe13910000 - 0x00007ffe1391a000 	C:\windows\SYSTEM32\VERSION.dll
0x00007ffe13900000 - 0x00007ffe1390b000 	C:\windows\SYSTEM32\FLTLIB.DLL
0x00007ffe15a40000 - 0x00007ffe15a70000 	C:\windows\System32\IMM32.DLL
0x00007ffe0eae0000 - 0x00007ffe0eaec000 	C:\Users\JPiccione\.p2\pool\plugins\org.eclipse.justj.openjdk.hotspot.jre.full.win32.x86_64_17.0.8.v20230831-1047\jre\bin\vcruntime140_1.dll
0x00007ffddb9d0000 - 0x00007ffddba61000 	C:\Users\JPiccione\.p2\pool\plugins\org.eclipse.justj.openjdk.hotspot.jre.full.win32.x86_64_17.0.8.v20230831-1047\jre\bin\msvcp140.dll
0x00007ffdc0e60000 - 0x00007ffdc1aac000 	C:\Users\JPiccione\.p2\pool\plugins\org.eclipse.justj.openjdk.hotspot.jre.full.win32.x86_64_17.0.8.v20230831-1047\jre\bin\server\jvm.dll
0x00007ffe130d0000 - 0x00007ffe1311b000 	C:\windows\SYSTEM32\POWRPROF.dll
0x00007ffdf9c20000 - 0x00007ffdf9c29000 	C:\windows\SYSTEM32\WSOCK32.dll
0x00007ffe15810000 - 0x00007ffe1587b000 	C:\windows\System32\WS2_32.dll
0x00007ffdfc5c0000 - 0x00007ffdfc5e7000 	C:\windows\SYSTEM32\WINMM.dll
0x00007ffe12f90000 - 0x00007ffe12fa2000 	C:\windows\SYSTEM32\UMPDC.dll
0x00007ffe117b0000 - 0x00007ffe117c2000 	C:\windows\SYSTEM32\kernel.appcore.dll
0x00007ffe0eb10000 - 0x00007ffe0eb1a000 	C:\Users\JPiccione\.p2\pool\plugins\org.eclipse.justj.openjdk.hotspot.jre.full.win32.x86_64_17.0.8.v20230831-1047\jre\bin\jimage.dll
0x00007ffe07370000 - 0x00007ffe07554000 	C:\windows\SYSTEM32\DBGHELP.DLL
0x00007ffe07330000 - 0x00007ffe07364000 	C:\windows\SYSTEM32\dbgcore.DLL
0x00007ffe142a0000 - 0x00007ffe14322000 	C:\windows\System32\bcryptPrimitives.dll
0x00007ffdee410000 - 0x00007ffdee48b000 	C:\Program Files\SentinelOne\Sentinel Agent 23.1.4.650\SentinelJava64.dll
0x00007ffe14830000 - 0x00007ffe1495b000 	C:\windows\System32\ole32.dll
0x00007ffe152e0000 - 0x00007ffe15634000 	C:\windows\System32\combase.dll
0x00007ffe0aef0000 - 0x00007ffe0af15000 	C:\Users\JPiccione\.p2\pool\plugins\org.eclipse.justj.openjdk.hotspot.jre.full.win32.x86_64_17.0.8.v20230831-1047\jre\bin\java.dll
0x00007ffe0b010000 - 0x00007ffe0b028000 	C:\Users\JPiccione\.p2\pool\plugins\org.eclipse.justj.openjdk.hotspot.jre.full.win32.x86_64_17.0.8.v20230831-1047\jre\bin\zip.dll
0x00007ffe16040000 - 0x00007ffe16784000 	C:\windows\System32\SHELL32.dll
0x00007ffe11920000 - 0x00007ffe120bb000 	C:\windows\SYSTEM32\windows.storage.dll
0x00007ffe135b0000 - 0x00007ffe135dd000 	C:\windows\SYSTEM32\Wldp.dll
0x00007ffe15f90000 - 0x00007ffe1603d000 	C:\windows\System32\SHCORE.dll
0x00007ffe150c0000 - 0x00007ffe15115000 	C:\windows\System32\shlwapi.dll
0x00007ffe13de0000 - 0x00007ffe13e05000 	C:\windows\SYSTEM32\profapi.dll
0x00007ffe0afe0000 - 0x00007ffe0aff9000 	C:\Users\JPiccione\.p2\pool\plugins\org.eclipse.justj.openjdk.hotspot.jre.full.win32.x86_64_17.0.8.v20230831-1047\jre\bin\net.dll
0x00007ffe12b30000 - 0x00007ffe12c3a000 	C:\windows\SYSTEM32\WINHTTP.dll
0x00007ffe13310000 - 0x00007ffe1337a000 	C:\windows\system32\mswsock.dll
0x00007ffe08a60000 - 0x00007ffe08a75000 	C:\Users\JPiccione\.p2\pool\plugins\org.eclipse.justj.openjdk.hotspot.jre.full.win32.x86_64_17.0.8.v20230831-1047\jre\bin\nio.dll
0x00007ffe13500000 - 0x00007ffe13518000 	C:\windows\SYSTEM32\CRYPTSP.dll
0x00007ffe12aa0000 - 0x00007ffe12ad4000 	C:\windows\system32\rsaenh.dll
0x00007ffe13f70000 - 0x00007ffe13f97000 	C:\windows\System32\bcrypt.dll
0x00007ffe13d60000 - 0x00007ffe13d8e000 	C:\windows\SYSTEM32\USERENV.dll
0x00007ffe13520000 - 0x00007ffe1352c000 	C:\windows\SYSTEM32\CRYPTBASE.dll
0x00007ffe12fb0000 - 0x00007ffe12feb000 	C:\windows\SYSTEM32\IPHLPAPI.DLL
0x00007ffe15660000 - 0x00007ffe15668000 	C:\windows\System32\NSI.dll
0x00007ffe0d300000 - 0x00007ffe0d317000 	C:\windows\SYSTEM32\dhcpcsvc6.DLL
0x00007ffe0cec0000 - 0x00007ffe0cedd000 	C:\windows\SYSTEM32\dhcpcsvc.DLL
0x00007ffe13000000 - 0x00007ffe130ca000 	C:\windows\SYSTEM32\DNSAPI.dll
0x00007ffe0d110000 - 0x00007ffe0d11e000 	C:\Users\JPiccione\.p2\pool\plugins\org.eclipse.justj.openjdk.hotspot.jre.full.win32.x86_64_17.0.8.v20230831-1047\jre\bin\sunmscapi.dll
0x00007ffe14330000 - 0x00007ffe1448d000 	C:\windows\System32\CRYPT32.dll
0x00007ffe13620000 - 0x00007ffe13647000 	C:\windows\SYSTEM32\ncrypt.dll
0x00007ffe135e0000 - 0x00007ffe1361b000 	C:\windows\SYSTEM32\NTASN1.dll
0x00007ffe0c4a0000 - 0x00007ffe0c4a9000 	C:\Users\JPiccione\.p2\pool\plugins\org.eclipse.justj.openjdk.hotspot.jre.full.win32.x86_64_17.0.8.v20230831-1047\jre\bin\management.dll
0x00007ffe0b030000 - 0x00007ffe0b03b000 	C:\Users\JPiccione\.p2\pool\plugins\org.eclipse.justj.openjdk.hotspot.jre.full.win32.x86_64_17.0.8.v20230831-1047\jre\bin\management_ext.dll
0x00007ffe15880000 - 0x00007ffe15888000 	C:\windows\System32\PSAPI.DLL
0x00007ffe0ea40000 - 0x00007ffe0ea50000 	C:\Users\JPiccione\.p2\pool\plugins\org.eclipse.justj.openjdk.hotspot.jre.full.win32.x86_64_17.0.8.v20230831-1047\jre\bin\verify.dll
0x00007ffe07e20000 - 0x00007ffe07e2a000 	C:\Windows\System32\rasadhlp.dll
0x00007ffe0d670000 - 0x00007ffe0d6f2000 	C:\windows\System32\fwpuclnt.dll
0x00007ffdf0070000 - 0x00007ffdf0087000 	C:\windows\system32\napinsp.dll
0x00007ffe0aa00000 - 0x00007ffe0aa1b000 	C:\windows\system32\pnrpnsp.dll
0x00007ffe0d150000 - 0x00007ffe0d165000 	C:\windows\system32\wshbth.dll
0x00007ffe0e560000 - 0x00007ffe0e57d000 	C:\windows\system32\NLAapi.dll
0x00007ffdf0090000 - 0x00007ffdf00a2000 	C:\windows\System32\winrnr.dll
0x00007ffddecb0000 - 0x00007ffddecb7000 	C:\windows\system32\wshunix.dll

dbghelp: loaded successfully - version: 4.0.5 - missing functions: none
symbol engine: initialized successfully - sym options: 0x614 - pdb path: .;C:\Users\JPiccione\.p2\pool\plugins\org.eclipse.justj.openjdk.hotspot.jre.full.win32.x86_64_17.0.8.v20230831-1047\jre\bin;C:\windows\SYSTEM32;C:\Program Files\SentinelOne\Sentinel Agent 23.1.4.650;C:\windows\WinSxS\amd64_microsoft.windows.common-controls_6595b64144ccf1df_6.0.19041.3570_none_60bb2a3971f3e41a;C:\Users\JPiccione\.p2\pool\plugins\org.eclipse.justj.openjdk.hotspot.jre.full.win32.x86_64_17.0.8.v20230831-1047\jre\bin\server

VM Arguments:
jvm_args: -Dfile.encoding=UTF-8 -XX:+ShowCodeDetailsInExceptionMessages -agentpath:C:\Program Files\SentinelOne\Sentinel Agent 23.1.4.650\SentinelJava64.dll 
java_command: com.spencer.ItemApp.ItemAppApplication
java_class_path (initial): C:\Users\JPiccione\OneDrive - Spencer Gifts LLC\Documents\ItemApp\target\classes;C:\Users\JPiccione\.m2\repository\org\springframework\boot\spring-boot-starter-data-jpa\3.1.4\spring-boot-starter-data-jpa-3.1.4.jar;C:\Users\JPiccione\.m2\repository\org\springframework\boot\spring-boot-starter-aop\3.1.4\spring-boot-starter-aop-3.1.4.jar;C:\Users\JPiccione\.m2\repository\org\aspectj\aspectjweaver\1.9.20\aspectjweaver-1.9.20.jar;C:\Users\JPiccione\.m2\repository\org\springframework\boot\spring-boot-starter-jdbc\3.1.4\spring-boot-starter-jdbc-3.1.4.jar;C:\Users\JPiccione\.m2\repository\com\zaxxer\HikariCP\5.0.1\HikariCP-5.0.1.jar;C:\Users\JPiccione\.m2\repository\org\springframework\spring-jdbc\6.0.12\spring-jdbc-6.0.12.jar;C:\Users\JPiccione\.m2\repository\org\hibernate\orm\hibernate-core\6.2.9.Final\hibernate-core-6.2.9.Final.jar;C:\Users\JPiccione\.m2\repository\jakarta\persistence\jakarta.persistence-api\3.1.0\jakarta.persistence-api-3.1.0.jar;C:\Users\JPiccione\.m2\repository\jakarta\transaction\jakarta.transaction-api\2.0.1\jakarta.transaction-api-2.0.1.jar;C:\Users\JPiccione\.m2\repository\org\jboss\logging\jboss-logging\3.5.3.Final\jboss-logging-3.5.3.Final.jar;C:\Users\JPiccione\.m2\repository\org\hibernate\common\hibernate-commons-annotations\6.0.6.Final\hibernate-commons-annotations-6.0.6.Final.jar;C:\Users\JPiccione\.m2\repository\io\smallrye\jandex\3.0.5\jandex-3.0.5.jar;C:\Users\JPiccione\.m2\repository\com\fasterxml\classmate\1.5.1\classmate-1.5.1.jar;C:\Users\JPiccione\.m2\repository\net\bytebuddy\byte-buddy\1.14.8\byte-buddy-1.14.8.jar;C:\Users\JPiccione\.m2\repository\org\glassfish\jaxb\jaxb-runtime\4.0.3\jaxb-runtime-4.0.3.jar;C:\Users\JPiccione\.m2\repository\org\glassfish\jaxb\jaxb-core\4.0.3\jaxb-core-4.0.3.jar;C:\Users\JPiccione\.m2\repository\org\eclipse\angus\angus-activation\2.0.1\angus-activation-2.0.1.jar;C:\Users\JPiccione\.m2\repository\org\glassfish\jaxb\txw2\4.0.3\txw2-4.0.3.jar;C:\Users\JPiccione\.m2\repositor
Launcher Type: SUN_STANDARD

[Global flags]
     intx CICompilerCount                          = 3                                         {product} {ergonomic}
     uint ConcGCThreads                            = 1                                         {product} {ergonomic}
     uint G1ConcRefinementThreads                  = 4                                         {product} {ergonomic}
   size_t G1HeapRegionSize                         = 2097152                                   {product} {ergonomic}
    uintx GCDrainStackTargetSize                   = 64                                        {product} {ergonomic}
   size_t InitialHeapSize                          = 264241152                                 {product} {ergonomic}
   size_t MarkStackSize                            = 4194304                                   {product} {ergonomic}
   size_t MaxHeapSize                              = 4215275520                                {product} {ergonomic}
   size_t MaxNewSize                               = 2529165312                                {product} {ergonomic}
   size_t MinHeapDeltaBytes                        = 2097152                                   {product} {ergonomic}
   size_t MinHeapSize                              = 8388608                                   {product} {ergonomic}
    uintx NonNMethodCodeHeapSize                   = 5832780                                {pd product} {ergonomic}
    uintx NonProfiledCodeHeapSize                  = 122912730                              {pd product} {ergonomic}
    uintx ProfiledCodeHeapSize                     = 122912730                              {pd product} {ergonomic}
    uintx ReservedCodeCacheSize                    = 251658240                              {pd product} {ergonomic}
     bool SegmentedCodeCache                       = true                                      {product} {ergonomic}
     bool ShowCodeDetailsInExceptionMessages       = true                                   {manageable} {command line}
   size_t SoftMaxHeapSize                          = 4215275520                             {manageable} {ergonomic}
     bool UseCompressedClassPointers               = true                           {product lp64_product} {ergonomic}
     bool UseCompressedOops                        = true                           {product lp64_product} {ergonomic}
     bool UseG1GC                                  = true                                      {product} {ergonomic}
     bool UseLargePagesIndividualAllocation        = false                                  {pd product} {ergonomic}

Logging:
Log output configuration:
 #0: stdout all=warning uptime,level,tags
 #1: stderr all=off uptime,level,tags

Environment Variables:
PATH=C:/Users/JPiccione/.p2/pool/plugins/org.eclipse.justj.openjdk.hotspot.jre.full.win32.x86_64_17.0.8.v20230831-1047/jre/bin/server;C:/Users/JPiccione/.p2/pool/plugins/org.eclipse.justj.openjdk.hotspot.jre.full.win32.x86_64_17.0.8.v20230831-1047/jre/bin;C:\Program Files\Common Files\Oracle\Java\javapath;C:\Program Files (x86)\Common Files\Oracle\Java\javapath;C:\Program Files\Microsoft\jdk-11.0.16.101-hotspot\bin;C:\Program Files (x86)\Business Objects\Common\3.5\bin\NOTES\;C:\Program Files (x86)\Business Objects\Common\3.5\bin\NOTES\DATA\;C:\windows\system32;C:\windows;C:\windows\System32\Wbem;C:\windows\System32\WindowsPowerShell\v1.0\;C:\windows\System32\OpenSSH\;C:\Program Files (x86)\IBM\Client Access\Emulator;C:\Program Files (x86)\IBM\Client Access\Shared;C:\Program Files (x86)\IBM\Client Access\;C:\Program Files (x86)\HEAT\;C:\Program Files (x86)\Microsoft SQL Server\160\DTS\Binn\;C:\Program Files\Azure Data Studio\bin;C:\Program Files\PuTTY\;C:\Program Files\Git\cmd;C:\Program Files\Microsoft SQL Server\150\Tools\Binn\;C:\Program Files\Microsoft SQL Server\Client SDK\ODBC\170\Tools\Binn\;C:\Program Files\dotnet\;C:\Program Files (x86)\Windows Kits\10\Windows Performance Toolkit\;c:\Program Files (x86)\Microsoft SQL Server\110\Tools\Binn\;c:\Program Files\Microsoft SQL Server\110\Tools\Binn\;c:\Program Files\Microsoft SQL Server\110\DTS\Binn\;C:\Program Files (x86)\Microsoft SQL Server\150\Tools\Binn\;C:\Program Files\Microsoft SQL Server\150\DTS\Binn\;C:\Users\JPiccione\AppData\Local\Microsoft\WindowsApps;C:\Program Files\Azure Data Studio\bin;C:\Users\JPiccione\.dotnet\tools;C:\Users\JPiccione\AppData\Local\Programs\Azure Data Studio\bin;C:\Program Files\JetBrains\IntelliJ IDEA 2023.2\bin;;C:\Users\JPiccione\AppData\Local\GitHubDesktop\bin;C:\windows\system32;
USERNAME=JPiccione
OS=Windows_NT
PROCESSOR_IDENTIFIER=Intel64 Family 6 Model 61 Stepping 4, GenuineIntel
TMP=C:\Users\JPICCI~1\AppData\Local\Temp
TEMP=C:\Users\JPICCI~1\AppData\Local\Temp



---------------  S Y S T E M  ---------------

OS:
 Windows 10 , 64 bit Build 19041 (10.0.19041.3570)
OS uptime: 5 days 19:14 hours

CPU: total 4 (initial active 4) (2 cores per cpu, 2 threads per core) family 6 model 61 stepping 4 microcode 0x2d, cx8, cmov, fxsr, ht, mmx, 3dnowpref, sse, sse2, sse3, ssse3, sse4.1, sse4.2, popcnt, lzcnt, tsc, tscinvbit, avx, avx2, aes, erms, clmul, bmi1, bmi2, rtm, adx, fma, vzeroupper, clflush
Processor Information for all 4 processors :
  Max Mhz: 2594, Current Mhz: 2594, Mhz Limit: 2594

Memory: 4k page, system-wide physical 16079M (7049M free)
TotalPageFile size 18511M (AvailPageFile size 6935M)
current process WorkingSet (physical memory assigned to process): 276M, peak: 346M
current process commit charge ("private bytes"): 292M, peak: 371M

vm_info: OpenJDK 64-Bit Server VM (17.0.8.1+1) for windows-amd64 JRE (17.0.8.1+1), built on Aug 23 2023 15:29:17 by "admin" with MS VC++ 16.7 (VS2019)

END.
