#
# A fatal error has been detected by the Java Runtime Environment:
#
#  EXCEPTION_ACCESS_VIOLATION (0xc0000005) at pc=0x0000026c3037dc36, pid=12384, tid=12912
#
# JRE version: OpenJDK Runtime Environment Temurin-17.0.8.1+1 (17.0.8.1+1) (build 17.0.8.1+1)
# Java VM: OpenJDK 64-Bit Server VM Temurin-17.0.8.1+1 (17.0.8.1+1, mixed mode, tiered, compressed oops, compressed class ptrs, g1 gc, windows-amd64)
# Problematic frame:
# J 6119 c1 jakarta.servlet.http.HttpServletRequestWrapper._getHttpServletRequest()Ljakarta/servlet/http/HttpServletRequest; (8 bytes) @ 0x0000026c3037dc36 [0x0000026c3037dba0+0x0000000000000096]
#
# No core dump will be written. Minidumps are not enabled by default on client versions of Windows
#
# If you would like to submit a bug report, please visit:
#   https://github.com/adoptium/adoptium-support/issues
#

---------------  S U M M A R Y ------------

Command Line: -Dfile.encoding=UTF-8 -XX:+ShowCodeDetailsInExceptionMessages -agentpath:C:\Program Files\SentinelOne\Sentinel Agent 23.1.4.650\SentinelJava64.dll com.spencer.ItemApp.ItemAppApplication

Host: Intel(R) Core(TM) i7-5600U CPU @ 2.60GHz, 4 cores, 15G,  Windows 10 , 64 bit Build 19041 (10.0.19041.3570)
Time: Mon Nov 20 13:35:05 2023 Eastern Standard Time elapsed time: 70.947179 seconds (0d 0h 1m 10s)

---------------  T H R E A D  ---------------

Current thread (0x0000026c51206700):  JavaThread "http-nio-8080-exec-2" daemon [_thread_in_Java, id=12912, stack(0x00000081c6900000,0x00000081c6a00000)]

Stack: [0x00000081c6900000,0x00000081c6a00000],  sp=0x00000081c69f99b0,  free space=998k
Native frames: (J=compiled Java code, j=interpreted, Vv=VM code, C=native code)
C  0x0000026c3037dc36


siginfo: EXCEPTION_ACCESS_VIOLATION (0xc0000005), reading address 0x00000002fae20af0


Register to memory mapping:

RIP=0x0000026c3037dc36 is at entry_point+150 in (nmethod*)0x0000026c3037da10
RAX=0x00000002fae20ae8 is an unknown value
RBX=0x0000000800387178 is a pointer to class: 
jakarta.servlet.http.HttpServletRequest {0x0000000800387180}
 - instance size:     2
 - klass size:        63
 - access:            public interface abstract 
 - state:             fully_initialized
 - name:              'jakarta/servlet/http/HttpServletRequest'
 - super:             'java/lang/Object'
 - sub:               
 - nof implementors:  2
 - arrays:            NULL
 - methods:           Array<T>(0x0000026c4cab1538)
 - method ordering:   Array<T>(0x0000026c4b000018)
 - default_methods:   Array<T>(0x0000000000000000)
 - local interfaces:  Array<T>(0x0000026c4caadf70)
 - trans. interfaces: Array<T>(0x0000026c4caadf70)
 - constants:         constant pool [249] {0x0000026c4cab0ce8} for 'jakarta/servlet/http/HttpServletRequest' cache=0x0000026c56074d68
 - class loader data:  loader data: 0x0000026c4a4afcd0 for instance a 'jdk/internal/loader/ClassLoaders$AppClassLoader'{0x0000000704f95400}
 - source file:       'HttpServletRequest.java'
 - class annotations:       Array<T>(0x0000000000000000)
 - class type annotations:  Array<T>(0x0000000000000000)
 - field annotations:       Array<T>(0x0000000000000000)
 - field type annotations:  Array<T>(0x0000000000000000)
 - inner classes:     Array<T>(0x0000026c4caa7fe8)
 - nest members:     Array<T>(0x0000026c4caaf278)
 - permitted subclasses:     Array<T>(0x0000026c4b000028)
 - java mirror:       a 'java/lang/Class'{0x000000070507ec78} = 'jakarta/servlet/http/HttpServletRequest'
 - vtable length      5  (start addr: 0x0000000800387340)
 - itable length      0 (start addr: 0x0000000800387368)
 - ---- static fields (2 words):
 - public static final 'BASIC_AUTH' 'Ljava/lang/String;' @112 
 - public static final 'FORM_AUTH' 'Ljava/lang/String;' @116 
 - public static final 'CLIENT_CERT_AUTH' 'Ljava/lang/String;' @120 
 - public static final 'DIGEST_AUTH' 'Ljava/lang/String;' @124 
 - ---- non-static fields (0 words):
 - non-static oop maps: 
RCX=0x00007ffb7dbce30a jvm.dll
RDX=0x00007ffb7dbce30a jvm.dll
RSP=0x00000081c69f99b0 is pointing into the stack for thread: 0x0000026c51206700
RBP=0x00000081c69f9a50 is pointing into the stack for thread: 0x0000026c51206700
RSI=0x0000026c5610c530 is pointing into metadata
RDI=0x0000026c51206700 is a thread
R8 =0x00000081c69f9eb0 is pointing into the stack for thread: 0x0000026c51206700
R9 =0x0000000000000001 is an unknown value
R10=0x00007ffb7e200ca0 jvm.dll
R11=0x0000026c3037dbc0 is at entry_point+32 in (nmethod*)0x0000026c3037da10
R12=0x0 is NULL
R13=0x00000081c69f9a00 is pointing into the stack for thread: 0x0000026c51206700
R14=0x00000081c69f9a68 is pointing into the stack for thread: 0x0000026c51206700
R15=0x0000026c51206700 is a thread


Registers:
RAX=0x00000002fae20ae8, RBX=0x0000000800387178, RCX=0x00007ffb7dbce30a, RDX=0x00007ffb7dbce30a
RSP=0x00000081c69f99b0, RBP=0x00000081c69f9a50, RSI=0x0000026c5610c530, RDI=0x0000026c51206700
R8 =0x00000081c69f9eb0, R9 =0x0000000000000001, R10=0x00007ffb7e200ca0, R11=0x0000026c3037dbc0
R12=0x0000000000000000, R13=0x00000081c69f9a00, R14=0x00000081c69f9a68, R15=0x0000026c51206700
RIP=0x0000026c3037dc36, EFLAGS=0x0000000000010206

Top of Stack: (sp=0x00000081c69f99b0)
0x00000081c69f99b0:   00000000fa5cd6c8 000000000000000f
0x00000081c69f99c0:   0000026c47f85179 00007ffb7de16d2d
0x00000081c69f99d0:   0000000000000000 00007ffb7dcb8fb8
0x00000081c69f99e0:   00000081c69f9a50 0000026c36e29657
0x00000081c69f99f0:   00000081c69f9a48 0000026c36e29657
0x00000081c69f9a00:   00007ffb7dbce30a 00000081c69f9a08
0x00000081c69f9a10:   0000026c4ece5b49 00000081c69f9a68
0x00000081c69f9a20:   0000026c560c08e0 0000026c56805a38
0x00000081c69f9a30:   0000000707566cb8 0000026c4ece5b78
0x00000081c69f9a40:   00000081c69f9a00 00000081c69f9a60
0x00000081c69f9a50:   00000081c69f9c40 0000026c36e21010
0x00000081c69f9a60:   000000070714ee60 00007ffb7dbce30a
0x00000081c69f9a70:   0000026c51206700 0000000000000000
0x00000081c69f9a80:   0000026c4a5dc850 0000000000000000
0x00000081c69f9a90:   00000081c69f9f01 00007ffb7ddc0600
0x00000081c69f9aa0:   0000026c51206700 0000026c55262f30 

Instructions: (pc=0x0000026c3037dc36)
0x0000026c3037db36:   00 00 38 04 00 00 20 00 00 00 e7 17 00 00 03 00
0x0000026c3037db46:   00 00 00 00 00 00 02 00 00 00 00 00 00 00 04 00
0x0000026c3037db56:   00 00 df 01 00 00 02 00 00 00 ff ff ff ff ff ff
0x0000026c3037db66:   ff ff 14 60 18 c0 2b c0 1f c0 16 c0 2f 64 10 c0
0x0000026c3037db76:   93 c0 21 b0 0e c0 17 64 0e 64 38 f0 05 80 11 64
0x0000026c3037db86:   29 64 0f 00 00 64 03 f8 f9 7d 18 aa fb 7f 05 70
0x0000026c3037db96:   0e 60 01 f8 7e ff 0e 90 0c 64 44 8b 52 08 49 bb
0x0000026c3037dba6:   00 00 00 00 08 00 00 00 4d 03 d3 4c 3b d0 0f 85
0x0000026c3037dbb6:   c6 34 af 06 66 0f 1f 44 00 00 89 84 24 00 90 ff
0x0000026c3037dbc6:   ff 55 48 83 ec 30 48 b8 30 c5 10 56 6c 02 00 00
0x0000026c3037dbd6:   8b b0 cc 00 00 00 83 c6 02 89 b0 cc 00 00 00 81
0x0000026c3037dbe6:   e6 fe 07 00 00 83 fe 00 0f 84 39 01 00 00 48 8b
0x0000026c3037dbf6:   c2 48 be 30 c5 10 56 6c 02 00 00 48 83 86 10 01
0x0000026c3037dc06:   00 00 01 8b 42 0c 48 c1 e0 03 48 83 f8 00 75 16
0x0000026c3037dc16:   48 bf 30 c5 10 56 6c 02 00 00 80 8f 19 01 00 00
0x0000026c3037dc26:   01 e9 ee 00 00 00 48 bb 78 71 38 00 08 00 00 00
0x0000026c3037dc36:   8b 78 08 49 ba 00 00 00 00 08 00 00 00 49 03 fa
0x0000026c3037dc46:   48 3b 5f 20 0f 84 1b 00 00 00 48 3b fb 0f 84 12
0x0000026c3037dc56:   00 00 00 57 53 e8 20 97 b9 06 5f 5f 83 ff 00 0f
0x0000026c3037dc66:   84 93 00 00 00 48 bf 30 c5 10 56 6c 02 00 00 8b
0x0000026c3037dc76:   58 08 49 ba 00 00 00 00 08 00 00 00 49 03 da 48
0x0000026c3037dc86:   3b 9f 30 01 00 00 75 0d 48 83 87 38 01 00 00 01
0x0000026c3037dc96:   e9 7f 00 00 00 48 3b 9f 40 01 00 00 75 0d 48 83
0x0000026c3037dca6:   87 48 01 00 00 01 e9 69 00 00 00 48 81 bf 30 01
0x0000026c3037dcb6:   00 00 00 00 00 00 75 17 48 89 9f 30 01 00 00 48
0x0000026c3037dcc6:   c7 87 38 01 00 00 01 00 00 00 e9 45 00 00 00 48
0x0000026c3037dcd6:   81 bf 40 01 00 00 00 00 00 00 75 17 48 89 9f 40
0x0000026c3037dce6:   01 00 00 48 c7 87 48 01 00 00 01 00 00 00 e9 21
0x0000026c3037dcf6:   00 00 00 e9 1c 00 00 00 48 bf 30 c5 10 56 6c 02
0x0000026c3037dd06:   00 00 48 83 af 20 01 00 00 01 e9 39 00 00 00 e9
0x0000026c3037dd16:   00 00 00 00 48 83 c4 30 5d 49 3b a7 48 03 00 00
0x0000026c3037dd26:   0f 87 2b 00 00 00 c3 49 ba 70 59 ce 4e 6c 02 00 


Stack slot to memory mapping:
stack at sp + 0 slots: 0x00000000fa5cd6c8 is an unknown value
stack at sp + 1 slots: 0x000000000000000f is an unknown value
stack at sp + 2 slots: 0x0000026c47f85179 points into unknown readable memory: 6a 61 76 61 2f 6e 69
stack at sp + 3 slots: 0x00007ffb7de16d2d jvm.dll
stack at sp + 4 slots: 0x0 is NULL
stack at sp + 5 slots: 0x00007ffb7dcb8fb8 jvm.dll
stack at sp + 6 slots: 0x00000081c69f9a50 is pointing into the stack for thread: 0x0000026c51206700
stack at sp + 7 slots: 0x0000026c36e29657 is at code_begin+1463 in an Interpreter codelet
return entry points  [0x0000026c36e290a0, 0x0000026c36e29ba0]  2816 bytes

--------------------------------------------------------------------------------
[Constant Pool (empty)]

--------------------------------------------------------------------------------

[MachCode]
  0x0000026c3037dba0: 448b 5208 | 49bb 0000 | 0000 0800 | 0000 4d03 | d34c 3bd0 | 0f85 c634 | af06 660f | 1f44 0000 
  0x0000026c3037dbc0: 8984 2400 | 90ff ff55 | 4883 ec30 | 48b8 30c5 | 1056 6c02 | 0000 8bb0 | cc00 0000 | 83c6 0289 
  0x0000026c3037dbe0: b0cc 0000 | 0081 e6fe | 0700 0083 | fe00 0f84 | 3901 0000 | 488b c248 | be30 c510 | 566c 0200 
  0x0000026c3037dc00: 0048 8386 | 1001 0000 | 018b 420c | 48c1 e003 | 4883 f800 | 7516 48bf | 30c5 1056 | 6c02 0000 
  0x0000026c3037dc20: 808f 1901 | 0000 01e9 | ee00 0000 | 48bb 7871 | 3800 0800 | 0000 8b78 | 0849 ba00 | 0000 0008 
  0x0000026c3037dc40: 0000 0049 | 03fa 483b | 5f20 0f84 | 1b00 0000 | 483b fb0f | 8412 0000 | 0057 53e8 | 2097 b906 
  0x0000026c3037dc60: 5f5f 83ff | 000f 8493 | 0000 0048 | bf30 c510 | 566c 0200 | 008b 5808 | 49ba 0000 | 0000 0800 
  0x0000026c3037dc80: 0000 4903 | da48 3b9f | 3001 0000 | 750d 4883 | 8738 0100 | 0001 e97f | 0000 0048 | 3b9f 4001 
  0x0000026c3037dca0: 0000 750d | 4883 8748 | 0100 0001 | e969 0000 | 0048 81bf | 3001 0000 | 0000 0000 | 7517 4889 
  0x0000026c3037dcc0: 9f30 0100 | 0048 c787 | 3801 0000 | 0100 0000 | e945 0000 | 0048 81bf | 4001 0000 | 0000 0000 
  0x0000026c3037dce0: 7517 4889 | 9f40 0100 | 0048 c787 | 4801 0000 | 0100 0000 | e921 0000 | 00e9 1c00 | 0000 48bf 
  0x0000026c3037dd00: 30c5 1056 | 6c02 0000 | 4883 af20 | 0100 0001 | e939 0000 | 00e9 0000 | 0000 4883 | c430 5d49 
  0x0000026c3037dd20: 3ba7 4803 | 0000 0f87 | 2b00 0000 | c349 ba70 | 59ce 4e6c | 0200 004c | 8954 2408 | 48c7 0424 
  0x0000026c3037dd40: ffff ffff | e837 bdb9 | 06e9 a6fe | ffff 4889 | 0424 e849 | 90b9 0649 | ba1f dd37 | 306c 0200 
  0x0000026c3037dd60: 004d 8997 | 6003 0000 | e993 9caf | 0690 9049 | 8b87 d803 | 0000 49c7 | 87d8 0300 | 0000 0000 
  0x0000026c3037dd80: 0049 c787 | e003 0000 | 0000 0000 | 4883 c430 | 5de9 6a8c | b006 f4f4 | f4f4 f4f4 | f4f4 f4f4 
  0x0000026c3037dda0: e8db 89b9 | 0648 b918 | aaf9 7dfb | 7f00 0048 | 83e4 f049 | ba80 efc1 | 7dfb 7f00 | 0041 ffd2 
  0x0000026c3037ddc0: f449 bac1 | dd37 306c | 0200 0041 | 52e9 ce8e | af06 f4f4 | f4f4 f4f4 
[/MachCode]
--------------------------------------------------------------------------------


---------------  P R O C E S S  ---------------

Threads class SMR info:
_java_thread_list=0x0000026c4f87a310, length=30, elements={
0x0000026c4a3f63e0, 0x0000026c4a3b9750, 0x0000026c4a3df830, 0x0000026c4a3e0a80,
0x0000026c4a3e1dc0, 0x0000026c4a3e36a0, 0x0000026c4a41eb10, 0x0000026c4a420bd0,
0x0000026c4a436540, 0x0000026c4a5b0800, 0x0000026c4a5d8010, 0x0000026c50488050,
0x0000026c517d40d0, 0x0000026c517d45b0, 0x0000026c51208050, 0x0000026c51208560,
0x0000026c512061f0, 0x0000026c51206700, 0x0000026c512052c0, 0x0000026c51207630,
0x0000026c51207b40, 0x0000026c51206c10, 0x0000026c512057d0, 0x0000026c51207120,
0x0000026c5031fec0, 0x0000026c50323b80, 0x0000026c50321d20, 0x0000026c50326e20,
0x0000026c50323670, 0x0000026c51b3e930
}

Java Threads: ( => current thread )
  0x0000026c4a3f63e0 JavaThread "Reference Handler" daemon [_thread_blocked, id=5472, stack(0x00000081c5000000,0x00000081c5100000)]
  0x0000026c4a3b9750 JavaThread "Finalizer" daemon [_thread_blocked, id=10740, stack(0x00000081c5100000,0x00000081c5200000)]
  0x0000026c4a3df830 JavaThread "Signal Dispatcher" daemon [_thread_blocked, id=7472, stack(0x00000081c5200000,0x00000081c5300000)]
  0x0000026c4a3e0a80 JavaThread "Attach Listener" daemon [_thread_blocked, id=5096, stack(0x00000081c5300000,0x00000081c5400000)]
  0x0000026c4a3e1dc0 JavaThread "Service Thread" daemon [_thread_blocked, id=16376, stack(0x00000081c5400000,0x00000081c5500000)]
  0x0000026c4a3e36a0 JavaThread "Monitor Deflation Thread" daemon [_thread_blocked, id=8664, stack(0x00000081c5500000,0x00000081c5600000)]
  0x0000026c4a41eb10 JavaThread "C2 CompilerThread0" daemon [_thread_in_native, id=15344, stack(0x00000081c5600000,0x00000081c5700000)]
  0x0000026c4a420bd0 JavaThread "C1 CompilerThread0" daemon [_thread_blocked, id=16948, stack(0x00000081c5700000,0x00000081c5800000)]
  0x0000026c4a436540 JavaThread "Sweeper thread" daemon [_thread_blocked, id=13736, stack(0x00000081c5800000,0x00000081c5900000)]
  0x0000026c4a5b0800 JavaThread "Notification Thread" daemon [_thread_blocked, id=17432, stack(0x00000081c5900000,0x00000081c5a00000)]
  0x0000026c4a5d8010 JavaThread "Common-Cleaner" daemon [_thread_blocked, id=17464, stack(0x00000081c5b00000,0x00000081c5c00000)]
  0x0000026c50488050 JavaThread "Catalina-utility-1" [_thread_blocked, id=16604, stack(0x00000081c6100000,0x00000081c6200000)]
  0x0000026c517d40d0 JavaThread "Catalina-utility-2" [_thread_blocked, id=14084, stack(0x00000081c6200000,0x00000081c6300000)]
  0x0000026c517d45b0 JavaThread "container-0" [_thread_blocked, id=13384, stack(0x00000081c6300000,0x00000081c6400000)]
  0x0000026c51208050 JavaThread "mssql-jdbc-shared-timer-core-0" daemon [_thread_blocked, id=14812, stack(0x00000081c6500000,0x00000081c6600000)]
  0x0000026c51208560 JavaThread "HikariPool-1 housekeeper" daemon [_thread_blocked, id=9696, stack(0x00000081c6600000,0x00000081c6700000)]
  0x0000026c512061f0 JavaThread "http-nio-8080-exec-1" daemon [_thread_blocked, id=13776, stack(0x00000081c6800000,0x00000081c6900000)]
=>0x0000026c51206700 JavaThread "http-nio-8080-exec-2" daemon [_thread_in_Java, id=12912, stack(0x00000081c6900000,0x00000081c6a00000)]
  0x0000026c512052c0 JavaThread "http-nio-8080-exec-3" daemon [_thread_blocked, id=7924, stack(0x00000081c6a00000,0x00000081c6b00000)]
  0x0000026c51207630 JavaThread "http-nio-8080-exec-4" daemon [_thread_blocked, id=124, stack(0x00000081c6b00000,0x00000081c6c00000)]
  0x0000026c51207b40 JavaThread "http-nio-8080-exec-5" daemon [_thread_blocked, id=14732, stack(0x00000081c6c00000,0x00000081c6d00000)]
  0x0000026c51206c10 JavaThread "http-nio-8080-exec-6" daemon [_thread_blocked, id=14660, stack(0x00000081c6d00000,0x00000081c6e00000)]
  0x0000026c512057d0 JavaThread "http-nio-8080-exec-7" daemon [_thread_blocked, id=10424, stack(0x00000081c6e00000,0x00000081c6f00000)]
  0x0000026c51207120 JavaThread "http-nio-8080-exec-8" daemon [_thread_blocked, id=13180, stack(0x00000081c6f00000,0x00000081c7000000)]
  0x0000026c5031fec0 JavaThread "http-nio-8080-exec-9" daemon [_thread_blocked, id=17488, stack(0x00000081c7000000,0x00000081c7100000)]
  0x0000026c50323b80 JavaThread "http-nio-8080-exec-10" daemon [_thread_blocked, id=11716, stack(0x00000081c7100000,0x00000081c7200000)]
  0x0000026c50321d20 JavaThread "http-nio-8080-Poller" daemon [_thread_in_native, id=11228, stack(0x00000081c7200000,0x00000081c7300000)]
  0x0000026c50326e20 JavaThread "http-nio-8080-Acceptor" daemon [_thread_in_native, id=6980, stack(0x00000081c7300000,0x00000081c7400000)]
  0x0000026c50323670 JavaThread "DestroyJavaVM" [_thread_blocked, id=11044, stack(0x00000081c4900000,0x00000081c4a00000)]
  0x0000026c51b3e930 JavaThread "C2 CompilerThread1" daemon [_thread_blocked, id=10024, stack(0x00000081c4600000,0x00000081c4700000)]

Other Threads:
  0x0000026c4a36b4b0 VMThread "VM Thread" [stack: 0x00000081c4f00000,0x00000081c5000000] [id=14680]
  0x0000026c4a5b7110 WatcherThread [stack: 0x00000081c5a00000,0x00000081c5b00000] [id=9076]
  0x0000026c2c2ec7e0 GCTaskThread "GC Thread#0" [stack: 0x00000081c4a00000,0x00000081c4b00000] [id=14964]
  0x0000026c4a5e98b0 GCTaskThread "GC Thread#1" [stack: 0x00000081c5d00000,0x00000081c5e00000] [id=3124]
  0x0000026c4a5e9e30 GCTaskThread "GC Thread#2" [stack: 0x00000081c5e00000,0x00000081c5f00000] [id=4212]
  0x0000026c4a5ea3b0 GCTaskThread "GC Thread#3" [stack: 0x00000081c5f00000,0x00000081c6000000] [id=16196]
  0x0000026c2c2ee720 ConcurrentGCThread "G1 Main Marker" [stack: 0x00000081c4b00000,0x00000081c4c00000] [id=3328]
  0x0000026c47e41f40 ConcurrentGCThread "G1 Conc#0" [stack: 0x00000081c4c00000,0x00000081c4d00000] [id=18084]
  0x0000026c47ee6aa0 ConcurrentGCThread "G1 Refine#0" [stack: 0x00000081c4d00000,0x00000081c4e00000] [id=11884]
  0x0000026c4fc41af0 ConcurrentGCThread "G1 Refine#1" [stack: 0x00000081c6000000,0x00000081c6100000] [id=10880]
  0x0000026c47ee7d50 ConcurrentGCThread "G1 Service" [stack: 0x00000081c4e00000,0x00000081c4f00000] [id=12116]

Threads with active compile tasks:
C2 CompilerThread0    71165 6512       4       sun.invoke.util.BytecodeDescriptor::unparseSig (49 bytes)

VM state: not at safepoint (normal execution)

VM Mutex/Monitor currently owned by a thread: None

Heap address: 0x0000000704c00000, size: 4020 MB, Compressed Oops mode: Zero based, Oop shift amount: 3

CDS archive(s) not mapped
Compressed class space mapped at: 0x0000000800000000-0x0000000840000000, reserved size: 1073741824
Narrow klass base: 0x0000000800000000, Narrow klass shift: 0, Narrow klass range: 0x40000000

GC Precious Log:
 CPUs: 4 total, 4 available
 Memory: 16079M
 Large Page Support: Disabled
 NUMA Support: Disabled
 Compressed Oops: Enabled (Zero based)
 Heap Region Size: 2M
 Heap Min Capacity: 8M
 Heap Initial Capacity: 252M
 Heap Max Capacity: 4020M
 Pre-touch: Disabled
 Parallel Workers: 4
 Concurrent Workers: 1
 Concurrent Refinement Workers: 4
 Periodic GC: Disabled

Heap:
 garbage-first heap   total 83968K, used 52493K [0x0000000704c00000, 0x0000000800000000)
  region size 2048K, 14 young (28672K), 3 survivors (6144K)
 Metaspace       used 83480K, committed 84032K, reserved 1179648K
  class space    used 10314K, committed 10560K, reserved 1048576K

Heap Regions: E=young(eden), S=young(survivor), O=old, HS=humongous(starts), HC=humongous(continues), CS=collection set, F=free, OA=open archive, CA=closed archive, TAMS=top-at-mark-start (previous, next)
|   0|0x0000000704c00000, 0x0000000704e00000, 0x0000000704e00000|100%| O|  |TAMS 0x0000000704e00000, 0x0000000704c00000| Untracked 
|   1|0x0000000704e00000, 0x0000000705000000, 0x0000000705000000|100%| O|  |TAMS 0x0000000705000000, 0x0000000704e00000| Untracked 
|   2|0x0000000705000000, 0x0000000705200000, 0x0000000705200000|100%| O|  |TAMS 0x0000000705200000, 0x0000000705000000| Untracked 
|   3|0x0000000705200000, 0x0000000705400000, 0x0000000705400000|100%| O|  |TAMS 0x0000000705400000, 0x0000000705200000| Untracked 
|   4|0x0000000705400000, 0x0000000705600000, 0x0000000705600000|100%| O|  |TAMS 0x0000000705600000, 0x0000000705400000| Untracked 
|   5|0x0000000705600000, 0x0000000705800000, 0x0000000705800000|100%| O|  |TAMS 0x0000000705800000, 0x0000000705600000| Untracked 
|   6|0x0000000705800000, 0x0000000705a00000, 0x0000000705a00000|100%| O|  |TAMS 0x0000000705a00000, 0x0000000705800000| Untracked 
|   7|0x0000000705a00000, 0x0000000705c00000, 0x0000000705c00000|100%| O|  |TAMS 0x0000000705c00000, 0x0000000705a00000| Untracked 
|   8|0x0000000705c00000, 0x0000000705e00000, 0x0000000705e00000|100%| O|  |TAMS 0x0000000705c00000, 0x0000000705c00000| Untracked 
|   9|0x0000000705e00000, 0x0000000706000000, 0x0000000706000000|100%| O|  |TAMS 0x0000000706000000, 0x0000000705e00000| Untracked 
|  10|0x0000000706000000, 0x0000000706194c00, 0x0000000706200000| 79%| O|  |TAMS 0x0000000706000000, 0x0000000706000000| Untracked 
|  11|0x0000000706200000, 0x0000000706400000, 0x0000000706400000|100%| O|  |TAMS 0x0000000706200000, 0x0000000706200000| Untracked 
|  12|0x0000000706400000, 0x0000000706600000, 0x0000000706600000|100%| O|  |TAMS 0x0000000706400000, 0x0000000706400000| Untracked 
|  13|0x0000000706600000, 0x0000000706600000, 0x0000000706800000|  0%| F|  |TAMS 0x0000000706600000, 0x0000000706600000| Untracked 
|  14|0x0000000706800000, 0x0000000706800000, 0x0000000706a00000|  0%| F|  |TAMS 0x0000000706800000, 0x0000000706800000| Untracked 
|  15|0x0000000706a00000, 0x0000000706a00000, 0x0000000706c00000|  0%| F|  |TAMS 0x0000000706a00000, 0x0000000706a00000| Untracked 
|  16|0x0000000706c00000, 0x0000000706c00000, 0x0000000706e00000|  0%| F|  |TAMS 0x0000000706c00000, 0x0000000706c00000| Untracked 
|  17|0x0000000706e00000, 0x0000000706e00000, 0x0000000707000000|  0%| F|  |TAMS 0x0000000706e00000, 0x0000000706e00000| Untracked 
|  18|0x0000000707000000, 0x00000007071ae800, 0x0000000707200000| 84%| S|CS|TAMS 0x0000000707000000, 0x0000000707000000| Complete 
|  19|0x0000000707200000, 0x0000000707400000, 0x0000000707400000|100%| S|CS|TAMS 0x0000000707200000, 0x0000000707200000| Complete 
|  20|0x0000000707400000, 0x0000000707600000, 0x0000000707600000|100%| S|CS|TAMS 0x0000000707400000, 0x0000000707400000| Complete 
|  21|0x0000000707600000, 0x0000000707600000, 0x0000000707800000|  0%| F|  |TAMS 0x0000000707600000, 0x0000000707600000| Untracked 
|  22|0x0000000707800000, 0x0000000707800000, 0x0000000707a00000|  0%| F|  |TAMS 0x0000000707800000, 0x0000000707800000| Untracked 
|  23|0x0000000707a00000, 0x0000000707a00000, 0x0000000707c00000|  0%| F|  |TAMS 0x0000000707a00000, 0x0000000707a00000| Untracked 
|  24|0x0000000707c00000, 0x0000000707c00000, 0x0000000707e00000|  0%| F|  |TAMS 0x0000000707c00000, 0x0000000707c00000| Untracked 
|  25|0x0000000707e00000, 0x0000000707e00000, 0x0000000708000000|  0%| F|  |TAMS 0x0000000707e00000, 0x0000000707e00000| Untracked 
|  26|0x0000000708000000, 0x0000000708000000, 0x0000000708200000|  0%| F|  |TAMS 0x0000000708000000, 0x0000000708000000| Untracked 
|  27|0x0000000708200000, 0x0000000708200000, 0x0000000708400000|  0%| F|  |TAMS 0x0000000708200000, 0x0000000708200000| Untracked 
|  28|0x0000000708400000, 0x0000000708400000, 0x0000000708600000|  0%| F|  |TAMS 0x0000000708400000, 0x0000000708400000| Untracked 
|  29|0x0000000708600000, 0x0000000708600000, 0x0000000708800000|  0%| F|  |TAMS 0x0000000708600000, 0x0000000708600000| Untracked 
|  30|0x0000000708800000, 0x00000007089e87d8, 0x0000000708a00000| 95%| E|  |TAMS 0x0000000708800000, 0x0000000708800000| Complete 
|  31|0x0000000708a00000, 0x0000000708c00000, 0x0000000708c00000|100%| E|CS|TAMS 0x0000000708a00000, 0x0000000708a00000| Complete 
|  32|0x0000000708c00000, 0x0000000708e00000, 0x0000000708e00000|100%| E|CS|TAMS 0x0000000708c00000, 0x0000000708c00000| Complete 
|  33|0x0000000708e00000, 0x0000000709000000, 0x0000000709000000|100%| E|CS|TAMS 0x0000000708e00000, 0x0000000708e00000| Complete 
|  34|0x0000000709000000, 0x0000000709200000, 0x0000000709200000|100%| E|CS|TAMS 0x0000000709000000, 0x0000000709000000| Complete 
|  35|0x0000000709200000, 0x0000000709400000, 0x0000000709400000|100%| E|CS|TAMS 0x0000000709200000, 0x0000000709200000| Complete 
|  36|0x0000000709400000, 0x0000000709600000, 0x0000000709600000|100%| E|CS|TAMS 0x0000000709400000, 0x0000000709400000| Complete 
|  50|0x000000070b000000, 0x000000070b200000, 0x000000070b200000|100%| E|CS|TAMS 0x000000070b000000, 0x000000070b000000| Complete 
|  51|0x000000070b200000, 0x000000070b400000, 0x000000070b400000|100%| E|CS|TAMS 0x000000070b200000, 0x000000070b200000| Complete 
|  52|0x000000070b400000, 0x000000070b600000, 0x000000070b600000|100%| E|CS|TAMS 0x000000070b400000, 0x000000070b400000| Complete 
| 125|0x0000000714600000, 0x0000000714800000, 0x0000000714800000|100%| E|CS|TAMS 0x0000000714600000, 0x0000000714600000| Complete 

Card table byte_map: [0x0000026c3f0d0000,0x0000026c3f8b0000] _byte_map_base: 0x0000026c3b8aa000

Marking Bits (Prev, Next): (CMBitMap*) 0x0000026c2c2ed2f0, (CMBitMap*) 0x0000026c2c2ed2b0
 Prev Bits: [0x0000026c43f60000, 0x0000026c47e30000)
 Next Bits: [0x0000026c40090000, 0x0000026c43f60000)

Polling page: 0x0000026c29b30000

Metaspace:

Usage:
  Non-class:     71.45 MB used.
      Class:     10.07 MB used.
       Both:     81.52 MB used.

Virtual space:
  Non-class space:      128.00 MB reserved,      71.75 MB ( 56%) committed,  2 nodes.
      Class space:        1.00 GB reserved,      10.31 MB (  1%) committed,  1 nodes.
             Both:        1.12 GB reserved,      82.06 MB (  7%) committed. 

Chunk freelists:
   Non-Class:  7.92 MB
       Class:  5.69 MB
        Both:  13.61 MB

MaxMetaspaceSize: unlimited
CompressedClassSpaceSize: 1.00 GB
Initial GC threshold: 21.00 MB
Current GC threshold: 98.69 MB
CDS: off
MetaspaceReclaimPolicy: balanced
 - commit_granule_bytes: 65536.
 - commit_granule_words: 8192.
 - virtual_space_node_default_size: 8388608.
 - enlarge_chunks_in_place: 1.
 - new_chunks_are_fully_committed: 0.
 - uncommit_free_chunks: 1.
 - use_allocation_guard: 0.
 - handle_deallocations: 1.


Internal statistics:

num_allocs_failed_limit: 9.
num_arena_births: 802.
num_arena_deaths: 0.
num_vsnodes_births: 3.
num_vsnodes_deaths: 0.
num_space_committed: 1313.
num_space_uncommitted: 0.
num_chunks_returned_to_freelist: 9.
num_chunks_taken_from_freelist: 3328.
num_chunk_merges: 3.
num_chunk_splits: 2421.
num_chunks_enlarged: 1924.
num_inconsistent_stats: 0.

CodeHeap 'non-profiled nmethods': size=120000Kb used=4201Kb max_used=4201Kb free=115798Kb
 bounds [0x0000026c373c0000, 0x0000026c377e0000, 0x0000026c3e8f0000]
CodeHeap 'profiled nmethods': size=120000Kb used=12272Kb max_used=12272Kb free=107727Kb
 bounds [0x0000026c2f8f0000, 0x0000026c304f0000, 0x0000026c36e20000]
CodeHeap 'non-nmethods': size=5760Kb used=1440Kb max_used=1440Kb free=4319Kb
 bounds [0x0000026c36e20000, 0x0000026c37090000, 0x0000026c373c0000]
 total_blobs=6566 nmethods=5830 adapters=645
 compilation: enabled
              stopped_count=0, restarted_count=0
 full_count=0

Compilation events (20 events):
Event: 70.907 Thread 0x0000026c4a420bd0 nmethod 6531 0x0000026c377d5510 code [0x0000026c377d56a0, 0x0000026c377d5778]
Event: 70.907 Thread 0x0000026c4a420bd0 6532       3       java.lang.invoke.LambdaFormBuffer::endEdit (313 bytes)
Event: 70.908 Thread 0x0000026c4a420bd0 nmethod 6532 0x0000026c304e8590 code [0x0000026c304e8800, 0x0000026c304e9678]
Event: 70.908 Thread 0x0000026c4a420bd0 6533       3       java.lang.invoke.LambdaFormBuffer::replaceName (124 bytes)
Event: 70.908 Thread 0x0000026c4a420bd0 nmethod 6533 0x0000026c304e9a90 code [0x0000026c304e9c40, 0x0000026c304e9e28]
Event: 70.910 Thread 0x0000026c4a420bd0 6535       1       java.util.logging.LogManager$LoggerWeakRef::setParentRef (6 bytes)
Event: 70.910 Thread 0x0000026c4a420bd0 nmethod 6535 0x0000026c377d5810 code [0x0000026c377d59a0, 0x0000026c377d5ab8]
Event: 70.911 Thread 0x0000026c4a420bd0 6537       3       org.apache.jasper.compiler.SmapUtil$SDEInstaller::readU1 (21 bytes)
Event: 70.911 Thread 0x0000026c4a420bd0 nmethod 6537 0x0000026c304e9f10 code [0x0000026c304ea0a0, 0x0000026c304ea1f8]
Event: 70.911 Thread 0x0000026c4a420bd0 6538       3       org.apache.jasper.compiler.SmapUtil$SDEInstaller::writeU1 (19 bytes)
Event: 70.911 Thread 0x0000026c4a420bd0 nmethod 6538 0x0000026c304ea310 code [0x0000026c304ea4a0, 0x0000026c304ea5f8]
Event: 70.912 Thread 0x0000026c4a420bd0 6539       3       org.apache.jasper.compiler.SmapUtil$SDEInstaller::readBytes (38 bytes)
Event: 70.912 Thread 0x0000026c4a420bd0 nmethod 6539 0x0000026c304ea710 code [0x0000026c304ea8c0, 0x0000026c304eab78]
Event: 70.912 Thread 0x0000026c4a420bd0 6540       3       org.apache.jasper.compiler.SmapUtil$SDEInstaller::writeBytes (45 bytes)
Event: 70.912 Thread 0x0000026c4a420bd0 nmethod 6540 0x0000026c304eac90 code [0x0000026c304eae40, 0x0000026c304eb058]
Event: 70.912 Thread 0x0000026c4a420bd0 6541       3       org.apache.jasper.compiler.SmapUtil$SDEInstaller::copy (46 bytes)
Event: 70.912 Thread 0x0000026c4a420bd0 nmethod 6541 0x0000026c304eb190 code [0x0000026c304eb340, 0x0000026c304eb578]
Event: 70.922 Thread 0x0000026c4a420bd0 6543       3       org.apache.catalina.core.DefaultInstanceManager::findLifecycleCallback (110 bytes)
Event: 70.923 Thread 0x0000026c4a420bd0 nmethod 6543 0x0000026c304eb710 code [0x0000026c304eba40, 0x0000026c304eced8]
Event: 70.924 Thread 0x0000026c51b3e930 6536   !   4       java.lang.String::<init> (843 bytes)

GC Heap History (20 events):
Event: 6.502 GC heap before
{Heap before GC invocations=11 (full 0):
 garbage-first heap   total 69632K, used 51746K [0x0000000704c00000, 0x0000000800000000)
  region size 2048K, 20 young (40960K), 3 survivors (6144K)
 Metaspace       used 41492K, committed 41920K, reserved 1114112K
  class space    used 4814K, committed 5056K, reserved 1048576K
}
Event: 6.514 GC heap after
{Heap after GC invocations=12 (full 0):
 garbage-first heap   total 69632K, used 19702K [0x0000000704c00000, 0x0000000800000000)
  region size 2048K, 2 young (4096K), 2 survivors (4096K)
 Metaspace       used 41492K, committed 41920K, reserved 1114112K
  class space    used 4814K, committed 5056K, reserved 1048576K
}
Event: 6.578 GC heap before
{Heap before GC invocations=12 (full 0):
 garbage-first heap   total 69632K, used 21750K [0x0000000704c00000, 0x0000000800000000)
  region size 2048K, 3 young (6144K), 2 survivors (4096K)
 Metaspace       used 41821K, committed 42304K, reserved 1114112K
  class space    used 4872K, committed 5120K, reserved 1048576K
}
Event: 6.583 GC heap after
{Heap after GC invocations=13 (full 0):
 garbage-first heap   total 69632K, used 19880K [0x0000000704c00000, 0x0000000800000000)
  region size 2048K, 1 young (2048K), 1 survivors (2048K)
 Metaspace       used 41821K, committed 42304K, reserved 1114112K
  class space    used 4872K, committed 5120K, reserved 1048576K
}
Event: 7.841 GC heap before
{Heap before GC invocations=13 (full 0):
 garbage-first heap   total 69632K, used 48552K [0x0000000704c00000, 0x0000000800000000)
  region size 2048K, 15 young (30720K), 1 survivors (2048K)
 Metaspace       used 50822K, committed 51264K, reserved 1114112K
  class space    used 6096K, committed 6336K, reserved 1048576K
}
Event: 7.849 GC heap after
{Heap after GC invocations=14 (full 0):
 garbage-first heap   total 69632K, used 21073K [0x0000000704c00000, 0x0000000800000000)
  region size 2048K, 1 young (2048K), 1 survivors (2048K)
 Metaspace       used 50822K, committed 51264K, reserved 1114112K
  class space    used 6096K, committed 6336K, reserved 1048576K
}
Event: 8.867 GC heap before
{Heap before GC invocations=14 (full 0):
 garbage-first heap   total 69632K, used 47697K [0x0000000704c00000, 0x0000000800000000)
  region size 2048K, 15 young (30720K), 1 survivors (2048K)
 Metaspace       used 56847K, committed 57280K, reserved 1114112K
  class space    used 6846K, committed 7040K, reserved 1048576K
}
Event: 8.874 GC heap after
{Heap after GC invocations=15 (full 0):
 garbage-first heap   total 69632K, used 23096K [0x0000000704c00000, 0x0000000800000000)
  region size 2048K, 2 young (4096K), 2 survivors (4096K)
 Metaspace       used 56847K, committed 57280K, reserved 1114112K
  class space    used 6846K, committed 7040K, reserved 1048576K
}
Event: 9.190 GC heap before
{Heap before GC invocations=15 (full 0):
 garbage-first heap   total 69632K, used 31288K [0x0000000704c00000, 0x0000000800000000)
  region size 2048K, 7 young (14336K), 2 survivors (4096K)
 Metaspace       used 59794K, committed 60288K, reserved 1114112K
  class space    used 7328K, committed 7552K, reserved 1048576K
}
Event: 9.197 GC heap after
{Heap after GC invocations=16 (full 0):
 garbage-first heap   total 69632K, used 23648K [0x0000000704c00000, 0x0000000800000000)
  region size 2048K, 1 young (2048K), 1 survivors (2048K)
 Metaspace       used 59794K, committed 60288K, reserved 1114112K
  class space    used 7328K, committed 7552K, reserved 1048576K
}
Event: 10.144 GC heap before
{Heap before GC invocations=17 (full 0):
 garbage-first heap   total 69632K, used 48224K [0x0000000704c00000, 0x0000000800000000)
  region size 2048K, 14 young (28672K), 1 survivors (2048K)
 Metaspace       used 64798K, committed 65216K, reserved 1114112K
  class space    used 8247K, committed 8448K, reserved 1048576K
}
Event: 10.148 GC heap after
{Heap after GC invocations=18 (full 0):
 garbage-first heap   total 69632K, used 24669K [0x0000000704c00000, 0x0000000800000000)
  region size 2048K, 1 young (2048K), 1 survivors (2048K)
 Metaspace       used 64798K, committed 65216K, reserved 1114112K
  class space    used 8247K, committed 8448K, reserved 1048576K
}
Event: 10.440 GC heap before
{Heap before GC invocations=18 (full 0):
 garbage-first heap   total 69632K, used 26717K [0x0000000704c00000, 0x0000000800000000)
  region size 2048K, 2 young (4096K), 1 survivors (2048K)
 Metaspace       used 65578K, committed 66048K, reserved 1114112K
  class space    used 8314K, committed 8512K, reserved 1048576K
}
Event: 10.445 GC heap after
{Heap after GC invocations=19 (full 0):
 garbage-first heap   total 69632K, used 24411K [0x0000000704c00000, 0x0000000800000000)
  region size 2048K, 1 young (2048K), 1 survivors (2048K)
 Metaspace       used 65578K, committed 66048K, reserved 1114112K
  class space    used 8314K, committed 8512K, reserved 1048576K
}
Event: 11.229 GC heap before
{Heap before GC invocations=19 (full 0):
 garbage-first heap   total 69632K, used 53083K [0x0000000704c00000, 0x0000000800000000)
  region size 2048K, 15 young (30720K), 1 survivors (2048K)
 Metaspace       used 69431K, committed 69952K, reserved 1114112K
  class space    used 8820K, committed 9088K, reserved 1048576K
}
Event: 11.235 GC heap after
{Heap after GC invocations=20 (full 0):
 garbage-first heap   total 83968K, used 26334K [0x0000000704c00000, 0x0000000800000000)
  region size 2048K, 2 young (4096K), 2 survivors (4096K)
 Metaspace       used 69431K, committed 69952K, reserved 1114112K
  class space    used 8820K, committed 9088K, reserved 1048576K
}
Event: 12.249 GC heap before
{Heap before GC invocations=20 (full 0):
 garbage-first heap   total 83968K, used 59102K [0x0000000704c00000, 0x0000000800000000)
  region size 2048K, 19 young (38912K), 2 survivors (4096K)
 Metaspace       used 73253K, committed 73792K, reserved 1114112K
  class space    used 9376K, committed 9664K, reserved 1048576K
}
Event: 12.259 GC heap after
{Heap after GC invocations=21 (full 0):
 garbage-first heap   total 83968K, used 29461K [0x0000000704c00000, 0x0000000800000000)
  region size 2048K, 3 young (6144K), 3 survivors (6144K)
 Metaspace       used 73253K, committed 73792K, reserved 1114112K
  class space    used 9376K, committed 9664K, reserved 1048576K
}
Event: 70.190 GC heap before
{Heap before GC invocations=21 (full 0):
 garbage-first heap   total 83968K, used 62229K [0x0000000704c00000, 0x0000000800000000)
  region size 2048K, 20 young (40960K), 3 survivors (6144K)
 Metaspace       used 78892K, committed 79424K, reserved 1179648K
  class space    used 9918K, committed 10176K, reserved 1048576K
}
Event: 70.207 GC heap after
{Heap after GC invocations=22 (full 0):
 garbage-first heap   total 83968K, used 32013K [0x0000000704c00000, 0x0000000800000000)
  region size 2048K, 3 young (6144K), 3 survivors (6144K)
 Metaspace       used 78892K, committed 79424K, reserved 1179648K
  class space    used 9918K, committed 10176K, reserved 1048576K
}

Dll operation events (9 events):
Event: 0.016 Loaded shared library C:\Users\JPiccione\.p2\pool\plugins\org.eclipse.justj.openjdk.hotspot.jre.full.win32.x86_64_17.0.8.v20230831-1047\jre\bin\java.dll
Event: 0.228 Loaded shared library C:\Users\JPiccione\.p2\pool\plugins\org.eclipse.justj.openjdk.hotspot.jre.full.win32.x86_64_17.0.8.v20230831-1047\jre\bin\jimage.dll
Event: 0.244 Loaded shared library C:\Users\JPiccione\.p2\pool\plugins\org.eclipse.justj.openjdk.hotspot.jre.full.win32.x86_64_17.0.8.v20230831-1047\jre\bin\net.dll
Event: 0.247 Loaded shared library C:\Users\JPiccione\.p2\pool\plugins\org.eclipse.justj.openjdk.hotspot.jre.full.win32.x86_64_17.0.8.v20230831-1047\jre\bin\nio.dll
Event: 0.253 Loaded shared library C:\Users\JPiccione\.p2\pool\plugins\org.eclipse.justj.openjdk.hotspot.jre.full.win32.x86_64_17.0.8.v20230831-1047\jre\bin\zip.dll
Event: 5.378 Loaded shared library C:\Users\JPiccione\.p2\pool\plugins\org.eclipse.justj.openjdk.hotspot.jre.full.win32.x86_64_17.0.8.v20230831-1047\jre\bin\sunmscapi.dll
Event: 5.417 Loaded shared library C:\Users\JPiccione\.p2\pool\plugins\org.eclipse.justj.openjdk.hotspot.jre.full.win32.x86_64_17.0.8.v20230831-1047\jre\bin\management.dll
Event: 5.420 Loaded shared library C:\Users\JPiccione\.p2\pool\plugins\org.eclipse.justj.openjdk.hotspot.jre.full.win32.x86_64_17.0.8.v20230831-1047\jre\bin\management_ext.dll
Event: 7.009 Loaded shared library C:\Users\JPiccione\.p2\pool\plugins\org.eclipse.justj.openjdk.hotspot.jre.full.win32.x86_64_17.0.8.v20230831-1047\jre\bin\verify.dll

Deoptimization events (20 events):
Event: 70.652 Thread 0x0000026c51206700 Uncommon trap: trap_request=0xffffff45 fr.pc=0x0000026c3764422c relative=0x00000000000001ac
Event: 70.652 Thread 0x0000026c51206700 Uncommon trap: reason=unstable_if action=reinterpret pc=0x0000026c3764422c method=java.lang.ClassLoader.getResource(Ljava/lang/String;)Ljava/net/URL; @ 30 c2
Event: 70.652 Thread 0x0000026c51206700 DEOPT PACKING pc=0x0000026c3764422c sp=0x00000081c69f97d0
Event: 70.652 Thread 0x0000026c51206700 DEOPT UNPACKING pc=0x0000026c36e769a3 sp=0x00000081c69f9708 mode 2
Event: 70.712 Thread 0x0000026c51206700 Uncommon trap: trap_request=0xffffff6e fr.pc=0x0000026c377c613c relative=0x000000000000049c
Event: 70.712 Thread 0x0000026c51206700 Uncommon trap: reason=loop_limit_check action=maybe_recompile pc=0x0000026c377c613c method=org.eclipse.jdt.internal.compiler.classfmt.ClassFileStruct.utf8At(II)[C @ 143 c2
Event: 70.712 Thread 0x0000026c51206700 DEOPT PACKING pc=0x0000026c377c613c sp=0x00000081c69f9c60
Event: 70.712 Thread 0x0000026c51206700 DEOPT UNPACKING pc=0x0000026c36e769a3 sp=0x00000081c69f9bf8 mode 2
Event: 70.761 Thread 0x0000026c51206700 Uncommon trap: trap_request=0xffffff45 fr.pc=0x0000026c3760f64c relative=0x000000000000032c
Event: 70.761 Thread 0x0000026c51206700 Uncommon trap: reason=unstable_if action=reinterpret pc=0x0000026c3760f64c method=java.util.HashMap.getNode(Ljava/lang/Object;)Ljava/util/HashMap$Node; @ 66 c2
Event: 70.761 Thread 0x0000026c51206700 DEOPT PACKING pc=0x0000026c3760f64c sp=0x00000081c69f9050
Event: 70.761 Thread 0x0000026c51206700 DEOPT UNPACKING pc=0x0000026c36e769a3 sp=0x00000081c69f8f90 mode 2
Event: 70.761 Thread 0x0000026c51206700 Uncommon trap: trap_request=0xffffff45 fr.pc=0x0000026c374c1b64 relative=0x0000000000000344
Event: 70.761 Thread 0x0000026c51206700 Uncommon trap: reason=unstable_if action=reinterpret pc=0x0000026c374c1b64 method=java.util.HashMap.getNode(Ljava/lang/Object;)Ljava/util/HashMap$Node; @ 66 c2
Event: 70.761 Thread 0x0000026c51206700 DEOPT PACKING pc=0x0000026c374c1b64 sp=0x00000081c69f9020
Event: 70.761 Thread 0x0000026c51206700 DEOPT UNPACKING pc=0x0000026c36e769a3 sp=0x00000081c69f8fc0 mode 2
Event: 70.915 Thread 0x0000026c51206700 Uncommon trap: trap_request=0xffffffde fr.pc=0x0000026c3742f034 relative=0x0000000000001334
Event: 70.915 Thread 0x0000026c51206700 Uncommon trap: reason=class_check action=maybe_recompile pc=0x0000026c3742f034 method=jdk.internal.loader.URLClassPath.getLoader(I)Ljdk/internal/loader/URLClassPath$Loader; @ 88 c2
Event: 70.915 Thread 0x0000026c51206700 DEOPT PACKING pc=0x0000026c3742f034 sp=0x00000081c69fa2c0
Event: 70.915 Thread 0x0000026c51206700 DEOPT UNPACKING pc=0x0000026c36e769a3 sp=0x00000081c69fa300 mode 2

Classes unloaded (0 events):
No events

Classes redefined (0 events):
No events

Internal exceptions (20 events):
Event: 11.300 Thread 0x0000026c2c283800 Exception <a 'java/lang/reflect/InvocationTargetException'{0x000000070b4c59a0}> (0x000000070b4c59a0) 
thrown [s\src\hotspot\share\runtime\reflection.cpp, line 1121]
Event: 11.303 Thread 0x0000026c2c283800 Exception <a 'java/lang/reflect/InvocationTargetException'{0x000000070b4d2cc8}> (0x000000070b4d2cc8) 
thrown [s\src\hotspot\share\runtime\reflection.cpp, line 1121]
Event: 11.306 Thread 0x0000026c2c283800 Exception <a 'java/lang/reflect/InvocationTargetException'{0x000000070b4e3490}> (0x000000070b4e3490) 
thrown [s\src\hotspot\share\runtime\reflection.cpp, line 1121]
Event: 11.309 Thread 0x0000026c2c283800 Exception <a 'java/lang/reflect/InvocationTargetException'{0x000000070b4efe50}> (0x000000070b4efe50) 
thrown [s\src\hotspot\share\runtime\reflection.cpp, line 1121]
Event: 11.311 Thread 0x0000026c2c283800 Exception <a 'java/lang/reflect/InvocationTargetException'{0x000000070b4fbc60}> (0x000000070b4fbc60) 
thrown [s\src\hotspot\share\runtime\reflection.cpp, line 1121]
Event: 11.313 Thread 0x0000026c2c283800 Exception <a 'java/lang/reflect/InvocationTargetException'{0x000000070b5092d0}> (0x000000070b5092d0) 
thrown [s\src\hotspot\share\runtime\reflection.cpp, line 1121]
Event: 11.316 Thread 0x0000026c2c283800 Exception <a 'java/lang/reflect/InvocationTargetException'{0x000000070b51a3e8}> (0x000000070b51a3e8) 
thrown [s\src\hotspot\share\runtime\reflection.cpp, line 1121]
Event: 11.488 Thread 0x0000026c2c283800 Implicit null exception at 0x0000026c374dcec1 to 0x0000026c374dcf82
Event: 11.936 Thread 0x0000026c2c283800 Exception <a 'sun/nio/fs/WindowsException'{0x000000070866d658}> (0x000000070866d658) 
thrown [s\src\hotspot\share\prims\jni.cpp, line 516]
Event: 11.995 Thread 0x0000026c2c283800 Exception <a 'java/lang/IncompatibleClassChangeError'{0x00000007085d0a38}: Found class java.lang.Object, but interface was expected> (0x00000007085d0a38) 
thrown [s\src\hotspot\share\interpreter\linkResolver.cpp, line 826]
Event: 12.090 Thread 0x0000026c2c283800 Exception <a 'java/lang/NoSuchMethodError'{0x000000070806bd78}: 'void java.lang.invoke.DirectMethodHandle$Holder.invokeVirtual(java.lang.Object, java.lang.Object, long)'> (0x000000070806bd78) 
thrown [s\src\hotspot\share\interpreter\linkResolver.cpp, line 759]
Event: 12.308 Thread 0x0000026c2c283800 Exception <a 'java/lang/NoSuchMethodError'{0x000000070b4e35f0}: 'java.lang.Object java.lang.invoke.DirectMethodHandle$Holder.newInvokeSpecial(java.lang.Object, java.lang.Object, int, java.lang.Object, java.lang.Object)'> (0x000000070b4e35f0) 
thrown [s\src\hotspot\share\interpreter\linkResolver.cpp, line 759]
Event: 12.309 Thread 0x0000026c2c283800 Exception <a 'java/lang/NoSuchMethodError'{0x000000070b4eec68}: 'java.lang.Object java.lang.invoke.DirectMethodHandle$Holder.invokeSpecial(java.lang.Object, java.lang.Object, int, java.lang.Object, int, java.lang.Object)'> (0x000000070b4eec68) 
thrown [s\src\hotspot\share\interpreter\linkResolver.cpp, line 759]
Event: 12.310 Thread 0x0000026c2c283800 Exception <a 'java/lang/NoSuchMethodError'{0x000000070b4f6a70}: 'java.lang.Object java.lang.invoke.DirectMethodHandle$Holder.newInvokeSpecial(java.lang.Object, java.lang.Object, int, java.lang.Object, int)'> (0x000000070b4f6a70) 
thrown [s\src\hotspot\share\interpreter\linkResolver.cpp, line 759]
Event: 12.310 Thread 0x0000026c2c283800 Exception <a 'java/lang/NoSuchMethodError'{0x000000070b4fab70}: 'java.lang.Object java.lang.invoke.DirectMethodHandle$Holder.invokeSpecial(java.lang.Object, java.lang.Object, java.lang.Object, int, java.lang.Object, int)'> (0x000000070b4fab70) 
thrown [s\src\hotspot\share\interpreter\linkResolver.cpp, line 759]
Event: 69.064 Thread 0x0000026c512061f0 Exception <a 'java/lang/NoSuchMethodError'{0x000000070958df88}: 'java.lang.Object java.lang.invoke.DirectMethodHandle$Holder.invokeSpecial(java.lang.Object, java.lang.Object, java.lang.Object, java.lang.Object, java.lang.Object, long)'> (0x000000070958df88) 
thrown [s\src\hotspot\share\interpreter\linkResolver.cpp, line 759]
Event: 69.064 Thread 0x0000026c512061f0 Exception <a 'java/lang/NoSuchMethodError'{0x00000007095919c8}: 'java.lang.Object java.lang.invoke.Invokers$Holder.linkToTargetMethod(java.lang.Object, java.lang.Object, java.lang.Object, long, java.lang.Object)'> (0x00000007095919c8) 
thrown [s\src\hotspot\share\interpreter\linkResolver.cpp, line 759]
Event: 69.103 Thread 0x0000026c512061f0 Exception <a 'java/lang/NoSuchMethodError'{0x00000007092c6cb8}: getSession> (0x00000007092c6cb8) 
thrown [s\src\hotspot\share\prims\jni.cpp, line 1073]
Event: 69.805 Thread 0x0000026c51206700 Implicit null exception at 0x0000026c373ff757 to 0x0000026c373ffd44
Event: 69.805 Thread 0x0000026c51206700 Implicit null exception at 0x0000026c373fead7 to 0x0000026c373ff098

VM Operations (20 events):
Event: 69.757 Executing VM operation: HandshakeAllThreads
Event: 69.757 Executing VM operation: HandshakeAllThreads done
Event: 70.190 Executing VM operation: G1CollectForAllocation
Event: 70.208 Executing VM operation: G1CollectForAllocation done
Event: 70.919 Executing VM operation: ChangeBreakpoints
Event: 70.920 Executing VM operation: ChangeBreakpoints done
Event: 70.920 Executing VM operation: ChangeBreakpoints
Event: 70.921 Executing VM operation: ChangeBreakpoints done
Event: 70.923 Executing VM operation: get/set locals
Event: 70.923 Executing VM operation: get/set locals done
Event: 70.923 Executing VM operation: get/set locals
Event: 70.923 Executing VM operation: get/set locals done
Event: 70.934 Executing VM operation: HandshakeAllThreads
Event: 70.934 Executing VM operation: HandshakeAllThreads done
Event: 70.936 Executing VM operation: HandshakeAllThreads
Event: 70.936 Executing VM operation: HandshakeAllThreads done
Event: 70.937 Executing VM operation: get/set locals
Event: 70.937 Executing VM operation: get/set locals done
Event: 70.937 Executing VM operation: get/set locals
Event: 70.937 Executing VM operation: get/set locals done

Events (20 events):
Event: 70.542 loading class java/net/URLClassLoader$2
Event: 70.542 loading class java/net/URLClassLoader$2 done
Event: 70.608 Thread 0x0000026c50348ed0 Thread exited: 0x0000026c50348ed0
Event: 70.652 loading class sun/net/www/protocol/jrt/JavaRuntimeURLConnection
Event: 70.652 loading class sun/net/www/protocol/jrt/JavaRuntimeURLConnection done
Event: 70.653 loading class sun/net/www/protocol/jrt/JavaRuntimeURLConnection$1
Event: 70.653 loading class sun/net/www/protocol/jrt/JavaRuntimeURLConnection$1 done
Event: 70.665 loading class java/text/MessageFormat$Field
Event: 70.665 loading class java/text/MessageFormat$Field done
Event: 70.904 loading class java/util/Hashtable$ValueCollection
Event: 70.905 loading class java/util/Hashtable$ValueCollection done
Event: 70.915 loading class java/net/URLClassLoader$1
Event: 70.915 loading class java/net/URLClassLoader$1 done
Event: 70.924 Thread 0x0000026c51b3e930 Thread added: 0x0000026c51b3e930
Event: 70.935 loading class sun/nio/cs/ISO_8859_1$Encoder
Event: 70.935 loading class sun/nio/cs/ISO_8859_1$Encoder done
Event: 70.936 loading class sun/nio/cs/Surrogate$Parser
Event: 70.936 loading class sun/nio/cs/Surrogate$Parser done
Event: 70.936 loading class sun/nio/cs/Surrogate
Event: 70.936 loading class sun/nio/cs/Surrogate done


Dynamic libraries:
0x00007ff6ee300000 - 0x00007ff6ee30e000 	C:\Users\JPiccione\.p2\pool\plugins\org.eclipse.justj.openjdk.hotspot.jre.full.win32.x86_64_17.0.8.v20230831-1047\jre\bin\javaw.exe
0x0000026c29e90000 - 0x0000026c2a087000 	C:\windows\SYSTEM32\ntd1l.dll
0x0000026c2a090000 - 0x0000026c2a14d000 	C:\windows\System32\kern3l32.dll
0x00007ffc02f70000 - 0x00007ffc03167000 	C:\windows\SYSTEM32\ntdll.dll
0x00007ffc01f90000 - 0x00007ffc0204d000 	C:\windows\System32\KERNEL32.DLL
0x00007ffc00650000 - 0x00007ffc00946000 	C:\windows\System32\KERNELBASE.dll
0x00007ffc000c0000 - 0x00007ffc003d3000 	C:\Program Files\SentinelOne\Sentinel Agent 23.1.4.650\InProcessClient64.dll
0x00007ffc01930000 - 0x00007ffc019de000 	C:\windows\System32\ADVAPI32.dll
0x00007ffc01dd0000 - 0x00007ffc01e6e000 	C:\windows\System32\msvcrt.dll
0x00007ffc02d90000 - 0x00007ffc02e2c000 	C:\windows\System32\sechost.dll
0x00007ffc02a60000 - 0x00007ffc02b86000 	C:\windows\System32\RPCRT4.dll
0x00007ffc00cd0000 - 0x00007ffc00dd0000 	C:\windows\System32\ucrtbase.dll
0x00007ffbfbd40000 - 0x00007ffbfbd57000 	C:\Users\JPiccione\.p2\pool\plugins\org.eclipse.justj.openjdk.hotspot.jre.full.win32.x86_64_17.0.8.v20230831-1047\jre\bin\jli.dll
0x00007ffbfbc80000 - 0x00007ffbfbc99000 	C:\Users\JPiccione\.p2\pool\plugins\org.eclipse.justj.openjdk.hotspot.jre.full.win32.x86_64_17.0.8.v20230831-1047\jre\bin\VCRUNTIME140.dll
0x00007ffc02bf0000 - 0x00007ffc02d8e000 	C:\windows\System32\USER32.dll
0x00007ffbd7fe0000 - 0x00007ffbd827a000 	C:\windows\WinSxS\amd64_microsoft.windows.common-controls_6595b64144ccf1df_6.0.19041.3570_none_60bb2a3971f3e41a\COMCTL32.dll
0x00007ffc00950000 - 0x00007ffc00972000 	C:\windows\System32\win32u.dll
0x00007ffc01da0000 - 0x00007ffc01dcc000 	C:\windows\System32\GDI32.dll
0x00007ffc00b10000 - 0x00007ffc00c2a000 	C:\windows\System32\gdi32full.dll
0x00007ffc00c30000 - 0x00007ffc00ccd000 	C:\windows\System32\msvcp_win.dll
0x00007ffc000b0000 - 0x00007ffc000ba000 	C:\windows\SYSTEM32\VERSION.dll
0x00007ffc000a0000 - 0x00007ffc000ab000 	C:\windows\SYSTEM32\FLTLIB.DLL
0x00007ffc01f60000 - 0x00007ffc01f90000 	C:\windows\System32\IMM32.DLL
0x00007ffbfbd20000 - 0x00007ffbfbd2c000 	C:\Users\JPiccione\.p2\pool\plugins\org.eclipse.justj.openjdk.hotspot.jre.full.win32.x86_64_17.0.8.v20230831-1047\jre\bin\vcruntime140_1.dll
0x00007ffbda210000 - 0x00007ffbda2a1000 	C:\Users\JPiccione\.p2\pool\plugins\org.eclipse.justj.openjdk.hotspot.jre.full.win32.x86_64_17.0.8.v20230831-1047\jre\bin\msvcp140.dll
0x00007ffb7d670000 - 0x00007ffb7e2bc000 	C:\Users\JPiccione\.p2\pool\plugins\org.eclipse.justj.openjdk.hotspot.jre.full.win32.x86_64_17.0.8.v20230831-1047\jre\bin\server\jvm.dll
0x00007ffbff870000 - 0x00007ffbff8bb000 	C:\windows\SYSTEM32\POWRPROF.dll
0x00007ffbf8ea0000 - 0x00007ffbf8ea9000 	C:\windows\SYSTEM32\WSOCK32.dll
0x00007ffc02e30000 - 0x00007ffc02e9b000 	C:\windows\System32\WS2_32.dll
0x00007ffbe58a0000 - 0x00007ffbe58c7000 	C:\windows\SYSTEM32\WINMM.dll
0x00007ffbff730000 - 0x00007ffbff742000 	C:\windows\SYSTEM32\UMPDC.dll
0x00007ffbfdf30000 - 0x00007ffbfdf42000 	C:\windows\SYSTEM32\kernel.appcore.dll
0x00007ffbf0410000 - 0x00007ffbf041a000 	C:\Users\JPiccione\.p2\pool\plugins\org.eclipse.justj.openjdk.hotspot.jre.full.win32.x86_64_17.0.8.v20230831-1047\jre\bin\jimage.dll
0x00007ffbf0ca0000 - 0x00007ffbf0e84000 	C:\windows\SYSTEM32\DBGHELP.DLL
0x00007ffbf10a0000 - 0x00007ffbf10d4000 	C:\windows\SYSTEM32\dbgcore.DLL
0x00007ffc00a30000 - 0x00007ffc00ab2000 	C:\windows\System32\bcryptPrimitives.dll
0x00007ffbb64c0000 - 0x00007ffbb653b000 	C:\Program Files\SentinelOne\Sentinel Agent 23.1.4.650\SentinelJava64.dll
0x00007ffc02460000 - 0x00007ffc0258b000 	C:\windows\System32\ole32.dll
0x00007ffc01a40000 - 0x00007ffc01d94000 	C:\windows\System32\combase.dll
0x00007ffbdf240000 - 0x00007ffbdf265000 	C:\Users\JPiccione\.p2\pool\plugins\org.eclipse.justj.openjdk.hotspot.jre.full.win32.x86_64_17.0.8.v20230831-1047\jre\bin\java.dll
0x00007ffbdf040000 - 0x00007ffbdf058000 	C:\Users\JPiccione\.p2\pool\plugins\org.eclipse.justj.openjdk.hotspot.jre.full.win32.x86_64_17.0.8.v20230831-1047\jre\bin\zip.dll
0x00007ffc00fd0000 - 0x00007ffc01714000 	C:\windows\System32\SHELL32.dll
0x00007ffbfe0c0000 - 0x00007ffbfe85b000 	C:\windows\SYSTEM32\windows.storage.dll
0x00007ffbffd50000 - 0x00007ffbffd7d000 	C:\windows\SYSTEM32\Wldp.dll
0x00007ffc022f0000 - 0x00007ffc0239d000 	C:\windows\System32\SHCORE.dll
0x00007ffc01720000 - 0x00007ffc01775000 	C:\windows\System32\shlwapi.dll
0x00007ffc00580000 - 0x00007ffc005a5000 	C:\windows\SYSTEM32\profapi.dll
0x00007ffbdf130000 - 0x00007ffbdf149000 	C:\Users\JPiccione\.p2\pool\plugins\org.eclipse.justj.openjdk.hotspot.jre.full.win32.x86_64_17.0.8.v20230831-1047\jre\bin\net.dll
0x00007ffbff2d0000 - 0x00007ffbff3da000 	C:\windows\SYSTEM32\WINHTTP.dll
0x00007ffbffab0000 - 0x00007ffbffb1a000 	C:\windows\system32\mswsock.dll
0x00007ffbdf070000 - 0x00007ffbdf085000 	C:\Users\JPiccione\.p2\pool\plugins\org.eclipse.justj.openjdk.hotspot.jre.full.win32.x86_64_17.0.8.v20230831-1047\jre\bin\nio.dll
0x00007ffbffca0000 - 0x00007ffbffcb8000 	C:\windows\SYSTEM32\CRYPTSP.dll
0x00007ffbff240000 - 0x00007ffbff274000 	C:\windows\system32\rsaenh.dll
0x00007ffc00e40000 - 0x00007ffc00e67000 	C:\windows\System32\bcrypt.dll
0x00007ffc00500000 - 0x00007ffc0052e000 	C:\windows\SYSTEM32\USERENV.dll
0x00007ffbffcc0000 - 0x00007ffbffccc000 	C:\windows\SYSTEM32\CRYPTBASE.dll
0x00007ffbff750000 - 0x00007ffbff78b000 	C:\windows\SYSTEM32\IPHLPAPI.DLL
0x00007ffc01e70000 - 0x00007ffc01e78000 	C:\windows\System32\NSI.dll
0x00007ffbf9760000 - 0x00007ffbf9777000 	C:\windows\SYSTEM32\dhcpcsvc6.DLL
0x00007ffbf9590000 - 0x00007ffbf95ad000 	C:\windows\SYSTEM32\dhcpcsvc.DLL
0x00007ffbff7a0000 - 0x00007ffbff86a000 	C:\windows\SYSTEM32\DNSAPI.dll
0x00007ffbe2950000 - 0x00007ffbe295e000 	C:\Users\JPiccione\.p2\pool\plugins\org.eclipse.justj.openjdk.hotspot.jre.full.win32.x86_64_17.0.8.v20230831-1047\jre\bin\sunmscapi.dll
0x00007ffc00e70000 - 0x00007ffc00fcd000 	C:\windows\System32\CRYPT32.dll
0x00007ffbffdc0000 - 0x00007ffbffde7000 	C:\windows\SYSTEM32\ncrypt.dll
0x00007ffbffd80000 - 0x00007ffbffdbb000 	C:\windows\SYSTEM32\NTASN1.dll
0x00007ffbfbc50000 - 0x00007ffbfbc59000 	C:\Users\JPiccione\.p2\pool\plugins\org.eclipse.justj.openjdk.hotspot.jre.full.win32.x86_64_17.0.8.v20230831-1047\jre\bin\management.dll
0x00007ffbf98c0000 - 0x00007ffbf98cb000 	C:\Users\JPiccione\.p2\pool\plugins\org.eclipse.justj.openjdk.hotspot.jre.full.win32.x86_64_17.0.8.v20230831-1047\jre\bin\management_ext.dll
0x00007ffc02450000 - 0x00007ffc02458000 	C:\windows\System32\PSAPI.DLL
0x00007ffbec5b0000 - 0x00007ffbec5c0000 	C:\Users\JPiccione\.p2\pool\plugins\org.eclipse.justj.openjdk.hotspot.jre.full.win32.x86_64_17.0.8.v20230831-1047\jre\bin\verify.dll
0x00007ffbf0bf0000 - 0x00007ffbf0bfa000 	C:\Windows\System32\rasadhlp.dll
0x00007ffbf9b00000 - 0x00007ffbf9b82000 	C:\windows\System32\fwpuclnt.dll
0x00007ffbe0900000 - 0x00007ffbe0917000 	C:\windows\system32\napinsp.dll
0x00007ffbe0a40000 - 0x00007ffbe0a5b000 	C:\windows\system32\pnrpnsp.dll
0x00007ffbf9b90000 - 0x00007ffbf9ba5000 	C:\windows\system32\wshbth.dll
0x00007ffbfb650000 - 0x00007ffbfb66d000 	C:\windows\system32\NLAapi.dll
0x00007ffbe0a60000 - 0x00007ffbe0a72000 	C:\windows\System32\winrnr.dll
0x00007ffbe19f0000 - 0x00007ffbe19f7000 	C:\windows\system32\wshunix.dll

dbghelp: loaded successfully - version: 4.0.5 - missing functions: none
symbol engine: initialized successfully - sym options: 0x614 - pdb path: .;C:\Users\JPiccione\.p2\pool\plugins\org.eclipse.justj.openjdk.hotspot.jre.full.win32.x86_64_17.0.8.v20230831-1047\jre\bin;C:\windows\SYSTEM32;C:\Program Files\SentinelOne\Sentinel Agent 23.1.4.650;C:\windows\WinSxS\amd64_microsoft.windows.common-controls_6595b64144ccf1df_6.0.19041.3570_none_60bb2a3971f3e41a;C:\Users\JPiccione\.p2\pool\plugins\org.eclipse.justj.openjdk.hotspot.jre.full.win32.x86_64_17.0.8.v20230831-1047\jre\bin\server

VM Arguments:
jvm_args: -Dfile.encoding=UTF-8 -XX:+ShowCodeDetailsInExceptionMessages -agentpath:C:\Program Files\SentinelOne\Sentinel Agent 23.1.4.650\SentinelJava64.dll 
java_command: com.spencer.ItemApp.ItemAppApplication
java_class_path (initial): C:\Users\JPiccione\OneDrive - Spencer Gifts LLC\Documents\ItemApp\target\classes;C:\Users\JPiccione\.m2\repository\org\springframework\boot\spring-boot-starter-data-jpa\3.1.4\spring-boot-starter-data-jpa-3.1.4.jar;C:\Users\JPiccione\.m2\repository\org\springframework\boot\spring-boot-starter-aop\3.1.4\spring-boot-starter-aop-3.1.4.jar;C:\Users\JPiccione\.m2\repository\org\aspectj\aspectjweaver\1.9.20\aspectjweaver-1.9.20.jar;C:\Users\JPiccione\.m2\repository\org\springframework\boot\spring-boot-starter-jdbc\3.1.4\spring-boot-starter-jdbc-3.1.4.jar;C:\Users\JPiccione\.m2\repository\com\zaxxer\HikariCP\5.0.1\HikariCP-5.0.1.jar;C:\Users\JPiccione\.m2\repository\org\springframework\spring-jdbc\6.0.12\spring-jdbc-6.0.12.jar;C:\Users\JPiccione\.m2\repository\org\hibernate\orm\hibernate-core\6.2.9.Final\hibernate-core-6.2.9.Final.jar;C:\Users\JPiccione\.m2\repository\jakarta\persistence\jakarta.persistence-api\3.1.0\jakarta.persistence-api-3.1.0.jar;C:\Users\JPiccione\.m2\repository\jakarta\transaction\jakarta.transaction-api\2.0.1\jakarta.transaction-api-2.0.1.jar;C:\Users\JPiccione\.m2\repository\org\jboss\logging\jboss-logging\3.5.3.Final\jboss-logging-3.5.3.Final.jar;C:\Users\JPiccione\.m2\repository\org\hibernate\common\hibernate-commons-annotations\6.0.6.Final\hibernate-commons-annotations-6.0.6.Final.jar;C:\Users\JPiccione\.m2\repository\io\smallrye\jandex\3.0.5\jandex-3.0.5.jar;C:\Users\JPiccione\.m2\repository\com\fasterxml\classmate\1.5.1\classmate-1.5.1.jar;C:\Users\JPiccione\.m2\repository\net\bytebuddy\byte-buddy\1.14.8\byte-buddy-1.14.8.jar;C:\Users\JPiccione\.m2\repository\org\glassfish\jaxb\jaxb-runtime\4.0.3\jaxb-runtime-4.0.3.jar;C:\Users\JPiccione\.m2\repository\org\glassfish\jaxb\jaxb-core\4.0.3\jaxb-core-4.0.3.jar;C:\Users\JPiccione\.m2\repository\org\eclipse\angus\angus-activation\2.0.1\angus-activation-2.0.1.jar;C:\Users\JPiccione\.m2\repository\org\glassfish\jaxb\txw2\4.0.3\txw2-4.0.3.jar;C:\Users\JPiccione\.m2\repositor
Launcher Type: SUN_STANDARD

[Global flags]
     intx CICompilerCount                          = 3                                         {product} {ergonomic}
     uint ConcGCThreads                            = 1                                         {product} {ergonomic}
     uint G1ConcRefinementThreads                  = 4                                         {product} {ergonomic}
   size_t G1HeapRegionSize                         = 2097152                                   {product} {ergonomic}
    uintx GCDrainStackTargetSize                   = 64                                        {product} {ergonomic}
   size_t InitialHeapSize                          = 264241152                                 {product} {ergonomic}
   size_t MarkStackSize                            = 4194304                                   {product} {ergonomic}
   size_t MaxHeapSize                              = 4215275520                                {product} {ergonomic}
   size_t MaxNewSize                               = 2529165312                                {product} {ergonomic}
   size_t MinHeapDeltaBytes                        = 2097152                                   {product} {ergonomic}
   size_t MinHeapSize                              = 8388608                                   {product} {ergonomic}
    uintx NonNMethodCodeHeapSize                   = 5832780                                {pd product} {ergonomic}
    uintx NonProfiledCodeHeapSize                  = 122912730                              {pd product} {ergonomic}
    uintx ProfiledCodeHeapSize                     = 122912730                              {pd product} {ergonomic}
    uintx ReservedCodeCacheSize                    = 251658240                              {pd product} {ergonomic}
     bool SegmentedCodeCache                       = true                                      {product} {ergonomic}
     bool ShowCodeDetailsInExceptionMessages       = true                                   {manageable} {command line}
   size_t SoftMaxHeapSize                          = 4215275520                             {manageable} {ergonomic}
     bool UseCompressedClassPointers               = true                           {product lp64_product} {ergonomic}
     bool UseCompressedOops                        = true                           {product lp64_product} {ergonomic}
     bool UseG1GC                                  = true                                      {product} {ergonomic}
     bool UseLargePagesIndividualAllocation        = false                                  {pd product} {ergonomic}

Logging:
Log output configuration:
 #0: stdout all=warning uptime,level,tags
 #1: stderr all=off uptime,level,tags

Environment Variables:
PATH=C:/Users/JPiccione/.p2/pool/plugins/org.eclipse.justj.openjdk.hotspot.jre.full.win32.x86_64_17.0.8.v20230831-1047/jre/bin/server;C:/Users/JPiccione/.p2/pool/plugins/org.eclipse.justj.openjdk.hotspot.jre.full.win32.x86_64_17.0.8.v20230831-1047/jre/bin;C:\Program Files\Common Files\Oracle\Java\javapath;C:\Program Files (x86)\Common Files\Oracle\Java\javapath;C:\Program Files\Microsoft\jdk-11.0.16.101-hotspot\bin;C:\Program Files (x86)\Business Objects\Common\3.5\bin\NOTES\;C:\Program Files (x86)\Business Objects\Common\3.5\bin\NOTES\DATA\;C:\windows\system32;C:\windows;C:\windows\System32\Wbem;C:\windows\System32\WindowsPowerShell\v1.0\;C:\windows\System32\OpenSSH\;C:\Program Files (x86)\IBM\Client Access\Emulator;C:\Program Files (x86)\IBM\Client Access\Shared;C:\Program Files (x86)\IBM\Client Access\;C:\Program Files (x86)\HEAT\;C:\Program Files (x86)\Microsoft SQL Server\160\DTS\Binn\;C:\Program Files\Azure Data Studio\bin;C:\Program Files\PuTTY\;C:\Program Files\Git\cmd;C:\Program Files\Microsoft SQL Server\150\Tools\Binn\;C:\Program Files\Microsoft SQL Server\Client SDK\ODBC\170\Tools\Binn\;C:\Program Files\dotnet\;C:\Program Files (x86)\Windows Kits\10\Windows Performance Toolkit\;c:\Program Files (x86)\Microsoft SQL Server\110\Tools\Binn\;c:\Program Files\Microsoft SQL Server\110\Tools\Binn\;c:\Program Files\Microsoft SQL Server\110\DTS\Binn\;C:\Program Files (x86)\Microsoft SQL Server\150\Tools\Binn\;C:\Program Files\Microsoft SQL Server\150\DTS\Binn\;C:\Users\JPiccione\AppData\Local\Microsoft\WindowsApps;C:\Program Files\Azure Data Studio\bin;C:\Users\JPiccione\.dotnet\tools;C:\Users\JPiccione\AppData\Local\Programs\Azure Data Studio\bin;C:\Program Files\JetBrains\IntelliJ IDEA 2023.2\bin;;C:\Users\JPiccione\AppData\Local\GitHubDesktop\bin;C:\windows\system32;
USERNAME=JPiccione
OS=Windows_NT
PROCESSOR_IDENTIFIER=Intel64 Family 6 Model 61 Stepping 4, GenuineIntel
TMP=C:\Users\JPICCI~1\AppData\Local\Temp
TEMP=C:\Users\JPICCI~1\AppData\Local\Temp



---------------  S Y S T E M  ---------------

OS:
 Windows 10 , 64 bit Build 19041 (10.0.19041.3570)
OS uptime: 6 days 4:08 hours

CPU: total 4 (initial active 4) (2 cores per cpu, 2 threads per core) family 6 model 61 stepping 4 microcode 0x2d, cx8, cmov, fxsr, ht, mmx, 3dnowpref, sse, sse2, sse3, ssse3, sse4.1, sse4.2, popcnt, lzcnt, tsc, tscinvbit, avx, avx2, aes, erms, clmul, bmi1, bmi2, rtm, adx, fma, vzeroupper, clflush
Processor Information for all 4 processors :
  Max Mhz: 2594, Current Mhz: 2594, Mhz Limit: 2594

Memory: 4k page, system-wide physical 16079M (6449M free)
TotalPageFile size 18511M (AvailPageFile size 6365M)
current process WorkingSet (physical memory assigned to process): 304M, peak: 317M
current process commit charge ("private bytes"): 320M, peak: 373M

vm_info: OpenJDK 64-Bit Server VM (17.0.8.1+1) for windows-amd64 JRE (17.0.8.1+1), built on Aug 23 2023 15:29:17 by "admin" with MS VC++ 16.7 (VS2019)

END.
