#
# A fatal error has been detected by the Java Runtime Environment:
#
#  EXCEPTION_ACCESS_VIOLATION (0xc0000005) at pc=0x00007ffd16a8e8a3, pid=3052, tid=9444
#
# JRE version: OpenJDK Runtime Environment Temurin-17.0.8.1+1 (17.0.8.1+1) (build 17.0.8.1+1)
# Java VM: OpenJDK 64-Bit Server VM Temurin-17.0.8.1+1 (17.0.8.1+1, mixed mode, tiered, compressed oops, compressed class ptrs, g1 gc, windows-amd64)
# Problematic frame:
# V  [jvm.dll+0x53e8a3]
#
# No core dump will be written. Minidumps are not enabled by default on client versions of Windows
#
# If you would like to submit a bug report, please visit:
#   https://github.com/adoptium/adoptium-support/issues
#

---------------  S U M M A R Y ------------

Command Line: -Dfile.encoding=UTF-8 -XX:+ShowCodeDetailsInExceptionMessages -agentpath:C:\Program Files\SentinelOne\Sentinel Agent 23.1.4.650\SentinelJava64.dll com.spencer.ItemApp.ItemAppApplication

Host: Intel(R) Core(TM) i7-5600U CPU @ 2.60GHz, 4 cores, 15G,  Windows 10 , 64 bit Build 19041 (10.0.19041.3570)
Time: Wed Oct 18 13:17:22 2023 Eastern Daylight Time elapsed time: 17.589706 seconds (0d 0h 0m 17s)

---------------  T H R E A D  ---------------

Current thread (0x0000016d70f07740):  JavaThread "http-nio-8080-exec-2" daemon [_thread_in_vm, id=9444, stack(0x000000082b000000,0x000000082b100000)]

Stack: [0x000000082b000000,0x000000082b100000],  sp=0x000000082b0f8ed8,  free space=995k
Native frames: (J=compiled Java code, j=interpreted, Vv=VM code, C=native code)
V  [jvm.dll+0x53e8a3]

Java frames: (J=compiled Java code, j=interpreted, Vv=VM code)
j  org.springframework.security.web.servletapi.HttpServlet3RequestFactory$Servlet3SecurityContextHolderAwareRequestWrapper.isAuthenticated()Z+1
j  org.springframework.security.web.servletapi.HttpServlet3RequestFactory$Servlet3SecurityContextHolderAwareRequestWrapper.login(Ljava/lang/String;Ljava/lang/String;)V+1
v  ~StubRoutines::call_stub
j  org.apache.jasper.runtime.HttpJspBase.service(Ljakarta/servlet/http/HttpServletRequest;Ljakarta/servlet/http/HttpServletResponse;)V+0
j  jakarta.servlet.http.HttpServlet.service(Ljakarta/servlet/ServletRequest;Ljakarta/servlet/ServletResponse;)V+36
j  org.apache.jasper.servlet.JspServletWrapper.service(Ljakarta/servlet/http/HttpServletRequest;Ljakarta/servlet/http/HttpServletResponse;Z)V+372
j  org.apache.jasper.servlet.JspServlet.serviceJspFile(Ljakarta/servlet/http/HttpServletRequest;Ljakarta/servlet/http/HttpServletResponse;Ljava/lang/String;Z)V+112
j  org.apache.jasper.servlet.JspServlet.service(Ljakarta/servlet/http/HttpServletRequest;Ljakarta/servlet/http/HttpServletResponse;)V+228
j  jakarta.servlet.http.HttpServlet.service(Ljakarta/servlet/ServletRequest;Ljakarta/servlet/ServletResponse;)V+36
j  org.apache.catalina.core.ApplicationFilterChain.internalDoFilter(Ljakarta/servlet/ServletRequest;Ljakarta/servlet/ServletResponse;)V+305
j  org.apache.catalina.core.ApplicationFilterChain.doFilter(Ljakarta/servlet/ServletRequest;Ljakarta/servlet/ServletResponse;)V+99
j  org.apache.tomcat.websocket.server.WsFilter.doFilter(Ljakarta/servlet/ServletRequest;Ljakarta/servlet/ServletResponse;Ljakarta/servlet/FilterChain;)V+21
j  org.apache.catalina.core.ApplicationFilterChain.internalDoFilter(Ljakarta/servlet/ServletRequest;Ljakarta/servlet/ServletResponse;)V+135
j  org.apache.catalina.core.ApplicationFilterChain.doFilter(Ljakarta/servlet/ServletRequest;Ljakarta/servlet/ServletResponse;)V+99
j  org.springframework.security.web.FilterChainProxy.lambda$doFilterInternal$3(Lorg/springframework/security/web/firewall/FirewalledRequest;Ljakarta/servlet/FilterChain;Ljakarta/servlet/ServletRequest;Ljakarta/servlet/ServletResponse;)V+35
j  org.springframework.security.web.FilterChainProxy$$Lambda$1347+0x0000016d29990b90.doFilter(Ljakarta/servlet/ServletRequest;Ljakarta/servlet/ServletResponse;)V+10
j  org.springframework.security.web.FilterChainProxy$VirtualFilterChain.doFilter(Ljakarta/servlet/ServletRequest;Ljakarta/servlet/ServletResponse;)V+17
j  org.springframework.security.web.access.intercept.AuthorizationFilter.doFilter(Ljakarta/servlet/ServletRequest;Ljakarta/servlet/ServletResponse;Ljakarta/servlet/FilterChain;)V+143
j  org.springframework.security.web.FilterChainProxy$VirtualFilterChain.doFilter(Ljakarta/servlet/ServletRequest;Ljakarta/servlet/ServletResponse;)V+105
j  org.springframework.security.web.access.ExceptionTranslationFilter.doFilter(Ljakarta/servlet/http/HttpServletRequest;Ljakarta/servlet/http/HttpServletResponse;Ljakarta/servlet/FilterChain;)V+3
j  org.springframework.security.web.access.ExceptionTranslationFilter.doFilter(Ljakarta/servlet/ServletRequest;Ljakarta/servlet/ServletResponse;Ljakarta/servlet/FilterChain;)V+10
j  org.springframework.security.web.FilterChainProxy$VirtualFilterChain.doFilter(Ljakarta/servlet/ServletRequest;Ljakarta/servlet/ServletResponse;)V+105
j  org.springframework.security.web.authentication.AnonymousAuthenticationFilter.doFilter(Ljakarta/servlet/ServletRequest;Ljakarta/servlet/ServletResponse;Ljakarta/servlet/FilterChain;)V+33
j  org.springframework.security.web.FilterChainProxy$VirtualFilterChain.doFilter(Ljakarta/servlet/ServletRequest;Ljakarta/servlet/ServletResponse;)V+105
j  org.springframework.security.web.servletapi.SecurityContextHolderAwareRequestFilter.doFilter(Ljakarta/servlet/ServletRequest;Ljakarta/servlet/ServletResponse;Ljakarta/servlet/FilterChain;)V+19
j  org.springframework.security.web.FilterChainProxy$VirtualFilterChain.doFilter(Ljakarta/servlet/ServletRequest;Ljakarta/servlet/ServletResponse;)V+105
j  org.springframework.security.web.savedrequest.RequestCacheAwareFilter.doFilter(Ljakarta/servlet/ServletRequest;Ljakarta/servlet/ServletResponse;Ljakarta/servlet/FilterChain;)V+32
j  org.springframework.security.web.FilterChainProxy$VirtualFilterChain.doFilter(Ljakarta/servlet/ServletRequest;Ljakarta/servlet/ServletResponse;)V+105
j  org.springframework.security.web.authentication.AbstractAuthenticationProcessingFilter.doFilter(Ljakarta/servlet/http/HttpServletRequest;Ljakarta/servlet/http/HttpServletResponse;Ljakarta/servlet/FilterChain;)V+12
j  org.springframework.security.web.authentication.AbstractAuthenticationProcessingFilter.doFilter(Ljakarta/servlet/ServletRequest;Ljakarta/servlet/ServletResponse;Ljakarta/servlet/FilterChain;)V+10
j  org.springframework.security.web.FilterChainProxy$VirtualFilterChain.doFilter(Ljakarta/servlet/ServletRequest;Ljakarta/servlet/ServletResponse;)V+105
j  org.springframework.security.web.authentication.logout.LogoutFilter.doFilter(Ljakarta/servlet/http/HttpServletRequest;Ljakarta/servlet/http/HttpServletResponse;Ljakarta/servlet/FilterChain;)V+83
j  org.springframework.security.web.authentication.logout.LogoutFilter.doFilter(Ljakarta/servlet/ServletRequest;Ljakarta/servlet/ServletResponse;Ljakarta/servlet/FilterChain;)V+10
j  org.springframework.security.web.FilterChainProxy$VirtualFilterChain.doFilter(Ljakarta/servlet/ServletRequest;Ljakarta/servlet/ServletResponse;)V+105
j  org.springframework.web.filter.OncePerRequestFilter.doFilter(Ljakarta/servlet/ServletRequest;Ljakarta/servlet/ServletResponse;Ljakarta/servlet/FilterChain;)V+125
j  org.springframework.security.web.FilterChainProxy$VirtualFilterChain.doFilter(Ljakarta/servlet/ServletRequest;Ljakarta/servlet/ServletResponse;)V+105
j  org.springframework.security.web.context.SecurityContextHolderFilter.doFilter(Ljakarta/servlet/http/HttpServletRequest;Ljakarta/servlet/http/HttpServletResponse;Ljakarta/servlet/FilterChain;)V+15
j  org.springframework.security.web.context.SecurityContextHolderFilter.doFilter(Ljakarta/servlet/ServletRequest;Ljakarta/servlet/ServletResponse;Ljakarta/servlet/FilterChain;)V+10
j  org.springframework.security.web.FilterChainProxy$VirtualFilterChain.doFilter(Ljakarta/servlet/ServletRequest;Ljakarta/servlet/ServletResponse;)V+105
j  org.springframework.web.filter.OncePerRequestFilter.doFilter(Ljakarta/servlet/ServletRequest;Ljakarta/servlet/ServletResponse;Ljakarta/servlet/FilterChain;)V+125
j  org.springframework.security.web.FilterChainProxy$VirtualFilterChain.doFilter(Ljakarta/servlet/ServletRequest;Ljakarta/servlet/ServletResponse;)V+105
j  org.springframework.web.filter.OncePerRequestFilter.doFilter(Ljakarta/servlet/ServletRequest;Ljakarta/servlet/ServletResponse;Ljakarta/servlet/FilterChain;)V+125
j  org.springframework.security.web.FilterChainProxy$VirtualFilterChain.doFilter(Ljakarta/servlet/ServletRequest;Ljakarta/servlet/ServletResponse;)V+105
j  org.springframework.security.web.FilterChainProxy.doFilterInternal(Ljakarta/servlet/ServletRequest;Ljakarta/servlet/ServletResponse;Ljakarta/servlet/FilterChain;)V+163
j  org.springframework.security.web.FilterChainProxy.doFilter(Ljakarta/servlet/ServletRequest;Ljakarta/servlet/ServletResponse;Ljakarta/servlet/FilterChain;)V+28
j  org.springframework.web.filter.DelegatingFilterProxy.invokeDelegate(Ljakarta/servlet/Filter;Ljakarta/servlet/ServletRequest;Ljakarta/servlet/ServletResponse;Ljakarta/servlet/FilterChain;)V+5
j  org.springframework.web.filter.DelegatingFilterProxy.doFilter(Ljakarta/servlet/ServletRequest;Ljakarta/servlet/ServletResponse;Ljakarta/servlet/FilterChain;)V+85
j  org.apache.catalina.core.ApplicationFilterChain.internalDoFilter(Ljakarta/servlet/ServletRequest;Ljakarta/servlet/ServletResponse;)V+135
j  org.apache.catalina.core.ApplicationFilterChain.doFilter(Ljakarta/servlet/ServletRequest;Ljakarta/servlet/ServletResponse;)V+99
j  org.springframework.web.filter.OncePerRequestFilter.doFilter(Ljakarta/servlet/ServletRequest;Ljakarta/servlet/ServletResponse;Ljakarta/servlet/FilterChain;)V+125
j  org.apache.catalina.core.ApplicationFilterChain.internalDoFilter(Ljakarta/servlet/ServletRequest;Ljakarta/servlet/ServletResponse;)V+135
j  org.apache.catalina.core.ApplicationFilterChain.doFilter(Ljakarta/servlet/ServletRequest;Ljakarta/servlet/ServletResponse;)V+99
j  org.springframework.web.filter.OncePerRequestFilter.doFilter(Ljakarta/servlet/ServletRequest;Ljakarta/servlet/ServletResponse;Ljakarta/servlet/FilterChain;)V+125
j  org.apache.catalina.core.ApplicationFilterChain.internalDoFilter(Ljakarta/servlet/ServletRequest;Ljakarta/servlet/ServletResponse;)V+135
j  org.apache.catalina.core.ApplicationFilterChain.doFilter(Ljakarta/servlet/ServletRequest;Ljakarta/servlet/ServletResponse;)V+99
j  org.springframework.web.filter.OncePerRequestFilter.doFilter(Ljakarta/servlet/ServletRequest;Ljakarta/servlet/ServletResponse;Ljakarta/servlet/FilterChain;)V+125
j  org.apache.catalina.core.ApplicationFilterChain.internalDoFilter(Ljakarta/servlet/ServletRequest;Ljakarta/servlet/ServletResponse;)V+135
j  org.apache.catalina.core.ApplicationFilterChain.doFilter(Ljakarta/servlet/ServletRequest;Ljakarta/servlet/ServletResponse;)V+99
j  org.apache.catalina.core.ApplicationDispatcher.invoke(Ljakarta/servlet/ServletRequest;Ljakarta/servlet/ServletResponse;Lorg/apache/catalina/core/ApplicationDispatcher$State;)V+341
j  org.apache.catalina.core.ApplicationDispatcher.processRequest(Ljakarta/servlet/ServletRequest;Ljakarta/servlet/ServletResponse;Lorg/apache/catalina/core/ApplicationDispatcher$State;)V+98
j  org.apache.catalina.core.ApplicationDispatcher.doForward(Ljakarta/servlet/ServletRequest;Ljakarta/servlet/ServletResponse;)V+363
j  org.apache.catalina.core.ApplicationDispatcher.forward(Ljakarta/servlet/ServletRequest;Ljakarta/servlet/ServletResponse;)V+55
j  org.springframework.security.web.header.HeaderWriterFilter$HeaderWriterRequestDispatcher.forward(Ljakarta/servlet/ServletRequest;Ljakarta/servlet/ServletResponse;)V+6
j  org.springframework.web.servlet.view.InternalResourceView.renderMergedOutputModel(Ljava/util/Map;Ljakarta/servlet/http/HttpServletRequest;Ljakarta/servlet/http/HttpServletResponse;)V+145
j  org.springframework.web.servlet.view.AbstractView.render(Ljava/util/Map;Ljakarta/servlet/http/HttpServletRequest;Ljakarta/servlet/http/HttpServletResponse;)V+91
j  org.springframework.web.servlet.DispatcherServlet.render(Lorg/springframework/web/servlet/ModelAndView;Ljakarta/servlet/http/HttpServletRequest;Ljakarta/servlet/http/HttpServletResponse;)V+188
j  org.springframework.web.servlet.DispatcherServlet.processDispatchResult(Ljakarta/servlet/http/HttpServletRequest;Ljakarta/servlet/http/HttpServletResponse;Lorg/springframework/web/servlet/HandlerExecutionChain;Lorg/springframework/web/servlet/ModelAndView;Ljava/lang/Exception;)V+103
j  org.springframework.web.servlet.DispatcherServlet.doDispatch(Ljakarta/servlet/http/HttpServletRequest;Ljakarta/servlet/http/HttpServletResponse;)V+365
j  org.springframework.web.servlet.DispatcherServlet.doService(Ljakarta/servlet/http/HttpServletRequest;Ljakarta/servlet/http/HttpServletResponse;)V+242
j  org.springframework.web.servlet.FrameworkServlet.processRequest(Ljakarta/servlet/http/HttpServletRequest;Ljakarta/servlet/http/HttpServletResponse;)V+70
j  org.springframework.web.servlet.FrameworkServlet.doGet(Ljakarta/servlet/http/HttpServletRequest;Ljakarta/servlet/http/HttpServletResponse;)V+3
j  jakarta.servlet.http.HttpServlet.service(Ljakarta/servlet/http/HttpServletRequest;Ljakarta/servlet/http/HttpServletResponse;)V+35
j  org.springframework.web.servlet.FrameworkServlet.service(Ljakarta/servlet/http/HttpServletRequest;Ljakarta/servlet/http/HttpServletResponse;)V+20
j  jakarta.servlet.http.HttpServlet.service(Ljakarta/servlet/ServletRequest;Ljakarta/servlet/ServletResponse;)V+36
j  org.apache.catalina.core.ApplicationFilterChain.internalDoFilter(Ljakarta/servlet/ServletRequest;Ljakarta/servlet/ServletResponse;)V+305
j  org.apache.catalina.core.ApplicationFilterChain.doFilter(Ljakarta/servlet/ServletRequest;Ljakarta/servlet/ServletResponse;)V+99
j  org.apache.tomcat.websocket.server.WsFilter.doFilter(Ljakarta/servlet/ServletRequest;Ljakarta/servlet/ServletResponse;Ljakarta/servlet/FilterChain;)V+21
j  org.apache.catalina.core.ApplicationFilterChain.internalDoFilter(Ljakarta/servlet/ServletRequest;Ljakarta/servlet/ServletResponse;)V+135
j  org.apache.catalina.core.ApplicationFilterChain.doFilter(Ljakarta/servlet/ServletRequest;Ljakarta/servlet/ServletResponse;)V+99
j  org.springframework.security.web.FilterChainProxy.lambda$doFilterInternal$3(Lorg/springframework/security/web/firewall/FirewalledRequest;Ljakarta/servlet/FilterChain;Ljakarta/servlet/ServletRequest;Ljakarta/servlet/ServletResponse;)V+35
j  org.springframework.security.web.FilterChainProxy$$Lambda$1347+0x0000016d29990b90.doFilter(Ljakarta/servlet/ServletRequest;Ljakarta/servlet/ServletResponse;)V+10
j  org.springframework.security.web.FilterChainProxy$VirtualFilterChain.doFilter(Ljakarta/servlet/ServletRequest;Ljakarta/servlet/ServletResponse;)V+17
j  org.springframework.security.web.access.intercept.AuthorizationFilter.doFilter(Ljakarta/servlet/ServletRequest;Ljakarta/servlet/ServletResponse;Ljakarta/servlet/FilterChain;)V+143
j  org.springframework.security.web.FilterChainProxy$VirtualFilterChain.doFilter(Ljakarta/servlet/ServletRequest;Ljakarta/servlet/ServletResponse;)V+105
j  org.springframework.security.web.access.ExceptionTranslationFilter.doFilter(Ljakarta/servlet/http/HttpServletRequest;Ljakarta/servlet/http/HttpServletResponse;Ljakarta/servlet/FilterChain;)V+3
j  org.springframework.security.web.access.ExceptionTranslationFilter.doFilter(Ljakarta/servlet/ServletRequest;Ljakarta/servlet/ServletResponse;Ljakarta/servlet/FilterChain;)V+10
j  org.springframework.security.web.FilterChainProxy$VirtualFilterChain.doFilter(Ljakarta/servlet/ServletRequest;Ljakarta/servlet/ServletResponse;)V+105
j  org.springframework.security.web.authentication.AnonymousAuthenticationFilter.doFilter(Ljakarta/servlet/ServletRequest;Ljakarta/servlet/ServletResponse;Ljakarta/servlet/FilterChain;)V+33
j  org.springframework.security.web.FilterChainProxy$VirtualFilterChain.doFilter(Ljakarta/servlet/ServletRequest;Ljakarta/servlet/ServletResponse;)V+105
j  org.springframework.security.web.servletapi.SecurityContextHolderAwareRequestFilter.doFilter(Ljakarta/servlet/ServletRequest;Ljakarta/servlet/ServletResponse;Ljakarta/servlet/FilterChain;)V+19
j  org.springframework.security.web.FilterChainProxy$VirtualFilterChain.doFilter(Ljakarta/servlet/ServletRequest;Ljakarta/servlet/ServletResponse;)V+105
j  org.springframework.security.web.savedrequest.RequestCacheAwareFilter.doFilter(Ljakarta/servlet/ServletRequest;Ljakarta/servlet/ServletResponse;Ljakarta/servlet/FilterChain;)V+32
j  org.springframework.security.web.FilterChainProxy$VirtualFilterChain.doFilter(Ljakarta/servlet/ServletRequest;Ljakarta/servlet/ServletResponse;)V+105
j  org.springframework.security.web.authentication.AbstractAuthenticationProcessingFilter.doFilter(Ljakarta/servlet/http/HttpServletRequest;Ljakarta/servlet/http/HttpServletResponse;Ljakarta/servlet/FilterChain;)V+12
j  org.springframework.security.web.authentication.AbstractAuthenticationProcessingFilter.doFilter(Ljakarta/servlet/ServletRequest;Ljakarta/servlet/ServletResponse;Ljakarta/servlet/FilterChain;)V+10
j  org.springframework.security.web.FilterChainProxy$VirtualFilterChain.doFilter(Ljakarta/servlet/ServletRequest;Ljakarta/servlet/ServletResponse;)V+105
j  org.springframework.security.web.authentication.logout.LogoutFilter.doFilter(Ljakarta/servlet/http/HttpServletRequest;Ljakarta/servlet/http/HttpServletResponse;Ljakarta/servlet/FilterChain;)V+83
j  org.springframework.security.web.authentication.logout.LogoutFilter.doFilter(Ljakarta/servlet/ServletRequest;Ljakarta/servlet/ServletResponse;Ljakarta/servlet/FilterChain;)V+10
j  org.springframework.security.web.FilterChainProxy$VirtualFilterChain.doFilter(Ljakarta/servlet/ServletRequest;Ljakarta/servlet/ServletResponse;)V+105
j  org.springframework.security.web.header.HeaderWriterFilter.doHeadersAfter(Ljakarta/servlet/http/HttpServletRequest;Ljakarta/servlet/http/HttpServletResponse;Ljakarta/servlet/FilterChain;)V+29
j  org.springframework.security.web.header.HeaderWriterFilter.doFilterInternal(Ljakarta/servlet/http/HttpServletRequest;Ljakarta/servlet/http/HttpServletResponse;Ljakarta/servlet/FilterChain;)V+21
j  org.springframework.web.filter.OncePerRequestFilter.doFilter(Ljakarta/servlet/ServletRequest;Ljakarta/servlet/ServletResponse;Ljakarta/servlet/FilterChain;)V+150
j  org.springframework.security.web.FilterChainProxy$VirtualFilterChain.doFilter(Ljakarta/servlet/ServletRequest;Ljakarta/servlet/ServletResponse;)V+105
j  org.springframework.security.web.context.SecurityContextHolderFilter.doFilter(Ljakarta/servlet/http/HttpServletRequest;Ljakarta/servlet/http/HttpServletResponse;Ljakarta/servlet/FilterChain;)V+59
j  org.springframework.security.web.context.SecurityContextHolderFilter.doFilter(Ljakarta/servlet/ServletRequest;Ljakarta/servlet/ServletResponse;Ljakarta/servlet/FilterChain;)V+10
j  org.springframework.security.web.FilterChainProxy$VirtualFilterChain.doFilter(Ljakarta/servlet/ServletRequest;Ljakarta/servlet/ServletResponse;)V+105
j  org.springframework.security.web.context.request.async.WebAsyncManagerIntegrationFilter.doFilterInternal(Ljakarta/servlet/http/HttpServletRequest;Ljakarta/servlet/http/HttpServletResponse;Ljakarta/servlet/FilterChain;)V+55
j  org.springframework.web.filter.OncePerRequestFilter.doFilter(Ljakarta/servlet/ServletRequest;Ljakarta/servlet/ServletResponse;Ljakarta/servlet/FilterChain;)V+150
j  org.springframework.security.web.FilterChainProxy$VirtualFilterChain.doFilter(Ljakarta/servlet/ServletRequest;Ljakarta/servlet/ServletResponse;)V+105
j  org.springframework.security.web.session.DisableEncodeUrlFilter.doFilterInternal(Ljakarta/servlet/http/HttpServletRequest;Ljakarta/servlet/http/HttpServletResponse;Ljakarta/servlet/FilterChain;)V+10
j  org.springframework.web.filter.OncePerRequestFilter.doFilter(Ljakarta/servlet/ServletRequest;Ljakarta/servlet/ServletResponse;Ljakarta/servlet/FilterChain;)V+150
j  org.springframework.security.web.FilterChainProxy$VirtualFilterChain.doFilter(Ljakarta/servlet/ServletRequest;Ljakarta/servlet/ServletResponse;)V+105
j  org.springframework.security.web.FilterChainProxy.doFilterInternal(Ljakarta/servlet/ServletRequest;Ljakarta/servlet/ServletResponse;Ljakarta/servlet/FilterChain;)V+163
j  org.springframework.security.web.FilterChainProxy.doFilter(Ljakarta/servlet/ServletRequest;Ljakarta/servlet/ServletResponse;Ljakarta/servlet/FilterChain;)V+48
j  org.springframework.web.filter.DelegatingFilterProxy.invokeDelegate(Ljakarta/servlet/Filter;Ljakarta/servlet/ServletRequest;Ljakarta/servlet/ServletResponse;Ljakarta/servlet/FilterChain;)V+5
j  org.springframework.web.filter.DelegatingFilterProxy.doFilter(Ljakarta/servlet/ServletRequest;Ljakarta/servlet/ServletResponse;Ljakarta/servlet/FilterChain;)V+85
j  org.apache.catalina.core.ApplicationFilterChain.internalDoFilter(Ljakarta/servlet/ServletRequest;Ljakarta/servlet/ServletResponse;)V+135
j  org.apache.catalina.core.ApplicationFilterChain.doFilter(Ljakarta/servlet/ServletRequest;Ljakarta/servlet/ServletResponse;)V+99
j  org.springframework.web.filter.RequestContextFilter.doFilterInternal(Ljakarta/servlet/http/HttpServletRequest;Ljakarta/servlet/http/HttpServletResponse;Ljakarta/servlet/FilterChain;)V+21
j  org.springframework.web.filter.OncePerRequestFilter.doFilter(Ljakarta/servlet/ServletRequest;Ljakarta/servlet/ServletResponse;Ljakarta/servlet/FilterChain;)V+150
j  org.apache.catalina.core.ApplicationFilterChain.internalDoFilter(Ljakarta/servlet/ServletRequest;Ljakarta/servlet/ServletResponse;)V+135
j  org.apache.catalina.core.ApplicationFilterChain.doFilter(Ljakarta/servlet/ServletRequest;Ljakarta/servlet/ServletResponse;)V+99
j  org.springframework.web.filter.FormContentFilter.doFilterInternal(Ljakarta/servlet/http/HttpServletRequest;Ljakarta/servlet/http/HttpServletResponse;Ljakarta/servlet/FilterChain;)V+38
j  org.springframework.web.filter.OncePerRequestFilter.doFilter(Ljakarta/servlet/ServletRequest;Ljakarta/servlet/ServletResponse;Ljakarta/servlet/FilterChain;)V+150
j  org.apache.catalina.core.ApplicationFilterChain.internalDoFilter(Ljakarta/servlet/ServletRequest;Ljakarta/servlet/ServletResponse;)V+135
j  org.apache.catalina.core.ApplicationFilterChain.doFilter(Ljakarta/servlet/ServletRequest;Ljakarta/servlet/ServletResponse;)V+99
j  org.springframework.web.filter.CharacterEncodingFilter.doFilterInternal(Ljakarta/servlet/http/HttpServletRequest;Ljakarta/servlet/http/HttpServletResponse;Ljakarta/servlet/FilterChain;)V+53
j  org.springframework.web.filter.OncePerRequestFilter.doFilter(Ljakarta/servlet/ServletRequest;Ljakarta/servlet/ServletResponse;Ljakarta/servlet/FilterChain;)V+150
j  org.apache.catalina.core.ApplicationFilterChain.internalDoFilter(Ljakarta/servlet/ServletRequest;Ljakarta/servlet/ServletResponse;)V+135
j  org.apache.catalina.core.ApplicationFilterChain.doFilter(Ljakarta/servlet/ServletRequest;Ljakarta/servlet/ServletResponse;)V+99
j  org.apache.catalina.core.StandardWrapperValve.invoke(Lorg/apache/catalina/connector/Request;Lorg/apache/catalina/connector/Response;)V+514
j  org.apache.catalina.core.StandardContextValve.invoke(Lorg/apache/catalina/connector/Request;Lorg/apache/catalina/connector/Response;)V+169
j  org.apache.catalina.authenticator.AuthenticatorBase.invoke(Lorg/apache/catalina/connector/Request;Lorg/apache/catalina/connector/Response;)V+218
j  org.apache.catalina.core.StandardHostValve.invoke(Lorg/apache/catalina/connector/Request;Lorg/apache/catalina/connector/Response;)V+131
j  org.apache.catalina.valves.ErrorReportValve.invoke(Lorg/apache/catalina/connector/Request;Lorg/apache/catalina/connector/Response;)V+6
j  org.apache.catalina.core.StandardEngineValve.invoke(Lorg/apache/catalina/connector/Request;Lorg/apache/catalina/connector/Response;)V+59
j  org.apache.catalina.connector.CoyoteAdapter.service(Lorg/apache/coyote/Request;Lorg/apache/coyote/Response;)V+187
j  org.apache.coyote.http11.Http11Processor.service(Lorg/apache/tomcat/util/net/SocketWrapperBase;)Lorg/apache/tomcat/util/net/AbstractEndpoint$Handler$SocketState;+785
j  org.apache.coyote.AbstractProcessorLight.process(Lorg/apache/tomcat/util/net/SocketWrapperBase;Lorg/apache/tomcat/util/net/SocketEvent;)Lorg/apache/tomcat/util/net/AbstractEndpoint$Handler$SocketState;+152
j  org.apache.coyote.AbstractProtocol$ConnectionHandler.process(Lorg/apache/tomcat/util/net/SocketWrapperBase;Lorg/apache/tomcat/util/net/SocketEvent;)Lorg/apache/tomcat/util/net/AbstractEndpoint$Handler$SocketState;+482
j  org.apache.tomcat.util.net.NioEndpoint$SocketProcessor.doRun()V+249
j  org.apache.tomcat.util.net.SocketProcessorBase.run()V+32
j  org.apache.tomcat.util.threads.ThreadPoolExecutor.runWorker(Lorg/apache/tomcat/util/threads/ThreadPoolExecutor$Worker;)V+92
j  org.apache.tomcat.util.threads.ThreadPoolExecutor$Worker.run()V+5
j  org.apache.tomcat.util.threads.TaskThread$WrappingRunnable.run()V+4
j  java.lang.Thread.run()V+11 java.base@17.0.8.1
v  ~StubRoutines::call_stub

siginfo: EXCEPTION_ACCESS_VIOLATION (0xc0000005), reading address 0x0000016d30e23670


Register to memory mapping:

RIP=0x00007ffd16a8e8a3 jvm.dll
RAX=0x0000000000000037 is an unknown value
RBX=0x0000016d70f07740 is a thread
RCX=0x0000016d30e232f0 is an unknown value
RDX=0x0000000000000037 is an unknown value
RSP=0x000000082b0f8ed8 is pointing into the stack for thread: 0x0000016d70f07740
RBP=0x000000082b0f8f40 is pointing into the stack for thread: 0x0000016d70f07740
RSI=0x000000082b0f8fa8 is pointing into the stack for thread: 0x0000016d70f07740
RDI=0x0000000000000037 is an unknown value
R8 =0x0000016d29994728 is a pointer to class: 
org.springframework.security.web.servletapi.HttpServlet3RequestFactory$Servlet3SecurityContextHolderAwareRequestWrapper {0x0000016d29994730}
 - instance size:     5
 - klass size:        261
 - access:            synchronized 
 - state:             fully_initialized
 - name:              'org/springframework/security/web/servletapi/HttpServlet3RequestFactory$Servlet3SecurityContextHolderAwareRequestWrapper'
 - super:             'org/springframework/security/web/servletapi/SecurityContextHolderAwareRequestWrapper'
 - sub:               
 - arrays:            NULL
 - methods:           Array<T>(0x0000016d6cfeafd8)
 - method ordering:   Array<T>(0x0000016d69000018)
 - default_methods:   Array<T>(0x0000000000000000)
 - local interfaces:  Array<T>(0x0000016d69000058)
 - trans. interfaces: Array<T>(0x0000016d6cd07ca8)
 - constants:         constant pool [276]/operands[5] {0x0000016d6cfea600} for 'org/springframework/security/web/servletapi/HttpServlet3RequestFactory$Servlet3SecurityContextHolderAwareRequestWrapper' cache=0x0000016d6cfecd88
 - class loader data:  loader data: 0x0000016d2899bc60 for instance a 'jdk/internal/loader/ClassLoaders$AppClassLoader'{0x0000000704f9c4e8}
 - source file:       'HttpServlet3RequestFactory.java'
 - class annotations:       Array<T>(0x0000000000000000)
 - class type annotations:  Array<T>(0x0000000000000000)
 - field annotations:       Array<T>(0x0000000000000000)
 - field type annotations:  Array<T>(0x0000000000000000)
 - inner classes:     Array<T>(0x0000016d6cfeb990)
 - nest members:     Array<T>(0x0000016d69000028)
 - permitted subclasses:     Array<T>(0x0000016d69000028)
 - java mirror:       a 'java/lang/Class'{0x0000000706c82358} = 'org/springframework/security/web/servletapi/HttpServlet3RequestFactory$Servlet3SecurityContextHolderAwareRequestWrapper'
 - vtable length      84  (start addr: 0x0000016d299948f0)
 - itable length      119 (start addr: 0x0000016d29994b90)
 - ---- static fields (0 words):
 - ---- non-static fields (6 words):
 - private 'request' 'Ljakarta/servlet/ServletRequest;' @12 
 - private 'securityContextHolderStrategy' 'Lorg/springframework/security/core/context/SecurityContextHolderStrategy;' @16 
 - private final 'trustResolver' 'Lorg/springframework/security/authentication/AuthenticationTrustResolver;' @20 
 - private final 'rolePrefix' 'Ljava/lang/String;' @24 
 - private final 'response' 'Ljakarta/servlet/http/HttpServletResponse;' @28 
 - final synthetic 'this$0' 'Lorg/springframework/security/web/servletapi/HttpServlet3RequestFactory;' @32 
 - non-static oop maps: 12-32 
R9 =0x0000016d6f1aad40 points into unknown readable memory: 0x0000016d07f10000 | 00 00 f1 07 6d 01 00 00
R10=0x0000016d7546f040 points into unknown readable memory: 0x0000001e00000007 | 07 00 00 00 1e 00 00 00
R11={method} {0x0000016d6cfec5a0} 'getUserPrincipal' '()Ljava/security/Principal;' in 'org/springframework/security/web/servletapi/SecurityContextHolderAwareRequestWrapper'
R12=0x0 is NULL
R13=0x0000016d29994728 is a pointer to class: 
org.springframework.security.web.servletapi.HttpServlet3RequestFactory$Servlet3SecurityContextHolderAwareRequestWrapper {0x0000016d29994730}
 - instance size:     5
 - klass size:        261
 - access:            synchronized 
 - state:             fully_initialized
 - name:              'org/springframework/security/web/servletapi/HttpServlet3RequestFactory$Servlet3SecurityContextHolderAwareRequestWrapper'
 - super:             'org/springframework/security/web/servletapi/SecurityContextHolderAwareRequestWrapper'
 - sub:               
 - arrays:            NULL
 - methods:           Array<T>(0x0000016d6cfeafd8)
 - method ordering:   Array<T>(0x0000016d69000018)
 - default_methods:   Array<T>(0x0000000000000000)
 - local interfaces:  Array<T>(0x0000016d69000058)
 - trans. interfaces: Array<T>(0x0000016d6cd07ca8)
 - constants:         constant pool [276]/operands[5] {0x0000016d6cfea600} for 'org/springframework/security/web/servletapi/HttpServlet3RequestFactory$Servlet3SecurityContextHolderAwareRequestWrapper' cache=0x0000016d6cfecd88
 - class loader data:  loader data: 0x0000016d2899bc60 for instance a 'jdk/internal/loader/ClassLoaders$AppClassLoader'{0x0000000704f9c4e8}
 - source file:       'HttpServlet3RequestFactory.java'
 - class annotations:       Array<T>(0x0000000000000000)
 - class type annotations:  Array<T>(0x0000000000000000)
 - field annotations:       Array<T>(0x0000000000000000)
 - field type annotations:  Array<T>(0x0000000000000000)
 - inner classes:     Array<T>(0x0000016d6cfeb990)
 - nest members:     Array<T>(0x0000016d69000028)
 - permitted subclasses:     Array<T>(0x0000016d69000028)
 - java mirror:       a 'java/lang/Class'{0x0000000706c82358} = 'org/springframework/security/web/servletapi/HttpServlet3RequestFactory$Servlet3SecurityContextHolderAwareRequestWrapper'
 - vtable length      84  (start addr: 0x0000016d299948f0)
 - itable length      119 (start addr: 0x0000016d29994b90)
 - ---- static fields (0 words):
 - ---- non-static fields (6 words):
 - private 'request' 'Ljakarta/servlet/ServletRequest;' @12 
 - private 'securityContextHolderStrategy' 'Lorg/springframework/security/core/context/SecurityContextHolderStrategy;' @16 
 - private final 'trustResolver' 'Lorg/springframework/security/authentication/AuthenticationTrustResolver;' @20 
 - private final 'rolePrefix' 'Ljava/lang/String;' @24 
 - private final 'response' 'Ljakarta/servlet/http/HttpServletResponse;' @28 
 - final synthetic 'this$0' 'Lorg/springframework/security/web/servletapi/HttpServlet3RequestFactory;' @32 
 - non-static oop maps: 12-32 
R14=0x0000016d30e232f0 is an unknown value
R15=0x000000082b0f90d0 is pointing into the stack for thread: 0x0000016d70f07740


Registers:
RAX=0x0000000000000037, RBX=0x0000016d70f07740, RCX=0x0000016d30e232f0, RDX=0x0000000000000037
RSP=0x000000082b0f8ed8, RBP=0x000000082b0f8f40, RSI=0x000000082b0f8fa8, RDI=0x0000000000000037
R8 =0x0000016d29994728, R9 =0x0000016d6f1aad40, R10=0x0000016d7546f040, R11=0x0000016d6cfec598
R12=0x0000000000000000, R13=0x0000016d29994728, R14=0x0000016d30e232f0, R15=0x000000082b0f90d0
RIP=0x00007ffd16a8e8a3, EFLAGS=0x0000000000010217

Top of Stack: (sp=0x000000082b0f8ed8)
0x000000082b0f8ed8:   00007ffd16ab22ef 0000000000000000
0x000000082b0f8ee8:   0000000000000000 0000016d6cfea5f8
0x000000082b0f8ef8:   0000016d70f07740 000000082b0f8fb8
0x000000082b0f8f08:   00007ffd16aad46b 0000d305b9aaacd9
0x000000082b0f8f18:   0000000000000000 0000000000000000
0x000000082b0f8f28:   000000082b0f90d0 0000000000000000
0x000000082b0f8f38:   0000000000000000 0000016d6cfeb8f9
0x000000082b0f8f48:   0000016d6cfeb8f9 000000082b0f8fa9
0x000000082b0f8f58:   00007ffd16ab03e8 0000016d6f1aad40
0x000000082b0f8f68:   0000016d30e232f0 000000082b0f90d0
0x000000082b0f8f78:   0000016d70f07740 0000016d30e232f0
0x000000082b0f8f88:   0000000300000001 0000016d70f07740
0x000000082b0f8f98:   0000000000000000 0000016d6cfec598
0x000000082b0f8fa8:   0000016d6cfec598 0000016d70f07740
0x000000082b0f8fb8:   0000016d6df3ccb0 0000016d6e0789c0
0x000000082b0f8fc8:   0000016d29994728 0000016d29994728 

Instructions: (pc=0x00007ffd16a8e8a3)
0x00007ffd16a8e7a3:   8d 8e 88 00 00 00 c7 40 08 02 00 00 00 48 89 48
0x00007ffd16a8e7b3:   20 c6 40 0c 00 48 89 58 10 48 89 58 18 4c 89 38
0x00007ffd16a8e7c3:   eb 03 48 8b c3 48 8b d0 49 8b ce e8 9d 1c 0e 00
0x00007ffd16a8e7d3:   45 33 c0 41 8d 50 17 8d 4a 11 e8 0e 81 b6 ff 48
0x00007ffd16a8e7e3:   85 c0 74 23 48 8d 8e 90 00 00 00 c7 40 08 02 00
0x00007ffd16a8e7f3:   00 00 48 89 48 20 c6 40 0c 00 48 89 58 10 48 89
0x00007ffd16a8e803:   58 18 4c 89 38 eb 03 48 8b c3 48 8b d0 49 8b ce
0x00007ffd16a8e813:   e8 58 1c 0e 00 83 be a0 00 00 00 00 8b fb 4c 8b
0x00007ffd16a8e823:   7c 24 48 7e 5b 48 8d 2d e9 6b 42 00 90 45 33 c0
0x00007ffd16a8e833:   41 8d 50 17 8d 4a 11 e8 b1 80 b6 ff 48 85 c0 74
0x00007ffd16a8e843:   27 48 63 d7 48 83 c2 39 c7 40 08 02 00 00 00 c6
0x00007ffd16a8e853:   40 0c 00 48 89 58 10 48 89 58 18 48 8d 14 d6 48
0x00007ffd16a8e863:   89 28 48 89 50 20 eb 03 48 8b c3 48 8b d0 49 8b
0x00007ffd16a8e873:   ce e8 f7 1b 0e 00 ff c7 3b be a0 00 00 00 7c ad
0x00007ffd16a8e883:   48 8b 5c 24 50 48 8b 6c 24 58 48 83 c4 20 41 5e
0x00007ffd16a8e893:   5f 5e c3 cc cc cc cc cc cc cc cc cc cc 48 63 c2
0x00007ffd16a8e8a3:   48 8b 84 c1 c8 01 00 00 c3 cc cc cc cc 48 89 5c
0x00007ffd16a8e8b3:   24 08 48 89 6c 24 10 48 89 74 24 18 57 41 54 41
0x00007ffd16a8e8c3:   55 41 56 41 57 48 83 ec 20 48 8b 99 88 00 00 00
0x00007ffd16a8e8d3:   44 0f b6 e2 48 85 db 0f 84 32 01 00 00 8b 0d d2
0x00007ffd16a8e8e3:   f1 66 00 65 48 8b 04 25 58 00 00 00 be 50 00 00
0x00007ffd16a8e8f3:   00 bd 20 00 00 00 4c 8d 2c c8 0f 1f 00 48 8b 8b
0x00007ffd16a8e903:   98 00 00 00 e8 84 74 cb ff 84 c0 0f 85 1d 01 00
0x00007ffd16a8e913:   00 45 84 e4 0f 84 e5 00 00 00 48 8b 15 fc 0c 63
0x00007ffd16a8e923:   00 48 85 d2 0f 84 d5 00 00 00 49 8b 7d 00 8b c6
0x00007ffd16a8e933:   80 3c 38 00 75 0c e8 1a 22 35 00 48 8b 15 db 0c
0x00007ffd16a8e943:   63 00 8b c5 48 8b 0c 38 48 8b b9 38 02 00 00 48
0x00007ffd16a8e953:   8b 77 10 48 8b 6f 18 4c 8b 77 20 4c 8b 7f 28 48
0x00007ffd16a8e963:   85 d2 74 6c 8b 43 08 85 c0 7e 18 8b 83 a4 00 00
0x00007ffd16a8e973:   00 c1 e8 1a a8 01 74 32 48 8b 4b 18 e8 dc f3 ff
0x00007ffd16a8e983:   ff eb 3e 3d 00 00 00 c0 7d 20 48 8b 83 e8 00 00
0x00007ffd16a8e993:   00 8b 88 a4 00 00 00 c1 e9 1a f6 c1 01 74 0b 48 


Stack slot to memory mapping:
stack at sp + 0 slots: 0x00007ffd16ab22ef jvm.dll
stack at sp + 1 slots: 0x0 is NULL
stack at sp + 2 slots: 0x0 is NULL
stack at sp + 3 slots: 0x0000016d6cfea5f8 is pointing into metadata
stack at sp + 4 slots: 0x0000016d70f07740 is a thread
stack at sp + 5 slots: 0x000000082b0f8fb8 is pointing into the stack for thread: 0x0000016d70f07740
stack at sp + 6 slots: 0x00007ffd16aad46b jvm.dll
stack at sp + 7 slots: 0x0000d305b9aaacd9 is an unknown value


---------------  P R O C E S S  ---------------

Threads class SMR info:
_java_thread_list=0x0000016d6ffe6250, length=29, elements={
0x0000016d2887b910, 0x0000016d28890150, 0x0000016d288cba80, 0x0000016d288ccaf0,
0x0000016d288cdc50, 0x0000016d288e6a70, 0x0000016d288ecb30, 0x0000016d288f00e0,
0x0000016d289317b0, 0x0000016d28a87f30, 0x0000016d28aa22c0, 0x0000016d6de607d0,
0x0000016d6de60ce0, 0x0000016d6de62b40, 0x0000016d6de61700, 0x0000016d6de62630,
0x0000016d70f06810, 0x0000016d70f07740, 0x0000016d70f09ab0, 0x0000016d70f06d20,
0x0000016d70f07c50, 0x0000016d70f07230, 0x0000016d70f09090, 0x0000016d70f06300,
0x0000016d70f08160, 0x0000016d70f08670, 0x0000016d70f08b80, 0x0000016d70f095a0,
0x0000016d73ca8a10
}

Java Threads: ( => current thread )
  0x0000016d2887b910 JavaThread "Reference Handler" daemon [_thread_blocked, id=4100, stack(0x0000000829700000,0x0000000829800000)]
  0x0000016d28890150 JavaThread "Finalizer" daemon [_thread_blocked, id=3376, stack(0x0000000829800000,0x0000000829900000)]
  0x0000016d288cba80 JavaThread "Signal Dispatcher" daemon [_thread_blocked, id=12064, stack(0x0000000829900000,0x0000000829a00000)]
  0x0000016d288ccaf0 JavaThread "Attach Listener" daemon [_thread_blocked, id=14180, stack(0x0000000829a00000,0x0000000829b00000)]
  0x0000016d288cdc50 JavaThread "Service Thread" daemon [_thread_blocked, id=6168, stack(0x0000000829b00000,0x0000000829c00000)]
  0x0000016d288e6a70 JavaThread "Monitor Deflation Thread" daemon [_thread_blocked, id=2712, stack(0x0000000829c00000,0x0000000829d00000)]
  0x0000016d288ecb30 JavaThread "C2 CompilerThread0" daemon [_thread_in_native, id=14228, stack(0x0000000829d00000,0x0000000829e00000)]
  0x0000016d288f00e0 JavaThread "C1 CompilerThread0" daemon [_thread_blocked, id=14412, stack(0x0000000829e00000,0x0000000829f00000)]
  0x0000016d289317b0 JavaThread "Sweeper thread" daemon [_thread_blocked, id=7548, stack(0x0000000829f00000,0x000000082a000000)]
  0x0000016d28a87f30 JavaThread "Notification Thread" daemon [_thread_blocked, id=13524, stack(0x000000082a000000,0x000000082a100000)]
  0x0000016d28aa22c0 JavaThread "Common-Cleaner" daemon [_thread_blocked, id=1184, stack(0x000000082a200000,0x000000082a300000)]
  0x0000016d6de607d0 JavaThread "Catalina-utility-1" [_thread_blocked, id=2576, stack(0x000000082a800000,0x000000082a900000)]
  0x0000016d6de60ce0 JavaThread "Catalina-utility-2" [_thread_blocked, id=15080, stack(0x000000082a900000,0x000000082aa00000)]
  0x0000016d6de62b40 JavaThread "container-0" [_thread_blocked, id=15276, stack(0x000000082aa00000,0x000000082ab00000)]
  0x0000016d6de61700 JavaThread "mssql-jdbc-shared-timer-core-0" daemon [_thread_blocked, id=9240, stack(0x000000082ac00000,0x000000082ad00000)]
  0x0000016d6de62630 JavaThread "HikariPool-1 housekeeper" daemon [_thread_blocked, id=14468, stack(0x000000082ad00000,0x000000082ae00000)]
  0x0000016d70f06810 JavaThread "http-nio-8080-exec-1" daemon [_thread_blocked, id=14164, stack(0x000000082af00000,0x000000082b000000)]
=>0x0000016d70f07740 JavaThread "http-nio-8080-exec-2" daemon [_thread_in_vm, id=9444, stack(0x000000082b000000,0x000000082b100000)]
  0x0000016d70f09ab0 JavaThread "http-nio-8080-exec-3" daemon [_thread_blocked, id=16140, stack(0x000000082b100000,0x000000082b200000)]
  0x0000016d70f06d20 JavaThread "http-nio-8080-exec-4" daemon [_thread_blocked, id=2300, stack(0x000000082b200000,0x000000082b300000)]
  0x0000016d70f07c50 JavaThread "http-nio-8080-exec-5" daemon [_thread_blocked, id=1768, stack(0x000000082b300000,0x000000082b400000)]
  0x0000016d70f07230 JavaThread "http-nio-8080-exec-6" daemon [_thread_blocked, id=4136, stack(0x000000082b400000,0x000000082b500000)]
  0x0000016d70f09090 JavaThread "http-nio-8080-exec-7" daemon [_thread_blocked, id=5584, stack(0x000000082b500000,0x000000082b600000)]
  0x0000016d70f06300 JavaThread "http-nio-8080-exec-8" daemon [_thread_blocked, id=12816, stack(0x000000082b600000,0x000000082b700000)]
  0x0000016d70f08160 JavaThread "http-nio-8080-exec-9" daemon [_thread_blocked, id=9332, stack(0x000000082b700000,0x000000082b800000)]
  0x0000016d70f08670 JavaThread "http-nio-8080-exec-10" daemon [_thread_blocked, id=16120, stack(0x000000082b800000,0x000000082b900000)]
  0x0000016d70f08b80 JavaThread "http-nio-8080-Poller" daemon [_thread_in_native, id=16368, stack(0x000000082b900000,0x000000082ba00000)]
  0x0000016d70f095a0 JavaThread "http-nio-8080-Acceptor" daemon [_thread_in_native, id=11400, stack(0x000000082ba00000,0x000000082bb00000)]
  0x0000016d73ca8a10 JavaThread "DestroyJavaVM" [_thread_blocked, id=13016, stack(0x0000000829000000,0x0000000829100000)]

Other Threads:
  0x0000016d2883a5d0 VMThread "VM Thread" [stack: 0x0000000829600000,0x0000000829700000] [id=14744]
  0x0000016d28a8e430 WatcherThread [stack: 0x000000082a100000,0x000000082a200000] [id=15812]
  0x0000016d0a7ae880 GCTaskThread "GC Thread#0" [stack: 0x0000000829100000,0x0000000829200000] [id=12972]
  0x0000016d28aa3df0 GCTaskThread "GC Thread#1" [stack: 0x000000082a400000,0x000000082a500000] [id=448]
  0x0000016d28aa40b0 GCTaskThread "GC Thread#2" [stack: 0x000000082a500000,0x000000082a600000] [id=11248]
  0x0000016d28aa3030 GCTaskThread "GC Thread#3" [stack: 0x000000082a600000,0x000000082a700000] [id=14892]
  0x0000016d26311a80 ConcurrentGCThread "G1 Main Marker" [stack: 0x0000000829200000,0x0000000829300000] [id=832]
  0x0000016d263143a0 ConcurrentGCThread "G1 Conc#0" [stack: 0x0000000829300000,0x0000000829400000] [id=1148]
  0x0000016d263b8c50 ConcurrentGCThread "G1 Refine#0" [stack: 0x0000000829400000,0x0000000829500000] [id=11776]
  0x0000016d6e1a8cc0 ConcurrentGCThread "G1 Refine#1" [stack: 0x000000082a700000,0x000000082a800000] [id=14672]
  0x0000016d263b9d20 ConcurrentGCThread "G1 Service" [stack: 0x0000000829500000,0x0000000829600000] [id=4504]

Threads with active compile tasks:
C2 CompilerThread0    17831 6414       4       org.eclipse.jdt.internal.compiler.lookup.BinaryTypeBinding::createMethod (1719 bytes)

VM state: not at safepoint (normal execution)

VM Mutex/Monitor currently owned by a thread: None

Heap address: 0x0000000704c00000, size: 4020 MB, Compressed Oops mode: Zero based, Oop shift amount: 3

CDS archive(s) not mapped
Compressed class space mapped at: 0x0000016d29000000-0x0000016d69000000, reserved size: 1073741824
Narrow klass base: 0x0000016d29000000, Narrow klass shift: 0, Narrow klass range: 0x40000000

GC Precious Log:
 CPUs: 4 total, 4 available
 Memory: 16079M
 Large Page Support: Disabled
 NUMA Support: Disabled
 Compressed Oops: Enabled (Zero based)
 Heap Region Size: 2M
 Heap Min Capacity: 8M
 Heap Initial Capacity: 252M
 Heap Max Capacity: 4020M
 Pre-touch: Disabled
 Parallel Workers: 4
 Concurrent Workers: 1
 Concurrent Refinement Workers: 4
 Periodic GC: Disabled

Heap:
 garbage-first heap   total 69632K, used 44708K [0x0000000704c00000, 0x0000000800000000)
  region size 2048K, 7 young (14336K), 1 survivors (2048K)
 Metaspace       used 83588K, committed 84224K, reserved 1179648K
  class space    used 10334K, committed 10624K, reserved 1048576K

Heap Regions: E=young(eden), S=young(survivor), O=old, HS=humongous(starts), HC=humongous(continues), CS=collection set, F=free, OA=open archive, CA=closed archive, TAMS=top-at-mark-start (previous, next)
|   0|0x0000000704c00000, 0x0000000704e00000, 0x0000000704e00000|100%| O|  |TAMS 0x0000000704e00000, 0x0000000704c00000| Untracked 
|   1|0x0000000704e00000, 0x0000000705000000, 0x0000000705000000|100%| O|  |TAMS 0x0000000705000000, 0x0000000704e00000| Untracked 
|   2|0x0000000705000000, 0x0000000705200000, 0x0000000705200000|100%| O|  |TAMS 0x0000000705200000, 0x0000000705000000| Untracked 
|   3|0x0000000705200000, 0x0000000705400000, 0x0000000705400000|100%| O|  |TAMS 0x0000000705400000, 0x0000000705200000| Untracked 
|   4|0x0000000705400000, 0x0000000705600000, 0x0000000705600000|100%| O|  |TAMS 0x0000000705600000, 0x0000000705400000| Untracked 
|   5|0x0000000705600000, 0x0000000705800000, 0x0000000705800000|100%| O|  |TAMS 0x0000000705800000, 0x0000000705600000| Untracked 
|   6|0x0000000705800000, 0x0000000705a00000, 0x0000000705a00000|100%| O|  |TAMS 0x0000000705a00000, 0x0000000705800000| Untracked 
|   7|0x0000000705a00000, 0x0000000705c00000, 0x0000000705c00000|100%| O|  |TAMS 0x0000000705c00000, 0x0000000705a00000| Untracked 
|   8|0x0000000705c00000, 0x0000000705cdde00, 0x0000000705e00000| 43%| O|  |TAMS 0x0000000705cdde00, 0x0000000705c00000| Complete 
|   9|0x0000000705e00000, 0x0000000706000000, 0x0000000706000000|100%| O|  |TAMS 0x0000000706000000, 0x0000000705e00000| Untracked 
|  10|0x0000000706000000, 0x0000000706200000, 0x0000000706200000|100%| O|  |TAMS 0x0000000706200000, 0x0000000706000000| Untracked 
|  11|0x0000000706200000, 0x0000000706400000, 0x0000000706400000|100%| O|  |TAMS 0x0000000706400000, 0x0000000706200000| Untracked 
|  12|0x0000000706400000, 0x0000000706600000, 0x0000000706600000|100%| O|  |TAMS 0x0000000706600000, 0x0000000706400000| Untracked 
|  13|0x0000000706600000, 0x0000000706800000, 0x0000000706800000|100%| O|  |TAMS 0x0000000706800000, 0x0000000706600000| Untracked 
|  14|0x0000000706800000, 0x0000000706a00000, 0x0000000706a00000|100%| O|  |TAMS 0x0000000706a00000, 0x0000000706800000| Untracked 
|  15|0x0000000706a00000, 0x0000000706c00000, 0x0000000706c00000|100%| O|  |TAMS 0x0000000706b55e00, 0x0000000706a00000| Untracked 
|  16|0x0000000706c00000, 0x0000000706db0400, 0x0000000706e00000| 84%| O|  |TAMS 0x0000000706c00000, 0x0000000706c00000| Untracked 
|  17|0x0000000706e00000, 0x0000000706e00000, 0x0000000707000000|  0%| F|  |TAMS 0x0000000706e00000, 0x0000000706e00000| Untracked 
|  18|0x0000000707000000, 0x0000000707000000, 0x0000000707200000|  0%| F|  |TAMS 0x0000000707000000, 0x0000000707000000| Untracked 
|  19|0x0000000707200000, 0x0000000707200000, 0x0000000707400000|  0%| F|  |TAMS 0x0000000707200000, 0x0000000707200000| Untracked 
|  20|0x0000000707400000, 0x0000000707400000, 0x0000000707600000|  0%| F|  |TAMS 0x0000000707400000, 0x0000000707400000| Untracked 
|  21|0x0000000707600000, 0x0000000707600000, 0x0000000707800000|  0%| F|  |TAMS 0x0000000707600000, 0x0000000707600000| Untracked 
|  22|0x0000000707800000, 0x0000000707800000, 0x0000000707a00000|  0%| F|  |TAMS 0x0000000707800000, 0x0000000707800000| Untracked 
|  23|0x0000000707a00000, 0x0000000707a00000, 0x0000000707c00000|  0%| F|  |TAMS 0x0000000707a00000, 0x0000000707a00000| Untracked 
|  24|0x0000000707c00000, 0x0000000707d1b078, 0x0000000707e00000| 55%| S|CS|TAMS 0x0000000707c00000, 0x0000000707c00000| Complete 
|  25|0x0000000707e00000, 0x0000000707e00000, 0x0000000708000000|  0%| F|  |TAMS 0x0000000707e00000, 0x0000000707e00000| Untracked 
|  26|0x0000000708000000, 0x0000000708000000, 0x0000000708200000|  0%| F|  |TAMS 0x0000000708000000, 0x0000000708000000| Untracked 
|  27|0x0000000708200000, 0x0000000708200000, 0x0000000708400000|  0%| F|  |TAMS 0x0000000708200000, 0x0000000708200000| Untracked 
|  28|0x0000000708400000, 0x0000000708438e48, 0x0000000708600000| 11%| E|  |TAMS 0x0000000708400000, 0x0000000708400000| Complete 
|  29|0x0000000708600000, 0x0000000708800000, 0x0000000708800000|100%| E|CS|TAMS 0x0000000708600000, 0x0000000708600000| Complete 
|  49|0x000000070ae00000, 0x000000070b000000, 0x000000070b000000|100%| E|CS|TAMS 0x000000070ae00000, 0x000000070ae00000| Complete 
|  50|0x000000070b000000, 0x000000070b200000, 0x000000070b200000|100%| E|CS|TAMS 0x000000070b000000, 0x000000070b000000| Complete 
|  51|0x000000070b200000, 0x000000070b400000, 0x000000070b400000|100%| E|CS|TAMS 0x000000070b200000, 0x000000070b200000| Complete 
| 125|0x0000000714600000, 0x0000000714800000, 0x0000000714800000|100%| E|CS|TAMS 0x0000000714600000, 0x0000000714600000| Complete 

Card table byte_map: [0x0000016d1d590000,0x0000016d1dd70000] _byte_map_base: 0x0000016d19d6a000

Marking Bits (Prev, Next): (CMBitMap*) 0x0000016d26301480, (CMBitMap*) 0x0000016d263014c0
 Prev Bits: [0x0000016d1e550000, 0x0000016d22420000)
 Next Bits: [0x0000016d22420000, 0x0000016d262f0000)

Polling page: 0x0000016d09eb0000

Metaspace:

Usage:
  Non-class:     71.54 MB used.
      Class:     10.09 MB used.
       Both:     81.63 MB used.

Virtual space:
  Non-class space:      128.00 MB reserved,      71.88 MB ( 56%) committed,  2 nodes.
      Class space:        1.00 GB reserved,      10.38 MB (  1%) committed,  1 nodes.
             Both:        1.12 GB reserved,      82.25 MB (  7%) committed. 

Chunk freelists:
   Non-Class:  7.72 MB
       Class:  5.67 MB
        Both:  13.39 MB

MaxMetaspaceSize: unlimited
CompressedClassSpaceSize: 1.00 GB
Initial GC threshold: 21.00 MB
Current GC threshold: 135.75 MB
CDS: off
MetaspaceReclaimPolicy: balanced
 - commit_granule_bytes: 65536.
 - commit_granule_words: 8192.
 - virtual_space_node_default_size: 8388608.
 - enlarge_chunks_in_place: 1.
 - new_chunks_are_fully_committed: 0.
 - uncommit_free_chunks: 1.
 - use_allocation_guard: 0.
 - handle_deallocations: 1.


Internal statistics:

num_allocs_failed_limit: 9.
num_arena_births: 846.
num_arena_deaths: 0.
num_vsnodes_births: 3.
num_vsnodes_deaths: 0.
num_space_committed: 1316.
num_space_uncommitted: 0.
num_chunks_returned_to_freelist: 9.
num_chunks_taken_from_freelist: 3369.
num_chunk_merges: 6.
num_chunk_splits: 2452.
num_chunks_enlarged: 1942.
num_inconsistent_stats: 0.

CodeHeap 'non-profiled nmethods': size=120000Kb used=4277Kb max_used=4277Kb free=115723Kb
 bounds [0x0000016d15880000, 0x0000016d15cb0000, 0x0000016d1cdb0000]
CodeHeap 'profiled nmethods': size=120000Kb used=12265Kb max_used=12265Kb free=107734Kb
 bounds [0x0000016d0ddb0000, 0x0000016d0e9b0000, 0x0000016d152e0000]
CodeHeap 'non-nmethods': size=5760Kb used=1398Kb max_used=1430Kb free=4361Kb
 bounds [0x0000016d152e0000, 0x0000016d15550000, 0x0000016d15880000]
 total_blobs=6486 nmethods=5750 adapters=648
 compilation: enabled
              stopped_count=0, restarted_count=0
 full_count=0

Compilation events (20 events):
Event: 17.548 Thread 0x0000016d288f00e0 nmethod 6478 0x0000016d0e9a3990 code [0x0000016d0e9a3de0, 0x0000016d0e9a5b78]
Event: 17.548 Thread 0x0000016d288f00e0 6479       1       java.util.logging.LogManager$LoggerWeakRef::setParentRef (6 bytes)
Event: 17.548 Thread 0x0000016d288f00e0 nmethod 6479 0x0000016d15cad110 code [0x0000016d15cad2a0, 0x0000016d15cad3b8]
Event: 17.548 Thread 0x0000016d288f00e0 6480       3       org.apache.jasper.compiler.SmapUtil$SDEInstaller::readU1 (21 bytes)
Event: 17.548 Thread 0x0000016d288f00e0 nmethod 6480 0x0000016d0e9a6610 code [0x0000016d0e9a67a0, 0x0000016d0e9a68f8]
Event: 17.548 Thread 0x0000016d288f00e0 6481       3       org.apache.jasper.compiler.SmapUtil$SDEInstaller::writeU1 (19 bytes)
Event: 17.548 Thread 0x0000016d288f00e0 nmethod 6481 0x0000016d0e9a6a10 code [0x0000016d0e9a6ba0, 0x0000016d0e9a6cf8]
Event: 17.548 Thread 0x0000016d288f00e0 6482       3       org.apache.jasper.compiler.SmapUtil$SDEInstaller::readBytes (38 bytes)
Event: 17.549 Thread 0x0000016d288f00e0 nmethod 6482 0x0000016d0e9a6e10 code [0x0000016d0e9a6fc0, 0x0000016d0e9a7278]
Event: 17.549 Thread 0x0000016d288f00e0 6483       3       org.apache.jasper.compiler.SmapUtil$SDEInstaller::writeBytes (45 bytes)
Event: 17.549 Thread 0x0000016d288f00e0 nmethod 6483 0x0000016d0e9a7390 code [0x0000016d0e9a7540, 0x0000016d0e9a7758]
Event: 17.549 Thread 0x0000016d288f00e0 6484       3       java.nio.charset.Charset::forName (20 bytes)
Event: 17.549 Thread 0x0000016d288f00e0 nmethod 6484 0x0000016d0e9a7890 code [0x0000016d0e9a7a40, 0x0000016d0e9a7c58]
Event: 17.549 Thread 0x0000016d288f00e0 6486       3       org.apache.jasper.compiler.SmapUtil$SDEInstaller::copy (46 bytes)
Event: 17.549 Thread 0x0000016d288f00e0 nmethod 6486 0x0000016d0e9a7d10 code [0x0000016d0e9a7ec0, 0x0000016d0e9a80f8]
Event: 17.549 Thread 0x0000016d288f00e0 6485       3       org.apache.jasper.compiler.SmapUtil$SDEInstaller::writeU2 (18 bytes)
Event: 17.549 Thread 0x0000016d288f00e0 nmethod 6485 0x0000016d0e9a8290 code [0x0000016d0e9a8440, 0x0000016d0e9a85f8]
Event: 17.561 Thread 0x0000016d288f00e0 6487       3       java.lang.ClassLoader::getParent (32 bytes)
Event: 17.562 Thread 0x0000016d288f00e0 nmethod 6487 0x0000016d0e9a8710 code [0x0000016d0e9a8940, 0x0000016d0e9a9358]
Event: 17.563 Thread 0x0000016d288f00e0 6488       3       org.apache.catalina.core.DefaultInstanceManager::findLifecycleCallback (110 bytes)

GC Heap History (20 events):
Event: 6.813 GC heap before
{Heap before GC invocations=11 (full 0):
 garbage-first heap   total 69632K, used 51851K [0x0000000704c00000, 0x0000000800000000)
  region size 2048K, 20 young (40960K), 3 survivors (6144K)
 Metaspace       used 41357K, committed 41856K, reserved 1114112K
  class space    used 4805K, committed 5056K, reserved 1048576K
}
Event: 6.824 GC heap after
{Heap after GC invocations=12 (full 0):
 garbage-first heap   total 69632K, used 19799K [0x0000000704c00000, 0x0000000800000000)
  region size 2048K, 2 young (4096K), 2 survivors (4096K)
 Metaspace       used 41357K, committed 41856K, reserved 1114112K
  class space    used 4805K, committed 5056K, reserved 1048576K
}
Event: 7.799 GC heap before
{Heap before GC invocations=12 (full 0):
 garbage-first heap   total 69632K, used 48471K [0x0000000704c00000, 0x0000000800000000)
  region size 2048K, 16 young (32768K), 2 survivors (4096K)
 Metaspace       used 48251K, committed 48704K, reserved 1114112K
  class space    used 5782K, committed 6016K, reserved 1048576K
}
Event: 7.804 GC heap after
{Heap after GC invocations=13 (full 0):
 garbage-first heap   total 69632K, used 21733K [0x0000000704c00000, 0x0000000800000000)
  region size 2048K, 1 young (2048K), 1 survivors (2048K)
 Metaspace       used 48251K, committed 48704K, reserved 1114112K
  class space    used 5782K, committed 6016K, reserved 1048576K
}
Event: 9.191 GC heap before
{Heap before GC invocations=13 (full 0):
 garbage-first heap   total 69632K, used 50405K [0x0000000704c00000, 0x0000000800000000)
  region size 2048K, 15 young (30720K), 1 survivors (2048K)
 Metaspace       used 56305K, committed 56768K, reserved 1114112K
  class space    used 6769K, committed 6976K, reserved 1048576K
}
Event: 9.196 GC heap after
{Heap after GC invocations=14 (full 0):
 garbage-first heap   total 69632K, used 23792K [0x0000000704c00000, 0x0000000800000000)
  region size 2048K, 2 young (4096K), 2 survivors (4096K)
 Metaspace       used 56305K, committed 56768K, reserved 1114112K
  class space    used 6769K, committed 6976K, reserved 1048576K
}
Event: 9.547 GC heap before
{Heap before GC invocations=14 (full 0):
 garbage-first heap   total 69632K, used 31984K [0x0000000704c00000, 0x0000000800000000)
  region size 2048K, 8 young (16384K), 2 survivors (4096K)
 Metaspace       used 59839K, committed 60288K, reserved 1114112K
  class space    used 7322K, committed 7552K, reserved 1048576K
}
Event: 9.552 GC heap after
{Heap after GC invocations=15 (full 0):
 garbage-first heap   total 69632K, used 24619K [0x0000000704c00000, 0x0000000800000000)
  region size 2048K, 1 young (2048K), 1 survivors (2048K)
 Metaspace       used 59839K, committed 60288K, reserved 1114112K
  class space    used 7322K, committed 7552K, reserved 1048576K
}
Event: 10.386 GC heap before
{Heap before GC invocations=16 (full 0):
 garbage-first heap   total 69632K, used 51243K [0x0000000704c00000, 0x0000000800000000)
  region size 2048K, 14 young (28672K), 1 survivors (2048K)
 Metaspace       used 65014K, committed 65536K, reserved 1114112K
  class space    used 8257K, committed 8512K, reserved 1048576K
}
Event: 10.390 GC heap after
{Heap after GC invocations=17 (full 0):
 garbage-first heap   total 69632K, used 25535K [0x0000000704c00000, 0x0000000800000000)
  region size 2048K, 1 young (2048K), 1 survivors (2048K)
 Metaspace       used 65014K, committed 65536K, reserved 1114112K
  class space    used 8257K, committed 8512K, reserved 1048576K
}
Event: 11.317 GC heap before
{Heap before GC invocations=17 (full 0):
 garbage-first heap   total 69632K, used 52159K [0x0000000704c00000, 0x0000000800000000)
  region size 2048K, 14 young (28672K), 1 survivors (2048K)
 Metaspace       used 69044K, committed 69504K, reserved 1114112K
  class space    used 8763K, committed 8960K, reserved 1048576K
}
Event: 11.326 GC heap after
{Heap after GC invocations=18 (full 0):
 garbage-first heap   total 69632K, used 27409K [0x0000000704c00000, 0x0000000800000000)
  region size 2048K, 2 young (4096K), 2 survivors (4096K)
 Metaspace       used 69044K, committed 69504K, reserved 1114112K
  class space    used 8763K, committed 8960K, reserved 1048576K
}
Event: 11.907 GC heap before
{Heap before GC invocations=18 (full 0):
 garbage-first heap   total 69632K, used 51985K [0x0000000704c00000, 0x0000000800000000)
  region size 2048K, 14 young (28672K), 2 survivors (4096K)
 Metaspace       used 71269K, committed 71872K, reserved 1114112K
  class space    used 9105K, committed 9408K, reserved 1048576K
}
Event: 11.916 GC heap after
{Heap after GC invocations=19 (full 0):
 garbage-first heap   total 69632K, used 29299K [0x0000000704c00000, 0x0000000800000000)
  region size 2048K, 2 young (4096K), 2 survivors (4096K)
 Metaspace       used 71269K, committed 71872K, reserved 1114112K
  class space    used 9105K, committed 9408K, reserved 1048576K
}
Event: 15.912 GC heap before
{Heap before GC invocations=19 (full 0):
 garbage-first heap   total 69632K, used 53875K [0x0000000704c00000, 0x0000000800000000)
  region size 2048K, 14 young (28672K), 2 survivors (4096K)
 Metaspace       used 74394K, committed 74944K, reserved 1114112K
  class space    used 9504K, committed 9728K, reserved 1048576K
}
Event: 15.921 GC heap after
{Heap after GC invocations=20 (full 0):
 garbage-first heap   total 69632K, used 31161K [0x0000000704c00000, 0x0000000800000000)
  region size 2048K, 2 young (4096K), 2 survivors (4096K)
 Metaspace       used 74394K, committed 74944K, reserved 1114112K
  class space    used 9504K, committed 9728K, reserved 1048576K
}
Event: 16.767 GC heap before
{Heap before GC invocations=20 (full 0):
 garbage-first heap   total 69632K, used 51641K [0x0000000704c00000, 0x0000000800000000)
  region size 2048K, 13 young (26624K), 2 survivors (4096K)
 Metaspace       used 78026K, committed 78592K, reserved 1179648K
  class space    used 9862K, committed 10112K, reserved 1048576K
}
Event: 16.775 GC heap after
{Heap after GC invocations=21 (full 0):
 garbage-first heap   total 69632K, used 33497K [0x0000000704c00000, 0x0000000800000000)
  region size 2048K, 2 young (4096K), 2 survivors (4096K)
 Metaspace       used 78026K, committed 78592K, reserved 1179648K
  class space    used 9862K, committed 10112K, reserved 1048576K
}
Event: 17.249 GC heap before
{Heap before GC invocations=21 (full 0):
 garbage-first heap   total 69632K, used 51929K [0x0000000704c00000, 0x0000000800000000)
  region size 2048K, 11 young (22528K), 2 survivors (4096K)
 Metaspace       used 82577K, committed 83136K, reserved 1179648K
  class space    used 10249K, committed 10496K, reserved 1048576K
}
Event: 17.253 GC heap after
{Heap after GC invocations=22 (full 0):
 garbage-first heap   total 69632K, used 34468K [0x0000000704c00000, 0x0000000800000000)
  region size 2048K, 1 young (2048K), 1 survivors (2048K)
 Metaspace       used 82577K, committed 83136K, reserved 1179648K
  class space    used 10249K, committed 10496K, reserved 1048576K
}

Dll operation events (9 events):
Event: 0.016 Loaded shared library C:\Users\JPiccione\.p2\pool\plugins\org.eclipse.justj.openjdk.hotspot.jre.full.win32.x86_64_17.0.8.v20230831-1047\jre\bin\java.dll
Event: 0.232 Loaded shared library C:\Users\JPiccione\.p2\pool\plugins\org.eclipse.justj.openjdk.hotspot.jre.full.win32.x86_64_17.0.8.v20230831-1047\jre\bin\jimage.dll
Event: 0.252 Loaded shared library C:\Users\JPiccione\.p2\pool\plugins\org.eclipse.justj.openjdk.hotspot.jre.full.win32.x86_64_17.0.8.v20230831-1047\jre\bin\net.dll
Event: 0.255 Loaded shared library C:\Users\JPiccione\.p2\pool\plugins\org.eclipse.justj.openjdk.hotspot.jre.full.win32.x86_64_17.0.8.v20230831-1047\jre\bin\nio.dll
Event: 0.261 Loaded shared library C:\Users\JPiccione\.p2\pool\plugins\org.eclipse.justj.openjdk.hotspot.jre.full.win32.x86_64_17.0.8.v20230831-1047\jre\bin\zip.dll
Event: 5.821 Loaded shared library C:\Users\JPiccione\.p2\pool\plugins\org.eclipse.justj.openjdk.hotspot.jre.full.win32.x86_64_17.0.8.v20230831-1047\jre\bin\sunmscapi.dll
Event: 5.862 Loaded shared library C:\Users\JPiccione\.p2\pool\plugins\org.eclipse.justj.openjdk.hotspot.jre.full.win32.x86_64_17.0.8.v20230831-1047\jre\bin\management.dll
Event: 5.866 Loaded shared library C:\Users\JPiccione\.p2\pool\plugins\org.eclipse.justj.openjdk.hotspot.jre.full.win32.x86_64_17.0.8.v20230831-1047\jre\bin\management_ext.dll
Event: 7.256 Loaded shared library C:\Users\JPiccione\.p2\pool\plugins\org.eclipse.justj.openjdk.hotspot.jre.full.win32.x86_64_17.0.8.v20230831-1047\jre\bin\verify.dll

Deoptimization events (20 events):
Event: 17.285 Thread 0x0000016d70f07740 Uncommon trap: trap_request=0xffffff6e fr.pc=0x0000016d15c9a33c relative=0x000000000000049c
Event: 17.285 Thread 0x0000016d70f07740 Uncommon trap: reason=loop_limit_check action=maybe_recompile pc=0x0000016d15c9a33c method=org.eclipse.jdt.internal.compiler.classfmt.ClassFileStruct.utf8At(II)[C @ 143 c2
Event: 17.285 Thread 0x0000016d70f07740 DEOPT PACKING pc=0x0000016d15c9a33c sp=0x000000082b0f9600
Event: 17.285 Thread 0x0000016d70f07740 DEOPT UNPACKING pc=0x0000016d153369a3 sp=0x000000082b0f9598 mode 2
Event: 17.339 Thread 0x0000016d70f07740 Uncommon trap: trap_request=0xffffffcc fr.pc=0x0000016d15c9d424 relative=0x0000000000000284
Event: 17.339 Thread 0x0000016d70f07740 Uncommon trap: reason=intrinsic_or_type_checked_inlining action=make_not_entrant pc=0x0000016d15c9d424 method=java.util.ArrayList.toArray([Ljava/lang/Object;)[Ljava/lang/Object; @ 36 c2
Event: 17.339 Thread 0x0000016d70f07740 DEOPT PACKING pc=0x0000016d15c9d424 sp=0x000000082b0f8cf0
Event: 17.339 Thread 0x0000016d70f07740 DEOPT UNPACKING pc=0x0000016d153369a3 sp=0x000000082b0f8ca0 mode 2
Event: 17.346 Thread 0x0000016d70f07740 Uncommon trap: trap_request=0xffffff45 fr.pc=0x0000016d15ac27cc relative=0x000000000000032c
Event: 17.346 Thread 0x0000016d70f07740 Uncommon trap: reason=unstable_if action=reinterpret pc=0x0000016d15ac27cc method=java.util.HashMap.getNode(Ljava/lang/Object;)Ljava/util/HashMap$Node; @ 66 c2
Event: 17.346 Thread 0x0000016d70f07740 DEOPT PACKING pc=0x0000016d15ac27cc sp=0x000000082b0f89f0
Event: 17.346 Thread 0x0000016d70f07740 DEOPT UNPACKING pc=0x0000016d153369a3 sp=0x000000082b0f8930 mode 2
Event: 17.346 Thread 0x0000016d70f07740 Uncommon trap: trap_request=0xffffff45 fr.pc=0x0000016d159813e0 relative=0x0000000000000340
Event: 17.346 Thread 0x0000016d70f07740 Uncommon trap: reason=unstable_if action=reinterpret pc=0x0000016d159813e0 method=java.util.HashMap.getNode(Ljava/lang/Object;)Ljava/util/HashMap$Node; @ 66 c2
Event: 17.346 Thread 0x0000016d70f07740 DEOPT PACKING pc=0x0000016d159813e0 sp=0x000000082b0f89c0
Event: 17.346 Thread 0x0000016d70f07740 DEOPT UNPACKING pc=0x0000016d153369a3 sp=0x000000082b0f8960 mode 2
Event: 17.554 Thread 0x0000016d70f07740 Uncommon trap: trap_request=0xffffffde fr.pc=0x0000016d158f7f54 relative=0x0000000000001354
Event: 17.554 Thread 0x0000016d70f07740 Uncommon trap: reason=class_check action=maybe_recompile pc=0x0000016d158f7f54 method=jdk.internal.loader.URLClassPath.getLoader(I)Ljdk/internal/loader/URLClassPath$Loader; @ 88 c2
Event: 17.554 Thread 0x0000016d70f07740 DEOPT PACKING pc=0x0000016d158f7f54 sp=0x000000082b0f9c60
Event: 17.554 Thread 0x0000016d70f07740 DEOPT UNPACKING pc=0x0000016d153369a3 sp=0x000000082b0f9ca0 mode 2

Classes unloaded (0 events):
No events

Classes redefined (0 events):
No events

Internal exceptions (20 events):
Event: 12.016 Thread 0x0000016d0a744c20 Exception <a 'sun/nio/fs/WindowsException'{0x000000070b2adb38}> (0x000000070b2adb38) 
thrown [s\src\hotspot\share\prims\jni.cpp, line 516]
Event: 12.084 Thread 0x0000016d0a744c20 Exception <a 'java/lang/IncompatibleClassChangeError'{0x000000070ae019c8}: Found class java.lang.Object, but interface was expected> (0x000000070ae019c8) 
thrown [s\src\hotspot\share\interpreter\linkResolver.cpp, line 826]
Event: 12.179 Thread 0x0000016d0a744c20 Exception <a 'java/lang/NoSuchMethodError'{0x000000070869c458}: 'void java.lang.invoke.DirectMethodHandle$Holder.invokeVirtual(java.lang.Object, java.lang.Object, long)'> (0x000000070869c458) 
thrown [s\src\hotspot\share\interpreter\linkResolver.cpp, line 759]
Event: 12.413 Thread 0x0000016d0a744c20 Exception <a 'java/lang/NoSuchMethodError'{0x0000000707f5ce98}: 'java.lang.Object java.lang.invoke.DirectMethodHandle$Holder.newInvokeSpecial(java.lang.Object, java.lang.Object, int, java.lang.Object, java.lang.Object)'> (0x0000000707f5ce98) 
thrown [s\src\hotspot\share\interpreter\linkResolver.cpp, line 759]
Event: 12.414 Thread 0x0000016d0a744c20 Exception <a 'java/lang/NoSuchMethodError'{0x0000000707f688e8}: 'java.lang.Object java.lang.invoke.DirectMethodHandle$Holder.invokeSpecial(java.lang.Object, java.lang.Object, int, java.lang.Object, int, java.lang.Object)'> (0x0000000707f688e8) 
thrown [s\src\hotspot\share\interpreter\linkResolver.cpp, line 759]
Event: 12.415 Thread 0x0000016d0a744c20 Exception <a 'java/lang/NoSuchMethodError'{0x0000000707f706f0}: 'java.lang.Object java.lang.invoke.DirectMethodHandle$Holder.newInvokeSpecial(java.lang.Object, java.lang.Object, int, java.lang.Object, int)'> (0x0000000707f706f0) 
thrown [s\src\hotspot\share\interpreter\linkResolver.cpp, line 759]
Event: 12.415 Thread 0x0000016d0a744c20 Exception <a 'java/lang/NoSuchMethodError'{0x0000000707f747f0}: 'java.lang.Object java.lang.invoke.DirectMethodHandle$Holder.invokeSpecial(java.lang.Object, java.lang.Object, java.lang.Object, int, java.lang.Object, int)'> (0x0000000707f747f0) 
thrown [s\src\hotspot\share\interpreter\linkResolver.cpp, line 759]
Event: 15.853 Thread 0x0000016d70f06810 Exception <a 'java/lang/NoSuchMethodError'{0x00000007078afc80}: 'java.lang.Object java.lang.invoke.DirectMethodHandle$Holder.invokeSpecial(java.lang.Object, java.lang.Object, java.lang.Object, java.lang.Object, java.lang.Object, long)'> (0x00000007078afc80) 
thrown [s\src\hotspot\share\interpreter\linkResolver.cpp, line 759]
Event: 15.854 Thread 0x0000016d70f06810 Exception <a 'java/lang/NoSuchMethodError'{0x00000007078b36c0}: 'java.lang.Object java.lang.invoke.Invokers$Holder.linkToTargetMethod(java.lang.Object, java.lang.Object, java.lang.Object, long, java.lang.Object)'> (0x00000007078b36c0) 
thrown [s\src\hotspot\share\interpreter\linkResolver.cpp, line 759]
Event: 15.910 Thread 0x0000016d70f06810 Exception <a 'java/lang/NoSuchMethodError'{0x00000007079e7b08}: getSession> (0x00000007079e7b08) 
thrown [s\src\hotspot\share\prims\jni.cpp, line 1073]
Event: 16.431 Thread 0x0000016d70f07740 Implicit null exception at 0x0000016d158bcdd7 to 0x0000016d158bd3c4
Event: 16.431 Thread 0x0000016d70f07740 Implicit null exception at 0x0000016d158db457 to 0x0000016d158dba18
Event: 16.589 Thread 0x0000016d70f07740 Exception <a 'java/lang/ClassNotFoundException'{0x000000070809ae18}: org/apache/taglibs/standard/tag/rt/core/IfTagBeanInfo> (0x000000070809ae18) 
thrown [s\src\hotspot\share\classfile\systemDictionary.cpp, line 256]
Event: 16.591 Thread 0x0000016d70f07740 Exception <a 'java/lang/ClassNotFoundException'{0x00000007080a3350}: jakarta/servlet/jsp/jstl/core/ConditionalTagSupportBeanInfo> (0x00000007080a3350) 
thrown [s\src\hotspot\share\classfile\systemDictionary.cpp, line 256]
Event: 16.593 Thread 0x0000016d70f07740 Exception <a 'java/lang/ClassNotFoundException'{0x00000007080ab118}: jakarta/servlet/jsp/tagext/TagSupportBeanInfo> (0x00000007080ab118) 
thrown [s\src\hotspot\share\classfile\systemDictionary.cpp, line 256]
Event: 16.595 Thread 0x0000016d70f07740 Exception <a 'java/lang/ClassNotFoundException'{0x00000007080afd90}: java/lang/ObjectBeanInfo> (0x00000007080afd90) 
thrown [s\src\hotspot\share\classfile\systemDictionary.cpp, line 256]
Event: 16.597 Thread 0x0000016d70f07740 Exception <a 'java/lang/ClassNotFoundException'{0x00000007080c3498}: java/lang/ObjectCustomizer> (0x00000007080c3498) 
thrown [s\src\hotspot\share\classfile\systemDictionary.cpp, line 256]
Event: 16.607 Thread 0x0000016d70f07740 Exception <a 'java/lang/ClassNotFoundException'{0x00000007080d2cb8}: jakarta/servlet/jsp/tagext/TagSupportCustomizer> (0x00000007080d2cb8) 
thrown [s\src\hotspot\share\classfile\systemDictionary.cpp, line 256]
Event: 16.612 Thread 0x0000016d70f07740 Exception <a 'java/lang/ClassNotFoundException'{0x00000007080ea708}: jakarta/servlet/jsp/jstl/core/ConditionalTagSupportCustomizer> (0x00000007080ea708) 
thrown [s\src\hotspot\share\classfile\systemDictionary.cpp, line 256]
Event: 16.614 Thread 0x0000016d70f07740 Exception <a 'java/lang/ClassNotFoundException'{0x00000007080f8810}: org/apache/taglibs/standard/tag/rt/core/IfTagCustomizer> (0x00000007080f8810) 
thrown [s\src\hotspot\share\classfile\systemDictionary.cpp, line 256]

VM Operations (20 events):
Event: 16.381 Executing VM operation: HandshakeAllThreads
Event: 16.381 Executing VM operation: HandshakeAllThreads done
Event: 16.551 Executing VM operation: HandshakeAllThreads
Event: 16.551 Executing VM operation: HandshakeAllThreads done
Event: 16.767 Executing VM operation: G1CollectForAllocation
Event: 16.777 Executing VM operation: G1CollectForAllocation done
Event: 17.249 Executing VM operation: G1CollectForAllocation
Event: 17.253 Executing VM operation: G1CollectForAllocation done
Event: 17.313 Executing VM operation: G1PauseRemark
Event: 17.317 Executing VM operation: G1PauseRemark done
Event: 17.350 Executing VM operation: G1PauseCleanup
Event: 17.350 Executing VM operation: G1PauseCleanup done
Event: 17.559 Executing VM operation: ChangeBreakpoints
Event: 17.560 Executing VM operation: ChangeBreakpoints done
Event: 17.560 Executing VM operation: ChangeBreakpoints
Event: 17.561 Executing VM operation: ChangeBreakpoints done
Event: 17.563 Executing VM operation: get/set locals
Event: 17.564 Executing VM operation: get/set locals done
Event: 17.564 Executing VM operation: get/set locals
Event: 17.564 Executing VM operation: get/set locals done

Events (20 events):
Event: 16.635 loading class java/io/FileOutputStream$1 done
Event: 16.694 loading class sun/util/ResourceBundleEnumeration
Event: 16.694 loading class sun/util/ResourceBundleEnumeration done
Event: 16.944 loading class java/io/FileWriter
Event: 16.944 loading class java/io/FileWriter done
Event: 16.962 Thread 0x0000016d703535a0 Thread exited: 0x0000016d703535a0
Event: 17.110 loading class java/lang/NegativeArraySizeException
Event: 17.110 loading class java/lang/NegativeArraySizeException done
Event: 17.131 loading class java/net/URLClassLoader$2
Event: 17.131 loading class java/net/URLClassLoader$2 done
Event: 17.214 loading class sun/net/www/protocol/jrt/JavaRuntimeURLConnection
Event: 17.214 loading class sun/net/www/protocol/jrt/JavaRuntimeURLConnection done
Event: 17.214 loading class sun/net/www/protocol/jrt/JavaRuntimeURLConnection$1
Event: 17.214 loading class sun/net/www/protocol/jrt/JavaRuntimeURLConnection$1 done
Event: 17.224 loading class java/text/MessageFormat$Field
Event: 17.224 loading class java/text/MessageFormat$Field done
Event: 17.543 loading class java/util/Hashtable$ValueCollection
Event: 17.543 loading class java/util/Hashtable$ValueCollection done
Event: 17.552 loading class java/net/URLClassLoader$1
Event: 17.553 loading class java/net/URLClassLoader$1 done


Dynamic libraries:
0x00007ff798ce0000 - 0x00007ff798cee000 	C:\Users\JPiccione\.p2\pool\plugins\org.eclipse.justj.openjdk.hotspot.jre.full.win32.x86_64_17.0.8.v20230831-1047\jre\bin\javaw.exe
0x0000016d083e0000 - 0x0000016d085d7000 	C:\windows\SYSTEM32\ntd1l.dll
0x0000016d085e0000 - 0x0000016d0869d000 	C:\windows\System32\kern3l32.dll
0x00007ffd84d90000 - 0x00007ffd84f87000 	C:\windows\SYSTEM32\ntdll.dll
0x00007ffd84be0000 - 0x00007ffd84c9d000 	C:\windows\System32\KERNEL32.DLL
0x00007ffd82630000 - 0x00007ffd82926000 	C:\windows\System32\KERNELBASE.dll
0x00007ffd81ee0000 - 0x00007ffd821f3000 	C:\Program Files\SentinelOne\Sentinel Agent 23.1.4.650\InProcessClient64.dll
0x00007ffd83ab0000 - 0x00007ffd83b5e000 	C:\windows\System32\ADVAPI32.dll
0x00007ffd843a0000 - 0x00007ffd8443e000 	C:\windows\System32\msvcrt.dll
0x00007ffd82df0000 - 0x00007ffd82e8c000 	C:\windows\System32\sechost.dll
0x00007ffd83130000 - 0x00007ffd83256000 	C:\windows\System32\RPCRT4.dll
0x00007ffd82a60000 - 0x00007ffd82b60000 	C:\windows\System32\ucrtbase.dll
0x00007ffd74b00000 - 0x00007ffd74b19000 	C:\Users\JPiccione\.p2\pool\plugins\org.eclipse.justj.openjdk.hotspot.jre.full.win32.x86_64_17.0.8.v20230831-1047\jre\bin\VCRUNTIME140.dll
0x00007ffd635f0000 - 0x00007ffd63607000 	C:\Users\JPiccione\.p2\pool\plugins\org.eclipse.justj.openjdk.hotspot.jre.full.win32.x86_64_17.0.8.v20230831-1047\jre\bin\jli.dll
0x00007ffd84770000 - 0x00007ffd8490e000 	C:\windows\System32\USER32.dll
0x00007ffd57d80000 - 0x00007ffd5801a000 	C:\windows\WinSxS\amd64_microsoft.windows.common-controls_6595b64144ccf1df_6.0.19041.3570_none_60bb2a3971f3e41a\COMCTL32.dll
0x00007ffd82600000 - 0x00007ffd82622000 	C:\windows\System32\win32u.dll
0x00007ffd83b60000 - 0x00007ffd83b8c000 	C:\windows\System32\GDI32.dll
0x00007ffd824e0000 - 0x00007ffd825fa000 	C:\windows\System32\gdi32full.dll
0x00007ffd82930000 - 0x00007ffd829cd000 	C:\windows\System32\msvcp_win.dll
0x00007ffd81ed0000 - 0x00007ffd81eda000 	C:\windows\SYSTEM32\VERSION.dll
0x00007ffd81ec0000 - 0x00007ffd81ecb000 	C:\windows\SYSTEM32\FLTLIB.DLL
0x00007ffd830a0000 - 0x00007ffd830d0000 	C:\windows\System32\IMM32.DLL
0x00007ffd7a140000 - 0x00007ffd7a14c000 	C:\Users\JPiccione\.p2\pool\plugins\org.eclipse.justj.openjdk.hotspot.jre.full.win32.x86_64_17.0.8.v20230831-1047\jre\bin\vcruntime140_1.dll
0x00007ffd572c0000 - 0x00007ffd57351000 	C:\Users\JPiccione\.p2\pool\plugins\org.eclipse.justj.openjdk.hotspot.jre.full.win32.x86_64_17.0.8.v20230831-1047\jre\bin\msvcp140.dll
0x00007ffd16550000 - 0x00007ffd1719c000 	C:\Users\JPiccione\.p2\pool\plugins\org.eclipse.justj.openjdk.hotspot.jre.full.win32.x86_64_17.0.8.v20230831-1047\jre\bin\server\jvm.dll
0x00007ffd81690000 - 0x00007ffd816db000 	C:\windows\SYSTEM32\POWRPROF.dll
0x00007ffd78b90000 - 0x00007ffd78b99000 	C:\windows\SYSTEM32\WSOCK32.dll
0x00007ffd844d0000 - 0x00007ffd8453b000 	C:\windows\System32\WS2_32.dll
0x00007ffd67830000 - 0x00007ffd67857000 	C:\windows\SYSTEM32\WINMM.dll
0x00007ffd81550000 - 0x00007ffd81562000 	C:\windows\SYSTEM32\UMPDC.dll
0x00007ffd7fd70000 - 0x00007ffd7fd82000 	C:\windows\SYSTEM32\kernel.appcore.dll
0x00007ffd7a900000 - 0x00007ffd7a90a000 	C:\Users\JPiccione\.p2\pool\plugins\org.eclipse.justj.openjdk.hotspot.jre.full.win32.x86_64_17.0.8.v20230831-1047\jre\bin\jimage.dll
0x00007ffd78610000 - 0x00007ffd787f4000 	C:\windows\SYSTEM32\DBGHELP.DLL
0x00007ffd782a0000 - 0x00007ffd782d4000 	C:\windows\SYSTEM32\dbgcore.DLL
0x00007ffd829d0000 - 0x00007ffd82a52000 	C:\windows\System32\bcryptPrimitives.dll
0x00007ffd5b3c0000 - 0x00007ffd5b43b000 	C:\Program Files\SentinelOne\Sentinel Agent 23.1.4.650\SentinelJava64.dll
0x00007ffd84910000 - 0x00007ffd84a3b000 	C:\windows\System32\ole32.dll
0x00007ffd832e0000 - 0x00007ffd83634000 	C:\windows\System32\combase.dll
0x00007ffd78a40000 - 0x00007ffd78a65000 	C:\Users\JPiccione\.p2\pool\plugins\org.eclipse.justj.openjdk.hotspot.jre.full.win32.x86_64_17.0.8.v20230831-1047\jre\bin\java.dll
0x00007ffd79690000 - 0x00007ffd796a8000 	C:\Users\JPiccione\.p2\pool\plugins\org.eclipse.justj.openjdk.hotspot.jre.full.win32.x86_64_17.0.8.v20230831-1047\jre\bin\zip.dll
0x00007ffd83c50000 - 0x00007ffd84394000 	C:\windows\System32\SHELL32.dll
0x00007ffd7fee0000 - 0x00007ffd8067b000 	C:\windows\SYSTEM32\windows.storage.dll
0x00007ffd81b70000 - 0x00007ffd81b9d000 	C:\windows\SYSTEM32\Wldp.dll
0x00007ffd83ba0000 - 0x00007ffd83c4d000 	C:\windows\System32\SHCORE.dll
0x00007ffd82e90000 - 0x00007ffd82ee5000 	C:\windows\System32\shlwapi.dll
0x00007ffd823a0000 - 0x00007ffd823c5000 	C:\windows\SYSTEM32\profapi.dll
0x00007ffd74aa0000 - 0x00007ffd74ab9000 	C:\Users\JPiccione\.p2\pool\plugins\org.eclipse.justj.openjdk.hotspot.jre.full.win32.x86_64_17.0.8.v20230831-1047\jre\bin\net.dll
0x00007ffd810f0000 - 0x00007ffd811fa000 	C:\windows\SYSTEM32\WINHTTP.dll
0x00007ffd818d0000 - 0x00007ffd8193a000 	C:\windows\system32\mswsock.dll
0x00007ffd60e20000 - 0x00007ffd60e35000 	C:\Users\JPiccione\.p2\pool\plugins\org.eclipse.justj.openjdk.hotspot.jre.full.win32.x86_64_17.0.8.v20230831-1047\jre\bin\nio.dll
0x00007ffd81ac0000 - 0x00007ffd81ad8000 	C:\windows\SYSTEM32\CRYPTSP.dll
0x00007ffd81060000 - 0x00007ffd81094000 	C:\windows\system32\rsaenh.dll
0x00007ffd82bb0000 - 0x00007ffd82bd7000 	C:\windows\System32\bcrypt.dll
0x00007ffd82360000 - 0x00007ffd8238e000 	C:\windows\SYSTEM32\USERENV.dll
0x00007ffd81ae0000 - 0x00007ffd81aec000 	C:\windows\SYSTEM32\CRYPTBASE.dll
0x00007ffd81570000 - 0x00007ffd815ab000 	C:\windows\SYSTEM32\IPHLPAPI.DLL
0x00007ffd84a50000 - 0x00007ffd84a58000 	C:\windows\System32\NSI.dll
0x00007ffd7bbd0000 - 0x00007ffd7bbe7000 	C:\windows\SYSTEM32\dhcpcsvc6.DLL
0x00007ffd7ba80000 - 0x00007ffd7ba9d000 	C:\windows\SYSTEM32\dhcpcsvc.DLL
0x00007ffd815c0000 - 0x00007ffd8168a000 	C:\windows\SYSTEM32\DNSAPI.dll
0x00007ffd75ae0000 - 0x00007ffd75aee000 	C:\Users\JPiccione\.p2\pool\plugins\org.eclipse.justj.openjdk.hotspot.jre.full.win32.x86_64_17.0.8.v20230831-1047\jre\bin\sunmscapi.dll
0x00007ffd82be0000 - 0x00007ffd82d3d000 	C:\windows\System32\CRYPT32.dll
0x00007ffd81be0000 - 0x00007ffd81c07000 	C:\windows\SYSTEM32\ncrypt.dll
0x00007ffd81ba0000 - 0x00007ffd81bdb000 	C:\windows\SYSTEM32\NTASN1.dll
0x00007ffd7a030000 - 0x00007ffd7a039000 	C:\Users\JPiccione\.p2\pool\plugins\org.eclipse.justj.openjdk.hotspot.jre.full.win32.x86_64_17.0.8.v20230831-1047\jre\bin\management.dll
0x00007ffd79c30000 - 0x00007ffd79c3b000 	C:\Users\JPiccione\.p2\pool\plugins\org.eclipse.justj.openjdk.hotspot.jre.full.win32.x86_64_17.0.8.v20230831-1047\jre\bin\management_ext.dll
0x00007ffd84a40000 - 0x00007ffd84a48000 	C:\windows\System32\PSAPI.DLL
0x00007ffd75e80000 - 0x00007ffd75e90000 	C:\Users\JPiccione\.p2\pool\plugins\org.eclipse.justj.openjdk.hotspot.jre.full.win32.x86_64_17.0.8.v20230831-1047\jre\bin\verify.dll
0x00007ffd78150000 - 0x00007ffd7815a000 	C:\Windows\System32\rasadhlp.dll
0x00007ffd7ca40000 - 0x00007ffd7cac2000 	C:\windows\System32\fwpuclnt.dll
0x00007ffd75540000 - 0x00007ffd75557000 	C:\windows\system32\napinsp.dll
0x00007ffd75480000 - 0x00007ffd7549b000 	C:\windows\system32\pnrpnsp.dll
0x00007ffd7d700000 - 0x00007ffd7d715000 	C:\windows\system32\wshbth.dll
0x00007ffd7a400000 - 0x00007ffd7a41d000 	C:\windows\system32\NLAapi.dll
0x00007ffd74ea0000 - 0x00007ffd74eb2000 	C:\windows\System32\winrnr.dll
0x00007ffd7a500000 - 0x00007ffd7a507000 	C:\windows\system32\wshunix.dll

dbghelp: loaded successfully - version: 4.0.5 - missing functions: none
symbol engine: initialized successfully - sym options: 0x614 - pdb path: .;C:\Users\JPiccione\.p2\pool\plugins\org.eclipse.justj.openjdk.hotspot.jre.full.win32.x86_64_17.0.8.v20230831-1047\jre\bin;C:\windows\SYSTEM32;C:\Program Files\SentinelOne\Sentinel Agent 23.1.4.650;C:\windows\WinSxS\amd64_microsoft.windows.common-controls_6595b64144ccf1df_6.0.19041.3570_none_60bb2a3971f3e41a;C:\Users\JPiccione\.p2\pool\plugins\org.eclipse.justj.openjdk.hotspot.jre.full.win32.x86_64_17.0.8.v20230831-1047\jre\bin\server

VM Arguments:
jvm_args: -Dfile.encoding=UTF-8 -XX:+ShowCodeDetailsInExceptionMessages -agentpath:C:\Program Files\SentinelOne\Sentinel Agent 23.1.4.650\SentinelJava64.dll 
java_command: com.spencer.ItemApp.ItemAppApplication
java_class_path (initial): C:\Users\JPiccione\OneDrive - Spencer Gifts LLC\Documents\ItemApp\target\classes;C:\Users\JPiccione\.m2\repository\org\springframework\boot\spring-boot-starter-data-jpa\3.1.4\spring-boot-starter-data-jpa-3.1.4.jar;C:\Users\JPiccione\.m2\repository\org\springframework\boot\spring-boot-starter-aop\3.1.4\spring-boot-starter-aop-3.1.4.jar;C:\Users\JPiccione\.m2\repository\org\aspectj\aspectjweaver\1.9.20\aspectjweaver-1.9.20.jar;C:\Users\JPiccione\.m2\repository\org\springframework\boot\spring-boot-starter-jdbc\3.1.4\spring-boot-starter-jdbc-3.1.4.jar;C:\Users\JPiccione\.m2\repository\com\zaxxer\HikariCP\5.0.1\HikariCP-5.0.1.jar;C:\Users\JPiccione\.m2\repository\org\springframework\spring-jdbc\6.0.12\spring-jdbc-6.0.12.jar;C:\Users\JPiccione\.m2\repository\org\hibernate\orm\hibernate-core\6.2.9.Final\hibernate-core-6.2.9.Final.jar;C:\Users\JPiccione\.m2\repository\jakarta\persistence\jakarta.persistence-api\3.1.0\jakarta.persistence-api-3.1.0.jar;C:\Users\JPiccione\.m2\repository\jakarta\transaction\jakarta.transaction-api\2.0.1\jakarta.transaction-api-2.0.1.jar;C:\Users\JPiccione\.m2\repository\org\jboss\logging\jboss-logging\3.5.3.Final\jboss-logging-3.5.3.Final.jar;C:\Users\JPiccione\.m2\repository\org\hibernate\common\hibernate-commons-annotations\6.0.6.Final\hibernate-commons-annotations-6.0.6.Final.jar;C:\Users\JPiccione\.m2\repository\io\smallrye\jandex\3.0.5\jandex-3.0.5.jar;C:\Users\JPiccione\.m2\repository\com\fasterxml\classmate\1.5.1\classmate-1.5.1.jar;C:\Users\JPiccione\.m2\repository\net\bytebuddy\byte-buddy\1.14.8\byte-buddy-1.14.8.jar;C:\Users\JPiccione\.m2\repository\org\glassfish\jaxb\jaxb-runtime\4.0.3\jaxb-runtime-4.0.3.jar;C:\Users\JPiccione\.m2\repository\org\glassfish\jaxb\jaxb-core\4.0.3\jaxb-core-4.0.3.jar;C:\Users\JPiccione\.m2\repository\org\eclipse\angus\angus-activation\2.0.1\angus-activation-2.0.1.jar;C:\Users\JPiccione\.m2\repository\org\glassfish\jaxb\txw2\4.0.3\txw2-4.0.3.jar;C:\Users\JPiccione\.m2\repositor
Launcher Type: SUN_STANDARD

[Global flags]
     intx CICompilerCount                          = 3                                         {product} {ergonomic}
     uint ConcGCThreads                            = 1                                         {product} {ergonomic}
     uint G1ConcRefinementThreads                  = 4                                         {product} {ergonomic}
   size_t G1HeapRegionSize                         = 2097152                                   {product} {ergonomic}
    uintx GCDrainStackTargetSize                   = 64                                        {product} {ergonomic}
   size_t InitialHeapSize                          = 264241152                                 {product} {ergonomic}
   size_t MarkStackSize                            = 4194304                                   {product} {ergonomic}
   size_t MaxHeapSize                              = 4215275520                                {product} {ergonomic}
   size_t MaxNewSize                               = 2529165312                                {product} {ergonomic}
   size_t MinHeapDeltaBytes                        = 2097152                                   {product} {ergonomic}
   size_t MinHeapSize                              = 8388608                                   {product} {ergonomic}
    uintx NonNMethodCodeHeapSize                   = 5832780                                {pd product} {ergonomic}
    uintx NonProfiledCodeHeapSize                  = 122912730                              {pd product} {ergonomic}
    uintx ProfiledCodeHeapSize                     = 122912730                              {pd product} {ergonomic}
    uintx ReservedCodeCacheSize                    = 251658240                              {pd product} {ergonomic}
     bool SegmentedCodeCache                       = true                                      {product} {ergonomic}
     bool ShowCodeDetailsInExceptionMessages       = true                                   {manageable} {command line}
   size_t SoftMaxHeapSize                          = 4215275520                             {manageable} {ergonomic}
     bool UseCompressedClassPointers               = true                           {product lp64_product} {ergonomic}
     bool UseCompressedOops                        = true                           {product lp64_product} {ergonomic}
     bool UseG1GC                                  = true                                      {product} {ergonomic}
     bool UseLargePagesIndividualAllocation        = false                                  {pd product} {ergonomic}

Logging:
Log output configuration:
 #0: stdout all=warning uptime,level,tags
 #1: stderr all=off uptime,level,tags

Environment Variables:
PATH=C:/Users/JPiccione/.p2/pool/plugins/org.eclipse.justj.openjdk.hotspot.jre.full.win32.x86_64_17.0.8.v20230831-1047/jre/bin/server;C:/Users/JPiccione/.p2/pool/plugins/org.eclipse.justj.openjdk.hotspot.jre.full.win32.x86_64_17.0.8.v20230831-1047/jre/bin;C:\Program Files\Common Files\Oracle\Java\javapath;C:\Program Files (x86)\Common Files\Oracle\Java\javapath;C:\Program Files\Microsoft\jdk-11.0.16.101-hotspot\bin;C:\Program Files (x86)\Business Objects\Common\3.5\bin\NOTES\;C:\Program Files (x86)\Business Objects\Common\3.5\bin\NOTES\DATA\;C:\windows\system32;C:\windows;C:\windows\System32\Wbem;C:\windows\System32\WindowsPowerShell\v1.0\;C:\windows\System32\OpenSSH\;C:\Program Files (x86)\IBM\Client Access\Emulator;C:\Program Files (x86)\IBM\Client Access\Shared;C:\Program Files (x86)\IBM\Client Access\;C:\Program Files (x86)\HEAT\;C:\Program Files (x86)\Microsoft SQL Server\160\DTS\Binn\;C:\Program Files\Azure Data Studio\bin;C:\Program Files\PuTTY\;C:\Program Files\Git\cmd;C:\Program Files\Microsoft SQL Server\150\Tools\Binn\;C:\Program Files\Microsoft SQL Server\Client SDK\ODBC\170\Tools\Binn\;C:\Program Files\dotnet\;C:\Program Files (x86)\Windows Kits\10\Windows Performance Toolkit\;c:\Program Files (x86)\Microsoft SQL Server\110\Tools\Binn\;c:\Program Files\Microsoft SQL Server\110\Tools\Binn\;c:\Program Files\Microsoft SQL Server\110\DTS\Binn\;C:\Program Files (x86)\Microsoft SQL Server\150\Tools\Binn\;C:\Program Files\Microsoft SQL Server\150\DTS\Binn\;C:\Users\JPiccione\AppData\Local\Microsoft\WindowsApps;C:\Program Files\Azure Data Studio\bin;C:\Users\JPiccione\.dotnet\tools;C:\Users\JPiccione\AppData\Local\Programs\Azure Data Studio\bin;C:\Program Files\JetBrains\IntelliJ IDEA 2023.2\bin;;C:\Users\JPiccione\AppData\Local\GitHubDesktop\bin;C:\Users\JPiccione\OneDrive - Spencer Gifts LLC\Desktop;
USERNAME=JPiccione
OS=Windows_NT
PROCESSOR_IDENTIFIER=Intel64 Family 6 Model 61 Stepping 4, GenuineIntel
TMP=C:\Users\JPICCI~1\AppData\Local\Temp
TEMP=C:\Users\JPICCI~1\AppData\Local\Temp



---------------  S Y S T E M  ---------------

OS:
 Windows 10 , 64 bit Build 19041 (10.0.19041.3570)
OS uptime: 0 days 23:13 hours

CPU: total 4 (initial active 4) (2 cores per cpu, 2 threads per core) family 6 model 61 stepping 4 microcode 0x2d, cx8, cmov, fxsr, ht, mmx, 3dnowpref, sse, sse2, sse3, ssse3, sse4.1, sse4.2, popcnt, lzcnt, tsc, tscinvbit, avx, avx2, aes, erms, clmul, bmi1, bmi2, rtm, adx, fma, vzeroupper, clflush
Processor Information for all 4 processors :
  Max Mhz: 2594, Current Mhz: 2594, Mhz Limit: 2594

Memory: 4k page, system-wide physical 16079M (6409M free)
TotalPageFile size 18511M (AvailPageFile size 6676M)
current process WorkingSet (physical memory assigned to process): 288M, peak: 372M
current process commit charge ("private bytes"): 303M, peak: 388M

vm_info: OpenJDK 64-Bit Server VM (17.0.8.1+1) for windows-amd64 JRE (17.0.8.1+1), built on Aug 23 2023 15:29:17 by "admin" with MS VC++ 16.7 (VS2019)

END.
