#
# A fatal error has been detected by the Java Runtime Environment:
#
#  EXCEPTION_ACCESS_VIOLATION (0xc0000005) at pc=0x00007fff4258e8a3, pid=16776, tid=13088
#
# JRE version: OpenJDK Runtime Environment Temurin-17.0.8.1+1 (17.0.8.1+1) (build 17.0.8.1+1)
# Java VM: OpenJDK 64-Bit Server VM Temurin-17.0.8.1+1 (17.0.8.1+1, mixed mode, tiered, compressed oops, compressed class ptrs, g1 gc, windows-amd64)
# Problematic frame:
# V  [jvm.dll+0x53e8a3]
#
# No core dump will be written. Minidumps are not enabled by default on client versions of Windows
#
# If you would like to submit a bug report, please visit:
#   https://github.com/adoptium/adoptium-support/issues
#

---------------  S U M M A R Y ------------

Command Line: -Dfile.encoding=UTF-8 -XX:+ShowCodeDetailsInExceptionMessages -agentpath:C:\Program Files\SentinelOne\Sentinel Agent 23.1.4.650\SentinelJava64.dll com.spencer.ItemApp.ItemAppApplication

Host: Intel(R) Core(TM) i7-5600U CPU @ 2.60GHz, 4 cores, 15G,  Windows 10 , 64 bit Build 19041 (10.0.19041.3393)
Time: Thu Oct 12 14:06:38 2023 Eastern Daylight Time elapsed time: 53.853138 seconds (0d 0h 0m 53s)

---------------  T H R E A D  ---------------

Current thread (0x000001f9d6b08210):  JavaThread "http-nio-8080-exec-2" daemon [_thread_in_vm, id=13088, stack(0x0000000309b00000,0x0000000309c00000)]

Stack: [0x0000000309b00000,0x0000000309c00000],  sp=0x0000000309bf9068,  free space=996k
Native frames: (J=compiled Java code, j=interpreted, Vv=VM code, C=native code)
V  [jvm.dll+0x53e8a3]

Java frames: (J=compiled Java code, j=interpreted, Vv=VM code)
j  org.springframework.security.web.servletapi.HttpServlet3RequestFactory$Servlet3SecurityContextHolderAwareRequestWrapper.isAuthenticated()Z+1
j  org.springframework.security.web.servletapi.HttpServlet3RequestFactory$Servlet3SecurityContextHolderAwareRequestWrapper.login(Ljava/lang/String;Ljava/lang/String;)V+1
v  ~StubRoutines::call_stub
j  org.apache.jasper.runtime.HttpJspBase.service(Ljakarta/servlet/http/HttpServletRequest;Ljakarta/servlet/http/HttpServletResponse;)V+0
j  jakarta.servlet.http.HttpServlet.service(Ljakarta/servlet/ServletRequest;Ljakarta/servlet/ServletResponse;)V+36
j  org.apache.jasper.servlet.JspServletWrapper.service(Ljakarta/servlet/http/HttpServletRequest;Ljakarta/servlet/http/HttpServletResponse;Z)V+372
j  org.apache.jasper.servlet.JspServlet.serviceJspFile(Ljakarta/servlet/http/HttpServletRequest;Ljakarta/servlet/http/HttpServletResponse;Ljava/lang/String;Z)V+112
j  org.apache.jasper.servlet.JspServlet.service(Ljakarta/servlet/http/HttpServletRequest;Ljakarta/servlet/http/HttpServletResponse;)V+228
j  jakarta.servlet.http.HttpServlet.service(Ljakarta/servlet/ServletRequest;Ljakarta/servlet/ServletResponse;)V+36
j  org.apache.catalina.core.ApplicationFilterChain.internalDoFilter(Ljakarta/servlet/ServletRequest;Ljakarta/servlet/ServletResponse;)V+305
j  org.apache.catalina.core.ApplicationFilterChain.doFilter(Ljakarta/servlet/ServletRequest;Ljakarta/servlet/ServletResponse;)V+99
j  org.apache.tomcat.websocket.server.WsFilter.doFilter(Ljakarta/servlet/ServletRequest;Ljakarta/servlet/ServletResponse;Ljakarta/servlet/FilterChain;)V+21
j  org.apache.catalina.core.ApplicationFilterChain.internalDoFilter(Ljakarta/servlet/ServletRequest;Ljakarta/servlet/ServletResponse;)V+135
j  org.apache.catalina.core.ApplicationFilterChain.doFilter(Ljakarta/servlet/ServletRequest;Ljakarta/servlet/ServletResponse;)V+99
j  org.springframework.security.web.FilterChainProxy.lambda$doFilterInternal$3(Lorg/springframework/security/web/firewall/FirewalledRequest;Ljakarta/servlet/FilterChain;Ljakarta/servlet/ServletRequest;Ljakarta/servlet/ServletResponse;)V+35
j  org.springframework.security.web.FilterChainProxy$$Lambda$1348+0x0000000800990510.doFilter(Ljakarta/servlet/ServletRequest;Ljakarta/servlet/ServletResponse;)V+10
j  org.springframework.security.web.FilterChainProxy$VirtualFilterChain.doFilter(Ljakarta/servlet/ServletRequest;Ljakarta/servlet/ServletResponse;)V+17
j  org.springframework.security.web.access.intercept.AuthorizationFilter.doFilter(Ljakarta/servlet/ServletRequest;Ljakarta/servlet/ServletResponse;Ljakarta/servlet/FilterChain;)V+143
j  org.springframework.security.web.FilterChainProxy$VirtualFilterChain.doFilter(Ljakarta/servlet/ServletRequest;Ljakarta/servlet/ServletResponse;)V+105
j  org.springframework.security.web.access.ExceptionTranslationFilter.doFilter(Ljakarta/servlet/http/HttpServletRequest;Ljakarta/servlet/http/HttpServletResponse;Ljakarta/servlet/FilterChain;)V+3
j  org.springframework.security.web.access.ExceptionTranslationFilter.doFilter(Ljakarta/servlet/ServletRequest;Ljakarta/servlet/ServletResponse;Ljakarta/servlet/FilterChain;)V+10
j  org.springframework.security.web.FilterChainProxy$VirtualFilterChain.doFilter(Ljakarta/servlet/ServletRequest;Ljakarta/servlet/ServletResponse;)V+105
j  org.springframework.security.web.authentication.AnonymousAuthenticationFilter.doFilter(Ljakarta/servlet/ServletRequest;Ljakarta/servlet/ServletResponse;Ljakarta/servlet/FilterChain;)V+33
j  org.springframework.security.web.FilterChainProxy$VirtualFilterChain.doFilter(Ljakarta/servlet/ServletRequest;Ljakarta/servlet/ServletResponse;)V+105
j  org.springframework.security.web.servletapi.SecurityContextHolderAwareRequestFilter.doFilter(Ljakarta/servlet/ServletRequest;Ljakarta/servlet/ServletResponse;Ljakarta/servlet/FilterChain;)V+19
j  org.springframework.security.web.FilterChainProxy$VirtualFilterChain.doFilter(Ljakarta/servlet/ServletRequest;Ljakarta/servlet/ServletResponse;)V+105
j  org.springframework.security.web.savedrequest.RequestCacheAwareFilter.doFilter(Ljakarta/servlet/ServletRequest;Ljakarta/servlet/ServletResponse;Ljakarta/servlet/FilterChain;)V+32
j  org.springframework.security.web.FilterChainProxy$VirtualFilterChain.doFilter(Ljakarta/servlet/ServletRequest;Ljakarta/servlet/ServletResponse;)V+105
j  org.springframework.security.web.authentication.AbstractAuthenticationProcessingFilter.doFilter(Ljakarta/servlet/http/HttpServletRequest;Ljakarta/servlet/http/HttpServletResponse;Ljakarta/servlet/FilterChain;)V+12
j  org.springframework.security.web.authentication.AbstractAuthenticationProcessingFilter.doFilter(Ljakarta/servlet/ServletRequest;Ljakarta/servlet/ServletResponse;Ljakarta/servlet/FilterChain;)V+10
j  org.springframework.security.web.FilterChainProxy$VirtualFilterChain.doFilter(Ljakarta/servlet/ServletRequest;Ljakarta/servlet/ServletResponse;)V+105
j  org.springframework.security.web.authentication.logout.LogoutFilter.doFilter(Ljakarta/servlet/http/HttpServletRequest;Ljakarta/servlet/http/HttpServletResponse;Ljakarta/servlet/FilterChain;)V+83
j  org.springframework.security.web.authentication.logout.LogoutFilter.doFilter(Ljakarta/servlet/ServletRequest;Ljakarta/servlet/ServletResponse;Ljakarta/servlet/FilterChain;)V+10
j  org.springframework.security.web.FilterChainProxy$VirtualFilterChain.doFilter(Ljakarta/servlet/ServletRequest;Ljakarta/servlet/ServletResponse;)V+105
j  org.springframework.web.filter.OncePerRequestFilter.doFilter(Ljakarta/servlet/ServletRequest;Ljakarta/servlet/ServletResponse;Ljakarta/servlet/FilterChain;)V+125
j  org.springframework.security.web.FilterChainProxy$VirtualFilterChain.doFilter(Ljakarta/servlet/ServletRequest;Ljakarta/servlet/ServletResponse;)V+105
j  org.springframework.security.web.context.SecurityContextHolderFilter.doFilter(Ljakarta/servlet/http/HttpServletRequest;Ljakarta/servlet/http/HttpServletResponse;Ljakarta/servlet/FilterChain;)V+15
j  org.springframework.security.web.context.SecurityContextHolderFilter.doFilter(Ljakarta/servlet/ServletRequest;Ljakarta/servlet/ServletResponse;Ljakarta/servlet/FilterChain;)V+10
j  org.springframework.security.web.FilterChainProxy$VirtualFilterChain.doFilter(Ljakarta/servlet/ServletRequest;Ljakarta/servlet/ServletResponse;)V+105
j  org.springframework.web.filter.OncePerRequestFilter.doFilter(Ljakarta/servlet/ServletRequest;Ljakarta/servlet/ServletResponse;Ljakarta/servlet/FilterChain;)V+125
j  org.springframework.security.web.FilterChainProxy$VirtualFilterChain.doFilter(Ljakarta/servlet/ServletRequest;Ljakarta/servlet/ServletResponse;)V+105
j  org.springframework.web.filter.OncePerRequestFilter.doFilter(Ljakarta/servlet/ServletRequest;Ljakarta/servlet/ServletResponse;Ljakarta/servlet/FilterChain;)V+125
j  org.springframework.security.web.FilterChainProxy$VirtualFilterChain.doFilter(Ljakarta/servlet/ServletRequest;Ljakarta/servlet/ServletResponse;)V+105
j  org.springframework.security.web.FilterChainProxy.doFilterInternal(Ljakarta/servlet/ServletRequest;Ljakarta/servlet/ServletResponse;Ljakarta/servlet/FilterChain;)V+163
j  org.springframework.security.web.FilterChainProxy.doFilter(Ljakarta/servlet/ServletRequest;Ljakarta/servlet/ServletResponse;Ljakarta/servlet/FilterChain;)V+28
j  org.springframework.web.filter.DelegatingFilterProxy.invokeDelegate(Ljakarta/servlet/Filter;Ljakarta/servlet/ServletRequest;Ljakarta/servlet/ServletResponse;Ljakarta/servlet/FilterChain;)V+5
j  org.springframework.web.filter.DelegatingFilterProxy.doFilter(Ljakarta/servlet/ServletRequest;Ljakarta/servlet/ServletResponse;Ljakarta/servlet/FilterChain;)V+85
j  org.apache.catalina.core.ApplicationFilterChain.internalDoFilter(Ljakarta/servlet/ServletRequest;Ljakarta/servlet/ServletResponse;)V+135
j  org.apache.catalina.core.ApplicationFilterChain.doFilter(Ljakarta/servlet/ServletRequest;Ljakarta/servlet/ServletResponse;)V+99
j  org.springframework.web.filter.OncePerRequestFilter.doFilter(Ljakarta/servlet/ServletRequest;Ljakarta/servlet/ServletResponse;Ljakarta/servlet/FilterChain;)V+125
j  org.apache.catalina.core.ApplicationFilterChain.internalDoFilter(Ljakarta/servlet/ServletRequest;Ljakarta/servlet/ServletResponse;)V+135
j  org.apache.catalina.core.ApplicationFilterChain.doFilter(Ljakarta/servlet/ServletRequest;Ljakarta/servlet/ServletResponse;)V+99
j  org.springframework.web.filter.OncePerRequestFilter.doFilter(Ljakarta/servlet/ServletRequest;Ljakarta/servlet/ServletResponse;Ljakarta/servlet/FilterChain;)V+125
j  org.apache.catalina.core.ApplicationFilterChain.internalDoFilter(Ljakarta/servlet/ServletRequest;Ljakarta/servlet/ServletResponse;)V+135
j  org.apache.catalina.core.ApplicationFilterChain.doFilter(Ljakarta/servlet/ServletRequest;Ljakarta/servlet/ServletResponse;)V+99
j  org.springframework.web.filter.OncePerRequestFilter.doFilter(Ljakarta/servlet/ServletRequest;Ljakarta/servlet/ServletResponse;Ljakarta/servlet/FilterChain;)V+125
j  org.apache.catalina.core.ApplicationFilterChain.internalDoFilter(Ljakarta/servlet/ServletRequest;Ljakarta/servlet/ServletResponse;)V+135
j  org.apache.catalina.core.ApplicationFilterChain.doFilter(Ljakarta/servlet/ServletRequest;Ljakarta/servlet/ServletResponse;)V+99
j  org.apache.catalina.core.ApplicationDispatcher.invoke(Ljakarta/servlet/ServletRequest;Ljakarta/servlet/ServletResponse;Lorg/apache/catalina/core/ApplicationDispatcher$State;)V+341
j  org.apache.catalina.core.ApplicationDispatcher.processRequest(Ljakarta/servlet/ServletRequest;Ljakarta/servlet/ServletResponse;Lorg/apache/catalina/core/ApplicationDispatcher$State;)V+98
j  org.apache.catalina.core.ApplicationDispatcher.doForward(Ljakarta/servlet/ServletRequest;Ljakarta/servlet/ServletResponse;)V+363
j  org.apache.catalina.core.ApplicationDispatcher.forward(Ljakarta/servlet/ServletRequest;Ljakarta/servlet/ServletResponse;)V+55
j  org.springframework.security.web.header.HeaderWriterFilter$HeaderWriterRequestDispatcher.forward(Ljakarta/servlet/ServletRequest;Ljakarta/servlet/ServletResponse;)V+6
j  org.springframework.web.servlet.view.InternalResourceView.renderMergedOutputModel(Ljava/util/Map;Ljakarta/servlet/http/HttpServletRequest;Ljakarta/servlet/http/HttpServletResponse;)V+145
j  org.springframework.web.servlet.view.AbstractView.render(Ljava/util/Map;Ljakarta/servlet/http/HttpServletRequest;Ljakarta/servlet/http/HttpServletResponse;)V+91
j  org.springframework.web.servlet.DispatcherServlet.render(Lorg/springframework/web/servlet/ModelAndView;Ljakarta/servlet/http/HttpServletRequest;Ljakarta/servlet/http/HttpServletResponse;)V+188
j  org.springframework.web.servlet.DispatcherServlet.processDispatchResult(Ljakarta/servlet/http/HttpServletRequest;Ljakarta/servlet/http/HttpServletResponse;Lorg/springframework/web/servlet/HandlerExecutionChain;Lorg/springframework/web/servlet/ModelAndView;Ljava/lang/Exception;)V+103
j  org.springframework.web.servlet.DispatcherServlet.doDispatch(Ljakarta/servlet/http/HttpServletRequest;Ljakarta/servlet/http/HttpServletResponse;)V+365
j  org.springframework.web.servlet.DispatcherServlet.doService(Ljakarta/servlet/http/HttpServletRequest;Ljakarta/servlet/http/HttpServletResponse;)V+242
j  org.springframework.web.servlet.FrameworkServlet.processRequest(Ljakarta/servlet/http/HttpServletRequest;Ljakarta/servlet/http/HttpServletResponse;)V+70
j  org.springframework.web.servlet.FrameworkServlet.doGet(Ljakarta/servlet/http/HttpServletRequest;Ljakarta/servlet/http/HttpServletResponse;)V+3
j  jakarta.servlet.http.HttpServlet.service(Ljakarta/servlet/http/HttpServletRequest;Ljakarta/servlet/http/HttpServletResponse;)V+35
j  org.springframework.web.servlet.FrameworkServlet.service(Ljakarta/servlet/http/HttpServletRequest;Ljakarta/servlet/http/HttpServletResponse;)V+20
j  jakarta.servlet.http.HttpServlet.service(Ljakarta/servlet/ServletRequest;Ljakarta/servlet/ServletResponse;)V+36
j  org.apache.catalina.core.ApplicationFilterChain.internalDoFilter(Ljakarta/servlet/ServletRequest;Ljakarta/servlet/ServletResponse;)V+305
j  org.apache.catalina.core.ApplicationFilterChain.doFilter(Ljakarta/servlet/ServletRequest;Ljakarta/servlet/ServletResponse;)V+99
j  org.apache.tomcat.websocket.server.WsFilter.doFilter(Ljakarta/servlet/ServletRequest;Ljakarta/servlet/ServletResponse;Ljakarta/servlet/FilterChain;)V+21
j  org.apache.catalina.core.ApplicationFilterChain.internalDoFilter(Ljakarta/servlet/ServletRequest;Ljakarta/servlet/ServletResponse;)V+135
j  org.apache.catalina.core.ApplicationFilterChain.doFilter(Ljakarta/servlet/ServletRequest;Ljakarta/servlet/ServletResponse;)V+99
j  org.springframework.security.web.FilterChainProxy.lambda$doFilterInternal$3(Lorg/springframework/security/web/firewall/FirewalledRequest;Ljakarta/servlet/FilterChain;Ljakarta/servlet/ServletRequest;Ljakarta/servlet/ServletResponse;)V+35
j  org.springframework.security.web.FilterChainProxy$$Lambda$1348+0x0000000800990510.doFilter(Ljakarta/servlet/ServletRequest;Ljakarta/servlet/ServletResponse;)V+10
j  org.springframework.security.web.FilterChainProxy$VirtualFilterChain.doFilter(Ljakarta/servlet/ServletRequest;Ljakarta/servlet/ServletResponse;)V+17
j  org.springframework.security.web.access.intercept.AuthorizationFilter.doFilter(Ljakarta/servlet/ServletRequest;Ljakarta/servlet/ServletResponse;Ljakarta/servlet/FilterChain;)V+143
j  org.springframework.security.web.FilterChainProxy$VirtualFilterChain.doFilter(Ljakarta/servlet/ServletRequest;Ljakarta/servlet/ServletResponse;)V+105
j  org.springframework.security.web.access.ExceptionTranslationFilter.doFilter(Ljakarta/servlet/http/HttpServletRequest;Ljakarta/servlet/http/HttpServletResponse;Ljakarta/servlet/FilterChain;)V+3
j  org.springframework.security.web.access.ExceptionTranslationFilter.doFilter(Ljakarta/servlet/ServletRequest;Ljakarta/servlet/ServletResponse;Ljakarta/servlet/FilterChain;)V+10
j  org.springframework.security.web.FilterChainProxy$VirtualFilterChain.doFilter(Ljakarta/servlet/ServletRequest;Ljakarta/servlet/ServletResponse;)V+105
j  org.springframework.security.web.authentication.AnonymousAuthenticationFilter.doFilter(Ljakarta/servlet/ServletRequest;Ljakarta/servlet/ServletResponse;Ljakarta/servlet/FilterChain;)V+33
j  org.springframework.security.web.FilterChainProxy$VirtualFilterChain.doFilter(Ljakarta/servlet/ServletRequest;Ljakarta/servlet/ServletResponse;)V+105
j  org.springframework.security.web.servletapi.SecurityContextHolderAwareRequestFilter.doFilter(Ljakarta/servlet/ServletRequest;Ljakarta/servlet/ServletResponse;Ljakarta/servlet/FilterChain;)V+19
j  org.springframework.security.web.FilterChainProxy$VirtualFilterChain.doFilter(Ljakarta/servlet/ServletRequest;Ljakarta/servlet/ServletResponse;)V+105
j  org.springframework.security.web.savedrequest.RequestCacheAwareFilter.doFilter(Ljakarta/servlet/ServletRequest;Ljakarta/servlet/ServletResponse;Ljakarta/servlet/FilterChain;)V+32
j  org.springframework.security.web.FilterChainProxy$VirtualFilterChain.doFilter(Ljakarta/servlet/ServletRequest;Ljakarta/servlet/ServletResponse;)V+105
j  org.springframework.security.web.authentication.AbstractAuthenticationProcessingFilter.doFilter(Ljakarta/servlet/http/HttpServletRequest;Ljakarta/servlet/http/HttpServletResponse;Ljakarta/servlet/FilterChain;)V+12
j  org.springframework.security.web.authentication.AbstractAuthenticationProcessingFilter.doFilter(Ljakarta/servlet/ServletRequest;Ljakarta/servlet/ServletResponse;Ljakarta/servlet/FilterChain;)V+10
j  org.springframework.security.web.FilterChainProxy$VirtualFilterChain.doFilter(Ljakarta/servlet/ServletRequest;Ljakarta/servlet/ServletResponse;)V+105
j  org.springframework.security.web.authentication.logout.LogoutFilter.doFilter(Ljakarta/servlet/http/HttpServletRequest;Ljakarta/servlet/http/HttpServletResponse;Ljakarta/servlet/FilterChain;)V+83
j  org.springframework.security.web.authentication.logout.LogoutFilter.doFilter(Ljakarta/servlet/ServletRequest;Ljakarta/servlet/ServletResponse;Ljakarta/servlet/FilterChain;)V+10
j  org.springframework.security.web.FilterChainProxy$VirtualFilterChain.doFilter(Ljakarta/servlet/ServletRequest;Ljakarta/servlet/ServletResponse;)V+105
j  org.springframework.security.web.header.HeaderWriterFilter.doHeadersAfter(Ljakarta/servlet/http/HttpServletRequest;Ljakarta/servlet/http/HttpServletResponse;Ljakarta/servlet/FilterChain;)V+29
j  org.springframework.security.web.header.HeaderWriterFilter.doFilterInternal(Ljakarta/servlet/http/HttpServletRequest;Ljakarta/servlet/http/HttpServletResponse;Ljakarta/servlet/FilterChain;)V+21
j  org.springframework.web.filter.OncePerRequestFilter.doFilter(Ljakarta/servlet/ServletRequest;Ljakarta/servlet/ServletResponse;Ljakarta/servlet/FilterChain;)V+150
j  org.springframework.security.web.FilterChainProxy$VirtualFilterChain.doFilter(Ljakarta/servlet/ServletRequest;Ljakarta/servlet/ServletResponse;)V+105
j  org.springframework.security.web.context.SecurityContextHolderFilter.doFilter(Ljakarta/servlet/http/HttpServletRequest;Ljakarta/servlet/http/HttpServletResponse;Ljakarta/servlet/FilterChain;)V+59
j  org.springframework.security.web.context.SecurityContextHolderFilter.doFilter(Ljakarta/servlet/ServletRequest;Ljakarta/servlet/ServletResponse;Ljakarta/servlet/FilterChain;)V+10
j  org.springframework.security.web.FilterChainProxy$VirtualFilterChain.doFilter(Ljakarta/servlet/ServletRequest;Ljakarta/servlet/ServletResponse;)V+105
j  org.springframework.security.web.context.request.async.WebAsyncManagerIntegrationFilter.doFilterInternal(Ljakarta/servlet/http/HttpServletRequest;Ljakarta/servlet/http/HttpServletResponse;Ljakarta/servlet/FilterChain;)V+55
j  org.springframework.web.filter.OncePerRequestFilter.doFilter(Ljakarta/servlet/ServletRequest;Ljakarta/servlet/ServletResponse;Ljakarta/servlet/FilterChain;)V+150
j  org.springframework.security.web.FilterChainProxy$VirtualFilterChain.doFilter(Ljakarta/servlet/ServletRequest;Ljakarta/servlet/ServletResponse;)V+105
j  org.springframework.security.web.session.DisableEncodeUrlFilter.doFilterInternal(Ljakarta/servlet/http/HttpServletRequest;Ljakarta/servlet/http/HttpServletResponse;Ljakarta/servlet/FilterChain;)V+10
j  org.springframework.web.filter.OncePerRequestFilter.doFilter(Ljakarta/servlet/ServletRequest;Ljakarta/servlet/ServletResponse;Ljakarta/servlet/FilterChain;)V+150
j  org.springframework.security.web.FilterChainProxy$VirtualFilterChain.doFilter(Ljakarta/servlet/ServletRequest;Ljakarta/servlet/ServletResponse;)V+105
j  org.springframework.security.web.FilterChainProxy.doFilterInternal(Ljakarta/servlet/ServletRequest;Ljakarta/servlet/ServletResponse;Ljakarta/servlet/FilterChain;)V+163
j  org.springframework.security.web.FilterChainProxy.doFilter(Ljakarta/servlet/ServletRequest;Ljakarta/servlet/ServletResponse;Ljakarta/servlet/FilterChain;)V+48
j  org.springframework.web.filter.DelegatingFilterProxy.invokeDelegate(Ljakarta/servlet/Filter;Ljakarta/servlet/ServletRequest;Ljakarta/servlet/ServletResponse;Ljakarta/servlet/FilterChain;)V+5
j  org.springframework.web.filter.DelegatingFilterProxy.doFilter(Ljakarta/servlet/ServletRequest;Ljakarta/servlet/ServletResponse;Ljakarta/servlet/FilterChain;)V+85
j  org.apache.catalina.core.ApplicationFilterChain.internalDoFilter(Ljakarta/servlet/ServletRequest;Ljakarta/servlet/ServletResponse;)V+135
j  org.apache.catalina.core.ApplicationFilterChain.doFilter(Ljakarta/servlet/ServletRequest;Ljakarta/servlet/ServletResponse;)V+99
j  org.springframework.web.filter.RequestContextFilter.doFilterInternal(Ljakarta/servlet/http/HttpServletRequest;Ljakarta/servlet/http/HttpServletResponse;Ljakarta/servlet/FilterChain;)V+21
j  org.springframework.web.filter.OncePerRequestFilter.doFilter(Ljakarta/servlet/ServletRequest;Ljakarta/servlet/ServletResponse;Ljakarta/servlet/FilterChain;)V+150
j  org.apache.catalina.core.ApplicationFilterChain.internalDoFilter(Ljakarta/servlet/ServletRequest;Ljakarta/servlet/ServletResponse;)V+135
j  org.apache.catalina.core.ApplicationFilterChain.doFilter(Ljakarta/servlet/ServletRequest;Ljakarta/servlet/ServletResponse;)V+99
j  org.springframework.web.filter.FormContentFilter.doFilterInternal(Ljakarta/servlet/http/HttpServletRequest;Ljakarta/servlet/http/HttpServletResponse;Ljakarta/servlet/FilterChain;)V+38
j  org.springframework.web.filter.OncePerRequestFilter.doFilter(Ljakarta/servlet/ServletRequest;Ljakarta/servlet/ServletResponse;Ljakarta/servlet/FilterChain;)V+150
j  org.apache.catalina.core.ApplicationFilterChain.internalDoFilter(Ljakarta/servlet/ServletRequest;Ljakarta/servlet/ServletResponse;)V+135
j  org.apache.catalina.core.ApplicationFilterChain.doFilter(Ljakarta/servlet/ServletRequest;Ljakarta/servlet/ServletResponse;)V+99
j  org.springframework.web.filter.CharacterEncodingFilter.doFilterInternal(Ljakarta/servlet/http/HttpServletRequest;Ljakarta/servlet/http/HttpServletResponse;Ljakarta/servlet/FilterChain;)V+53
j  org.springframework.web.filter.OncePerRequestFilter.doFilter(Ljakarta/servlet/ServletRequest;Ljakarta/servlet/ServletResponse;Ljakarta/servlet/FilterChain;)V+150
j  org.apache.catalina.core.ApplicationFilterChain.internalDoFilter(Ljakarta/servlet/ServletRequest;Ljakarta/servlet/ServletResponse;)V+135
j  org.apache.catalina.core.ApplicationFilterChain.doFilter(Ljakarta/servlet/ServletRequest;Ljakarta/servlet/ServletResponse;)V+99
j  org.apache.catalina.core.StandardWrapperValve.invoke(Lorg/apache/catalina/connector/Request;Lorg/apache/catalina/connector/Response;)V+514
j  org.apache.catalina.core.StandardContextValve.invoke(Lorg/apache/catalina/connector/Request;Lorg/apache/catalina/connector/Response;)V+169
j  org.apache.catalina.authenticator.AuthenticatorBase.invoke(Lorg/apache/catalina/connector/Request;Lorg/apache/catalina/connector/Response;)V+218
j  org.apache.catalina.core.StandardHostValve.invoke(Lorg/apache/catalina/connector/Request;Lorg/apache/catalina/connector/Response;)V+131
j  org.apache.catalina.valves.ErrorReportValve.invoke(Lorg/apache/catalina/connector/Request;Lorg/apache/catalina/connector/Response;)V+6
j  org.apache.catalina.core.StandardEngineValve.invoke(Lorg/apache/catalina/connector/Request;Lorg/apache/catalina/connector/Response;)V+59
j  org.apache.catalina.connector.CoyoteAdapter.service(Lorg/apache/coyote/Request;Lorg/apache/coyote/Response;)V+187
j  org.apache.coyote.http11.Http11Processor.service(Lorg/apache/tomcat/util/net/SocketWrapperBase;)Lorg/apache/tomcat/util/net/AbstractEndpoint$Handler$SocketState;+785
j  org.apache.coyote.AbstractProcessorLight.process(Lorg/apache/tomcat/util/net/SocketWrapperBase;Lorg/apache/tomcat/util/net/SocketEvent;)Lorg/apache/tomcat/util/net/AbstractEndpoint$Handler$SocketState;+152
j  org.apache.coyote.AbstractProtocol$ConnectionHandler.process(Lorg/apache/tomcat/util/net/SocketWrapperBase;Lorg/apache/tomcat/util/net/SocketEvent;)Lorg/apache/tomcat/util/net/AbstractEndpoint$Handler$SocketState;+482
j  org.apache.tomcat.util.net.NioEndpoint$SocketProcessor.doRun()V+249
j  org.apache.tomcat.util.net.SocketProcessorBase.run()V+32
j  org.apache.tomcat.util.threads.ThreadPoolExecutor.runWorker(Lorg/apache/tomcat/util/threads/ThreadPoolExecutor$Worker;)V+92
j  org.apache.tomcat.util.threads.ThreadPoolExecutor$Worker.run()V+5
j  org.apache.tomcat.util.threads.TaskThread$WrappingRunnable.run()V+4
j  java.lang.Thread.run()V+11 java.base@17.0.8.1
v  ~StubRoutines::call_stub

siginfo: EXCEPTION_ACCESS_VIOLATION (0xc0000005), reading address 0x00000008afe10b70


Register to memory mapping:

RIP=0x00007fff4258e8a3 jvm.dll
RAX=0x0000000000000035 is an unknown value
RBX=0x000001f9d6b08210 is a thread
RCX=0x00000008afe10800 is an unknown value
RDX=0x0000000000000035 is an unknown value
RSP=0x0000000309bf9068 is pointing into the stack for thread: 0x000001f9d6b08210
RBP=0x0000000309bf90d0 is pointing into the stack for thread: 0x000001f9d6b08210
RSI=0x0000000309bf9138 is pointing into the stack for thread: 0x000001f9d6b08210
RDI=0x0000000000000035 is an unknown value
R8 =0x00000008009940a8 is a pointer to class: 
org.springframework.security.web.servletapi.HttpServlet3RequestFactory$Servlet3SecurityContextHolderAwareRequestWrapper {0x00000008009940b0}
 - instance size:     5
 - klass size:        261
 - access:            synchronized 
 - state:             fully_initialized
 - name:              'org/springframework/security/web/servletapi/HttpServlet3RequestFactory$Servlet3SecurityContextHolderAwareRequestWrapper'
 - super:             'org/springframework/security/web/servletapi/SecurityContextHolderAwareRequestWrapper'
 - sub:               
 - arrays:            NULL
 - methods:           Array<T>(0x000001f9d4fe7548)
 - method ordering:   Array<T>(0x000001f9d1000018)
 - default_methods:   Array<T>(0x0000000000000000)
 - local interfaces:  Array<T>(0x000001f9d1000058)
 - trans. interfaces: Array<T>(0x000001f9d4d02860)
 - constants:         constant pool [276]/operands[5] {0x000001f9d4fe6b70} for 'org/springframework/security/web/servletapi/HttpServlet3RequestFactory$Servlet3SecurityContextHolderAwareRequestWrapper' cache=0x000001f9d4fe92f8
 - class loader data:  loader data: 0x000001f9d0b2da90 for instance a 'jdk/internal/loader/ClassLoaders$AppClassLoader'{0x0000000704f94800}
 - source file:       'HttpServlet3RequestFactory.java'
 - class annotations:       Array<T>(0x0000000000000000)
 - class type annotations:  Array<T>(0x0000000000000000)
 - field annotations:       Array<T>(0x0000000000000000)
 - field type annotations:  Array<T>(0x0000000000000000)
 - inner classes:     Array<T>(0x000001f9d4fe7f00)
 - nest members:     Array<T>(0x000001f9d1000028)
 - permitted subclasses:     Array<T>(0x000001f9d1000028)
 - java mirror:       a 'java/lang/Class'{0x0000000706acb760} = 'org/springframework/security/web/servletapi/HttpServlet3RequestFactory$Servlet3SecurityContextHolderAwareRequestWrapper'
 - vtable length      84  (start addr: 0x0000000800994270)
 - itable length      119 (start addr: 0x0000000800994510)
 - ---- static fields (0 words):
 - ---- non-static fields (6 words):
 - private 'request' 'Ljakarta/servlet/ServletRequest;' @12 
 - private 'securityContextHolderStrategy' 'Lorg/springframework/security/core/context/SecurityContextHolderStrategy;' @16 
 - private final 'trustResolver' 'Lorg/springframework/security/authentication/AuthenticationTrustResolver;' @20 
 - private final 'rolePrefix' 'Ljava/lang/String;' @24 
 - private final 'response' 'Ljakarta/servlet/http/HttpServletResponse;' @28 
 - final synthetic 'this$0' 'Lorg/springframework/security/web/servletapi/HttpServlet3RequestFactory;' @32 
 - non-static oop maps: 12-32 
R9 =0x000001f9d7905510 points into unknown readable memory: 0x000001f9afdb0000 | 00 00 db af f9 01 00 00
R10=0x000001f9dba3cd70 points into unknown readable memory: 0x0000001e00000007 | 07 00 00 00 1e 00 00 00
R11={method} {0x000001f9d4fe8b10} 'getUserPrincipal' '()Ljava/security/Principal;' in 'org/springframework/security/web/servletapi/SecurityContextHolderAwareRequestWrapper'
R12=0x0 is NULL
R13=0x00000008009940a8 is a pointer to class: 
org.springframework.security.web.servletapi.HttpServlet3RequestFactory$Servlet3SecurityContextHolderAwareRequestWrapper {0x00000008009940b0}
 - instance size:     5
 - klass size:        261
 - access:            synchronized 
 - state:             fully_initialized
 - name:              'org/springframework/security/web/servletapi/HttpServlet3RequestFactory$Servlet3SecurityContextHolderAwareRequestWrapper'
 - super:             'org/springframework/security/web/servletapi/SecurityContextHolderAwareRequestWrapper'
 - sub:               
 - arrays:            NULL
 - methods:           Array<T>(0x000001f9d4fe7548)
 - method ordering:   Array<T>(0x000001f9d1000018)
 - default_methods:   Array<T>(0x0000000000000000)
 - local interfaces:  Array<T>(0x000001f9d1000058)
 - trans. interfaces: Array<T>(0x000001f9d4d02860)
 - constants:         constant pool [276]/operands[5] {0x000001f9d4fe6b70} for 'org/springframework/security/web/servletapi/HttpServlet3RequestFactory$Servlet3SecurityContextHolderAwareRequestWrapper' cache=0x000001f9d4fe92f8
 - class loader data:  loader data: 0x000001f9d0b2da90 for instance a 'jdk/internal/loader/ClassLoaders$AppClassLoader'{0x0000000704f94800}
 - source file:       'HttpServlet3RequestFactory.java'
 - class annotations:       Array<T>(0x0000000000000000)
 - class type annotations:  Array<T>(0x0000000000000000)
 - field annotations:       Array<T>(0x0000000000000000)
 - field type annotations:  Array<T>(0x0000000000000000)
 - inner classes:     Array<T>(0x000001f9d4fe7f00)
 - nest members:     Array<T>(0x000001f9d1000028)
 - permitted subclasses:     Array<T>(0x000001f9d1000028)
 - java mirror:       a 'java/lang/Class'{0x0000000706acb760} = 'org/springframework/security/web/servletapi/HttpServlet3RequestFactory$Servlet3SecurityContextHolderAwareRequestWrapper'
 - vtable length      84  (start addr: 0x0000000800994270)
 - itable length      119 (start addr: 0x0000000800994510)
 - ---- static fields (0 words):
 - ---- non-static fields (6 words):
 - private 'request' 'Ljakarta/servlet/ServletRequest;' @12 
 - private 'securityContextHolderStrategy' 'Lorg/springframework/security/core/context/SecurityContextHolderStrategy;' @16 
 - private final 'trustResolver' 'Lorg/springframework/security/authentication/AuthenticationTrustResolver;' @20 
 - private final 'rolePrefix' 'Ljava/lang/String;' @24 
 - private final 'response' 'Ljakarta/servlet/http/HttpServletResponse;' @28 
 - final synthetic 'this$0' 'Lorg/springframework/security/web/servletapi/HttpServlet3RequestFactory;' @32 
 - non-static oop maps: 12-32 
R14=0x00000008afe10800 is an unknown value
R15=0x0000000309bf9260 is pointing into the stack for thread: 0x000001f9d6b08210


Registers:
RAX=0x0000000000000035, RBX=0x000001f9d6b08210, RCX=0x00000008afe10800, RDX=0x0000000000000035
RSP=0x0000000309bf9068, RBP=0x0000000309bf90d0, RSI=0x0000000309bf9138, RDI=0x0000000000000035
R8 =0x00000008009940a8, R9 =0x000001f9d7905510, R10=0x000001f9dba3cd70, R11=0x000001f9d4fe8b08
R12=0x0000000000000000, R13=0x00000008009940a8, R14=0x00000008afe10800, R15=0x0000000309bf9260
RIP=0x00007fff4258e8a3, EFLAGS=0x0000000000010213

Top of Stack: (sp=0x0000000309bf9068)
0x0000000309bf9068:   00007fff425b22ef 0000000000000000
0x0000000309bf9078:   0000000000000000 000001f9d4fe6b68
0x0000000309bf9088:   000001f9d6b08210 0000000309bf9148
0x0000000309bf9098:   00007fff425ad46b 0000c3d1af65a937
0x0000000309bf90a8:   0000000000000000 0000000000000000
0x0000000309bf90b8:   0000000309bf9260 0000000000000000
0x0000000309bf90c8:   0000000000000000 000001f9d4fe7e69
0x0000000309bf90d8:   000001f9d4fe7e69 0000000309bf9139
0x0000000309bf90e8:   00007fff425b03e8 000001f9d7905510
0x0000000309bf90f8:   00000008afe10800 0000000309bf9260
0x0000000309bf9108:   000001f9d6b08210 00000008afe10800
0x0000000309bf9118:   0000000300000001 000001f9d6b08210
0x0000000309bf9128:   0000000000000000 000001f9d4fe8b08
0x0000000309bf9138:   000001f9d4fe8b08 000001f9d6b08210
0x0000000309bf9148:   000001f9d5b40950 000001f9d62b1a80
0x0000000309bf9158:   00000008009940a8 00000008009940a8 

Instructions: (pc=0x00007fff4258e8a3)
0x00007fff4258e7a3:   8d 8e 88 00 00 00 c7 40 08 02 00 00 00 48 89 48
0x00007fff4258e7b3:   20 c6 40 0c 00 48 89 58 10 48 89 58 18 4c 89 38
0x00007fff4258e7c3:   eb 03 48 8b c3 48 8b d0 49 8b ce e8 9d 1c 0e 00
0x00007fff4258e7d3:   45 33 c0 41 8d 50 17 8d 4a 11 e8 0e 81 b6 ff 48
0x00007fff4258e7e3:   85 c0 74 23 48 8d 8e 90 00 00 00 c7 40 08 02 00
0x00007fff4258e7f3:   00 00 48 89 48 20 c6 40 0c 00 48 89 58 10 48 89
0x00007fff4258e803:   58 18 4c 89 38 eb 03 48 8b c3 48 8b d0 49 8b ce
0x00007fff4258e813:   e8 58 1c 0e 00 83 be a0 00 00 00 00 8b fb 4c 8b
0x00007fff4258e823:   7c 24 48 7e 5b 48 8d 2d e9 6b 42 00 90 45 33 c0
0x00007fff4258e833:   41 8d 50 17 8d 4a 11 e8 b1 80 b6 ff 48 85 c0 74
0x00007fff4258e843:   27 48 63 d7 48 83 c2 39 c7 40 08 02 00 00 00 c6
0x00007fff4258e853:   40 0c 00 48 89 58 10 48 89 58 18 48 8d 14 d6 48
0x00007fff4258e863:   89 28 48 89 50 20 eb 03 48 8b c3 48 8b d0 49 8b
0x00007fff4258e873:   ce e8 f7 1b 0e 00 ff c7 3b be a0 00 00 00 7c ad
0x00007fff4258e883:   48 8b 5c 24 50 48 8b 6c 24 58 48 83 c4 20 41 5e
0x00007fff4258e893:   5f 5e c3 cc cc cc cc cc cc cc cc cc cc 48 63 c2
0x00007fff4258e8a3:   48 8b 84 c1 c8 01 00 00 c3 cc cc cc cc 48 89 5c
0x00007fff4258e8b3:   24 08 48 89 6c 24 10 48 89 74 24 18 57 41 54 41
0x00007fff4258e8c3:   55 41 56 41 57 48 83 ec 20 48 8b 99 88 00 00 00
0x00007fff4258e8d3:   44 0f b6 e2 48 85 db 0f 84 32 01 00 00 8b 0d d2
0x00007fff4258e8e3:   f1 66 00 65 48 8b 04 25 58 00 00 00 be 50 00 00
0x00007fff4258e8f3:   00 bd 20 00 00 00 4c 8d 2c c8 0f 1f 00 48 8b 8b
0x00007fff4258e903:   98 00 00 00 e8 84 74 cb ff 84 c0 0f 85 1d 01 00
0x00007fff4258e913:   00 45 84 e4 0f 84 e5 00 00 00 48 8b 15 fc 0c 63
0x00007fff4258e923:   00 48 85 d2 0f 84 d5 00 00 00 49 8b 7d 00 8b c6
0x00007fff4258e933:   80 3c 38 00 75 0c e8 1a 22 35 00 48 8b 15 db 0c
0x00007fff4258e943:   63 00 8b c5 48 8b 0c 38 48 8b b9 38 02 00 00 48
0x00007fff4258e953:   8b 77 10 48 8b 6f 18 4c 8b 77 20 4c 8b 7f 28 48
0x00007fff4258e963:   85 d2 74 6c 8b 43 08 85 c0 7e 18 8b 83 a4 00 00
0x00007fff4258e973:   00 c1 e8 1a a8 01 74 32 48 8b 4b 18 e8 dc f3 ff
0x00007fff4258e983:   ff eb 3e 3d 00 00 00 c0 7d 20 48 8b 83 e8 00 00
0x00007fff4258e993:   00 8b 88 a4 00 00 00 c1 e9 1a f6 c1 01 74 0b 48 


Stack slot to memory mapping:
stack at sp + 0 slots: 0x00007fff425b22ef jvm.dll
stack at sp + 1 slots: 0x0 is NULL
stack at sp + 2 slots: 0x0 is NULL
stack at sp + 3 slots: 0x000001f9d4fe6b68 is pointing into metadata
stack at sp + 4 slots: 0x000001f9d6b08210 is a thread
stack at sp + 5 slots: 0x0000000309bf9148 is pointing into the stack for thread: 0x000001f9d6b08210
stack at sp + 6 slots: 0x00007fff425ad46b jvm.dll
stack at sp + 7 slots: 0x0000c3d1af65a937 is an unknown value


---------------  P R O C E S S  ---------------

Threads class SMR info:
_java_thread_list=0x000001f9d9ef2e00, length=30, elements={
0x000001f9d0a3c880, 0x000001f9d0a40ea0, 0x000001f9d0a48d20, 0x000001f9d0a7fd80,
0x000001f9d0a80920, 0x000001f9d0a85900, 0x000001f9d0a8edd0, 0x000001f9d0a93380,
0x000001f9d0afd070, 0x000001f9d0c33ac0, 0x000001f9d0c330a0, 0x000001f9d0c32170,
0x000001f9d0c335b0, 0x000001f9d0c32680, 0x000001f9d0c349f0, 0x000001f9d0c31c60,
0x000001f9d6b08c30, 0x000001f9d6b08210, 0x000001f9d6b08720, 0x000001f9d6b06dd0,
0x000001f9d6b068c0, 0x000001f9d6b077f0, 0x000001f9d6b063b0, 0x000001f9d6b05990,
0x000001f9d6b05ea0, 0x000001f9d6b072e0, 0x000001f9d82a2550, 0x000001f9d82a1b30,
0x000001f9d829f7c0, 0x000001f9dcbfe510
}
_to_delete_list=0x000001f9d7d464c0, length=29, elements={
0x000001f9d0a3c880, 0x000001f9d0a40ea0, 0x000001f9d0a48d20, 0x000001f9d0a7fd80,
0x000001f9d0a80920, 0x000001f9d0a85900, 0x000001f9d0a8edd0, 0x000001f9d0a93380,
0x000001f9d0afd070, 0x000001f9d0c33ac0, 0x000001f9d0c330a0, 0x000001f9d0c32170,
0x000001f9d0c335b0, 0x000001f9d0c32680, 0x000001f9d0c349f0, 0x000001f9d0c31c60,
0x000001f9d6b08c30, 0x000001f9d6b08210, 0x000001f9d6b08720, 0x000001f9d6b06dd0,
0x000001f9d6b068c0, 0x000001f9d6b077f0, 0x000001f9d6b063b0, 0x000001f9d6b05990,
0x000001f9d6b05ea0, 0x000001f9d6b072e0, 0x000001f9d82a2550, 0x000001f9d82a1b30,
0x000001f9d829f7c0
}

Java Threads: ( => current thread )
  0x000001f9d0a3c880 JavaThread "Reference Handler" daemon [_thread_blocked, id=13748, stack(0x0000000308200000,0x0000000308300000)]
  0x000001f9d0a40ea0 JavaThread "Finalizer" daemon [_thread_blocked, id=10504, stack(0x0000000308300000,0x0000000308400000)]
  0x000001f9d0a48d20 JavaThread "Signal Dispatcher" daemon [_thread_blocked, id=13880, stack(0x0000000308400000,0x0000000308500000)]
  0x000001f9d0a7fd80 JavaThread "Attach Listener" daemon [_thread_blocked, id=11048, stack(0x0000000308500000,0x0000000308600000)]
  0x000001f9d0a80920 JavaThread "Service Thread" daemon [_thread_blocked, id=9644, stack(0x0000000308600000,0x0000000308700000)]
  0x000001f9d0a85900 JavaThread "Monitor Deflation Thread" daemon [_thread_blocked, id=11164, stack(0x0000000308700000,0x0000000308800000)]
  0x000001f9d0a8edd0 JavaThread "C2 CompilerThread0" daemon [_thread_in_native, id=14380, stack(0x0000000308800000,0x0000000308900000)]
  0x000001f9d0a93380 JavaThread "C1 CompilerThread0" daemon [_thread_blocked, id=9744, stack(0x0000000308900000,0x0000000308a00000)]
  0x000001f9d0afd070 JavaThread "Sweeper thread" daemon [_thread_blocked, id=16552, stack(0x0000000308a00000,0x0000000308b00000)]
  0x000001f9d0c33ac0 JavaThread "Notification Thread" daemon [_thread_blocked, id=10708, stack(0x0000000308b00000,0x0000000308c00000)]
  0x000001f9d0c330a0 JavaThread "Common-Cleaner" daemon [_thread_blocked, id=10624, stack(0x0000000308d00000,0x0000000308e00000)]
  0x000001f9d0c32170 JavaThread "Catalina-utility-1" [_thread_blocked, id=16588, stack(0x0000000309200000,0x0000000309300000)]
  0x000001f9d0c335b0 JavaThread "Catalina-utility-2" [_thread_blocked, id=3980, stack(0x0000000309300000,0x0000000309400000)]
  0x000001f9d0c32680 JavaThread "container-0" [_thread_blocked, id=11280, stack(0x0000000309400000,0x0000000309500000)]
  0x000001f9d0c349f0 JavaThread "mssql-jdbc-shared-timer-core-0" daemon [_thread_blocked, id=7940, stack(0x0000000309600000,0x0000000309700000)]
  0x000001f9d0c31c60 JavaThread "HikariPool-1 housekeeper" daemon [_thread_blocked, id=10996, stack(0x0000000309800000,0x0000000309900000)]
  0x000001f9d6b08c30 JavaThread "http-nio-8080-exec-1" daemon [_thread_blocked, id=16304, stack(0x0000000309a00000,0x0000000309b00000)]
=>0x000001f9d6b08210 JavaThread "http-nio-8080-exec-2" daemon [_thread_in_vm, id=13088, stack(0x0000000309b00000,0x0000000309c00000)]
  0x000001f9d6b08720 JavaThread "http-nio-8080-exec-3" daemon [_thread_blocked, id=3732, stack(0x0000000309c00000,0x0000000309d00000)]
  0x000001f9d6b06dd0 JavaThread "http-nio-8080-exec-4" daemon [_thread_blocked, id=120, stack(0x0000000309d00000,0x0000000309e00000)]
  0x000001f9d6b068c0 JavaThread "http-nio-8080-exec-5" daemon [_thread_blocked, id=15412, stack(0x0000000309e00000,0x0000000309f00000)]
  0x000001f9d6b077f0 JavaThread "http-nio-8080-exec-6" daemon [_thread_blocked, id=7228, stack(0x0000000309f00000,0x000000030a000000)]
  0x000001f9d6b063b0 JavaThread "http-nio-8080-exec-7" daemon [_thread_blocked, id=16344, stack(0x000000030a000000,0x000000030a100000)]
  0x000001f9d6b05990 JavaThread "http-nio-8080-exec-8" daemon [_thread_blocked, id=11376, stack(0x000000030a100000,0x000000030a200000)]
  0x000001f9d6b05ea0 JavaThread "http-nio-8080-exec-9" daemon [_thread_blocked, id=16728, stack(0x000000030a200000,0x000000030a300000)]
  0x000001f9d6b072e0 JavaThread "http-nio-8080-exec-10" daemon [_thread_blocked, id=13924, stack(0x000000030a300000,0x000000030a400000)]
  0x000001f9d82a2550 JavaThread "http-nio-8080-Poller" daemon [_thread_in_native, id=14436, stack(0x000000030a400000,0x000000030a500000)]
  0x000001f9d82a1b30 JavaThread "http-nio-8080-Acceptor" daemon [_thread_in_native, id=14516, stack(0x000000030a500000,0x000000030a600000)]
  0x000001f9d829f7c0 JavaThread "DestroyJavaVM" [_thread_blocked, id=6592, stack(0x0000000307b00000,0x0000000307c00000)]
  0x000001f9dcbfe510 JavaThread "C2 CompilerThread1" daemon [_thread_blocked, id=15468, stack(0x000000030a600000,0x000000030a700000)]

Other Threads:
  0x000001f9d0a341f0 VMThread "VM Thread" [stack: 0x0000000308100000,0x0000000308200000] [id=16220]
  0x000001f9d0c3bc40 WatcherThread [stack: 0x0000000308c00000,0x0000000308d00000] [id=13032]
  0x000001f9ce4a0080 GCTaskThread "GC Thread#0" [stack: 0x0000000307c00000,0x0000000307d00000] [id=12032]
  0x000001f9d0c62140 GCTaskThread "GC Thread#1" [stack: 0x0000000308f00000,0x0000000309000000] [id=16904]
  0x000001f9d0c63480 GCTaskThread "GC Thread#2" [stack: 0x0000000309000000,0x0000000309100000] [id=9700]
  0x000001f9d0c626c0 GCTaskThread "GC Thread#3" [stack: 0x0000000309100000,0x0000000309200000] [id=12332]
  0x000001f9ce4b1a40 ConcurrentGCThread "G1 Main Marker" [stack: 0x0000000307d00000,0x0000000307e00000] [id=16192]
  0x000001f9ce4b4450 ConcurrentGCThread "G1 Conc#0" [stack: 0x0000000307e00000,0x0000000307f00000] [id=13752]
  0x000001f9ce558670 ConcurrentGCThread "G1 Refine#0" [stack: 0x0000000307f00000,0x0000000308000000] [id=13872]
  0x000001f9d7050c20 ConcurrentGCThread "G1 Refine#1" [stack: 0x0000000309700000,0x0000000309800000] [id=8692]
  0x000001f9ce559920 ConcurrentGCThread "G1 Service" [stack: 0x0000000308000000,0x0000000308100000] [id=15216]

Threads with active compile tasks:
C2 CompilerThread0    54094 6386       4       org.eclipse.jdt.internal.compiler.lookup.BinaryTypeBinding::createMethod (1719 bytes)

VM state: not at safepoint (normal execution)

VM Mutex/Monitor currently owned by a thread: None

Heap address: 0x0000000704c00000, size: 4020 MB, Compressed Oops mode: Zero based, Oop shift amount: 3

CDS archive(s) not mapped
Compressed class space mapped at: 0x0000000800000000-0x0000000840000000, reserved size: 1073741824
Narrow klass base: 0x0000000800000000, Narrow klass shift: 0, Narrow klass range: 0x40000000

GC Precious Log:
 CPUs: 4 total, 4 available
 Memory: 16079M
 Large Page Support: Disabled
 NUMA Support: Disabled
 Compressed Oops: Enabled (Zero based)
 Heap Region Size: 2M
 Heap Min Capacity: 8M
 Heap Initial Capacity: 252M
 Heap Max Capacity: 4020M
 Pre-touch: Disabled
 Parallel Workers: 4
 Concurrent Workers: 1
 Concurrent Refinement Workers: 4
 Periodic GC: Disabled

Heap:
 garbage-first heap   total 83968K, used 41958K [0x0000000704c00000, 0x0000000800000000)
  region size 2048K, 7 young (14336K), 1 survivors (2048K)
 Metaspace       used 83745K, committed 84352K, reserved 1179648K
  class space    used 10337K, committed 10624K, reserved 1048576K

Heap Regions: E=young(eden), S=young(survivor), O=old, HS=humongous(starts), HC=humongous(continues), CS=collection set, F=free, OA=open archive, CA=closed archive, TAMS=top-at-mark-start (previous, next)
|   0|0x0000000704c00000, 0x0000000704e00000, 0x0000000704e00000|100%| O|  |TAMS 0x0000000704e00000, 0x0000000704c00000| Untracked 
|   1|0x0000000704e00000, 0x0000000705000000, 0x0000000705000000|100%| O|  |TAMS 0x0000000705000000, 0x0000000704e00000| Untracked 
|   2|0x0000000705000000, 0x0000000705200000, 0x0000000705200000|100%| O|  |TAMS 0x0000000705200000, 0x0000000705000000| Untracked 
|   3|0x0000000705200000, 0x0000000705400000, 0x0000000705400000|100%| O|  |TAMS 0x0000000705400000, 0x0000000705200000| Untracked 
|   4|0x0000000705400000, 0x0000000705600000, 0x0000000705600000|100%| O|  |TAMS 0x0000000705600000, 0x0000000705400000| Untracked 
|   5|0x0000000705600000, 0x0000000705800000, 0x0000000705800000|100%| O|  |TAMS 0x0000000705800000, 0x0000000705600000| Untracked 
|   6|0x0000000705800000, 0x0000000705a00000, 0x0000000705a00000|100%| O|  |TAMS 0x0000000705a00000, 0x0000000705800000| Untracked 
|   7|0x0000000705a00000, 0x0000000705c00000, 0x0000000705c00000|100%| O|  |TAMS 0x0000000705c00000, 0x0000000705a00000| Untracked 
|   8|0x0000000705c00000, 0x0000000705dd0200, 0x0000000705e00000| 90%| O|  |TAMS 0x0000000705dd0200, 0x0000000705c00000| Untracked 
|   9|0x0000000705e00000, 0x0000000706000000, 0x0000000706000000|100%| O|  |TAMS 0x0000000705f61600, 0x0000000705e00000| Untracked 
|  10|0x0000000706000000, 0x0000000706200000, 0x0000000706200000|100%| O|  |TAMS 0x0000000706000000, 0x0000000706000000| Untracked 
|  11|0x0000000706200000, 0x0000000706400000, 0x0000000706400000|100%| O|  |TAMS 0x0000000706200000, 0x0000000706200000| Untracked 
|  12|0x0000000706400000, 0x0000000706600000, 0x0000000706600000|100%| O|  |TAMS 0x0000000706400000, 0x0000000706400000| Untracked 
|  13|0x0000000706600000, 0x0000000706800000, 0x0000000706800000|100%| O|  |TAMS 0x0000000706600000, 0x0000000706600000| Untracked 
|  14|0x0000000706800000, 0x0000000706a00000, 0x0000000706a00000|100%| O|  |TAMS 0x0000000706800000, 0x0000000706800000| Untracked 
|  15|0x0000000706a00000, 0x0000000706bff000, 0x0000000706c00000| 99%| O|  |TAMS 0x0000000706a00000, 0x0000000706a00000| Untracked 
|  16|0x0000000706c00000, 0x0000000706c00000, 0x0000000706e00000|  0%| F|  |TAMS 0x0000000706c00000, 0x0000000706c00000| Untracked 
|  17|0x0000000706e00000, 0x0000000706e00000, 0x0000000707000000|  0%| F|  |TAMS 0x0000000706e00000, 0x0000000706e00000| Untracked 
|  18|0x0000000707000000, 0x0000000707000000, 0x0000000707200000|  0%| F|  |TAMS 0x0000000707000000, 0x0000000707000000| Untracked 
|  19|0x0000000707200000, 0x0000000707200000, 0x0000000707400000|  0%| F|  |TAMS 0x0000000707200000, 0x0000000707200000| Untracked 
|  20|0x0000000707400000, 0x0000000707400000, 0x0000000707600000|  0%| F|  |TAMS 0x0000000707400000, 0x0000000707400000| Untracked 
|  21|0x0000000707600000, 0x0000000707600000, 0x0000000707800000|  0%| F|  |TAMS 0x0000000707600000, 0x0000000707600000| Untracked 
|  22|0x0000000707800000, 0x0000000707800000, 0x0000000707a00000|  0%| F|  |TAMS 0x0000000707800000, 0x0000000707800000| Untracked 
|  23|0x0000000707a00000, 0x0000000707b2a7a8, 0x0000000707c00000| 58%| S|CS|TAMS 0x0000000707a00000, 0x0000000707a00000| Complete 
|  24|0x0000000707c00000, 0x0000000707c00000, 0x0000000707e00000|  0%| F|  |TAMS 0x0000000707c00000, 0x0000000707c00000| Untracked 
|  25|0x0000000707e00000, 0x0000000707e00000, 0x0000000708000000|  0%| F|  |TAMS 0x0000000707e00000, 0x0000000707e00000| Untracked 
|  26|0x0000000708000000, 0x0000000708000000, 0x0000000708200000|  0%| F|  |TAMS 0x0000000708000000, 0x0000000708000000| Untracked 
|  27|0x0000000708200000, 0x0000000708200000, 0x0000000708400000|  0%| F|  |TAMS 0x0000000708200000, 0x0000000708200000| Untracked 
|  28|0x0000000708400000, 0x0000000708400000, 0x0000000708600000|  0%| F|  |TAMS 0x0000000708400000, 0x0000000708400000| Untracked 
|  29|0x0000000708600000, 0x0000000708600000, 0x0000000708800000|  0%| F|  |TAMS 0x0000000708600000, 0x0000000708600000| Untracked 
|  30|0x0000000708800000, 0x0000000708800000, 0x0000000708a00000|  0%| F|  |TAMS 0x0000000708800000, 0x0000000708800000| Untracked 
|  31|0x0000000708a00000, 0x0000000708a00000, 0x0000000708c00000|  0%| F|  |TAMS 0x0000000708a00000, 0x0000000708a00000| Untracked 
|  32|0x0000000708c00000, 0x0000000708c00000, 0x0000000708e00000|  0%| F|  |TAMS 0x0000000708c00000, 0x0000000708c00000| Untracked 
|  33|0x0000000708e00000, 0x0000000708e00000, 0x0000000709000000|  0%| F|  |TAMS 0x0000000708e00000, 0x0000000708e00000| Untracked 
|  34|0x0000000709000000, 0x0000000709000000, 0x0000000709200000|  0%| F|  |TAMS 0x0000000709000000, 0x0000000709000000| Untracked 
|  35|0x0000000709200000, 0x000000070934d538, 0x0000000709400000| 65%| E|  |TAMS 0x0000000709200000, 0x0000000709200000| Complete 
|  36|0x0000000709400000, 0x0000000709600000, 0x0000000709600000|100%| E|  |TAMS 0x0000000709400000, 0x0000000709400000| Complete 
|  57|0x000000070be00000, 0x000000070c000000, 0x000000070c000000|100%| E|CS|TAMS 0x000000070be00000, 0x000000070be00000| Complete 
|  58|0x000000070c000000, 0x000000070c200000, 0x000000070c200000|100%| E|CS|TAMS 0x000000070c000000, 0x000000070c000000| Complete 
|  59|0x000000070c200000, 0x000000070c400000, 0x000000070c400000|100%| E|CS|TAMS 0x000000070c200000, 0x000000070c200000| Complete 
| 125|0x0000000714600000, 0x0000000714800000, 0x0000000714800000|100%| E|CS|TAMS 0x0000000714600000, 0x0000000714600000| Complete 

Card table byte_map: [0x000001f9c5740000,0x000001f9c5f20000] _byte_map_base: 0x000001f9c1f1a000

Marking Bits (Prev, Next): (CMBitMap*) 0x000001f9ce4a1240, (CMBitMap*) 0x000001f9ce4a1200
 Prev Bits: [0x000001f9ca5d0000, 0x000001f9ce4a0000)
 Next Bits: [0x000001f9c6700000, 0x000001f9ca5d0000)

Polling page: 0x000001f9b0050000

Metaspace:

Usage:
  Non-class:     71.69 MB used.
      Class:     10.10 MB used.
       Both:     81.78 MB used.

Virtual space:
  Non-class space:      128.00 MB reserved,      72.00 MB ( 56%) committed,  2 nodes.
      Class space:        1.00 GB reserved,      10.38 MB (  1%) committed,  1 nodes.
             Both:        1.12 GB reserved,      82.38 MB (  7%) committed. 

Chunk freelists:
   Non-Class:  8.00 MB
       Class:  5.67 MB
        Both:  13.67 MB

MaxMetaspaceSize: unlimited
CompressedClassSpaceSize: 1.00 GB
Initial GC threshold: 21.00 MB
Current GC threshold: 98.25 MB
CDS: off
MetaspaceReclaimPolicy: balanced
 - commit_granule_bytes: 65536.
 - commit_granule_words: 8192.
 - virtual_space_node_default_size: 8388608.
 - enlarge_chunks_in_place: 1.
 - new_chunks_are_fully_committed: 0.
 - uncommit_free_chunks: 1.
 - use_allocation_guard: 0.
 - handle_deallocations: 1.


Internal statistics:

num_allocs_failed_limit: 9.
num_arena_births: 844.
num_arena_deaths: 0.
num_vsnodes_births: 3.
num_vsnodes_deaths: 0.
num_space_committed: 1318.
num_space_uncommitted: 0.
num_chunks_returned_to_freelist: 9.
num_chunks_taken_from_freelist: 3371.
num_chunk_merges: 6.
num_chunk_splits: 2475.
num_chunks_enlarged: 1951.
num_inconsistent_stats: 0.

CodeHeap 'non-profiled nmethods': size=120000Kb used=4387Kb max_used=4387Kb free=115612Kb
 bounds [0x000001f9bda30000, 0x000001f9bde80000, 0x000001f9c4f60000]
CodeHeap 'profiled nmethods': size=120000Kb used=12270Kb max_used=12270Kb free=107730Kb
 bounds [0x000001f9b5f60000, 0x000001f9b6b60000, 0x000001f9bd490000]
CodeHeap 'non-nmethods': size=5760Kb used=1396Kb max_used=1444Kb free=4363Kb
 bounds [0x000001f9bd490000, 0x000001f9bd700000, 0x000001f9bda30000]
 total_blobs=6463 nmethods=5727 adapters=648
 compilation: enabled
              stopped_count=0, restarted_count=0
 full_count=0

Compilation events (20 events):
Event: 53.808 Thread 0x000001f9d0a93380 nmethod 6445 0x000001f9bde77110 code [0x000001f9bde772a0, 0x000001f9bde773b8]
Event: 53.809 Thread 0x000001f9d0a93380 6446       3       org.apache.jasper.compiler.SmapUtil$SDEInstaller::readU1 (21 bytes)
Event: 53.809 Thread 0x000001f9d0a93380 nmethod 6446 0x000001f9b6b59910 code [0x000001f9b6b59aa0, 0x000001f9b6b59bf8]
Event: 53.809 Thread 0x000001f9d0a93380 6447       3       org.apache.jasper.compiler.SmapUtil$SDEInstaller::writeU1 (19 bytes)
Event: 53.809 Thread 0x000001f9d0a93380 nmethod 6447 0x000001f9b6b59d10 code [0x000001f9b6b59ea0, 0x000001f9b6b59ff8]
Event: 53.809 Thread 0x000001f9d0a93380 6449       3       org.apache.jasper.compiler.SmapUtil$SDEInstaller::writeBytes (45 bytes)
Event: 53.809 Thread 0x000001f9d0a93380 nmethod 6449 0x000001f9b6b5a110 code [0x000001f9b6b5a2c0, 0x000001f9b6b5a4d8]
Event: 53.809 Thread 0x000001f9d0a93380 6448       3       org.apache.jasper.compiler.SmapUtil$SDEInstaller::readBytes (38 bytes)
Event: 53.810 Thread 0x000001f9d0a93380 nmethod 6448 0x000001f9b6b5a610 code [0x000001f9b6b5a7c0, 0x000001f9b6b5aa78]
Event: 53.810 Thread 0x000001f9d0a93380 6451       3       java.nio.charset.Charset::lookup (44 bytes)
Event: 53.810 Thread 0x000001f9d0a93380 nmethod 6451 0x000001f9b6b5ab90 code [0x000001f9b6b5ad80, 0x000001f9b6b5b1e8]
Event: 53.810 Thread 0x000001f9d0a93380 6452       3       org.apache.jasper.compiler.SmapUtil$SDEInstaller::copy (46 bytes)
Event: 53.810 Thread 0x000001f9d0a93380 nmethod 6452 0x000001f9b6b5b390 code [0x000001f9b6b5b540, 0x000001f9b6b5b778]
Event: 53.810 Thread 0x000001f9d0a93380 6450       3       java.nio.charset.Charset::forName (20 bytes)
Event: 53.810 Thread 0x000001f9d0a93380 nmethod 6450 0x000001f9b6b5b910 code [0x000001f9b6b5bac0, 0x000001f9b6b5bcd8]
Event: 53.822 Thread 0x000001f9d0a93380 6454       3       org.apache.catalina.core.DefaultInstanceManager::findLifecycleCallback (110 bytes)
Event: 53.823 Thread 0x000001f9d0a93380 nmethod 6454 0x000001f9b6b5bd90 code [0x000001f9b6b5c0c0, 0x000001f9b6b5d558]
Event: 53.824 Thread 0x000001f9dcbfe510 6397       4       org.eclipse.jdt.internal.compiler.lookup.ReferenceBinding::compare (53 bytes)
Event: 53.828 Thread 0x000001f9dcbfe510 nmethod 6397 0x000001f9bde77410 code [0x000001f9bde77580, 0x000001f9bde77778]
Event: 53.828 Thread 0x000001f9dcbfe510 6425       4       java.lang.StringBuilder::<init> (6 bytes)

GC Heap History (20 events):
Event: 6.204 GC heap before
{Heap before GC invocations=12 (full 0):
 garbage-first heap   total 69632K, used 51957K [0x0000000704c00000, 0x0000000800000000)
  region size 2048K, 20 young (40960K), 3 survivors (6144K)
 Metaspace       used 41607K, committed 42112K, reserved 1114112K
  class space    used 4840K, committed 5056K, reserved 1048576K
}
Event: 6.215 GC heap after
{Heap after GC invocations=13 (full 0):
 garbage-first heap   total 69632K, used 19842K [0x0000000704c00000, 0x0000000800000000)
  region size 2048K, 3 young (6144K), 3 survivors (6144K)
 Metaspace       used 41607K, committed 42112K, reserved 1114112K
  class space    used 4840K, committed 5056K, reserved 1048576K
}
Event: 7.523 GC heap before
{Heap before GC invocations=13 (full 0):
 garbage-first heap   total 69632K, used 48514K [0x0000000704c00000, 0x0000000800000000)
  region size 2048K, 18 young (36864K), 3 survivors (6144K)
 Metaspace       used 50977K, committed 51456K, reserved 1114112K
  class space    used 6115K, committed 6336K, reserved 1048576K
}
Event: 7.531 GC heap after
{Heap after GC invocations=14 (full 0):
 garbage-first heap   total 69632K, used 21589K [0x0000000704c00000, 0x0000000800000000)
  region size 2048K, 3 young (6144K), 3 survivors (6144K)
 Metaspace       used 50977K, committed 51456K, reserved 1114112K
  class space    used 6115K, committed 6336K, reserved 1048576K
}
Event: 8.523 GC heap before
{Heap before GC invocations=14 (full 0):
 garbage-first heap   total 69632K, used 50261K [0x0000000704c00000, 0x0000000800000000)
  region size 2048K, 17 young (34816K), 3 survivors (6144K)
 Metaspace       used 56978K, committed 57472K, reserved 1114112K
  class space    used 6876K, committed 7104K, reserved 1048576K
}
Event: 8.532 GC heap after
{Heap after GC invocations=15 (full 0):
 garbage-first heap   total 69632K, used 23716K [0x0000000704c00000, 0x0000000800000000)
  region size 2048K, 2 young (4096K), 2 survivors (4096K)
 Metaspace       used 56978K, committed 57472K, reserved 1114112K
  class space    used 6876K, committed 7104K, reserved 1048576K
}
Event: 8.742 GC heap before
{Heap before GC invocations=15 (full 0):
 garbage-first heap   total 69632K, used 29860K [0x0000000704c00000, 0x0000000800000000)
  region size 2048K, 6 young (12288K), 2 survivors (4096K)
 Metaspace       used 59715K, committed 60160K, reserved 1114112K
  class space    used 7310K, committed 7552K, reserved 1048576K
}
Event: 8.747 GC heap after
{Heap after GC invocations=16 (full 0):
 garbage-first heap   total 69632K, used 24655K [0x0000000704c00000, 0x0000000800000000)
  region size 2048K, 2 young (4096K), 2 survivors (4096K)
 Metaspace       used 59715K, committed 60160K, reserved 1114112K
  class space    used 7310K, committed 7552K, reserved 1048576K
}
Event: 9.532 GC heap before
{Heap before GC invocations=17 (full 0):
 garbage-first heap   total 69632K, used 49231K [0x0000000704c00000, 0x0000000800000000)
  region size 2048K, 14 young (28672K), 2 survivors (4096K)
 Metaspace       used 64245K, committed 64768K, reserved 1114112K
  class space    used 8163K, committed 8384K, reserved 1048576K
}
Event: 9.537 GC heap after
{Heap after GC invocations=18 (full 0):
 garbage-first heap   total 69632K, used 25368K [0x0000000704c00000, 0x0000000800000000)
  region size 2048K, 1 young (2048K), 1 survivors (2048K)
 Metaspace       used 64245K, committed 64768K, reserved 1114112K
  class space    used 8163K, committed 8384K, reserved 1048576K
}
Event: 10.434 GC heap before
{Heap before GC invocations=18 (full 0):
 garbage-first heap   total 69632K, used 49944K [0x0000000704c00000, 0x0000000800000000)
  region size 2048K, 14 young (28672K), 1 survivors (2048K)
 Metaspace       used 68270K, committed 68736K, reserved 1114112K
  class space    used 8656K, committed 8896K, reserved 1048576K
}
Event: 10.440 GC heap after
{Heap after GC invocations=19 (full 0):
 garbage-first heap   total 69632K, used 27079K [0x0000000704c00000, 0x0000000800000000)
  region size 2048K, 2 young (4096K), 2 survivors (4096K)
 Metaspace       used 68270K, committed 68736K, reserved 1114112K
  class space    used 8656K, committed 8896K, reserved 1048576K
}
Event: 11.062 GC heap before
{Heap before GC invocations=19 (full 0):
 garbage-first heap   total 69632K, used 51655K [0x0000000704c00000, 0x0000000800000000)
  region size 2048K, 14 young (28672K), 2 survivors (4096K)
 Metaspace       used 70853K, committed 71424K, reserved 1114112K
  class space    used 9057K, committed 9344K, reserved 1048576K
}
Event: 11.071 GC heap after
{Heap after GC invocations=20 (full 0):
 garbage-first heap   total 69632K, used 28672K [0x0000000704c00000, 0x0000000800000000)
  region size 2048K, 2 young (4096K), 2 survivors (4096K)
 Metaspace       used 70853K, committed 71424K, reserved 1114112K
  class space    used 9057K, committed 9344K, reserved 1048576K
}
Event: 52.180 GC heap before
{Heap before GC invocations=20 (full 0):
 garbage-first heap   total 69632K, used 53248K [0x0000000704c00000, 0x0000000800000000)
  region size 2048K, 14 young (28672K), 2 survivors (4096K)
 Metaspace       used 73605K, committed 74112K, reserved 1114112K
  class space    used 9420K, committed 9664K, reserved 1048576K
}
Event: 52.188 GC heap after
{Heap after GC invocations=21 (full 0):
 garbage-first heap   total 69632K, used 30650K [0x0000000704c00000, 0x0000000800000000)
  region size 2048K, 2 young (4096K), 2 survivors (4096K)
 Metaspace       used 73605K, committed 74112K, reserved 1114112K
  class space    used 9420K, committed 9664K, reserved 1048576K
}
Event: 52.956 GC heap before
{Heap before GC invocations=21 (full 0):
 garbage-first heap   total 69632K, used 51130K [0x0000000704c00000, 0x0000000800000000)
  region size 2048K, 13 young (26624K), 2 survivors (4096K)
 Metaspace       used 77257K, committed 77824K, reserved 1179648K
  class space    used 9837K, committed 10112K, reserved 1048576K
}
Event: 52.967 GC heap after
{Heap after GC invocations=22 (full 0):
 garbage-first heap   total 69632K, used 33609K [0x0000000704c00000, 0x0000000800000000)
  region size 2048K, 2 young (4096K), 2 survivors (4096K)
 Metaspace       used 77257K, committed 77824K, reserved 1179648K
  class space    used 9837K, committed 10112K, reserved 1048576K
}
Event: 53.499 GC heap before
{Heap before GC invocations=22 (full 0):
 garbage-first heap   total 69632K, used 52041K [0x0000000704c00000, 0x0000000800000000)
  region size 2048K, 12 young (24576K), 2 survivors (4096K)
 Metaspace       used 82304K, committed 82880K, reserved 1179648K
  class space    used 10237K, committed 10496K, reserved 1048576K
}
Event: 53.504 GC heap after
{Heap after GC invocations=23 (full 0):
 garbage-first heap   total 83968K, used 33766K [0x0000000704c00000, 0x0000000800000000)
  region size 2048K, 1 young (2048K), 1 survivors (2048K)
 Metaspace       used 82304K, committed 82880K, reserved 1179648K
  class space    used 10237K, committed 10496K, reserved 1048576K
}

Dll operation events (9 events):
Event: 0.014 Loaded shared library C:\Users\JPiccione\.p2\pool\plugins\org.eclipse.justj.openjdk.hotspot.jre.full.win32.x86_64_17.0.8.v20230831-1047\jre\bin\java.dll
Event: 0.233 Loaded shared library C:\Users\JPiccione\.p2\pool\plugins\org.eclipse.justj.openjdk.hotspot.jre.full.win32.x86_64_17.0.8.v20230831-1047\jre\bin\jimage.dll
Event: 0.252 Loaded shared library C:\Users\JPiccione\.p2\pool\plugins\org.eclipse.justj.openjdk.hotspot.jre.full.win32.x86_64_17.0.8.v20230831-1047\jre\bin\net.dll
Event: 0.255 Loaded shared library C:\Users\JPiccione\.p2\pool\plugins\org.eclipse.justj.openjdk.hotspot.jre.full.win32.x86_64_17.0.8.v20230831-1047\jre\bin\nio.dll
Event: 0.261 Loaded shared library C:\Users\JPiccione\.p2\pool\plugins\org.eclipse.justj.openjdk.hotspot.jre.full.win32.x86_64_17.0.8.v20230831-1047\jre\bin\zip.dll
Event: 5.205 Loaded shared library C:\Users\JPiccione\.p2\pool\plugins\org.eclipse.justj.openjdk.hotspot.jre.full.win32.x86_64_17.0.8.v20230831-1047\jre\bin\sunmscapi.dll
Event: 5.239 Loaded shared library C:\Users\JPiccione\.p2\pool\plugins\org.eclipse.justj.openjdk.hotspot.jre.full.win32.x86_64_17.0.8.v20230831-1047\jre\bin\management.dll
Event: 5.242 Loaded shared library C:\Users\JPiccione\.p2\pool\plugins\org.eclipse.justj.openjdk.hotspot.jre.full.win32.x86_64_17.0.8.v20230831-1047\jre\bin\management_ext.dll
Event: 6.644 Loaded shared library C:\Users\JPiccione\.p2\pool\plugins\org.eclipse.justj.openjdk.hotspot.jre.full.win32.x86_64_17.0.8.v20230831-1047\jre\bin\verify.dll

Deoptimization events (20 events):
Event: 53.615 Thread 0x000001f9d6b08210 Uncommon trap: trap_request=0xffffffcc fr.pc=0x000001f9bde6a524 relative=0x0000000000000284
Event: 53.615 Thread 0x000001f9d6b08210 Uncommon trap: reason=intrinsic_or_type_checked_inlining action=make_not_entrant pc=0x000001f9bde6a524 method=java.util.ArrayList.toArray([Ljava/lang/Object;)[Ljava/lang/Object; @ 36 c2
Event: 53.615 Thread 0x000001f9d6b08210 DEOPT PACKING pc=0x000001f9bde6a524 sp=0x0000000309bf8e80
Event: 53.615 Thread 0x000001f9d6b08210 DEOPT UNPACKING pc=0x000001f9bd4e69a3 sp=0x0000000309bf8e30 mode 2
Event: 53.620 Thread 0x000001f9d6b08210 Uncommon trap: trap_request=0xffffff45 fr.pc=0x000001f9bdc800cc relative=0x000000000000032c
Event: 53.620 Thread 0x000001f9d6b08210 Uncommon trap: reason=unstable_if action=reinterpret pc=0x000001f9bdc800cc method=java.util.HashMap.getNode(Ljava/lang/Object;)Ljava/util/HashMap$Node; @ 66 c2
Event: 53.620 Thread 0x000001f9d6b08210 DEOPT PACKING pc=0x000001f9bdc800cc sp=0x0000000309bf8b80
Event: 53.620 Thread 0x000001f9d6b08210 DEOPT UNPACKING pc=0x000001f9bd4e69a3 sp=0x0000000309bf8ac0 mode 2
Event: 53.620 Thread 0x000001f9d6b08210 Uncommon trap: trap_request=0xffffff45 fr.pc=0x000001f9bdb15360 relative=0x0000000000000340
Event: 53.620 Thread 0x000001f9d6b08210 Uncommon trap: reason=unstable_if action=reinterpret pc=0x000001f9bdb15360 method=java.util.HashMap.getNode(Ljava/lang/Object;)Ljava/util/HashMap$Node; @ 66 c2
Event: 53.620 Thread 0x000001f9d6b08210 DEOPT PACKING pc=0x000001f9bdb15360 sp=0x0000000309bf8b50
Event: 53.620 Thread 0x000001f9d6b08210 DEOPT UNPACKING pc=0x000001f9bd4e69a3 sp=0x0000000309bf8af0 mode 2
Event: 53.620 Thread 0x000001f9d6b08210 Uncommon trap: trap_request=0xffffff45 fr.pc=0x000001f9bde280f0 relative=0x0000000000000ff0
Event: 53.620 Thread 0x000001f9d6b08210 Uncommon trap: reason=unstable_if action=reinterpret pc=0x000001f9bde280f0 method=java.util.HashMap.putVal(ILjava/lang/Object;Ljava/lang/Object;ZZ)Ljava/lang/Object; @ 94 c2
Event: 53.620 Thread 0x000001f9d6b08210 DEOPT PACKING pc=0x000001f9bde280f0 sp=0x0000000309bf8b20
Event: 53.620 Thread 0x000001f9d6b08210 DEOPT UNPACKING pc=0x000001f9bd4e69a3 sp=0x0000000309bf8ad8 mode 2
Event: 53.814 Thread 0x000001f9d6b08210 Uncommon trap: trap_request=0xffffffde fr.pc=0x000001f9bdaa1158 relative=0x0000000000001358
Event: 53.814 Thread 0x000001f9d6b08210 Uncommon trap: reason=class_check action=maybe_recompile pc=0x000001f9bdaa1158 method=jdk.internal.loader.URLClassPath.getLoader(I)Ljdk/internal/loader/URLClassPath$Loader; @ 88 c2
Event: 53.814 Thread 0x000001f9d6b08210 DEOPT PACKING pc=0x000001f9bdaa1158 sp=0x0000000309bf9df0
Event: 53.814 Thread 0x000001f9d6b08210 DEOPT UNPACKING pc=0x000001f9bd4e69a3 sp=0x0000000309bf9e30 mode 2

Classes unloaded (0 events):
No events

Classes redefined (0 events):
No events

Internal exceptions (20 events):
Event: 11.282 Thread 0x000001f9b28f2b10 Exception <a 'sun/nio/fs/WindowsException'{0x000000070c16c5e8}> (0x000000070c16c5e8) 
thrown [s\src\hotspot\share\prims\jni.cpp, line 516]
Event: 11.357 Thread 0x000001f9b28f2b10 Exception <a 'java/lang/IncompatibleClassChangeError'{0x00000007086aaee8}: Found class java.lang.Object, but interface was expected> (0x00000007086aaee8) 
thrown [s\src\hotspot\share\interpreter\linkResolver.cpp, line 826]
Event: 11.445 Thread 0x000001f9b28f2b10 Exception <a 'java/lang/NoSuchMethodError'{0x0000000708545f90}: 'void java.lang.invoke.DirectMethodHandle$Holder.invokeVirtual(java.lang.Object, java.lang.Object, long)'> (0x0000000708545f90) 
thrown [s\src\hotspot\share\interpreter\linkResolver.cpp, line 759]
Event: 11.677 Thread 0x000001f9b28f2b10 Exception <a 'java/lang/NoSuchMethodError'{0x0000000707df6328}: 'java.lang.Object java.lang.invoke.DirectMethodHandle$Holder.newInvokeSpecial(java.lang.Object, java.lang.Object, int, java.lang.Object, java.lang.Object)'> (0x0000000707df6328) 
thrown [s\src\hotspot\share\interpreter\linkResolver.cpp, line 759]
Event: 11.678 Thread 0x000001f9b28f2b10 Exception <a 'java/lang/NoSuchMethodError'{0x0000000707a01e38}: 'java.lang.Object java.lang.invoke.DirectMethodHandle$Holder.invokeSpecial(java.lang.Object, java.lang.Object, int, java.lang.Object, int, java.lang.Object)'> (0x0000000707a01e38) 
thrown [s\src\hotspot\share\interpreter\linkResolver.cpp, line 759]
Event: 11.679 Thread 0x000001f9b28f2b10 Exception <a 'java/lang/NoSuchMethodError'{0x0000000707a09c40}: 'java.lang.Object java.lang.invoke.DirectMethodHandle$Holder.newInvokeSpecial(java.lang.Object, java.lang.Object, int, java.lang.Object, int)'> (0x0000000707a09c40) 
thrown [s\src\hotspot\share\interpreter\linkResolver.cpp, line 759]
Event: 11.679 Thread 0x000001f9b28f2b10 Exception <a 'java/lang/NoSuchMethodError'{0x0000000707a0dd40}: 'java.lang.Object java.lang.invoke.DirectMethodHandle$Holder.invokeSpecial(java.lang.Object, java.lang.Object, java.lang.Object, int, java.lang.Object, int)'> (0x0000000707a0dd40) 
thrown [s\src\hotspot\share\interpreter\linkResolver.cpp, line 759]
Event: 52.236 Thread 0x000001f9d6b08c30 Exception <a 'java/lang/NoSuchMethodError'{0x00000007147b5110}: 'java.lang.Object java.lang.invoke.DirectMethodHandle$Holder.invokeSpecial(java.lang.Object, java.lang.Object, java.lang.Object, java.lang.Object, java.lang.Object, long)'> (0x00000007147b5110) 
thrown [s\src\hotspot\share\interpreter\linkResolver.cpp, line 759]
Event: 52.236 Thread 0x000001f9d6b08c30 Exception <a 'java/lang/NoSuchMethodError'{0x00000007147b8b50}: 'java.lang.Object java.lang.invoke.Invokers$Holder.linkToTargetMethod(java.lang.Object, java.lang.Object, java.lang.Object, long, java.lang.Object)'> (0x00000007147b8b50) 
thrown [s\src\hotspot\share\interpreter\linkResolver.cpp, line 759]
Event: 52.279 Thread 0x000001f9d6b08c30 Exception <a 'java/lang/NoSuchMethodError'{0x000000070c2ef538}: getSession> (0x000000070c2ef538) 
thrown [s\src\hotspot\share\prims\jni.cpp, line 1073]
Event: 52.679 Thread 0x000001f9d6b08210 Implicit null exception at 0x000001f9bda85157 to 0x000001f9bda85744
Event: 52.679 Thread 0x000001f9d6b08210 Implicit null exception at 0x000001f9bda86757 to 0x000001f9bda86d18
Event: 52.870 Thread 0x000001f9d6b08210 Exception <a 'java/lang/ClassNotFoundException'{0x0000000707f93168}: org/apache/taglibs/standard/tag/rt/core/IfTagBeanInfo> (0x0000000707f93168) 
thrown [s\src\hotspot\share\classfile\systemDictionary.cpp, line 256]
Event: 52.872 Thread 0x000001f9d6b08210 Exception <a 'java/lang/ClassNotFoundException'{0x0000000707f9b358}: jakarta/servlet/jsp/jstl/core/ConditionalTagSupportBeanInfo> (0x0000000707f9b358) 
thrown [s\src\hotspot\share\classfile\systemDictionary.cpp, line 256]
Event: 52.874 Thread 0x000001f9d6b08210 Exception <a 'java/lang/ClassNotFoundException'{0x0000000707fa3120}: jakarta/servlet/jsp/tagext/TagSupportBeanInfo> (0x0000000707fa3120) 
thrown [s\src\hotspot\share\classfile\systemDictionary.cpp, line 256]
Event: 52.876 Thread 0x000001f9d6b08210 Exception <a 'java/lang/ClassNotFoundException'{0x0000000707fa8060}: java/lang/ObjectBeanInfo> (0x0000000707fa8060) 
thrown [s\src\hotspot\share\classfile\systemDictionary.cpp, line 256]
Event: 52.878 Thread 0x000001f9d6b08210 Exception <a 'java/lang/ClassNotFoundException'{0x0000000707fad2e0}: java/lang/ObjectCustomizer> (0x0000000707fad2e0) 
thrown [s\src\hotspot\share\classfile\systemDictionary.cpp, line 256]
Event: 52.884 Thread 0x000001f9d6b08210 Exception <a 'java/lang/ClassNotFoundException'{0x0000000707fbcd48}: jakarta/servlet/jsp/tagext/TagSupportCustomizer> (0x0000000707fbcd48) 
thrown [s\src\hotspot\share\classfile\systemDictionary.cpp, line 256]
Event: 52.888 Thread 0x000001f9d6b08210 Exception <a 'java/lang/ClassNotFoundException'{0x0000000707fd4568}: jakarta/servlet/jsp/jstl/core/ConditionalTagSupportCustomizer> (0x0000000707fd4568) 
thrown [s\src\hotspot\share\classfile\systemDictionary.cpp, line 256]
Event: 52.892 Thread 0x000001f9d6b08210 Exception <a 'java/lang/ClassNotFoundException'{0x0000000707fe28c8}: org/apache/taglibs/standard/tag/rt/core/IfTagCustomizer> (0x0000000707fe28c8) 
thrown [s\src\hotspot\share\classfile\systemDictionary.cpp, line 256]

VM Operations (20 events):
Event: 52.620 Executing VM operation: HandshakeAllThreads
Event: 52.620 Executing VM operation: HandshakeAllThreads done
Event: 52.620 Executing VM operation: HandshakeAllThreads
Event: 52.620 Executing VM operation: HandshakeAllThreads done
Event: 52.639 Executing VM operation: HandshakeAllThreads
Event: 52.639 Executing VM operation: HandshakeAllThreads done
Event: 52.822 Executing VM operation: HandshakeAllThreads
Event: 52.822 Executing VM operation: HandshakeAllThreads done
Event: 52.956 Executing VM operation: G1CollectForAllocation
Event: 52.967 Executing VM operation: G1CollectForAllocation done
Event: 53.499 Executing VM operation: G1CollectForAllocation
Event: 53.504 Executing VM operation: G1CollectForAllocation done
Event: 53.818 Executing VM operation: ChangeBreakpoints
Event: 53.820 Executing VM operation: ChangeBreakpoints done
Event: 53.820 Executing VM operation: ChangeBreakpoints
Event: 53.821 Executing VM operation: ChangeBreakpoints done
Event: 53.823 Executing VM operation: get/set locals
Event: 53.824 Executing VM operation: get/set locals done
Event: 53.824 Executing VM operation: get/set locals
Event: 53.824 Executing VM operation: get/set locals done

Events (20 events):
Event: 52.977 loading class sun/util/ResourceBundleEnumeration
Event: 52.977 loading class sun/util/ResourceBundleEnumeration done
Event: 53.279 loading class java/io/FileWriter
Event: 53.279 loading class java/io/FileWriter done
Event: 53.383 loading class java/lang/NegativeArraySizeException
Event: 53.383 loading class java/lang/NegativeArraySizeException done
Event: 53.405 loading class java/net/URLClassLoader$2
Event: 53.405 loading class java/net/URLClassLoader$2 done
Event: 53.493 loading class sun/net/www/protocol/jrt/JavaRuntimeURLConnection
Event: 53.493 loading class sun/net/www/protocol/jrt/JavaRuntimeURLConnection done
Event: 53.494 loading class sun/net/www/protocol/jrt/JavaRuntimeURLConnection$1
Event: 53.494 loading class sun/net/www/protocol/jrt/JavaRuntimeURLConnection$1 done
Event: 53.495 Thread 0x000001f9d0a76050 Thread exited: 0x000001f9d0a76050
Event: 53.512 loading class java/text/MessageFormat$Field
Event: 53.512 loading class java/text/MessageFormat$Field done
Event: 53.804 loading class java/util/Hashtable$ValueCollection
Event: 53.804 loading class java/util/Hashtable$ValueCollection done
Event: 53.813 loading class java/net/URLClassLoader$1
Event: 53.813 loading class java/net/URLClassLoader$1 done
Event: 53.823 Thread 0x000001f9dcbfe510 Thread added: 0x000001f9dcbfe510


Dynamic libraries:
0x00007ff785260000 - 0x00007ff78526e000 	C:\Users\JPiccione\.p2\pool\plugins\org.eclipse.justj.openjdk.hotspot.jre.full.win32.x86_64_17.0.8.v20230831-1047\jre\bin\javaw.exe
0x000001f9b0520000 - 0x000001f9b0718000 	C:\windows\SYSTEM32\ntd1l.dll
0x000001f9b0720000 - 0x000001f9b07dd000 	C:\windows\System32\kern3l32.dll
0x00007fffba9b0000 - 0x00007fffbaba8000 	C:\windows\SYSTEM32\ntdll.dll
0x00007fffba520000 - 0x00007fffba5dd000 	C:\windows\System32\KERNEL32.DLL
0x00007fffb8510000 - 0x00007fffb8806000 	C:\windows\System32\KERNELBASE.dll
0x00007fffb7b00000 - 0x00007fffb7e13000 	C:\Program Files\SentinelOne\Sentinel Agent 23.1.4.650\InProcessClient64.dll
0x00007fffb8b90000 - 0x00007fffb8c3e000 	C:\windows\System32\ADVAPI32.dll
0x00007fffba750000 - 0x00007fffba7ee000 	C:\windows\System32\msvcrt.dll
0x00007fffb9830000 - 0x00007fffb98cc000 	C:\windows\System32\sechost.dll
0x00007fffba620000 - 0x00007fffba746000 	C:\windows\System32\RPCRT4.dll
0x00007fffb88c0000 - 0x00007fffb89c0000 	C:\windows\System32\ucrtbase.dll
0x00007fffb5c00000 - 0x00007fffb5c17000 	C:\Users\JPiccione\.p2\pool\plugins\org.eclipse.justj.openjdk.hotspot.jre.full.win32.x86_64_17.0.8.v20230831-1047\jre\bin\jli.dll
0x00007fffb1f00000 - 0x00007fffb1f19000 	C:\Users\JPiccione\.p2\pool\plugins\org.eclipse.justj.openjdk.hotspot.jre.full.win32.x86_64_17.0.8.v20230831-1047\jre\bin\VCRUNTIME140.dll
0x00007fffba380000 - 0x00007fffba51e000 	C:\windows\System32\USER32.dll
0x00007fffb7130000 - 0x00007fffb73ca000 	C:\windows\WinSxS\amd64_microsoft.windows.common-controls_6595b64144ccf1df_6.0.19041.1110_none_60b5254171f9507e\COMCTL32.dll
0x00007fffb81f0000 - 0x00007fffb8212000 	C:\windows\System32\win32u.dll
0x00007fffba5e0000 - 0x00007fffba60c000 	C:\windows\System32\GDI32.dll
0x00007fffb83f0000 - 0x00007fffb850a000 	C:\windows\System32\gdi32full.dll
0x00007fffb82b0000 - 0x00007fffb834d000 	C:\windows\System32\msvcp_win.dll
0x00007fffb76b0000 - 0x00007fffb76ba000 	C:\windows\SYSTEM32\VERSION.dll
0x00007fffb76a0000 - 0x00007fffb76ab000 	C:\windows\SYSTEM32\FLTLIB.DLL
0x00007fffb97e0000 - 0x00007fffb9810000 	C:\windows\System32\IMM32.DLL
0x00007fffb1ec0000 - 0x00007fffb1ecc000 	C:\Users\JPiccione\.p2\pool\plugins\org.eclipse.justj.openjdk.hotspot.jre.full.win32.x86_64_17.0.8.v20230831-1047\jre\bin\vcruntime140_1.dll
0x00007fff910b0000 - 0x00007fff91141000 	C:\Users\JPiccione\.p2\pool\plugins\org.eclipse.justj.openjdk.hotspot.jre.full.win32.x86_64_17.0.8.v20230831-1047\jre\bin\msvcp140.dll
0x00007fff42050000 - 0x00007fff42c9c000 	C:\Users\JPiccione\.p2\pool\plugins\org.eclipse.justj.openjdk.hotspot.jre.full.win32.x86_64_17.0.8.v20230831-1047\jre\bin\server\jvm.dll
0x00007fffb7970000 - 0x00007fffb79bb000 	C:\windows\SYSTEM32\POWRPROF.dll
0x00007fffb0430000 - 0x00007fffb0439000 	C:\windows\SYSTEM32\WSOCK32.dll
0x00007fffb95e0000 - 0x00007fffb964b000 	C:\windows\System32\WS2_32.dll
0x00007fff99f40000 - 0x00007fff99f67000 	C:\windows\SYSTEM32\WINMM.dll
0x00007fffb73d0000 - 0x00007fffb73e2000 	C:\windows\SYSTEM32\UMPDC.dll
0x00007fffb4b50000 - 0x00007fffb4b62000 	C:\windows\SYSTEM32\kernel.appcore.dll
0x00007fff97d80000 - 0x00007fff97d8a000 	C:\Users\JPiccione\.p2\pool\plugins\org.eclipse.justj.openjdk.hotspot.jre.full.win32.x86_64_17.0.8.v20230831-1047\jre\bin\jimage.dll
0x00007fffb7780000 - 0x00007fffb7964000 	C:\windows\SYSTEM32\DBGHELP.DLL
0x00007fffb76c0000 - 0x00007fffb76f4000 	C:\windows\SYSTEM32\dbgcore.DLL
0x00007fffb8220000 - 0x00007fffb82a2000 	C:\windows\System32\bcryptPrimitives.dll
0x00007fff80f30000 - 0x00007fff80fab000 	C:\Program Files\SentinelOne\Sentinel Agent 23.1.4.650\SentinelJava64.dll
0x00007fffb96b0000 - 0x00007fffb97da000 	C:\windows\System32\ole32.dll
0x00007fffb98d0000 - 0x00007fffb9c24000 	C:\windows\System32\combase.dll
0x00007fff85570000 - 0x00007fff85595000 	C:\Users\JPiccione\.p2\pool\plugins\org.eclipse.justj.openjdk.hotspot.jre.full.win32.x86_64_17.0.8.v20230831-1047\jre\bin\java.dll
0x00007fff8da90000 - 0x00007fff8daa8000 	C:\Users\JPiccione\.p2\pool\plugins\org.eclipse.justj.openjdk.hotspot.jre.full.win32.x86_64_17.0.8.v20230831-1047\jre\bin\zip.dll
0x00007fffb9c30000 - 0x00007fffba375000 	C:\windows\System32\SHELL32.dll
0x00007fffb4ce0000 - 0x00007fffb547b000 	C:\windows\SYSTEM32\windows.storage.dll
0x00007fffb7090000 - 0x00007fffb70be000 	C:\windows\SYSTEM32\Wldp.dll
0x00007fffba810000 - 0x00007fffba8bd000 	C:\windows\System32\SHCORE.dll
0x00007fffb8a10000 - 0x00007fffb8a65000 	C:\windows\System32\shlwapi.dll
0x00007fffb7fc0000 - 0x00007fffb7fe5000 	C:\windows\SYSTEM32\profapi.dll
0x00007fffa9300000 - 0x00007fffa9319000 	C:\Users\JPiccione\.p2\pool\plugins\org.eclipse.justj.openjdk.hotspot.jre.full.win32.x86_64_17.0.8.v20230831-1047\jre\bin\net.dll
0x00007fffb66e0000 - 0x00007fffb67ea000 	C:\windows\SYSTEM32\WINHTTP.dll
0x00007fffb6e60000 - 0x00007fffb6eca000 	C:\windows\system32\mswsock.dll
0x00007fff874d0000 - 0x00007fff874e5000 	C:\Users\JPiccione\.p2\pool\plugins\org.eclipse.justj.openjdk.hotspot.jre.full.win32.x86_64_17.0.8.v20230831-1047\jre\bin\nio.dll
0x00007fffb7ae0000 - 0x00007fffb7af8000 	C:\windows\SYSTEM32\CRYPTSP.dll
0x00007fffb6650000 - 0x00007fffb6684000 	C:\windows\system32\rsaenh.dll
0x00007fffb83c0000 - 0x00007fffb83e7000 	C:\windows\System32\bcrypt.dll
0x00007fffb7f80000 - 0x00007fffb7fae000 	C:\windows\SYSTEM32\USERENV.dll
0x00007fffb7080000 - 0x00007fffb708c000 	C:\windows\SYSTEM32\CRYPTBASE.dll
0x00007fffb6ae0000 - 0x00007fffb6b1b000 	C:\windows\SYSTEM32\IPHLPAPI.DLL
0x00007fffb9810000 - 0x00007fffb9818000 	C:\windows\System32\NSI.dll
0x00007fffb08d0000 - 0x00007fffb08e7000 	C:\windows\SYSTEM32\dhcpcsvc6.DLL
0x00007fffb0880000 - 0x00007fffb089d000 	C:\windows\SYSTEM32\dhcpcsvc.DLL
0x00007fffb6b30000 - 0x00007fffb6bfa000 	C:\windows\SYSTEM32\DNSAPI.dll
0x00007fff90170000 - 0x00007fff9017e000 	C:\Users\JPiccione\.p2\pool\plugins\org.eclipse.justj.openjdk.hotspot.jre.full.win32.x86_64_17.0.8.v20230831-1047\jre\bin\sunmscapi.dll
0x00007fffb8090000 - 0x00007fffb81ee000 	C:\windows\System32\CRYPT32.dll
0x00007fffb7100000 - 0x00007fffb7128000 	C:\windows\SYSTEM32\ncrypt.dll
0x00007fffb70c0000 - 0x00007fffb70fb000 	C:\windows\SYSTEM32\NTASN1.dll
0x00007fffb1eb0000 - 0x00007fffb1eb9000 	C:\Users\JPiccione\.p2\pool\plugins\org.eclipse.justj.openjdk.hotspot.jre.full.win32.x86_64_17.0.8.v20230831-1047\jre\bin\management.dll
0x00007fffb1e80000 - 0x00007fffb1e8b000 	C:\Users\JPiccione\.p2\pool\plugins\org.eclipse.justj.openjdk.hotspot.jre.full.win32.x86_64_17.0.8.v20230831-1047\jre\bin\management_ext.dll
0x00007fffb9820000 - 0x00007fffb9828000 	C:\windows\System32\PSAPI.DLL
0x00007fff979d0000 - 0x00007fff979e0000 	C:\Users\JPiccione\.p2\pool\plugins\org.eclipse.justj.openjdk.hotspot.jre.full.win32.x86_64_17.0.8.v20230831-1047\jre\bin\verify.dll
0x00007fffab2e0000 - 0x00007fffab2ea000 	C:\Windows\System32\rasadhlp.dll
0x00007fffafff0000 - 0x00007fffb0072000 	C:\windows\System32\fwpuclnt.dll
0x00007fffa8040000 - 0x00007fffa8057000 	C:\windows\system32\napinsp.dll
0x00007fffa8060000 - 0x00007fffa807b000 	C:\windows\system32\pnrpnsp.dll
0x00007fffb0b80000 - 0x00007fffb0b95000 	C:\windows\system32\wshbth.dll
0x00007fffb1a90000 - 0x00007fffb1aad000 	C:\windows\system32\NLAapi.dll
0x00007fffa8150000 - 0x00007fffa8162000 	C:\windows\System32\winrnr.dll
0x00007fffa92f0000 - 0x00007fffa92f7000 	C:\windows\system32\wshunix.dll

dbghelp: loaded successfully - version: 4.0.5 - missing functions: none
symbol engine: initialized successfully - sym options: 0x614 - pdb path: .;C:\Users\JPiccione\.p2\pool\plugins\org.eclipse.justj.openjdk.hotspot.jre.full.win32.x86_64_17.0.8.v20230831-1047\jre\bin;C:\windows\SYSTEM32;C:\Program Files\SentinelOne\Sentinel Agent 23.1.4.650;C:\windows\WinSxS\amd64_microsoft.windows.common-controls_6595b64144ccf1df_6.0.19041.1110_none_60b5254171f9507e;C:\Users\JPiccione\.p2\pool\plugins\org.eclipse.justj.openjdk.hotspot.jre.full.win32.x86_64_17.0.8.v20230831-1047\jre\bin\server

VM Arguments:
jvm_args: -Dfile.encoding=UTF-8 -XX:+ShowCodeDetailsInExceptionMessages -agentpath:C:\Program Files\SentinelOne\Sentinel Agent 23.1.4.650\SentinelJava64.dll 
java_command: com.spencer.ItemApp.ItemAppApplication
java_class_path (initial): C:\Users\JPiccione\OneDrive - Spencer Gifts LLC\Documents\ItemApp\target\classes;C:\Users\JPiccione\.m2\repository\org\springframework\boot\spring-boot-starter-data-jpa\3.1.4\spring-boot-starter-data-jpa-3.1.4.jar;C:\Users\JPiccione\.m2\repository\org\springframework\boot\spring-boot-starter-aop\3.1.4\spring-boot-starter-aop-3.1.4.jar;C:\Users\JPiccione\.m2\repository\org\aspectj\aspectjweaver\1.9.20\aspectjweaver-1.9.20.jar;C:\Users\JPiccione\.m2\repository\org\springframework\boot\spring-boot-starter-jdbc\3.1.4\spring-boot-starter-jdbc-3.1.4.jar;C:\Users\JPiccione\.m2\repository\com\zaxxer\HikariCP\5.0.1\HikariCP-5.0.1.jar;C:\Users\JPiccione\.m2\repository\org\springframework\spring-jdbc\6.0.12\spring-jdbc-6.0.12.jar;C:\Users\JPiccione\.m2\repository\org\hibernate\orm\hibernate-core\6.2.9.Final\hibernate-core-6.2.9.Final.jar;C:\Users\JPiccione\.m2\repository\jakarta\persistence\jakarta.persistence-api\3.1.0\jakarta.persistence-api-3.1.0.jar;C:\Users\JPiccione\.m2\repository\jakarta\transaction\jakarta.transaction-api\2.0.1\jakarta.transaction-api-2.0.1.jar;C:\Users\JPiccione\.m2\repository\org\jboss\logging\jboss-logging\3.5.3.Final\jboss-logging-3.5.3.Final.jar;C:\Users\JPiccione\.m2\repository\org\hibernate\common\hibernate-commons-annotations\6.0.6.Final\hibernate-commons-annotations-6.0.6.Final.jar;C:\Users\JPiccione\.m2\repository\io\smallrye\jandex\3.0.5\jandex-3.0.5.jar;C:\Users\JPiccione\.m2\repository\com\fasterxml\classmate\1.5.1\classmate-1.5.1.jar;C:\Users\JPiccione\.m2\repository\net\bytebuddy\byte-buddy\1.14.8\byte-buddy-1.14.8.jar;C:\Users\JPiccione\.m2\repository\org\glassfish\jaxb\jaxb-runtime\4.0.3\jaxb-runtime-4.0.3.jar;C:\Users\JPiccione\.m2\repository\org\glassfish\jaxb\jaxb-core\4.0.3\jaxb-core-4.0.3.jar;C:\Users\JPiccione\.m2\repository\org\eclipse\angus\angus-activation\2.0.1\angus-activation-2.0.1.jar;C:\Users\JPiccione\.m2\repository\org\glassfish\jaxb\txw2\4.0.3\txw2-4.0.3.jar;C:\Users\JPiccione\.m2\repositor
Launcher Type: SUN_STANDARD

[Global flags]
     intx CICompilerCount                          = 3                                         {product} {ergonomic}
     uint ConcGCThreads                            = 1                                         {product} {ergonomic}
     uint G1ConcRefinementThreads                  = 4                                         {product} {ergonomic}
   size_t G1HeapRegionSize                         = 2097152                                   {product} {ergonomic}
    uintx GCDrainStackTargetSize                   = 64                                        {product} {ergonomic}
   size_t InitialHeapSize                          = 264241152                                 {product} {ergonomic}
   size_t MarkStackSize                            = 4194304                                   {product} {ergonomic}
   size_t MaxHeapSize                              = 4215275520                                {product} {ergonomic}
   size_t MaxNewSize                               = 2529165312                                {product} {ergonomic}
   size_t MinHeapDeltaBytes                        = 2097152                                   {product} {ergonomic}
   size_t MinHeapSize                              = 8388608                                   {product} {ergonomic}
    uintx NonNMethodCodeHeapSize                   = 5832780                                {pd product} {ergonomic}
    uintx NonProfiledCodeHeapSize                  = 122912730                              {pd product} {ergonomic}
    uintx ProfiledCodeHeapSize                     = 122912730                              {pd product} {ergonomic}
    uintx ReservedCodeCacheSize                    = 251658240                              {pd product} {ergonomic}
     bool SegmentedCodeCache                       = true                                      {product} {ergonomic}
     bool ShowCodeDetailsInExceptionMessages       = true                                   {manageable} {command line}
   size_t SoftMaxHeapSize                          = 4215275520                             {manageable} {ergonomic}
     bool UseCompressedClassPointers               = true                           {product lp64_product} {ergonomic}
     bool UseCompressedOops                        = true                           {product lp64_product} {ergonomic}
     bool UseG1GC                                  = true                                      {product} {ergonomic}
     bool UseLargePagesIndividualAllocation        = false                                  {pd product} {ergonomic}

Logging:
Log output configuration:
 #0: stdout all=warning uptime,level,tags
 #1: stderr all=off uptime,level,tags

Environment Variables:
PATH=C:/Users/JPiccione/.p2/pool/plugins/org.eclipse.justj.openjdk.hotspot.jre.full.win32.x86_64_17.0.8.v20230831-1047/jre/bin/server;C:/Users/JPiccione/.p2/pool/plugins/org.eclipse.justj.openjdk.hotspot.jre.full.win32.x86_64_17.0.8.v20230831-1047/jre/bin;C:\Program Files\Common Files\Oracle\Java\javapath;C:\Program Files (x86)\Common Files\Oracle\Java\javapath;C:\Program Files\Microsoft\jdk-11.0.16.101-hotspot\bin;C:\Program Files (x86)\Business Objects\Common\3.5\bin\NOTES\;C:\Program Files (x86)\Business Objects\Common\3.5\bin\NOTES\DATA\;C:\windows\system32;C:\windows;C:\windows\System32\Wbem;C:\windows\System32\WindowsPowerShell\v1.0\;C:\windows\System32\OpenSSH\;C:\Program Files (x86)\IBM\Client Access\Emulator;C:\Program Files (x86)\IBM\Client Access\Shared;C:\Program Files (x86)\IBM\Client Access\;C:\Program Files (x86)\HEAT\;C:\Program Files (x86)\Microsoft SQL Server\160\DTS\Binn\;C:\Program Files\Azure Data Studio\bin;C:\Program Files\PuTTY\;C:\Program Files\Git\cmd;C:\Program Files\Microsoft SQL Server\150\Tools\Binn\;C:\Program Files\Microsoft SQL Server\Client SDK\ODBC\170\Tools\Binn\;C:\Program Files\dotnet\;C:\Program Files (x86)\Windows Kits\10\Windows Performance Toolkit\;c:\Program Files (x86)\Microsoft SQL Server\110\Tools\Binn\;c:\Program Files\Microsoft SQL Server\110\Tools\Binn\;c:\Program Files\Microsoft SQL Server\110\DTS\Binn\;C:\Program Files (x86)\Microsoft SQL Server\150\Tools\Binn\;C:\Program Files\Microsoft SQL Server\150\DTS\Binn\;C:\Users\JPiccione\AppData\Local\Microsoft\WindowsApps;C:\Program Files\Azure Data Studio\bin;C:\Users\JPiccione\.dotnet\tools;C:\Users\JPiccione\AppData\Local\Programs\Azure Data Studio\bin;C:\Program Files\JetBrains\IntelliJ IDEA 2023.2\bin;;C:\Users\JPiccione\AppData\Local\GitHubDesktop\bin;C:\Users\JPiccione\OneDrive - Spencer Gifts LLC\Desktop;
USERNAME=JPiccione
OS=Windows_NT
PROCESSOR_IDENTIFIER=Intel64 Family 6 Model 61 Stepping 4, GenuineIntel
TMP=C:\Users\JPICCI~1\AppData\Local\Temp
TEMP=C:\Users\JPICCI~1\AppData\Local\Temp



---------------  S Y S T E M  ---------------

OS:
 Windows 10 , 64 bit Build 19041 (10.0.19041.3393)
OS uptime: 1 days 4:55 hours

CPU: total 4 (initial active 4) (2 cores per cpu, 2 threads per core) family 6 model 61 stepping 4 microcode 0x2d, cx8, cmov, fxsr, ht, mmx, 3dnowpref, sse, sse2, sse3, ssse3, sse4.1, sse4.2, popcnt, lzcnt, tsc, tscinvbit, avx, avx2, aes, erms, clmul, bmi1, bmi2, rtm, adx, fma, vzeroupper, clflush
Processor Information for all 4 processors :
  Max Mhz: 2594, Current Mhz: 2594, Mhz Limit: 2594

Memory: 4k page, system-wide physical 16079M (7734M free)
TotalPageFile size 18511M (AvailPageFile size 7691M)
current process WorkingSet (physical memory assigned to process): 306M, peak: 377M
current process commit charge ("private bytes"): 337M, peak: 393M

vm_info: OpenJDK 64-Bit Server VM (17.0.8.1+1) for windows-amd64 JRE (17.0.8.1+1), built on Aug 23 2023 15:29:17 by "admin" with MS VC++ 16.7 (VS2019)

END.
