#
# A fatal error has been detected by the Java Runtime Environment:
#
#  EXCEPTION_ACCESS_VIOLATION (0xc0000005) at pc=0x0000014e520376b6, pid=17620, tid=12584
#
# JRE version: OpenJDK Runtime Environment Temurin-17.0.8.1+1 (17.0.8.1+1) (build 17.0.8.1+1)
# Java VM: OpenJDK 64-Bit Server VM Temurin-17.0.8.1+1 (17.0.8.1+1, mixed mode, tiered, compressed oops, compressed class ptrs, g1 gc, windows-amd64)
# Problematic frame:
# J 6184 c1 jakarta.servlet.http.HttpServletRequestWrapper._getHttpServletRequest()Ljakarta/servlet/http/HttpServletRequest; (8 bytes) @ 0x0000014e520376b6 [0x0000014e52037620+0x0000000000000096]
#
# No core dump will be written. Minidumps are not enabled by default on client versions of Windows
#
# If you would like to submit a bug report, please visit:
#   https://github.com/adoptium/adoptium-support/issues
#

---------------  S U M M A R Y ------------

Command Line: -Dfile.encoding=UTF-8 -XX:+ShowCodeDetailsInExceptionMessages -agentpath:C:\Program Files\SentinelOne\Sentinel Agent 23.1.4.650\SentinelJava64.dll com.spencer.ItemApp.ItemAppApplication

Host: Intel(R) Core(TM) i7-5600U CPU @ 2.60GHz, 4 cores, 15G,  Windows 10 , 64 bit Build 19041 (10.0.19041.3570)
Time: Mon Nov 20 10:38:32 2023 Eastern Standard Time elapsed time: 18.976655 seconds (0d 0h 0m 18s)

---------------  T H R E A D  ---------------

Current thread (0x0000014e743c0070):  JavaThread "http-nio-8080-exec-2" daemon [_thread_in_Java, id=12584, stack(0x00000011dcc00000,0x00000011dcd00000)]

Stack: [0x00000011dcc00000,0x00000011dcd00000],  sp=0x00000011dccf9680,  free space=997k
Native frames: (J=compiled Java code, j=interpreted, Vv=VM code, C=native code)
C  0x0000014e520376b6


siginfo: EXCEPTION_ACCESS_VIOLATION (0xc0000005), reading address 0x000000000003ffe0


Register to memory mapping:

RIP=0x0000014e520376b6 is at entry_point+150 in (nmethod*)0x0000014e52037490
RAX=0x000000000003ffd8 is an unknown value
RBX=0x0000000800387e00 is a pointer to class: 
jakarta.servlet.http.HttpServletRequest {0x0000000800387e08}
 - instance size:     2
 - klass size:        63
 - access:            public interface abstract 
 - state:             fully_initialized
 - name:              'jakarta/servlet/http/HttpServletRequest'
 - super:             'java/lang/Object'
 - sub:               
 - nof implementors:  2
 - arrays:            NULL
 - methods:           Array<T>(0x0000014e6eaa7c90)
 - method ordering:   Array<T>(0x0000014e6d000018)
 - default_methods:   Array<T>(0x0000000000000000)
 - local interfaces:  Array<T>(0x0000014e6eaabcd8)
 - trans. interfaces: Array<T>(0x0000014e6eaabcd8)
 - constants:         constant pool [249] {0x0000014e6eaae8c0} for 'jakarta/servlet/http/HttpServletRequest' cache=0x0000014e70fdc660
 - class loader data:  loader data: 0x0000014e6c85a830 for instance a 'jdk/internal/loader/ClassLoaders$AppClassLoader'{0x0000000704fb8170}
 - source file:       'HttpServletRequest.java'
 - class annotations:       Array<T>(0x0000000000000000)
 - class type annotations:  Array<T>(0x0000000000000000)
 - field annotations:       Array<T>(0x0000000000000000)
 - field type annotations:  Array<T>(0x0000000000000000)
 - inner classes:     Array<T>(0x0000014e6eaad068)
 - nest members:     Array<T>(0x0000014e6eaad080)
 - permitted subclasses:     Array<T>(0x0000014e6d000028)
 - java mirror:       a 'java/lang/Class'{0x0000000705015730} = 'jakarta/servlet/http/HttpServletRequest'
 - vtable length      5  (start addr: 0x0000000800387fc8)
 - itable length      0 (start addr: 0x0000000800387ff0)
 - ---- static fields (2 words):
 - public static final 'BASIC_AUTH' 'Ljava/lang/String;' @112 
 - public static final 'FORM_AUTH' 'Ljava/lang/String;' @116 
 - public static final 'CLIENT_CERT_AUTH' 'Ljava/lang/String;' @120 
 - public static final 'DIGEST_AUTH' 'Ljava/lang/String;' @124 
 - ---- non-static fields (0 words):
 - non-static oop maps: 
RCX=0x00000011dccfa330 is pointing into the stack for thread: 0x0000014e743c0070
RDX=0x00000011dccfa330 is pointing into the stack for thread: 0x0000014e743c0070
RSP=0x00000011dccf9680 is pointing into the stack for thread: 0x0000014e743c0070
RBP=0x00000011dccf9720 is pointing into the stack for thread: 0x0000014e743c0070
RSI=0x0000014e7a06fe18 is pointing into metadata
RDI=0x0000014e743c0070 is a thread
R8 =0x00000011dccf9b80 is pointing into the stack for thread: 0x0000014e743c0070
R9 =0x0000000000000001 is an unknown value
R10=0x00007ffb7e200ca0 jvm.dll
R11=0x0000014e52037640 is at entry_point+32 in (nmethod*)0x0000014e52037490
R12=0x0 is NULL
R13=0x00000011dccf96d0 is pointing into the stack for thread: 0x0000014e743c0070
R14=0x00000011dccf9738 is pointing into the stack for thread: 0x0000014e743c0070
R15=0x0000014e743c0070 is a thread


Registers:
RAX=0x000000000003ffd8, RBX=0x0000000800387e00, RCX=0x00000011dccfa330, RDX=0x00000011dccfa330
RSP=0x00000011dccf9680, RBP=0x00000011dccf9720, RSI=0x0000014e7a06fe18, RDI=0x0000014e743c0070
R8 =0x00000011dccf9b80, R9 =0x0000000000000001, R10=0x00007ffb7e200ca0, R11=0x0000014e52037640
R12=0x0000000000000000, R13=0x00000011dccf96d0, R14=0x00000011dccf9738, R15=0x0000014e743c0070
RIP=0x0000014e520376b6, EFLAGS=0x0000000000010206

Top of Stack: (sp=0x00000011dccf9680)
0x00000011dccf9680:   0000000000000000 0000000000000000
0x00000011dccf9690:   ffffffffffffffff 0000000000000000
0x00000011dccf96a0:   0405060700010203 0000000000000000
0x00000011dccf96b0:   00000011dccf9720 0000014e58ac9657
0x00000011dccf96c0:   0000000000000000 0000014e58ac9657
0x00000011dccf96d0:   00000011dccfa330 00000011dccf96d8
0x00000011dccf96e0:   0000014e70d4ab09 00000011dccf9738
0x00000011dccf96f0:   0000014e7a0278a0 0000000000000000
0x00000011dccf9700:   000000070665e848 0000014e70d4ab38
0x00000011dccf9710:   00000011dccf96d0 00000011dccf9730
0x00000011dccf9720:   00000011dccf9910 0000014e58ac1010
0x00000011dccf9730:   00000007076300a8 00000011dccfa330
0x00000011dccf9740:   0000014e58ac8e10 0000000700000000
0x00000011dccf9750:   0000000000000000 0000000000000000
0x00000011dccf9760:   0000000000000000 0000000000000000
0x00000011dccf9770:   0000000000000000 0000000000000000 

Instructions: (pc=0x0000014e520376b6)
0x0000014e520375b6:   00 00 38 04 00 00 20 00 00 00 28 18 00 00 03 00
0x0000014e520375c6:   00 00 00 00 00 00 02 00 00 00 00 00 00 00 04 00
0x0000014e520375d6:   00 00 df 01 00 00 02 00 00 00 ff ff ff ff ff ff
0x0000014e520375e6:   ff ff 14 60 18 c0 2b c0 1f c0 16 c0 2f 64 10 c0
0x0000014e520375f6:   93 c0 21 b0 0e c0 17 64 0e 64 38 f0 05 80 11 64
0x0000014e52037606:   29 64 0f 00 00 64 03 f8 f9 7d 18 aa fb 7f 05 70
0x0000014e52037616:   0e 60 01 f8 7e ff 0e 90 0c 64 44 8b 52 08 49 bb
0x0000014e52037626:   00 00 00 00 08 00 00 00 4d 03 d3 4c 3b d0 0f 85
0x0000014e52037636:   46 9a ad 06 66 0f 1f 44 00 00 89 84 24 00 90 ff
0x0000014e52037646:   ff 55 48 83 ec 30 48 b8 18 fe 06 7a 4e 01 00 00
0x0000014e52037656:   8b b0 cc 00 00 00 83 c6 02 89 b0 cc 00 00 00 81
0x0000014e52037666:   e6 fe 07 00 00 83 fe 00 0f 84 39 01 00 00 48 8b
0x0000014e52037676:   c2 48 be 18 fe 06 7a 4e 01 00 00 48 83 86 10 01
0x0000014e52037686:   00 00 01 8b 42 0c 48 c1 e0 03 48 83 f8 00 75 16
0x0000014e52037696:   48 bf 18 fe 06 7a 4e 01 00 00 80 8f 19 01 00 00
0x0000014e520376a6:   01 e9 ee 00 00 00 48 bb 00 7e 38 00 08 00 00 00
0x0000014e520376b6:   8b 78 08 49 ba 00 00 00 00 08 00 00 00 49 03 fa
0x0000014e520376c6:   48 3b 5f 20 0f 84 1b 00 00 00 48 3b fb 0f 84 12
0x0000014e520376d6:   00 00 00 57 53 e8 a0 fc b7 06 5f 5f 83 ff 00 0f
0x0000014e520376e6:   84 93 00 00 00 48 bf 18 fe 06 7a 4e 01 00 00 8b
0x0000014e520376f6:   58 08 49 ba 00 00 00 00 08 00 00 00 49 03 da 48
0x0000014e52037706:   3b 9f 30 01 00 00 75 0d 48 83 87 38 01 00 00 01
0x0000014e52037716:   e9 7f 00 00 00 48 3b 9f 40 01 00 00 75 0d 48 83
0x0000014e52037726:   87 48 01 00 00 01 e9 69 00 00 00 48 81 bf 30 01
0x0000014e52037736:   00 00 00 00 00 00 75 17 48 89 9f 30 01 00 00 48
0x0000014e52037746:   c7 87 38 01 00 00 01 00 00 00 e9 45 00 00 00 48
0x0000014e52037756:   81 bf 40 01 00 00 00 00 00 00 75 17 48 89 9f 40
0x0000014e52037766:   01 00 00 48 c7 87 48 01 00 00 01 00 00 00 e9 21
0x0000014e52037776:   00 00 00 e9 1c 00 00 00 48 bf 18 fe 06 7a 4e 01
0x0000014e52037786:   00 00 48 83 af 20 01 00 00 01 e9 39 00 00 00 e9
0x0000014e52037796:   00 00 00 00 48 83 c4 30 5d 49 3b a7 48 03 00 00
0x0000014e520377a6:   0f 87 2b 00 00 00 c3 49 ba 78 a8 d4 70 4e 01 00 


Stack slot to memory mapping:
stack at sp + 0 slots: 0x0 is NULL
stack at sp + 1 slots: 0x0 is NULL
stack at sp + 2 slots: 0xffffffffffffffff is an unknown value
stack at sp + 3 slots: 0x0 is NULL
stack at sp + 4 slots: 0x0405060700010203 is an unknown value
stack at sp + 5 slots: 0x0 is NULL
stack at sp + 6 slots: 0x00000011dccf9720 is pointing into the stack for thread: 0x0000014e743c0070
stack at sp + 7 slots: 0x0000014e58ac9657 is at code_begin+1463 in an Interpreter codelet
return entry points  [0x0000014e58ac90a0, 0x0000014e58ac9ba0]  2816 bytes

--------------------------------------------------------------------------------
[Constant Pool (empty)]

--------------------------------------------------------------------------------

[MachCode]
  0x0000014e52037620: 448b 5208 | 49bb 0000 | 0000 0800 | 0000 4d03 | d34c 3bd0 | 0f85 469a | ad06 660f | 1f44 0000 
  0x0000014e52037640: 8984 2400 | 90ff ff55 | 4883 ec30 | 48b8 18fe | 067a 4e01 | 0000 8bb0 | cc00 0000 | 83c6 0289 
  0x0000014e52037660: b0cc 0000 | 0081 e6fe | 0700 0083 | fe00 0f84 | 3901 0000 | 488b c248 | be18 fe06 | 7a4e 0100 
  0x0000014e52037680: 0048 8386 | 1001 0000 | 018b 420c | 48c1 e003 | 4883 f800 | 7516 48bf | 18fe 067a | 4e01 0000 
  0x0000014e520376a0: 808f 1901 | 0000 01e9 | ee00 0000 | 48bb 007e | 3800 0800 | 0000 8b78 | 0849 ba00 | 0000 0008 
  0x0000014e520376c0: 0000 0049 | 03fa 483b | 5f20 0f84 | 1b00 0000 | 483b fb0f | 8412 0000 | 0057 53e8 | a0fc b706 
  0x0000014e520376e0: 5f5f 83ff | 000f 8493 | 0000 0048 | bf18 fe06 | 7a4e 0100 | 008b 5808 | 49ba 0000 | 0000 0800 
  0x0000014e52037700: 0000 4903 | da48 3b9f | 3001 0000 | 750d 4883 | 8738 0100 | 0001 e97f | 0000 0048 | 3b9f 4001 
  0x0000014e52037720: 0000 750d | 4883 8748 | 0100 0001 | e969 0000 | 0048 81bf | 3001 0000 | 0000 0000 | 7517 4889 
  0x0000014e52037740: 9f30 0100 | 0048 c787 | 3801 0000 | 0100 0000 | e945 0000 | 0048 81bf | 4001 0000 | 0000 0000 
  0x0000014e52037760: 7517 4889 | 9f40 0100 | 0048 c787 | 4801 0000 | 0100 0000 | e921 0000 | 00e9 1c00 | 0000 48bf 
  0x0000014e52037780: 18fe 067a | 4e01 0000 | 4883 af20 | 0100 0001 | e939 0000 | 00e9 0000 | 0000 4883 | c430 5d49 
  0x0000014e520377a0: 3ba7 4803 | 0000 0f87 | 2b00 0000 | c349 ba78 | a8d4 704e | 0100 004c | 8954 2408 | 48c7 0424 
  0x0000014e520377c0: ffff ffff | e8b7 28b8 | 06e9 a6fe | ffff 4889 | 0424 e8c9 | f5b7 0649 | ba9f 7703 | 524e 0100 
  0x0000014e520377e0: 004d 8997 | 6003 0000 | e913 02ae | 0690 9049 | 8b87 d803 | 0000 49c7 | 87d8 0300 | 0000 0000 
  0x0000014e52037800: 0049 c787 | e003 0000 | 0000 0000 | 4883 c430 | 5de9 6abf | b706 f4f4 | f4f4 f4f4 | f4f4 f4f4 
  0x0000014e52037820: e85b efb7 | 0648 b918 | aaf9 7dfb | 7f00 0048 | 83e4 f049 | ba80 efc1 | 7dfb 7f00 | 0041 ffd2 
  0x0000014e52037840: f449 ba41 | 7803 524e | 0100 0041 | 52e9 4ef4 | ad06 f4f4 | f4f4 f4f4 
[/MachCode]
--------------------------------------------------------------------------------


---------------  P R O C E S S  ---------------

Threads class SMR info:
_java_thread_list=0x0000014e71798540, length=29, elements={
0x0000014e6c8031e0, 0x0000014e6c831160, 0x0000014e6c855000, 0x0000014e6c8558d0,
0x0000014e6c8561a0, 0x0000014e6c85c070, 0x0000014e6c86e270, 0x0000014e6c86ed20,
0x0000014e6c880e00, 0x0000014e6c9fb880, 0x0000014e6ca1b010, 0x0000014e743bdd00,
0x0000014e743bfb60, 0x0000014e743bd7f0, 0x0000014e743be210, 0x0000014e743be720,
0x0000014e743bd2e0, 0x0000014e743c0070, 0x0000014e743bf140, 0x0000014e743bf650,
0x0000014e744f18e0, 0x0000014e744f1df0, 0x0000014e744ef570, 0x0000014e744f04a0,
0x0000014e744f09b0, 0x0000014e744f0ec0, 0x0000014e744efa80, 0x0000014e744eff90,
0x0000014e744f13d0
}

Java Threads: ( => current thread )
  0x0000014e6c8031e0 JavaThread "Reference Handler" daemon [_thread_blocked, id=12124, stack(0x00000011db300000,0x00000011db400000)]
  0x0000014e6c831160 JavaThread "Finalizer" daemon [_thread_blocked, id=5444, stack(0x00000011db400000,0x00000011db500000)]
  0x0000014e6c855000 JavaThread "Signal Dispatcher" daemon [_thread_blocked, id=8048, stack(0x00000011db500000,0x00000011db600000)]
  0x0000014e6c8558d0 JavaThread "Attach Listener" daemon [_thread_blocked, id=12880, stack(0x00000011db600000,0x00000011db700000)]
  0x0000014e6c8561a0 JavaThread "Service Thread" daemon [_thread_blocked, id=10816, stack(0x00000011db700000,0x00000011db800000)]
  0x0000014e6c85c070 JavaThread "Monitor Deflation Thread" daemon [_thread_blocked, id=12592, stack(0x00000011db800000,0x00000011db900000)]
  0x0000014e6c86e270 JavaThread "C2 CompilerThread0" daemon [_thread_blocked, id=13180, stack(0x00000011db900000,0x00000011dba00000)]
  0x0000014e6c86ed20 JavaThread "C1 CompilerThread0" daemon [_thread_blocked, id=3248, stack(0x00000011dba00000,0x00000011dbb00000)]
  0x0000014e6c880e00 JavaThread "Sweeper thread" daemon [_thread_blocked, id=15952, stack(0x00000011dbb00000,0x00000011dbc00000)]
  0x0000014e6c9fb880 JavaThread "Notification Thread" daemon [_thread_blocked, id=15620, stack(0x00000011dbc00000,0x00000011dbd00000)]
  0x0000014e6ca1b010 JavaThread "Common-Cleaner" daemon [_thread_blocked, id=17552, stack(0x00000011dbe00000,0x00000011dbf00000)]
  0x0000014e743bdd00 JavaThread "Catalina-utility-1" [_thread_blocked, id=17176, stack(0x00000011dc300000,0x00000011dc400000)]
  0x0000014e743bfb60 JavaThread "Catalina-utility-2" [_thread_blocked, id=4488, stack(0x00000011dc400000,0x00000011dc500000)]
  0x0000014e743bd7f0 JavaThread "container-0" [_thread_blocked, id=13712, stack(0x00000011dc500000,0x00000011dc600000)]
  0x0000014e743be210 JavaThread "mssql-jdbc-shared-timer-core-0" daemon [_thread_blocked, id=12820, stack(0x00000011dc800000,0x00000011dc900000)]
  0x0000014e743be720 JavaThread "HikariPool-1 housekeeper" daemon [_thread_blocked, id=9892, stack(0x00000011dc900000,0x00000011dca00000)]
  0x0000014e743bd2e0 JavaThread "http-nio-8080-exec-1" daemon [_thread_blocked, id=10188, stack(0x00000011dcb00000,0x00000011dcc00000)]
=>0x0000014e743c0070 JavaThread "http-nio-8080-exec-2" daemon [_thread_in_Java, id=12584, stack(0x00000011dcc00000,0x00000011dcd00000)]
  0x0000014e743bf140 JavaThread "http-nio-8080-exec-3" daemon [_thread_blocked, id=15296, stack(0x00000011dcd00000,0x00000011dce00000)]
  0x0000014e743bf650 JavaThread "http-nio-8080-exec-4" daemon [_thread_blocked, id=14464, stack(0x00000011dce00000,0x00000011dcf00000)]
  0x0000014e744f18e0 JavaThread "http-nio-8080-exec-5" daemon [_thread_blocked, id=8536, stack(0x00000011dcf00000,0x00000011dd000000)]
  0x0000014e744f1df0 JavaThread "http-nio-8080-exec-6" daemon [_thread_blocked, id=3676, stack(0x00000011dd000000,0x00000011dd100000)]
  0x0000014e744ef570 JavaThread "http-nio-8080-exec-7" daemon [_thread_blocked, id=13464, stack(0x00000011dd100000,0x00000011dd200000)]
  0x0000014e744f04a0 JavaThread "http-nio-8080-exec-8" daemon [_thread_blocked, id=1128, stack(0x00000011dd200000,0x00000011dd300000)]
  0x0000014e744f09b0 JavaThread "http-nio-8080-exec-9" daemon [_thread_blocked, id=15608, stack(0x00000011dd300000,0x00000011dd400000)]
  0x0000014e744f0ec0 JavaThread "http-nio-8080-exec-10" daemon [_thread_blocked, id=7928, stack(0x00000011dd400000,0x00000011dd500000)]
  0x0000014e744efa80 JavaThread "http-nio-8080-Poller" daemon [_thread_in_native, id=14272, stack(0x00000011dd500000,0x00000011dd600000)]
  0x0000014e744eff90 JavaThread "http-nio-8080-Acceptor" daemon [_thread_in_native, id=16956, stack(0x00000011dd600000,0x00000011dd700000)]
  0x0000014e744f13d0 JavaThread "DestroyJavaVM" [_thread_blocked, id=13544, stack(0x00000011dac00000,0x00000011dad00000)]

Other Threads:
  0x0000014e6c7ff640 VMThread "VM Thread" [stack: 0x00000011db200000,0x00000011db300000] [id=10452]
  0x0000014e6a1614c0 WatcherThread [stack: 0x00000011dbd00000,0x00000011dbe00000] [id=15864]
  0x0000014e4c79ca10 GCTaskThread "GC Thread#0" [stack: 0x00000011dad00000,0x00000011dae00000] [id=11680]
  0x0000014e7186bec0 GCTaskThread "GC Thread#1" [stack: 0x00000011dc000000,0x00000011dc100000] [id=18100]
  0x0000014e7186c180 GCTaskThread "GC Thread#2" [stack: 0x00000011dc100000,0x00000011dc200000] [id=17592]
  0x0000014e712fb460 GCTaskThread "GC Thread#3" [stack: 0x00000011dc200000,0x00000011dc300000] [id=7264]
  0x0000014e4c79d3a0 ConcurrentGCThread "G1 Main Marker" [stack: 0x00000011dae00000,0x00000011daf00000] [id=5096]
  0x0000014e6a155aa0 ConcurrentGCThread "G1 Conc#0" [stack: 0x00000011daf00000,0x00000011db000000] [id=1204]
  0x0000014e6a1fe0e0 ConcurrentGCThread "G1 Refine#0" [stack: 0x00000011db000000,0x00000011db100000] [id=16352]
  0x0000014e735f9cd0 ConcurrentGCThread "G1 Refine#1" [stack: 0x00000011dc600000,0x00000011dc700000] [id=9520]
  0x0000014e6a2038d0 ConcurrentGCThread "G1 Service" [stack: 0x00000011db100000,0x00000011db200000] [id=4712]

Threads with active compile tasks:

VM state: not at safepoint (normal execution)

VM Mutex/Monitor currently owned by a thread: None

Heap address: 0x0000000704c00000, size: 4020 MB, Compressed Oops mode: Zero based, Oop shift amount: 3

CDS archive(s) not mapped
Compressed class space mapped at: 0x0000000800000000-0x0000000840000000, reserved size: 1073741824
Narrow klass base: 0x0000000800000000, Narrow klass shift: 0, Narrow klass range: 0x40000000

GC Precious Log:
 CPUs: 4 total, 4 available
 Memory: 16079M
 Large Page Support: Disabled
 NUMA Support: Disabled
 Compressed Oops: Enabled (Zero based)
 Heap Region Size: 2M
 Heap Min Capacity: 8M
 Heap Initial Capacity: 252M
 Heap Max Capacity: 4020M
 Pre-touch: Disabled
 Parallel Workers: 4
 Concurrent Workers: 1
 Concurrent Refinement Workers: 4
 Periodic GC: Disabled

Heap:
 garbage-first heap   total 69632K, used 49116K [0x0000000704c00000, 0x0000000800000000)
  region size 2048K, 12 young (24576K), 2 survivors (4096K)
 Metaspace       used 83417K, committed 83968K, reserved 1179648K
  class space    used 10298K, committed 10560K, reserved 1048576K

Heap Regions: E=young(eden), S=young(survivor), O=old, HS=humongous(starts), HC=humongous(continues), CS=collection set, F=free, OA=open archive, CA=closed archive, TAMS=top-at-mark-start (previous, next)
|   0|0x0000000704c00000, 0x0000000704e00000, 0x0000000704e00000|100%| O|  |TAMS 0x0000000704e00000, 0x0000000704c00000| Untracked 
|   1|0x0000000704e00000, 0x0000000705000000, 0x0000000705000000|100%| O|  |TAMS 0x0000000705000000, 0x0000000704e00000| Untracked 
|   2|0x0000000705000000, 0x0000000705200000, 0x0000000705200000|100%| O|  |TAMS 0x0000000705200000, 0x0000000705000000| Untracked 
|   3|0x0000000705200000, 0x0000000705400000, 0x0000000705400000|100%| O|  |TAMS 0x0000000705400000, 0x0000000705200000| Untracked 
|   4|0x0000000705400000, 0x0000000705600000, 0x0000000705600000|100%| O|  |TAMS 0x0000000705600000, 0x0000000705400000| Untracked 
|   5|0x0000000705600000, 0x0000000705800000, 0x0000000705800000|100%| O|  |TAMS 0x0000000705800000, 0x0000000705600000| Untracked 
|   6|0x0000000705800000, 0x0000000705a00000, 0x0000000705a00000|100%| O|  |TAMS 0x0000000705a00000, 0x0000000705800000| Untracked 
|   7|0x0000000705a00000, 0x0000000705c00000, 0x0000000705c00000|100%| O|  |TAMS 0x0000000705c00000, 0x0000000705a00000| Untracked 
|   8|0x0000000705c00000, 0x0000000705e00000, 0x0000000705e00000|100%| O|  |TAMS 0x0000000705c00000, 0x0000000705c00000| Untracked 
|   9|0x0000000705e00000, 0x0000000706000000, 0x0000000706000000|100%| O|  |TAMS 0x0000000706000000, 0x0000000705e00000| Untracked 
|  10|0x0000000706000000, 0x0000000706200000, 0x0000000706200000|100%| O|  |TAMS 0x00000007060ea400, 0x0000000706000000| Untracked 
|  11|0x0000000706200000, 0x0000000706400000, 0x0000000706400000|100%| O|  |TAMS 0x0000000706200000, 0x0000000706200000| Untracked 
|  12|0x0000000706400000, 0x0000000706600000, 0x0000000706600000|100%| O|  |TAMS 0x0000000706400000, 0x0000000706400000| Untracked 
|  13|0x0000000706600000, 0x0000000706800000, 0x0000000706800000|100%| O|  |TAMS 0x0000000706600000, 0x0000000706600000| Untracked 
|  14|0x0000000706800000, 0x000000070687ca00, 0x0000000706a00000| 24%| O|  |TAMS 0x0000000706800000, 0x0000000706800000| Untracked 
|  15|0x0000000706a00000, 0x0000000706a00000, 0x0000000706c00000|  0%| F|  |TAMS 0x0000000706a00000, 0x0000000706a00000| Untracked 
|  16|0x0000000706c00000, 0x0000000706c00000, 0x0000000706e00000|  0%| F|  |TAMS 0x0000000706c00000, 0x0000000706c00000| Untracked 
|  17|0x0000000706e00000, 0x0000000706e00000, 0x0000000707000000|  0%| F|  |TAMS 0x0000000706e00000, 0x0000000706e00000| Untracked 
|  18|0x0000000707000000, 0x0000000707000000, 0x0000000707200000|  0%| F|  |TAMS 0x0000000707000000, 0x0000000707000000| Untracked 
|  19|0x0000000707200000, 0x0000000707200000, 0x0000000707400000|  0%| F|  |TAMS 0x0000000707200000, 0x0000000707200000| Untracked 
|  20|0x0000000707400000, 0x000000070757a980, 0x0000000707600000| 73%| S|CS|TAMS 0x0000000707400000, 0x0000000707400000| Complete 
|  21|0x0000000707600000, 0x0000000707800000, 0x0000000707800000|100%| S|CS|TAMS 0x0000000707600000, 0x0000000707600000| Complete 
|  22|0x0000000707800000, 0x0000000707800000, 0x0000000707a00000|  0%| F|  |TAMS 0x0000000707800000, 0x0000000707800000| Untracked 
|  23|0x0000000707a00000, 0x0000000707a00000, 0x0000000707c00000|  0%| F|  |TAMS 0x0000000707a00000, 0x0000000707a00000| Untracked 
|  24|0x0000000707c00000, 0x0000000707c6dd10, 0x0000000707e00000| 21%| E|  |TAMS 0x0000000707c00000, 0x0000000707c00000| Complete 
|  25|0x0000000707e00000, 0x0000000708000000, 0x0000000708000000|100%| E|CS|TAMS 0x0000000707e00000, 0x0000000707e00000| Complete 
|  26|0x0000000708000000, 0x0000000708200000, 0x0000000708200000|100%| E|CS|TAMS 0x0000000708000000, 0x0000000708000000| Complete 
|  27|0x0000000708200000, 0x0000000708400000, 0x0000000708400000|100%| E|CS|TAMS 0x0000000708200000, 0x0000000708200000| Complete 
|  28|0x0000000708400000, 0x00000007085ff828, 0x0000000708600000| 99%| E|  |TAMS 0x0000000708400000, 0x0000000708400000| Complete 
|  29|0x0000000708600000, 0x0000000708800000, 0x0000000708800000|100%| E|CS|TAMS 0x0000000708600000, 0x0000000708600000| Complete 
|  65|0x000000070ce00000, 0x000000070d000000, 0x000000070d000000|100%| E|CS|TAMS 0x000000070ce00000, 0x000000070ce00000| Complete 
|  66|0x000000070d000000, 0x000000070d200000, 0x000000070d200000|100%| E|CS|TAMS 0x000000070d000000, 0x000000070d000000| Complete 
|  67|0x000000070d200000, 0x000000070d400000, 0x000000070d400000|100%| E|CS|TAMS 0x000000070d200000, 0x000000070d200000| Complete 
| 125|0x0000000714600000, 0x0000000714800000, 0x0000000714800000|100%| E|CS|TAMS 0x0000000714600000, 0x0000000714600000| Complete 

Card table byte_map: [0x0000014e61390000,0x0000014e61b70000] _byte_map_base: 0x0000014e5db6a000

Marking Bits (Prev, Next): (CMBitMap*) 0x0000014e4c79cd20, (CMBitMap*) 0x0000014e4c79cce0
 Prev Bits: [0x0000014e66220000, 0x0000014e6a0f0000)
 Next Bits: [0x0000014e62350000, 0x0000014e66220000)

Polling page: 0x0000014e4c070000

Metaspace:

Usage:
  Non-class:     71.41 MB used.
      Class:     10.06 MB used.
       Both:     81.46 MB used.

Virtual space:
  Non-class space:      128.00 MB reserved,      71.69 MB ( 56%) committed,  2 nodes.
      Class space:        1.00 GB reserved,      10.31 MB (  1%) committed,  1 nodes.
             Both:        1.12 GB reserved,      82.00 MB (  7%) committed. 

Chunk freelists:
   Non-Class:  7.56 MB
       Class:  5.71 MB
        Both:  13.27 MB

MaxMetaspaceSize: unlimited
CompressedClassSpaceSize: 1.00 GB
Initial GC threshold: 21.00 MB
Current GC threshold: 98.38 MB
CDS: off
MetaspaceReclaimPolicy: balanced
 - commit_granule_bytes: 65536.
 - commit_granule_words: 8192.
 - virtual_space_node_default_size: 8388608.
 - enlarge_chunks_in_place: 1.
 - new_chunks_are_fully_committed: 0.
 - uncommit_free_chunks: 1.
 - use_allocation_guard: 0.
 - handle_deallocations: 1.


Internal statistics:

num_allocs_failed_limit: 9.
num_arena_births: 802.
num_arena_deaths: 0.
num_vsnodes_births: 3.
num_vsnodes_deaths: 0.
num_space_committed: 1312.
num_space_uncommitted: 0.
num_chunks_returned_to_freelist: 9.
num_chunks_taken_from_freelist: 3355.
num_chunk_merges: 6.
num_chunk_splits: 2432.
num_chunks_enlarged: 1915.
num_inconsistent_stats: 0.

CodeHeap 'non-profiled nmethods': size=120000Kb used=4138Kb max_used=4138Kb free=115862Kb
 bounds [0x0000014e59060000, 0x0000014e59470000, 0x0000014e60590000]
CodeHeap 'profiled nmethods': size=120000Kb used=12494Kb max_used=12494Kb free=107505Kb
 bounds [0x0000014e51590000, 0x0000014e521d0000, 0x0000014e58ac0000]
CodeHeap 'non-nmethods': size=5760Kb used=1394Kb max_used=1431Kb free=4365Kb
 bounds [0x0000014e58ac0000, 0x0000014e58d30000, 0x0000014e59060000]
 total_blobs=6601 nmethods=5868 adapters=645
 compilation: enabled
              stopped_count=0, restarted_count=0
 full_count=0

Compilation events (20 events):
Event: 18.947 Thread 0x0000014e6c86ed20 nmethod 6618 0x0000014e59460310 code [0x0000014e594604a0, 0x0000014e59460578]
Event: 18.948 Thread 0x0000014e6c86ed20 6625       1       java.lang.invoke.LambdaForm::arity (5 bytes)
Event: 18.949 Thread 0x0000014e6c86ed20 nmethod 6625 0x0000014e59460610 code [0x0000014e594607a0, 0x0000014e59460878]
Event: 18.949 Thread 0x0000014e6c86ed20 6626       3       java.lang.invoke.LambdaFormBuffer::endEdit (313 bytes)
Event: 18.950 Thread 0x0000014e6c86ed20 nmethod 6626 0x0000014e521bf810 code [0x0000014e521bfa80, 0x0000014e521c08f8]
Event: 18.950 Thread 0x0000014e6c86ed20 6627       3       java.lang.invoke.LambdaFormBuffer::replaceName (124 bytes)
Event: 18.950 Thread 0x0000014e6c86ed20 nmethod 6627 0x0000014e521c0d10 code [0x0000014e521c0ec0, 0x0000014e521c10a8]
Event: 18.950 Thread 0x0000014e6c86e270 6628       4       sun.invoke.util.VerifyAccess::isClassAccessible (230 bytes)
Event: 18.952 Thread 0x0000014e6c86ed20 6629       1       java.util.logging.LogManager$LoggerWeakRef::setParentRef (6 bytes)
Event: 18.952 Thread 0x0000014e6c86ed20 nmethod 6629 0x0000014e59460910 code [0x0000014e59460aa0, 0x0000014e59460bb8]
Event: 18.954 Thread 0x0000014e6c86ed20 6630       3       org.apache.jasper.compiler.SmapUtil$SDEInstaller::readU1 (21 bytes)
Event: 18.954 Thread 0x0000014e6c86ed20 nmethod 6630 0x0000014e521c1190 code [0x0000014e521c1320, 0x0000014e521c1478]
Event: 18.954 Thread 0x0000014e6c86ed20 6632       3       org.apache.jasper.compiler.SmapUtil$SDEInstaller::readBytes (38 bytes)
Event: 18.954 Thread 0x0000014e6c86ed20 nmethod 6632 0x0000014e521c1590 code [0x0000014e521c1740, 0x0000014e521c19f8]
Event: 18.955 Thread 0x0000014e6c86ed20 6633       3       org.apache.jasper.compiler.SmapUtil$SDEInstaller::writeBytes (45 bytes)
Event: 18.955 Thread 0x0000014e6c86ed20 nmethod 6633 0x0000014e521c1b10 code [0x0000014e521c1cc0, 0x0000014e521c1ed8]
Event: 18.955 Thread 0x0000014e6c86ed20 6631       3       org.apache.jasper.compiler.SmapUtil$SDEInstaller::writeU1 (19 bytes)
Event: 18.955 Thread 0x0000014e6c86ed20 nmethod 6631 0x0000014e521c2010 code [0x0000014e521c21a0, 0x0000014e521c22f8]
Event: 18.969 Thread 0x0000014e6c86ed20 6635       3       org.apache.catalina.core.DefaultInstanceManager::findLifecycleCallback (110 bytes)
Event: 18.970 Thread 0x0000014e6c86ed20 nmethod 6635 0x0000014e521c2410 code [0x0000014e521c2740, 0x0000014e521c3bd8]

GC Heap History (20 events):
Event: 6.427 GC heap before
{Heap before GC invocations=13 (full 0):
 garbage-first heap   total 69632K, used 51953K [0x0000000704c00000, 0x0000000800000000)
  region size 2048K, 20 young (40960K), 3 survivors (6144K)
 Metaspace       used 41507K, committed 41984K, reserved 1114112K
  class space    used 4826K, committed 5056K, reserved 1048576K
}
Event: 6.436 GC heap after
{Heap after GC invocations=14 (full 0):
 garbage-first heap   total 69632K, used 19857K [0x0000000704c00000, 0x0000000800000000)
  region size 2048K, 3 young (6144K), 3 survivors (6144K)
 Metaspace       used 41507K, committed 41984K, reserved 1114112K
  class space    used 4826K, committed 5056K, reserved 1048576K
}
Event: 6.513 GC heap before
{Heap before GC invocations=14 (full 0):
 garbage-first heap   total 69632K, used 21905K [0x0000000704c00000, 0x0000000800000000)
  region size 2048K, 4 young (8192K), 3 survivors (6144K)
 Metaspace       used 41832K, committed 42304K, reserved 1114112K
  class space    used 4884K, committed 5120K, reserved 1048576K
}
Event: 6.521 GC heap after
{Heap after GC invocations=15 (full 0):
 garbage-first heap   total 69632K, used 20137K [0x0000000704c00000, 0x0000000800000000)
  region size 2048K, 1 young (2048K), 1 survivors (2048K)
 Metaspace       used 41832K, committed 42304K, reserved 1114112K
  class space    used 4884K, committed 5120K, reserved 1048576K
}
Event: 7.706 GC heap before
{Heap before GC invocations=15 (full 0):
 garbage-first heap   total 69632K, used 46761K [0x0000000704c00000, 0x0000000800000000)
  region size 2048K, 15 young (30720K), 1 survivors (2048K)
 Metaspace       used 50975K, committed 51456K, reserved 1114112K
  class space    used 6118K, committed 6336K, reserved 1048576K
}
Event: 7.710 GC heap after
{Heap after GC invocations=16 (full 0):
 garbage-first heap   total 69632K, used 20993K [0x0000000704c00000, 0x0000000800000000)
  region size 2048K, 1 young (2048K), 1 survivors (2048K)
 Metaspace       used 50975K, committed 51456K, reserved 1114112K
  class space    used 6118K, committed 6336K, reserved 1048576K
}
Event: 8.767 GC heap before
{Heap before GC invocations=16 (full 0):
 garbage-first heap   total 69632K, used 49665K [0x0000000704c00000, 0x0000000800000000)
  region size 2048K, 16 young (32768K), 1 survivors (2048K)
 Metaspace       used 57298K, committed 57728K, reserved 1114112K
  class space    used 6940K, committed 7168K, reserved 1048576K
}
Event: 8.772 GC heap after
{Heap after GC invocations=17 (full 0):
 garbage-first heap   total 69632K, used 23465K [0x0000000704c00000, 0x0000000800000000)
  region size 2048K, 2 young (4096K), 2 survivors (4096K)
 Metaspace       used 57298K, committed 57728K, reserved 1114112K
  class space    used 6940K, committed 7168K, reserved 1048576K
}
Event: 9.015 GC heap before
{Heap before GC invocations=17 (full 0):
 garbage-first heap   total 69632K, used 27561K [0x0000000704c00000, 0x0000000800000000)
  region size 2048K, 5 young (10240K), 2 survivors (4096K)
 Metaspace       used 59885K, committed 60288K, reserved 1114112K
  class space    used 7339K, committed 7552K, reserved 1048576K
}
Event: 9.022 GC heap after
{Heap after GC invocations=18 (full 0):
 garbage-first heap   total 69632K, used 24062K [0x0000000704c00000, 0x0000000800000000)
  region size 2048K, 1 young (2048K), 1 survivors (2048K)
 Metaspace       used 59885K, committed 60288K, reserved 1114112K
  class space    used 7339K, committed 7552K, reserved 1048576K
}
Event: 10.880 GC heap before
{Heap before GC invocations=19 (full 0):
 garbage-first heap   total 69632K, used 52734K [0x0000000704c00000, 0x0000000800000000)
  region size 2048K, 15 young (30720K), 1 survivors (2048K)
 Metaspace       used 65573K, committed 66048K, reserved 1114112K
  class space    used 8314K, committed 8512K, reserved 1048576K
}
Event: 10.883 GC heap after
{Heap after GC invocations=20 (full 0):
 garbage-first heap   total 69632K, used 25056K [0x0000000704c00000, 0x0000000800000000)
  region size 2048K, 1 young (2048K), 1 survivors (2048K)
 Metaspace       used 65573K, committed 66048K, reserved 1114112K
  class space    used 8314K, committed 8512K, reserved 1048576K
}
Event: 11.910 GC heap before
{Heap before GC invocations=20 (full 0):
 garbage-first heap   total 69632K, used 53728K [0x0000000704c00000, 0x0000000800000000)
  region size 2048K, 15 young (30720K), 1 survivors (2048K)
 Metaspace       used 69412K, committed 69952K, reserved 1114112K
  class space    used 8819K, committed 9088K, reserved 1048576K
}
Event: 11.916 GC heap after
{Heap after GC invocations=21 (full 0):
 garbage-first heap   total 69632K, used 27065K [0x0000000704c00000, 0x0000000800000000)
  region size 2048K, 2 young (4096K), 2 survivors (4096K)
 Metaspace       used 69412K, committed 69952K, reserved 1114112K
  class space    used 8819K, committed 9088K, reserved 1048576K
}
Event: 12.934 GC heap before
{Heap before GC invocations=21 (full 0):
 garbage-first heap   total 69632K, used 53689K [0x0000000704c00000, 0x0000000800000000)
  region size 2048K, 15 young (30720K), 2 survivors (4096K)
 Metaspace       used 72322K, committed 72832K, reserved 1114112K
  class space    used 9243K, committed 9472K, reserved 1048576K
}
Event: 12.943 GC heap after
{Heap after GC invocations=22 (full 0):
 garbage-first heap   total 69632K, used 29362K [0x0000000704c00000, 0x0000000800000000)
  region size 2048K, 2 young (4096K), 2 survivors (4096K)
 Metaspace       used 72322K, committed 72832K, reserved 1114112K
  class space    used 9243K, committed 9472K, reserved 1048576K
}
Event: 17.137 GC heap before
{Heap before GC invocations=22 (full 0):
 garbage-first heap   total 69632K, used 51890K [0x0000000704c00000, 0x0000000800000000)
  region size 2048K, 13 young (26624K), 2 survivors (4096K)
 Metaspace       used 75619K, committed 76224K, reserved 1179648K
  class space    used 9663K, committed 9984K, reserved 1048576K
}
Event: 17.150 GC heap after
{Heap after GC invocations=23 (full 0):
 garbage-first heap   total 69632K, used 31129K [0x0000000704c00000, 0x0000000800000000)
  region size 2048K, 1 young (2048K), 1 survivors (2048K)
 Metaspace       used 75619K, committed 76224K, reserved 1179648K
  class space    used 9663K, committed 9984K, reserved 1048576K
}
Event: 18.087 GC heap before
{Heap before GC invocations=23 (full 0):
 garbage-first heap   total 69632K, used 51609K [0x0000000704c00000, 0x0000000800000000)
  region size 2048K, 12 young (24576K), 1 survivors (2048K)
 Metaspace       used 79818K, committed 80320K, reserved 1179648K
  class space    used 9997K, committed 10240K, reserved 1048576K
}
Event: 18.093 GC heap after
{Heap after GC invocations=24 (full 0):
 garbage-first heap   total 69632K, used 32732K [0x0000000704c00000, 0x0000000800000000)
  region size 2048K, 2 young (4096K), 2 survivors (4096K)
 Metaspace       used 79818K, committed 80320K, reserved 1179648K
  class space    used 9997K, committed 10240K, reserved 1048576K
}

Dll operation events (9 events):
Event: 0.021 Loaded shared library C:\Users\JPiccione\.p2\pool\plugins\org.eclipse.justj.openjdk.hotspot.jre.full.win32.x86_64_17.0.8.v20230831-1047\jre\bin\java.dll
Event: 0.221 Loaded shared library C:\Users\JPiccione\.p2\pool\plugins\org.eclipse.justj.openjdk.hotspot.jre.full.win32.x86_64_17.0.8.v20230831-1047\jre\bin\jimage.dll
Event: 0.235 Loaded shared library C:\Users\JPiccione\.p2\pool\plugins\org.eclipse.justj.openjdk.hotspot.jre.full.win32.x86_64_17.0.8.v20230831-1047\jre\bin\net.dll
Event: 0.238 Loaded shared library C:\Users\JPiccione\.p2\pool\plugins\org.eclipse.justj.openjdk.hotspot.jre.full.win32.x86_64_17.0.8.v20230831-1047\jre\bin\nio.dll
Event: 0.243 Loaded shared library C:\Users\JPiccione\.p2\pool\plugins\org.eclipse.justj.openjdk.hotspot.jre.full.win32.x86_64_17.0.8.v20230831-1047\jre\bin\zip.dll
Event: 5.309 Loaded shared library C:\Users\JPiccione\.p2\pool\plugins\org.eclipse.justj.openjdk.hotspot.jre.full.win32.x86_64_17.0.8.v20230831-1047\jre\bin\sunmscapi.dll
Event: 5.349 Loaded shared library C:\Users\JPiccione\.p2\pool\plugins\org.eclipse.justj.openjdk.hotspot.jre.full.win32.x86_64_17.0.8.v20230831-1047\jre\bin\management.dll
Event: 5.353 Loaded shared library C:\Users\JPiccione\.p2\pool\plugins\org.eclipse.justj.openjdk.hotspot.jre.full.win32.x86_64_17.0.8.v20230831-1047\jre\bin\management_ext.dll
Event: 6.913 Loaded shared library C:\Users\JPiccione\.p2\pool\plugins\org.eclipse.justj.openjdk.hotspot.jre.full.win32.x86_64_17.0.8.v20230831-1047\jre\bin\verify.dll

Deoptimization events (20 events):
Event: 18.550 Thread 0x0000014e743c0070 Uncommon trap: trap_request=0xffffff45 fr.pc=0x0000014e592cb7ac relative=0x00000000000001ac
Event: 18.550 Thread 0x0000014e743c0070 Uncommon trap: reason=unstable_if action=reinterpret pc=0x0000014e592cb7ac method=java.lang.ClassLoader.getResource(Ljava/lang/String;)Ljava/net/URL; @ 30 c2
Event: 18.550 Thread 0x0000014e743c0070 DEOPT PACKING pc=0x0000014e592cb7ac sp=0x00000011dccf94a0
Event: 18.550 Thread 0x0000014e743c0070 DEOPT UNPACKING pc=0x0000014e58b169a3 sp=0x00000011dccf93d8 mode 2
Event: 18.713 Thread 0x0000014e743c0070 Uncommon trap: trap_request=0xffffff6e fr.pc=0x0000014e59440a3c relative=0x000000000000049c
Event: 18.713 Thread 0x0000014e743c0070 Uncommon trap: reason=loop_limit_check action=maybe_recompile pc=0x0000014e59440a3c method=org.eclipse.jdt.internal.compiler.classfmt.ClassFileStruct.utf8At(II)[C @ 143 c2
Event: 18.713 Thread 0x0000014e743c0070 DEOPT PACKING pc=0x0000014e59440a3c sp=0x00000011dccf9390
Event: 18.714 Thread 0x0000014e743c0070 DEOPT UNPACKING pc=0x0000014e58b169a3 sp=0x00000011dccf9328 mode 2
Event: 18.743 Thread 0x0000014e743c0070 Uncommon trap: trap_request=0xffffff45 fr.pc=0x0000014e59273674 relative=0x0000000000000534
Event: 18.743 Thread 0x0000014e743c0070 Uncommon trap: reason=unstable_if action=reinterpret pc=0x0000014e59273674 method=java.util.HashMap.getNode(Ljava/lang/Object;)Ljava/util/HashMap$Node; @ 131 c2
Event: 18.743 Thread 0x0000014e743c0070 DEOPT PACKING pc=0x0000014e59273674 sp=0x00000011dccf8d20
Event: 18.743 Thread 0x0000014e743c0070 DEOPT UNPACKING pc=0x0000014e58b169a3 sp=0x00000011dccf8c60 mode 2
Event: 18.743 Thread 0x0000014e743c0070 Uncommon trap: trap_request=0xffffff45 fr.pc=0x0000014e59280e04 relative=0x0000000000000544
Event: 18.743 Thread 0x0000014e743c0070 Uncommon trap: reason=unstable_if action=reinterpret pc=0x0000014e59280e04 method=java.util.HashMap.getNode(Ljava/lang/Object;)Ljava/util/HashMap$Node; @ 131 c2
Event: 18.743 Thread 0x0000014e743c0070 DEOPT PACKING pc=0x0000014e59280e04 sp=0x00000011dccf8cf0
Event: 18.743 Thread 0x0000014e743c0070 DEOPT UNPACKING pc=0x0000014e58b169a3 sp=0x00000011dccf8c90 mode 2
Event: 18.960 Thread 0x0000014e743c0070 Uncommon trap: trap_request=0xffffffde fr.pc=0x0000014e590d0de8 relative=0x0000000000001368
Event: 18.960 Thread 0x0000014e743c0070 Uncommon trap: reason=class_check action=maybe_recompile pc=0x0000014e590d0de8 method=jdk.internal.loader.URLClassPath.getLoader(I)Ljdk/internal/loader/URLClassPath$Loader; @ 88 c2
Event: 18.960 Thread 0x0000014e743c0070 DEOPT PACKING pc=0x0000014e590d0de8 sp=0x00000011dccf9f90
Event: 18.960 Thread 0x0000014e743c0070 DEOPT UNPACKING pc=0x0000014e58b169a3 sp=0x00000011dccf9fd0 mode 2

Classes unloaded (0 events):
No events

Classes redefined (0 events):
No events

Internal exceptions (20 events):
Event: 12.014 Thread 0x0000014e4c736a40 Exception <a 'java/lang/reflect/InvocationTargetException'{0x000000070d264ad8}> (0x000000070d264ad8) 
thrown [s\src\hotspot\share\runtime\reflection.cpp, line 1121]
Event: 12.025 Thread 0x0000014e4c736a40 Exception <a 'java/lang/reflect/InvocationTargetException'{0x000000070d271e00}> (0x000000070d271e00) 
thrown [s\src\hotspot\share\runtime\reflection.cpp, line 1121]
Event: 12.030 Thread 0x0000014e4c736a40 Exception <a 'java/lang/reflect/InvocationTargetException'{0x000000070d282770}> (0x000000070d282770) 
thrown [s\src\hotspot\share\runtime\reflection.cpp, line 1121]
Event: 12.036 Thread 0x0000014e4c736a40 Exception <a 'java/lang/reflect/InvocationTargetException'{0x000000070d28f130}> (0x000000070d28f130) 
thrown [s\src\hotspot\share\runtime\reflection.cpp, line 1121]
Event: 12.042 Thread 0x0000014e4c736a40 Exception <a 'java/lang/reflect/InvocationTargetException'{0x000000070d29af40}> (0x000000070d29af40) 
thrown [s\src\hotspot\share\runtime\reflection.cpp, line 1121]
Event: 12.047 Thread 0x0000014e4c736a40 Exception <a 'java/lang/reflect/InvocationTargetException'{0x000000070d2a85b0}> (0x000000070d2a85b0) 
thrown [s\src\hotspot\share\runtime\reflection.cpp, line 1121]
Event: 12.062 Thread 0x0000014e4c736a40 Exception <a 'java/lang/reflect/InvocationTargetException'{0x000000070d2b96c8}> (0x000000070d2b96c8) 
thrown [s\src\hotspot\share\runtime\reflection.cpp, line 1121]
Event: 12.292 Thread 0x0000014e4c736a40 Implicit null exception at 0x0000014e59171cc1 to 0x0000014e59171d82
Event: 12.841 Thread 0x0000014e4c736a40 Exception <a 'sun/nio/fs/WindowsException'{0x0000000707816eb0}> (0x0000000707816eb0) 
thrown [s\src\hotspot\share\prims\jni.cpp, line 516]
Event: 12.918 Thread 0x0000014e4c736a40 Exception <a 'java/lang/IncompatibleClassChangeError'{0x0000000707777420}: Found class java.lang.Object, but interface was expected> (0x0000000707777420) 
thrown [s\src\hotspot\share\interpreter\linkResolver.cpp, line 826]
Event: 13.035 Thread 0x0000014e4c736a40 Exception <a 'java/lang/NoSuchMethodError'{0x000000070d21c570}: 'void java.lang.invoke.DirectMethodHandle$Holder.invokeVirtual(java.lang.Object, java.lang.Object, long)'> (0x000000070d21c570) 
thrown [s\src\hotspot\share\interpreter\linkResolver.cpp, line 759]
Event: 13.329 Thread 0x0000014e4c736a40 Exception <a 'java/lang/NoSuchMethodError'{0x00000007084d3cd8}: 'java.lang.Object java.lang.invoke.DirectMethodHandle$Holder.newInvokeSpecial(java.lang.Object, java.lang.Object, int, java.lang.Object, java.lang.Object)'> (0x00000007084d3cd8) 
thrown [s\src\hotspot\share\interpreter\linkResolver.cpp, line 759]
Event: 13.330 Thread 0x0000014e4c736a40 Exception <a 'java/lang/NoSuchMethodError'{0x00000007084df6c0}: 'java.lang.Object java.lang.invoke.DirectMethodHandle$Holder.invokeSpecial(java.lang.Object, java.lang.Object, int, java.lang.Object, int, java.lang.Object)'> (0x00000007084df6c0) 
thrown [s\src\hotspot\share\interpreter\linkResolver.cpp, line 759]
Event: 13.331 Thread 0x0000014e4c736a40 Exception <a 'java/lang/NoSuchMethodError'{0x00000007084e74c8}: 'java.lang.Object java.lang.invoke.DirectMethodHandle$Holder.newInvokeSpecial(java.lang.Object, java.lang.Object, int, java.lang.Object, int)'> (0x00000007084e74c8) 
thrown [s\src\hotspot\share\interpreter\linkResolver.cpp, line 759]
Event: 13.331 Thread 0x0000014e4c736a40 Exception <a 'java/lang/NoSuchMethodError'{0x00000007084eb5c8}: 'java.lang.Object java.lang.invoke.DirectMethodHandle$Holder.invokeSpecial(java.lang.Object, java.lang.Object, java.lang.Object, int, java.lang.Object, int)'> (0x00000007084eb5c8) 
thrown [s\src\hotspot\share\interpreter\linkResolver.cpp, line 759]
Event: 16.674 Thread 0x0000014e743bd2e0 Exception <a 'java/lang/NoSuchMethodError'{0x0000000707e320a0}: 'java.lang.Object java.lang.invoke.DirectMethodHandle$Holder.invokeSpecial(java.lang.Object, java.lang.Object, java.lang.Object, java.lang.Object, java.lang.Object, long)'> (0x0000000707e320a0) 
thrown [s\src\hotspot\share\interpreter\linkResolver.cpp, line 759]
Event: 16.674 Thread 0x0000014e743bd2e0 Exception <a 'java/lang/NoSuchMethodError'{0x0000000707e35ae0}: 'java.lang.Object java.lang.invoke.Invokers$Holder.linkToTargetMethod(java.lang.Object, java.lang.Object, java.lang.Object, long, java.lang.Object)'> (0x0000000707e35ae0) 
thrown [s\src\hotspot\share\interpreter\linkResolver.cpp, line 759]
Event: 16.735 Thread 0x0000014e743bd2e0 Exception <a 'java/lang/NoSuchMethodError'{0x0000000707f671f0}: getSession> (0x0000000707f671f0) 
thrown [s\src\hotspot\share\prims\jni.cpp, line 1073]
Event: 17.508 Thread 0x0000014e743c0070 Implicit null exception at 0x0000014e590b9077 to 0x0000014e590b9690
Event: 17.508 Thread 0x0000014e743c0070 Implicit null exception at 0x0000014e590af277 to 0x0000014e590af88c

VM Operations (20 events):
Event: 17.108 Executing VM operation: HandshakeAllThreads
Event: 17.108 Executing VM operation: HandshakeAllThreads done
Event: 17.137 Executing VM operation: G1CollectForAllocation
Event: 17.150 Executing VM operation: G1CollectForAllocation done
Event: 17.394 Executing VM operation: HandshakeAllThreads
Event: 17.394 Executing VM operation: HandshakeAllThreads done
Event: 17.425 Executing VM operation: HandshakeAllThreads
Event: 17.427 Executing VM operation: HandshakeAllThreads done
Event: 18.087 Executing VM operation: G1CollectForAllocation
Event: 18.093 Executing VM operation: G1CollectForAllocation done
Event: 18.595 Executing VM operation: HandshakeAllThreads
Event: 18.595 Executing VM operation: HandshakeAllThreads done
Event: 18.965 Executing VM operation: ChangeBreakpoints
Event: 18.966 Executing VM operation: ChangeBreakpoints done
Event: 18.966 Executing VM operation: ChangeBreakpoints
Event: 18.968 Executing VM operation: ChangeBreakpoints done
Event: 18.969 Executing VM operation: get/set locals
Event: 18.969 Executing VM operation: get/set locals done
Event: 18.970 Executing VM operation: get/set locals
Event: 18.970 Executing VM operation: get/set locals done

Events (20 events):
Event: 17.683 loading class sun/util/ResourceBundleEnumeration done
Event: 18.001 loading class java/io/FileWriter
Event: 18.001 loading class java/io/FileWriter done
Event: 18.047 Thread 0x0000014e7495e040 Thread exited: 0x0000014e7495e040
Event: 18.391 loading class java/lang/NegativeArraySizeException
Event: 18.391 loading class java/lang/NegativeArraySizeException done
Event: 18.424 loading class java/net/URLClassLoader$2
Event: 18.424 loading class java/net/URLClassLoader$2 done
Event: 18.535 Thread 0x0000014e7336ce90 Thread added: 0x0000014e7336ce90
Event: 18.550 loading class sun/net/www/protocol/jrt/JavaRuntimeURLConnection
Event: 18.551 loading class sun/net/www/protocol/jrt/JavaRuntimeURLConnection done
Event: 18.552 loading class sun/net/www/protocol/jrt/JavaRuntimeURLConnection$1
Event: 18.552 loading class sun/net/www/protocol/jrt/JavaRuntimeURLConnection$1 done
Event: 18.566 loading class java/text/MessageFormat$Field
Event: 18.566 loading class java/text/MessageFormat$Field done
Event: 18.928 Thread 0x0000014e7336ce90 Thread exited: 0x0000014e7336ce90
Event: 18.946 loading class java/util/Hashtable$ValueCollection
Event: 18.946 loading class java/util/Hashtable$ValueCollection done
Event: 18.959 loading class java/net/URLClassLoader$1
Event: 18.959 loading class java/net/URLClassLoader$1 done


Dynamic libraries:
0x00007ff6ee300000 - 0x00007ff6ee30e000 	C:\Users\JPiccione\.p2\pool\plugins\org.eclipse.justj.openjdk.hotspot.jre.full.win32.x86_64_17.0.8.v20230831-1047\jre\bin\javaw.exe
0x0000014e4c3e0000 - 0x0000014e4c5d7000 	C:\windows\SYSTEM32\ntd1l.dll
0x0000014e4c5e0000 - 0x0000014e4c69d000 	C:\windows\System32\kern3l32.dll
0x00007ffc02f70000 - 0x00007ffc03167000 	C:\windows\SYSTEM32\ntdll.dll
0x00007ffc01f90000 - 0x00007ffc0204d000 	C:\windows\System32\KERNEL32.DLL
0x00007ffc00650000 - 0x00007ffc00946000 	C:\windows\System32\KERNELBASE.dll
0x00007ffc000c0000 - 0x00007ffc003d3000 	C:\Program Files\SentinelOne\Sentinel Agent 23.1.4.650\InProcessClient64.dll
0x00007ffc01930000 - 0x00007ffc019de000 	C:\windows\System32\ADVAPI32.dll
0x00007ffc01dd0000 - 0x00007ffc01e6e000 	C:\windows\System32\msvcrt.dll
0x00007ffc02d90000 - 0x00007ffc02e2c000 	C:\windows\System32\sechost.dll
0x00007ffc02a60000 - 0x00007ffc02b86000 	C:\windows\System32\RPCRT4.dll
0x00007ffc00cd0000 - 0x00007ffc00dd0000 	C:\windows\System32\ucrtbase.dll
0x00007ffbf4a70000 - 0x00007ffbf4a89000 	C:\Users\JPiccione\.p2\pool\plugins\org.eclipse.justj.openjdk.hotspot.jre.full.win32.x86_64_17.0.8.v20230831-1047\jre\bin\VCRUNTIME140.dll
0x00007ffbfbc80000 - 0x00007ffbfbc97000 	C:\Users\JPiccione\.p2\pool\plugins\org.eclipse.justj.openjdk.hotspot.jre.full.win32.x86_64_17.0.8.v20230831-1047\jre\bin\jli.dll
0x00007ffc02bf0000 - 0x00007ffc02d8e000 	C:\windows\System32\USER32.dll
0x00007ffc00950000 - 0x00007ffc00972000 	C:\windows\System32\win32u.dll
0x00007ffbd7fe0000 - 0x00007ffbd827a000 	C:\windows\WinSxS\amd64_microsoft.windows.common-controls_6595b64144ccf1df_6.0.19041.3570_none_60bb2a3971f3e41a\COMCTL32.dll
0x00007ffc01da0000 - 0x00007ffc01dcc000 	C:\windows\System32\GDI32.dll
0x00007ffc00b10000 - 0x00007ffc00c2a000 	C:\windows\System32\gdi32full.dll
0x00007ffc00c30000 - 0x00007ffc00ccd000 	C:\windows\System32\msvcp_win.dll
0x00007ffc000b0000 - 0x00007ffc000ba000 	C:\windows\SYSTEM32\VERSION.dll
0x00007ffc000a0000 - 0x00007ffc000ab000 	C:\windows\SYSTEM32\FLTLIB.DLL
0x00007ffc01f60000 - 0x00007ffc01f90000 	C:\windows\System32\IMM32.DLL
0x00007ffbfbc50000 - 0x00007ffbfbc5c000 	C:\Users\JPiccione\.p2\pool\plugins\org.eclipse.justj.openjdk.hotspot.jre.full.win32.x86_64_17.0.8.v20230831-1047\jre\bin\vcruntime140_1.dll
0x00007ffbd9c30000 - 0x00007ffbd9cc1000 	C:\Users\JPiccione\.p2\pool\plugins\org.eclipse.justj.openjdk.hotspot.jre.full.win32.x86_64_17.0.8.v20230831-1047\jre\bin\msvcp140.dll
0x00007ffb7d670000 - 0x00007ffb7e2bc000 	C:\Users\JPiccione\.p2\pool\plugins\org.eclipse.justj.openjdk.hotspot.jre.full.win32.x86_64_17.0.8.v20230831-1047\jre\bin\server\jvm.dll
0x00007ffbff870000 - 0x00007ffbff8bb000 	C:\windows\SYSTEM32\POWRPROF.dll
0x00007ffbf8ea0000 - 0x00007ffbf8ea9000 	C:\windows\SYSTEM32\WSOCK32.dll
0x00007ffc02e30000 - 0x00007ffc02e9b000 	C:\windows\System32\WS2_32.dll
0x00007ffbe58a0000 - 0x00007ffbe58c7000 	C:\windows\SYSTEM32\WINMM.dll
0x00007ffbff730000 - 0x00007ffbff742000 	C:\windows\SYSTEM32\UMPDC.dll
0x00007ffbfdf30000 - 0x00007ffbfdf42000 	C:\windows\SYSTEM32\kernel.appcore.dll
0x00007ffbf0410000 - 0x00007ffbf041a000 	C:\Users\JPiccione\.p2\pool\plugins\org.eclipse.justj.openjdk.hotspot.jre.full.win32.x86_64_17.0.8.v20230831-1047\jre\bin\jimage.dll
0x00007ffbf0ca0000 - 0x00007ffbf0e84000 	C:\windows\SYSTEM32\DBGHELP.DLL
0x00007ffbf10a0000 - 0x00007ffbf10d4000 	C:\windows\SYSTEM32\dbgcore.DLL
0x00007ffc00a30000 - 0x00007ffc00ab2000 	C:\windows\System32\bcryptPrimitives.dll
0x00007ffbb64c0000 - 0x00007ffbb653b000 	C:\Program Files\SentinelOne\Sentinel Agent 23.1.4.650\SentinelJava64.dll
0x00007ffc02460000 - 0x00007ffc0258b000 	C:\windows\System32\ole32.dll
0x00007ffc01a40000 - 0x00007ffc01d94000 	C:\windows\System32\combase.dll
0x00007ffbdf240000 - 0x00007ffbdf265000 	C:\Users\JPiccione\.p2\pool\plugins\org.eclipse.justj.openjdk.hotspot.jre.full.win32.x86_64_17.0.8.v20230831-1047\jre\bin\java.dll
0x00007ffbdf040000 - 0x00007ffbdf058000 	C:\Users\JPiccione\.p2\pool\plugins\org.eclipse.justj.openjdk.hotspot.jre.full.win32.x86_64_17.0.8.v20230831-1047\jre\bin\zip.dll
0x00007ffc00fd0000 - 0x00007ffc01714000 	C:\windows\System32\SHELL32.dll
0x00007ffbfe0c0000 - 0x00007ffbfe85b000 	C:\windows\SYSTEM32\windows.storage.dll
0x00007ffbffd50000 - 0x00007ffbffd7d000 	C:\windows\SYSTEM32\Wldp.dll
0x00007ffc022f0000 - 0x00007ffc0239d000 	C:\windows\System32\SHCORE.dll
0x00007ffc01720000 - 0x00007ffc01775000 	C:\windows\System32\shlwapi.dll
0x00007ffc00580000 - 0x00007ffc005a5000 	C:\windows\SYSTEM32\profapi.dll
0x00007ffbdf130000 - 0x00007ffbdf149000 	C:\Users\JPiccione\.p2\pool\plugins\org.eclipse.justj.openjdk.hotspot.jre.full.win32.x86_64_17.0.8.v20230831-1047\jre\bin\net.dll
0x00007ffbff2d0000 - 0x00007ffbff3da000 	C:\windows\SYSTEM32\WINHTTP.dll
0x00007ffbffab0000 - 0x00007ffbffb1a000 	C:\windows\system32\mswsock.dll
0x00007ffbdf070000 - 0x00007ffbdf085000 	C:\Users\JPiccione\.p2\pool\plugins\org.eclipse.justj.openjdk.hotspot.jre.full.win32.x86_64_17.0.8.v20230831-1047\jre\bin\nio.dll
0x00007ffbffca0000 - 0x00007ffbffcb8000 	C:\windows\SYSTEM32\CRYPTSP.dll
0x00007ffbff240000 - 0x00007ffbff274000 	C:\windows\system32\rsaenh.dll
0x00007ffc00e40000 - 0x00007ffc00e67000 	C:\windows\System32\bcrypt.dll
0x00007ffc00500000 - 0x00007ffc0052e000 	C:\windows\SYSTEM32\USERENV.dll
0x00007ffbffcc0000 - 0x00007ffbffccc000 	C:\windows\SYSTEM32\CRYPTBASE.dll
0x00007ffbff750000 - 0x00007ffbff78b000 	C:\windows\SYSTEM32\IPHLPAPI.DLL
0x00007ffc01e70000 - 0x00007ffc01e78000 	C:\windows\System32\NSI.dll
0x00007ffbf9760000 - 0x00007ffbf9777000 	C:\windows\SYSTEM32\dhcpcsvc6.DLL
0x00007ffbf9590000 - 0x00007ffbf95ad000 	C:\windows\SYSTEM32\dhcpcsvc.DLL
0x00007ffbff7a0000 - 0x00007ffbff86a000 	C:\windows\SYSTEM32\DNSAPI.dll
0x00007ffbe2950000 - 0x00007ffbe295e000 	C:\Users\JPiccione\.p2\pool\plugins\org.eclipse.justj.openjdk.hotspot.jre.full.win32.x86_64_17.0.8.v20230831-1047\jre\bin\sunmscapi.dll
0x00007ffc00e70000 - 0x00007ffc00fcd000 	C:\windows\System32\CRYPT32.dll
0x00007ffbffdc0000 - 0x00007ffbffde7000 	C:\windows\SYSTEM32\ncrypt.dll
0x00007ffbffd80000 - 0x00007ffbffdbb000 	C:\windows\SYSTEM32\NTASN1.dll
0x00007ffbf98c0000 - 0x00007ffbf98c9000 	C:\Users\JPiccione\.p2\pool\plugins\org.eclipse.justj.openjdk.hotspot.jre.full.win32.x86_64_17.0.8.v20230831-1047\jre\bin\management.dll
0x00007ffbf90d0000 - 0x00007ffbf90db000 	C:\Users\JPiccione\.p2\pool\plugins\org.eclipse.justj.openjdk.hotspot.jre.full.win32.x86_64_17.0.8.v20230831-1047\jre\bin\management_ext.dll
0x00007ffc02450000 - 0x00007ffc02458000 	C:\windows\System32\PSAPI.DLL
0x00007ffbec5b0000 - 0x00007ffbec5c0000 	C:\Users\JPiccione\.p2\pool\plugins\org.eclipse.justj.openjdk.hotspot.jre.full.win32.x86_64_17.0.8.v20230831-1047\jre\bin\verify.dll
0x00007ffbf0bf0000 - 0x00007ffbf0bfa000 	C:\Windows\System32\rasadhlp.dll
0x00007ffbf9b00000 - 0x00007ffbf9b82000 	C:\windows\System32\fwpuclnt.dll
0x00007ffbe0900000 - 0x00007ffbe0917000 	C:\windows\system32\napinsp.dll
0x00007ffbe0a40000 - 0x00007ffbe0a5b000 	C:\windows\system32\pnrpnsp.dll
0x00007ffbf9b90000 - 0x00007ffbf9ba5000 	C:\windows\system32\wshbth.dll
0x00007ffbfb650000 - 0x00007ffbfb66d000 	C:\windows\system32\NLAapi.dll
0x00007ffbe0a60000 - 0x00007ffbe0a72000 	C:\windows\System32\winrnr.dll
0x00007ffbe19f0000 - 0x00007ffbe19f7000 	C:\windows\system32\wshunix.dll

dbghelp: loaded successfully - version: 4.0.5 - missing functions: none
symbol engine: initialized successfully - sym options: 0x614 - pdb path: .;C:\Users\JPiccione\.p2\pool\plugins\org.eclipse.justj.openjdk.hotspot.jre.full.win32.x86_64_17.0.8.v20230831-1047\jre\bin;C:\windows\SYSTEM32;C:\Program Files\SentinelOne\Sentinel Agent 23.1.4.650;C:\windows\WinSxS\amd64_microsoft.windows.common-controls_6595b64144ccf1df_6.0.19041.3570_none_60bb2a3971f3e41a;C:\Users\JPiccione\.p2\pool\plugins\org.eclipse.justj.openjdk.hotspot.jre.full.win32.x86_64_17.0.8.v20230831-1047\jre\bin\server

VM Arguments:
jvm_args: -Dfile.encoding=UTF-8 -XX:+ShowCodeDetailsInExceptionMessages -agentpath:C:\Program Files\SentinelOne\Sentinel Agent 23.1.4.650\SentinelJava64.dll 
java_command: com.spencer.ItemApp.ItemAppApplication
java_class_path (initial): C:\Users\JPiccione\OneDrive - Spencer Gifts LLC\Documents\ItemApp\target\classes;C:\Users\JPiccione\.m2\repository\org\springframework\boot\spring-boot-starter-data-jpa\3.1.4\spring-boot-starter-data-jpa-3.1.4.jar;C:\Users\JPiccione\.m2\repository\org\springframework\boot\spring-boot-starter-aop\3.1.4\spring-boot-starter-aop-3.1.4.jar;C:\Users\JPiccione\.m2\repository\org\aspectj\aspectjweaver\1.9.20\aspectjweaver-1.9.20.jar;C:\Users\JPiccione\.m2\repository\org\springframework\boot\spring-boot-starter-jdbc\3.1.4\spring-boot-starter-jdbc-3.1.4.jar;C:\Users\JPiccione\.m2\repository\com\zaxxer\HikariCP\5.0.1\HikariCP-5.0.1.jar;C:\Users\JPiccione\.m2\repository\org\springframework\spring-jdbc\6.0.12\spring-jdbc-6.0.12.jar;C:\Users\JPiccione\.m2\repository\org\hibernate\orm\hibernate-core\6.2.9.Final\hibernate-core-6.2.9.Final.jar;C:\Users\JPiccione\.m2\repository\jakarta\persistence\jakarta.persistence-api\3.1.0\jakarta.persistence-api-3.1.0.jar;C:\Users\JPiccione\.m2\repository\jakarta\transaction\jakarta.transaction-api\2.0.1\jakarta.transaction-api-2.0.1.jar;C:\Users\JPiccione\.m2\repository\org\jboss\logging\jboss-logging\3.5.3.Final\jboss-logging-3.5.3.Final.jar;C:\Users\JPiccione\.m2\repository\org\hibernate\common\hibernate-commons-annotations\6.0.6.Final\hibernate-commons-annotations-6.0.6.Final.jar;C:\Users\JPiccione\.m2\repository\io\smallrye\jandex\3.0.5\jandex-3.0.5.jar;C:\Users\JPiccione\.m2\repository\com\fasterxml\classmate\1.5.1\classmate-1.5.1.jar;C:\Users\JPiccione\.m2\repository\net\bytebuddy\byte-buddy\1.14.8\byte-buddy-1.14.8.jar;C:\Users\JPiccione\.m2\repository\org\glassfish\jaxb\jaxb-runtime\4.0.3\jaxb-runtime-4.0.3.jar;C:\Users\JPiccione\.m2\repository\org\glassfish\jaxb\jaxb-core\4.0.3\jaxb-core-4.0.3.jar;C:\Users\JPiccione\.m2\repository\org\eclipse\angus\angus-activation\2.0.1\angus-activation-2.0.1.jar;C:\Users\JPiccione\.m2\repository\org\glassfish\jaxb\txw2\4.0.3\txw2-4.0.3.jar;C:\Users\JPiccione\.m2\repositor
Launcher Type: SUN_STANDARD

[Global flags]
     intx CICompilerCount                          = 3                                         {product} {ergonomic}
     uint ConcGCThreads                            = 1                                         {product} {ergonomic}
     uint G1ConcRefinementThreads                  = 4                                         {product} {ergonomic}
   size_t G1HeapRegionSize                         = 2097152                                   {product} {ergonomic}
    uintx GCDrainStackTargetSize                   = 64                                        {product} {ergonomic}
   size_t InitialHeapSize                          = 264241152                                 {product} {ergonomic}
   size_t MarkStackSize                            = 4194304                                   {product} {ergonomic}
   size_t MaxHeapSize                              = 4215275520                                {product} {ergonomic}
   size_t MaxNewSize                               = 2529165312                                {product} {ergonomic}
   size_t MinHeapDeltaBytes                        = 2097152                                   {product} {ergonomic}
   size_t MinHeapSize                              = 8388608                                   {product} {ergonomic}
    uintx NonNMethodCodeHeapSize                   = 5832780                                {pd product} {ergonomic}
    uintx NonProfiledCodeHeapSize                  = 122912730                              {pd product} {ergonomic}
    uintx ProfiledCodeHeapSize                     = 122912730                              {pd product} {ergonomic}
    uintx ReservedCodeCacheSize                    = 251658240                              {pd product} {ergonomic}
     bool SegmentedCodeCache                       = true                                      {product} {ergonomic}
     bool ShowCodeDetailsInExceptionMessages       = true                                   {manageable} {command line}
   size_t SoftMaxHeapSize                          = 4215275520                             {manageable} {ergonomic}
     bool UseCompressedClassPointers               = true                           {product lp64_product} {ergonomic}
     bool UseCompressedOops                        = true                           {product lp64_product} {ergonomic}
     bool UseG1GC                                  = true                                      {product} {ergonomic}
     bool UseLargePagesIndividualAllocation        = false                                  {pd product} {ergonomic}

Logging:
Log output configuration:
 #0: stdout all=warning uptime,level,tags
 #1: stderr all=off uptime,level,tags

Environment Variables:
PATH=C:/Users/JPiccione/.p2/pool/plugins/org.eclipse.justj.openjdk.hotspot.jre.full.win32.x86_64_17.0.8.v20230831-1047/jre/bin/server;C:/Users/JPiccione/.p2/pool/plugins/org.eclipse.justj.openjdk.hotspot.jre.full.win32.x86_64_17.0.8.v20230831-1047/jre/bin;C:\Program Files\Common Files\Oracle\Java\javapath;C:\Program Files (x86)\Common Files\Oracle\Java\javapath;C:\Program Files\Microsoft\jdk-11.0.16.101-hotspot\bin;C:\Program Files (x86)\Business Objects\Common\3.5\bin\NOTES\;C:\Program Files (x86)\Business Objects\Common\3.5\bin\NOTES\DATA\;C:\windows\system32;C:\windows;C:\windows\System32\Wbem;C:\windows\System32\WindowsPowerShell\v1.0\;C:\windows\System32\OpenSSH\;C:\Program Files (x86)\IBM\Client Access\Emulator;C:\Program Files (x86)\IBM\Client Access\Shared;C:\Program Files (x86)\IBM\Client Access\;C:\Program Files (x86)\HEAT\;C:\Program Files (x86)\Microsoft SQL Server\160\DTS\Binn\;C:\Program Files\Azure Data Studio\bin;C:\Program Files\PuTTY\;C:\Program Files\Git\cmd;C:\Program Files\Microsoft SQL Server\150\Tools\Binn\;C:\Program Files\Microsoft SQL Server\Client SDK\ODBC\170\Tools\Binn\;C:\Program Files\dotnet\;C:\Program Files (x86)\Windows Kits\10\Windows Performance Toolkit\;c:\Program Files (x86)\Microsoft SQL Server\110\Tools\Binn\;c:\Program Files\Microsoft SQL Server\110\Tools\Binn\;c:\Program Files\Microsoft SQL Server\110\DTS\Binn\;C:\Program Files (x86)\Microsoft SQL Server\150\Tools\Binn\;C:\Program Files\Microsoft SQL Server\150\DTS\Binn\;C:\Users\JPiccione\AppData\Local\Microsoft\WindowsApps;C:\Program Files\Azure Data Studio\bin;C:\Users\JPiccione\.dotnet\tools;C:\Users\JPiccione\AppData\Local\Programs\Azure Data Studio\bin;C:\Program Files\JetBrains\IntelliJ IDEA 2023.2\bin;;C:\Users\JPiccione\AppData\Local\GitHubDesktop\bin;C:\windows\system32;
USERNAME=JPiccione
OS=Windows_NT
PROCESSOR_IDENTIFIER=Intel64 Family 6 Model 61 Stepping 4, GenuineIntel
TMP=C:\Users\JPICCI~1\AppData\Local\Temp
TEMP=C:\Users\JPICCI~1\AppData\Local\Temp



---------------  S Y S T E M  ---------------

OS:
 Windows 10 , 64 bit Build 19041 (10.0.19041.3570)
OS uptime: 6 days 1:11 hours

CPU: total 4 (initial active 4) (2 cores per cpu, 2 threads per core) family 6 model 61 stepping 4 microcode 0x2d, cx8, cmov, fxsr, ht, mmx, 3dnowpref, sse, sse2, sse3, ssse3, sse4.1, sse4.2, popcnt, lzcnt, tsc, tscinvbit, avx, avx2, aes, erms, clmul, bmi1, bmi2, rtm, adx, fma, vzeroupper, clflush
Processor Information for all 4 processors :
  Max Mhz: 2594, Current Mhz: 2594, Mhz Limit: 2594

Memory: 4k page, system-wide physical 16079M (7531M free)
TotalPageFile size 18511M (AvailPageFile size 8051M)
current process WorkingSet (physical memory assigned to process): 280M, peak: 325M
current process commit charge ("private bytes"): 296M, peak: 372M

vm_info: OpenJDK 64-Bit Server VM (17.0.8.1+1) for windows-amd64 JRE (17.0.8.1+1), built on Aug 23 2023 15:29:17 by "admin" with MS VC++ 16.7 (VS2019)

END.
