#
# A fatal error has been detected by the Java Runtime Environment:
#
#  EXCEPTION_ACCESS_VIOLATION (0xc0000005) at pc=0x0000016415ee9170, pid=9196, tid=6332
#
# JRE version: OpenJDK Runtime Environment Temurin-17.0.8.1+1 (17.0.8.1+1) (build 17.0.8.1+1)
# Java VM: OpenJDK 64-Bit Server VM Temurin-17.0.8.1+1 (17.0.8.1+1, mixed mode, tiered, compressed oops, compressed class ptrs, g1 gc, windows-amd64)
# Problematic frame:
# j  org.springframework.security.web.servletapi.HttpServlet3RequestFactory$Servlet3SecurityContextHolderAwareRequestWrapper.authenticate(Ljakarta/servlet/http/HttpServletResponse;)Z+4
#
# No core dump will be written. Minidumps are not enabled by default on client versions of Windows
#
# If you would like to submit a bug report, please visit:
#   https://github.com/adoptium/adoptium-support/issues
#

---------------  S U M M A R Y ------------

Command Line: -Dfile.encoding=UTF-8 -XX:+ShowCodeDetailsInExceptionMessages -agentpath:C:\Program Files\SentinelOne\Sentinel Agent 23.1.4.650\SentinelJava64.dll com.spencer.ItemApp.ItemAppApplication

Host: Intel(R) Core(TM) i7-5600U CPU @ 2.60GHz, 4 cores, 15G,  Windows 10 , 64 bit Build 19041 (10.0.19041.3570)
Time: Thu Nov  9 14:49:42 2023 Eastern Standard Time elapsed time: 24.008560 seconds (0d 0h 0m 24s)

---------------  T H R E A D  ---------------

Current thread (0x0000016431652ce0):  JavaThread "http-nio-8080-exec-1" daemon [_thread_in_Java, id=6332, stack(0x00000032f8e00000,0x00000032f8f00000)]

Stack: [0x00000032f8e00000,0x00000032f8f00000],  sp=0x00000032f8ef9320,  free space=996k
Native frames: (J=compiled Java code, j=interpreted, Vv=VM code, C=native code)
C  0x0000016415ee9170


siginfo: EXCEPTION_ACCESS_VIOLATION (0xc0000005), reading address 0x0000000246cc5a40


Register to memory mapping:

RIP=0x0000016415ee9170 is at code_begin+272 in an Interpreter codelet
getfield  180 getfield  [0x0000016415ee9060, 0x0000016415ee9980]  2336 bytes
RAX=0x0000000084000005 is an unknown value
RBX=0x0000000000000020 is an unknown value
RCX=0x0000016437013b80 is pointing into metadata
RDX=0x0000000000000020 is an unknown value
RSP=0x00000032f8ef9320 is pointing into the stack for thread: 0x0000016431652ce0
RBP=0x00000032f8ef9368 is pointing into the stack for thread: 0x0000016431652ce0
RSI=0x00000032f8ef97c0 is pointing into the stack for thread: 0x0000016431652ce0
RDI=0x0000016431652ce0 is a thread
R8 =0x0000000000000006 is an unknown value
R9 =0x0000000246cc5a40 is an unknown value
R10=0x00000164347d9a50 points into unknown readable memory: 0x0000001e00000005 | 05 00 00 00 1e 00 00 00
R11=0x000001642dd19f48 is pointing into metadata
R12=0x0 is NULL
R13=0x00000164370121ac is pointing into metadata
R14=0x00000032f8ef9388 is pointing into the stack for thread: 0x0000016431652ce0
R15=0x0000016431652ce0 is a thread


Registers:
RAX=0x0000000084000005, RBX=0x0000000000000020, RCX=0x0000016437013b80, RDX=0x0000000000000020
RSP=0x00000032f8ef9320, RBP=0x00000032f8ef9368, RSI=0x00000032f8ef97c0, RDI=0x0000016431652ce0
R8 =0x0000000000000006, R9 =0x0000000246cc5a40, R10=0x00000164347d9a50, R11=0x000001642dd19f48
R12=0x0000000000000000, R13=0x00000164370121ac, R14=0x00000032f8ef9388, R15=0x0000016431652ce0
RIP=0x0000016415ee9170, EFLAGS=0x0000000000010202

Top of Stack: (sp=0x00000032f8ef9320)
0x00000032f8ef9320:   00000032f8ef9320 00000164370121ac
0x00000032f8ef9330:   00000032f8ef9388 0000016437013b80
0x00000032f8ef9340:   00000164377a3d88 00000007068855b8
0x00000032f8ef9350:   0000016437012228 0000000000000000
0x00000032f8ef9360:   00000032f8ef9380 00000032f8ef9560
0x00000032f8ef9370:   0000016415ed1010 0000000000000000
0x00000032f8ef9380:   0000000707a5bcd8 00007ffdc13be30a
0x00000032f8ef9390:   0000016431652ce0 0000000000000000
0x00000032f8ef93a0:   000001642faae980 0000000000000000
0x00000032f8ef93b0:   00000032f8ef9801 00007ffdc15b0600
0x00000032f8ef93c0:   0000016431652ce0 00000164312d2b10
0x00000032f8ef93d0:   0000016426fed8f8 0000000000000000
0x00000032f8ef93e0:   00000032f8ef9558 00007ffdc179cf98
0x00000032f8ef93f0:   0000000000000000 0000016431652ce0
0x00000032f8ef9400:   00000164351357c0 00007ffdc102f3a2
0x00000032f8ef9410:   000001642faae990 000001642faaed68 

Instructions: (pc=0x0000016415ee9170)
0x0000016415ee9070:   fb 11 04 24 eb 14 48 83 ec 10 48 89 04 24 48 c7
0x0000016415ee9080:   44 24 08 00 00 00 00 eb 01 50 41 0f b7 55 01 48
0x0000016415ee9090:   8b 4d d0 c1 e2 02 8b 5c d1 20 c1 eb 10 81 e3 ff
0x0000016415ee90a0:   00 00 00 81 fb b4 00 00 00 0f 84 b6 00 00 00 bb
0x0000016415ee90b0:   b4 00 00 00 e8 05 00 00 00 e9 9b 00 00 00 48 8b
0x0000016415ee90c0:   d3 48 8d 44 24 08 4c 89 6d c0 49 8b cf c5 f8 77
0x0000016415ee90d0:   49 89 af a0 02 00 00 49 89 87 90 02 00 00 48 83
0x0000016415ee90e0:   ec 20 f7 c4 0f 00 00 00 0f 84 1a 00 00 00 48 83
0x0000016415ee90f0:   ec 08 49 ba 10 4f 1e c1 fd 7f 00 00 41 ff d2 48
0x0000016415ee9100:   83 c4 08 e9 0d 00 00 00 49 ba 10 4f 1e c1 fd 7f
0x0000016415ee9110:   00 00 41 ff d2 48 83 c4 20 49 c7 87 90 02 00 00
0x0000016415ee9120:   00 00 00 00 49 c7 87 a0 02 00 00 00 00 00 00 49
0x0000016415ee9130:   c7 87 98 02 00 00 00 00 00 00 c5 f8 77 49 81 7f
0x0000016415ee9140:   08 00 00 00 00 0f 84 05 00 00 00 e9 b0 7d fe ff
0x0000016415ee9150:   4c 8b 6d c0 4c 8b 75 c8 c3 41 0f b7 55 01 48 8b
0x0000016415ee9160:   4d d0 c1 e2 02 48 8b 5c d1 30 8b 44 d1 38 41 59
0x0000016415ee9170:   49 3b 01 c1 e8 1c 83 e0 0f 0f 85 d4 00 00 00 41
0x0000016415ee9180:   0f be 04 19 50 41 b9 cc 00 00 00 41 0f b6 5d 00
0x0000016415ee9190:   81 fb ca 00 00 00 0f 85 ae 00 00 00 48 8b 5d e8
0x0000016415ee91a0:   e8 05 00 00 00 e9 9e 00 00 00 4d 8b c5 48 8b d3
0x0000016415ee91b0:   48 8d 44 24 08 4c 89 6d c0 49 8b cf c5 f8 77 49
0x0000016415ee91c0:   89 af a0 02 00 00 49 89 87 90 02 00 00 48 83 ec
0x0000016415ee91d0:   20 f7 c4 0f 00 00 00 0f 84 1a 00 00 00 48 83 ec
0x0000016415ee91e0:   08 49 ba 80 5d 1e c1 fd 7f 00 00 41 ff d2 48 83
0x0000016415ee91f0:   c4 08 e9 0d 00 00 00 49 ba 80 5d 1e c1 fd 7f 00
0x0000016415ee9200:   00 41 ff d2 48 83 c4 20 49 c7 87 90 02 00 00 00
0x0000016415ee9210:   00 00 00 49 c7 87 a0 02 00 00 00 00 00 00 49 c7
0x0000016415ee9220:   87 98 02 00 00 00 00 00 00 c5 f8 77 49 81 7f 08
0x0000016415ee9230:   00 00 00 00 0f 84 05 00 00 00 e9 c1 7c fe ff 4c
0x0000016415ee9240:   8b 6d c0 4c 8b 75 c8 c3 eb 04 45 88 4d 00 e9 fd
0x0000016415ee9250:   06 00 00 83 f8 01 0f 85 d4 00 00 00 41 0f b6 04
0x0000016415ee9260:   19 50 41 b9 cc 00 00 00 41 0f b6 5d 00 81 fb ca 


Stack slot to memory mapping:
stack at sp + 0 slots: 0x00000032f8ef9320 is pointing into the stack for thread: 0x0000016431652ce0
stack at sp + 1 slots: 0x00000164370121ac is pointing into metadata
stack at sp + 2 slots: 0x00000032f8ef9388 is pointing into the stack for thread: 0x0000016431652ce0
stack at sp + 3 slots: 0x0000016437013b80 is pointing into metadata
stack at sp + 4 slots: 0x00000164377a3d88 is pointing into metadata
stack at sp + 5 slots: 0x00000007068855b8 is an oop: java.lang.Class 
{0x00000007068855b8} - klass: 'java/lang/Class'
 - ---- fields (total size 14 words):
 - private volatile transient 'classRedefinedCount' 'I' @12  0
 - private volatile transient 'cachedConstructor' 'Ljava/lang/reflect/Constructor;' @40  NULL (0)
 - private transient 'name' 'Ljava/lang/String;' @44  "org.springframework.security.web.servletapi.HttpServlet3RequestFactory$Servlet3SecurityContextHolderAwareRequestWrapper"{0x0000000706886df0} (e0d10dbe)
 - private transient 'module' 'Ljava/lang/Module;' @48  a 'java/lang/Module'{0x0000000704f80970} (e09f012e)
 - private final 'classLoader' 'Ljava/lang/ClassLoader;' @52  a 'jdk/internal/loader/ClassLoaders$AppClassLoader'{0x0000000704f9b0c0} (e09f3618)
 - private transient 'classData' 'Ljava/lang/Object;' @56  NULL (0)
 - private transient 'packageName' 'Ljava/lang/String;' @60  "org.springframework.security.web.servletapi"{0x000000070670d748} (e0ce1ae9)
 - private final 'componentType' 'Ljava/lang/Class;' @64  NULL (0)
 - private volatile transient 'reflectionData' 'Ljava/lang/ref/SoftReference;' @68  NULL (0)
 - private volatile transient 'genericInfo' 'Lsun/reflect/generics/repository/ClassRepository;' @72  NULL (0)
 - private volatile transient 'enumConstants' '[Ljava/lang/Object;' @76  NULL (0)
 - private volatile transient 'enumConstantDirectory' 'Ljava/util/Map;' @80  NULL (0)
 - private volatile transient 'annotationData' 'Ljava/lang/Class$AnnotationData;' @84  NULL (0)
 - private volatile transient 'annotationType' 'Lsun/reflect/annotation/AnnotationType;' @88  NULL (0)
 - transient 'classValueMap' 'Ljava/lang/ClassValue$ClassValueMap;' @92  NULL (0)
 - signature: Lorg/springframework/security/web/servletapi/HttpServlet3RequestFactory$Servlet3SecurityContextHolderAwareRequestWrapper;
 - fake entry for mirror: 'org/springframework/security/web/servletapi/HttpServlet3RequestFactory$Servlet3SecurityContextHolderAwareRequestWrapper'
 - fake entry for array: NULL
 - fake entry for oop_size: 14
 - fake entry for static_oop_field_count: 0
stack at sp + 6 slots: {method} {0x0000016437012230} 'authenticate' '(Ljakarta/servlet/http/HttpServletResponse;)Z' in 'org/springframework/security/web/servletapi/HttpServlet3RequestFactory$Servlet3SecurityContextHolderAwareRequestWrapper'
stack at sp + 7 slots: 0x0 is NULL

getfield  180 getfield  [0x0000016415ee9060, 0x0000016415ee9980]  2336 bytes
[MachCode]
  0x0000016415ee9060: 4883 ec08 | c5fa 1104 | 24eb 1f48 | 83ec 10c5 | fb11 0424 | eb14 4883 | ec10 4889 | 0424 48c7 
  0x0000016415ee9080: 4424 0800 | 0000 00eb | 0150 410f | b755 0148 | 8b4d d0c1 | e202 8b5c | d120 c1eb | 1081 e3ff 
  0x0000016415ee90a0: 0000 0081 | fbb4 0000 | 000f 84b6 | 0000 00bb | b400 0000 | e805 0000 | 00e9 9b00 | 0000 488b 
  0x0000016415ee90c0: d348 8d44 | 2408 4c89 | 6dc0 498b | cfc5 f877 | 4989 afa0 | 0200 0049 | 8987 9002 | 0000 4883 
  0x0000016415ee90e0: ec20 f7c4 | 0f00 0000 | 0f84 1a00 | 0000 4883 | ec08 49ba | 104f 1ec1 | fd7f 0000 | 41ff d248 
  0x0000016415ee9100: 83c4 08e9 | 0d00 0000 | 49ba 104f | 1ec1 fd7f | 0000 41ff | d248 83c4 | 2049 c787 | 9002 0000 
  0x0000016415ee9120: 0000 0000 | 49c7 87a0 | 0200 0000 | 0000 0049 | c787 9802 | 0000 0000 | 0000 c5f8 | 7749 817f 
  0x0000016415ee9140: 0800 0000 | 000f 8405 | 0000 00e9 | b07d feff | 4c8b 6dc0 | 4c8b 75c8 | c341 0fb7 | 5501 488b 
  0x0000016415ee9160: 4dd0 c1e2 | 0248 8b5c | d130 8b44 | d138 4159 | 493b 01c1 | e81c 83e0 | 0f0f 85d4 | 0000 0041 
  0x0000016415ee9180: 0fbe 0419 | 5041 b9cc | 0000 0041 | 0fb6 5d00 | 81fb ca00 | 0000 0f85 | ae00 0000 | 488b 5de8 
  0x0000016415ee91a0: e805 0000 | 00e9 9e00 | 0000 4d8b | c548 8bd3 | 488d 4424 | 084c 896d | c049 8bcf | c5f8 7749 
  0x0000016415ee91c0: 89af a002 | 0000 4989 | 8790 0200 | 0048 83ec | 20f7 c40f | 0000 000f | 841a 0000 | 0048 83ec 
  0x0000016415ee91e0: 0849 ba80 | 5d1e c1fd | 7f00 0041 | ffd2 4883 | c408 e90d | 0000 0049 | ba80 5d1e | c1fd 7f00 
  0x0000016415ee9200: 0041 ffd2 | 4883 c420 | 49c7 8790 | 0200 0000 | 0000 0049 | c787 a002 | 0000 0000 | 0000 49c7 
  0x0000016415ee9220: 8798 0200 | 0000 0000 | 00c5 f877 | 4981 7f08 | 0000 0000 | 0f84 0500 | 0000 e9c1 | 7cfe ff4c 
  0x0000016415ee9240: 8b6d c04c | 8b75 c8c3 | eb04 4588 | 4d00 e9fd | 0600 0083 | f801 0f85 | d400 0000 | 410f b604 
  0x0000016415ee9260: 1950 41b9 | cc00 0000 | 410f b65d | 0081 fbca | 0000 000f | 85ae 0000 | 0048 8b5d | e8e8 0500 
  0x0000016415ee9280: 0000 e99e | 0000 004d | 8bc5 488b | d348 8d44 | 2408 4c89 | 6dc0 498b | cfc5 f877 | 4989 afa0 
  0x0000016415ee92a0: 0200 0049 | 8987 9002 | 0000 4883 | ec20 f7c4 | 0f00 0000 | 0f84 1a00 | 0000 4883 | ec08 49ba 
  0x0000016415ee92c0: 805d 1ec1 | fd7f 0000 | 41ff d248 | 83c4 08e9 | 0d00 0000 | 49ba 805d | 1ec1 fd7f | 0000 41ff 
  0x0000016415ee92e0: d248 83c4 | 2049 c787 | 9002 0000 | 0000 0000 | 49c7 87a0 | 0200 0000 | 0000 0049 | c787 9802 
  0x0000016415ee9300: 0000 0000 | 0000 c5f8 | 7749 817f | 0800 0000 | 000f 8405 | 0000 00e9 | e47b feff | 4c8b 6dc0 
  0x0000016415ee9320: 4c8b 75c8 | c3eb 0445 | 884d 00e9 | 2006 0000 | 83f8 080f | 85d7 0000 | 0041 8b04 | 1948 c1e0 
  0x0000016415ee9340: 0350 41b9 | cb00 0000 | 410f b65d | 0081 fbca | 0000 000f | 85ae 0000 | 0048 8b5d | e8e8 0500 
  0x0000016415ee9360: 0000 e99e | 0000 004d | 8bc5 488b | d348 8d44 | 2408 4c89 | 6dc0 498b | cfc5 f877 | 4989 afa0 
  0x0000016415ee9380: 0200 0049 | 8987 9002 | 0000 4883 | ec20 f7c4 | 0f00 0000 | 0f84 1a00 | 0000 4883 | ec08 49ba 
  0x0000016415ee93a0: 805d 1ec1 | fd7f 0000 | 41ff d248 | 83c4 08e9 | 0d00 0000 | 49ba 805d | 1ec1 fd7f | 0000 41ff 
  0x0000016415ee93c0: d248 83c4 | 2049 c787 | 9002 0000 | 0000 0000 | 49c7 87a0 | 0200 0000 | 0000 0049 | c787 9802 
  0x0000016415ee93e0: 0000 0000 | 0000 c5f8 | 7749 817f | 0800 0000 | 000f 8405 | 0000 00e9 | 047b feff | 4c8b 6dc0 
  0x0000016415ee9400: 4c8b 75c8 | c3eb 0445 | 884d 00e9 | 4005 0000 | 83f8 040f | 85d3 0000 | 0041 8b04 | 1950 41b9 
  0x0000016415ee9420: d000 0000 | 410f b65d | 0081 fbca | 0000 000f | 85ae 0000 | 0048 8b5d | e8e8 0500 | 0000 e99e 
  0x0000016415ee9440: 0000 004d | 8bc5 488b | d348 8d44 | 2408 4c89 | 6dc0 498b | cfc5 f877 | 4989 afa0 | 0200 0049 
  0x0000016415ee9460: 8987 9002 | 0000 4883 | ec20 f7c4 | 0f00 0000 | 0f84 1a00 | 0000 4883 | ec08 49ba | 805d 1ec1 
  0x0000016415ee9480: fd7f 0000 | 41ff d248 | 83c4 08e9 | 0d00 0000 | 49ba 805d | 1ec1 fd7f | 0000 41ff | d248 83c4 
  0x0000016415ee94a0: 2049 c787 | 9002 0000 | 0000 0000 | 49c7 87a0 | 0200 0000 | 0000 0049 | c787 9802 | 0000 0000 
  0x0000016415ee94c0: 0000 c5f8 | 7749 817f | 0800 0000 | 000f 8405 | 0000 00e9 | 287a feff | 4c8b 6dc0 | 4c8b 75c8 
  0x0000016415ee94e0: c3eb 0445 | 884d 00e9 | 6404 0000 | 83f8 020f | 85d4 0000 | 0041 0fb7 | 0419 5041 | b9cd 0000 
  0x0000016415ee9500: 0041 0fb6 | 5d00 81fb | ca00 0000 | 0f85 ae00 | 0000 488b | 5de8 e805 | 0000 00e9 | 9e00 0000 
  0x0000016415ee9520: 4d8b c548 | 8bd3 488d | 4424 084c | 896d c049 | 8bcf c5f8 | 7749 89af | a002 0000 | 4989 8790 
  0x0000016415ee9540: 0200 0048 | 83ec 20f7 | c40f 0000 | 000f 841a | 0000 0048 | 83ec 0849 | ba80 5d1e | c1fd 7f00 
  0x0000016415ee9560: 0041 ffd2 | 4883 c408 | e90d 0000 | 0049 ba80 | 5d1e c1fd | 7f00 0041 | ffd2 4883 | c420 49c7 
  0x0000016415ee9580: 8790 0200 | 0000 0000 | 0049 c787 | a002 0000 | 0000 0000 | 49c7 8798 | 0200 0000 | 0000 00c5 
  0x0000016415ee95a0: f877 4981 | 7f08 0000 | 0000 0f84 | 0500 0000 | e94b 79fe | ff4c 8b6d | c04c 8b75 | c8c3 eb04 
  0x0000016415ee95c0: 4588 4d00 | e987 0300 | 0083 f803 | 0f85 d400 | 0000 410f | bf04 1950 | 41b9 d200 | 0000 410f 
  0x0000016415ee95e0: b65d 0081 | fbca 0000 | 000f 85ae | 0000 0048 | 8b5d e8e8 | 0500 0000 | e99e 0000 | 004d 8bc5 
  0x0000016415ee9600: 488b d348 | 8d44 2408 | 4c89 6dc0 | 498b cfc5 | f877 4989 | afa0 0200 | 0049 8987 | 9002 0000 
  0x0000016415ee9620: 4883 ec20 | f7c4 0f00 | 0000 0f84 | 1a00 0000 | 4883 ec08 | 49ba 805d | 1ec1 fd7f | 0000 41ff 
  0x0000016415ee9640: d248 83c4 | 08e9 0d00 | 0000 49ba | 805d 1ec1 | fd7f 0000 | 41ff d248 | 83c4 2049 | c787 9002 
  0x0000016415ee9660: 0000 0000 | 0000 49c7 | 87a0 0200 | 0000 0000 | 0049 c787 | 9802 0000 | 0000 0000 | c5f8 7749 
  0x0000016415ee9680: 817f 0800 | 0000 000f | 8405 0000 | 00e9 6e78 | feff 4c8b | 6dc0 4c8b | 75c8 c3eb | 0445 884d 
  0x0000016415ee96a0: 00e9 aa02 | 0000 83f8 | 050f 85e3 | 0000 0049 | 8b04 1948 | 83ec 1048 | 8904 2448 | c744 2408 
  0x0000016415ee96c0: 0000 0000 | 41b9 d100 | 0000 410f | b65d 0081 | fbca 0000 | 000f 85ae | 0000 0048 | 8b5d e8e8 
  0x0000016415ee96e0: 0500 0000 | e99e 0000 | 004d 8bc5 | 488b d348 | 8d44 2408 | 4c89 6dc0 | 498b cfc5 | f877 4989 
  0x0000016415ee9700: afa0 0200 | 0049 8987 | 9002 0000 | 4883 ec20 | f7c4 0f00 | 0000 0f84 | 1a00 0000 | 4883 ec08 
  0x0000016415ee9720: 49ba 805d | 1ec1 fd7f | 0000 41ff | d248 83c4 | 08e9 0d00 | 0000 49ba | 805d 1ec1 | fd7f 0000 
  0x0000016415ee9740: 41ff d248 | 83c4 2049 | c787 9002 | 0000 0000 | 0000 49c7 | 87a0 0200 | 0000 0000 | 0049 c787 
  0x0000016415ee9760: 9802 0000 | 0000 0000 | c5f8 7749 | 817f 0800 | 0000 000f | 8405 0000 | 00e9 8277 | feff 4c8b 
  0x0000016415ee9780: 6dc0 4c8b | 75c8 c3eb | 0445 884d | 00e9 be01 | 0000 83f8 | 060f 85dd | 0000 00c4 | c17a 1004 
  0x0000016415ee97a0: 1948 83ec | 08c5 fa11 | 0424 41b9 | cf00 0000 | 410f b65d | 0081 fbca | 0000 000f | 85ae 0000 
  0x0000016415ee97c0: 0048 8b5d | e8e8 0500 | 0000 e99e | 0000 004d | 8bc5 488b | d348 8d44 | 2408 4c89 | 6dc0 498b 
  0x0000016415ee97e0: cfc5 f877 | 4989 afa0 | 0200 0049 | 8987 9002 | 0000 4883 | ec20 f7c4 | 0f00 0000 | 0f84 1a00 
  0x0000016415ee9800: 0000 4883 | ec08 49ba | 805d 1ec1 | fd7f 0000 | 41ff d248 | 83c4 08e9 | 0d00 0000 | 49ba 805d 
  0x0000016415ee9820: 1ec1 fd7f | 0000 41ff | d248 83c4 | 2049 c787 | 9002 0000 | 0000 0000 | 49c7 87a0 | 0200 0000 
  0x0000016415ee9840: 0000 0049 | c787 9802 | 0000 0000 | 0000 c5f8 | 7749 817f | 0800 0000 | 000f 8405 | 0000 00e9 
  0x0000016415ee9860: 9c76 feff | 4c8b 6dc0 | 4c8b 75c8 | c3eb 0445 | 884d 00e9 | d800 0000 | c4c1 7b10 | 0419 4883 
  0x0000016415ee9880: ec10 c5fb | 1104 2441 | b9ce 0000 | 0041 0fb6 | 5d00 81fb | ca00 0000 | 0f85 ae00 | 0000 488b 
  0x0000016415ee98a0: 5de8 e805 | 0000 00e9 | 9e00 0000 | 4d8b c548 | 8bd3 488d | 4424 084c | 896d c049 | 8bcf c5f8 
  0x0000016415ee98c0: 7749 89af | a002 0000 | 4989 8790 | 0200 0048 | 83ec 20f7 | c40f 0000 | 000f 841a | 0000 0048 
  0x0000016415ee98e0: 83ec 0849 | ba80 5d1e | c1fd 7f00 | 0041 ffd2 | 4883 c408 | e90d 0000 | 0049 ba80 | 5d1e c1fd 
  0x0000016415ee9900: 7f00 0041 | ffd2 4883 | c420 49c7 | 8790 0200 | 0000 0000 | 0049 c787 | a002 0000 | 0000 0000 
  0x0000016415ee9920: 49c7 8798 | 0200 0000 | 0000 00c5 | f877 4981 | 7f08 0000 | 0000 0f84 | 0500 0000 | e9bf 75fe 
  0x0000016415ee9940: ff4c 8b6d | c04c 8b75 | c8c3 eb04 | 4588 4d00 | 410f b65d | 0349 83c5 | 0349 ba90 | 559f c1fd 
  0x0000016415ee9960: 7f00 0041 | ff24 da90 | 0000 0000 | 0000 0000 | 0000 0000 | 0000 0000 | 0000 0000 | 0000 0000 
[/MachCode]

---------------  P R O C E S S  ---------------

Threads class SMR info:
_java_thread_list=0x00000164310a46b0, length=30, elements={
0x00000164294a1fe0, 0x00000164294a49b0, 0x00000164294c3280, 0x00000164294c54e0,
0x00000164294c6820, 0x00000164294cb060, 0x00000164294d4530, 0x00000164294d56d0,
0x0000016429542ce0, 0x000001642965a490, 0x000001642966cbf0, 0x000001642eab4230,
0x000001642eab6ab0, 0x000001642eab4740, 0x000001642eab3300, 0x000001642eab5160,
0x0000016431652ce0, 0x0000016431656490, 0x0000016431653700, 0x00000164316582f0,
0x0000016431654630, 0x00000164316518a0, 0x0000016431655050, 0x0000016431651db0,
0x0000016431650e80, 0x0000016431654b40, 0x0000016431657de0, 0x0000016431655a70,
0x0000016431656eb0, 0x000001643168bf50
}

Java Threads: ( => current thread )
  0x00000164294a1fe0 JavaThread "Reference Handler" daemon [_thread_blocked, id=1048, stack(0x00000032f7500000,0x00000032f7600000)]
  0x00000164294a49b0 JavaThread "Finalizer" daemon [_thread_blocked, id=13988, stack(0x00000032f7600000,0x00000032f7700000)]
  0x00000164294c3280 JavaThread "Signal Dispatcher" daemon [_thread_blocked, id=8568, stack(0x00000032f7700000,0x00000032f7800000)]
  0x00000164294c54e0 JavaThread "Attach Listener" daemon [_thread_blocked, id=6108, stack(0x00000032f7800000,0x00000032f7900000)]
  0x00000164294c6820 JavaThread "Service Thread" daemon [_thread_blocked, id=13100, stack(0x00000032f7900000,0x00000032f7a00000)]
  0x00000164294cb060 JavaThread "Monitor Deflation Thread" daemon [_thread_blocked, id=18084, stack(0x00000032f7a00000,0x00000032f7b00000)]
  0x00000164294d4530 JavaThread "C2 CompilerThread0" daemon [_thread_blocked, id=10216, stack(0x00000032f7b00000,0x00000032f7c00000)]
  0x00000164294d56d0 JavaThread "C1 CompilerThread0" daemon [_thread_blocked, id=19208, stack(0x00000032f7c00000,0x00000032f7d00000)]
  0x0000016429542ce0 JavaThread "Sweeper thread" daemon [_thread_blocked, id=5764, stack(0x00000032f7d00000,0x00000032f7e00000)]
  0x000001642965a490 JavaThread "Notification Thread" daemon [_thread_blocked, id=18696, stack(0x00000032f7e00000,0x00000032f7f00000)]
  0x000001642966cbf0 JavaThread "Common-Cleaner" daemon [_thread_blocked, id=7964, stack(0x00000032f8000000,0x00000032f8100000)]
  0x000001642eab4230 JavaThread "Catalina-utility-1" [_thread_blocked, id=15296, stack(0x00000032f8100000,0x00000032f8200000)]
  0x000001642eab6ab0 JavaThread "Catalina-utility-2" [_thread_blocked, id=16960, stack(0x00000032f8600000,0x00000032f8700000)]
  0x000001642eab4740 JavaThread "container-0" [_thread_blocked, id=7288, stack(0x00000032f8700000,0x00000032f8800000)]
  0x000001642eab3300 JavaThread "mssql-jdbc-shared-timer-core-0" daemon [_thread_blocked, id=11784, stack(0x00000032f8900000,0x00000032f8a00000)]
  0x000001642eab5160 JavaThread "HikariPool-1 housekeeper" daemon [_thread_blocked, id=2136, stack(0x00000032f8c00000,0x00000032f8d00000)]
=>0x0000016431652ce0 JavaThread "http-nio-8080-exec-1" daemon [_thread_in_Java, id=6332, stack(0x00000032f8e00000,0x00000032f8f00000)]
  0x0000016431656490 JavaThread "http-nio-8080-exec-2" daemon [_thread_blocked, id=17940, stack(0x00000032f8f00000,0x00000032f9000000)]
  0x0000016431653700 JavaThread "http-nio-8080-exec-3" daemon [_thread_blocked, id=17180, stack(0x00000032f9000000,0x00000032f9100000)]
  0x00000164316582f0 JavaThread "http-nio-8080-exec-4" daemon [_thread_blocked, id=12236, stack(0x00000032f9100000,0x00000032f9200000)]
  0x0000016431654630 JavaThread "http-nio-8080-exec-5" daemon [_thread_blocked, id=18264, stack(0x00000032f9200000,0x00000032f9300000)]
  0x00000164316518a0 JavaThread "http-nio-8080-exec-6" daemon [_thread_blocked, id=18304, stack(0x00000032f9300000,0x00000032f9400000)]
  0x0000016431655050 JavaThread "http-nio-8080-exec-7" daemon [_thread_blocked, id=2004, stack(0x00000032f9400000,0x00000032f9500000)]
  0x0000016431651db0 JavaThread "http-nio-8080-exec-8" daemon [_thread_blocked, id=5096, stack(0x00000032f9500000,0x00000032f9600000)]
  0x0000016431650e80 JavaThread "http-nio-8080-exec-9" daemon [_thread_blocked, id=17392, stack(0x00000032f9600000,0x00000032f9700000)]
  0x0000016431654b40 JavaThread "http-nio-8080-exec-10" daemon [_thread_blocked, id=16120, stack(0x00000032f9700000,0x00000032f9800000)]
  0x0000016431657de0 JavaThread "http-nio-8080-Poller" daemon [_thread_in_native, id=15044, stack(0x00000032f9800000,0x00000032f9900000)]
  0x0000016431655a70 JavaThread "http-nio-8080-Acceptor" daemon [_thread_in_native, id=11420, stack(0x00000032f9900000,0x00000032f9a00000)]
  0x0000016431656eb0 JavaThread "DestroyJavaVM" [_thread_blocked, id=19136, stack(0x00000032f6e00000,0x00000032f6f00000)]
  0x000001643168bf50 JavaThread "C2 CompilerThread1" daemon [_thread_blocked, id=13252, stack(0x00000032f8500000,0x00000032f8600000)]

Other Threads:
  0x0000016429473a20 VMThread "VM Thread" [stack: 0x00000032f7400000,0x00000032f7500000] [id=11672]
  0x00000164296629a0 WatcherThread [stack: 0x00000032f7f00000,0x00000032f8000000] [id=8804]
  0x000001640b39cb30 GCTaskThread "GC Thread#0" [stack: 0x00000032f6f00000,0x00000032f7000000] [id=7000]
  0x000001642ea71d80 GCTaskThread "GC Thread#1" [stack: 0x00000032f8200000,0x00000032f8300000] [id=3872]
  0x000001642ea72040 GCTaskThread "GC Thread#2" [stack: 0x00000032f8300000,0x00000032f8400000] [id=6920]
  0x000001642ea72300 GCTaskThread "GC Thread#3" [stack: 0x00000032f8400000,0x00000032f8500000] [id=4220]
  0x0000016426eefe30 ConcurrentGCThread "G1 Main Marker" [stack: 0x00000032f7000000,0x00000032f7100000] [id=12392]
  0x0000016426ef0c00 ConcurrentGCThread "G1 Conc#0" [stack: 0x00000032f7100000,0x00000032f7200000] [id=7644]
  0x0000016426f92da0 ConcurrentGCThread "G1 Refine#0" [stack: 0x00000032f7200000,0x00000032f7300000] [id=13640]
  0x000001642ef3ff50 ConcurrentGCThread "G1 Refine#1" [stack: 0x00000032f8a00000,0x00000032f8b00000] [id=11276]
  0x000001642ef3eac0 ConcurrentGCThread "G1 Refine#2" [stack: 0x00000032f8b00000,0x00000032f8c00000] [id=11980]
  0x0000016426f961a0 ConcurrentGCThread "G1 Service" [stack: 0x00000032f7300000,0x00000032f7400000] [id=10276]

Threads with active compile tasks:

VM state: not at safepoint (normal execution)

VM Mutex/Monitor currently owned by a thread: None

Heap address: 0x0000000704c00000, size: 4020 MB, Compressed Oops mode: Zero based, Oop shift amount: 3

CDS archive(s) not mapped
Compressed class space mapped at: 0x0000000800000000-0x0000000840000000, reserved size: 1073741824
Narrow klass base: 0x0000000800000000, Narrow klass shift: 0, Narrow klass range: 0x40000000

GC Precious Log:
 CPUs: 4 total, 4 available
 Memory: 16079M
 Large Page Support: Disabled
 NUMA Support: Disabled
 Compressed Oops: Enabled (Zero based)
 Heap Region Size: 2M
 Heap Min Capacity: 8M
 Heap Initial Capacity: 252M
 Heap Max Capacity: 4020M
 Pre-touch: Disabled
 Parallel Workers: 4
 Concurrent Workers: 1
 Concurrent Refinement Workers: 4
 Periodic GC: Disabled

Heap:
 garbage-first heap   total 69632K, used 34438K [0x0000000704c00000, 0x0000000800000000)
  region size 2048K, 3 young (6144K), 2 survivors (4096K)
 Metaspace       used 83210K, committed 83776K, reserved 1179648K
  class space    used 10284K, committed 10560K, reserved 1048576K

Heap Regions: E=young(eden), S=young(survivor), O=old, HS=humongous(starts), HC=humongous(continues), CS=collection set, F=free, OA=open archive, CA=closed archive, TAMS=top-at-mark-start (previous, next)
|   0|0x0000000704c00000, 0x0000000704e00000, 0x0000000704e00000|100%| O|  |TAMS 0x0000000704e00000, 0x0000000704c00000| Untracked 
|   1|0x0000000704e00000, 0x0000000705000000, 0x0000000705000000|100%| O|  |TAMS 0x0000000705000000, 0x0000000704e00000| Untracked 
|   2|0x0000000705000000, 0x0000000705200000, 0x0000000705200000|100%| O|  |TAMS 0x0000000705200000, 0x0000000705000000| Untracked 
|   3|0x0000000705200000, 0x0000000705400000, 0x0000000705400000|100%| O|  |TAMS 0x0000000705400000, 0x0000000705200000| Untracked 
|   4|0x0000000705400000, 0x0000000705600000, 0x0000000705600000|100%| O|  |TAMS 0x0000000705600000, 0x0000000705400000| Untracked 
|   5|0x0000000705600000, 0x0000000705800000, 0x0000000705800000|100%| O|  |TAMS 0x0000000705800000, 0x0000000705600000| Untracked 
|   6|0x0000000705800000, 0x0000000705a00000, 0x0000000705a00000|100%| O|  |TAMS 0x0000000705a00000, 0x0000000705800000| Untracked 
|   7|0x0000000705a00000, 0x0000000705c00000, 0x0000000705c00000|100%| O|  |TAMS 0x0000000705c00000, 0x0000000705a00000| Untracked 
|   8|0x0000000705c00000, 0x0000000705dd5000, 0x0000000705e00000| 91%| O|  |TAMS 0x0000000705dd5000, 0x0000000705c00000| Untracked 
|   9|0x0000000705e00000, 0x0000000706000000, 0x0000000706000000|100%| O|  |TAMS 0x0000000705f7f000, 0x0000000705e00000| Untracked 
|  10|0x0000000706000000, 0x0000000706200000, 0x0000000706200000|100%| O|  |TAMS 0x0000000706000000, 0x0000000706000000| Untracked 
|  11|0x0000000706200000, 0x0000000706400000, 0x0000000706400000|100%| O|  |TAMS 0x0000000706200000, 0x0000000706200000| Untracked 
|  12|0x0000000706400000, 0x0000000706600000, 0x0000000706600000|100%| O|  |TAMS 0x0000000706400000, 0x0000000706400000| Untracked 
|  13|0x0000000706600000, 0x0000000706800000, 0x0000000706800000|100%| O|  |TAMS 0x0000000706600000, 0x0000000706600000| Untracked 
|  14|0x0000000706800000, 0x0000000706a00000, 0x0000000706a00000|100%| O|  |TAMS 0x0000000706800000, 0x0000000706800000| Untracked 
|  15|0x0000000706a00000, 0x0000000706a8d000, 0x0000000706c00000| 27%| O|  |TAMS 0x0000000706a00000, 0x0000000706a00000| Untracked 
|  16|0x0000000706c00000, 0x0000000706c00000, 0x0000000706e00000|  0%| F|  |TAMS 0x0000000706c00000, 0x0000000706c00000| Untracked 
|  17|0x0000000706e00000, 0x0000000706e00000, 0x0000000707000000|  0%| F|  |TAMS 0x0000000706e00000, 0x0000000706e00000| Untracked 
|  18|0x0000000707000000, 0x0000000707000000, 0x0000000707200000|  0%| F|  |TAMS 0x0000000707000000, 0x0000000707000000| Untracked 
|  19|0x0000000707200000, 0x0000000707200000, 0x0000000707400000|  0%| F|  |TAMS 0x0000000707200000, 0x0000000707200000| Untracked 
|  20|0x0000000707400000, 0x000000070753f910, 0x0000000707600000| 62%| S|CS|TAMS 0x0000000707400000, 0x0000000707400000| Complete 
|  21|0x0000000707600000, 0x0000000707600000, 0x0000000707800000|  0%| F|  |TAMS 0x0000000707600000, 0x0000000707600000| Untracked 
|  22|0x0000000707800000, 0x0000000707800000, 0x0000000707a00000|  0%| F|  |TAMS 0x0000000707800000, 0x0000000707800000| Untracked 
|  23|0x0000000707a00000, 0x0000000707c00000, 0x0000000707c00000|100%| S|CS|TAMS 0x0000000707a00000, 0x0000000707a00000| Complete 
|  24|0x0000000707c00000, 0x0000000707c00000, 0x0000000707e00000|  0%| F|  |TAMS 0x0000000707c00000, 0x0000000707c00000| Untracked 
|  25|0x0000000707e00000, 0x0000000707e00000, 0x0000000708000000|  0%| F|  |TAMS 0x0000000707e00000, 0x0000000707e00000| Untracked 
|  26|0x0000000708000000, 0x0000000708000000, 0x0000000708200000|  0%| F|  |TAMS 0x0000000708000000, 0x0000000708000000| Untracked 
|  27|0x0000000708200000, 0x0000000708200000, 0x0000000708400000|  0%| F|  |TAMS 0x0000000708200000, 0x0000000708200000| Untracked 
|  28|0x0000000708400000, 0x0000000708400000, 0x0000000708600000|  0%| F|  |TAMS 0x0000000708400000, 0x0000000708400000| Untracked 
|  29|0x0000000708600000, 0x0000000708600000, 0x0000000708800000|  0%| F|  |TAMS 0x0000000708600000, 0x0000000708600000| Untracked 
|  65|0x000000070ce00000, 0x000000070ce00000, 0x000000070d000000|  0%| F|  |TAMS 0x000000070ce00000, 0x000000070ce00000| Untracked 
|  66|0x000000070d000000, 0x000000070d000000, 0x000000070d200000|  0%| F|  |TAMS 0x000000070d000000, 0x000000070d000000| Untracked 
|  67|0x000000070d200000, 0x000000070d200000, 0x000000070d400000|  0%| F|  |TAMS 0x000000070d200000, 0x000000070d200000| Untracked 
| 125|0x0000000714600000, 0x00000007147b9948, 0x0000000714800000| 86%| E|  |TAMS 0x0000000714600000, 0x0000000714600000| Complete 

Card table byte_map: [0x000001641e180000,0x000001641e960000] _byte_map_base: 0x000001641a95a000

Marking Bits (Prev, Next): (CMBitMap*) 0x000001640b39cfa0, (CMBitMap*) 0x000001640b39cf60
 Prev Bits: [0x0000016423010000, 0x0000016426ee0000)
 Next Bits: [0x000001641f140000, 0x0000016423010000)

Polling page: 0x0000016408a90000

Metaspace:

Usage:
  Non-class:     71.22 MB used.
      Class:     10.04 MB used.
       Both:     81.26 MB used.

Virtual space:
  Non-class space:      128.00 MB reserved,      71.50 MB ( 56%) committed,  2 nodes.
      Class space:        1.00 GB reserved,      10.31 MB (  1%) committed,  1 nodes.
             Both:        1.12 GB reserved,      81.81 MB (  7%) committed. 

Chunk freelists:
   Non-Class:  8.23 MB
       Class:  5.72 MB
        Both:  13.95 MB

MaxMetaspaceSize: unlimited
CompressedClassSpaceSize: 1.00 GB
Initial GC threshold: 21.00 MB
Current GC threshold: 98.38 MB
CDS: off
MetaspaceReclaimPolicy: balanced
 - commit_granule_bytes: 65536.
 - commit_granule_words: 8192.
 - virtual_space_node_default_size: 8388608.
 - enlarge_chunks_in_place: 1.
 - new_chunks_are_fully_committed: 0.
 - uncommit_free_chunks: 1.
 - use_allocation_guard: 0.
 - handle_deallocations: 1.


Internal statistics:

num_allocs_failed_limit: 9.
num_arena_births: 802.
num_arena_deaths: 0.
num_vsnodes_births: 3.
num_vsnodes_deaths: 0.
num_space_committed: 1309.
num_space_uncommitted: 0.
num_chunks_returned_to_freelist: 9.
num_chunks_taken_from_freelist: 3334.
num_chunk_merges: 6.
num_chunk_splits: 2442.
num_chunks_enlarged: 1916.
num_inconsistent_stats: 0.

CodeHeap 'non-profiled nmethods': size=120000Kb used=4525Kb max_used=4525Kb free=115474Kb
 bounds [0x0000016416470000, 0x00000164168e0000, 0x000001641d9a0000]
CodeHeap 'profiled nmethods': size=120000Kb used=12253Kb max_used=12253Kb free=107747Kb
 bounds [0x000001640e9a0000, 0x000001640f5a0000, 0x0000016415ed0000]
CodeHeap 'non-nmethods': size=5760Kb used=1393Kb max_used=1432Kb free=4366Kb
 bounds [0x0000016415ed0000, 0x0000016416140000, 0x0000016416470000]
 total_blobs=6463 nmethods=5731 adapters=644
 compilation: enabled
              stopped_count=0, restarted_count=0
 full_count=0

Compilation events (20 events):
Event: 23.736 Thread 0x00000164294d56d0 nmethod 6451 0x000001640f592090 code [0x000001640f592220, 0x000001640f592378]
Event: 23.736 Thread 0x00000164294d56d0 6452       3       org.apache.jasper.compiler.SmapUtil$SDEInstaller::readBytes (38 bytes)
Event: 23.736 Thread 0x00000164294d56d0 nmethod 6452 0x000001640f592490 code [0x000001640f592640, 0x000001640f5928f8]
Event: 23.736 Thread 0x00000164294d56d0 6453       3       org.apache.jasper.compiler.SmapUtil$SDEInstaller::writeBytes (45 bytes)
Event: 23.736 Thread 0x00000164294d56d0 nmethod 6453 0x000001640f592a10 code [0x000001640f592bc0, 0x000001640f592dd8]
Event: 23.736 Thread 0x00000164294d56d0 6454       3       org.apache.jasper.compiler.SmapUtil$SDEInstaller::copy (46 bytes)
Event: 23.737 Thread 0x00000164294d56d0 nmethod 6454 0x000001640f592f10 code [0x000001640f5930c0, 0x000001640f5932f8]
Event: 23.737 Thread 0x00000164294d56d0 6455       3       org.apache.jasper.compiler.SmapUtil$SDEInstaller::writeU2 (18 bytes)
Event: 23.737 Thread 0x00000164294d56d0 nmethod 6455 0x000001640f593490 code [0x000001640f593640, 0x000001640f5937f8]
Event: 23.750 Thread 0x00000164294d56d0 6456       2       java.lang.ClassLoader::findLoadedClass (15 bytes)
Event: 23.751 Thread 0x00000164294d56d0 nmethod 6456 0x000001640f593910 code [0x000001640f593ac0, 0x000001640f593c58]
Event: 23.751 Thread 0x00000164294d56d0 6457       3       org.apache.catalina.core.DefaultInstanceManager::findLifecycleCallback (110 bytes)
Event: 23.752 Thread 0x00000164294d56d0 nmethod 6457 0x000001640f593d10 code [0x000001640f594040, 0x000001640f5954d8]
Event: 23.753 Thread 0x00000164294d56d0 6458   !   3       org.apache.tomcat.util.http.parser.HttpParser::isToken (9 bytes)
Event: 23.753 Thread 0x00000164294d56d0 nmethod 6458 0x000001640f595b90 code [0x000001640f595d20, 0x000001640f595e98]
Event: 23.843 Thread 0x00000164294d56d0 6460   !   3       sun.nio.fs.WindowsDirectoryStream$WindowsDirectoryIterator::acceptEntry (71 bytes)
Event: 23.844 Thread 0x00000164294d56d0 nmethod 6460 0x000001640f595f90 code [0x000001640f5961e0, 0x000001640f596a58]
Event: 23.845 Thread 0x000001643168bf50 6459 %     4       sun.security.provider.SHA::implCompress0 @ 27 (506 bytes)
Event: 23.861 Thread 0x00000164294d56d0 6461       3       java.io.Writer::write (11 bytes)
Event: 23.862 Thread 0x00000164294d56d0 nmethod 6461 0x000001640f596e10 code [0x000001640f596fc0, 0x000001640f5972a8]

GC Heap History (20 events):
Event: 8.618 GC heap before
{Heap before GC invocations=13 (full 0):
 garbage-first heap   total 69632K, used 51734K [0x0000000704c00000, 0x0000000800000000)
  region size 2048K, 20 young (40960K), 3 survivors (6144K)
 Metaspace       used 41731K, committed 42240K, reserved 1114112K
  class space    used 4858K, committed 5120K, reserved 1048576K
}
Event: 8.626 GC heap after
{Heap after GC invocations=14 (full 0):
 garbage-first heap   total 69632K, used 19851K [0x0000000704c00000, 0x0000000800000000)
  region size 2048K, 3 young (6144K), 3 survivors (6144K)
 Metaspace       used 41731K, committed 42240K, reserved 1114112K
  class space    used 4858K, committed 5120K, reserved 1048576K
}
Event: 9.940 GC heap before
{Heap before GC invocations=14 (full 0):
 garbage-first heap   total 69632K, used 48523K [0x0000000704c00000, 0x0000000800000000)
  region size 2048K, 18 young (36864K), 3 survivors (6144K)
 Metaspace       used 51368K, committed 51776K, reserved 1114112K
  class space    used 6141K, committed 6336K, reserved 1048576K
}
Event: 9.949 GC heap after
{Heap after GC invocations=15 (full 0):
 garbage-first heap   total 69632K, used 21971K [0x0000000704c00000, 0x0000000800000000)
  region size 2048K, 3 young (6144K), 3 survivors (6144K)
 Metaspace       used 51368K, committed 51776K, reserved 1114112K
  class space    used 6141K, committed 6336K, reserved 1048576K
}
Event: 11.101 GC heap before
{Heap before GC invocations=15 (full 0):
 garbage-first heap   total 69632K, used 50643K [0x0000000704c00000, 0x0000000800000000)
  region size 2048K, 17 young (34816K), 3 survivors (6144K)
 Metaspace       used 57235K, committed 57664K, reserved 1114112K
  class space    used 6925K, committed 7104K, reserved 1048576K
}
Event: 11.109 GC heap after
{Heap after GC invocations=16 (full 0):
 garbage-first heap   total 69632K, used 24119K [0x0000000704c00000, 0x0000000800000000)
  region size 2048K, 3 young (6144K), 3 survivors (6144K)
 Metaspace       used 57235K, committed 57664K, reserved 1114112K
  class space    used 6925K, committed 7104K, reserved 1048576K
}
Event: 11.325 GC heap before
{Heap before GC invocations=16 (full 0):
 garbage-first heap   total 69632K, used 28215K [0x0000000704c00000, 0x0000000800000000)
  region size 2048K, 6 young (12288K), 3 survivors (6144K)
 Metaspace       used 59676K, committed 60160K, reserved 1114112K
  class space    used 7313K, committed 7552K, reserved 1048576K
}
Event: 11.330 GC heap after
{Heap after GC invocations=17 (full 0):
 garbage-first heap   total 69632K, used 24582K [0x0000000704c00000, 0x0000000800000000)
  region size 2048K, 1 young (2048K), 1 survivors (2048K)
 Metaspace       used 59676K, committed 60160K, reserved 1114112K
  class space    used 7313K, committed 7552K, reserved 1048576K
}
Event: 12.235 GC heap before
{Heap before GC invocations=18 (full 0):
 garbage-first heap   total 69632K, used 49158K [0x0000000704c00000, 0x0000000800000000)
  region size 2048K, 14 young (28672K), 1 survivors (2048K)
 Metaspace       used 64791K, committed 65280K, reserved 1114112K
  class space    used 8237K, committed 8448K, reserved 1048576K
}
Event: 12.238 GC heap after
{Heap after GC invocations=19 (full 0):
 garbage-first heap   total 69632K, used 25308K [0x0000000704c00000, 0x0000000800000000)
  region size 2048K, 1 young (2048K), 1 survivors (2048K)
 Metaspace       used 64791K, committed 65280K, reserved 1114112K
  class space    used 8237K, committed 8448K, reserved 1048576K
}
Event: 13.174 GC heap before
{Heap before GC invocations=19 (full 0):
 garbage-first heap   total 69632K, used 51932K [0x0000000704c00000, 0x0000000800000000)
  region size 2048K, 14 young (28672K), 1 survivors (2048K)
 Metaspace       used 69426K, committed 70016K, reserved 1114112K
  class space    used 8814K, committed 9088K, reserved 1048576K
}
Event: 13.182 GC heap after
{Heap after GC invocations=20 (full 0):
 garbage-first heap   total 69632K, used 27520K [0x0000000704c00000, 0x0000000800000000)
  region size 2048K, 2 young (4096K), 2 survivors (4096K)
 Metaspace       used 69426K, committed 70016K, reserved 1114112K
  class space    used 8814K, committed 9088K, reserved 1048576K
}
Event: 13.806 GC heap before
{Heap before GC invocations=20 (full 0):
 garbage-first heap   total 69632K, used 52096K [0x0000000704c00000, 0x0000000800000000)
  region size 2048K, 14 young (28672K), 2 survivors (4096K)
 Metaspace       used 71702K, committed 72256K, reserved 1114112K
  class space    used 9159K, committed 9408K, reserved 1048576K
}
Event: 13.814 GC heap after
{Heap after GC invocations=21 (full 0):
 garbage-first heap   total 69632K, used 29142K [0x0000000704c00000, 0x0000000800000000)
  region size 2048K, 1 young (2048K), 1 survivors (2048K)
 Metaspace       used 71702K, committed 72256K, reserved 1114112K
  class space    used 9159K, committed 9408K, reserved 1048576K
}
Event: 22.431 GC heap before
{Heap before GC invocations=21 (full 0):
 garbage-first heap   total 69632K, used 53718K [0x0000000704c00000, 0x0000000800000000)
  region size 2048K, 13 young (26624K), 1 survivors (2048K)
 Metaspace       used 74913K, committed 75456K, reserved 1179648K
  class space    used 9577K, committed 9856K, reserved 1048576K
}
Event: 22.438 GC heap after
{Heap after GC invocations=22 (full 0):
 garbage-first heap   total 69632K, used 31045K [0x0000000704c00000, 0x0000000800000000)
  region size 2048K, 2 young (4096K), 2 survivors (4096K)
 Metaspace       used 74913K, committed 75456K, reserved 1179648K
  class space    used 9577K, committed 9856K, reserved 1048576K
}
Event: 23.140 GC heap before
{Heap before GC invocations=22 (full 0):
 garbage-first heap   total 69632K, used 51525K [0x0000000704c00000, 0x0000000800000000)
  region size 2048K, 13 young (26624K), 2 survivors (4096K)
 Metaspace       used 79088K, committed 79616K, reserved 1179648K
  class space    used 9906K, committed 10176K, reserved 1048576K
}
Event: 23.152 GC heap after
{Heap after GC invocations=23 (full 0):
 garbage-first heap   total 69632K, used 32834K [0x0000000704c00000, 0x0000000800000000)
  region size 2048K, 2 young (4096K), 2 survivors (4096K)
 Metaspace       used 79088K, committed 79616K, reserved 1179648K
  class space    used 9906K, committed 10176K, reserved 1048576K
}
Event: 23.729 GC heap before
{Heap before GC invocations=23 (full 0):
 garbage-first heap   total 69632K, used 51266K [0x0000000704c00000, 0x0000000800000000)
  region size 2048K, 12 young (24576K), 2 survivors (4096K)
 Metaspace       used 83023K, committed 83648K, reserved 1179648K
  class space    used 10258K, committed 10560K, reserved 1048576K
}
Event: 23.735 GC heap after
{Heap after GC invocations=24 (full 0):
 garbage-first heap   total 69632K, used 34438K [0x0000000704c00000, 0x0000000800000000)
  region size 2048K, 2 young (4096K), 2 survivors (4096K)
 Metaspace       used 83023K, committed 83648K, reserved 1179648K
  class space    used 10258K, committed 10560K, reserved 1048576K
}

Dll operation events (9 events):
Event: 0.117 Loaded shared library C:\Users\JPiccione\.p2\pool\plugins\org.eclipse.justj.openjdk.hotspot.jre.full.win32.x86_64_17.0.8.v20230831-1047\jre\bin\java.dll
Event: 0.388 Loaded shared library C:\Users\JPiccione\.p2\pool\plugins\org.eclipse.justj.openjdk.hotspot.jre.full.win32.x86_64_17.0.8.v20230831-1047\jre\bin\jimage.dll
Event: 0.411 Loaded shared library C:\Users\JPiccione\.p2\pool\plugins\org.eclipse.justj.openjdk.hotspot.jre.full.win32.x86_64_17.0.8.v20230831-1047\jre\bin\net.dll
Event: 0.415 Loaded shared library C:\Users\JPiccione\.p2\pool\plugins\org.eclipse.justj.openjdk.hotspot.jre.full.win32.x86_64_17.0.8.v20230831-1047\jre\bin\nio.dll
Event: 0.423 Loaded shared library C:\Users\JPiccione\.p2\pool\plugins\org.eclipse.justj.openjdk.hotspot.jre.full.win32.x86_64_17.0.8.v20230831-1047\jre\bin\zip.dll
Event: 7.229 Loaded shared library C:\Users\JPiccione\.p2\pool\plugins\org.eclipse.justj.openjdk.hotspot.jre.full.win32.x86_64_17.0.8.v20230831-1047\jre\bin\sunmscapi.dll
Event: 7.269 Loaded shared library C:\Users\JPiccione\.p2\pool\plugins\org.eclipse.justj.openjdk.hotspot.jre.full.win32.x86_64_17.0.8.v20230831-1047\jre\bin\management.dll
Event: 7.273 Loaded shared library C:\Users\JPiccione\.p2\pool\plugins\org.eclipse.justj.openjdk.hotspot.jre.full.win32.x86_64_17.0.8.v20230831-1047\jre\bin\management_ext.dll
Event: 9.059 Loaded shared library C:\Users\JPiccione\.p2\pool\plugins\org.eclipse.justj.openjdk.hotspot.jre.full.win32.x86_64_17.0.8.v20230831-1047\jre\bin\verify.dll

Deoptimization events (20 events):
Event: 23.510 Thread 0x0000016431652ce0 Uncommon trap: trap_request=0xffffff6e fr.pc=0x00000164168bf83c relative=0x000000000000049c
Event: 23.510 Thread 0x0000016431652ce0 Uncommon trap: reason=loop_limit_check action=maybe_recompile pc=0x00000164168bf83c method=org.eclipse.jdt.internal.compiler.classfmt.ClassFileStruct.utf8At(II)[C @ 143 c2
Event: 23.510 Thread 0x0000016431652ce0 DEOPT PACKING pc=0x00000164168bf83c sp=0x00000032f8ef9580
Event: 23.510 Thread 0x0000016431652ce0 DEOPT UNPACKING pc=0x0000016415f269a3 sp=0x00000032f8ef9518 mode 2
Event: 23.535 Thread 0x0000016431652ce0 Uncommon trap: trap_request=0xffffffcc fr.pc=0x00000164168c11a0 relative=0x0000000000000280
Event: 23.535 Thread 0x0000016431652ce0 Uncommon trap: reason=intrinsic_or_type_checked_inlining action=make_not_entrant pc=0x00000164168c11a0 method=java.util.ArrayList.toArray([Ljava/lang/Object;)[Ljava/lang/Object; @ 36 c2
Event: 23.535 Thread 0x0000016431652ce0 DEOPT PACKING pc=0x00000164168c11a0 sp=0x00000032f8ef8ce0
Event: 23.535 Thread 0x0000016431652ce0 DEOPT UNPACKING pc=0x0000016415f269a3 sp=0x00000032f8ef8ca0 mode 2
Event: 23.566 Thread 0x0000016431652ce0 Uncommon trap: trap_request=0xffffff45 fr.pc=0x000001641662664c relative=0x000000000000032c
Event: 23.566 Thread 0x0000016431652ce0 Uncommon trap: reason=unstable_if action=reinterpret pc=0x000001641662664c method=java.util.HashMap.getNode(Ljava/lang/Object;)Ljava/util/HashMap$Node; @ 66 c2
Event: 23.566 Thread 0x0000016431652ce0 DEOPT PACKING pc=0x000001641662664c sp=0x00000032f8ef8970
Event: 23.566 Thread 0x0000016431652ce0 DEOPT UNPACKING pc=0x0000016415f269a3 sp=0x00000032f8ef88b0 mode 2
Event: 23.566 Thread 0x0000016431652ce0 Uncommon trap: trap_request=0xffffff45 fr.pc=0x0000016416587be0 relative=0x0000000000000340
Event: 23.566 Thread 0x0000016431652ce0 Uncommon trap: reason=unstable_if action=reinterpret pc=0x0000016416587be0 method=java.util.HashMap.getNode(Ljava/lang/Object;)Ljava/util/HashMap$Node; @ 66 c2
Event: 23.566 Thread 0x0000016431652ce0 DEOPT PACKING pc=0x0000016416587be0 sp=0x00000032f8ef8940
Event: 23.566 Thread 0x0000016431652ce0 DEOPT UNPACKING pc=0x0000016415f269a3 sp=0x00000032f8ef88e0 mode 2
Event: 23.741 Thread 0x0000016431652ce0 Uncommon trap: trap_request=0xffffffde fr.pc=0x00000164164e7658 relative=0x0000000000001358
Event: 23.741 Thread 0x0000016431652ce0 Uncommon trap: reason=class_check action=maybe_recompile pc=0x00000164164e7658 method=jdk.internal.loader.URLClassPath.getLoader(I)Ljdk/internal/loader/URLClassPath$Loader; @ 88 c2
Event: 23.741 Thread 0x0000016431652ce0 DEOPT PACKING pc=0x00000164164e7658 sp=0x00000032f8ef9bb0
Event: 23.741 Thread 0x0000016431652ce0 DEOPT UNPACKING pc=0x0000016415f269a3 sp=0x00000032f8ef9bf0 mode 2

Classes unloaded (0 events):
No events

Classes redefined (0 events):
No events

Internal exceptions (20 events):
Event: 12.998 Thread 0x000001640b331c90 Exception <a 'java/lang/reflect/InvocationTargetException'{0x0000000707be66f0}> (0x0000000707be66f0) 
thrown [s\src\hotspot\share\runtime\reflection.cpp, line 1121]
Event: 13.000 Thread 0x000001640b331c90 Exception <a 'java/lang/reflect/InvocationTargetException'{0x0000000707bf3278}> (0x0000000707bf3278) 
thrown [s\src\hotspot\share\runtime\reflection.cpp, line 1121]
Event: 13.003 Thread 0x000001640b331c90 Exception <a 'java/lang/reflect/InvocationTargetException'{0x0000000707803960}> (0x0000000707803960) 
thrown [s\src\hotspot\share\runtime\reflection.cpp, line 1121]
Event: 13.047 Thread 0x000001640b331c90 Exception <a 'java/lang/NoSuchMethodError'{0x00000007078cbb88}: 'int java.lang.invoke.DirectMethodHandle$Holder.invokeStatic(java.lang.Object, java.lang.Object, int)'> (0x00000007078cbb88) 
thrown [s\src\hotspot\share\interpreter\linkResolver.cpp, line 759]
Event: 13.052 Thread 0x000001640b331c90 Exception <a 'java/lang/NoSuchMethodError'{0x00000007078eaaa0}: 'java.lang.Object java.lang.invoke.DirectMethodHandle$Holder.newInvokeSpecial(java.lang.Object, java.lang.Object, int)'> (0x00000007078eaaa0) 
thrown [s\src\hotspot\share\interpreter\linkResolver.cpp, line 759]
Event: 13.058 Thread 0x000001640b331c90 Exception <a 'java/lang/NoSuchMethodError'{0x000000070790ce48}: 'java.lang.Object java.lang.invoke.Invokers$Holder.invoke_MT(java.lang.Object, java.lang.Object, java.lang.Object, java.lang.Object, java.lang.Object, java.lang.Object, java.lang.Object, java.lang.Object, java.lang.Object)'> (0x000000070790ce48) 
thrown [s\src\hotspot\share\interpreter\linkResolver.cpp, line 759]
Event: 13.063 Thread 0x000001640b331c90 Exception <a 'java/lang/IncompatibleClassChangeError'{0x0000000707936be0}: Found class java.lang.Object, but interface was expected> (0x0000000707936be0) 
thrown [s\src\hotspot\share\interpreter\linkResolver.cpp, line 826]
Event: 13.392 Thread 0x000001640b331c90 Implicit null exception at 0x000001641659cd41 to 0x000001641659ce02
Event: 13.859 Thread 0x000001640b331c90 Exception <a 'sun/nio/fs/WindowsException'{0x0000000714747440}> (0x0000000714747440) 
thrown [s\src\hotspot\share\prims\jni.cpp, line 516]
Event: 13.926 Thread 0x000001640b331c90 Exception <a 'java/lang/IncompatibleClassChangeError'{0x000000070d096a90}: Found class java.lang.Object, but interface was expected> (0x000000070d096a90) 
thrown [s\src\hotspot\share\interpreter\linkResolver.cpp, line 826]
Event: 14.024 Thread 0x000001640b331c90 Exception <a 'java/lang/NoSuchMethodError'{0x000000070cf30870}: 'void java.lang.invoke.DirectMethodHandle$Holder.invokeVirtual(java.lang.Object, java.lang.Object, long)'> (0x000000070cf30870) 
thrown [s\src\hotspot\share\interpreter\linkResolver.cpp, line 759]
Event: 14.276 Thread 0x000001640b331c90 Exception <a 'java/lang/NoSuchMethodError'{0x00000007081c2c28}: 'java.lang.Object java.lang.invoke.DirectMethodHandle$Holder.newInvokeSpecial(java.lang.Object, java.lang.Object, int, java.lang.Object, java.lang.Object)'> (0x00000007081c2c28) 
thrown [s\src\hotspot\share\interpreter\linkResolver.cpp, line 759]
Event: 14.277 Thread 0x000001640b331c90 Exception <a 'java/lang/NoSuchMethodError'{0x00000007081ce2a0}: 'java.lang.Object java.lang.invoke.DirectMethodHandle$Holder.invokeSpecial(java.lang.Object, java.lang.Object, int, java.lang.Object, int, java.lang.Object)'> (0x00000007081ce2a0) 
thrown [s\src\hotspot\share\interpreter\linkResolver.cpp, line 759]
Event: 14.278 Thread 0x000001640b331c90 Exception <a 'java/lang/NoSuchMethodError'{0x00000007081d60a8}: 'java.lang.Object java.lang.invoke.DirectMethodHandle$Holder.newInvokeSpecial(java.lang.Object, java.lang.Object, int, java.lang.Object, int)'> (0x00000007081d60a8) 
thrown [s\src\hotspot\share\interpreter\linkResolver.cpp, line 759]
Event: 14.278 Thread 0x000001640b331c90 Exception <a 'java/lang/NoSuchMethodError'{0x00000007081da1a8}: 'java.lang.Object java.lang.invoke.DirectMethodHandle$Holder.invokeSpecial(java.lang.Object, java.lang.Object, java.lang.Object, int, java.lang.Object, int)'> (0x00000007081da1a8) 
thrown [s\src\hotspot\share\interpreter\linkResolver.cpp, line 759]
Event: 22.299 Thread 0x0000016431652ce0 Exception <a 'java/lang/NoSuchMethodError'{0x0000000707b663b0}: 'java.lang.Object java.lang.invoke.DirectMethodHandle$Holder.invokeSpecial(java.lang.Object, java.lang.Object, java.lang.Object, java.lang.Object, java.lang.Object, long)'> (0x0000000707b663b0) 
thrown [s\src\hotspot\share\interpreter\linkResolver.cpp, line 759]
Event: 22.299 Thread 0x0000016431652ce0 Exception <a 'java/lang/NoSuchMethodError'{0x0000000707b69df0}: 'java.lang.Object java.lang.invoke.Invokers$Holder.linkToTargetMethod(java.lang.Object, java.lang.Object, java.lang.Object, long, java.lang.Object)'> (0x0000000707b69df0) 
thrown [s\src\hotspot\share\interpreter\linkResolver.cpp, line 759]
Event: 22.366 Thread 0x0000016431652ce0 Exception <a 'java/lang/NoSuchMethodError'{0x000000070789ecd8}: getSession> (0x000000070789ecd8) 
thrown [s\src\hotspot\share\prims\jni.cpp, line 1073]
Event: 22.718 Thread 0x0000016431652ce0 Implicit null exception at 0x00000164164a98d7 to 0x00000164164a9ec4
Event: 22.718 Thread 0x0000016431652ce0 Implicit null exception at 0x00000164164aa657 to 0x00000164164aac18

VM Operations (20 events):
Event: 23.140 Executing VM operation: G1CollectForAllocation
Event: 23.152 Executing VM operation: G1CollectForAllocation done
Event: 23.729 Executing VM operation: G1CollectForAllocation
Event: 23.735 Executing VM operation: G1CollectForAllocation done
Event: 23.747 Executing VM operation: ChangeBreakpoints
Event: 23.749 Executing VM operation: ChangeBreakpoints done
Event: 23.749 Executing VM operation: ChangeBreakpoints
Event: 23.750 Executing VM operation: ChangeBreakpoints done
Event: 23.751 Executing VM operation: get/set locals
Event: 23.751 Executing VM operation: get/set locals done
Event: 23.751 Executing VM operation: get/set locals
Event: 23.752 Executing VM operation: get/set locals done
Event: 23.861 Executing VM operation: HandshakeAllThreads
Event: 23.861 Executing VM operation: HandshakeAllThreads done
Event: 23.863 Executing VM operation: HandshakeAllThreads
Event: 23.864 Executing VM operation: HandshakeAllThreads done
Event: 23.864 Executing VM operation: get/set locals
Event: 23.864 Executing VM operation: get/set locals done
Event: 23.865 Executing VM operation: get/set locals
Event: 23.865 Executing VM operation: get/set locals done

Events (20 events):
Event: 23.467 loading class java/text/MessageFormat$Field done
Event: 23.682 loading class jdk/internal/access/foreign/MemorySegmentProxy
Event: 23.683 loading class jdk/internal/access/foreign/MemorySegmentProxy done
Event: 23.721 loading class java/util/Hashtable$ValueCollection
Event: 23.721 loading class java/util/Hashtable$ValueCollection done
Event: 23.740 loading class java/net/URLClassLoader$1
Event: 23.740 loading class java/net/URLClassLoader$1 done
Event: 23.762 loading class java/io/WriteAbortedException
Event: 23.762 loading class java/io/WriteAbortedException done
Event: 23.763 loading class sun/security/provider/SecureRandom
Event: 23.763 loading class sun/security/provider/SecureRandom done
Event: 23.763 loading class sun/security/provider/SecureRandom$SeederHolder
Event: 23.763 loading class sun/security/provider/SecureRandom$SeederHolder done
Event: 23.844 Thread 0x000001643168bf50 Thread added: 0x000001643168bf50
Event: 23.863 loading class sun/nio/cs/ISO_8859_1$Encoder
Event: 23.863 loading class sun/nio/cs/ISO_8859_1$Encoder done
Event: 23.864 loading class sun/nio/cs/Surrogate$Parser
Event: 23.864 loading class sun/nio/cs/Surrogate$Parser done
Event: 23.864 loading class sun/nio/cs/Surrogate
Event: 23.864 loading class sun/nio/cs/Surrogate done


Dynamic libraries:
0x00007ff764760000 - 0x00007ff76476e000 	C:\Users\JPiccione\.p2\pool\plugins\org.eclipse.justj.openjdk.hotspot.jre.full.win32.x86_64_17.0.8.v20230831-1047\jre\bin\javaw.exe
0x0000016408f40000 - 0x0000016409137000 	C:\windows\SYSTEM32\ntd1l.dll
0x0000016409140000 - 0x00000164091fd000 	C:\windows\System32\kern3l32.dll
0x00007ffe167d0000 - 0x00007ffe169c7000 	C:\windows\SYSTEM32\ntdll.dll
0x00007ffe14a40000 - 0x00007ffe14afd000 	C:\windows\System32\KERNEL32.DLL
0x00007ffe13fa0000 - 0x00007ffe14296000 	C:\windows\System32\KERNELBASE.dll
0x00007ffe13920000 - 0x00007ffe13c33000 	C:\Program Files\SentinelOne\Sentinel Agent 23.1.4.650\InProcessClient64.dll
0x00007ffe15b00000 - 0x00007ffe15bae000 	C:\windows\System32\ADVAPI32.dll
0x00007ffe15ef0000 - 0x00007ffe15f8e000 	C:\windows\System32\msvcrt.dll
0x00007ffe14b00000 - 0x00007ffe14b9c000 	C:\windows\System32\sechost.dll
0x00007ffe15dc0000 - 0x00007ffe15ee6000 	C:\windows\System32\RPCRT4.dll
0x00007ffe14530000 - 0x00007ffe14630000 	C:\windows\System32\ucrtbase.dll
0x00007ffe0d130000 - 0x00007ffe0d147000 	C:\Users\JPiccione\.p2\pool\plugins\org.eclipse.justj.openjdk.hotspot.jre.full.win32.x86_64_17.0.8.v20230831-1047\jre\bin\jli.dll
0x00007ffe15670000 - 0x00007ffe1580e000 	C:\windows\System32\USER32.dll
0x00007ffe14800000 - 0x00007ffe14822000 	C:\windows\System32\win32u.dll
0x00007ffe15bb0000 - 0x00007ffe15bdc000 	C:\windows\System32\GDI32.dll
0x00007ffe146e0000 - 0x00007ffe147fa000 	C:\windows\System32\gdi32full.dll
0x00007ffe14490000 - 0x00007ffe1452d000 	C:\windows\System32\msvcp_win.dll
0x00007ffe08a00000 - 0x00007ffe08a19000 	C:\Users\JPiccione\.p2\pool\plugins\org.eclipse.justj.openjdk.hotspot.jre.full.win32.x86_64_17.0.8.v20230831-1047\jre\bin\VCRUNTIME140.dll
0x00007ffe06950000 - 0x00007ffe06bea000 	C:\windows\WinSxS\amd64_microsoft.windows.common-controls_6595b64144ccf1df_6.0.19041.3570_none_60bb2a3971f3e41a\COMCTL32.dll
0x00007ffe13910000 - 0x00007ffe1391a000 	C:\windows\SYSTEM32\VERSION.dll
0x00007ffe13900000 - 0x00007ffe1390b000 	C:\windows\SYSTEM32\FLTLIB.DLL
0x00007ffe15a40000 - 0x00007ffe15a70000 	C:\windows\System32\IMM32.DLL
0x00007ffe0eae0000 - 0x00007ffe0eaec000 	C:\Users\JPiccione\.p2\pool\plugins\org.eclipse.justj.openjdk.hotspot.jre.full.win32.x86_64_17.0.8.v20230831-1047\jre\bin\vcruntime140_1.dll
0x00007ffddb9d0000 - 0x00007ffddba61000 	C:\Users\JPiccione\.p2\pool\plugins\org.eclipse.justj.openjdk.hotspot.jre.full.win32.x86_64_17.0.8.v20230831-1047\jre\bin\msvcp140.dll
0x00007ffdc0e60000 - 0x00007ffdc1aac000 	C:\Users\JPiccione\.p2\pool\plugins\org.eclipse.justj.openjdk.hotspot.jre.full.win32.x86_64_17.0.8.v20230831-1047\jre\bin\server\jvm.dll
0x00007ffe130d0000 - 0x00007ffe1311b000 	C:\windows\SYSTEM32\POWRPROF.dll
0x00007ffdf9c20000 - 0x00007ffdf9c29000 	C:\windows\SYSTEM32\WSOCK32.dll
0x00007ffe15810000 - 0x00007ffe1587b000 	C:\windows\System32\WS2_32.dll
0x00007ffdfc5c0000 - 0x00007ffdfc5e7000 	C:\windows\SYSTEM32\WINMM.dll
0x00007ffe12f90000 - 0x00007ffe12fa2000 	C:\windows\SYSTEM32\UMPDC.dll
0x00007ffe117b0000 - 0x00007ffe117c2000 	C:\windows\SYSTEM32\kernel.appcore.dll
0x00007ffe0eb10000 - 0x00007ffe0eb1a000 	C:\Users\JPiccione\.p2\pool\plugins\org.eclipse.justj.openjdk.hotspot.jre.full.win32.x86_64_17.0.8.v20230831-1047\jre\bin\jimage.dll
0x00007ffe07370000 - 0x00007ffe07554000 	C:\windows\SYSTEM32\DBGHELP.DLL
0x00007ffe07330000 - 0x00007ffe07364000 	C:\windows\SYSTEM32\dbgcore.DLL
0x00007ffe142a0000 - 0x00007ffe14322000 	C:\windows\System32\bcryptPrimitives.dll
0x00007ffdee410000 - 0x00007ffdee48b000 	C:\Program Files\SentinelOne\Sentinel Agent 23.1.4.650\SentinelJava64.dll
0x00007ffe14830000 - 0x00007ffe1495b000 	C:\windows\System32\ole32.dll
0x00007ffe152e0000 - 0x00007ffe15634000 	C:\windows\System32\combase.dll
0x00007ffe0aef0000 - 0x00007ffe0af15000 	C:\Users\JPiccione\.p2\pool\plugins\org.eclipse.justj.openjdk.hotspot.jre.full.win32.x86_64_17.0.8.v20230831-1047\jre\bin\java.dll
0x00007ffe0b010000 - 0x00007ffe0b028000 	C:\Users\JPiccione\.p2\pool\plugins\org.eclipse.justj.openjdk.hotspot.jre.full.win32.x86_64_17.0.8.v20230831-1047\jre\bin\zip.dll
0x00007ffe16040000 - 0x00007ffe16784000 	C:\windows\System32\SHELL32.dll
0x00007ffe11920000 - 0x00007ffe120bb000 	C:\windows\SYSTEM32\windows.storage.dll
0x00007ffe135b0000 - 0x00007ffe135dd000 	C:\windows\SYSTEM32\Wldp.dll
0x00007ffe15f90000 - 0x00007ffe1603d000 	C:\windows\System32\SHCORE.dll
0x00007ffe150c0000 - 0x00007ffe15115000 	C:\windows\System32\shlwapi.dll
0x00007ffe13de0000 - 0x00007ffe13e05000 	C:\windows\SYSTEM32\profapi.dll
0x00007ffe0afe0000 - 0x00007ffe0aff9000 	C:\Users\JPiccione\.p2\pool\plugins\org.eclipse.justj.openjdk.hotspot.jre.full.win32.x86_64_17.0.8.v20230831-1047\jre\bin\net.dll
0x00007ffe12b30000 - 0x00007ffe12c3a000 	C:\windows\SYSTEM32\WINHTTP.dll
0x00007ffe13310000 - 0x00007ffe1337a000 	C:\windows\system32\mswsock.dll
0x00007ffe08a60000 - 0x00007ffe08a75000 	C:\Users\JPiccione\.p2\pool\plugins\org.eclipse.justj.openjdk.hotspot.jre.full.win32.x86_64_17.0.8.v20230831-1047\jre\bin\nio.dll
0x00007ffe13500000 - 0x00007ffe13518000 	C:\windows\SYSTEM32\CRYPTSP.dll
0x00007ffe12aa0000 - 0x00007ffe12ad4000 	C:\windows\system32\rsaenh.dll
0x00007ffe13f70000 - 0x00007ffe13f97000 	C:\windows\System32\bcrypt.dll
0x00007ffe13d60000 - 0x00007ffe13d8e000 	C:\windows\SYSTEM32\USERENV.dll
0x00007ffe13520000 - 0x00007ffe1352c000 	C:\windows\SYSTEM32\CRYPTBASE.dll
0x00007ffe12fb0000 - 0x00007ffe12feb000 	C:\windows\SYSTEM32\IPHLPAPI.DLL
0x00007ffe15660000 - 0x00007ffe15668000 	C:\windows\System32\NSI.dll
0x00007ffe0d300000 - 0x00007ffe0d317000 	C:\windows\SYSTEM32\dhcpcsvc6.DLL
0x00007ffe0cec0000 - 0x00007ffe0cedd000 	C:\windows\SYSTEM32\dhcpcsvc.DLL
0x00007ffe13000000 - 0x00007ffe130ca000 	C:\windows\SYSTEM32\DNSAPI.dll
0x00007ffe0d110000 - 0x00007ffe0d11e000 	C:\Users\JPiccione\.p2\pool\plugins\org.eclipse.justj.openjdk.hotspot.jre.full.win32.x86_64_17.0.8.v20230831-1047\jre\bin\sunmscapi.dll
0x00007ffe14330000 - 0x00007ffe1448d000 	C:\windows\System32\CRYPT32.dll
0x00007ffe13620000 - 0x00007ffe13647000 	C:\windows\SYSTEM32\ncrypt.dll
0x00007ffe135e0000 - 0x00007ffe1361b000 	C:\windows\SYSTEM32\NTASN1.dll
0x00007ffe0c4a0000 - 0x00007ffe0c4a9000 	C:\Users\JPiccione\.p2\pool\plugins\org.eclipse.justj.openjdk.hotspot.jre.full.win32.x86_64_17.0.8.v20230831-1047\jre\bin\management.dll
0x00007ffe0b030000 - 0x00007ffe0b03b000 	C:\Users\JPiccione\.p2\pool\plugins\org.eclipse.justj.openjdk.hotspot.jre.full.win32.x86_64_17.0.8.v20230831-1047\jre\bin\management_ext.dll
0x00007ffe15880000 - 0x00007ffe15888000 	C:\windows\System32\PSAPI.DLL
0x00007ffe0ea40000 - 0x00007ffe0ea50000 	C:\Users\JPiccione\.p2\pool\plugins\org.eclipse.justj.openjdk.hotspot.jre.full.win32.x86_64_17.0.8.v20230831-1047\jre\bin\verify.dll
0x00007ffe07e20000 - 0x00007ffe07e2a000 	C:\Windows\System32\rasadhlp.dll
0x00007ffe0d670000 - 0x00007ffe0d6f2000 	C:\windows\System32\fwpuclnt.dll
0x00007ffdf0070000 - 0x00007ffdf0087000 	C:\windows\system32\napinsp.dll
0x00007ffe0aa00000 - 0x00007ffe0aa1b000 	C:\windows\system32\pnrpnsp.dll
0x00007ffe0d150000 - 0x00007ffe0d165000 	C:\windows\system32\wshbth.dll
0x00007ffe0e560000 - 0x00007ffe0e57d000 	C:\windows\system32\NLAapi.dll
0x00007ffdf0090000 - 0x00007ffdf00a2000 	C:\windows\System32\winrnr.dll
0x00007ffddecb0000 - 0x00007ffddecb7000 	C:\windows\system32\wshunix.dll

dbghelp: loaded successfully - version: 4.0.5 - missing functions: none
symbol engine: initialized successfully - sym options: 0x614 - pdb path: .;C:\Users\JPiccione\.p2\pool\plugins\org.eclipse.justj.openjdk.hotspot.jre.full.win32.x86_64_17.0.8.v20230831-1047\jre\bin;C:\windows\SYSTEM32;C:\Program Files\SentinelOne\Sentinel Agent 23.1.4.650;C:\windows\WinSxS\amd64_microsoft.windows.common-controls_6595b64144ccf1df_6.0.19041.3570_none_60bb2a3971f3e41a;C:\Users\JPiccione\.p2\pool\plugins\org.eclipse.justj.openjdk.hotspot.jre.full.win32.x86_64_17.0.8.v20230831-1047\jre\bin\server

VM Arguments:
jvm_args: -Dfile.encoding=UTF-8 -XX:+ShowCodeDetailsInExceptionMessages -agentpath:C:\Program Files\SentinelOne\Sentinel Agent 23.1.4.650\SentinelJava64.dll 
java_command: com.spencer.ItemApp.ItemAppApplication
java_class_path (initial): C:\Users\JPiccione\OneDrive - Spencer Gifts LLC\Documents\ItemApp\target\classes;C:\Users\JPiccione\.m2\repository\org\springframework\boot\spring-boot-starter-data-jpa\3.1.4\spring-boot-starter-data-jpa-3.1.4.jar;C:\Users\JPiccione\.m2\repository\org\springframework\boot\spring-boot-starter-aop\3.1.4\spring-boot-starter-aop-3.1.4.jar;C:\Users\JPiccione\.m2\repository\org\aspectj\aspectjweaver\1.9.20\aspectjweaver-1.9.20.jar;C:\Users\JPiccione\.m2\repository\org\springframework\boot\spring-boot-starter-jdbc\3.1.4\spring-boot-starter-jdbc-3.1.4.jar;C:\Users\JPiccione\.m2\repository\com\zaxxer\HikariCP\5.0.1\HikariCP-5.0.1.jar;C:\Users\JPiccione\.m2\repository\org\springframework\spring-jdbc\6.0.12\spring-jdbc-6.0.12.jar;C:\Users\JPiccione\.m2\repository\org\hibernate\orm\hibernate-core\6.2.9.Final\hibernate-core-6.2.9.Final.jar;C:\Users\JPiccione\.m2\repository\jakarta\persistence\jakarta.persistence-api\3.1.0\jakarta.persistence-api-3.1.0.jar;C:\Users\JPiccione\.m2\repository\jakarta\transaction\jakarta.transaction-api\2.0.1\jakarta.transaction-api-2.0.1.jar;C:\Users\JPiccione\.m2\repository\org\jboss\logging\jboss-logging\3.5.3.Final\jboss-logging-3.5.3.Final.jar;C:\Users\JPiccione\.m2\repository\org\hibernate\common\hibernate-commons-annotations\6.0.6.Final\hibernate-commons-annotations-6.0.6.Final.jar;C:\Users\JPiccione\.m2\repository\io\smallrye\jandex\3.0.5\jandex-3.0.5.jar;C:\Users\JPiccione\.m2\repository\com\fasterxml\classmate\1.5.1\classmate-1.5.1.jar;C:\Users\JPiccione\.m2\repository\net\bytebuddy\byte-buddy\1.14.8\byte-buddy-1.14.8.jar;C:\Users\JPiccione\.m2\repository\org\glassfish\jaxb\jaxb-runtime\4.0.3\jaxb-runtime-4.0.3.jar;C:\Users\JPiccione\.m2\repository\org\glassfish\jaxb\jaxb-core\4.0.3\jaxb-core-4.0.3.jar;C:\Users\JPiccione\.m2\repository\org\eclipse\angus\angus-activation\2.0.1\angus-activation-2.0.1.jar;C:\Users\JPiccione\.m2\repository\org\glassfish\jaxb\txw2\4.0.3\txw2-4.0.3.jar;C:\Users\JPiccione\.m2\repositor
Launcher Type: SUN_STANDARD

[Global flags]
     intx CICompilerCount                          = 3                                         {product} {ergonomic}
     uint ConcGCThreads                            = 1                                         {product} {ergonomic}
     uint G1ConcRefinementThreads                  = 4                                         {product} {ergonomic}
   size_t G1HeapRegionSize                         = 2097152                                   {product} {ergonomic}
    uintx GCDrainStackTargetSize                   = 64                                        {product} {ergonomic}
   size_t InitialHeapSize                          = 264241152                                 {product} {ergonomic}
   size_t MarkStackSize                            = 4194304                                   {product} {ergonomic}
   size_t MaxHeapSize                              = 4215275520                                {product} {ergonomic}
   size_t MaxNewSize                               = 2529165312                                {product} {ergonomic}
   size_t MinHeapDeltaBytes                        = 2097152                                   {product} {ergonomic}
   size_t MinHeapSize                              = 8388608                                   {product} {ergonomic}
    uintx NonNMethodCodeHeapSize                   = 5832780                                {pd product} {ergonomic}
    uintx NonProfiledCodeHeapSize                  = 122912730                              {pd product} {ergonomic}
    uintx ProfiledCodeHeapSize                     = 122912730                              {pd product} {ergonomic}
    uintx ReservedCodeCacheSize                    = 251658240                              {pd product} {ergonomic}
     bool SegmentedCodeCache                       = true                                      {product} {ergonomic}
     bool ShowCodeDetailsInExceptionMessages       = true                                   {manageable} {command line}
   size_t SoftMaxHeapSize                          = 4215275520                             {manageable} {ergonomic}
     bool UseCompressedClassPointers               = true                           {product lp64_product} {ergonomic}
     bool UseCompressedOops                        = true                           {product lp64_product} {ergonomic}
     bool UseG1GC                                  = true                                      {product} {ergonomic}
     bool UseLargePagesIndividualAllocation        = false                                  {pd product} {ergonomic}

Logging:
Log output configuration:
 #0: stdout all=warning uptime,level,tags
 #1: stderr all=off uptime,level,tags

Environment Variables:
PATH=C:/Users/JPiccione/.p2/pool/plugins/org.eclipse.justj.openjdk.hotspot.jre.full.win32.x86_64_17.0.8.v20230831-1047/jre/bin/server;C:/Users/JPiccione/.p2/pool/plugins/org.eclipse.justj.openjdk.hotspot.jre.full.win32.x86_64_17.0.8.v20230831-1047/jre/bin;C:\Program Files\Common Files\Oracle\Java\javapath;C:\Program Files (x86)\Common Files\Oracle\Java\javapath;C:\Program Files\Microsoft\jdk-11.0.16.101-hotspot\bin;C:\Program Files (x86)\Business Objects\Common\3.5\bin\NOTES\;C:\Program Files (x86)\Business Objects\Common\3.5\bin\NOTES\DATA\;C:\windows\system32;C:\windows;C:\windows\System32\Wbem;C:\windows\System32\WindowsPowerShell\v1.0\;C:\windows\System32\OpenSSH\;C:\Program Files (x86)\IBM\Client Access\Emulator;C:\Program Files (x86)\IBM\Client Access\Shared;C:\Program Files (x86)\IBM\Client Access\;C:\Program Files (x86)\HEAT\;C:\Program Files (x86)\Microsoft SQL Server\160\DTS\Binn\;C:\Program Files\Azure Data Studio\bin;C:\Program Files\PuTTY\;C:\Program Files\Git\cmd;C:\Program Files\Microsoft SQL Server\150\Tools\Binn\;C:\Program Files\Microsoft SQL Server\Client SDK\ODBC\170\Tools\Binn\;C:\Program Files\dotnet\;C:\Program Files (x86)\Windows Kits\10\Windows Performance Toolkit\;c:\Program Files (x86)\Microsoft SQL Server\110\Tools\Binn\;c:\Program Files\Microsoft SQL Server\110\Tools\Binn\;c:\Program Files\Microsoft SQL Server\110\DTS\Binn\;C:\Program Files (x86)\Microsoft SQL Server\150\Tools\Binn\;C:\Program Files\Microsoft SQL Server\150\DTS\Binn\;C:\Users\JPiccione\AppData\Local\Microsoft\WindowsApps;C:\Program Files\Azure Data Studio\bin;C:\Users\JPiccione\.dotnet\tools;C:\Users\JPiccione\AppData\Local\Programs\Azure Data Studio\bin;C:\Program Files\JetBrains\IntelliJ IDEA 2023.2\bin;;C:\Users\JPiccione\AppData\Local\GitHubDesktop\bin;C:\windows\system32;
USERNAME=JPiccione
OS=Windows_NT
PROCESSOR_IDENTIFIER=Intel64 Family 6 Model 61 Stepping 4, GenuineIntel
TMP=C:\Users\JPICCI~1\AppData\Local\Temp
TEMP=C:\Users\JPICCI~1\AppData\Local\Temp



---------------  S Y S T E M  ---------------

OS:
 Windows 10 , 64 bit Build 19041 (10.0.19041.3570)
OS uptime: 5 days 20:00 hours

CPU: total 4 (initial active 4) (2 cores per cpu, 2 threads per core) family 6 model 61 stepping 4 microcode 0x2d, cx8, cmov, fxsr, ht, mmx, 3dnowpref, sse, sse2, sse3, ssse3, sse4.1, sse4.2, popcnt, lzcnt, tsc, tscinvbit, avx, avx2, aes, erms, clmul, bmi1, bmi2, rtm, adx, fma, vzeroupper, clflush
Processor Information for all 4 processors :
  Max Mhz: 2594, Current Mhz: 2594, Mhz Limit: 2594

Memory: 4k page, system-wide physical 16079M (7166M free)
TotalPageFile size 18511M (AvailPageFile size 7143M)
current process WorkingSet (physical memory assigned to process): 283M, peak: 323M
current process commit charge ("private bytes"): 297M, peak: 380M

vm_info: OpenJDK 64-Bit Server VM (17.0.8.1+1) for windows-amd64 JRE (17.0.8.1+1), built on Aug 23 2023 15:29:17 by "admin" with MS VC++ 16.7 (VS2019)

END.
