#
# A fatal error has been detected by the Java Runtime Environment:
#
#  EXCEPTION_ACCESS_VIOLATION (0xc0000005) at pc=0x000001d080a2aab6, pid=10132, tid=12496
#
# JRE version: OpenJDK Runtime Environment Temurin-17.0.8.1+1 (17.0.8.1+1) (build 17.0.8.1+1)
# Java VM: OpenJDK 64-Bit Server VM Temurin-17.0.8.1+1 (17.0.8.1+1, mixed mode, tiered, compressed oops, compressed class ptrs, g1 gc, windows-amd64)
# Problematic frame:
# J 5956 c1 jakarta.servlet.http.HttpServletRequestWrapper._getHttpServletRequest()Ljakarta/servlet/http/HttpServletRequest; (8 bytes) @ 0x000001d080a2aab6 [0x000001d080a2aa20+0x0000000000000096]
#
# No core dump will be written. Minidumps are not enabled by default on client versions of Windows
#
# If you would like to submit a bug report, please visit:
#   https://github.com/adoptium/adoptium-support/issues
#

---------------  S U M M A R Y ------------

Command Line: -Dfile.encoding=UTF-8 -XX:+ShowCodeDetailsInExceptionMessages -agentpath:C:\Program Files\SentinelOne\Sentinel Agent 23.1.4.650\SentinelJava64.dll com.spencer.ItemApp.ItemAppApplication

Host: Intel(R) Core(TM) i7-5600U CPU @ 2.60GHz, 4 cores, 15G,  Windows 10 , 64 bit Build 19041 (10.0.19041.3393)
Time: Thu Oct 12 14:56:51 2023 Eastern Daylight Time elapsed time: 35.544211 seconds (0d 0h 0m 35s)

---------------  T H R E A D  ---------------

Current thread (0x000001d0a01806e0):  JavaThread "http-nio-8080-exec-2" daemon [_thread_in_Java, id=12496, stack(0x0000003691600000,0x0000003691700000)]

Stack: [0x0000003691600000,0x0000003691700000],  sp=0x00000036916f96f0,  free space=997k
Native frames: (J=compiled Java code, j=interpreted, Vv=VM code, C=native code)
C  0x000001d080a2aab6


siginfo: EXCEPTION_ACCESS_VIOLATION (0xc0000005), reading address 0x00000001c4b45a48


Register to memory mapping:

RIP=0x000001d080a2aab6 is at entry_point+150 in (nmethod*)0x000001d080a2a890
RAX=0x00000001c4b45a40 is an unknown value
RBX=0x0000000800386650 is a pointer to class: 
jakarta.servlet.http.HttpServletRequest {0x0000000800386658}
 - instance size:     2
 - klass size:        63
 - access:            public interface abstract 
 - state:             fully_initialized
 - name:              'jakarta/servlet/http/HttpServletRequest'
 - super:             'java/lang/Object'
 - sub:               
 - nof implementors:  2
 - arrays:            NULL
 - methods:           Array<T>(0x000001d09aa2acc0)
 - method ordering:   Array<T>(0x000001d099000018)
 - default_methods:   Array<T>(0x0000000000000000)
 - local interfaces:  Array<T>(0x000001d09aa27768)
 - trans. interfaces: Array<T>(0x000001d09aa27768)
 - constants:         constant pool [249] {0x000001d09aa2a470} for 'jakarta/servlet/http/HttpServletRequest' cache=0x000001d09cf8cbe0
 - class loader data:  loader data: 0x000001d09d17b640 for instance a 'jdk/internal/loader/ClassLoaders$AppClassLoader'{0x0000000704f82600}
 - source file:       'HttpServletRequest.java'
 - class annotations:       Array<T>(0x0000000000000000)
 - class type annotations:  Array<T>(0x0000000000000000)
 - field annotations:       Array<T>(0x0000000000000000)
 - field type annotations:  Array<T>(0x0000000000000000)
 - inner classes:     Array<T>(0x000001d09aa28c18)
 - nest members:     Array<T>(0x000001d09aa28c30)
 - permitted subclasses:     Array<T>(0x000001d099000028)
 - java mirror:       a 'java/lang/Class'{0x00000007051af118} = 'jakarta/servlet/http/HttpServletRequest'
 - vtable length      5  (start addr: 0x0000000800386818)
 - itable length      0 (start addr: 0x0000000800386840)
 - ---- static fields (2 words):
 - public static final 'BASIC_AUTH' 'Ljava/lang/String;' @112 
 - public static final 'FORM_AUTH' 'Ljava/lang/String;' @116 
 - public static final 'CLIENT_CERT_AUTH' 'Ljava/lang/String;' @120 
 - public static final 'DIGEST_AUTH' 'Ljava/lang/String;' @124 
 - ---- non-static fields (0 words):
 - non-static oop maps: 
RCX=0x00007fffba9db3c7 ntdll.dll
RDX=0x00007fffba9db3c7 ntdll.dll
RSP=0x00000036916f96f0 is pointing into the stack for thread: 0x000001d0a01806e0
RBP=0x00000036916f9790 is pointing into the stack for thread: 0x000001d0a01806e0
RSI=0x000001d0ab02ba50 is pointing into metadata
RDI=0x000001d0a01806e0 is a thread
R8 =0x00000036916f9bf0 is pointing into the stack for thread: 0x000001d0a01806e0
R9 =0x0000000000000001 is an unknown value
R10=0x00007fff42be0ca0 jvm.dll
R11=0x000001d080a2aa40 is at entry_point+32 in (nmethod*)0x000001d080a2a890
R12=0x0 is NULL
R13=0x00000036916f9740 is pointing into the stack for thread: 0x000001d0a01806e0
R14=0x00000036916f97a8 is pointing into the stack for thread: 0x000001d0a01806e0
R15=0x000001d0a01806e0 is a thread


Registers:
RAX=0x00000001c4b45a40, RBX=0x0000000800386650, RCX=0x00007fffba9db3c7, RDX=0x00007fffba9db3c7
RSP=0x00000036916f96f0, RBP=0x00000036916f9790, RSI=0x000001d0ab02ba50, RDI=0x000001d0a01806e0
R8 =0x00000036916f9bf0, R9 =0x0000000000000001, R10=0x00007fff42be0ca0, R11=0x000001d080a2aa40
R12=0x0000000000000000, R13=0x00000036916f9740, R14=0x00000036916f97a8, R15=0x000001d0a01806e0
RIP=0x000001d080a2aab6, EFLAGS=0x0000000000010202

Top of Stack: (sp=0x00000036916f96f0)
0x00000036916f96f0:   00000000010b02d9 0000000000000026
0x00000036916f9700:   000001d09df2c970 0000000000000000
0x00000036916f9710:   0000000000000000 0000000000000000
0x00000036916f9720:   00000036916f9790 000001d087539657
0x00000036916f9730:   0000000000000000 000001d087539657
0x00000036916f9740:   00007fffba9db3c7 00000036916f9748
0x00000036916f9750:   000001d09ccfeb79 00000036916f97a8
0x00000036916f9760:   000001d09cfd8758 0000000000000000
0x00000036916f9770:   0000000707d725a8 000001d09ccfeba8
0x00000036916f9780:   00000036916f9740 00000036916f97a0
0x00000036916f9790:   00000036916f9980 000001d087531010
0x00000036916f97a0:   0000000707c00970 00007fffba9db3c7
0x00000036916f97b0:   000001d0f7630000 0000000000000001
0x00000036916f97c0:   000000000000002b 0000000000000000
0x00000036916f97d0:   0000e5f1b31aa4f4 0000000000000000
0x00000036916f97e0:   00000002000001cc 00007fffb7b68f89 

Instructions: (pc=0x000001d080a2aab6)
0x000001d080a2a9b6:   00 00 38 04 00 00 20 00 00 00 44 17 00 00 03 00
0x000001d080a2a9c6:   00 00 00 00 00 00 02 00 00 00 00 00 00 00 04 00
0x000001d080a2a9d6:   00 00 df 01 00 00 02 00 00 00 ff ff ff ff ff ff
0x000001d080a2a9e6:   ff ff 14 60 18 c0 2b c0 1f c0 16 c0 2f 64 10 c0
0x000001d080a2a9f6:   93 c0 21 b0 0e c0 17 64 0e 64 38 f0 05 80 11 64
0x000001d080a2aa06:   29 64 0f 00 00 64 03 f8 97 42 18 aa ff 7f 05 70
0x000001d080a2aa16:   0e 60 01 f8 7e ff 0e 90 0c 64 44 8b 52 08 49 bb
0x000001d080a2aa26:   00 00 00 00 08 00 00 00 4d 03 d3 4c 3b d0 0f 85
0x000001d080a2aa36:   46 66 b5 06 66 0f 1f 44 00 00 89 84 24 00 90 ff
0x000001d080a2aa46:   ff 55 48 83 ec 30 48 b8 50 ba 02 ab d0 01 00 00
0x000001d080a2aa56:   8b b0 cc 00 00 00 83 c6 02 89 b0 cc 00 00 00 81
0x000001d080a2aa66:   e6 fe 07 00 00 83 fe 00 0f 84 39 01 00 00 48 8b
0x000001d080a2aa76:   c2 48 be 50 ba 02 ab d0 01 00 00 48 83 86 10 01
0x000001d080a2aa86:   00 00 01 8b 42 0c 48 c1 e0 03 48 83 f8 00 75 16
0x000001d080a2aa96:   48 bf 50 ba 02 ab d0 01 00 00 80 8f 19 01 00 00
0x000001d080a2aaa6:   01 e9 ee 00 00 00 48 bb 50 66 38 00 08 00 00 00
0x000001d080a2aab6:   8b 78 08 49 ba 00 00 00 00 08 00 00 00 49 03 fa
0x000001d080a2aac6:   48 3b 5f 20 0f 84 1b 00 00 00 48 3b fb 0f 84 12
0x000001d080a2aad6:   00 00 00 57 53 e8 a0 c8 bf 06 5f 5f 83 ff 00 0f
0x000001d080a2aae6:   84 93 00 00 00 48 bf 50 ba 02 ab d0 01 00 00 8b
0x000001d080a2aaf6:   58 08 49 ba 00 00 00 00 08 00 00 00 49 03 da 48
0x000001d080a2ab06:   3b 9f 30 01 00 00 75 0d 48 83 87 38 01 00 00 01
0x000001d080a2ab16:   e9 7f 00 00 00 48 3b 9f 40 01 00 00 75 0d 48 83
0x000001d080a2ab26:   87 48 01 00 00 01 e9 69 00 00 00 48 81 bf 30 01
0x000001d080a2ab36:   00 00 00 00 00 00 75 17 48 89 9f 30 01 00 00 48
0x000001d080a2ab46:   c7 87 38 01 00 00 01 00 00 00 e9 45 00 00 00 48
0x000001d080a2ab56:   81 bf 40 01 00 00 00 00 00 00 75 17 48 89 9f 40
0x000001d080a2ab66:   01 00 00 48 c7 87 48 01 00 00 01 00 00 00 e9 21
0x000001d080a2ab76:   00 00 00 e9 1c 00 00 00 48 bf 50 ba 02 ab d0 01
0x000001d080a2ab86:   00 00 48 83 af 20 01 00 00 01 e9 39 00 00 00 e9
0x000001d080a2ab96:   00 00 00 00 48 83 c4 30 5d 49 3b a7 48 03 00 00
0x000001d080a2aba6:   0f 87 2b 00 00 00 c3 49 ba 80 dd cf 9c d0 01 00 


Stack slot to memory mapping:
stack at sp + 0 slots: 0x00000000010b02d9 is an unknown value
stack at sp + 1 slots: 0x0000000000000026 is an unknown value
stack at sp + 2 slots: 0x000001d09df2c970 points into unknown readable memory: 0x000001d0f7632700 | 00 27 63 f7 d0 01 00 00
stack at sp + 3 slots: 0x0 is NULL
stack at sp + 4 slots: 0x0 is NULL
stack at sp + 5 slots: 0x0 is NULL
stack at sp + 6 slots: 0x00000036916f9790 is pointing into the stack for thread: 0x000001d0a01806e0
stack at sp + 7 slots: 0x000001d087539657 is at code_begin+1463 in an Interpreter codelet
return entry points  [0x000001d0875390a0, 0x000001d087539ba0]  2816 bytes

--------------------------------------------------------------------------------
[Constant Pool (empty)]

--------------------------------------------------------------------------------

[MachCode]
  0x000001d080a2aa20: 448b 5208 | 49bb 0000 | 0000 0800 | 0000 4d03 | d34c 3bd0 | 0f85 4666 | b506 660f | 1f44 0000 
  0x000001d080a2aa40: 8984 2400 | 90ff ff55 | 4883 ec30 | 48b8 50ba | 02ab d001 | 0000 8bb0 | cc00 0000 | 83c6 0289 
  0x000001d080a2aa60: b0cc 0000 | 0081 e6fe | 0700 0083 | fe00 0f84 | 3901 0000 | 488b c248 | be50 ba02 | abd0 0100 
  0x000001d080a2aa80: 0048 8386 | 1001 0000 | 018b 420c | 48c1 e003 | 4883 f800 | 7516 48bf | 50ba 02ab | d001 0000 
  0x000001d080a2aaa0: 808f 1901 | 0000 01e9 | ee00 0000 | 48bb 5066 | 3800 0800 | 0000 8b78 | 0849 ba00 | 0000 0008 
  0x000001d080a2aac0: 0000 0049 | 03fa 483b | 5f20 0f84 | 1b00 0000 | 483b fb0f | 8412 0000 | 0057 53e8 | a0c8 bf06 
  0x000001d080a2aae0: 5f5f 83ff | 000f 8493 | 0000 0048 | bf50 ba02 | abd0 0100 | 008b 5808 | 49ba 0000 | 0000 0800 
  0x000001d080a2ab00: 0000 4903 | da48 3b9f | 3001 0000 | 750d 4883 | 8738 0100 | 0001 e97f | 0000 0048 | 3b9f 4001 
  0x000001d080a2ab20: 0000 750d | 4883 8748 | 0100 0001 | e969 0000 | 0048 81bf | 3001 0000 | 0000 0000 | 7517 4889 
  0x000001d080a2ab40: 9f30 0100 | 0048 c787 | 3801 0000 | 0100 0000 | e945 0000 | 0048 81bf | 4001 0000 | 0000 0000 
  0x000001d080a2ab60: 7517 4889 | 9f40 0100 | 0048 c787 | 4801 0000 | 0100 0000 | e921 0000 | 00e9 1c00 | 0000 48bf 
  0x000001d080a2ab80: 50ba 02ab | d001 0000 | 4883 af20 | 0100 0001 | e939 0000 | 00e9 0000 | 0000 4883 | c430 5d49 
  0x000001d080a2aba0: 3ba7 4803 | 0000 0f87 | 2b00 0000 | c349 ba80 | ddcf 9cd0 | 0100 004c | 8954 2408 | 48c7 0424 
  0x000001d080a2abc0: ffff ffff | e8b7 eebf | 06e9 a6fe | ffff 4889 | 0424 e8c9 | c1bf 0649 | ba9f aba2 | 80d0 0100 
  0x000001d080a2abe0: 004d 8997 | 6003 0000 | e913 ceb5 | 0690 9049 | 8b87 d803 | 0000 49c7 | 87d8 0300 | 0000 0000 
  0x000001d080a2ac00: 0049 c787 | e003 0000 | 0000 0000 | 4883 c430 | 5de9 eabd | b606 f4f4 | f4f4 f4f4 | f4f4 f4f4 
  0x000001d080a2ac20: e85b bbbf | 0648 b918 | aa97 42ff | 7f00 0048 | 83e4 f049 | ba80 ef5f | 42ff 7f00 | 0041 ffd2 
  0x000001d080a2ac40: f449 ba41 | aca2 80d0 | 0100 0041 | 52e9 4ec0 | b506 f4f4 | f4f4 f4f4 
[/MachCode]
--------------------------------------------------------------------------------


---------------  P R O C E S S  ---------------

Threads class SMR info:
_java_thread_list=0x000001d0a198a1e0, length=30, elements={
0x000001d09d074a50, 0x000001d09d0795b0, 0x000001d09d07ed00, 0x000001d09d0b6400,
0x000001d09d0b6cd0, 0x000001d09d0b75a0, 0x000001d09d0bf1d0, 0x000001d09d0d57d0,
0x000001d09d134840, 0x000001d09d2510b0, 0x000001d09d272e10, 0x000001d09f4773a0,
0x000001d09f479710, 0x000001d09f479c20, 0x000001d09f476e90, 0x000001d09f4782d0,
0x000001d0a0181100, 0x000001d0a01806e0, 0x000001d0a0180bf0, 0x000001d0a017f7b0,
0x000001d0a017de60, 0x000001d0a017b5e0, 0x000001d0a0182030, 0x000001d0a017baf0,
0x000001d0a01801d0, 0x000001d0a017e370, 0x000001d0a0182a50, 0x000001d0a017c000,
0x000001d0a0181b20, 0x000001d0a1a3f050
}

Java Threads: ( => current thread )
  0x000001d09d074a50 JavaThread "Reference Handler" daemon [_thread_blocked, id=4956, stack(0x000000368fc00000,0x000000368fd00000)]
  0x000001d09d0795b0 JavaThread "Finalizer" daemon [_thread_blocked, id=14836, stack(0x000000368fd00000,0x000000368fe00000)]
  0x000001d09d07ed00 JavaThread "Signal Dispatcher" daemon [_thread_blocked, id=2888, stack(0x000000368fe00000,0x000000368ff00000)]
  0x000001d09d0b6400 JavaThread "Attach Listener" daemon [_thread_blocked, id=2056, stack(0x000000368ff00000,0x0000003690000000)]
  0x000001d09d0b6cd0 JavaThread "Service Thread" daemon [_thread_blocked, id=4160, stack(0x0000003690000000,0x0000003690100000)]
  0x000001d09d0b75a0 JavaThread "Monitor Deflation Thread" daemon [_thread_blocked, id=10964, stack(0x0000003690100000,0x0000003690200000)]
  0x000001d09d0bf1d0 JavaThread "C2 CompilerThread0" daemon [_thread_blocked, id=14492, stack(0x0000003690200000,0x0000003690300000)]
  0x000001d09d0d57d0 JavaThread "C1 CompilerThread0" daemon [_thread_blocked, id=7440, stack(0x0000003690300000,0x0000003690400000)]
  0x000001d09d134840 JavaThread "Sweeper thread" daemon [_thread_blocked, id=16632, stack(0x0000003690400000,0x0000003690500000)]
  0x000001d09d2510b0 JavaThread "Notification Thread" daemon [_thread_blocked, id=14668, stack(0x0000003690500000,0x0000003690600000)]
  0x000001d09d272e10 JavaThread "Common-Cleaner" daemon [_thread_blocked, id=16156, stack(0x0000003690700000,0x0000003690800000)]
  0x000001d09f4773a0 JavaThread "Catalina-utility-1" [_thread_blocked, id=13372, stack(0x0000003690d00000,0x0000003690e00000)]
  0x000001d09f479710 JavaThread "Catalina-utility-2" [_thread_blocked, id=4904, stack(0x0000003690e00000,0x0000003690f00000)]
  0x000001d09f479c20 JavaThread "container-0" [_thread_blocked, id=15656, stack(0x0000003690f00000,0x0000003691000000)]
  0x000001d09f476e90 JavaThread "mssql-jdbc-shared-timer-core-0" daemon [_thread_blocked, id=16028, stack(0x0000003691200000,0x0000003691300000)]
  0x000001d09f4782d0 JavaThread "HikariPool-1 housekeeper" daemon [_thread_blocked, id=1580, stack(0x0000003691300000,0x0000003691400000)]
  0x000001d0a0181100 JavaThread "http-nio-8080-exec-1" daemon [_thread_blocked, id=15320, stack(0x0000003691500000,0x0000003691600000)]
=>0x000001d0a01806e0 JavaThread "http-nio-8080-exec-2" daemon [_thread_in_Java, id=12496, stack(0x0000003691600000,0x0000003691700000)]
  0x000001d0a0180bf0 JavaThread "http-nio-8080-exec-3" daemon [_thread_blocked, id=8424, stack(0x0000003691700000,0x0000003691800000)]
  0x000001d0a017f7b0 JavaThread "http-nio-8080-exec-4" daemon [_thread_blocked, id=16064, stack(0x0000003691800000,0x0000003691900000)]
  0x000001d0a017de60 JavaThread "http-nio-8080-exec-5" daemon [_thread_blocked, id=12108, stack(0x0000003691900000,0x0000003691a00000)]
  0x000001d0a017b5e0 JavaThread "http-nio-8080-exec-6" daemon [_thread_blocked, id=10080, stack(0x0000003691a00000,0x0000003691b00000)]
  0x000001d0a0182030 JavaThread "http-nio-8080-exec-7" daemon [_thread_blocked, id=14444, stack(0x0000003691b00000,0x0000003691c00000)]
  0x000001d0a017baf0 JavaThread "http-nio-8080-exec-8" daemon [_thread_blocked, id=32, stack(0x0000003691c00000,0x0000003691d00000)]
  0x000001d0a01801d0 JavaThread "http-nio-8080-exec-9" daemon [_thread_blocked, id=15728, stack(0x0000003691d00000,0x0000003691e00000)]
  0x000001d0a017e370 JavaThread "http-nio-8080-exec-10" daemon [_thread_blocked, id=6560, stack(0x0000003691e00000,0x0000003691f00000)]
  0x000001d0a0182a50 JavaThread "http-nio-8080-Poller" daemon [_thread_in_native, id=16188, stack(0x0000003691f00000,0x0000003692000000)]
  0x000001d0a017c000 JavaThread "http-nio-8080-Acceptor" daemon [_thread_in_native, id=8756, stack(0x0000003692000000,0x0000003692100000)]
  0x000001d0a0181b20 JavaThread "DestroyJavaVM" [_thread_blocked, id=10956, stack(0x000000368f500000,0x000000368f600000)]
  0x000001d0a1a3f050 JavaThread "C2 CompilerThread1" daemon [_thread_in_native, id=17180, stack(0x0000003690800000,0x0000003690900000)]

Other Threads:
  0x000001d09d017ff0 VMThread "VM Thread" [stack: 0x000000368fb00000,0x000000368fc00000] [id=17152]
  0x000001d0fef39c00 WatcherThread [stack: 0x0000003690600000,0x0000003690700000] [id=10624]
  0x000001d0fef208f0 GCTaskThread "GC Thread#0" [stack: 0x000000368f600000,0x000000368f700000] [id=872]
  0x000001d09d288a20 GCTaskThread "GC Thread#1" [stack: 0x0000003690900000,0x0000003690a00000] [id=14660]
  0x000001d09d2881e0 GCTaskThread "GC Thread#2" [stack: 0x0000003690a00000,0x0000003690b00000] [id=4508]
  0x000001d09d288ce0 GCTaskThread "GC Thread#3" [stack: 0x0000003690b00000,0x0000003690c00000] [id=17112]
  0x000001d0fef31030 ConcurrentGCThread "G1 Main Marker" [stack: 0x000000368f700000,0x000000368f800000] [id=12548]
  0x000001d0fef32950 ConcurrentGCThread "G1 Conc#0" [stack: 0x000000368f800000,0x000000368f900000] [id=5216]
  0x000001d0fefdcaf0 ConcurrentGCThread "G1 Refine#0" [stack: 0x000000368f900000,0x000000368fa00000] [id=3968]
  0x000001d09f533550 ConcurrentGCThread "G1 Refine#1" [stack: 0x0000003690c00000,0x0000003690d00000] [id=2124]
  0x000001d09f92db70 ConcurrentGCThread "G1 Refine#2" [stack: 0x0000003691000000,0x0000003691100000] [id=10124]
  0x000001d0fefe21f0 ConcurrentGCThread "G1 Service" [stack: 0x000000368fa00000,0x000000368fb00000] [id=15760]

Threads with active compile tasks:
C2 CompilerThread1    35731 6431       4       org.eclipse.jdt.internal.compiler.lookup.BinaryTypeBinding::createMethod (1719 bytes)

VM state: not at safepoint (normal execution)

VM Mutex/Monitor currently owned by a thread: None

Heap address: 0x0000000704c00000, size: 4020 MB, Compressed Oops mode: Zero based, Oop shift amount: 3

CDS archive(s) not mapped
Compressed class space mapped at: 0x0000000800000000-0x0000000840000000, reserved size: 1073741824
Narrow klass base: 0x0000000800000000, Narrow klass shift: 0, Narrow klass range: 0x40000000

GC Precious Log:
 CPUs: 4 total, 4 available
 Memory: 16079M
 Large Page Support: Disabled
 NUMA Support: Disabled
 Compressed Oops: Enabled (Zero based)
 Heap Region Size: 2M
 Heap Min Capacity: 8M
 Heap Initial Capacity: 252M
 Heap Max Capacity: 4020M
 Pre-touch: Disabled
 Parallel Workers: 4
 Concurrent Workers: 1
 Concurrent Refinement Workers: 4
 Periodic GC: Disabled

Heap:
 garbage-first heap   total 108544K, used 69467K [0x0000000704c00000, 0x0000000800000000)
  region size 2048K, 24 young (49152K), 3 survivors (6144K)
 Metaspace       used 83796K, committed 84416K, reserved 1179648K
  class space    used 10338K, committed 10624K, reserved 1048576K

Heap Regions: E=young(eden), S=young(survivor), O=old, HS=humongous(starts), HC=humongous(continues), CS=collection set, F=free, OA=open archive, CA=closed archive, TAMS=top-at-mark-start (previous, next)
|   0|0x0000000704c00000, 0x0000000704e00000, 0x0000000704e00000|100%| O|  |TAMS 0x0000000704e00000, 0x0000000704c00000| Untracked 
|   1|0x0000000704e00000, 0x0000000705000000, 0x0000000705000000|100%| O|  |TAMS 0x0000000705000000, 0x0000000704e00000| Untracked 
|   2|0x0000000705000000, 0x0000000705200000, 0x0000000705200000|100%| O|  |TAMS 0x0000000705200000, 0x0000000705000000| Untracked 
|   3|0x0000000705200000, 0x0000000705400000, 0x0000000705400000|100%| O|  |TAMS 0x0000000705400000, 0x0000000705200000| Untracked 
|   4|0x0000000705400000, 0x0000000705600000, 0x0000000705600000|100%| O|  |TAMS 0x0000000705600000, 0x0000000705400000| Untracked 
|   5|0x0000000705600000, 0x0000000705800000, 0x0000000705800000|100%| O|  |TAMS 0x0000000705800000, 0x0000000705600000| Untracked 
|   6|0x0000000705800000, 0x0000000705a00000, 0x0000000705a00000|100%| O|  |TAMS 0x0000000705a00000, 0x0000000705800000| Untracked 
|   7|0x0000000705a00000, 0x0000000705c00000, 0x0000000705c00000|100%| O|  |TAMS 0x0000000705c00000, 0x0000000705a00000| Untracked 
|   8|0x0000000705c00000, 0x0000000705e00000, 0x0000000705e00000|100%| O|  |TAMS 0x0000000705c00000, 0x0000000705c00000| Untracked 
|   9|0x0000000705e00000, 0x0000000706000000, 0x0000000706000000|100%| O|  |TAMS 0x0000000706000000, 0x0000000705e00000| Untracked 
|  10|0x0000000706000000, 0x0000000706000000, 0x0000000706200000|  0%| F|  |TAMS 0x0000000706000000, 0x0000000706000000| Untracked 
|  11|0x0000000706200000, 0x0000000706400000, 0x0000000706400000|100%| O|  |TAMS 0x0000000706200000, 0x0000000706200000| Untracked 
|  12|0x0000000706400000, 0x00000007065f9a00, 0x0000000706600000| 98%| O|  |TAMS 0x0000000706400000, 0x0000000706400000| Untracked 
|  13|0x0000000706600000, 0x0000000706600000, 0x0000000706800000|  0%| F|  |TAMS 0x0000000706600000, 0x0000000706600000| Untracked 
|  14|0x0000000706800000, 0x0000000706800000, 0x0000000706a00000|  0%| F|  |TAMS 0x0000000706800000, 0x0000000706800000| Untracked 
|  15|0x0000000706a00000, 0x0000000706a00000, 0x0000000706c00000|  0%| F|  |TAMS 0x0000000706a00000, 0x0000000706a00000| Untracked 
|  16|0x0000000706c00000, 0x0000000706c00000, 0x0000000706e00000|  0%| F|  |TAMS 0x0000000706c00000, 0x0000000706c00000| Untracked 
|  17|0x0000000706e00000, 0x0000000706e00000, 0x0000000707000000|  0%| F|  |TAMS 0x0000000706e00000, 0x0000000706e00000| Untracked 
|  18|0x0000000707000000, 0x0000000707000000, 0x0000000707200000|  0%| F|  |TAMS 0x0000000707000000, 0x0000000707000000| Untracked 
|  19|0x0000000707200000, 0x0000000707200000, 0x0000000707400000|  0%| F|  |TAMS 0x0000000707200000, 0x0000000707200000| Untracked 
|  20|0x0000000707400000, 0x0000000707400000, 0x0000000707600000|  0%| F|  |TAMS 0x0000000707400000, 0x0000000707400000| Untracked 
|  21|0x0000000707600000, 0x0000000707600000, 0x0000000707800000|  0%| F|  |TAMS 0x0000000707600000, 0x0000000707600000| Untracked 
|  22|0x0000000707800000, 0x00000007079dd560, 0x0000000707a00000| 93%| S|CS|TAMS 0x0000000707800000, 0x0000000707800000| Complete 
|  23|0x0000000707a00000, 0x0000000707c00000, 0x0000000707c00000|100%| S|CS|TAMS 0x0000000707a00000, 0x0000000707a00000| Complete 
|  24|0x0000000707c00000, 0x0000000707e00000, 0x0000000707e00000|100%| S|CS|TAMS 0x0000000707c00000, 0x0000000707c00000| Complete 
|  25|0x0000000707e00000, 0x0000000707e00000, 0x0000000708000000|  0%| F|  |TAMS 0x0000000707e00000, 0x0000000707e00000| Untracked 
|  26|0x0000000708000000, 0x0000000708000000, 0x0000000708200000|  0%| F|  |TAMS 0x0000000708000000, 0x0000000708000000| Untracked 
|  27|0x0000000708200000, 0x0000000708200000, 0x0000000708400000|  0%| F|  |TAMS 0x0000000708200000, 0x0000000708200000| Untracked 
|  28|0x0000000708400000, 0x0000000708400000, 0x0000000708600000|  0%| F|  |TAMS 0x0000000708400000, 0x0000000708400000| Untracked 
|  29|0x0000000708600000, 0x0000000708600000, 0x0000000708800000|  0%| F|  |TAMS 0x0000000708600000, 0x0000000708600000| Untracked 
|  30|0x0000000708800000, 0x0000000708800000, 0x0000000708a00000|  0%| F|  |TAMS 0x0000000708800000, 0x0000000708800000| Untracked 
|  31|0x0000000708a00000, 0x0000000708a00000, 0x0000000708c00000|  0%| F|  |TAMS 0x0000000708a00000, 0x0000000708a00000| Untracked 
|  32|0x0000000708c00000, 0x0000000708c51750, 0x0000000708e00000| 15%| E|  |TAMS 0x0000000708c00000, 0x0000000708c00000| Complete 
|  33|0x0000000708e00000, 0x0000000709000000, 0x0000000709000000|100%| E|CS|TAMS 0x0000000708e00000, 0x0000000708e00000| Complete 
|  34|0x0000000709000000, 0x0000000709200000, 0x0000000709200000|100%| E|CS|TAMS 0x0000000709000000, 0x0000000709000000| Complete 
|  35|0x0000000709200000, 0x0000000709400000, 0x0000000709400000|100%| E|CS|TAMS 0x0000000709200000, 0x0000000709200000| Complete 
|  36|0x0000000709400000, 0x0000000709600000, 0x0000000709600000|100%| E|CS|TAMS 0x0000000709400000, 0x0000000709400000| Complete 
|  37|0x0000000709600000, 0x0000000709800000, 0x0000000709800000|100%| E|CS|TAMS 0x0000000709600000, 0x0000000709600000| Complete 
|  38|0x0000000709800000, 0x0000000709a00000, 0x0000000709a00000|100%| E|CS|TAMS 0x0000000709800000, 0x0000000709800000| Complete 
|  39|0x0000000709a00000, 0x0000000709c00000, 0x0000000709c00000|100%| E|  |TAMS 0x0000000709a00000, 0x0000000709a00000| Complete 
|  40|0x0000000709c00000, 0x0000000709e00000, 0x0000000709e00000|100%| E|CS|TAMS 0x0000000709c00000, 0x0000000709c00000| Complete 
|  41|0x0000000709e00000, 0x000000070a000000, 0x000000070a000000|100%| E|CS|TAMS 0x0000000709e00000, 0x0000000709e00000| Complete 
|  42|0x000000070a000000, 0x000000070a200000, 0x000000070a200000|100%| E|CS|TAMS 0x000000070a000000, 0x000000070a000000| Complete 
|  43|0x000000070a200000, 0x000000070a400000, 0x000000070a400000|100%| E|CS|TAMS 0x000000070a200000, 0x000000070a200000| Complete 
|  44|0x000000070a400000, 0x000000070a600000, 0x000000070a600000|100%| E|CS|TAMS 0x000000070a400000, 0x000000070a400000| Complete 
|  45|0x000000070a600000, 0x000000070a800000, 0x000000070a800000|100%| E|CS|TAMS 0x000000070a600000, 0x000000070a600000| Complete 
|  46|0x000000070a800000, 0x000000070aa00000, 0x000000070aa00000|100%| E|CS|TAMS 0x000000070a800000, 0x000000070a800000| Complete 
|  47|0x000000070aa00000, 0x000000070ac00000, 0x000000070ac00000|100%| E|CS|TAMS 0x000000070aa00000, 0x000000070aa00000| Complete 
|  48|0x000000070ac00000, 0x000000070ae00000, 0x000000070ae00000|100%| E|CS|TAMS 0x000000070ac00000, 0x000000070ac00000| Complete 
|  57|0x000000070be00000, 0x000000070c000000, 0x000000070c000000|100%| E|CS|TAMS 0x000000070be00000, 0x000000070be00000| Complete 
|  58|0x000000070c000000, 0x000000070c200000, 0x000000070c200000|100%| E|CS|TAMS 0x000000070c000000, 0x000000070c000000| Complete 
|  59|0x000000070c200000, 0x000000070c400000, 0x000000070c400000|100%| E|CS|TAMS 0x000000070c200000, 0x000000070c200000| Complete 
| 125|0x0000000714600000, 0x0000000714800000, 0x0000000714800000|100%| E|CS|TAMS 0x0000000714600000, 0x0000000714600000| Complete 

Card table byte_map: [0x000001d0fdf60000,0x000001d0fe740000] _byte_map_base: 0x000001d0fa73a000

Marking Bits (Prev, Next): (CMBitMap*) 0x000001d0fef20c00, (CMBitMap*) 0x000001d0fef20bc0
 Prev Bits: [0x000001d092ed0000, 0x000001d096da0000)
 Next Bits: [0x000001d08f000000, 0x000001d092ed0000)

Polling page: 0x000001d0f78b0000

Metaspace:

Usage:
  Non-class:     71.74 MB used.
      Class:     10.10 MB used.
       Both:     81.83 MB used.

Virtual space:
  Non-class space:      128.00 MB reserved,      72.06 MB ( 56%) committed,  2 nodes.
      Class space:        1.00 GB reserved,      10.38 MB (  1%) committed,  1 nodes.
             Both:        1.12 GB reserved,      82.44 MB (  7%) committed. 

Chunk freelists:
   Non-Class:  7.79 MB
       Class:  5.67 MB
        Both:  13.46 MB

MaxMetaspaceSize: unlimited
CompressedClassSpaceSize: 1.00 GB
Initial GC threshold: 21.00 MB
Current GC threshold: 98.75 MB
CDS: off
MetaspaceReclaimPolicy: balanced
 - commit_granule_bytes: 65536.
 - commit_granule_words: 8192.
 - virtual_space_node_default_size: 8388608.
 - enlarge_chunks_in_place: 1.
 - new_chunks_are_fully_committed: 0.
 - uncommit_free_chunks: 1.
 - use_allocation_guard: 0.
 - handle_deallocations: 1.


Internal statistics:

num_allocs_failed_limit: 9.
num_arena_births: 844.
num_arena_deaths: 0.
num_vsnodes_births: 3.
num_vsnodes_deaths: 0.
num_space_committed: 1319.
num_space_uncommitted: 0.
num_chunks_returned_to_freelist: 9.
num_chunks_taken_from_freelist: 3387.
num_chunk_merges: 9.
num_chunk_splits: 2469.
num_chunks_enlarged: 1953.
num_inconsistent_stats: 0.

CodeHeap 'non-profiled nmethods': size=120000Kb used=4410Kb max_used=4410Kb free=115589Kb
 bounds [0x000001d087ad0000, 0x000001d087f20000, 0x000001d08f000000]
CodeHeap 'profiled nmethods': size=120000Kb used=12198Kb max_used=12198Kb free=107801Kb
 bounds [0x000001d080000000, 0x000001d080bf0000, 0x000001d087530000]
CodeHeap 'non-nmethods': size=5760Kb used=1401Kb max_used=1447Kb free=4358Kb
 bounds [0x000001d087530000, 0x000001d0877a0000, 0x000001d087ad0000]
 total_blobs=6506 nmethods=5769 adapters=648
 compilation: enabled
              stopped_count=0, restarted_count=0
 full_count=0

Compilation events (20 events):
Event: 35.517 Thread 0x000001d09d0d57d0 6505       3       java.lang.invoke.LambdaForm$MH/0x00000008002e8800::invoke (32 bytes)
Event: 35.517 Thread 0x000001d09d0d57d0 nmethod 6505 0x000001d080be6710 code [0x000001d080be68e0, 0x000001d080be6df8]
Event: 35.519 Thread 0x000001d09d0d57d0 6506       3       org.apache.jasper.compiler.SmapUtil$SDEInstaller::readU1 (21 bytes)
Event: 35.519 Thread 0x000001d09d0d57d0 nmethod 6506 0x000001d080be6f90 code [0x000001d080be7120, 0x000001d080be7278]
Event: 35.519 Thread 0x000001d09d0d57d0 6508       3       org.apache.jasper.compiler.SmapUtil$SDEInstaller::readBytes (38 bytes)
Event: 35.519 Thread 0x000001d09d0d57d0 nmethod 6508 0x000001d080be7390 code [0x000001d080be7540, 0x000001d080be77f8]
Event: 35.519 Thread 0x000001d09d0d57d0 6509       3       org.apache.jasper.compiler.SmapUtil$SDEInstaller::writeBytes (45 bytes)
Event: 35.519 Thread 0x000001d09d0d57d0 nmethod 6509 0x000001d080be7910 code [0x000001d080be7ac0, 0x000001d080be7cd8]
Event: 35.519 Thread 0x000001d09d0d57d0 6507       3       org.apache.jasper.compiler.SmapUtil$SDEInstaller::writeU1 (19 bytes)
Event: 35.520 Thread 0x000001d09d0d57d0 nmethod 6507 0x000001d080be7e10 code [0x000001d080be7fa0, 0x000001d080be80f8]
Event: 35.520 Thread 0x000001d09d0d57d0 6511       3       org.apache.jasper.compiler.SmapUtil$SDEInstaller::copy (46 bytes)
Event: 35.520 Thread 0x000001d09d0d57d0 nmethod 6511 0x000001d080be8210 code [0x000001d080be83c0, 0x000001d080be85f8]
Event: 35.520 Thread 0x000001d09d0d57d0 6510       3       java.nio.charset.Charset::forName (20 bytes)
Event: 35.520 Thread 0x000001d09d0d57d0 nmethod 6510 0x000001d080be8790 code [0x000001d080be8940, 0x000001d080be8b58]
Event: 35.524 Thread 0x000001d09d0d57d0 6512       3       java.lang.invoke.MethodHandle::asCollectorChecks (74 bytes)
Event: 35.525 Thread 0x000001d09d0bf1d0 nmethod 6444 0x000001d087f16e10 code [0x000001d087f171c0, 0x000001d087f1a3b0]
Event: 35.525 Thread 0x000001d09d0d57d0 nmethod 6512 0x000001d080be8c10 code [0x000001d080be8e20, 0x000001d080be94b8]
Event: 35.525 Thread 0x000001d09d0bf1d0 6470       4       java.util.HashSet::iterator (13 bytes)
Event: 35.536 Thread 0x000001d09d0d57d0 6513       3       org.apache.catalina.core.DefaultInstanceManager::findLifecycleCallback (110 bytes)
Event: 35.538 Thread 0x000001d09d0d57d0 nmethod 6513 0x000001d080be9790 code [0x000001d080be9ac0, 0x000001d080beaf58]

GC Heap History (20 events):
Event: 5.439 GC heap before
{Heap before GC invocations=10 (full 0):
 garbage-first heap   total 149504K, used 38529K [0x0000000704c00000, 0x0000000800000000)
  region size 2048K, 14 young (28672K), 1 survivors (2048K)
 Metaspace       used 35736K, committed 36096K, reserved 1114112K
  class space    used 4168K, committed 4352K, reserved 1048576K
}
Event: 5.449 GC heap after
{Heap after GC invocations=11 (full 0):
 garbage-first heap   total 149504K, used 17044K [0x0000000704c00000, 0x0000000800000000)
  region size 2048K, 3 young (6144K), 3 survivors (6144K)
 Metaspace       used 35736K, committed 36096K, reserved 1114112K
  class space    used 4168K, committed 4352K, reserved 1048576K
}
Event: 6.488 GC heap before
{Heap before GC invocations=12 (full 0):
 garbage-first heap   total 69632K, used 51860K [0x0000000704c00000, 0x0000000800000000)
  region size 2048K, 20 young (40960K), 3 survivors (6144K)
 Metaspace       used 41616K, committed 42048K, reserved 1114112K
  class space    used 4839K, committed 5056K, reserved 1048576K
}
Event: 6.499 GC heap after
{Heap after GC invocations=13 (full 0):
 garbage-first heap   total 69632K, used 19473K [0x0000000704c00000, 0x0000000800000000)
  region size 2048K, 2 young (4096K), 2 survivors (4096K)
 Metaspace       used 41616K, committed 42048K, reserved 1114112K
  class space    used 4839K, committed 5056K, reserved 1048576K
}
Event: 6.566 GC heap before
{Heap before GC invocations=13 (full 0):
 garbage-first heap   total 69632K, used 21521K [0x0000000704c00000, 0x0000000800000000)
  region size 2048K, 3 young (6144K), 2 survivors (4096K)
 Metaspace       used 41963K, committed 42432K, reserved 1114112K
  class space    used 4895K, committed 5120K, reserved 1048576K
}
Event: 6.571 GC heap after
{Heap after GC invocations=14 (full 0):
 garbage-first heap   total 69632K, used 19709K [0x0000000704c00000, 0x0000000800000000)
  region size 2048K, 1 young (2048K), 1 survivors (2048K)
 Metaspace       used 41963K, committed 42432K, reserved 1114112K
  class space    used 4895K, committed 5120K, reserved 1048576K
}
Event: 7.678 GC heap before
{Heap before GC invocations=14 (full 0):
 garbage-first heap   total 69632K, used 46333K [0x0000000704c00000, 0x0000000800000000)
  region size 2048K, 15 young (30720K), 1 survivors (2048K)
 Metaspace       used 50985K, committed 51456K, reserved 1114112K
  class space    used 6113K, committed 6336K, reserved 1048576K
}
Event: 7.682 GC heap after
{Heap after GC invocations=15 (full 0):
 garbage-first heap   total 69632K, used 20937K [0x0000000704c00000, 0x0000000800000000)
  region size 2048K, 1 young (2048K), 1 survivors (2048K)
 Metaspace       used 50985K, committed 51456K, reserved 1114112K
  class space    used 6113K, committed 6336K, reserved 1048576K
}
Event: 8.706 GC heap before
{Heap before GC invocations=15 (full 0):
 garbage-first heap   total 69632K, used 51657K [0x0000000704c00000, 0x0000000800000000)
  region size 2048K, 16 young (32768K), 1 survivors (2048K)
 Metaspace       used 57732K, committed 58176K, reserved 1114112K
  class space    used 6951K, committed 7168K, reserved 1048576K
}
Event: 8.711 GC heap after
{Heap after GC invocations=16 (full 0):
 garbage-first heap   total 69632K, used 23321K [0x0000000704c00000, 0x0000000800000000)
  region size 2048K, 2 young (4096K), 2 survivors (4096K)
 Metaspace       used 57732K, committed 58176K, reserved 1114112K
  class space    used 6951K, committed 7168K, reserved 1048576K
}
Event: 8.960 GC heap before
{Heap before GC invocations=16 (full 0):
 garbage-first heap   total 69632K, used 29465K [0x0000000704c00000, 0x0000000800000000)
  region size 2048K, 6 young (12288K), 2 survivors (4096K)
 Metaspace       used 60026K, committed 60416K, reserved 1114112K
  class space    used 7362K, committed 7552K, reserved 1048576K
}
Event: 8.966 GC heap after
{Heap after GC invocations=17 (full 0):
 garbage-first heap   total 69632K, used 23884K [0x0000000704c00000, 0x0000000800000000)
  region size 2048K, 1 young (2048K), 1 survivors (2048K)
 Metaspace       used 60026K, committed 60416K, reserved 1114112K
  class space    used 7362K, committed 7552K, reserved 1048576K
}
Event: 10.244 GC heap before
{Heap before GC invocations=18 (full 0):
 garbage-first heap   total 69632K, used 52556K [0x0000000704c00000, 0x0000000800000000)
  region size 2048K, 15 young (30720K), 1 survivors (2048K)
 Metaspace       used 65566K, committed 66048K, reserved 1114112K
  class space    used 8308K, committed 8512K, reserved 1048576K
}
Event: 10.248 GC heap after
{Heap after GC invocations=19 (full 0):
 garbage-first heap   total 69632K, used 25081K [0x0000000704c00000, 0x0000000800000000)
  region size 2048K, 1 young (2048K), 1 survivors (2048K)
 Metaspace       used 65566K, committed 66048K, reserved 1114112K
  class space    used 8308K, committed 8512K, reserved 1048576K
}
Event: 10.286 GC heap before
{Heap before GC invocations=19 (full 0):
 garbage-first heap   total 69632K, used 27129K [0x0000000704c00000, 0x0000000800000000)
  region size 2048K, 2 young (4096K), 1 survivors (2048K)
 Metaspace       used 65889K, committed 66432K, reserved 1114112K
  class space    used 8323K, committed 8576K, reserved 1048576K
}
Event: 10.291 GC heap after
{Heap after GC invocations=20 (full 0):
 garbage-first heap   total 69632K, used 25006K [0x0000000704c00000, 0x0000000800000000)
  region size 2048K, 1 young (2048K), 1 survivors (2048K)
 Metaspace       used 65889K, committed 66432K, reserved 1114112K
  class space    used 8323K, committed 8576K, reserved 1048576K
}
Event: 10.980 GC heap before
{Heap before GC invocations=20 (full 0):
 garbage-first heap   total 69632K, used 53678K [0x0000000704c00000, 0x0000000800000000)
  region size 2048K, 15 young (30720K), 1 survivors (2048K)
 Metaspace       used 69193K, committed 69760K, reserved 1114112K
  class space    used 8784K, committed 9088K, reserved 1048576K
}
Event: 10.985 GC heap after
{Heap after GC invocations=21 (full 0):
 garbage-first heap   total 108544K, used 26281K [0x0000000704c00000, 0x0000000800000000)
  region size 2048K, 1 young (2048K), 1 survivors (2048K)
 Metaspace       used 69193K, committed 69760K, reserved 1114112K
  class space    used 8784K, committed 9088K, reserved 1048576K
}
Event: 34.457 GC heap before
{Heap before GC invocations=21 (full 0):
 garbage-first heap   total 108544K, used 83625K [0x0000000704c00000, 0x0000000800000000)
  region size 2048K, 29 young (59392K), 1 survivors (2048K)
 Metaspace       used 76018K, committed 76544K, reserved 1179648K
  class space    used 9689K, committed 9920K, reserved 1048576K
}
Event: 34.467 GC heap after
{Heap after GC invocations=22 (full 0):
 garbage-first heap   total 108544K, used 30555K [0x0000000704c00000, 0x0000000800000000)
  region size 2048K, 3 young (6144K), 3 survivors (6144K)
 Metaspace       used 76018K, committed 76544K, reserved 1179648K
  class space    used 9689K, committed 9920K, reserved 1048576K
}

Dll operation events (9 events):
Event: 0.016 Loaded shared library C:\Users\JPiccione\.p2\pool\plugins\org.eclipse.justj.openjdk.hotspot.jre.full.win32.x86_64_17.0.8.v20230831-1047\jre\bin\java.dll
Event: 0.240 Loaded shared library C:\Users\JPiccione\.p2\pool\plugins\org.eclipse.justj.openjdk.hotspot.jre.full.win32.x86_64_17.0.8.v20230831-1047\jre\bin\jimage.dll
Event: 0.255 Loaded shared library C:\Users\JPiccione\.p2\pool\plugins\org.eclipse.justj.openjdk.hotspot.jre.full.win32.x86_64_17.0.8.v20230831-1047\jre\bin\net.dll
Event: 0.258 Loaded shared library C:\Users\JPiccione\.p2\pool\plugins\org.eclipse.justj.openjdk.hotspot.jre.full.win32.x86_64_17.0.8.v20230831-1047\jre\bin\nio.dll
Event: 0.264 Loaded shared library C:\Users\JPiccione\.p2\pool\plugins\org.eclipse.justj.openjdk.hotspot.jre.full.win32.x86_64_17.0.8.v20230831-1047\jre\bin\zip.dll
Event: 5.491 Loaded shared library C:\Users\JPiccione\.p2\pool\plugins\org.eclipse.justj.openjdk.hotspot.jre.full.win32.x86_64_17.0.8.v20230831-1047\jre\bin\sunmscapi.dll
Event: 5.532 Loaded shared library C:\Users\JPiccione\.p2\pool\plugins\org.eclipse.justj.openjdk.hotspot.jre.full.win32.x86_64_17.0.8.v20230831-1047\jre\bin\management.dll
Event: 5.535 Loaded shared library C:\Users\JPiccione\.p2\pool\plugins\org.eclipse.justj.openjdk.hotspot.jre.full.win32.x86_64_17.0.8.v20230831-1047\jre\bin\management_ext.dll
Event: 6.936 Loaded shared library C:\Users\JPiccione\.p2\pool\plugins\org.eclipse.justj.openjdk.hotspot.jre.full.win32.x86_64_17.0.8.v20230831-1047\jre\bin\verify.dll

Deoptimization events (20 events):
Event: 35.252 Thread 0x000001d0a01806e0 Uncommon trap: trap_request=0xffffff6e fr.pc=0x000001d087f061bc relative=0x000000000000049c
Event: 35.252 Thread 0x000001d0a01806e0 Uncommon trap: reason=loop_limit_check action=maybe_recompile pc=0x000001d087f061bc method=org.eclipse.jdt.internal.compiler.classfmt.ClassFileStruct.utf8At(II)[C @ 143 c2
Event: 35.252 Thread 0x000001d0a01806e0 DEOPT PACKING pc=0x000001d087f061bc sp=0x00000036916f99a0
Event: 35.252 Thread 0x000001d0a01806e0 DEOPT UNPACKING pc=0x000001d0875869a3 sp=0x00000036916f9938 mode 2
Event: 35.301 Thread 0x000001d0a01806e0 Uncommon trap: trap_request=0xffffffcc fr.pc=0x000001d087f096a4 relative=0x0000000000000284
Event: 35.301 Thread 0x000001d0a01806e0 Uncommon trap: reason=intrinsic_or_type_checked_inlining action=make_not_entrant pc=0x000001d087f096a4 method=java.util.ArrayList.toArray([Ljava/lang/Object;)[Ljava/lang/Object; @ 36 c2
Event: 35.301 Thread 0x000001d0a01806e0 DEOPT PACKING pc=0x000001d087f096a4 sp=0x00000036916f8f00
Event: 35.301 Thread 0x000001d0a01806e0 DEOPT UNPACKING pc=0x000001d0875869a3 sp=0x00000036916f8ec0 mode 2
Event: 35.301 Thread 0x000001d0a01806e0 Uncommon trap: trap_request=0xffffff45 fr.pc=0x000001d087ce134c relative=0x000000000000032c
Event: 35.301 Thread 0x000001d0a01806e0 Uncommon trap: reason=unstable_if action=reinterpret pc=0x000001d087ce134c method=java.util.HashMap.getNode(Ljava/lang/Object;)Ljava/util/HashMap$Node; @ 66 c2
Event: 35.301 Thread 0x000001d0a01806e0 DEOPT PACKING pc=0x000001d087ce134c sp=0x00000036916f8d90
Event: 35.301 Thread 0x000001d0a01806e0 DEOPT UNPACKING pc=0x000001d0875869a3 sp=0x00000036916f8cd0 mode 2
Event: 35.301 Thread 0x000001d0a01806e0 Uncommon trap: trap_request=0xffffff45 fr.pc=0x000001d087bc2d64 relative=0x0000000000000344
Event: 35.301 Thread 0x000001d0a01806e0 Uncommon trap: reason=unstable_if action=reinterpret pc=0x000001d087bc2d64 method=java.util.HashMap.getNode(Ljava/lang/Object;)Ljava/util/HashMap$Node; @ 66 c2
Event: 35.301 Thread 0x000001d0a01806e0 DEOPT PACKING pc=0x000001d087bc2d64 sp=0x00000036916f8d60
Event: 35.301 Thread 0x000001d0a01806e0 DEOPT UNPACKING pc=0x000001d0875869a3 sp=0x00000036916f8d00 mode 2
Event: 35.526 Thread 0x000001d0a01806e0 Uncommon trap: trap_request=0xffffffde fr.pc=0x000001d087b4004c relative=0x000000000000144c
Event: 35.526 Thread 0x000001d0a01806e0 Uncommon trap: reason=class_check action=maybe_recompile pc=0x000001d087b4004c method=jdk.internal.loader.URLClassPath.getLoader(I)Ljdk/internal/loader/URLClassPath$Loader; @ 88 c2
Event: 35.526 Thread 0x000001d0a01806e0 DEOPT PACKING pc=0x000001d087b4004c sp=0x00000036916fa000
Event: 35.526 Thread 0x000001d0a01806e0 DEOPT UNPACKING pc=0x000001d0875869a3 sp=0x00000036916fa040 mode 2

Classes unloaded (0 events):
No events

Classes redefined (0 events):
No events

Internal exceptions (20 events):
Event: 11.618 Thread 0x000001d0fa1149d0 Exception <a 'sun/nio/fs/WindowsException'{0x000000070a04f000}> (0x000000070a04f000) 
thrown [s\src\hotspot\share\prims\jni.cpp, line 516]
Event: 11.717 Thread 0x000001d0fa1149d0 Exception <a 'java/lang/IncompatibleClassChangeError'{0x0000000709f9c298}: Found class java.lang.Object, but interface was expected> (0x0000000709f9c298) 
thrown [s\src\hotspot\share\interpreter\linkResolver.cpp, line 826]
Event: 11.831 Thread 0x000001d0fa1149d0 Exception <a 'java/lang/NoSuchMethodError'{0x0000000709a37b08}: 'void java.lang.invoke.DirectMethodHandle$Holder.invokeVirtual(java.lang.Object, java.lang.Object, long)'> (0x0000000709a37b08) 
thrown [s\src\hotspot\share\interpreter\linkResolver.cpp, line 759]
Event: 12.159 Thread 0x000001d0fa1149d0 Exception <a 'java/lang/NoSuchMethodError'{0x00000007092c9210}: 'java.lang.Object java.lang.invoke.DirectMethodHandle$Holder.newInvokeSpecial(java.lang.Object, java.lang.Object, int, java.lang.Object, java.lang.Object)'> (0x00000007092c9210) 
thrown [s\src\hotspot\share\interpreter\linkResolver.cpp, line 759]
Event: 12.161 Thread 0x000001d0fa1149d0 Exception <a 'java/lang/NoSuchMethodError'{0x00000007092d4888}: 'java.lang.Object java.lang.invoke.DirectMethodHandle$Holder.invokeSpecial(java.lang.Object, java.lang.Object, int, java.lang.Object, int, java.lang.Object)'> (0x00000007092d4888) 
thrown [s\src\hotspot\share\interpreter\linkResolver.cpp, line 759]
Event: 12.162 Thread 0x000001d0fa1149d0 Exception <a 'java/lang/NoSuchMethodError'{0x00000007092dc690}: 'java.lang.Object java.lang.invoke.DirectMethodHandle$Holder.newInvokeSpecial(java.lang.Object, java.lang.Object, int, java.lang.Object, int)'> (0x00000007092dc690) 
thrown [s\src\hotspot\share\interpreter\linkResolver.cpp, line 759]
Event: 12.162 Thread 0x000001d0fa1149d0 Exception <a 'java/lang/NoSuchMethodError'{0x00000007092e0790}: 'java.lang.Object java.lang.invoke.DirectMethodHandle$Holder.invokeSpecial(java.lang.Object, java.lang.Object, java.lang.Object, int, java.lang.Object, int)'> (0x00000007092e0790) 
thrown [s\src\hotspot\share\interpreter\linkResolver.cpp, line 759]
Event: 34.027 Thread 0x000001d0a0181100 Exception <a 'java/lang/NoSuchMethodError'{0x00000007088a20b8}: 'java.lang.Object java.lang.invoke.DirectMethodHandle$Holder.invokeSpecial(java.lang.Object, java.lang.Object, java.lang.Object, java.lang.Object, java.lang.Object, long)'> (0x00000007088a20b8) 
thrown [s\src\hotspot\share\interpreter\linkResolver.cpp, line 759]
Event: 34.027 Thread 0x000001d0a0181100 Exception <a 'java/lang/NoSuchMethodError'{0x00000007088a5af8}: 'java.lang.Object java.lang.invoke.Invokers$Holder.linkToTargetMethod(java.lang.Object, java.lang.Object, java.lang.Object, long, java.lang.Object)'> (0x00000007088a5af8) 
thrown [s\src\hotspot\share\interpreter\linkResolver.cpp, line 759]
Event: 34.074 Thread 0x000001d0a0181100 Exception <a 'java/lang/NoSuchMethodError'{0x00000007089d9800}: getSession> (0x00000007089d9800) 
thrown [s\src\hotspot\share\prims\jni.cpp, line 1073]
Event: 34.474 Thread 0x000001d0a01806e0 Implicit null exception at 0x000001d087b588d7 to 0x000001d087b58ec4
Event: 34.474 Thread 0x000001d0a01806e0 Implicit null exception at 0x000001d087b13657 to 0x000001d087b13c18
Event: 34.595 Thread 0x000001d0a01806e0 Exception <a 'java/lang/ClassNotFoundException'{0x000000070c0287b8}: org/apache/taglibs/standard/tag/rt/core/IfTagBeanInfo> (0x000000070c0287b8) 
thrown [s\src\hotspot\share\classfile\systemDictionary.cpp, line 256]
Event: 34.596 Thread 0x000001d0a01806e0 Exception <a 'java/lang/ClassNotFoundException'{0x000000070c0309a8}: jakarta/servlet/jsp/jstl/core/ConditionalTagSupportBeanInfo> (0x000000070c0309a8) 
thrown [s\src\hotspot\share\classfile\systemDictionary.cpp, line 256]
Event: 34.598 Thread 0x000001d0a01806e0 Exception <a 'java/lang/ClassNotFoundException'{0x000000070c038770}: jakarta/servlet/jsp/tagext/TagSupportBeanInfo> (0x000000070c038770) 
thrown [s\src\hotspot\share\classfile\systemDictionary.cpp, line 256]
Event: 34.599 Thread 0x000001d0a01806e0 Exception <a 'java/lang/ClassNotFoundException'{0x000000070c03d3e8}: java/lang/ObjectBeanInfo> (0x000000070c03d3e8) 
thrown [s\src\hotspot\share\classfile\systemDictionary.cpp, line 256]
Event: 34.602 Thread 0x000001d0a01806e0 Exception <a 'java/lang/ClassNotFoundException'{0x000000070c042668}: java/lang/ObjectCustomizer> (0x000000070c042668) 
thrown [s\src\hotspot\share\classfile\systemDictionary.cpp, line 256]
Event: 34.608 Thread 0x000001d0a01806e0 Exception <a 'java/lang/ClassNotFoundException'{0x000000070c0d2120}: jakarta/servlet/jsp/tagext/TagSupportCustomizer> (0x000000070c0d2120) 
thrown [s\src\hotspot\share\classfile\systemDictionary.cpp, line 256]
Event: 34.612 Thread 0x000001d0a01806e0 Exception <a 'java/lang/ClassNotFoundException'{0x000000070c0e96e8}: jakarta/servlet/jsp/jstl/core/ConditionalTagSupportCustomizer> (0x000000070c0e96e8) 
thrown [s\src\hotspot\share\classfile\systemDictionary.cpp, line 256]
Event: 34.614 Thread 0x000001d0a01806e0 Exception <a 'java/lang/ClassNotFoundException'{0x000000070c0f77f0}: org/apache/taglibs/standard/tag/rt/core/IfTagCustomizer> (0x000000070c0f77f0) 
thrown [s\src\hotspot\share\classfile\systemDictionary.cpp, line 256]

VM Operations (20 events):
Event: 34.304 Executing VM operation: HandshakeAllThreads
Event: 34.304 Executing VM operation: HandshakeAllThreads done
Event: 34.412 Executing VM operation: HandshakeAllThreads
Event: 34.413 Executing VM operation: HandshakeAllThreads done
Event: 34.420 Executing VM operation: HandshakeAllThreads
Event: 34.420 Executing VM operation: HandshakeAllThreads done
Event: 34.457 Executing VM operation: G1CollectForAllocation
Event: 34.467 Executing VM operation: G1CollectForAllocation done
Event: 34.721 Executing VM operation: HandshakeAllThreads
Event: 34.731 Executing VM operation: HandshakeAllThreads done
Event: 35.330 Executing VM operation: ICBufferFull
Event: 35.331 Executing VM operation: ICBufferFull done
Event: 35.531 Executing VM operation: ChangeBreakpoints
Event: 35.533 Executing VM operation: ChangeBreakpoints done
Event: 35.533 Executing VM operation: ChangeBreakpoints
Event: 35.535 Executing VM operation: ChangeBreakpoints done
Event: 35.538 Executing VM operation: get/set locals
Event: 35.538 Executing VM operation: get/set locals done
Event: 35.539 Executing VM operation: get/set locals
Event: 35.539 Executing VM operation: get/set locals done

Events (20 events):
Event: 34.740 Thread 0x000001d09d134840 flushing nmethod 0x000001d080723010
Event: 34.742 Thread 0x000001d09d134840 flushing nmethod 0x000001d0809a4410
Event: 34.742 Thread 0x000001d09d134840 flushing nmethod 0x000001d0809b7e10
Event: 34.742 Thread 0x000001d09d134840 flushing nmethod 0x000001d0809bf090
Event: 34.938 loading class java/io/FileWriter
Event: 34.939 loading class java/io/FileWriter done
Event: 35.050 loading class java/lang/NegativeArraySizeException
Event: 35.050 loading class java/lang/NegativeArraySizeException done
Event: 35.083 loading class java/net/URLClassLoader$2
Event: 35.083 loading class java/net/URLClassLoader$2 done
Event: 35.180 loading class sun/net/www/protocol/jrt/JavaRuntimeURLConnection
Event: 35.180 loading class sun/net/www/protocol/jrt/JavaRuntimeURLConnection done
Event: 35.180 loading class sun/net/www/protocol/jrt/JavaRuntimeURLConnection$1
Event: 35.180 loading class sun/net/www/protocol/jrt/JavaRuntimeURLConnection$1 done
Event: 35.192 loading class java/text/MessageFormat$Field
Event: 35.192 loading class java/text/MessageFormat$Field done
Event: 35.511 loading class java/util/Hashtable$ValueCollection
Event: 35.511 loading class java/util/Hashtable$ValueCollection done
Event: 35.524 loading class java/net/URLClassLoader$1
Event: 35.524 loading class java/net/URLClassLoader$1 done


Dynamic libraries:
0x00007ff785260000 - 0x00007ff78526e000 	C:\Users\JPiccione\.p2\pool\plugins\org.eclipse.justj.openjdk.hotspot.jre.full.win32.x86_64_17.0.8.v20230831-1047\jre\bin\javaw.exe
0x000001d0f7d50000 - 0x000001d0f7f48000 	C:\windows\SYSTEM32\ntd1l.dll
0x000001d0f7f50000 - 0x000001d0f800d000 	C:\windows\System32\kern3l32.dll
0x00007fffba9b0000 - 0x00007fffbaba8000 	C:\windows\SYSTEM32\ntdll.dll
0x00007fffba520000 - 0x00007fffba5dd000 	C:\windows\System32\KERNEL32.DLL
0x00007fffb8510000 - 0x00007fffb8806000 	C:\windows\System32\KERNELBASE.dll
0x00007fffb7b00000 - 0x00007fffb7e13000 	C:\Program Files\SentinelOne\Sentinel Agent 23.1.4.650\InProcessClient64.dll
0x00007fffb8b90000 - 0x00007fffb8c3e000 	C:\windows\System32\ADVAPI32.dll
0x00007fffba750000 - 0x00007fffba7ee000 	C:\windows\System32\msvcrt.dll
0x00007fffb9830000 - 0x00007fffb98cc000 	C:\windows\System32\sechost.dll
0x00007fffba620000 - 0x00007fffba746000 	C:\windows\System32\RPCRT4.dll
0x00007fffb88c0000 - 0x00007fffb89c0000 	C:\windows\System32\ucrtbase.dll
0x00007fffb5c00000 - 0x00007fffb5c19000 	C:\Users\JPiccione\.p2\pool\plugins\org.eclipse.justj.openjdk.hotspot.jre.full.win32.x86_64_17.0.8.v20230831-1047\jre\bin\VCRUNTIME140.dll
0x00007fffb1f00000 - 0x00007fffb1f17000 	C:\Users\JPiccione\.p2\pool\plugins\org.eclipse.justj.openjdk.hotspot.jre.full.win32.x86_64_17.0.8.v20230831-1047\jre\bin\jli.dll
0x00007fffb7130000 - 0x00007fffb73ca000 	C:\windows\WinSxS\amd64_microsoft.windows.common-controls_6595b64144ccf1df_6.0.19041.1110_none_60b5254171f9507e\COMCTL32.dll
0x00007fffba380000 - 0x00007fffba51e000 	C:\windows\System32\USER32.dll
0x00007fffb81f0000 - 0x00007fffb8212000 	C:\windows\System32\win32u.dll
0x00007fffba5e0000 - 0x00007fffba60c000 	C:\windows\System32\GDI32.dll
0x00007fffb83f0000 - 0x00007fffb850a000 	C:\windows\System32\gdi32full.dll
0x00007fffb82b0000 - 0x00007fffb834d000 	C:\windows\System32\msvcp_win.dll
0x00007fffb76b0000 - 0x00007fffb76ba000 	C:\windows\SYSTEM32\VERSION.dll
0x00007fffb76a0000 - 0x00007fffb76ab000 	C:\windows\SYSTEM32\FLTLIB.DLL
0x00007fffb97e0000 - 0x00007fffb9810000 	C:\windows\System32\IMM32.DLL
0x00007fffb1ec0000 - 0x00007fffb1ecc000 	C:\Users\JPiccione\.p2\pool\plugins\org.eclipse.justj.openjdk.hotspot.jre.full.win32.x86_64_17.0.8.v20230831-1047\jre\bin\vcruntime140_1.dll
0x00007fff910b0000 - 0x00007fff91141000 	C:\Users\JPiccione\.p2\pool\plugins\org.eclipse.justj.openjdk.hotspot.jre.full.win32.x86_64_17.0.8.v20230831-1047\jre\bin\msvcp140.dll
0x00007fff42050000 - 0x00007fff42c9c000 	C:\Users\JPiccione\.p2\pool\plugins\org.eclipse.justj.openjdk.hotspot.jre.full.win32.x86_64_17.0.8.v20230831-1047\jre\bin\server\jvm.dll
0x00007fffb7970000 - 0x00007fffb79bb000 	C:\windows\SYSTEM32\POWRPROF.dll
0x00007fffb0430000 - 0x00007fffb0439000 	C:\windows\SYSTEM32\WSOCK32.dll
0x00007fffb95e0000 - 0x00007fffb964b000 	C:\windows\System32\WS2_32.dll
0x00007fff99f40000 - 0x00007fff99f67000 	C:\windows\SYSTEM32\WINMM.dll
0x00007fffb73d0000 - 0x00007fffb73e2000 	C:\windows\SYSTEM32\UMPDC.dll
0x00007fffb4b50000 - 0x00007fffb4b62000 	C:\windows\SYSTEM32\kernel.appcore.dll
0x00007fff97d80000 - 0x00007fff97d8a000 	C:\Users\JPiccione\.p2\pool\plugins\org.eclipse.justj.openjdk.hotspot.jre.full.win32.x86_64_17.0.8.v20230831-1047\jre\bin\jimage.dll
0x00007fffb7780000 - 0x00007fffb7964000 	C:\windows\SYSTEM32\DBGHELP.DLL
0x00007fffb76c0000 - 0x00007fffb76f4000 	C:\windows\SYSTEM32\dbgcore.DLL
0x00007fffb8220000 - 0x00007fffb82a2000 	C:\windows\System32\bcryptPrimitives.dll
0x00007fff80f30000 - 0x00007fff80fab000 	C:\Program Files\SentinelOne\Sentinel Agent 23.1.4.650\SentinelJava64.dll
0x00007fffb96b0000 - 0x00007fffb97da000 	C:\windows\System32\ole32.dll
0x00007fffb98d0000 - 0x00007fffb9c24000 	C:\windows\System32\combase.dll
0x00007fff85570000 - 0x00007fff85595000 	C:\Users\JPiccione\.p2\pool\plugins\org.eclipse.justj.openjdk.hotspot.jre.full.win32.x86_64_17.0.8.v20230831-1047\jre\bin\java.dll
0x00007fff8da90000 - 0x00007fff8daa8000 	C:\Users\JPiccione\.p2\pool\plugins\org.eclipse.justj.openjdk.hotspot.jre.full.win32.x86_64_17.0.8.v20230831-1047\jre\bin\zip.dll
0x00007fffb9c30000 - 0x00007fffba375000 	C:\windows\System32\SHELL32.dll
0x00007fffb4ce0000 - 0x00007fffb547b000 	C:\windows\SYSTEM32\windows.storage.dll
0x00007fffb7090000 - 0x00007fffb70be000 	C:\windows\SYSTEM32\Wldp.dll
0x00007fffba810000 - 0x00007fffba8bd000 	C:\windows\System32\SHCORE.dll
0x00007fffb8a10000 - 0x00007fffb8a65000 	C:\windows\System32\shlwapi.dll
0x00007fffb7fc0000 - 0x00007fffb7fe5000 	C:\windows\SYSTEM32\profapi.dll
0x00007fffa9300000 - 0x00007fffa9319000 	C:\Users\JPiccione\.p2\pool\plugins\org.eclipse.justj.openjdk.hotspot.jre.full.win32.x86_64_17.0.8.v20230831-1047\jre\bin\net.dll
0x00007fffb66e0000 - 0x00007fffb67ea000 	C:\windows\SYSTEM32\WINHTTP.dll
0x00007fffb6e60000 - 0x00007fffb6eca000 	C:\windows\system32\mswsock.dll
0x00007fff874d0000 - 0x00007fff874e5000 	C:\Users\JPiccione\.p2\pool\plugins\org.eclipse.justj.openjdk.hotspot.jre.full.win32.x86_64_17.0.8.v20230831-1047\jre\bin\nio.dll
0x00007fffb7ae0000 - 0x00007fffb7af8000 	C:\windows\SYSTEM32\CRYPTSP.dll
0x00007fffb6650000 - 0x00007fffb6684000 	C:\windows\system32\rsaenh.dll
0x00007fffb83c0000 - 0x00007fffb83e7000 	C:\windows\System32\bcrypt.dll
0x00007fffb7f80000 - 0x00007fffb7fae000 	C:\windows\SYSTEM32\USERENV.dll
0x00007fffb7080000 - 0x00007fffb708c000 	C:\windows\SYSTEM32\CRYPTBASE.dll
0x00007fffb6ae0000 - 0x00007fffb6b1b000 	C:\windows\SYSTEM32\IPHLPAPI.DLL
0x00007fffb9810000 - 0x00007fffb9818000 	C:\windows\System32\NSI.dll
0x00007fffb08d0000 - 0x00007fffb08e7000 	C:\windows\SYSTEM32\dhcpcsvc6.DLL
0x00007fffb0880000 - 0x00007fffb089d000 	C:\windows\SYSTEM32\dhcpcsvc.DLL
0x00007fffb6b30000 - 0x00007fffb6bfa000 	C:\windows\SYSTEM32\DNSAPI.dll
0x00007fff90170000 - 0x00007fff9017e000 	C:\Users\JPiccione\.p2\pool\plugins\org.eclipse.justj.openjdk.hotspot.jre.full.win32.x86_64_17.0.8.v20230831-1047\jre\bin\sunmscapi.dll
0x00007fffb8090000 - 0x00007fffb81ee000 	C:\windows\System32\CRYPT32.dll
0x00007fffb7100000 - 0x00007fffb7128000 	C:\windows\SYSTEM32\ncrypt.dll
0x00007fffb70c0000 - 0x00007fffb70fb000 	C:\windows\SYSTEM32\NTASN1.dll
0x00007fffb1eb0000 - 0x00007fffb1eb9000 	C:\Users\JPiccione\.p2\pool\plugins\org.eclipse.justj.openjdk.hotspot.jre.full.win32.x86_64_17.0.8.v20230831-1047\jre\bin\management.dll
0x00007fffb1e80000 - 0x00007fffb1e8b000 	C:\Users\JPiccione\.p2\pool\plugins\org.eclipse.justj.openjdk.hotspot.jre.full.win32.x86_64_17.0.8.v20230831-1047\jre\bin\management_ext.dll
0x00007fffb9820000 - 0x00007fffb9828000 	C:\windows\System32\PSAPI.DLL
0x00007fff979d0000 - 0x00007fff979e0000 	C:\Users\JPiccione\.p2\pool\plugins\org.eclipse.justj.openjdk.hotspot.jre.full.win32.x86_64_17.0.8.v20230831-1047\jre\bin\verify.dll
0x00007fffab2e0000 - 0x00007fffab2ea000 	C:\Windows\System32\rasadhlp.dll
0x00007fffafff0000 - 0x00007fffb0072000 	C:\windows\System32\fwpuclnt.dll
0x00007fffa8040000 - 0x00007fffa8057000 	C:\windows\system32\napinsp.dll
0x00007fffa8060000 - 0x00007fffa807b000 	C:\windows\system32\pnrpnsp.dll
0x00007fffb0b80000 - 0x00007fffb0b95000 	C:\windows\system32\wshbth.dll
0x00007fffb1a90000 - 0x00007fffb1aad000 	C:\windows\system32\NLAapi.dll
0x00007fffa8150000 - 0x00007fffa8162000 	C:\windows\System32\winrnr.dll
0x00007fffa92f0000 - 0x00007fffa92f7000 	C:\windows\system32\wshunix.dll

dbghelp: loaded successfully - version: 4.0.5 - missing functions: none
symbol engine: initialized successfully - sym options: 0x614 - pdb path: .;C:\Users\JPiccione\.p2\pool\plugins\org.eclipse.justj.openjdk.hotspot.jre.full.win32.x86_64_17.0.8.v20230831-1047\jre\bin;C:\windows\SYSTEM32;C:\Program Files\SentinelOne\Sentinel Agent 23.1.4.650;C:\windows\WinSxS\amd64_microsoft.windows.common-controls_6595b64144ccf1df_6.0.19041.1110_none_60b5254171f9507e;C:\Users\JPiccione\.p2\pool\plugins\org.eclipse.justj.openjdk.hotspot.jre.full.win32.x86_64_17.0.8.v20230831-1047\jre\bin\server

VM Arguments:
jvm_args: -Dfile.encoding=UTF-8 -XX:+ShowCodeDetailsInExceptionMessages -agentpath:C:\Program Files\SentinelOne\Sentinel Agent 23.1.4.650\SentinelJava64.dll 
java_command: com.spencer.ItemApp.ItemAppApplication
java_class_path (initial): C:\Users\JPiccione\OneDrive - Spencer Gifts LLC\Documents\ItemApp\target\classes;C:\Users\JPiccione\.m2\repository\org\springframework\boot\spring-boot-starter-data-jpa\3.1.4\spring-boot-starter-data-jpa-3.1.4.jar;C:\Users\JPiccione\.m2\repository\org\springframework\boot\spring-boot-starter-aop\3.1.4\spring-boot-starter-aop-3.1.4.jar;C:\Users\JPiccione\.m2\repository\org\aspectj\aspectjweaver\1.9.20\aspectjweaver-1.9.20.jar;C:\Users\JPiccione\.m2\repository\org\springframework\boot\spring-boot-starter-jdbc\3.1.4\spring-boot-starter-jdbc-3.1.4.jar;C:\Users\JPiccione\.m2\repository\com\zaxxer\HikariCP\5.0.1\HikariCP-5.0.1.jar;C:\Users\JPiccione\.m2\repository\org\springframework\spring-jdbc\6.0.12\spring-jdbc-6.0.12.jar;C:\Users\JPiccione\.m2\repository\org\hibernate\orm\hibernate-core\6.2.9.Final\hibernate-core-6.2.9.Final.jar;C:\Users\JPiccione\.m2\repository\jakarta\persistence\jakarta.persistence-api\3.1.0\jakarta.persistence-api-3.1.0.jar;C:\Users\JPiccione\.m2\repository\jakarta\transaction\jakarta.transaction-api\2.0.1\jakarta.transaction-api-2.0.1.jar;C:\Users\JPiccione\.m2\repository\org\jboss\logging\jboss-logging\3.5.3.Final\jboss-logging-3.5.3.Final.jar;C:\Users\JPiccione\.m2\repository\org\hibernate\common\hibernate-commons-annotations\6.0.6.Final\hibernate-commons-annotations-6.0.6.Final.jar;C:\Users\JPiccione\.m2\repository\io\smallrye\jandex\3.0.5\jandex-3.0.5.jar;C:\Users\JPiccione\.m2\repository\com\fasterxml\classmate\1.5.1\classmate-1.5.1.jar;C:\Users\JPiccione\.m2\repository\net\bytebuddy\byte-buddy\1.14.8\byte-buddy-1.14.8.jar;C:\Users\JPiccione\.m2\repository\org\glassfish\jaxb\jaxb-runtime\4.0.3\jaxb-runtime-4.0.3.jar;C:\Users\JPiccione\.m2\repository\org\glassfish\jaxb\jaxb-core\4.0.3\jaxb-core-4.0.3.jar;C:\Users\JPiccione\.m2\repository\org\eclipse\angus\angus-activation\2.0.1\angus-activation-2.0.1.jar;C:\Users\JPiccione\.m2\repository\org\glassfish\jaxb\txw2\4.0.3\txw2-4.0.3.jar;C:\Users\JPiccione\.m2\repositor
Launcher Type: SUN_STANDARD

[Global flags]
     intx CICompilerCount                          = 3                                         {product} {ergonomic}
     uint ConcGCThreads                            = 1                                         {product} {ergonomic}
     uint G1ConcRefinementThreads                  = 4                                         {product} {ergonomic}
   size_t G1HeapRegionSize                         = 2097152                                   {product} {ergonomic}
    uintx GCDrainStackTargetSize                   = 64                                        {product} {ergonomic}
   size_t InitialHeapSize                          = 264241152                                 {product} {ergonomic}
   size_t MarkStackSize                            = 4194304                                   {product} {ergonomic}
   size_t MaxHeapSize                              = 4215275520                                {product} {ergonomic}
   size_t MaxNewSize                               = 2529165312                                {product} {ergonomic}
   size_t MinHeapDeltaBytes                        = 2097152                                   {product} {ergonomic}
   size_t MinHeapSize                              = 8388608                                   {product} {ergonomic}
    uintx NonNMethodCodeHeapSize                   = 5832780                                {pd product} {ergonomic}
    uintx NonProfiledCodeHeapSize                  = 122912730                              {pd product} {ergonomic}
    uintx ProfiledCodeHeapSize                     = 122912730                              {pd product} {ergonomic}
    uintx ReservedCodeCacheSize                    = 251658240                              {pd product} {ergonomic}
     bool SegmentedCodeCache                       = true                                      {product} {ergonomic}
     bool ShowCodeDetailsInExceptionMessages       = true                                   {manageable} {command line}
   size_t SoftMaxHeapSize                          = 4215275520                             {manageable} {ergonomic}
     bool UseCompressedClassPointers               = true                           {product lp64_product} {ergonomic}
     bool UseCompressedOops                        = true                           {product lp64_product} {ergonomic}
     bool UseG1GC                                  = true                                      {product} {ergonomic}
     bool UseLargePagesIndividualAllocation        = false                                  {pd product} {ergonomic}

Logging:
Log output configuration:
 #0: stdout all=warning uptime,level,tags
 #1: stderr all=off uptime,level,tags

Environment Variables:
PATH=C:/Users/JPiccione/.p2/pool/plugins/org.eclipse.justj.openjdk.hotspot.jre.full.win32.x86_64_17.0.8.v20230831-1047/jre/bin/server;C:/Users/JPiccione/.p2/pool/plugins/org.eclipse.justj.openjdk.hotspot.jre.full.win32.x86_64_17.0.8.v20230831-1047/jre/bin;C:\Program Files\Common Files\Oracle\Java\javapath;C:\Program Files (x86)\Common Files\Oracle\Java\javapath;C:\Program Files\Microsoft\jdk-11.0.16.101-hotspot\bin;C:\Program Files (x86)\Business Objects\Common\3.5\bin\NOTES\;C:\Program Files (x86)\Business Objects\Common\3.5\bin\NOTES\DATA\;C:\windows\system32;C:\windows;C:\windows\System32\Wbem;C:\windows\System32\WindowsPowerShell\v1.0\;C:\windows\System32\OpenSSH\;C:\Program Files (x86)\IBM\Client Access\Emulator;C:\Program Files (x86)\IBM\Client Access\Shared;C:\Program Files (x86)\IBM\Client Access\;C:\Program Files (x86)\HEAT\;C:\Program Files (x86)\Microsoft SQL Server\160\DTS\Binn\;C:\Program Files\Azure Data Studio\bin;C:\Program Files\PuTTY\;C:\Program Files\Git\cmd;C:\Program Files\Microsoft SQL Server\150\Tools\Binn\;C:\Program Files\Microsoft SQL Server\Client SDK\ODBC\170\Tools\Binn\;C:\Program Files\dotnet\;C:\Program Files (x86)\Windows Kits\10\Windows Performance Toolkit\;c:\Program Files (x86)\Microsoft SQL Server\110\Tools\Binn\;c:\Program Files\Microsoft SQL Server\110\Tools\Binn\;c:\Program Files\Microsoft SQL Server\110\DTS\Binn\;C:\Program Files (x86)\Microsoft SQL Server\150\Tools\Binn\;C:\Program Files\Microsoft SQL Server\150\DTS\Binn\;C:\Users\JPiccione\AppData\Local\Microsoft\WindowsApps;C:\Program Files\Azure Data Studio\bin;C:\Users\JPiccione\.dotnet\tools;C:\Users\JPiccione\AppData\Local\Programs\Azure Data Studio\bin;C:\Program Files\JetBrains\IntelliJ IDEA 2023.2\bin;;C:\Users\JPiccione\AppData\Local\GitHubDesktop\bin;C:\Users\JPiccione\OneDrive - Spencer Gifts LLC\Desktop;
USERNAME=JPiccione
OS=Windows_NT
PROCESSOR_IDENTIFIER=Intel64 Family 6 Model 61 Stepping 4, GenuineIntel
TMP=C:\Users\JPICCI~1\AppData\Local\Temp
TEMP=C:\Users\JPICCI~1\AppData\Local\Temp



---------------  S Y S T E M  ---------------

OS:
 Windows 10 , 64 bit Build 19041 (10.0.19041.3393)
OS uptime: 1 days 5:45 hours

CPU: total 4 (initial active 4) (2 cores per cpu, 2 threads per core) family 6 model 61 stepping 4 microcode 0x2d, cx8, cmov, fxsr, ht, mmx, 3dnowpref, sse, sse2, sse3, ssse3, sse4.1, sse4.2, popcnt, lzcnt, tsc, tscinvbit, avx, avx2, aes, erms, clmul, bmi1, bmi2, rtm, adx, fma, vzeroupper, clflush
Processor Information for all 4 processors :
  Max Mhz: 2594, Current Mhz: 2594, Mhz Limit: 2594

Memory: 4k page, system-wide physical 16079M (7941M free)
TotalPageFile size 18511M (AvailPageFile size 7798M)
current process WorkingSet (physical memory assigned to process): 328M, peak: 414M
current process commit charge ("private bytes"): 348M, peak: 441M

vm_info: OpenJDK 64-Bit Server VM (17.0.8.1+1) for windows-amd64 JRE (17.0.8.1+1), built on Aug 23 2023 15:29:17 by "admin" with MS VC++ 16.7 (VS2019)

END.
