#
# A fatal error has been detected by the Java Runtime Environment:
#
#  EXCEPTION_ACCESS_VIOLATION (0xc0000005) at pc=0x0000023ccf4f9170, pid=9768, tid=15344
#
# JRE version: OpenJDK Runtime Environment Temurin-17.0.8.1+1 (17.0.8.1+1) (build 17.0.8.1+1)
# Java VM: OpenJDK 64-Bit Server VM Temurin-17.0.8.1+1 (17.0.8.1+1, mixed mode, tiered, compressed oops, compressed class ptrs, g1 gc, windows-amd64)
# Problematic frame:
# j  org.springframework.security.web.servletapi.HttpServlet3RequestFactory$Servlet3SecurityContextHolderAwareRequestWrapper.authenticate(Ljakarta/servlet/http/HttpServletResponse;)Z+4
#
# No core dump will be written. Minidumps are not enabled by default on client versions of Windows
#
# If you would like to submit a bug report, please visit:
#   https://github.com/adoptium/adoptium-support/issues
#

---------------  S U M M A R Y ------------

Command Line: -Dfile.encoding=UTF-8 -XX:+ShowCodeDetailsInExceptionMessages -agentpath:C:\Program Files\SentinelOne\Sentinel Agent 23.1.4.650\SentinelJava64.dll com.spencer.ItemApp.ItemAppApplication

Host: Intel(R) Core(TM) i7-5600U CPU @ 2.60GHz, 4 cores, 15G,  Windows 10 , 64 bit Build 19041 (10.0.19041.3570)
Time: Mon Nov 20 11:25:47 2023 Eastern Standard Time elapsed time: 41.556576 seconds (0d 0h 0m 41s)

---------------  T H R E A D  ---------------

Current thread (0x0000023ce9494ce0):  JavaThread "http-nio-8080-exec-2" daemon [_thread_in_Java, id=15344, stack(0x00000054c0a00000,0x00000054c0b00000)]

Stack: [0x00000054c0a00000,0x00000054c0b00000],  sp=0x00000054c0af92d0,  free space=996k
Native frames: (J=compiled Java code, j=interpreted, Vv=VM code, C=native code)
C  0x0000023ccf4f9170


siginfo: EXCEPTION_ACCESS_VIOLATION (0xc0000005), reading address 0x00000006057d0200


Register to memory mapping:

RIP=0x0000023ccf4f9170 is at code_begin+272 in an Interpreter codelet
getfield  180 getfield  [0x0000023ccf4f9060, 0x0000023ccf4f9980]  2336 bytes
RAX=0x0000000084000005 is an unknown value
RBX=0x0000000000000020 is an unknown value
RCX=0x0000023cf40359c8 is pointing into metadata
RDX=0x0000000000000020 is an unknown value
RSP=0x00000054c0af92d0 is pointing into the stack for thread: 0x0000023ce9494ce0
RBP=0x00000054c0af9318 is pointing into the stack for thread: 0x0000023ce9494ce0
RSI=0x00000054c0af9770 is pointing into the stack for thread: 0x0000023ce9494ce0
RDI=0x0000023ce9494ce0 is a thread
R8 =0x0000000000000006 is an unknown value
R9 =0x00000006057d0200 is an unknown value
R10=0x0000023cea4019d0 points into unknown readable memory: 0x0000001e00000005 | 05 00 00 00 1e 00 00 00
R11=0x0000023ce7d3cb88 is pointing into metadata
R12=0x0 is NULL
R13=0x0000023cf4033ff4 is pointing into metadata
R14=0x00000054c0af9338 is pointing into the stack for thread: 0x0000023ce9494ce0
R15=0x0000023ce9494ce0 is a thread


Registers:
RAX=0x0000000084000005, RBX=0x0000000000000020, RCX=0x0000023cf40359c8, RDX=0x0000000000000020
RSP=0x00000054c0af92d0, RBP=0x00000054c0af9318, RSI=0x00000054c0af9770, RDI=0x0000023ce9494ce0
R8 =0x0000000000000006, R9 =0x00000006057d0200, R10=0x0000023cea4019d0, R11=0x0000023ce7d3cb88
R12=0x0000000000000000, R13=0x0000023cf4033ff4, R14=0x00000054c0af9338, R15=0x0000023ce9494ce0
RIP=0x0000023ccf4f9170, EFLAGS=0x0000000000010202

Top of Stack: (sp=0x00000054c0af92d0)
0x00000054c0af92d0:   00000054c0af92d0 0000023cf4033ff4
0x00000054c0af92e0:   00000054c0af9338 0000023cf40359c8
0x00000054c0af92f0:   0000000000000000 0000000706c81680
0x00000054c0af9300:   0000023cf4034070 0000000000000000
0x00000054c0af9310:   00000054c0af9330 00000054c0af9510
0x00000054c0af9320:   0000023ccf4e1010 0000000000000000
0x00000054c0af9330:   0000000706bae1d0 00000054c0af9f30
0x00000054c0af9340:   0000023ccf4e8e10 0000000700000000
0x00000054c0af9350:   0000000000000000 0000000000000000
0x00000054c0af9360:   0000000000000000 0000000000000000
0x00000054c0af9370:   0000000000000000 0000000000000000
0x00000054c0af9380:   0000000000000000 0000000000000000
0x00000054c0af9390:   00000000e09e8430 0000000000000000
0x00000054c0af93a0:   0000000000000000 0000000000000000
0x00000054c0af93b0:   00000000e164b7d4 0000000000000000
0x00000054c0af93c0:   00000000e164b654 0000000000000000 

Instructions: (pc=0x0000023ccf4f9170)
0x0000023ccf4f9070:   fb 11 04 24 eb 14 48 83 ec 10 48 89 04 24 48 c7
0x0000023ccf4f9080:   44 24 08 00 00 00 00 eb 01 50 41 0f b7 55 01 48
0x0000023ccf4f9090:   8b 4d d0 c1 e2 02 8b 5c d1 20 c1 eb 10 81 e3 ff
0x0000023ccf4f90a0:   00 00 00 81 fb b4 00 00 00 0f 84 b6 00 00 00 bb
0x0000023ccf4f90b0:   b4 00 00 00 e8 05 00 00 00 e9 9b 00 00 00 48 8b
0x0000023ccf4f90c0:   d3 48 8d 44 24 08 4c 89 6d c0 49 8b cf c5 f8 77
0x0000023ccf4f90d0:   49 89 af a0 02 00 00 49 89 87 90 02 00 00 48 83
0x0000023ccf4f90e0:   ec 20 f7 c4 0f 00 00 00 0f 84 1a 00 00 00 48 83
0x0000023ccf4f90f0:   ec 08 49 ba 10 4f 9f 7d fb 7f 00 00 41 ff d2 48
0x0000023ccf4f9100:   83 c4 08 e9 0d 00 00 00 49 ba 10 4f 9f 7d fb 7f
0x0000023ccf4f9110:   00 00 41 ff d2 48 83 c4 20 49 c7 87 90 02 00 00
0x0000023ccf4f9120:   00 00 00 00 49 c7 87 a0 02 00 00 00 00 00 00 49
0x0000023ccf4f9130:   c7 87 98 02 00 00 00 00 00 00 c5 f8 77 49 81 7f
0x0000023ccf4f9140:   08 00 00 00 00 0f 84 05 00 00 00 e9 b0 7d fe ff
0x0000023ccf4f9150:   4c 8b 6d c0 4c 8b 75 c8 c3 41 0f b7 55 01 48 8b
0x0000023ccf4f9160:   4d d0 c1 e2 02 48 8b 5c d1 30 8b 44 d1 38 41 59
0x0000023ccf4f9170:   49 3b 01 c1 e8 1c 83 e0 0f 0f 85 d4 00 00 00 41
0x0000023ccf4f9180:   0f be 04 19 50 41 b9 cc 00 00 00 41 0f b6 5d 00
0x0000023ccf4f9190:   81 fb ca 00 00 00 0f 85 ae 00 00 00 48 8b 5d e8
0x0000023ccf4f91a0:   e8 05 00 00 00 e9 9e 00 00 00 4d 8b c5 48 8b d3
0x0000023ccf4f91b0:   48 8d 44 24 08 4c 89 6d c0 49 8b cf c5 f8 77 49
0x0000023ccf4f91c0:   89 af a0 02 00 00 49 89 87 90 02 00 00 48 83 ec
0x0000023ccf4f91d0:   20 f7 c4 0f 00 00 00 0f 84 1a 00 00 00 48 83 ec
0x0000023ccf4f91e0:   08 49 ba 80 5d 9f 7d fb 7f 00 00 41 ff d2 48 83
0x0000023ccf4f91f0:   c4 08 e9 0d 00 00 00 49 ba 80 5d 9f 7d fb 7f 00
0x0000023ccf4f9200:   00 41 ff d2 48 83 c4 20 49 c7 87 90 02 00 00 00
0x0000023ccf4f9210:   00 00 00 49 c7 87 a0 02 00 00 00 00 00 00 49 c7
0x0000023ccf4f9220:   87 98 02 00 00 00 00 00 00 c5 f8 77 49 81 7f 08
0x0000023ccf4f9230:   00 00 00 00 0f 84 05 00 00 00 e9 c1 7c fe ff 4c
0x0000023ccf4f9240:   8b 6d c0 4c 8b 75 c8 c3 eb 04 45 88 4d 00 e9 fd
0x0000023ccf4f9250:   06 00 00 83 f8 01 0f 85 d4 00 00 00 41 0f b6 04
0x0000023ccf4f9260:   19 50 41 b9 cc 00 00 00 41 0f b6 5d 00 81 fb ca 


Stack slot to memory mapping:
stack at sp + 0 slots: 0x00000054c0af92d0 is pointing into the stack for thread: 0x0000023ce9494ce0
stack at sp + 1 slots: 0x0000023cf4033ff4 is pointing into metadata
stack at sp + 2 slots: 0x00000054c0af9338 is pointing into the stack for thread: 0x0000023ce9494ce0
stack at sp + 3 slots: 0x0000023cf40359c8 is pointing into metadata
stack at sp + 4 slots: 0x0 is NULL
stack at sp + 5 slots: 0x0000000706c81680 is an oop: java.lang.Class 
{0x0000000706c81680} - klass: 'java/lang/Class'
 - ---- fields (total size 14 words):
 - private volatile transient 'classRedefinedCount' 'I' @12  0
 - private volatile transient 'cachedConstructor' 'Ljava/lang/reflect/Constructor;' @40  NULL (0)
 - private transient 'name' 'Ljava/lang/String;' @44  "org.springframework.security.web.servletapi.HttpServlet3RequestFactory$Servlet3SecurityContextHolderAwareRequestWrapper"{0x0000000706c81bd0} (e0d9037a)
 - private transient 'module' 'Ljava/lang/Module;' @48  a 'java/lang/Module'{0x0000000705493de8} (e0a927bd)
 - private final 'classLoader' 'Ljava/lang/ClassLoader;' @52  a 'jdk/internal/loader/ClassLoaders$AppClassLoader'{0x0000000705493ad8} (e0a9275b)
 - private transient 'classData' 'Ljava/lang/Object;' @56  NULL (0)
 - private transient 'packageName' 'Ljava/lang/String;' @60  "org.springframework.security.web.servletapi"{0x00000007063eab28} (e0c7d565)
 - private final 'componentType' 'Ljava/lang/Class;' @64  NULL (0)
 - private volatile transient 'reflectionData' 'Ljava/lang/ref/SoftReference;' @68  NULL (0)
 - private volatile transient 'genericInfo' 'Lsun/reflect/generics/repository/ClassRepository;' @72  NULL (0)
 - private volatile transient 'enumConstants' '[Ljava/lang/Object;' @76  NULL (0)
 - private volatile transient 'enumConstantDirectory' 'Ljava/util/Map;' @80  NULL (0)
 - private volatile transient 'annotationData' 'Ljava/lang/Class$AnnotationData;' @84  NULL (0)
 - private volatile transient 'annotationType' 'Lsun/reflect/annotation/AnnotationType;' @88  NULL (0)
 - transient 'classValueMap' 'Ljava/lang/ClassValue$ClassValueMap;' @92  NULL (0)
 - signature: Lorg/springframework/security/web/servletapi/HttpServlet3RequestFactory$Servlet3SecurityContextHolderAwareRequestWrapper;
 - fake entry for mirror: 'org/springframework/security/web/servletapi/HttpServlet3RequestFactory$Servlet3SecurityContextHolderAwareRequestWrapper'
 - fake entry for array: NULL
 - fake entry for oop_size: 14
 - fake entry for static_oop_field_count: 0
stack at sp + 6 slots: {method} {0x0000023cf4034078} 'authenticate' '(Ljakarta/servlet/http/HttpServletResponse;)Z' in 'org/springframework/security/web/servletapi/HttpServlet3RequestFactory$Servlet3SecurityContextHolderAwareRequestWrapper'
stack at sp + 7 slots: 0x0 is NULL

getfield  180 getfield  [0x0000023ccf4f9060, 0x0000023ccf4f9980]  2336 bytes
[MachCode]
  0x0000023ccf4f9060: 4883 ec08 | c5fa 1104 | 24eb 1f48 | 83ec 10c5 | fb11 0424 | eb14 4883 | ec10 4889 | 0424 48c7 
  0x0000023ccf4f9080: 4424 0800 | 0000 00eb | 0150 410f | b755 0148 | 8b4d d0c1 | e202 8b5c | d120 c1eb | 1081 e3ff 
  0x0000023ccf4f90a0: 0000 0081 | fbb4 0000 | 000f 84b6 | 0000 00bb | b400 0000 | e805 0000 | 00e9 9b00 | 0000 488b 
  0x0000023ccf4f90c0: d348 8d44 | 2408 4c89 | 6dc0 498b | cfc5 f877 | 4989 afa0 | 0200 0049 | 8987 9002 | 0000 4883 
  0x0000023ccf4f90e0: ec20 f7c4 | 0f00 0000 | 0f84 1a00 | 0000 4883 | ec08 49ba | 104f 9f7d | fb7f 0000 | 41ff d248 
  0x0000023ccf4f9100: 83c4 08e9 | 0d00 0000 | 49ba 104f | 9f7d fb7f | 0000 41ff | d248 83c4 | 2049 c787 | 9002 0000 
  0x0000023ccf4f9120: 0000 0000 | 49c7 87a0 | 0200 0000 | 0000 0049 | c787 9802 | 0000 0000 | 0000 c5f8 | 7749 817f 
  0x0000023ccf4f9140: 0800 0000 | 000f 8405 | 0000 00e9 | b07d feff | 4c8b 6dc0 | 4c8b 75c8 | c341 0fb7 | 5501 488b 
  0x0000023ccf4f9160: 4dd0 c1e2 | 0248 8b5c | d130 8b44 | d138 4159 | 493b 01c1 | e81c 83e0 | 0f0f 85d4 | 0000 0041 
  0x0000023ccf4f9180: 0fbe 0419 | 5041 b9cc | 0000 0041 | 0fb6 5d00 | 81fb ca00 | 0000 0f85 | ae00 0000 | 488b 5de8 
  0x0000023ccf4f91a0: e805 0000 | 00e9 9e00 | 0000 4d8b | c548 8bd3 | 488d 4424 | 084c 896d | c049 8bcf | c5f8 7749 
  0x0000023ccf4f91c0: 89af a002 | 0000 4989 | 8790 0200 | 0048 83ec | 20f7 c40f | 0000 000f | 841a 0000 | 0048 83ec 
  0x0000023ccf4f91e0: 0849 ba80 | 5d9f 7dfb | 7f00 0041 | ffd2 4883 | c408 e90d | 0000 0049 | ba80 5d9f | 7dfb 7f00 
  0x0000023ccf4f9200: 0041 ffd2 | 4883 c420 | 49c7 8790 | 0200 0000 | 0000 0049 | c787 a002 | 0000 0000 | 0000 49c7 
  0x0000023ccf4f9220: 8798 0200 | 0000 0000 | 00c5 f877 | 4981 7f08 | 0000 0000 | 0f84 0500 | 0000 e9c1 | 7cfe ff4c 
  0x0000023ccf4f9240: 8b6d c04c | 8b75 c8c3 | eb04 4588 | 4d00 e9fd | 0600 0083 | f801 0f85 | d400 0000 | 410f b604 
  0x0000023ccf4f9260: 1950 41b9 | cc00 0000 | 410f b65d | 0081 fbca | 0000 000f | 85ae 0000 | 0048 8b5d | e8e8 0500 
  0x0000023ccf4f9280: 0000 e99e | 0000 004d | 8bc5 488b | d348 8d44 | 2408 4c89 | 6dc0 498b | cfc5 f877 | 4989 afa0 
  0x0000023ccf4f92a0: 0200 0049 | 8987 9002 | 0000 4883 | ec20 f7c4 | 0f00 0000 | 0f84 1a00 | 0000 4883 | ec08 49ba 
  0x0000023ccf4f92c0: 805d 9f7d | fb7f 0000 | 41ff d248 | 83c4 08e9 | 0d00 0000 | 49ba 805d | 9f7d fb7f | 0000 41ff 
  0x0000023ccf4f92e0: d248 83c4 | 2049 c787 | 9002 0000 | 0000 0000 | 49c7 87a0 | 0200 0000 | 0000 0049 | c787 9802 
  0x0000023ccf4f9300: 0000 0000 | 0000 c5f8 | 7749 817f | 0800 0000 | 000f 8405 | 0000 00e9 | e47b feff | 4c8b 6dc0 
  0x0000023ccf4f9320: 4c8b 75c8 | c3eb 0445 | 884d 00e9 | 2006 0000 | 83f8 080f | 85d7 0000 | 0041 8b04 | 1948 c1e0 
  0x0000023ccf4f9340: 0350 41b9 | cb00 0000 | 410f b65d | 0081 fbca | 0000 000f | 85ae 0000 | 0048 8b5d | e8e8 0500 
  0x0000023ccf4f9360: 0000 e99e | 0000 004d | 8bc5 488b | d348 8d44 | 2408 4c89 | 6dc0 498b | cfc5 f877 | 4989 afa0 
  0x0000023ccf4f9380: 0200 0049 | 8987 9002 | 0000 4883 | ec20 f7c4 | 0f00 0000 | 0f84 1a00 | 0000 4883 | ec08 49ba 
  0x0000023ccf4f93a0: 805d 9f7d | fb7f 0000 | 41ff d248 | 83c4 08e9 | 0d00 0000 | 49ba 805d | 9f7d fb7f | 0000 41ff 
  0x0000023ccf4f93c0: d248 83c4 | 2049 c787 | 9002 0000 | 0000 0000 | 49c7 87a0 | 0200 0000 | 0000 0049 | c787 9802 
  0x0000023ccf4f93e0: 0000 0000 | 0000 c5f8 | 7749 817f | 0800 0000 | 000f 8405 | 0000 00e9 | 047b feff | 4c8b 6dc0 
  0x0000023ccf4f9400: 4c8b 75c8 | c3eb 0445 | 884d 00e9 | 4005 0000 | 83f8 040f | 85d3 0000 | 0041 8b04 | 1950 41b9 
  0x0000023ccf4f9420: d000 0000 | 410f b65d | 0081 fbca | 0000 000f | 85ae 0000 | 0048 8b5d | e8e8 0500 | 0000 e99e 
  0x0000023ccf4f9440: 0000 004d | 8bc5 488b | d348 8d44 | 2408 4c89 | 6dc0 498b | cfc5 f877 | 4989 afa0 | 0200 0049 
  0x0000023ccf4f9460: 8987 9002 | 0000 4883 | ec20 f7c4 | 0f00 0000 | 0f84 1a00 | 0000 4883 | ec08 49ba | 805d 9f7d 
  0x0000023ccf4f9480: fb7f 0000 | 41ff d248 | 83c4 08e9 | 0d00 0000 | 49ba 805d | 9f7d fb7f | 0000 41ff | d248 83c4 
  0x0000023ccf4f94a0: 2049 c787 | 9002 0000 | 0000 0000 | 49c7 87a0 | 0200 0000 | 0000 0049 | c787 9802 | 0000 0000 
  0x0000023ccf4f94c0: 0000 c5f8 | 7749 817f | 0800 0000 | 000f 8405 | 0000 00e9 | 287a feff | 4c8b 6dc0 | 4c8b 75c8 
  0x0000023ccf4f94e0: c3eb 0445 | 884d 00e9 | 6404 0000 | 83f8 020f | 85d4 0000 | 0041 0fb7 | 0419 5041 | b9cd 0000 
  0x0000023ccf4f9500: 0041 0fb6 | 5d00 81fb | ca00 0000 | 0f85 ae00 | 0000 488b | 5de8 e805 | 0000 00e9 | 9e00 0000 
  0x0000023ccf4f9520: 4d8b c548 | 8bd3 488d | 4424 084c | 896d c049 | 8bcf c5f8 | 7749 89af | a002 0000 | 4989 8790 
  0x0000023ccf4f9540: 0200 0048 | 83ec 20f7 | c40f 0000 | 000f 841a | 0000 0048 | 83ec 0849 | ba80 5d9f | 7dfb 7f00 
  0x0000023ccf4f9560: 0041 ffd2 | 4883 c408 | e90d 0000 | 0049 ba80 | 5d9f 7dfb | 7f00 0041 | ffd2 4883 | c420 49c7 
  0x0000023ccf4f9580: 8790 0200 | 0000 0000 | 0049 c787 | a002 0000 | 0000 0000 | 49c7 8798 | 0200 0000 | 0000 00c5 
  0x0000023ccf4f95a0: f877 4981 | 7f08 0000 | 0000 0f84 | 0500 0000 | e94b 79fe | ff4c 8b6d | c04c 8b75 | c8c3 eb04 
  0x0000023ccf4f95c0: 4588 4d00 | e987 0300 | 0083 f803 | 0f85 d400 | 0000 410f | bf04 1950 | 41b9 d200 | 0000 410f 
  0x0000023ccf4f95e0: b65d 0081 | fbca 0000 | 000f 85ae | 0000 0048 | 8b5d e8e8 | 0500 0000 | e99e 0000 | 004d 8bc5 
  0x0000023ccf4f9600: 488b d348 | 8d44 2408 | 4c89 6dc0 | 498b cfc5 | f877 4989 | afa0 0200 | 0049 8987 | 9002 0000 
  0x0000023ccf4f9620: 4883 ec20 | f7c4 0f00 | 0000 0f84 | 1a00 0000 | 4883 ec08 | 49ba 805d | 9f7d fb7f | 0000 41ff 
  0x0000023ccf4f9640: d248 83c4 | 08e9 0d00 | 0000 49ba | 805d 9f7d | fb7f 0000 | 41ff d248 | 83c4 2049 | c787 9002 
  0x0000023ccf4f9660: 0000 0000 | 0000 49c7 | 87a0 0200 | 0000 0000 | 0049 c787 | 9802 0000 | 0000 0000 | c5f8 7749 
  0x0000023ccf4f9680: 817f 0800 | 0000 000f | 8405 0000 | 00e9 6e78 | feff 4c8b | 6dc0 4c8b | 75c8 c3eb | 0445 884d 
  0x0000023ccf4f96a0: 00e9 aa02 | 0000 83f8 | 050f 85e3 | 0000 0049 | 8b04 1948 | 83ec 1048 | 8904 2448 | c744 2408 
  0x0000023ccf4f96c0: 0000 0000 | 41b9 d100 | 0000 410f | b65d 0081 | fbca 0000 | 000f 85ae | 0000 0048 | 8b5d e8e8 
  0x0000023ccf4f96e0: 0500 0000 | e99e 0000 | 004d 8bc5 | 488b d348 | 8d44 2408 | 4c89 6dc0 | 498b cfc5 | f877 4989 
  0x0000023ccf4f9700: afa0 0200 | 0049 8987 | 9002 0000 | 4883 ec20 | f7c4 0f00 | 0000 0f84 | 1a00 0000 | 4883 ec08 
  0x0000023ccf4f9720: 49ba 805d | 9f7d fb7f | 0000 41ff | d248 83c4 | 08e9 0d00 | 0000 49ba | 805d 9f7d | fb7f 0000 
  0x0000023ccf4f9740: 41ff d248 | 83c4 2049 | c787 9002 | 0000 0000 | 0000 49c7 | 87a0 0200 | 0000 0000 | 0049 c787 
  0x0000023ccf4f9760: 9802 0000 | 0000 0000 | c5f8 7749 | 817f 0800 | 0000 000f | 8405 0000 | 00e9 8277 | feff 4c8b 
  0x0000023ccf4f9780: 6dc0 4c8b | 75c8 c3eb | 0445 884d | 00e9 be01 | 0000 83f8 | 060f 85dd | 0000 00c4 | c17a 1004 
  0x0000023ccf4f97a0: 1948 83ec | 08c5 fa11 | 0424 41b9 | cf00 0000 | 410f b65d | 0081 fbca | 0000 000f | 85ae 0000 
  0x0000023ccf4f97c0: 0048 8b5d | e8e8 0500 | 0000 e99e | 0000 004d | 8bc5 488b | d348 8d44 | 2408 4c89 | 6dc0 498b 
  0x0000023ccf4f97e0: cfc5 f877 | 4989 afa0 | 0200 0049 | 8987 9002 | 0000 4883 | ec20 f7c4 | 0f00 0000 | 0f84 1a00 
  0x0000023ccf4f9800: 0000 4883 | ec08 49ba | 805d 9f7d | fb7f 0000 | 41ff d248 | 83c4 08e9 | 0d00 0000 | 49ba 805d 
  0x0000023ccf4f9820: 9f7d fb7f | 0000 41ff | d248 83c4 | 2049 c787 | 9002 0000 | 0000 0000 | 49c7 87a0 | 0200 0000 
  0x0000023ccf4f9840: 0000 0049 | c787 9802 | 0000 0000 | 0000 c5f8 | 7749 817f | 0800 0000 | 000f 8405 | 0000 00e9 
  0x0000023ccf4f9860: 9c76 feff | 4c8b 6dc0 | 4c8b 75c8 | c3eb 0445 | 884d 00e9 | d800 0000 | c4c1 7b10 | 0419 4883 
  0x0000023ccf4f9880: ec10 c5fb | 1104 2441 | b9ce 0000 | 0041 0fb6 | 5d00 81fb | ca00 0000 | 0f85 ae00 | 0000 488b 
  0x0000023ccf4f98a0: 5de8 e805 | 0000 00e9 | 9e00 0000 | 4d8b c548 | 8bd3 488d | 4424 084c | 896d c049 | 8bcf c5f8 
  0x0000023ccf4f98c0: 7749 89af | a002 0000 | 4989 8790 | 0200 0048 | 83ec 20f7 | c40f 0000 | 000f 841a | 0000 0048 
  0x0000023ccf4f98e0: 83ec 0849 | ba80 5d9f | 7dfb 7f00 | 0041 ffd2 | 4883 c408 | e90d 0000 | 0049 ba80 | 5d9f 7dfb 
  0x0000023ccf4f9900: 7f00 0041 | ffd2 4883 | c420 49c7 | 8790 0200 | 0000 0000 | 0049 c787 | a002 0000 | 0000 0000 
  0x0000023ccf4f9920: 49c7 8798 | 0200 0000 | 0000 00c5 | f877 4981 | 7f08 0000 | 0000 0f84 | 0500 0000 | e9bf 75fe 
  0x0000023ccf4f9940: ff4c 8b6d | c04c 8b75 | c8c3 eb04 | 4588 4d00 | 410f b65d | 0349 83c5 | 0349 ba90 | 5520 7efb 
  0x0000023ccf4f9960: 7f00 0041 | ff24 da90 | 0000 0000 | 0000 0000 | 0000 0000 | 0000 0000 | 0000 0000 | 0000 0000 
[/MachCode]

---------------  P R O C E S S  ---------------

Threads class SMR info:
_java_thread_list=0x0000023cea1cf560, length=30, elements={
0x0000023ce323c3e0, 0x0000023ce323f490, 0x0000023ce3228c50, 0x0000023ce32612d0,
0x0000023ce3262db0, 0x0000023ce3269600, 0x0000023ce3274ad0, 0x0000023ce32d4fa0,
0x0000023ce32e7050, 0x0000023ce33f3e50, 0x0000023ce34162a0, 0x0000023ce9205440,
0x0000023ce9206d90, 0x0000023ce9206370, 0x0000023ce9203af0, 0x0000023ce9204510,
0x0000023ce9497a70, 0x0000023ce9494ce0, 0x0000023ce9497f80, 0x0000023ce9491f50,
0x0000023ce9492460, 0x0000023ce9493390, 0x0000023ce9492e80, 0x0000023ce9498490,
0x0000023ce9496630, 0x0000023ce94951f0, 0x0000023ce94938a0, 0x0000023ce9496b40,
0x0000023ce9497050, 0x0000023ced175aa0
}

Java Threads: ( => current thread )
  0x0000023ce323c3e0 JavaThread "Reference Handler" daemon [_thread_blocked, id=7216, stack(0x00000054bf000000,0x00000054bf100000)]
  0x0000023ce323f490 JavaThread "Finalizer" daemon [_thread_blocked, id=5720, stack(0x00000054bf100000,0x00000054bf200000)]
  0x0000023ce3228c50 JavaThread "Signal Dispatcher" daemon [_thread_blocked, id=3444, stack(0x00000054bf200000,0x00000054bf300000)]
  0x0000023ce32612d0 JavaThread "Attach Listener" daemon [_thread_blocked, id=17196, stack(0x00000054bf300000,0x00000054bf400000)]
  0x0000023ce3262db0 JavaThread "Service Thread" daemon [_thread_blocked, id=5928, stack(0x00000054bf400000,0x00000054bf500000)]
  0x0000023ce3269600 JavaThread "Monitor Deflation Thread" daemon [_thread_blocked, id=3424, stack(0x00000054bf500000,0x00000054bf600000)]
  0x0000023ce3274ad0 JavaThread "C2 CompilerThread0" daemon [_thread_blocked, id=2156, stack(0x00000054bf600000,0x00000054bf700000)]
  0x0000023ce32d4fa0 JavaThread "C1 CompilerThread0" daemon [_thread_blocked, id=10640, stack(0x00000054bf700000,0x00000054bf800000)]
  0x0000023ce32e7050 JavaThread "Sweeper thread" daemon [_thread_blocked, id=14556, stack(0x00000054bf800000,0x00000054bf900000)]
  0x0000023ce33f3e50 JavaThread "Notification Thread" daemon [_thread_blocked, id=16172, stack(0x00000054bf900000,0x00000054bfa00000)]
  0x0000023ce34162a0 JavaThread "Common-Cleaner" daemon [_thread_blocked, id=2184, stack(0x00000054bfb00000,0x00000054bfc00000)]
  0x0000023ce9205440 JavaThread "Catalina-utility-1" [_thread_blocked, id=4088, stack(0x00000054c0200000,0x00000054c0300000)]
  0x0000023ce9206d90 JavaThread "Catalina-utility-2" [_thread_blocked, id=8964, stack(0x00000054c0300000,0x00000054c0400000)]
  0x0000023ce9206370 JavaThread "container-0" [_thread_blocked, id=17156, stack(0x00000054c0400000,0x00000054c0500000)]
  0x0000023ce9203af0 JavaThread "mssql-jdbc-shared-timer-core-0" daemon [_thread_blocked, id=7052, stack(0x00000054c0600000,0x00000054c0700000)]
  0x0000023ce9204510 JavaThread "HikariPool-1 housekeeper" daemon [_thread_blocked, id=6424, stack(0x00000054c0700000,0x00000054c0800000)]
  0x0000023ce9497a70 JavaThread "http-nio-8080-exec-1" daemon [_thread_blocked, id=9408, stack(0x00000054c0900000,0x00000054c0a00000)]
=>0x0000023ce9494ce0 JavaThread "http-nio-8080-exec-2" daemon [_thread_in_Java, id=15344, stack(0x00000054c0a00000,0x00000054c0b00000)]
  0x0000023ce9497f80 JavaThread "http-nio-8080-exec-3" daemon [_thread_blocked, id=11172, stack(0x00000054c0b00000,0x00000054c0c00000)]
  0x0000023ce9491f50 JavaThread "http-nio-8080-exec-4" daemon [_thread_blocked, id=200, stack(0x00000054c0c00000,0x00000054c0d00000)]
  0x0000023ce9492460 JavaThread "http-nio-8080-exec-5" daemon [_thread_blocked, id=17800, stack(0x00000054c0d00000,0x00000054c0e00000)]
  0x0000023ce9493390 JavaThread "http-nio-8080-exec-6" daemon [_thread_blocked, id=18312, stack(0x00000054c0e00000,0x00000054c0f00000)]
  0x0000023ce9492e80 JavaThread "http-nio-8080-exec-7" daemon [_thread_blocked, id=5972, stack(0x00000054c0f00000,0x00000054c1000000)]
  0x0000023ce9498490 JavaThread "http-nio-8080-exec-8" daemon [_thread_blocked, id=18076, stack(0x00000054c1000000,0x00000054c1100000)]
  0x0000023ce9496630 JavaThread "http-nio-8080-exec-9" daemon [_thread_blocked, id=12528, stack(0x00000054c1100000,0x00000054c1200000)]
  0x0000023ce94951f0 JavaThread "http-nio-8080-exec-10" daemon [_thread_blocked, id=7420, stack(0x00000054c1200000,0x00000054c1300000)]
  0x0000023ce94938a0 JavaThread "http-nio-8080-Poller" daemon [_thread_in_native, id=12848, stack(0x00000054c1300000,0x00000054c1400000)]
  0x0000023ce9496b40 JavaThread "http-nio-8080-Acceptor" daemon [_thread_in_native, id=15356, stack(0x00000054c1400000,0x00000054c1500000)]
  0x0000023ce9497050 JavaThread "DestroyJavaVM" [_thread_blocked, id=1980, stack(0x00000054be900000,0x00000054bea00000)]
  0x0000023ced175aa0 JavaThread "C2 CompilerThread1" daemon [_thread_in_native, id=10628, stack(0x00000054c1500000,0x00000054c1600000)]

Other Threads:
  0x0000023ce31ba0b0 VMThread "VM Thread" [stack: 0x00000054bef00000,0x00000054bf000000] [id=16548]
  0x0000023ce33f6340 WatcherThread [stack: 0x00000054bfa00000,0x00000054bfb00000] [id=16808]
  0x0000023cc31ceb60 GCTaskThread "GC Thread#0" [stack: 0x00000054bea00000,0x00000054beb00000] [id=13900]
  0x0000023ce84861e0 GCTaskThread "GC Thread#1" [stack: 0x00000054bfd00000,0x00000054bfe00000] [id=12496]
  0x0000023ce8518020 GCTaskThread "GC Thread#2" [stack: 0x00000054bfe00000,0x00000054bff00000] [id=11804]
  0x0000023ce85182e0 GCTaskThread "GC Thread#3" [stack: 0x00000054bff00000,0x00000054c0000000] [id=10268]
  0x0000023ce0b80500 ConcurrentGCThread "G1 Main Marker" [stack: 0x00000054beb00000,0x00000054bec00000] [id=13372]
  0x0000023ce0b81e40 ConcurrentGCThread "G1 Conc#0" [stack: 0x00000054bec00000,0x00000054bed00000] [id=3880]
  0x0000023ce0c24ee0 ConcurrentGCThread "G1 Refine#0" [stack: 0x00000054bed00000,0x00000054bee00000] [id=1660]
  0x0000023ce8da8df0 ConcurrentGCThread "G1 Refine#1" [stack: 0x00000054c0000000,0x00000054c0100000] [id=12376]
  0x0000023ce981a2c0 ConcurrentGCThread "G1 Refine#2" [stack: 0x00000054c0100000,0x00000054c0200000] [id=8220]
  0x0000023ce0c26930 ConcurrentGCThread "G1 Service" [stack: 0x00000054bee00000,0x00000054bef00000] [id=7320]

Threads with active compile tasks:
C2 CompilerThread1    41794 6510       4       sun.invoke.util.BytecodeDescriptor::unparseSig (49 bytes)

VM state: not at safepoint (normal execution)

VM Mutex/Monitor currently owned by a thread: None

Heap address: 0x0000000704c00000, size: 4020 MB, Compressed Oops mode: Zero based, Oop shift amount: 3

CDS archive(s) not mapped
Compressed class space mapped at: 0x0000000800000000-0x0000000840000000, reserved size: 1073741824
Narrow klass base: 0x0000000800000000, Narrow klass shift: 0, Narrow klass range: 0x40000000

GC Precious Log:
 CPUs: 4 total, 4 available
 Memory: 16079M
 Large Page Support: Disabled
 NUMA Support: Disabled
 Compressed Oops: Enabled (Zero based)
 Heap Region Size: 2M
 Heap Min Capacity: 8M
 Heap Initial Capacity: 252M
 Heap Max Capacity: 4020M
 Pre-touch: Disabled
 Parallel Workers: 4
 Concurrent Workers: 1
 Concurrent Refinement Workers: 4
 Periodic GC: Disabled

Heap:
 garbage-first heap   total 83968K, used 37121K [0x0000000704c00000, 0x0000000800000000)
  region size 2048K, 3 young (6144K), 1 survivors (2048K)
 Metaspace       used 83367K, committed 83904K, reserved 1179648K
  class space    used 10293K, committed 10560K, reserved 1048576K

Heap Regions: E=young(eden), S=young(survivor), O=old, HS=humongous(starts), HC=humongous(continues), CS=collection set, F=free, OA=open archive, CA=closed archive, TAMS=top-at-mark-start (previous, next)
|   0|0x0000000704c00000, 0x0000000704e00000, 0x0000000704e00000|100%| O|  |TAMS 0x0000000704e00000, 0x0000000704c00000| Untracked 
|   1|0x0000000704e00000, 0x0000000705000000, 0x0000000705000000|100%| O|  |TAMS 0x0000000705000000, 0x0000000704e00000| Untracked 
|   2|0x0000000705000000, 0x0000000705200000, 0x0000000705200000|100%| O|  |TAMS 0x0000000705200000, 0x0000000705000000| Untracked 
|   3|0x0000000705200000, 0x0000000705400000, 0x0000000705400000|100%| O|  |TAMS 0x0000000705400000, 0x0000000705200000| Untracked 
|   4|0x0000000705400000, 0x0000000705600000, 0x0000000705600000|100%| O|  |TAMS 0x0000000705600000, 0x0000000705400000| Untracked 
|   5|0x0000000705600000, 0x0000000705800000, 0x0000000705800000|100%| O|  |TAMS 0x0000000705800000, 0x0000000705600000| Untracked 
|   6|0x0000000705800000, 0x0000000705a00000, 0x0000000705a00000|100%| O|  |TAMS 0x0000000705a00000, 0x0000000705800000| Untracked 
|   7|0x0000000705a00000, 0x0000000705c00000, 0x0000000705c00000|100%| O|  |TAMS 0x0000000705a9da00, 0x0000000705a00000| Untracked 
|   8|0x0000000705c00000, 0x0000000705ccc000, 0x0000000705e00000| 39%| O|  |TAMS 0x0000000705ccc000, 0x0000000705c00000| Untracked 
|   9|0x0000000705e00000, 0x0000000706000000, 0x0000000706000000|100%| O|  |TAMS 0x0000000705e00000, 0x0000000705e00000| Untracked 
|  10|0x0000000706000000, 0x0000000706200000, 0x0000000706200000|100%| O|  |TAMS 0x0000000706000000, 0x0000000706000000| Untracked 
|  11|0x0000000706200000, 0x0000000706400000, 0x0000000706400000|100%| O|  |TAMS 0x0000000706200000, 0x0000000706200000| Untracked 
|  12|0x0000000706400000, 0x0000000706600000, 0x0000000706600000|100%| O|  |TAMS 0x0000000706600000, 0x0000000706400000| Untracked 
|  13|0x0000000706600000, 0x0000000706800000, 0x0000000706800000|100%| O|  |TAMS 0x0000000706800000, 0x0000000706600000| Untracked 
|  14|0x0000000706800000, 0x0000000706a00000, 0x0000000706a00000|100%| O|  |TAMS 0x0000000706800000, 0x0000000706800000| Untracked 
|  15|0x0000000706a00000, 0x0000000706c00000, 0x0000000706c00000|100%| O|  |TAMS 0x0000000706a00000, 0x0000000706a00000| Untracked 
|  16|0x0000000706c00000, 0x0000000706da4e00, 0x0000000706e00000| 82%| O|  |TAMS 0x0000000706c00000, 0x0000000706c00000| Untracked 
|  17|0x0000000706e00000, 0x0000000706e00000, 0x0000000707000000|  0%| F|  |TAMS 0x0000000706e00000, 0x0000000706e00000| Untracked 
|  18|0x0000000707000000, 0x0000000707000000, 0x0000000707200000|  0%| F|  |TAMS 0x0000000707000000, 0x0000000707000000| Untracked 
|  19|0x0000000707200000, 0x0000000707200000, 0x0000000707400000|  0%| F|  |TAMS 0x0000000707200000, 0x0000000707200000| Untracked 
|  20|0x0000000707400000, 0x0000000707400000, 0x0000000707600000|  0%| F|  |TAMS 0x0000000707400000, 0x0000000707400000| Untracked 
|  21|0x0000000707600000, 0x0000000707600000, 0x0000000707800000|  0%| F|  |TAMS 0x0000000707600000, 0x0000000707600000| Untracked 
|  22|0x0000000707800000, 0x0000000707800000, 0x0000000707a00000|  0%| F|  |TAMS 0x0000000707800000, 0x0000000707800000| Untracked 
|  23|0x0000000707a00000, 0x0000000707a00000, 0x0000000707c00000|  0%| F|  |TAMS 0x0000000707a00000, 0x0000000707a00000| Untracked 
|  24|0x0000000707c00000, 0x0000000707c00000, 0x0000000707e00000|  0%| F|  |TAMS 0x0000000707c00000, 0x0000000707c00000| Untracked 
|  25|0x0000000707e00000, 0x0000000707e00000, 0x0000000708000000|  0%| F|  |TAMS 0x0000000707e00000, 0x0000000707e00000| Untracked 
|  26|0x0000000708000000, 0x00000007081cf6a0, 0x0000000708200000| 90%| S|CS|TAMS 0x0000000708000000, 0x0000000708000000| Complete 
|  27|0x0000000708200000, 0x0000000708200000, 0x0000000708400000|  0%| F|  |TAMS 0x0000000708200000, 0x0000000708200000| Untracked 
|  28|0x0000000708400000, 0x0000000708400000, 0x0000000708600000|  0%| F|  |TAMS 0x0000000708400000, 0x0000000708400000| Untracked 
|  29|0x0000000708600000, 0x0000000708600000, 0x0000000708800000|  0%| F|  |TAMS 0x0000000708600000, 0x0000000708600000| Untracked 
|  30|0x0000000708800000, 0x0000000708800000, 0x0000000708a00000|  0%| F|  |TAMS 0x0000000708800000, 0x0000000708800000| Untracked 
|  31|0x0000000708a00000, 0x0000000708a00000, 0x0000000708c00000|  0%| F|  |TAMS 0x0000000708a00000, 0x0000000708a00000| Untracked 
|  32|0x0000000708c00000, 0x0000000708c00000, 0x0000000708e00000|  0%| F|  |TAMS 0x0000000708c00000, 0x0000000708c00000| Untracked 
|  33|0x0000000708e00000, 0x0000000708e00000, 0x0000000709000000|  0%| F|  |TAMS 0x0000000708e00000, 0x0000000708e00000| Untracked 
|  34|0x0000000709000000, 0x0000000709000000, 0x0000000709200000|  0%| F|  |TAMS 0x0000000709000000, 0x0000000709000000| Untracked 
|  35|0x0000000709200000, 0x0000000709200000, 0x0000000709400000|  0%| F|  |TAMS 0x0000000709200000, 0x0000000709200000| Untracked 
|  36|0x0000000709400000, 0x0000000709400000, 0x0000000709600000|  0%| F|  |TAMS 0x0000000709400000, 0x0000000709400000| Untracked 
|  49|0x000000070ae00000, 0x000000070ae00000, 0x000000070b000000|  0%| F|  |TAMS 0x000000070ae00000, 0x000000070ae00000| Untracked 
|  50|0x000000070b000000, 0x000000070b000000, 0x000000070b200000|  0%| F|  |TAMS 0x000000070b000000, 0x000000070b000000| Untracked 
|  51|0x000000070b200000, 0x000000070b2b4a38, 0x000000070b400000| 35%| E|  |TAMS 0x000000070b200000, 0x000000070b200000| Complete 
| 125|0x0000000714600000, 0x0000000714800000, 0x0000000714800000|100%| E|CS|TAMS 0x0000000714600000, 0x0000000714600000| Complete 

Card table byte_map: [0x0000023cd7dc0000,0x0000023cd85a0000] _byte_map_base: 0x0000023cd459a000

Marking Bits (Prev, Next): (CMBitMap*) 0x0000023ce0b700d0, (CMBitMap*) 0x0000023ce0b70090
 Prev Bits: [0x0000023cdcc50000, 0x0000023ce0b20000)
 Next Bits: [0x0000023cd8d80000, 0x0000023cdcc50000)

Polling page: 0x0000023cc7f80000

Metaspace:

Usage:
  Non-class:     71.36 MB used.
      Class:     10.05 MB used.
       Both:     81.41 MB used.

Virtual space:
  Non-class space:      128.00 MB reserved,      71.62 MB ( 56%) committed,  2 nodes.
      Class space:        1.00 GB reserved,      10.31 MB (  1%) committed,  1 nodes.
             Both:        1.12 GB reserved,      81.94 MB (  7%) committed. 

Chunk freelists:
   Non-Class:  7.57 MB
       Class:  5.70 MB
        Both:  13.27 MB

MaxMetaspaceSize: unlimited
CompressedClassSpaceSize: 1.00 GB
Initial GC threshold: 21.00 MB
Current GC threshold: 98.75 MB
CDS: off
MetaspaceReclaimPolicy: balanced
 - commit_granule_bytes: 65536.
 - commit_granule_words: 8192.
 - virtual_space_node_default_size: 8388608.
 - enlarge_chunks_in_place: 1.
 - new_chunks_are_fully_committed: 0.
 - uncommit_free_chunks: 1.
 - use_allocation_guard: 0.
 - handle_deallocations: 1.


Internal statistics:

num_allocs_failed_limit: 11.
num_arena_births: 802.
num_arena_deaths: 0.
num_vsnodes_births: 3.
num_vsnodes_deaths: 0.
num_space_committed: 1311.
num_space_uncommitted: 0.
num_chunks_returned_to_freelist: 11.
num_chunks_taken_from_freelist: 3306.
num_chunk_merges: 11.
num_chunk_splits: 2427.
num_chunks_enlarged: 1926.
num_inconsistent_stats: 0.

CodeHeap 'non-profiled nmethods': size=120000Kb used=4362Kb max_used=4362Kb free=115637Kb
 bounds [0x0000023ccfa80000, 0x0000023ccfed0000, 0x0000023cd6fb0000]
CodeHeap 'profiled nmethods': size=120000Kb used=12131Kb max_used=12131Kb free=107868Kb
 bounds [0x0000023cc7fb0000, 0x0000023cc8b90000, 0x0000023ccf4e0000]
CodeHeap 'non-nmethods': size=5760Kb used=1396Kb max_used=1448Kb free=4363Kb
 bounds [0x0000023ccf4e0000, 0x0000023ccf750000, 0x0000023ccfa80000]
 total_blobs=6523 nmethods=5789 adapters=645
 compilation: enabled
              stopped_count=0, restarted_count=0
 full_count=0

Compilation events (20 events):
Event: 41.527 Thread 0x0000023ce32d4fa0 6524       1       java.lang.invoke.LambdaForm::arity (5 bytes)
Event: 41.527 Thread 0x0000023ce32d4fa0 nmethod 6524 0x0000023ccfec1f90 code [0x0000023ccfec2120, 0x0000023ccfec21f8]
Event: 41.527 Thread 0x0000023ce32d4fa0 6525       3       java.lang.invoke.LambdaFormBuffer::endEdit (313 bytes)
Event: 41.528 Thread 0x0000023ce32d4fa0 nmethod 6525 0x0000023cc8b84890 code [0x0000023cc8b84b00, 0x0000023cc8b85978]
Event: 41.528 Thread 0x0000023ce32d4fa0 6526       3       java.lang.invoke.LambdaFormBuffer::replaceName (124 bytes)
Event: 41.528 Thread 0x0000023ce32d4fa0 nmethod 6526 0x0000023cc8b85d90 code [0x0000023cc8b85f40, 0x0000023cc8b86128]
Event: 41.530 Thread 0x0000023ce32d4fa0 6527       1       java.util.logging.LogManager$LoggerWeakRef::setParentRef (6 bytes)
Event: 41.530 Thread 0x0000023ce32d4fa0 nmethod 6527 0x0000023ccfec2290 code [0x0000023ccfec2420, 0x0000023ccfec2538]
Event: 41.532 Thread 0x0000023ce32d4fa0 6528       3       org.apache.jasper.compiler.SmapUtil$SDEInstaller::readU1 (21 bytes)
Event: 41.532 Thread 0x0000023ce32d4fa0 nmethod 6528 0x0000023cc8b86210 code [0x0000023cc8b863a0, 0x0000023cc8b864f8]
Event: 41.532 Thread 0x0000023ce32d4fa0 6529       3       org.apache.jasper.compiler.SmapUtil$SDEInstaller::writeU1 (19 bytes)
Event: 41.532 Thread 0x0000023ce32d4fa0 nmethod 6529 0x0000023cc8b86610 code [0x0000023cc8b867a0, 0x0000023cc8b868f8]
Event: 41.532 Thread 0x0000023ce32d4fa0 6530       3       org.apache.jasper.compiler.SmapUtil$SDEInstaller::readBytes (38 bytes)
Event: 41.532 Thread 0x0000023ce32d4fa0 nmethod 6530 0x0000023cc8b86a10 code [0x0000023cc8b86bc0, 0x0000023cc8b86e78]
Event: 41.532 Thread 0x0000023ce32d4fa0 6531       3       org.apache.jasper.compiler.SmapUtil$SDEInstaller::writeBytes (45 bytes)
Event: 41.533 Thread 0x0000023ce32d4fa0 nmethod 6531 0x0000023cc8b86f90 code [0x0000023cc8b87140, 0x0000023cc8b87358]
Event: 41.533 Thread 0x0000023ce32d4fa0 6532       3       org.apache.jasper.compiler.SmapUtil$SDEInstaller::copy (46 bytes)
Event: 41.533 Thread 0x0000023ce32d4fa0 nmethod 6532 0x0000023cc8b87490 code [0x0000023cc8b87640, 0x0000023cc8b87878]
Event: 41.543 Thread 0x0000023ce3274ad0 6533       4       java.lang.ClassLoader::findLoadedClass (15 bytes)
Event: 41.544 Thread 0x0000023ce32d4fa0 6534       3       org.apache.catalina.core.DefaultInstanceManager::findLifecycleCallback (110 bytes)

GC Heap History (20 events):
Event: 6.695 GC heap before
{Heap before GC invocations=11 (full 0):
 garbage-first heap   total 69632K, used 54038K [0x0000000704c00000, 0x0000000800000000)
  region size 2048K, 22 young (45056K), 3 survivors (6144K)
 Metaspace       used 42233K, committed 42688K, reserved 1114112K
  class space    used 4933K, committed 5184K, reserved 1048576K
}
Event: 6.708 GC heap after
{Heap after GC invocations=12 (full 0):
 garbage-first heap   total 69632K, used 20230K [0x0000000704c00000, 0x0000000800000000)
  region size 2048K, 5 young (10240K), 5 survivors (10240K)
 Metaspace       used 42233K, committed 42688K, reserved 1114112K
  class space    used 4933K, committed 5184K, reserved 1048576K
}
Event: 7.921 GC heap before
{Heap before GC invocations=12 (full 0):
 garbage-first heap   total 69632K, used 48902K [0x0000000704c00000, 0x0000000800000000)
  region size 2048K, 19 young (38912K), 5 survivors (10240K)
 Metaspace       used 51522K, committed 52032K, reserved 1114112K
  class space    used 6158K, committed 6400K, reserved 1048576K
}
Event: 7.933 GC heap after
{Heap after GC invocations=13 (full 0):
 garbage-first heap   total 69632K, used 21942K [0x0000000704c00000, 0x0000000800000000)
  region size 2048K, 3 young (6144K), 3 survivors (6144K)
 Metaspace       used 51522K, committed 52032K, reserved 1114112K
  class space    used 6158K, committed 6400K, reserved 1048576K
}
Event: 8.936 GC heap before
{Heap before GC invocations=13 (full 0):
 garbage-first heap   total 69632K, used 48566K [0x0000000704c00000, 0x0000000800000000)
  region size 2048K, 16 young (32768K), 3 survivors (6144K)
 Metaspace       used 57052K, committed 57536K, reserved 1114112K
  class space    used 6882K, committed 7104K, reserved 1048576K
}
Event: 8.943 GC heap after
{Heap after GC invocations=14 (full 0):
 garbage-first heap   total 69632K, used 23966K [0x0000000704c00000, 0x0000000800000000)
  region size 2048K, 2 young (4096K), 2 survivors (4096K)
 Metaspace       used 57052K, committed 57536K, reserved 1114112K
  class space    used 6882K, committed 7104K, reserved 1048576K
}
Event: 9.188 GC heap before
{Heap before GC invocations=14 (full 0):
 garbage-first heap   total 69632K, used 32158K [0x0000000704c00000, 0x0000000800000000)
  region size 2048K, 7 young (14336K), 2 survivors (4096K)
 Metaspace       used 60023K, committed 60416K, reserved 1114112K
  class space    used 7356K, committed 7552K, reserved 1048576K
}
Event: 9.194 GC heap after
{Heap after GC invocations=15 (full 0):
 garbage-first heap   total 69632K, used 24593K [0x0000000704c00000, 0x0000000800000000)
  region size 2048K, 2 young (4096K), 2 survivors (4096K)
 Metaspace       used 60023K, committed 60416K, reserved 1114112K
  class space    used 7356K, committed 7552K, reserved 1048576K
}
Event: 10.069 GC heap before
{Heap before GC invocations=16 (full 0):
 garbage-first heap   total 69632K, used 49169K [0x0000000704c00000, 0x0000000800000000)
  region size 2048K, 14 young (28672K), 2 survivors (4096K)
 Metaspace       used 64581K, committed 65088K, reserved 1114112K
  class space    used 8210K, committed 8448K, reserved 1048576K
}
Event: 10.074 GC heap after
{Heap after GC invocations=17 (full 0):
 garbage-first heap   total 69632K, used 25886K [0x0000000704c00000, 0x0000000800000000)
  region size 2048K, 1 young (2048K), 1 survivors (2048K)
 Metaspace       used 64581K, committed 65088K, reserved 1114112K
  class space    used 8210K, committed 8448K, reserved 1048576K
}
Event: 10.919 GC heap before
{Heap before GC invocations=17 (full 0):
 garbage-first heap   total 69632K, used 50462K [0x0000000704c00000, 0x0000000800000000)
  region size 2048K, 13 young (26624K), 1 survivors (2048K)
 Metaspace       used 68205K, committed 68672K, reserved 1114112K
  class space    used 8642K, committed 8832K, reserved 1048576K
}
Event: 10.925 GC heap after
{Heap after GC invocations=18 (full 0):
 garbage-first heap   total 69632K, used 27369K [0x0000000704c00000, 0x0000000800000000)
  region size 2048K, 2 young (4096K), 2 survivors (4096K)
 Metaspace       used 68205K, committed 68672K, reserved 1114112K
  class space    used 8642K, committed 8832K, reserved 1048576K
}
Event: 11.770 GC heap before
{Heap before GC invocations=18 (full 0):
 garbage-first heap   total 69632K, used 49897K [0x0000000704c00000, 0x0000000800000000)
  region size 2048K, 13 young (26624K), 2 survivors (4096K)
 Metaspace       used 71045K, committed 71616K, reserved 1114112K
  class space    used 9064K, committed 9344K, reserved 1048576K
}
Event: 11.777 GC heap after
{Heap after GC invocations=19 (full 0):
 garbage-first heap   total 69632K, used 29138K [0x0000000704c00000, 0x0000000800000000)
  region size 2048K, 2 young (4096K), 2 survivors (4096K)
 Metaspace       used 71045K, committed 71616K, reserved 1114112K
  class space    used 9064K, committed 9344K, reserved 1048576K
}
Event: 12.355 GC heap before
{Heap before GC invocations=19 (full 0):
 garbage-first heap   total 69632K, used 51666K [0x0000000704c00000, 0x0000000800000000)
  region size 2048K, 13 young (26624K), 2 survivors (4096K)
 Metaspace       used 73309K, committed 73856K, reserved 1114112K
  class space    used 9383K, committed 9664K, reserved 1048576K
}
Event: 12.363 GC heap after
{Heap after GC invocations=20 (full 0):
 garbage-first heap   total 69632K, used 31421K [0x0000000704c00000, 0x0000000800000000)
  region size 2048K, 2 young (4096K), 2 survivors (4096K)
 Metaspace       used 73309K, committed 73856K, reserved 1114112K
  class space    used 9383K, committed 9664K, reserved 1048576K
}
Event: 40.590 GC heap before
{Heap before GC invocations=20 (full 0):
 garbage-first heap   total 69632K, used 51901K [0x0000000704c00000, 0x0000000800000000)
  region size 2048K, 13 young (26624K), 2 survivors (4096K)
 Metaspace       used 76989K, committed 77568K, reserved 1179648K
  class space    used 9794K, committed 10048K, reserved 1048576K
}
Event: 40.602 GC heap after
{Heap after GC invocations=21 (full 0):
 garbage-first heap   total 83968K, used 33471K [0x0000000704c00000, 0x0000000800000000)
  region size 2048K, 2 young (4096K), 2 survivors (4096K)
 Metaspace       used 76989K, committed 77568K, reserved 1179648K
  class space    used 9794K, committed 10048K, reserved 1048576K
}
Event: 41.450 GC heap before
{Heap before GC invocations=21 (full 0):
 garbage-first heap   total 83968K, used 60095K [0x0000000704c00000, 0x0000000800000000)
  region size 2048K, 16 young (32768K), 2 survivors (4096K)
 Metaspace       used 82798K, committed 83328K, reserved 1179648K
  class space    used 10243K, committed 10496K, reserved 1048576K
}
Event: 41.455 GC heap after
{Heap after GC invocations=22 (full 0):
 garbage-first heap   total 83968K, used 35073K [0x0000000704c00000, 0x0000000800000000)
  region size 2048K, 1 young (2048K), 1 survivors (2048K)
 Metaspace       used 82798K, committed 83328K, reserved 1179648K
  class space    used 10243K, committed 10496K, reserved 1048576K
}

Dll operation events (9 events):
Event: 0.083 Loaded shared library C:\Users\JPiccione\.p2\pool\plugins\org.eclipse.justj.openjdk.hotspot.jre.full.win32.x86_64_17.0.8.v20230831-1047\jre\bin\java.dll
Event: 0.447 Loaded shared library C:\Users\JPiccione\.p2\pool\plugins\org.eclipse.justj.openjdk.hotspot.jre.full.win32.x86_64_17.0.8.v20230831-1047\jre\bin\jimage.dll
Event: 0.470 Loaded shared library C:\Users\JPiccione\.p2\pool\plugins\org.eclipse.justj.openjdk.hotspot.jre.full.win32.x86_64_17.0.8.v20230831-1047\jre\bin\net.dll
Event: 0.474 Loaded shared library C:\Users\JPiccione\.p2\pool\plugins\org.eclipse.justj.openjdk.hotspot.jre.full.win32.x86_64_17.0.8.v20230831-1047\jre\bin\nio.dll
Event: 0.483 Loaded shared library C:\Users\JPiccione\.p2\pool\plugins\org.eclipse.justj.openjdk.hotspot.jre.full.win32.x86_64_17.0.8.v20230831-1047\jre\bin\zip.dll
Event: 5.574 Loaded shared library C:\Users\JPiccione\.p2\pool\plugins\org.eclipse.justj.openjdk.hotspot.jre.full.win32.x86_64_17.0.8.v20230831-1047\jre\bin\sunmscapi.dll
Event: 5.608 Loaded shared library C:\Users\JPiccione\.p2\pool\plugins\org.eclipse.justj.openjdk.hotspot.jre.full.win32.x86_64_17.0.8.v20230831-1047\jre\bin\management.dll
Event: 5.611 Loaded shared library C:\Users\JPiccione\.p2\pool\plugins\org.eclipse.justj.openjdk.hotspot.jre.full.win32.x86_64_17.0.8.v20230831-1047\jre\bin\management_ext.dll
Event: 6.996 Loaded shared library C:\Users\JPiccione\.p2\pool\plugins\org.eclipse.justj.openjdk.hotspot.jre.full.win32.x86_64_17.0.8.v20230831-1047\jre\bin\verify.dll

Deoptimization events (20 events):
Event: 41.272 Thread 0x0000023ce9494ce0 Uncommon trap: trap_request=0xffffff45 fr.pc=0x0000023ccfcef42c relative=0x00000000000001ac
Event: 41.272 Thread 0x0000023ce9494ce0 Uncommon trap: reason=unstable_if action=reinterpret pc=0x0000023ccfcef42c method=java.lang.ClassLoader.getResource(Ljava/lang/String;)Ljava/net/URL; @ 30 c2
Event: 41.272 Thread 0x0000023ce9494ce0 DEOPT PACKING pc=0x0000023ccfcef42c sp=0x00000054c0af90a0
Event: 41.273 Thread 0x0000023ce9494ce0 DEOPT UNPACKING pc=0x0000023ccf5369a3 sp=0x00000054c0af8fd8 mode 2
Event: 41.329 Thread 0x0000023ce9494ce0 Uncommon trap: trap_request=0xffffff6e fr.pc=0x0000023ccfeb403c relative=0x000000000000049c
Event: 41.329 Thread 0x0000023ce9494ce0 Uncommon trap: reason=loop_limit_check action=maybe_recompile pc=0x0000023ccfeb403c method=org.eclipse.jdt.internal.compiler.classfmt.ClassFileStruct.utf8At(II)[C @ 143 c2
Event: 41.329 Thread 0x0000023ce9494ce0 DEOPT PACKING pc=0x0000023ccfeb403c sp=0x00000054c0af9530
Event: 41.329 Thread 0x0000023ce9494ce0 DEOPT UNPACKING pc=0x0000023ccf5369a3 sp=0x00000054c0af94c8 mode 2
Event: 41.381 Thread 0x0000023ce9494ce0 Uncommon trap: trap_request=0xffffff45 fr.pc=0x0000023ccfc8fa64 relative=0x0000000000000344
Event: 41.381 Thread 0x0000023ce9494ce0 Uncommon trap: reason=unstable_if action=reinterpret pc=0x0000023ccfc8fa64 method=java.util.HashMap.getNode(Ljava/lang/Object;)Ljava/util/HashMap$Node; @ 131 c2
Event: 41.381 Thread 0x0000023ce9494ce0 DEOPT PACKING pc=0x0000023ccfc8fa64 sp=0x00000054c0af8910
Event: 41.381 Thread 0x0000023ce9494ce0 DEOPT UNPACKING pc=0x0000023ccf5369a3 sp=0x00000054c0af8860 mode 2
Event: 41.381 Thread 0x0000023ce9494ce0 Uncommon trap: trap_request=0xffffff45 fr.pc=0x0000023ccfc7f598 relative=0x0000000000000378
Event: 41.381 Thread 0x0000023ce9494ce0 Uncommon trap: reason=unstable_if action=reinterpret pc=0x0000023ccfc7f598 method=java.util.HashMap.getNode(Ljava/lang/Object;)Ljava/util/HashMap$Node; @ 131 c2
Event: 41.381 Thread 0x0000023ce9494ce0 DEOPT PACKING pc=0x0000023ccfc7f598 sp=0x00000054c0af88f0
Event: 41.381 Thread 0x0000023ce9494ce0 DEOPT UNPACKING pc=0x0000023ccf5369a3 sp=0x00000054c0af8890 mode 2
Event: 41.537 Thread 0x0000023ce9494ce0 Uncommon trap: trap_request=0xffffffde fr.pc=0x0000023ccfaf2db4 relative=0x0000000000001334
Event: 41.537 Thread 0x0000023ce9494ce0 Uncommon trap: reason=class_check action=maybe_recompile pc=0x0000023ccfaf2db4 method=jdk.internal.loader.URLClassPath.getLoader(I)Ljdk/internal/loader/URLClassPath$Loader; @ 88 c2
Event: 41.537 Thread 0x0000023ce9494ce0 DEOPT PACKING pc=0x0000023ccfaf2db4 sp=0x00000054c0af9b90
Event: 41.537 Thread 0x0000023ce9494ce0 DEOPT UNPACKING pc=0x0000023ccf5369a3 sp=0x00000054c0af9bd0 mode 2

Classes unloaded (0 events):
No events

Classes redefined (0 events):
No events

Internal exceptions (20 events):
Event: 11.259 Thread 0x0000023cc3163b90 Exception <a 'java/lang/reflect/InvocationTargetException'{0x00000007087aee90}> (0x00000007087aee90) 
thrown [s\src\hotspot\share\runtime\reflection.cpp, line 1121]
Event: 11.267 Thread 0x0000023cc3163b90 Exception <a 'java/lang/reflect/InvocationTargetException'{0x00000007087bc400}> (0x00000007087bc400) 
thrown [s\src\hotspot\share\runtime\reflection.cpp, line 1121]
Event: 11.269 Thread 0x0000023cc3163b90 Exception <a 'java/lang/reflect/InvocationTargetException'{0x00000007087ccbc8}> (0x00000007087ccbc8) 
thrown [s\src\hotspot\share\runtime\reflection.cpp, line 1121]
Event: 11.271 Thread 0x0000023cc3163b90 Exception <a 'java/lang/reflect/InvocationTargetException'{0x00000007087d9588}> (0x00000007087d9588) 
thrown [s\src\hotspot\share\runtime\reflection.cpp, line 1121]
Event: 11.274 Thread 0x0000023cc3163b90 Exception <a 'java/lang/reflect/InvocationTargetException'{0x00000007087e5398}> (0x00000007087e5398) 
thrown [s\src\hotspot\share\runtime\reflection.cpp, line 1121]
Event: 11.277 Thread 0x0000023cc3163b90 Exception <a 'java/lang/reflect/InvocationTargetException'{0x00000007087f2a08}> (0x00000007087f2a08) 
thrown [s\src\hotspot\share\runtime\reflection.cpp, line 1121]
Event: 11.280 Thread 0x0000023cc3163b90 Exception <a 'java/lang/reflect/InvocationTargetException'{0x0000000708404140}> (0x0000000708404140) 
thrown [s\src\hotspot\share\runtime\reflection.cpp, line 1121]
Event: 11.502 Thread 0x0000023cc3163b90 Implicit null exception at 0x0000023ccfbc6a41 to 0x0000023ccfbc6b02
Event: 12.000 Thread 0x0000023cc3163b90 Exception <a 'sun/nio/fs/WindowsException'{0x000000070afed8a8}> (0x000000070afed8a8) 
thrown [s\src\hotspot\share\prims\jni.cpp, line 516]
Event: 12.067 Thread 0x0000023cc3163b90 Exception <a 'java/lang/IncompatibleClassChangeError'{0x0000000708552888}: Found class java.lang.Object, but interface was expected> (0x0000000708552888) 
thrown [s\src\hotspot\share\interpreter\linkResolver.cpp, line 826]
Event: 12.154 Thread 0x0000023cc3163b90 Exception <a 'java/lang/NoSuchMethodError'{0x00000007083f7360}: 'void java.lang.invoke.DirectMethodHandle$Holder.invokeVirtual(java.lang.Object, java.lang.Object, long)'> (0x00000007083f7360) 
thrown [s\src\hotspot\share\interpreter\linkResolver.cpp, line 759]
Event: 12.390 Thread 0x0000023cc3163b90 Exception <a 'java/lang/NoSuchMethodError'{0x00000007146ceb08}: 'java.lang.Object java.lang.invoke.DirectMethodHandle$Holder.newInvokeSpecial(java.lang.Object, java.lang.Object, int, java.lang.Object, java.lang.Object)'> (0x00000007146ceb08) 
thrown [s\src\hotspot\share\interpreter\linkResolver.cpp, line 759]
Event: 12.391 Thread 0x0000023cc3163b90 Exception <a 'java/lang/NoSuchMethodError'{0x00000007146da180}: 'java.lang.Object java.lang.invoke.DirectMethodHandle$Holder.invokeSpecial(java.lang.Object, java.lang.Object, int, java.lang.Object, int, java.lang.Object)'> (0x00000007146da180) 
thrown [s\src\hotspot\share\interpreter\linkResolver.cpp, line 759]
Event: 12.391 Thread 0x0000023cc3163b90 Exception <a 'java/lang/NoSuchMethodError'{0x00000007146e21d8}: 'java.lang.Object java.lang.invoke.DirectMethodHandle$Holder.newInvokeSpecial(java.lang.Object, java.lang.Object, int, java.lang.Object, int)'> (0x00000007146e21d8) 
thrown [s\src\hotspot\share\interpreter\linkResolver.cpp, line 759]
Event: 12.392 Thread 0x0000023cc3163b90 Exception <a 'java/lang/NoSuchMethodError'{0x00000007146e62d8}: 'java.lang.Object java.lang.invoke.DirectMethodHandle$Holder.invokeSpecial(java.lang.Object, java.lang.Object, java.lang.Object, int, java.lang.Object, int)'> (0x00000007146e62d8) 
thrown [s\src\hotspot\share\interpreter\linkResolver.cpp, line 759]
Event: 39.904 Thread 0x0000023ce9497a70 Exception <a 'java/lang/NoSuchMethodError'{0x000000070ae5dc88}: 'java.lang.Object java.lang.invoke.DirectMethodHandle$Holder.invokeSpecial(java.lang.Object, java.lang.Object, java.lang.Object, java.lang.Object, java.lang.Object, long)'> (0x000000070ae5dc88) 
thrown [s\src\hotspot\share\interpreter\linkResolver.cpp, line 759]
Event: 39.905 Thread 0x0000023ce9497a70 Exception <a 'java/lang/NoSuchMethodError'{0x000000070ae616c8}: 'java.lang.Object java.lang.invoke.Invokers$Holder.linkToTargetMethod(java.lang.Object, java.lang.Object, java.lang.Object, long, java.lang.Object)'> (0x000000070ae616c8) 
thrown [s\src\hotspot\share\interpreter\linkResolver.cpp, line 759]
Event: 39.967 Thread 0x0000023ce9497a70 Exception <a 'java/lang/NoSuchMethodError'{0x000000070af96aa0}: getSession> (0x000000070af96aa0) 
thrown [s\src\hotspot\share\prims\jni.cpp, line 1073]
Event: 40.475 Thread 0x0000023ce9494ce0 Implicit null exception at 0x0000023ccfb12d77 to 0x0000023ccfb13390
Event: 40.476 Thread 0x0000023ce9494ce0 Implicit null exception at 0x0000023ccfac8ef7 to 0x0000023ccfac950c

VM Operations (20 events):
Event: 40.408 Executing VM operation: HandshakeAllThreads
Event: 40.408 Executing VM operation: HandshakeAllThreads done
Event: 40.413 Executing VM operation: HandshakeAllThreads
Event: 40.414 Executing VM operation: HandshakeAllThreads done
Event: 40.424 Executing VM operation: HandshakeAllThreads
Event: 40.424 Executing VM operation: HandshakeAllThreads done
Event: 40.590 Executing VM operation: G1CollectForAllocation
Event: 40.603 Executing VM operation: G1CollectForAllocation done
Event: 41.293 Executing VM operation: HandshakeAllThreads
Event: 41.293 Executing VM operation: HandshakeAllThreads done
Event: 41.450 Executing VM operation: G1CollectForAllocation
Event: 41.455 Executing VM operation: G1CollectForAllocation done
Event: 41.540 Executing VM operation: ChangeBreakpoints
Event: 41.542 Executing VM operation: ChangeBreakpoints done
Event: 41.542 Executing VM operation: ChangeBreakpoints
Event: 41.543 Executing VM operation: ChangeBreakpoints done
Event: 41.544 Executing VM operation: get/set locals
Event: 41.544 Executing VM operation: get/set locals done
Event: 41.545 Executing VM operation: get/set locals
Event: 41.545 Executing VM operation: get/set locals done

Events (20 events):
Event: 40.559 loading class java/io/FileOutputStream$1
Event: 40.559 loading class java/io/FileOutputStream$1 done
Event: 40.625 loading class sun/util/ResourceBundleEnumeration
Event: 40.626 loading class sun/util/ResourceBundleEnumeration done
Event: 40.878 loading class java/io/FileWriter
Event: 40.879 loading class java/io/FileWriter done
Event: 41.145 loading class java/lang/NegativeArraySizeException
Event: 41.145 loading class java/lang/NegativeArraySizeException done
Event: 41.172 loading class java/net/URLClassLoader$2
Event: 41.172 loading class java/net/URLClassLoader$2 done
Event: 41.273 loading class sun/net/www/protocol/jrt/JavaRuntimeURLConnection
Event: 41.273 loading class sun/net/www/protocol/jrt/JavaRuntimeURLConnection done
Event: 41.273 loading class sun/net/www/protocol/jrt/JavaRuntimeURLConnection$1
Event: 41.273 loading class sun/net/www/protocol/jrt/JavaRuntimeURLConnection$1 done
Event: 41.281 loading class java/text/MessageFormat$Field
Event: 41.281 loading class java/text/MessageFormat$Field done
Event: 41.524 loading class java/util/Hashtable$ValueCollection
Event: 41.525 loading class java/util/Hashtable$ValueCollection done
Event: 41.536 loading class java/net/URLClassLoader$1
Event: 41.536 loading class java/net/URLClassLoader$1 done


Dynamic libraries:
0x00007ff6ee300000 - 0x00007ff6ee30e000 	C:\Users\JPiccione\.p2\pool\plugins\org.eclipse.justj.openjdk.hotspot.jre.full.win32.x86_64_17.0.8.v20230831-1047\jre\bin\javaw.exe
0x0000023cc2dd0000 - 0x0000023cc2fc7000 	C:\windows\SYSTEM32\ntd1l.dll
0x0000023cc2fd0000 - 0x0000023cc308d000 	C:\windows\System32\kern3l32.dll
0x00007ffc02f70000 - 0x00007ffc03167000 	C:\windows\SYSTEM32\ntdll.dll
0x00007ffc01f90000 - 0x00007ffc0204d000 	C:\windows\System32\KERNEL32.DLL
0x00007ffc00650000 - 0x00007ffc00946000 	C:\windows\System32\KERNELBASE.dll
0x00007ffc000c0000 - 0x00007ffc003d3000 	C:\Program Files\SentinelOne\Sentinel Agent 23.1.4.650\InProcessClient64.dll
0x00007ffc01930000 - 0x00007ffc019de000 	C:\windows\System32\ADVAPI32.dll
0x00007ffc01dd0000 - 0x00007ffc01e6e000 	C:\windows\System32\msvcrt.dll
0x00007ffc02d90000 - 0x00007ffc02e2c000 	C:\windows\System32\sechost.dll
0x00007ffc02a60000 - 0x00007ffc02b86000 	C:\windows\System32\RPCRT4.dll
0x00007ffc00cd0000 - 0x00007ffc00dd0000 	C:\windows\System32\ucrtbase.dll
0x00007ffbfbd40000 - 0x00007ffbfbd57000 	C:\Users\JPiccione\.p2\pool\plugins\org.eclipse.justj.openjdk.hotspot.jre.full.win32.x86_64_17.0.8.v20230831-1047\jre\bin\jli.dll
0x00007ffc02bf0000 - 0x00007ffc02d8e000 	C:\windows\System32\USER32.dll
0x00007ffc00950000 - 0x00007ffc00972000 	C:\windows\System32\win32u.dll
0x00007ffc01da0000 - 0x00007ffc01dcc000 	C:\windows\System32\GDI32.dll
0x00007ffc00b10000 - 0x00007ffc00c2a000 	C:\windows\System32\gdi32full.dll
0x00007ffc00c30000 - 0x00007ffc00ccd000 	C:\windows\System32\msvcp_win.dll
0x00007ffbfbc80000 - 0x00007ffbfbc99000 	C:\Users\JPiccione\.p2\pool\plugins\org.eclipse.justj.openjdk.hotspot.jre.full.win32.x86_64_17.0.8.v20230831-1047\jre\bin\VCRUNTIME140.dll
0x00007ffbd7fe0000 - 0x00007ffbd827a000 	C:\windows\WinSxS\amd64_microsoft.windows.common-controls_6595b64144ccf1df_6.0.19041.3570_none_60bb2a3971f3e41a\COMCTL32.dll
0x00007ffc000b0000 - 0x00007ffc000ba000 	C:\windows\SYSTEM32\VERSION.dll
0x00007ffc000a0000 - 0x00007ffc000ab000 	C:\windows\SYSTEM32\FLTLIB.DLL
0x00007ffc01f60000 - 0x00007ffc01f90000 	C:\windows\System32\IMM32.DLL
0x00007ffbfbd20000 - 0x00007ffbfbd2c000 	C:\Users\JPiccione\.p2\pool\plugins\org.eclipse.justj.openjdk.hotspot.jre.full.win32.x86_64_17.0.8.v20230831-1047\jre\bin\vcruntime140_1.dll
0x00007ffbda210000 - 0x00007ffbda2a1000 	C:\Users\JPiccione\.p2\pool\plugins\org.eclipse.justj.openjdk.hotspot.jre.full.win32.x86_64_17.0.8.v20230831-1047\jre\bin\msvcp140.dll
0x00007ffb7d670000 - 0x00007ffb7e2bc000 	C:\Users\JPiccione\.p2\pool\plugins\org.eclipse.justj.openjdk.hotspot.jre.full.win32.x86_64_17.0.8.v20230831-1047\jre\bin\server\jvm.dll
0x00007ffbff870000 - 0x00007ffbff8bb000 	C:\windows\SYSTEM32\POWRPROF.dll
0x00007ffbf8ea0000 - 0x00007ffbf8ea9000 	C:\windows\SYSTEM32\WSOCK32.dll
0x00007ffc02e30000 - 0x00007ffc02e9b000 	C:\windows\System32\WS2_32.dll
0x00007ffbe58a0000 - 0x00007ffbe58c7000 	C:\windows\SYSTEM32\WINMM.dll
0x00007ffbff730000 - 0x00007ffbff742000 	C:\windows\SYSTEM32\UMPDC.dll
0x00007ffbfdf30000 - 0x00007ffbfdf42000 	C:\windows\SYSTEM32\kernel.appcore.dll
0x00007ffbf0410000 - 0x00007ffbf041a000 	C:\Users\JPiccione\.p2\pool\plugins\org.eclipse.justj.openjdk.hotspot.jre.full.win32.x86_64_17.0.8.v20230831-1047\jre\bin\jimage.dll
0x00007ffbf0ca0000 - 0x00007ffbf0e84000 	C:\windows\SYSTEM32\DBGHELP.DLL
0x00007ffbf10a0000 - 0x00007ffbf10d4000 	C:\windows\SYSTEM32\dbgcore.DLL
0x00007ffc00a30000 - 0x00007ffc00ab2000 	C:\windows\System32\bcryptPrimitives.dll
0x00007ffbb64c0000 - 0x00007ffbb653b000 	C:\Program Files\SentinelOne\Sentinel Agent 23.1.4.650\SentinelJava64.dll
0x00007ffc02460000 - 0x00007ffc0258b000 	C:\windows\System32\ole32.dll
0x00007ffc01a40000 - 0x00007ffc01d94000 	C:\windows\System32\combase.dll
0x00007ffbdf240000 - 0x00007ffbdf265000 	C:\Users\JPiccione\.p2\pool\plugins\org.eclipse.justj.openjdk.hotspot.jre.full.win32.x86_64_17.0.8.v20230831-1047\jre\bin\java.dll
0x00007ffbdf040000 - 0x00007ffbdf058000 	C:\Users\JPiccione\.p2\pool\plugins\org.eclipse.justj.openjdk.hotspot.jre.full.win32.x86_64_17.0.8.v20230831-1047\jre\bin\zip.dll
0x00007ffc00fd0000 - 0x00007ffc01714000 	C:\windows\System32\SHELL32.dll
0x00007ffbfe0c0000 - 0x00007ffbfe85b000 	C:\windows\SYSTEM32\windows.storage.dll
0x00007ffbffd50000 - 0x00007ffbffd7d000 	C:\windows\SYSTEM32\Wldp.dll
0x00007ffc022f0000 - 0x00007ffc0239d000 	C:\windows\System32\SHCORE.dll
0x00007ffc01720000 - 0x00007ffc01775000 	C:\windows\System32\shlwapi.dll
0x00007ffc00580000 - 0x00007ffc005a5000 	C:\windows\SYSTEM32\profapi.dll
0x00007ffbdf130000 - 0x00007ffbdf149000 	C:\Users\JPiccione\.p2\pool\plugins\org.eclipse.justj.openjdk.hotspot.jre.full.win32.x86_64_17.0.8.v20230831-1047\jre\bin\net.dll
0x00007ffbff2d0000 - 0x00007ffbff3da000 	C:\windows\SYSTEM32\WINHTTP.dll
0x00007ffbffab0000 - 0x00007ffbffb1a000 	C:\windows\system32\mswsock.dll
0x00007ffbdf070000 - 0x00007ffbdf085000 	C:\Users\JPiccione\.p2\pool\plugins\org.eclipse.justj.openjdk.hotspot.jre.full.win32.x86_64_17.0.8.v20230831-1047\jre\bin\nio.dll
0x00007ffbffca0000 - 0x00007ffbffcb8000 	C:\windows\SYSTEM32\CRYPTSP.dll
0x00007ffbff240000 - 0x00007ffbff274000 	C:\windows\system32\rsaenh.dll
0x00007ffc00e40000 - 0x00007ffc00e67000 	C:\windows\System32\bcrypt.dll
0x00007ffc00500000 - 0x00007ffc0052e000 	C:\windows\SYSTEM32\USERENV.dll
0x00007ffbffcc0000 - 0x00007ffbffccc000 	C:\windows\SYSTEM32\CRYPTBASE.dll
0x00007ffbff750000 - 0x00007ffbff78b000 	C:\windows\SYSTEM32\IPHLPAPI.DLL
0x00007ffc01e70000 - 0x00007ffc01e78000 	C:\windows\System32\NSI.dll
0x00007ffbf9760000 - 0x00007ffbf9777000 	C:\windows\SYSTEM32\dhcpcsvc6.DLL
0x00007ffbf9590000 - 0x00007ffbf95ad000 	C:\windows\SYSTEM32\dhcpcsvc.DLL
0x00007ffbff7a0000 - 0x00007ffbff86a000 	C:\windows\SYSTEM32\DNSAPI.dll
0x00007ffbe2950000 - 0x00007ffbe295e000 	C:\Users\JPiccione\.p2\pool\plugins\org.eclipse.justj.openjdk.hotspot.jre.full.win32.x86_64_17.0.8.v20230831-1047\jre\bin\sunmscapi.dll
0x00007ffc00e70000 - 0x00007ffc00fcd000 	C:\windows\System32\CRYPT32.dll
0x00007ffbffdc0000 - 0x00007ffbffde7000 	C:\windows\SYSTEM32\ncrypt.dll
0x00007ffbffd80000 - 0x00007ffbffdbb000 	C:\windows\SYSTEM32\NTASN1.dll
0x00007ffbfbc50000 - 0x00007ffbfbc59000 	C:\Users\JPiccione\.p2\pool\plugins\org.eclipse.justj.openjdk.hotspot.jre.full.win32.x86_64_17.0.8.v20230831-1047\jre\bin\management.dll
0x00007ffbf98c0000 - 0x00007ffbf98cb000 	C:\Users\JPiccione\.p2\pool\plugins\org.eclipse.justj.openjdk.hotspot.jre.full.win32.x86_64_17.0.8.v20230831-1047\jre\bin\management_ext.dll
0x00007ffc02450000 - 0x00007ffc02458000 	C:\windows\System32\PSAPI.DLL
0x00007ffbec5b0000 - 0x00007ffbec5c0000 	C:\Users\JPiccione\.p2\pool\plugins\org.eclipse.justj.openjdk.hotspot.jre.full.win32.x86_64_17.0.8.v20230831-1047\jre\bin\verify.dll
0x00007ffbf0bf0000 - 0x00007ffbf0bfa000 	C:\Windows\System32\rasadhlp.dll
0x00007ffbf9b00000 - 0x00007ffbf9b82000 	C:\windows\System32\fwpuclnt.dll
0x00007ffbe0900000 - 0x00007ffbe0917000 	C:\windows\system32\napinsp.dll
0x00007ffbe0a40000 - 0x00007ffbe0a5b000 	C:\windows\system32\pnrpnsp.dll
0x00007ffbf9b90000 - 0x00007ffbf9ba5000 	C:\windows\system32\wshbth.dll
0x00007ffbfb650000 - 0x00007ffbfb66d000 	C:\windows\system32\NLAapi.dll
0x00007ffbe0a60000 - 0x00007ffbe0a72000 	C:\windows\System32\winrnr.dll
0x00007ffbe19f0000 - 0x00007ffbe19f7000 	C:\windows\system32\wshunix.dll

dbghelp: loaded successfully - version: 4.0.5 - missing functions: none
symbol engine: initialized successfully - sym options: 0x614 - pdb path: .;C:\Users\JPiccione\.p2\pool\plugins\org.eclipse.justj.openjdk.hotspot.jre.full.win32.x86_64_17.0.8.v20230831-1047\jre\bin;C:\windows\SYSTEM32;C:\Program Files\SentinelOne\Sentinel Agent 23.1.4.650;C:\windows\WinSxS\amd64_microsoft.windows.common-controls_6595b64144ccf1df_6.0.19041.3570_none_60bb2a3971f3e41a;C:\Users\JPiccione\.p2\pool\plugins\org.eclipse.justj.openjdk.hotspot.jre.full.win32.x86_64_17.0.8.v20230831-1047\jre\bin\server

VM Arguments:
jvm_args: -Dfile.encoding=UTF-8 -XX:+ShowCodeDetailsInExceptionMessages -agentpath:C:\Program Files\SentinelOne\Sentinel Agent 23.1.4.650\SentinelJava64.dll 
java_command: com.spencer.ItemApp.ItemAppApplication
java_class_path (initial): C:\Users\JPiccione\OneDrive - Spencer Gifts LLC\Documents\ItemApp\target\classes;C:\Users\JPiccione\.m2\repository\org\springframework\boot\spring-boot-starter-data-jpa\3.1.4\spring-boot-starter-data-jpa-3.1.4.jar;C:\Users\JPiccione\.m2\repository\org\springframework\boot\spring-boot-starter-aop\3.1.4\spring-boot-starter-aop-3.1.4.jar;C:\Users\JPiccione\.m2\repository\org\aspectj\aspectjweaver\1.9.20\aspectjweaver-1.9.20.jar;C:\Users\JPiccione\.m2\repository\org\springframework\boot\spring-boot-starter-jdbc\3.1.4\spring-boot-starter-jdbc-3.1.4.jar;C:\Users\JPiccione\.m2\repository\com\zaxxer\HikariCP\5.0.1\HikariCP-5.0.1.jar;C:\Users\JPiccione\.m2\repository\org\springframework\spring-jdbc\6.0.12\spring-jdbc-6.0.12.jar;C:\Users\JPiccione\.m2\repository\org\hibernate\orm\hibernate-core\6.2.9.Final\hibernate-core-6.2.9.Final.jar;C:\Users\JPiccione\.m2\repository\jakarta\persistence\jakarta.persistence-api\3.1.0\jakarta.persistence-api-3.1.0.jar;C:\Users\JPiccione\.m2\repository\jakarta\transaction\jakarta.transaction-api\2.0.1\jakarta.transaction-api-2.0.1.jar;C:\Users\JPiccione\.m2\repository\org\jboss\logging\jboss-logging\3.5.3.Final\jboss-logging-3.5.3.Final.jar;C:\Users\JPiccione\.m2\repository\org\hibernate\common\hibernate-commons-annotations\6.0.6.Final\hibernate-commons-annotations-6.0.6.Final.jar;C:\Users\JPiccione\.m2\repository\io\smallrye\jandex\3.0.5\jandex-3.0.5.jar;C:\Users\JPiccione\.m2\repository\com\fasterxml\classmate\1.5.1\classmate-1.5.1.jar;C:\Users\JPiccione\.m2\repository\net\bytebuddy\byte-buddy\1.14.8\byte-buddy-1.14.8.jar;C:\Users\JPiccione\.m2\repository\org\glassfish\jaxb\jaxb-runtime\4.0.3\jaxb-runtime-4.0.3.jar;C:\Users\JPiccione\.m2\repository\org\glassfish\jaxb\jaxb-core\4.0.3\jaxb-core-4.0.3.jar;C:\Users\JPiccione\.m2\repository\org\eclipse\angus\angus-activation\2.0.1\angus-activation-2.0.1.jar;C:\Users\JPiccione\.m2\repository\org\glassfish\jaxb\txw2\4.0.3\txw2-4.0.3.jar;C:\Users\JPiccione\.m2\repositor
Launcher Type: SUN_STANDARD

[Global flags]
     intx CICompilerCount                          = 3                                         {product} {ergonomic}
     uint ConcGCThreads                            = 1                                         {product} {ergonomic}
     uint G1ConcRefinementThreads                  = 4                                         {product} {ergonomic}
   size_t G1HeapRegionSize                         = 2097152                                   {product} {ergonomic}
    uintx GCDrainStackTargetSize                   = 64                                        {product} {ergonomic}
   size_t InitialHeapSize                          = 264241152                                 {product} {ergonomic}
   size_t MarkStackSize                            = 4194304                                   {product} {ergonomic}
   size_t MaxHeapSize                              = 4215275520                                {product} {ergonomic}
   size_t MaxNewSize                               = 2529165312                                {product} {ergonomic}
   size_t MinHeapDeltaBytes                        = 2097152                                   {product} {ergonomic}
   size_t MinHeapSize                              = 8388608                                   {product} {ergonomic}
    uintx NonNMethodCodeHeapSize                   = 5832780                                {pd product} {ergonomic}
    uintx NonProfiledCodeHeapSize                  = 122912730                              {pd product} {ergonomic}
    uintx ProfiledCodeHeapSize                     = 122912730                              {pd product} {ergonomic}
    uintx ReservedCodeCacheSize                    = 251658240                              {pd product} {ergonomic}
     bool SegmentedCodeCache                       = true                                      {product} {ergonomic}
     bool ShowCodeDetailsInExceptionMessages       = true                                   {manageable} {command line}
   size_t SoftMaxHeapSize                          = 4215275520                             {manageable} {ergonomic}
     bool UseCompressedClassPointers               = true                           {product lp64_product} {ergonomic}
     bool UseCompressedOops                        = true                           {product lp64_product} {ergonomic}
     bool UseG1GC                                  = true                                      {product} {ergonomic}
     bool UseLargePagesIndividualAllocation        = false                                  {pd product} {ergonomic}

Logging:
Log output configuration:
 #0: stdout all=warning uptime,level,tags
 #1: stderr all=off uptime,level,tags

Environment Variables:
PATH=C:/Users/JPiccione/.p2/pool/plugins/org.eclipse.justj.openjdk.hotspot.jre.full.win32.x86_64_17.0.8.v20230831-1047/jre/bin/server;C:/Users/JPiccione/.p2/pool/plugins/org.eclipse.justj.openjdk.hotspot.jre.full.win32.x86_64_17.0.8.v20230831-1047/jre/bin;C:\Program Files\Common Files\Oracle\Java\javapath;C:\Program Files (x86)\Common Files\Oracle\Java\javapath;C:\Program Files\Microsoft\jdk-11.0.16.101-hotspot\bin;C:\Program Files (x86)\Business Objects\Common\3.5\bin\NOTES\;C:\Program Files (x86)\Business Objects\Common\3.5\bin\NOTES\DATA\;C:\windows\system32;C:\windows;C:\windows\System32\Wbem;C:\windows\System32\WindowsPowerShell\v1.0\;C:\windows\System32\OpenSSH\;C:\Program Files (x86)\IBM\Client Access\Emulator;C:\Program Files (x86)\IBM\Client Access\Shared;C:\Program Files (x86)\IBM\Client Access\;C:\Program Files (x86)\HEAT\;C:\Program Files (x86)\Microsoft SQL Server\160\DTS\Binn\;C:\Program Files\Azure Data Studio\bin;C:\Program Files\PuTTY\;C:\Program Files\Git\cmd;C:\Program Files\Microsoft SQL Server\150\Tools\Binn\;C:\Program Files\Microsoft SQL Server\Client SDK\ODBC\170\Tools\Binn\;C:\Program Files\dotnet\;C:\Program Files (x86)\Windows Kits\10\Windows Performance Toolkit\;c:\Program Files (x86)\Microsoft SQL Server\110\Tools\Binn\;c:\Program Files\Microsoft SQL Server\110\Tools\Binn\;c:\Program Files\Microsoft SQL Server\110\DTS\Binn\;C:\Program Files (x86)\Microsoft SQL Server\150\Tools\Binn\;C:\Program Files\Microsoft SQL Server\150\DTS\Binn\;C:\Users\JPiccione\AppData\Local\Microsoft\WindowsApps;C:\Program Files\Azure Data Studio\bin;C:\Users\JPiccione\.dotnet\tools;C:\Users\JPiccione\AppData\Local\Programs\Azure Data Studio\bin;C:\Program Files\JetBrains\IntelliJ IDEA 2023.2\bin;;C:\Users\JPiccione\AppData\Local\GitHubDesktop\bin;C:\windows\system32;
USERNAME=JPiccione
OS=Windows_NT
PROCESSOR_IDENTIFIER=Intel64 Family 6 Model 61 Stepping 4, GenuineIntel
TMP=C:\Users\JPICCI~1\AppData\Local\Temp
TEMP=C:\Users\JPICCI~1\AppData\Local\Temp



---------------  S Y S T E M  ---------------

OS:
 Windows 10 , 64 bit Build 19041 (10.0.19041.3570)
OS uptime: 6 days 1:59 hours

CPU: total 4 (initial active 4) (2 cores per cpu, 2 threads per core) family 6 model 61 stepping 4 microcode 0x2d, cx8, cmov, fxsr, ht, mmx, 3dnowpref, sse, sse2, sse3, ssse3, sse4.1, sse4.2, popcnt, lzcnt, tsc, tscinvbit, avx, avx2, aes, erms, clmul, bmi1, bmi2, rtm, adx, fma, vzeroupper, clflush
Processor Information for all 4 processors :
  Max Mhz: 2594, Current Mhz: 2594, Mhz Limit: 2594

Memory: 4k page, system-wide physical 16079M (7256M free)
TotalPageFile size 18511M (AvailPageFile size 7568M)
current process WorkingSet (physical memory assigned to process): 288M, peak: 380M
current process commit charge ("private bytes"): 310M, peak: 395M

vm_info: OpenJDK 64-Bit Server VM (17.0.8.1+1) for windows-amd64 JRE (17.0.8.1+1), built on Aug 23 2023 15:29:17 by "admin" with MS VC++ 16.7 (VS2019)

END.
