#
# A fatal error has been detected by the Java Runtime Environment:
#
#  EXCEPTION_ACCESS_VIOLATION (0xc0000005) at pc=0x0000021fca689170, pid=12344, tid=18908
#
# JRE version: OpenJDK Runtime Environment Temurin-17.0.8.1+1 (17.0.8.1+1) (build 17.0.8.1+1)
# Java VM: OpenJDK 64-Bit Server VM Temurin-17.0.8.1+1 (17.0.8.1+1, mixed mode, tiered, compressed oops, compressed class ptrs, g1 gc, windows-amd64)
# Problematic frame:
# j  org.springframework.security.web.servletapi.HttpServlet3RequestFactory$Servlet3SecurityContextHolderAwareRequestWrapper.authenticate(Ljakarta/servlet/http/HttpServletResponse;)Z+4
#
# No core dump will be written. Minidumps are not enabled by default on client versions of Windows
#
# If you would like to submit a bug report, please visit:
#   https://github.com/adoptium/adoptium-support/issues
#

---------------  S U M M A R Y ------------

Command Line: -Dfile.encoding=UTF-8 -XX:+ShowCodeDetailsInExceptionMessages -agentpath:C:\Program Files\SentinelOne\Sentinel Agent 23.1.4.650\SentinelJava64.dll com.spencer.ItemApp.ItemAppApplication

Host: Intel(R) Core(TM) i7-5600U CPU @ 2.60GHz, 4 cores, 15G,  Windows 10 , 64 bit Build 19041 (10.0.19041.3570)
Time: Tue Oct 31 15:25:55 2023 Eastern Daylight Time elapsed time: 22.095984 seconds (0d 0h 0m 22s)

---------------  T H R E A D  ---------------

Current thread (0x0000021fe65d02f0):  JavaThread "http-nio-8080-exec-2" daemon [_thread_in_Java, id=18908, stack(0x0000002a6ec00000,0x0000002a6ed00000)]

Stack: [0x0000002a6ec00000,0x0000002a6ed00000],  sp=0x0000002a6ecf9580,  free space=997k
Native frames: (J=compiled Java code, j=interpreted, Vv=VM code, C=native code)
C  0x0000021fca689170


siginfo: EXCEPTION_ACCESS_VIOLATION (0xc0000005), reading address 0x0000000246cc5a40


Register to memory mapping:

RIP=0x0000021fca689170 is at code_begin+272 in an Interpreter codelet
getfield  180 getfield  [0x0000021fca689060, 0x0000021fca689980]  2336 bytes
RAX=0x0000000084000005 is an unknown value
RBX=0x0000000000000020 is an unknown value
RCX=0x0000021feb3d35c8 is pointing into metadata
RDX=0x0000000000000020 is an unknown value
RSP=0x0000002a6ecf9580 is pointing into the stack for thread: 0x0000021fe65d02f0
RBP=0x0000002a6ecf95c8 is pointing into the stack for thread: 0x0000021fe65d02f0
RSI=0x0000002a6ecf9a20 is pointing into the stack for thread: 0x0000021fe65d02f0
RDI=0x0000021fe65d02f0 is a thread
R8 =0x0000000000000006 is an unknown value
R9 =0x0000000246cc5a40 is an unknown value
R10=0x0000021fe3d108f0 points into unknown readable memory: 0x0000001e00000005 | 05 00 00 00 1e 00 00 00
R11=0x0000021feb0c1438 is pointing into metadata
R12=0x0 is NULL
R13=0x0000021feb3d1bf4 is pointing into metadata
R14=0x0000002a6ecf95e8 is pointing into the stack for thread: 0x0000021fe65d02f0
R15=0x0000021fe65d02f0 is a thread


Registers:
RAX=0x0000000084000005, RBX=0x0000000000000020, RCX=0x0000021feb3d35c8, RDX=0x0000000000000020
RSP=0x0000002a6ecf9580, RBP=0x0000002a6ecf95c8, RSI=0x0000002a6ecf9a20, RDI=0x0000021fe65d02f0
R8 =0x0000000000000006, R9 =0x0000000246cc5a40, R10=0x0000021fe3d108f0, R11=0x0000021feb0c1438
R12=0x0000000000000000, R13=0x0000021feb3d1bf4, R14=0x0000002a6ecf95e8, R15=0x0000021fe65d02f0
RIP=0x0000021fca689170, EFLAGS=0x0000000000010202

Top of Stack: (sp=0x0000002a6ecf9580)
0x0000002a6ecf9580:   0000002a6ecf9580 0000021feb3d1bf4
0x0000002a6ecf9590:   0000002a6ecf95e8 0000021feb3d35c8
0x0000002a6ecf95a0:   0000021febb02f20 0000000707cf62f0
0x0000002a6ecf95b0:   0000021feb3d1c70 0000000000000000
0x0000002a6ecf95c0:   0000002a6ecf95e0 0000002a6ecf97c0
0x0000002a6ecf95d0:   0000021fca671010 0000000000000000
0x0000002a6ecf95e0:   0000000707c32348 00007ffd358ee30a
0x0000002a6ecf95f0:   0000021fe65d02f0 0000000000000000
0x0000002a6ecf9600:   0000021fdde27260 0000000000000000
0x0000002a6ecf9610:   0000002a6ecf9b01 00007ffd35ae0600
0x0000002a6ecf9620:   0000021fe65d02f0 0000021fe996f8d0
0x0000002a6ecf9630:   0000021fdb78e0e8 0000000000000000
0x0000002a6ecf9640:   0000002a6ecf97b8 00007ffd35cccf98
0x0000002a6ecf9650:   0000000000000000 0000021fe65d02f0
0x0000002a6ecf9660:   0000021fe3a7cea0 00007ffd3555f3a2
0x0000002a6ecf9670:   0000021fdde27270 0000021fdde27648 

Instructions: (pc=0x0000021fca689170)
0x0000021fca689070:   fb 11 04 24 eb 14 48 83 ec 10 48 89 04 24 48 c7
0x0000021fca689080:   44 24 08 00 00 00 00 eb 01 50 41 0f b7 55 01 48
0x0000021fca689090:   8b 4d d0 c1 e2 02 8b 5c d1 20 c1 eb 10 81 e3 ff
0x0000021fca6890a0:   00 00 00 81 fb b4 00 00 00 0f 84 b6 00 00 00 bb
0x0000021fca6890b0:   b4 00 00 00 e8 05 00 00 00 e9 9b 00 00 00 48 8b
0x0000021fca6890c0:   d3 48 8d 44 24 08 4c 89 6d c0 49 8b cf c5 f8 77
0x0000021fca6890d0:   49 89 af a0 02 00 00 49 89 87 90 02 00 00 48 83
0x0000021fca6890e0:   ec 20 f7 c4 0f 00 00 00 0f 84 1a 00 00 00 48 83
0x0000021fca6890f0:   ec 08 49 ba 10 4f 71 35 fd 7f 00 00 41 ff d2 48
0x0000021fca689100:   83 c4 08 e9 0d 00 00 00 49 ba 10 4f 71 35 fd 7f
0x0000021fca689110:   00 00 41 ff d2 48 83 c4 20 49 c7 87 90 02 00 00
0x0000021fca689120:   00 00 00 00 49 c7 87 a0 02 00 00 00 00 00 00 49
0x0000021fca689130:   c7 87 98 02 00 00 00 00 00 00 c5 f8 77 49 81 7f
0x0000021fca689140:   08 00 00 00 00 0f 84 05 00 00 00 e9 b0 7d fe ff
0x0000021fca689150:   4c 8b 6d c0 4c 8b 75 c8 c3 41 0f b7 55 01 48 8b
0x0000021fca689160:   4d d0 c1 e2 02 48 8b 5c d1 30 8b 44 d1 38 41 59
0x0000021fca689170:   49 3b 01 c1 e8 1c 83 e0 0f 0f 85 d4 00 00 00 41
0x0000021fca689180:   0f be 04 19 50 41 b9 cc 00 00 00 41 0f b6 5d 00
0x0000021fca689190:   81 fb ca 00 00 00 0f 85 ae 00 00 00 48 8b 5d e8
0x0000021fca6891a0:   e8 05 00 00 00 e9 9e 00 00 00 4d 8b c5 48 8b d3
0x0000021fca6891b0:   48 8d 44 24 08 4c 89 6d c0 49 8b cf c5 f8 77 49
0x0000021fca6891c0:   89 af a0 02 00 00 49 89 87 90 02 00 00 48 83 ec
0x0000021fca6891d0:   20 f7 c4 0f 00 00 00 0f 84 1a 00 00 00 48 83 ec
0x0000021fca6891e0:   08 49 ba 80 5d 71 35 fd 7f 00 00 41 ff d2 48 83
0x0000021fca6891f0:   c4 08 e9 0d 00 00 00 49 ba 80 5d 71 35 fd 7f 00
0x0000021fca689200:   00 41 ff d2 48 83 c4 20 49 c7 87 90 02 00 00 00
0x0000021fca689210:   00 00 00 49 c7 87 a0 02 00 00 00 00 00 00 49 c7
0x0000021fca689220:   87 98 02 00 00 00 00 00 00 c5 f8 77 49 81 7f 08
0x0000021fca689230:   00 00 00 00 0f 84 05 00 00 00 e9 c1 7c fe ff 4c
0x0000021fca689240:   8b 6d c0 4c 8b 75 c8 c3 eb 04 45 88 4d 00 e9 fd
0x0000021fca689250:   06 00 00 83 f8 01 0f 85 d4 00 00 00 41 0f b6 04
0x0000021fca689260:   19 50 41 b9 cc 00 00 00 41 0f b6 5d 00 81 fb ca 


Stack slot to memory mapping:
stack at sp + 0 slots: 0x0000002a6ecf9580 is pointing into the stack for thread: 0x0000021fe65d02f0
stack at sp + 1 slots: 0x0000021feb3d1bf4 is pointing into metadata
stack at sp + 2 slots: 0x0000002a6ecf95e8 is pointing into the stack for thread: 0x0000021fe65d02f0
stack at sp + 3 slots: 0x0000021feb3d35c8 is pointing into metadata
stack at sp + 4 slots: 0x0000021febb02f20 is pointing into metadata
stack at sp + 5 slots: 0x0000000707cf62f0 is an oop: java.lang.Class 
{0x0000000707cf62f0} - klass: 'java/lang/Class'
 - ---- fields (total size 14 words):
 - private volatile transient 'classRedefinedCount' 'I' @12  0
 - private volatile transient 'cachedConstructor' 'Ljava/lang/reflect/Constructor;' @40  NULL (0)
 - private transient 'name' 'Ljava/lang/String;' @44  "org.springframework.security.web.servletapi.HttpServlet3RequestFactory$Servlet3SecurityContextHolderAwareRequestWrapper"{0x0000000707cf93a0} (e0f9f274)
 - private transient 'module' 'Ljava/lang/Module;' @48  a 'java/lang/Module'{0x000000070501b7b8} (e0a036f7)
 - private final 'classLoader' 'Ljava/lang/ClassLoader;' @52  a 'jdk/internal/loader/ClassLoaders$AppClassLoader'{0x0000000705006000} (e0a00c00)
 - private transient 'classData' 'Ljava/lang/Object;' @56  NULL (0)
 - private transient 'packageName' 'Ljava/lang/String;' @60  "org.springframework.security.web.servletapi"{0x0000000706b9bed0} (e0d737da)
 - private final 'componentType' 'Ljava/lang/Class;' @64  NULL (0)
 - private volatile transient 'reflectionData' 'Ljava/lang/ref/SoftReference;' @68  NULL (0)
 - private volatile transient 'genericInfo' 'Lsun/reflect/generics/repository/ClassRepository;' @72  NULL (0)
 - private volatile transient 'enumConstants' '[Ljava/lang/Object;' @76  NULL (0)
 - private volatile transient 'enumConstantDirectory' 'Ljava/util/Map;' @80  NULL (0)
 - private volatile transient 'annotationData' 'Ljava/lang/Class$AnnotationData;' @84  NULL (0)
 - private volatile transient 'annotationType' 'Lsun/reflect/annotation/AnnotationType;' @88  NULL (0)
 - transient 'classValueMap' 'Ljava/lang/ClassValue$ClassValueMap;' @92  NULL (0)
 - signature: Lorg/springframework/security/web/servletapi/HttpServlet3RequestFactory$Servlet3SecurityContextHolderAwareRequestWrapper;
 - fake entry for mirror: 'org/springframework/security/web/servletapi/HttpServlet3RequestFactory$Servlet3SecurityContextHolderAwareRequestWrapper'
 - fake entry for array: NULL
 - fake entry for oop_size: 14
 - fake entry for static_oop_field_count: 0
stack at sp + 6 slots: {method} {0x0000021feb3d1c78} 'authenticate' '(Ljakarta/servlet/http/HttpServletResponse;)Z' in 'org/springframework/security/web/servletapi/HttpServlet3RequestFactory$Servlet3SecurityContextHolderAwareRequestWrapper'
stack at sp + 7 slots: 0x0 is NULL

getfield  180 getfield  [0x0000021fca689060, 0x0000021fca689980]  2336 bytes
[MachCode]
  0x0000021fca689060: 4883 ec08 | c5fa 1104 | 24eb 1f48 | 83ec 10c5 | fb11 0424 | eb14 4883 | ec10 4889 | 0424 48c7 
  0x0000021fca689080: 4424 0800 | 0000 00eb | 0150 410f | b755 0148 | 8b4d d0c1 | e202 8b5c | d120 c1eb | 1081 e3ff 
  0x0000021fca6890a0: 0000 0081 | fbb4 0000 | 000f 84b6 | 0000 00bb | b400 0000 | e805 0000 | 00e9 9b00 | 0000 488b 
  0x0000021fca6890c0: d348 8d44 | 2408 4c89 | 6dc0 498b | cfc5 f877 | 4989 afa0 | 0200 0049 | 8987 9002 | 0000 4883 
  0x0000021fca6890e0: ec20 f7c4 | 0f00 0000 | 0f84 1a00 | 0000 4883 | ec08 49ba | 104f 7135 | fd7f 0000 | 41ff d248 
  0x0000021fca689100: 83c4 08e9 | 0d00 0000 | 49ba 104f | 7135 fd7f | 0000 41ff | d248 83c4 | 2049 c787 | 9002 0000 
  0x0000021fca689120: 0000 0000 | 49c7 87a0 | 0200 0000 | 0000 0049 | c787 9802 | 0000 0000 | 0000 c5f8 | 7749 817f 
  0x0000021fca689140: 0800 0000 | 000f 8405 | 0000 00e9 | b07d feff | 4c8b 6dc0 | 4c8b 75c8 | c341 0fb7 | 5501 488b 
  0x0000021fca689160: 4dd0 c1e2 | 0248 8b5c | d130 8b44 | d138 4159 | 493b 01c1 | e81c 83e0 | 0f0f 85d4 | 0000 0041 
  0x0000021fca689180: 0fbe 0419 | 5041 b9cc | 0000 0041 | 0fb6 5d00 | 81fb ca00 | 0000 0f85 | ae00 0000 | 488b 5de8 
  0x0000021fca6891a0: e805 0000 | 00e9 9e00 | 0000 4d8b | c548 8bd3 | 488d 4424 | 084c 896d | c049 8bcf | c5f8 7749 
  0x0000021fca6891c0: 89af a002 | 0000 4989 | 8790 0200 | 0048 83ec | 20f7 c40f | 0000 000f | 841a 0000 | 0048 83ec 
  0x0000021fca6891e0: 0849 ba80 | 5d71 35fd | 7f00 0041 | ffd2 4883 | c408 e90d | 0000 0049 | ba80 5d71 | 35fd 7f00 
  0x0000021fca689200: 0041 ffd2 | 4883 c420 | 49c7 8790 | 0200 0000 | 0000 0049 | c787 a002 | 0000 0000 | 0000 49c7 
  0x0000021fca689220: 8798 0200 | 0000 0000 | 00c5 f877 | 4981 7f08 | 0000 0000 | 0f84 0500 | 0000 e9c1 | 7cfe ff4c 
  0x0000021fca689240: 8b6d c04c | 8b75 c8c3 | eb04 4588 | 4d00 e9fd | 0600 0083 | f801 0f85 | d400 0000 | 410f b604 
  0x0000021fca689260: 1950 41b9 | cc00 0000 | 410f b65d | 0081 fbca | 0000 000f | 85ae 0000 | 0048 8b5d | e8e8 0500 
  0x0000021fca689280: 0000 e99e | 0000 004d | 8bc5 488b | d348 8d44 | 2408 4c89 | 6dc0 498b | cfc5 f877 | 4989 afa0 
  0x0000021fca6892a0: 0200 0049 | 8987 9002 | 0000 4883 | ec20 f7c4 | 0f00 0000 | 0f84 1a00 | 0000 4883 | ec08 49ba 
  0x0000021fca6892c0: 805d 7135 | fd7f 0000 | 41ff d248 | 83c4 08e9 | 0d00 0000 | 49ba 805d | 7135 fd7f | 0000 41ff 
  0x0000021fca6892e0: d248 83c4 | 2049 c787 | 9002 0000 | 0000 0000 | 49c7 87a0 | 0200 0000 | 0000 0049 | c787 9802 
  0x0000021fca689300: 0000 0000 | 0000 c5f8 | 7749 817f | 0800 0000 | 000f 8405 | 0000 00e9 | e47b feff | 4c8b 6dc0 
  0x0000021fca689320: 4c8b 75c8 | c3eb 0445 | 884d 00e9 | 2006 0000 | 83f8 080f | 85d7 0000 | 0041 8b04 | 1948 c1e0 
  0x0000021fca689340: 0350 41b9 | cb00 0000 | 410f b65d | 0081 fbca | 0000 000f | 85ae 0000 | 0048 8b5d | e8e8 0500 
  0x0000021fca689360: 0000 e99e | 0000 004d | 8bc5 488b | d348 8d44 | 2408 4c89 | 6dc0 498b | cfc5 f877 | 4989 afa0 
  0x0000021fca689380: 0200 0049 | 8987 9002 | 0000 4883 | ec20 f7c4 | 0f00 0000 | 0f84 1a00 | 0000 4883 | ec08 49ba 
  0x0000021fca6893a0: 805d 7135 | fd7f 0000 | 41ff d248 | 83c4 08e9 | 0d00 0000 | 49ba 805d | 7135 fd7f | 0000 41ff 
  0x0000021fca6893c0: d248 83c4 | 2049 c787 | 9002 0000 | 0000 0000 | 49c7 87a0 | 0200 0000 | 0000 0049 | c787 9802 
  0x0000021fca6893e0: 0000 0000 | 0000 c5f8 | 7749 817f | 0800 0000 | 000f 8405 | 0000 00e9 | 047b feff | 4c8b 6dc0 
  0x0000021fca689400: 4c8b 75c8 | c3eb 0445 | 884d 00e9 | 4005 0000 | 83f8 040f | 85d3 0000 | 0041 8b04 | 1950 41b9 
  0x0000021fca689420: d000 0000 | 410f b65d | 0081 fbca | 0000 000f | 85ae 0000 | 0048 8b5d | e8e8 0500 | 0000 e99e 
  0x0000021fca689440: 0000 004d | 8bc5 488b | d348 8d44 | 2408 4c89 | 6dc0 498b | cfc5 f877 | 4989 afa0 | 0200 0049 
  0x0000021fca689460: 8987 9002 | 0000 4883 | ec20 f7c4 | 0f00 0000 | 0f84 1a00 | 0000 4883 | ec08 49ba | 805d 7135 
  0x0000021fca689480: fd7f 0000 | 41ff d248 | 83c4 08e9 | 0d00 0000 | 49ba 805d | 7135 fd7f | 0000 41ff | d248 83c4 
  0x0000021fca6894a0: 2049 c787 | 9002 0000 | 0000 0000 | 49c7 87a0 | 0200 0000 | 0000 0049 | c787 9802 | 0000 0000 
  0x0000021fca6894c0: 0000 c5f8 | 7749 817f | 0800 0000 | 000f 8405 | 0000 00e9 | 287a feff | 4c8b 6dc0 | 4c8b 75c8 
  0x0000021fca6894e0: c3eb 0445 | 884d 00e9 | 6404 0000 | 83f8 020f | 85d4 0000 | 0041 0fb7 | 0419 5041 | b9cd 0000 
  0x0000021fca689500: 0041 0fb6 | 5d00 81fb | ca00 0000 | 0f85 ae00 | 0000 488b | 5de8 e805 | 0000 00e9 | 9e00 0000 
  0x0000021fca689520: 4d8b c548 | 8bd3 488d | 4424 084c | 896d c049 | 8bcf c5f8 | 7749 89af | a002 0000 | 4989 8790 
  0x0000021fca689540: 0200 0048 | 83ec 20f7 | c40f 0000 | 000f 841a | 0000 0048 | 83ec 0849 | ba80 5d71 | 35fd 7f00 
  0x0000021fca689560: 0041 ffd2 | 4883 c408 | e90d 0000 | 0049 ba80 | 5d71 35fd | 7f00 0041 | ffd2 4883 | c420 49c7 
  0x0000021fca689580: 8790 0200 | 0000 0000 | 0049 c787 | a002 0000 | 0000 0000 | 49c7 8798 | 0200 0000 | 0000 00c5 
  0x0000021fca6895a0: f877 4981 | 7f08 0000 | 0000 0f84 | 0500 0000 | e94b 79fe | ff4c 8b6d | c04c 8b75 | c8c3 eb04 
  0x0000021fca6895c0: 4588 4d00 | e987 0300 | 0083 f803 | 0f85 d400 | 0000 410f | bf04 1950 | 41b9 d200 | 0000 410f 
  0x0000021fca6895e0: b65d 0081 | fbca 0000 | 000f 85ae | 0000 0048 | 8b5d e8e8 | 0500 0000 | e99e 0000 | 004d 8bc5 
  0x0000021fca689600: 488b d348 | 8d44 2408 | 4c89 6dc0 | 498b cfc5 | f877 4989 | afa0 0200 | 0049 8987 | 9002 0000 
  0x0000021fca689620: 4883 ec20 | f7c4 0f00 | 0000 0f84 | 1a00 0000 | 4883 ec08 | 49ba 805d | 7135 fd7f | 0000 41ff 
  0x0000021fca689640: d248 83c4 | 08e9 0d00 | 0000 49ba | 805d 7135 | fd7f 0000 | 41ff d248 | 83c4 2049 | c787 9002 
  0x0000021fca689660: 0000 0000 | 0000 49c7 | 87a0 0200 | 0000 0000 | 0049 c787 | 9802 0000 | 0000 0000 | c5f8 7749 
  0x0000021fca689680: 817f 0800 | 0000 000f | 8405 0000 | 00e9 6e78 | feff 4c8b | 6dc0 4c8b | 75c8 c3eb | 0445 884d 
  0x0000021fca6896a0: 00e9 aa02 | 0000 83f8 | 050f 85e3 | 0000 0049 | 8b04 1948 | 83ec 1048 | 8904 2448 | c744 2408 
  0x0000021fca6896c0: 0000 0000 | 41b9 d100 | 0000 410f | b65d 0081 | fbca 0000 | 000f 85ae | 0000 0048 | 8b5d e8e8 
  0x0000021fca6896e0: 0500 0000 | e99e 0000 | 004d 8bc5 | 488b d348 | 8d44 2408 | 4c89 6dc0 | 498b cfc5 | f877 4989 
  0x0000021fca689700: afa0 0200 | 0049 8987 | 9002 0000 | 4883 ec20 | f7c4 0f00 | 0000 0f84 | 1a00 0000 | 4883 ec08 
  0x0000021fca689720: 49ba 805d | 7135 fd7f | 0000 41ff | d248 83c4 | 08e9 0d00 | 0000 49ba | 805d 7135 | fd7f 0000 
  0x0000021fca689740: 41ff d248 | 83c4 2049 | c787 9002 | 0000 0000 | 0000 49c7 | 87a0 0200 | 0000 0000 | 0049 c787 
  0x0000021fca689760: 9802 0000 | 0000 0000 | c5f8 7749 | 817f 0800 | 0000 000f | 8405 0000 | 00e9 8277 | feff 4c8b 
  0x0000021fca689780: 6dc0 4c8b | 75c8 c3eb | 0445 884d | 00e9 be01 | 0000 83f8 | 060f 85dd | 0000 00c4 | c17a 1004 
  0x0000021fca6897a0: 1948 83ec | 08c5 fa11 | 0424 41b9 | cf00 0000 | 410f b65d | 0081 fbca | 0000 000f | 85ae 0000 
  0x0000021fca6897c0: 0048 8b5d | e8e8 0500 | 0000 e99e | 0000 004d | 8bc5 488b | d348 8d44 | 2408 4c89 | 6dc0 498b 
  0x0000021fca6897e0: cfc5 f877 | 4989 afa0 | 0200 0049 | 8987 9002 | 0000 4883 | ec20 f7c4 | 0f00 0000 | 0f84 1a00 
  0x0000021fca689800: 0000 4883 | ec08 49ba | 805d 7135 | fd7f 0000 | 41ff d248 | 83c4 08e9 | 0d00 0000 | 49ba 805d 
  0x0000021fca689820: 7135 fd7f | 0000 41ff | d248 83c4 | 2049 c787 | 9002 0000 | 0000 0000 | 49c7 87a0 | 0200 0000 
  0x0000021fca689840: 0000 0049 | c787 9802 | 0000 0000 | 0000 c5f8 | 7749 817f | 0800 0000 | 000f 8405 | 0000 00e9 
  0x0000021fca689860: 9c76 feff | 4c8b 6dc0 | 4c8b 75c8 | c3eb 0445 | 884d 00e9 | d800 0000 | c4c1 7b10 | 0419 4883 
  0x0000021fca689880: ec10 c5fb | 1104 2441 | b9ce 0000 | 0041 0fb6 | 5d00 81fb | ca00 0000 | 0f85 ae00 | 0000 488b 
  0x0000021fca6898a0: 5de8 e805 | 0000 00e9 | 9e00 0000 | 4d8b c548 | 8bd3 488d | 4424 084c | 896d c049 | 8bcf c5f8 
  0x0000021fca6898c0: 7749 89af | a002 0000 | 4989 8790 | 0200 0048 | 83ec 20f7 | c40f 0000 | 000f 841a | 0000 0048 
  0x0000021fca6898e0: 83ec 0849 | ba80 5d71 | 35fd 7f00 | 0041 ffd2 | 4883 c408 | e90d 0000 | 0049 ba80 | 5d71 35fd 
  0x0000021fca689900: 7f00 0041 | ffd2 4883 | c420 49c7 | 8790 0200 | 0000 0000 | 0049 c787 | a002 0000 | 0000 0000 
  0x0000021fca689920: 49c7 8798 | 0200 0000 | 0000 00c5 | f877 4981 | 7f08 0000 | 0000 0f84 | 0500 0000 | e9bf 75fe 
  0x0000021fca689940: ff4c 8b6d | c04c 8b75 | c8c3 eb04 | 4588 4d00 | 410f b65d | 0349 83c5 | 0349 ba90 | 55f2 35fd 
  0x0000021fca689960: 7f00 0041 | ff24 da90 | 0000 0000 | 0000 0000 | 0000 0000 | 0000 0000 | 0000 0000 | 0000 0000 
[/MachCode]

---------------  P R O C E S S  ---------------

Threads class SMR info:
_java_thread_list=0x0000021fe76d95c0, length=29, elements={
0x0000021fddc2b220, 0x0000021fddc30170, 0x0000021fddc6e270, 0x0000021fddc6f610,
0x0000021fddc70fe0, 0x0000021fddc719a0, 0x0000021fddc76eb0, 0x0000021fddce7f90,
0x0000021fddcf8d20, 0x0000021fdde06360, 0x0000021fdde28530, 0x0000021fe2843680,
0x0000021fe2843b90, 0x0000021fe2842c60, 0x0000021fe28454e0, 0x0000021fe28440a0,
0x0000021fe65d1c40, 0x0000021fe65d02f0, 0x0000021fe65d49d0, 0x0000021fe65d3080,
0x0000021fe65d4ee0, 0x0000021fe65cda70, 0x0000021fe65d0800, 0x0000021fe65cdf80,
0x0000021fe65d1220, 0x0000021fe65d2b70, 0x0000021fe65d0d10, 0x0000021fe65d3590,
0x0000021fe65d1730
}

Java Threads: ( => current thread )
  0x0000021fddc2b220 JavaThread "Reference Handler" daemon [_thread_blocked, id=14312, stack(0x0000002a6d300000,0x0000002a6d400000)]
  0x0000021fddc30170 JavaThread "Finalizer" daemon [_thread_blocked, id=16204, stack(0x0000002a6d400000,0x0000002a6d500000)]
  0x0000021fddc6e270 JavaThread "Signal Dispatcher" daemon [_thread_blocked, id=13444, stack(0x0000002a6d500000,0x0000002a6d600000)]
  0x0000021fddc6f610 JavaThread "Attach Listener" daemon [_thread_blocked, id=18136, stack(0x0000002a6d600000,0x0000002a6d700000)]
  0x0000021fddc70fe0 JavaThread "Service Thread" daemon [_thread_blocked, id=12768, stack(0x0000002a6d700000,0x0000002a6d800000)]
  0x0000021fddc719a0 JavaThread "Monitor Deflation Thread" daemon [_thread_blocked, id=10468, stack(0x0000002a6d800000,0x0000002a6d900000)]
  0x0000021fddc76eb0 JavaThread "C2 CompilerThread0" daemon [_thread_blocked, id=18764, stack(0x0000002a6d900000,0x0000002a6da00000)]
  0x0000021fddce7f90 JavaThread "C1 CompilerThread0" daemon [_thread_blocked, id=14456, stack(0x0000002a6da00000,0x0000002a6db00000)]
  0x0000021fddcf8d20 JavaThread "Sweeper thread" daemon [_thread_blocked, id=8520, stack(0x0000002a6db00000,0x0000002a6dc00000)]
  0x0000021fdde06360 JavaThread "Notification Thread" daemon [_thread_blocked, id=3784, stack(0x0000002a6dc00000,0x0000002a6dd00000)]
  0x0000021fdde28530 JavaThread "Common-Cleaner" daemon [_thread_blocked, id=18052, stack(0x0000002a6de00000,0x0000002a6df00000)]
  0x0000021fe2843680 JavaThread "Catalina-utility-1" [_thread_blocked, id=14904, stack(0x0000002a6e300000,0x0000002a6e400000)]
  0x0000021fe2843b90 JavaThread "Catalina-utility-2" [_thread_blocked, id=7404, stack(0x0000002a6e400000,0x0000002a6e500000)]
  0x0000021fe2842c60 JavaThread "container-0" [_thread_blocked, id=19188, stack(0x0000002a6e500000,0x0000002a6e600000)]
  0x0000021fe28454e0 JavaThread "mssql-jdbc-shared-timer-core-0" daemon [_thread_blocked, id=9336, stack(0x0000002a6e700000,0x0000002a6e800000)]
  0x0000021fe28440a0 JavaThread "HikariPool-1 housekeeper" daemon [_thread_blocked, id=17184, stack(0x0000002a6e800000,0x0000002a6e900000)]
  0x0000021fe65d1c40 JavaThread "http-nio-8080-exec-1" daemon [_thread_blocked, id=256, stack(0x0000002a6eb00000,0x0000002a6ec00000)]
=>0x0000021fe65d02f0 JavaThread "http-nio-8080-exec-2" daemon [_thread_in_Java, id=18908, stack(0x0000002a6ec00000,0x0000002a6ed00000)]
  0x0000021fe65d49d0 JavaThread "http-nio-8080-exec-3" daemon [_thread_blocked, id=13568, stack(0x0000002a6ed00000,0x0000002a6ee00000)]
  0x0000021fe65d3080 JavaThread "http-nio-8080-exec-4" daemon [_thread_blocked, id=13088, stack(0x0000002a6ee00000,0x0000002a6ef00000)]
  0x0000021fe65d4ee0 JavaThread "http-nio-8080-exec-5" daemon [_thread_blocked, id=17532, stack(0x0000002a6ef00000,0x0000002a6f000000)]
  0x0000021fe65cda70 JavaThread "http-nio-8080-exec-6" daemon [_thread_blocked, id=15872, stack(0x0000002a6f000000,0x0000002a6f100000)]
  0x0000021fe65d0800 JavaThread "http-nio-8080-exec-7" daemon [_thread_blocked, id=9616, stack(0x0000002a6f100000,0x0000002a6f200000)]
  0x0000021fe65cdf80 JavaThread "http-nio-8080-exec-8" daemon [_thread_blocked, id=12476, stack(0x0000002a6f200000,0x0000002a6f300000)]
  0x0000021fe65d1220 JavaThread "http-nio-8080-exec-9" daemon [_thread_blocked, id=4596, stack(0x0000002a6f300000,0x0000002a6f400000)]
  0x0000021fe65d2b70 JavaThread "http-nio-8080-exec-10" daemon [_thread_blocked, id=12792, stack(0x0000002a6f400000,0x0000002a6f500000)]
  0x0000021fe65d0d10 JavaThread "http-nio-8080-Poller" daemon [_thread_in_native, id=18212, stack(0x0000002a6f500000,0x0000002a6f600000)]
  0x0000021fe65d3590 JavaThread "http-nio-8080-Acceptor" daemon [_thread_in_native, id=7472, stack(0x0000002a6f600000,0x0000002a6f700000)]
  0x0000021fe65d1730 JavaThread "DestroyJavaVM" [_thread_blocked, id=13520, stack(0x0000002a6cc00000,0x0000002a6cd00000)]

Other Threads:
  0x0000021fddbc2500 VMThread "VM Thread" [stack: 0x0000002a6d200000,0x0000002a6d300000] [id=248]
  0x0000021fdde0b2c0 WatcherThread [stack: 0x0000002a6dd00000,0x0000002a6de00000] [id=15368]
  0x0000021fbfb3de00 GCTaskThread "GC Thread#0" [stack: 0x0000002a6cd00000,0x0000002a6ce00000] [id=16088]
  0x0000021fe23ab080 GCTaskThread "GC Thread#1" [stack: 0x0000002a6e000000,0x0000002a6e100000] [id=12004]
  0x0000021fe251f9b0 GCTaskThread "GC Thread#2" [stack: 0x0000002a6e100000,0x0000002a6e200000] [id=18236]
  0x0000021fe2ae4b60 GCTaskThread "GC Thread#3" [stack: 0x0000002a6e200000,0x0000002a6e300000] [id=13144]
  0x0000021fbfb3eb30 ConcurrentGCThread "G1 Main Marker" [stack: 0x0000002a6ce00000,0x0000002a6cf00000] [id=16196]
  0x0000021fdb690d30 ConcurrentGCThread "G1 Conc#0" [stack: 0x0000002a6cf00000,0x0000002a6d000000] [id=16648]
  0x0000021fdb734a60 ConcurrentGCThread "G1 Refine#0" [stack: 0x0000002a6d000000,0x0000002a6d100000] [id=5396]
  0x0000021fe33bd1b0 ConcurrentGCThread "G1 Refine#1" [stack: 0x0000002a6ea00000,0x0000002a6eb00000] [id=9400]
  0x0000021fdb7360e0 ConcurrentGCThread "G1 Service" [stack: 0x0000002a6d100000,0x0000002a6d200000] [id=5508]

Threads with active compile tasks:

VM state: not at safepoint (normal execution)

VM Mutex/Monitor currently owned by a thread: None

Heap address: 0x0000000704c00000, size: 4020 MB, Compressed Oops mode: Zero based, Oop shift amount: 3

CDS archive(s) not mapped
Compressed class space mapped at: 0x0000000800000000-0x0000000840000000, reserved size: 1073741824
Narrow klass base: 0x0000000800000000, Narrow klass shift: 0, Narrow klass range: 0x40000000

GC Precious Log:
 CPUs: 4 total, 4 available
 Memory: 16079M
 Large Page Support: Disabled
 NUMA Support: Disabled
 Compressed Oops: Enabled (Zero based)
 Heap Region Size: 2M
 Heap Min Capacity: 8M
 Heap Initial Capacity: 252M
 Heap Max Capacity: 4020M
 Pre-touch: Disabled
 Parallel Workers: 4
 Concurrent Workers: 1
 Concurrent Refinement Workers: 4
 Periodic GC: Disabled

Heap:
 garbage-first heap   total 75776K, used 52566K [0x0000000704c00000, 0x0000000800000000)
  region size 2048K, 11 young (22528K), 2 survivors (4096K)
 Metaspace       used 87666K, committed 88256K, reserved 1179648K
  class space    used 11076K, committed 11328K, reserved 1048576K

Heap Regions: E=young(eden), S=young(survivor), O=old, HS=humongous(starts), HC=humongous(continues), CS=collection set, F=free, OA=open archive, CA=closed archive, TAMS=top-at-mark-start (previous, next)
|   0|0x0000000704c00000, 0x0000000704e00000, 0x0000000704e00000|100%| O|  |TAMS 0x0000000704e00000, 0x0000000704c00000| Untracked 
|   1|0x0000000704e00000, 0x0000000705000000, 0x0000000705000000|100%| O|  |TAMS 0x0000000705000000, 0x0000000704e00000| Untracked 
|   2|0x0000000705000000, 0x0000000705200000, 0x0000000705200000|100%| O|  |TAMS 0x0000000705200000, 0x0000000705000000| Untracked 
|   3|0x0000000705200000, 0x0000000705400000, 0x0000000705400000|100%| O|  |TAMS 0x0000000705400000, 0x0000000705200000| Untracked 
|   4|0x0000000705400000, 0x0000000705600000, 0x0000000705600000|100%| O|  |TAMS 0x0000000705600000, 0x0000000705400000| Untracked 
|   5|0x0000000705600000, 0x0000000705800000, 0x0000000705800000|100%| O|  |TAMS 0x0000000705800000, 0x0000000705600000| Untracked 
|   6|0x0000000705800000, 0x0000000705a00000, 0x0000000705a00000|100%| O|  |TAMS 0x0000000705a00000, 0x0000000705800000| Untracked 
|   7|0x0000000705a00000, 0x0000000705c00000, 0x0000000705c00000|100%| O|  |TAMS 0x0000000705c00000, 0x0000000705a00000| Untracked 
|   8|0x0000000705c00000, 0x0000000705c57400, 0x0000000705e00000| 17%| O|  |TAMS 0x0000000705c57400, 0x0000000705c00000| Untracked 
|   9|0x0000000705e00000, 0x0000000706000000, 0x0000000706000000|100%| O|  |TAMS 0x0000000706000000, 0x0000000705e00000| Untracked 
|  10|0x0000000706000000, 0x0000000706200000, 0x0000000706200000|100%| O|  |TAMS 0x00000007061bb800, 0x0000000706000000| Untracked 
|  11|0x0000000706200000, 0x0000000706400000, 0x0000000706400000|100%| O|  |TAMS 0x0000000706200000, 0x0000000706200000| Untracked 
|  12|0x0000000706400000, 0x0000000706600000, 0x0000000706600000|100%| O|  |TAMS 0x0000000706400000, 0x0000000706400000| Untracked 
|  13|0x0000000706600000, 0x0000000706800000, 0x0000000706800000|100%| O|  |TAMS 0x0000000706600000, 0x0000000706600000| Untracked 
|  14|0x0000000706800000, 0x0000000706a00000, 0x0000000706a00000|100%| O|  |TAMS 0x0000000706800000, 0x0000000706800000| Untracked 
|  15|0x0000000706a00000, 0x0000000706c00000, 0x0000000706c00000|100%| O|  |TAMS 0x0000000706a00000, 0x0000000706a00000| Untracked 
|  16|0x0000000706c00000, 0x0000000706d1ac00, 0x0000000706e00000| 55%| O|  |TAMS 0x0000000706c00000, 0x0000000706c00000| Untracked 
|  17|0x0000000706e00000, 0x0000000706e00000, 0x0000000707000000|  0%| F|  |TAMS 0x0000000706e00000, 0x0000000706e00000| Untracked 
|  18|0x0000000707000000, 0x0000000707000000, 0x0000000707200000|  0%| F|  |TAMS 0x0000000707000000, 0x0000000707000000| Untracked 
|  19|0x0000000707200000, 0x0000000707200000, 0x0000000707400000|  0%| F|  |TAMS 0x0000000707200000, 0x0000000707200000| Untracked 
|  20|0x0000000707400000, 0x0000000707400000, 0x0000000707600000|  0%| F|  |TAMS 0x0000000707400000, 0x0000000707400000| Untracked 
|  21|0x0000000707600000, 0x0000000707600000, 0x0000000707800000|  0%| F|  |TAMS 0x0000000707600000, 0x0000000707600000| Untracked 
|  22|0x0000000707800000, 0x0000000707800000, 0x0000000707a00000|  0%| F|  |TAMS 0x0000000707800000, 0x0000000707800000| Untracked 
|  23|0x0000000707a00000, 0x0000000707be3ba8, 0x0000000707c00000| 94%| S|CS|TAMS 0x0000000707a00000, 0x0000000707a00000| Complete 
|  24|0x0000000707c00000, 0x0000000707e00000, 0x0000000707e00000|100%| S|CS|TAMS 0x0000000707c00000, 0x0000000707c00000| Complete 
|  25|0x0000000707e00000, 0x0000000707e00000, 0x0000000708000000|  0%| F|  |TAMS 0x0000000707e00000, 0x0000000707e00000| Untracked 
|  26|0x0000000708000000, 0x0000000708000000, 0x0000000708200000|  0%| F|  |TAMS 0x0000000708000000, 0x0000000708000000| Untracked 
|  27|0x0000000708200000, 0x0000000708200000, 0x0000000708400000|  0%| F|  |TAMS 0x0000000708200000, 0x0000000708200000| Untracked 
|  28|0x0000000708400000, 0x000000070846cac8, 0x0000000708600000| 21%| E|  |TAMS 0x0000000708400000, 0x0000000708400000| Complete 
|  29|0x0000000708600000, 0x0000000708800000, 0x0000000708800000|100%| E|CS|TAMS 0x0000000708600000, 0x0000000708600000| Complete 
|  30|0x0000000708800000, 0x0000000708a00000, 0x0000000708a00000|100%| E|CS|TAMS 0x0000000708800000, 0x0000000708800000| Complete 
|  31|0x0000000708a00000, 0x0000000708c00000, 0x0000000708c00000|100%| E|CS|TAMS 0x0000000708a00000, 0x0000000708a00000| Complete 
|  32|0x0000000708c00000, 0x0000000708e00000, 0x0000000708e00000|100%| E|CS|TAMS 0x0000000708c00000, 0x0000000708c00000| Complete 
|  33|0x0000000708e00000, 0x0000000709000000, 0x0000000709000000|100%| E|CS|TAMS 0x0000000708e00000, 0x0000000708e00000| Complete 
|  34|0x0000000709000000, 0x0000000709200000, 0x0000000709200000|100%| E|CS|TAMS 0x0000000709000000, 0x0000000709000000| Complete 
|  35|0x0000000709200000, 0x0000000709400000, 0x0000000709400000|100%| E|CS|TAMS 0x0000000709200000, 0x0000000709200000| Complete 
| 125|0x0000000714600000, 0x0000000714800000, 0x0000000714800000|100%| E|CS|TAMS 0x0000000714600000, 0x0000000714600000| Complete 

Card table byte_map: [0x0000021fd2920000,0x0000021fd3100000] _byte_map_base: 0x0000021fcf0fa000

Marking Bits (Prev, Next): (CMBitMap*) 0x0000021fbfb3e270, (CMBitMap*) 0x0000021fbfb3e230
 Prev Bits: [0x0000021fd77b0000, 0x0000021fdb680000)
 Next Bits: [0x0000021fd38e0000, 0x0000021fd77b0000)

Polling page: 0x0000021fbd9b0000

Metaspace:

Usage:
  Non-class:     74.79 MB used.
      Class:     10.82 MB used.
       Both:     85.61 MB used.

Virtual space:
  Non-class space:      128.00 MB reserved,      75.12 MB ( 59%) committed,  2 nodes.
      Class space:        1.00 GB reserved,      11.06 MB (  1%) committed,  1 nodes.
             Both:        1.12 GB reserved,      86.19 MB (  7%) committed. 

Chunk freelists:
   Non-Class:  4.91 MB
       Class:  4.95 MB
        Both:  9.85 MB

MaxMetaspaceSize: unlimited
CompressedClassSpaceSize: 1.00 GB
Initial GC threshold: 21.00 MB
Current GC threshold: 98.44 MB
CDS: off
MetaspaceReclaimPolicy: balanced
 - commit_granule_bytes: 65536.
 - commit_granule_words: 8192.
 - virtual_space_node_default_size: 8388608.
 - enlarge_chunks_in_place: 1.
 - new_chunks_are_fully_committed: 0.
 - uncommit_free_chunks: 1.
 - use_allocation_guard: 0.
 - handle_deallocations: 1.


Internal statistics:

num_allocs_failed_limit: 9.
num_arena_births: 808.
num_arena_deaths: 0.
num_vsnodes_births: 3.
num_vsnodes_deaths: 0.
num_space_committed: 1379.
num_space_uncommitted: 0.
num_chunks_returned_to_freelist: 9.
num_chunks_taken_from_freelist: 3458.
num_chunk_merges: 6.
num_chunk_splits: 2564.
num_chunks_enlarged: 2049.
num_inconsistent_stats: 0.

CodeHeap 'non-profiled nmethods': size=120000Kb used=4839Kb max_used=4839Kb free=115160Kb
 bounds [0x0000021fcac10000, 0x0000021fcb0d0000, 0x0000021fd2140000]
CodeHeap 'profiled nmethods': size=120000Kb used=12863Kb max_used=12863Kb free=107136Kb
 bounds [0x0000021fc3140000, 0x0000021fc3de0000, 0x0000021fca670000]
CodeHeap 'non-nmethods': size=5760Kb used=1394Kb max_used=1461Kb free=4365Kb
 bounds [0x0000021fca670000, 0x0000021fca8e0000, 0x0000021fcac10000]
 total_blobs=6782 nmethods=6048 adapters=646
 compilation: enabled
              stopped_count=0, restarted_count=0
 full_count=0

Compilation events (20 events):
Event: 22.058 Thread 0x0000021fddce7f90 nmethod 6760 0x0000021fcb0c8a10 code [0x0000021fcb0c8ba0, 0x0000021fcb0c8c78]
Event: 22.062 Thread 0x0000021fddce7f90 6761       1       java.util.logging.LogManager$LoggerWeakRef::setParentRef (6 bytes)
Event: 22.062 Thread 0x0000021fddce7f90 nmethod 6761 0x0000021fcb0c8d10 code [0x0000021fcb0c8ea0, 0x0000021fcb0c8fb8]
Event: 22.063 Thread 0x0000021fddc76eb0 nmethod 6756 0x0000021fcb0c9010 code [0x0000021fcb0c91c0, 0x0000021fcb0c9908]
Event: 22.063 Thread 0x0000021fddce7f90 6762       3       org.apache.jasper.compiler.SmapUtil$SDEInstaller::readU1 (21 bytes)
Event: 22.063 Thread 0x0000021fddce7f90 nmethod 6762 0x0000021fc3dcc490 code [0x0000021fc3dcc620, 0x0000021fc3dcc778]
Event: 22.063 Thread 0x0000021fddce7f90 6763       3       org.apache.jasper.compiler.SmapUtil$SDEInstaller::writeU1 (19 bytes)
Event: 22.063 Thread 0x0000021fddce7f90 nmethod 6763 0x0000021fc3dcc890 code [0x0000021fc3dcca20, 0x0000021fc3dccb78]
Event: 22.063 Thread 0x0000021fddce7f90 6764       3       org.apache.jasper.compiler.SmapUtil$SDEInstaller::readBytes (38 bytes)
Event: 22.064 Thread 0x0000021fddce7f90 nmethod 6764 0x0000021fc3dccc90 code [0x0000021fc3dcce40, 0x0000021fc3dcd0f8]
Event: 22.064 Thread 0x0000021fddce7f90 6765       3       org.apache.jasper.compiler.SmapUtil$SDEInstaller::writeBytes (45 bytes)
Event: 22.064 Thread 0x0000021fddce7f90 nmethod 6765 0x0000021fc3dcd210 code [0x0000021fc3dcd3c0, 0x0000021fc3dcd5d8]
Event: 22.064 Thread 0x0000021fddce7f90 6766       3       org.apache.jasper.compiler.SmapUtil$SDEInstaller::writeU2 (18 bytes)
Event: 22.064 Thread 0x0000021fddce7f90 nmethod 6766 0x0000021fc3dcd710 code [0x0000021fc3dcd8c0, 0x0000021fc3dcda78]
Event: 22.080 Thread 0x0000021fddce7f90 6767       3       org.apache.catalina.core.DefaultInstanceManager::findLifecycleCallback (110 bytes)
Event: 22.082 Thread 0x0000021fddce7f90 nmethod 6767 0x0000021fc3dcdb90 code [0x0000021fc3dcdec0, 0x0000021fc3dcf358]
Event: 22.089 Thread 0x0000021fddce7f90 6768       3       java.io.Writer::write (11 bytes)
Event: 22.090 Thread 0x0000021fddce7f90 nmethod 6768 0x0000021fc3dcfa10 code [0x0000021fc3dcfbc0, 0x0000021fc3dcfea8]
Event: 22.092 Thread 0x0000021fddce7f90 6769       3       java.nio.CharBuffer::position (6 bytes)
Event: 22.092 Thread 0x0000021fddce7f90 nmethod 6769 0x0000021fc3dd0010 code [0x0000021fc3dd01c0, 0x0000021fc3dd0368]

GC Heap History (20 events):
Event: 7.252 GC heap before
{Heap before GC invocations=10 (full 0):
 garbage-first heap   total 49152K, used 22996K [0x0000000704c00000, 0x0000000800000000)
  region size 2048K, 6 young (12288K), 2 survivors (4096K)
 Metaspace       used 35592K, committed 35968K, reserved 1114112K
  class space    used 4162K, committed 4352K, reserved 1048576K
}
Event: 7.261 GC heap after
{Heap after GC invocations=11 (full 0):
 garbage-first heap   total 153600K, used 17710K [0x0000000704c00000, 0x0000000800000000)
  region size 2048K, 1 young (2048K), 1 survivors (2048K)
 Metaspace       used 35592K, committed 35968K, reserved 1114112K
  class space    used 4162K, committed 4352K, reserved 1048576K
}
Event: 8.896 GC heap before
{Heap before GC invocations=12 (full 0):
 garbage-first heap   total 75776K, used 62766K [0x0000000704c00000, 0x0000000800000000)
  region size 2048K, 23 young (47104K), 1 survivors (2048K)
 Metaspace       used 43663K, committed 44096K, reserved 1114112K
  class space    used 5159K, committed 5376K, reserved 1048576K
}
Event: 8.901 GC heap after
{Heap after GC invocations=13 (full 0):
 garbage-first heap   total 75776K, used 20616K [0x0000000704c00000, 0x0000000800000000)
  region size 2048K, 2 young (4096K), 2 survivors (4096K)
 Metaspace       used 43663K, committed 44096K, reserved 1114112K
  class space    used 5159K, committed 5376K, reserved 1048576K
}
Event: 10.452 GC heap before
{Heap before GC invocations=13 (full 0):
 garbage-first heap   total 75776K, used 53384K [0x0000000704c00000, 0x0000000800000000)
  region size 2048K, 19 young (38912K), 2 survivors (4096K)
 Metaspace       used 54008K, committed 54464K, reserved 1114112K
  class space    used 6486K, committed 6720K, reserved 1048576K
}
Event: 10.460 GC heap after
{Heap after GC invocations=14 (full 0):
 garbage-first heap   total 75776K, used 23218K [0x0000000704c00000, 0x0000000800000000)
  region size 2048K, 2 young (4096K), 2 survivors (4096K)
 Metaspace       used 54008K, committed 54464K, reserved 1114112K
  class space    used 6486K, committed 6720K, reserved 1048576K
}
Event: 11.258 GC heap before
{Heap before GC invocations=14 (full 0):
 garbage-first heap   total 75776K, used 43698K [0x0000000704c00000, 0x0000000800000000)
  region size 2048K, 13 young (26624K), 2 survivors (4096K)
 Metaspace       used 59668K, committed 60160K, reserved 1114112K
  class space    used 7302K, committed 7488K, reserved 1048576K
}
Event: 11.264 GC heap after
{Heap after GC invocations=15 (full 0):
 garbage-first heap   total 75776K, used 24561K [0x0000000704c00000, 0x0000000800000000)
  region size 2048K, 2 young (4096K), 2 survivors (4096K)
 Metaspace       used 59668K, committed 60160K, reserved 1114112K
  class space    used 7302K, committed 7488K, reserved 1048576K
}
Event: 12.728 GC heap before
{Heap before GC invocations=16 (full 0):
 garbage-first heap   total 75776K, used 55281K [0x0000000704c00000, 0x0000000800000000)
  region size 2048K, 17 young (34816K), 2 survivors (4096K)
 Metaspace       used 65645K, committed 66176K, reserved 1114112K
  class space    used 8309K, committed 8512K, reserved 1048576K
}
Event: 12.735 GC heap after
{Heap after GC invocations=17 (full 0):
 garbage-first heap   total 75776K, used 26438K [0x0000000704c00000, 0x0000000800000000)
  region size 2048K, 2 young (4096K), 2 survivors (4096K)
 Metaspace       used 65645K, committed 66176K, reserved 1114112K
  class space    used 8309K, committed 8512K, reserved 1048576K
}
Event: 13.480 GC heap before
{Heap before GC invocations=17 (full 0):
 garbage-first heap   total 75776K, used 55110K [0x0000000704c00000, 0x0000000800000000)
  region size 2048K, 17 young (34816K), 2 survivors (4096K)
 Metaspace       used 69794K, committed 70272K, reserved 1114112K
  class space    used 8952K, committed 9152K, reserved 1048576K
}
Event: 13.488 GC heap after
{Heap after GC invocations=18 (full 0):
 garbage-first heap   total 75776K, used 28307K [0x0000000704c00000, 0x0000000800000000)
  region size 2048K, 2 young (4096K), 2 survivors (4096K)
 Metaspace       used 69794K, committed 70272K, reserved 1114112K
  class space    used 8952K, committed 9152K, reserved 1048576K
}
Event: 14.154 GC heap before
{Heap before GC invocations=18 (full 0):
 garbage-first heap   total 75776K, used 54931K [0x0000000704c00000, 0x0000000800000000)
  region size 2048K, 16 young (32768K), 2 survivors (4096K)
 Metaspace       used 73692K, committed 74240K, reserved 1114112K
  class space    used 9590K, committed 9856K, reserved 1048576K
}
Event: 14.161 GC heap after
{Heap after GC invocations=19 (full 0):
 garbage-first heap   total 75776K, used 30271K [0x0000000704c00000, 0x0000000800000000)
  region size 2048K, 2 young (4096K), 2 survivors (4096K)
 Metaspace       used 73692K, committed 74240K, reserved 1114112K
  class space    used 9590K, committed 9856K, reserved 1048576K
}
Event: 14.880 GC heap before
{Heap before GC invocations=19 (full 0):
 garbage-first heap   total 75776K, used 56895K [0x0000000704c00000, 0x0000000800000000)
  region size 2048K, 15 young (30720K), 2 survivors (4096K)
 Metaspace       used 76099K, committed 76672K, reserved 1179648K
  class space    used 9960K, committed 10240K, reserved 1048576K
}
Event: 14.888 GC heap after
{Heap after GC invocations=20 (full 0):
 garbage-first heap   total 75776K, used 32371K [0x0000000704c00000, 0x0000000800000000)
  region size 2048K, 2 young (4096K), 2 survivors (4096K)
 Metaspace       used 76099K, committed 76672K, reserved 1179648K
  class space    used 9960K, committed 10240K, reserved 1048576K
}
Event: 20.838 GC heap before
{Heap before GC invocations=20 (full 0):
 garbage-first heap   total 75776K, used 58995K [0x0000000704c00000, 0x0000000800000000)
  region size 2048K, 15 young (30720K), 2 survivors (4096K)
 Metaspace       used 79817K, committed 80320K, reserved 1179648K
  class space    used 10432K, committed 10688K, reserved 1048576K
}
Event: 20.849 GC heap after
{Heap after GC invocations=21 (full 0):
 garbage-first heap   total 75776K, used 34447K [0x0000000704c00000, 0x0000000800000000)
  region size 2048K, 2 young (4096K), 2 survivors (4096K)
 Metaspace       used 79817K, committed 80320K, reserved 1179648K
  class space    used 10432K, committed 10688K, reserved 1048576K
}
Event: 21.548 GC heap before
{Heap before GC invocations=21 (full 0):
 garbage-first heap   total 75776K, used 56975K [0x0000000704c00000, 0x0000000800000000)
  region size 2048K, 14 young (28672K), 2 survivors (4096K)
 Metaspace       used 84416K, committed 84992K, reserved 1179648K
  class space    used 10807K, committed 11072K, reserved 1048576K
}
Event: 21.557 GC heap after
{Heap after GC invocations=22 (full 0):
 garbage-first heap   total 75776K, used 36182K [0x0000000704c00000, 0x0000000800000000)
  region size 2048K, 2 young (4096K), 2 survivors (4096K)
 Metaspace       used 84416K, committed 84992K, reserved 1179648K
  class space    used 10807K, committed 11072K, reserved 1048576K
}

Dll operation events (9 events):
Event: 0.058 Loaded shared library C:\Users\JPiccione\.p2\pool\plugins\org.eclipse.justj.openjdk.hotspot.jre.full.win32.x86_64_17.0.8.v20230831-1047\jre\bin\java.dll
Event: 0.359 Loaded shared library C:\Users\JPiccione\.p2\pool\plugins\org.eclipse.justj.openjdk.hotspot.jre.full.win32.x86_64_17.0.8.v20230831-1047\jre\bin\jimage.dll
Event: 0.381 Loaded shared library C:\Users\JPiccione\.p2\pool\plugins\org.eclipse.justj.openjdk.hotspot.jre.full.win32.x86_64_17.0.8.v20230831-1047\jre\bin\net.dll
Event: 0.385 Loaded shared library C:\Users\JPiccione\.p2\pool\plugins\org.eclipse.justj.openjdk.hotspot.jre.full.win32.x86_64_17.0.8.v20230831-1047\jre\bin\nio.dll
Event: 0.394 Loaded shared library C:\Users\JPiccione\.p2\pool\plugins\org.eclipse.justj.openjdk.hotspot.jre.full.win32.x86_64_17.0.8.v20230831-1047\jre\bin\zip.dll
Event: 7.370 Loaded shared library C:\Users\JPiccione\.p2\pool\plugins\org.eclipse.justj.openjdk.hotspot.jre.full.win32.x86_64_17.0.8.v20230831-1047\jre\bin\sunmscapi.dll
Event: 7.382 Loaded shared library C:\Users\JPiccione\.p2\pool\plugins\org.eclipse.justj.openjdk.hotspot.jre.full.win32.x86_64_17.0.8.v20230831-1047\jre\bin\management.dll
Event: 7.385 Loaded shared library C:\Users\JPiccione\.p2\pool\plugins\org.eclipse.justj.openjdk.hotspot.jre.full.win32.x86_64_17.0.8.v20230831-1047\jre\bin\management_ext.dll
Event: 8.990 Loaded shared library C:\Users\JPiccione\.p2\pool\plugins\org.eclipse.justj.openjdk.hotspot.jre.full.win32.x86_64_17.0.8.v20230831-1047\jre\bin\verify.dll

Deoptimization events (20 events):
Event: 21.799 Thread 0x0000021fe65d02f0 DEOPT PACKING pc=0x0000021fcae5252c sp=0x0000002a6ecf9350
Event: 21.799 Thread 0x0000021fe65d02f0 DEOPT UNPACKING pc=0x0000021fca6c69a3 sp=0x0000002a6ecf9288 mode 2
Event: 21.831 Thread 0x0000021fe65d02f0 DEOPT PACKING pc=0x0000021fc33567f3 sp=0x0000002a6ecf7610
Event: 21.831 Thread 0x0000021fe65d02f0 DEOPT UNPACKING pc=0x0000021fca6c7143 sp=0x0000002a6ecf6ab0 mode 0
Event: 21.860 Thread 0x0000021fe65d02f0 Uncommon trap: trap_request=0xffffff6e fr.pc=0x0000021fcb0b953c relative=0x000000000000049c
Event: 21.861 Thread 0x0000021fe65d02f0 Uncommon trap: reason=loop_limit_check action=maybe_recompile pc=0x0000021fcb0b953c method=org.eclipse.jdt.internal.compiler.classfmt.ClassFileStruct.utf8At(II)[C @ 143 c2
Event: 21.861 Thread 0x0000021fe65d02f0 DEOPT PACKING pc=0x0000021fcb0b953c sp=0x0000002a6ecf97e0
Event: 21.861 Thread 0x0000021fe65d02f0 DEOPT UNPACKING pc=0x0000021fca6c69a3 sp=0x0000002a6ecf9778 mode 2
Event: 21.896 Thread 0x0000021fe65d02f0 Uncommon trap: trap_request=0xffffffcc fr.pc=0x0000021fcb0bbaa0 relative=0x0000000000000280
Event: 21.896 Thread 0x0000021fe65d02f0 Uncommon trap: reason=intrinsic_or_type_checked_inlining action=make_not_entrant pc=0x0000021fcb0bbaa0 method=java.util.ArrayList.toArray([Ljava/lang/Object;)[Ljava/lang/Object; @ 36 c2
Event: 21.896 Thread 0x0000021fe65d02f0 DEOPT PACKING pc=0x0000021fcb0bbaa0 sp=0x0000002a6ecf8b00
Event: 21.896 Thread 0x0000021fe65d02f0 DEOPT UNPACKING pc=0x0000021fca6c69a3 sp=0x0000002a6ecf8ac0 mode 2
Event: 21.908 Thread 0x0000021fe65d02f0 Uncommon trap: trap_request=0xffffff45 fr.pc=0x0000021fcae71e4c relative=0x000000000000032c
Event: 21.908 Thread 0x0000021fe65d02f0 Uncommon trap: reason=unstable_if action=reinterpret pc=0x0000021fcae71e4c method=java.util.HashMap.getNode(Ljava/lang/Object;)Ljava/util/HashMap$Node; @ 66 c2
Event: 21.908 Thread 0x0000021fe65d02f0 DEOPT PACKING pc=0x0000021fcae71e4c sp=0x0000002a6ecf8bd0
Event: 21.908 Thread 0x0000021fe65d02f0 DEOPT UNPACKING pc=0x0000021fca6c69a3 sp=0x0000002a6ecf8b10 mode 2
Event: 22.073 Thread 0x0000021fe65d02f0 Uncommon trap: trap_request=0xffffffde fr.pc=0x0000021fcac874b4 relative=0x0000000000001334
Event: 22.073 Thread 0x0000021fe65d02f0 Uncommon trap: reason=class_check action=maybe_recompile pc=0x0000021fcac874b4 method=jdk.internal.loader.URLClassPath.getLoader(I)Ljdk/internal/loader/URLClassPath$Loader; @ 88 c2
Event: 22.073 Thread 0x0000021fe65d02f0 DEOPT PACKING pc=0x0000021fcac874b4 sp=0x0000002a6ecf9df0
Event: 22.073 Thread 0x0000021fe65d02f0 DEOPT UNPACKING pc=0x0000021fca6c69a3 sp=0x0000002a6ecf9e30 mode 2

Classes unloaded (0 events):
No events

Classes redefined (0 events):
No events

Internal exceptions (20 events):
Event: 14.087 Thread 0x0000021fbfad1e20 Exception <a 'java/lang/reflect/InvocationTargetException'{0x0000000707a2b020}> (0x0000000707a2b020) 
thrown [s\src\hotspot\share\runtime\reflection.cpp, line 1121]
Event: 14.089 Thread 0x0000021fbfad1e20 Exception <a 'java/lang/reflect/InvocationTargetException'{0x0000000707a35d70}> (0x0000000707a35d70) 
thrown [s\src\hotspot\share\runtime\reflection.cpp, line 1121]
Event: 14.091 Thread 0x0000021fbfad1e20 Exception <a 'java/lang/reflect/InvocationTargetException'{0x0000000707a40ad8}> (0x0000000707a40ad8) 
thrown [s\src\hotspot\share\runtime\reflection.cpp, line 1121]
Event: 14.093 Thread 0x0000021fbfad1e20 Exception <a 'java/lang/reflect/InvocationTargetException'{0x0000000707a4bbe0}> (0x0000000707a4bbe0) 
thrown [s\src\hotspot\share\runtime\reflection.cpp, line 1121]
Event: 14.095 Thread 0x0000021fbfad1e20 Exception <a 'java/lang/reflect/InvocationTargetException'{0x0000000707a57d98}> (0x0000000707a57d98) 
thrown [s\src\hotspot\share\runtime\reflection.cpp, line 1121]
Event: 14.097 Thread 0x0000021fbfad1e20 Exception <a 'java/lang/reflect/InvocationTargetException'{0x0000000707a60820}> (0x0000000707a60820) 
thrown [s\src\hotspot\share\runtime\reflection.cpp, line 1121]
Event: 14.100 Thread 0x0000021fbfad1e20 Exception <a 'java/lang/reflect/InvocationTargetException'{0x0000000707a6c5f8}> (0x0000000707a6c5f8) 
thrown [s\src\hotspot\share\runtime\reflection.cpp, line 1121]
Event: 14.387 Thread 0x0000021fbfad1e20 Implicit null exception at 0x0000021fcad3ea41 to 0x0000021fcad3eb02
Event: 14.853 Thread 0x0000021fbfad1e20 Exception <a 'sun/nio/fs/WindowsException'{0x0000000707d3caa0}> (0x0000000707d3caa0) 
thrown [s\src\hotspot\share\prims\jni.cpp, line 516]
Event: 14.935 Thread 0x0000021fbfad1e20 Exception <a 'java/lang/IncompatibleClassChangeError'{0x00000007092af0e0}: Found class java.lang.Object, but interface was expected> (0x00000007092af0e0) 
thrown [s\src\hotspot\share\interpreter\linkResolver.cpp, line 826]
Event: 15.032 Thread 0x0000021fbfad1e20 Exception <a 'java/lang/NoSuchMethodError'{0x000000070914ef70}: 'void java.lang.invoke.DirectMethodHandle$Holder.invokeVirtual(java.lang.Object, java.lang.Object, long)'> (0x000000070914ef70) 
thrown [s\src\hotspot\share\interpreter\linkResolver.cpp, line 759]
Event: 15.269 Thread 0x0000021fbfad1e20 Exception <a 'java/lang/NoSuchMethodError'{0x00000007089dab08}: 'java.lang.Object java.lang.invoke.DirectMethodHandle$Holder.newInvokeSpecial(java.lang.Object, java.lang.Object, int, java.lang.Object, java.lang.Object)'> (0x00000007089dab08) 
thrown [s\src\hotspot\share\interpreter\linkResolver.cpp, line 759]
Event: 15.271 Thread 0x0000021fbfad1e20 Exception <a 'java/lang/NoSuchMethodError'{0x00000007089e6180}: 'java.lang.Object java.lang.invoke.DirectMethodHandle$Holder.invokeSpecial(java.lang.Object, java.lang.Object, int, java.lang.Object, int, java.lang.Object)'> (0x00000007089e6180) 
thrown [s\src\hotspot\share\interpreter\linkResolver.cpp, line 759]
Event: 15.271 Thread 0x0000021fbfad1e20 Exception <a 'java/lang/NoSuchMethodError'{0x00000007089edf88}: 'java.lang.Object java.lang.invoke.DirectMethodHandle$Holder.newInvokeSpecial(java.lang.Object, java.lang.Object, int, java.lang.Object, int)'> (0x00000007089edf88) 
thrown [s\src\hotspot\share\interpreter\linkResolver.cpp, line 759]
Event: 15.272 Thread 0x0000021fbfad1e20 Exception <a 'java/lang/NoSuchMethodError'{0x00000007089f2088}: 'java.lang.Object java.lang.invoke.DirectMethodHandle$Holder.invokeSpecial(java.lang.Object, java.lang.Object, java.lang.Object, int, java.lang.Object, int)'> (0x00000007089f2088) 
thrown [s\src\hotspot\share\interpreter\linkResolver.cpp, line 759]
Event: 20.417 Thread 0x0000021fe65d1c40 Exception <a 'java/lang/NoSuchMethodError'{0x000000070838f390}: 'java.lang.Object java.lang.invoke.DirectMethodHandle$Holder.invokeSpecial(java.lang.Object, java.lang.Object, java.lang.Object, java.lang.Object, java.lang.Object, long)'> (0x000000070838f390) 
thrown [s\src\hotspot\share\interpreter\linkResolver.cpp, line 759]
Event: 20.417 Thread 0x0000021fe65d1c40 Exception <a 'java/lang/NoSuchMethodError'{0x0000000708392dd0}: 'java.lang.Object java.lang.invoke.Invokers$Holder.linkToTargetMethod(java.lang.Object, java.lang.Object, java.lang.Object, long, java.lang.Object)'> (0x0000000708392dd0) 
thrown [s\src\hotspot\share\interpreter\linkResolver.cpp, line 759]
Event: 20.471 Thread 0x0000021fe65d1c40 Exception <a 'java/lang/NoSuchMethodError'{0x00000007080c89f8}: getSession> (0x00000007080c89f8) 
thrown [s\src\hotspot\share\prims\jni.cpp, line 1073]
Event: 21.037 Thread 0x0000021fe65d02f0 Implicit null exception at 0x0000021fcac34377 to 0x0000021fcac34990
Event: 21.037 Thread 0x0000021fe65d02f0 Implicit null exception at 0x0000021fcac5b4f7 to 0x0000021fcac5bb0c

VM Operations (20 events):
Event: 21.113 Executing VM operation: HandshakeAllThreads
Event: 21.113 Executing VM operation: HandshakeAllThreads done
Event: 21.548 Executing VM operation: G1CollectForAllocation
Event: 21.557 Executing VM operation: G1CollectForAllocation done
Event: 22.077 Executing VM operation: ChangeBreakpoints
Event: 22.078 Executing VM operation: ChangeBreakpoints done
Event: 22.078 Executing VM operation: ChangeBreakpoints
Event: 22.080 Executing VM operation: ChangeBreakpoints done
Event: 22.081 Executing VM operation: get/set locals
Event: 22.081 Executing VM operation: get/set locals done
Event: 22.081 Executing VM operation: get/set locals
Event: 22.081 Executing VM operation: get/set locals done
Event: 22.090 Executing VM operation: HandshakeAllThreads
Event: 22.090 Executing VM operation: HandshakeAllThreads done
Event: 22.091 Executing VM operation: HandshakeAllThreads
Event: 22.091 Executing VM operation: HandshakeAllThreads done
Event: 22.092 Executing VM operation: get/set locals
Event: 22.092 Executing VM operation: get/set locals done
Event: 22.093 Executing VM operation: get/set locals
Event: 22.093 Executing VM operation: get/set locals done

Events (20 events):
Event: 21.690 loading class java/lang/NegativeArraySizeException done
Event: 21.713 loading class java/net/URLClassLoader$2
Event: 21.713 loading class java/net/URLClassLoader$2 done
Event: 21.783 Thread 0x0000021ff4917a90 Thread exited: 0x0000021ff4917a90
Event: 21.799 loading class sun/net/www/protocol/jrt/JavaRuntimeURLConnection
Event: 21.800 loading class sun/net/www/protocol/jrt/JavaRuntimeURLConnection done
Event: 21.800 loading class sun/net/www/protocol/jrt/JavaRuntimeURLConnection$1
Event: 21.800 loading class sun/net/www/protocol/jrt/JavaRuntimeURLConnection$1 done
Event: 21.808 loading class java/text/MessageFormat$Field
Event: 21.808 loading class java/text/MessageFormat$Field done
Event: 22.056 loading class java/util/Hashtable$ValueCollection
Event: 22.056 loading class java/util/Hashtable$ValueCollection done
Event: 22.072 loading class java/net/URLClassLoader$1
Event: 22.072 loading class java/net/URLClassLoader$1 done
Event: 22.091 loading class sun/nio/cs/ISO_8859_1$Encoder
Event: 22.091 loading class sun/nio/cs/ISO_8859_1$Encoder done
Event: 22.091 loading class sun/nio/cs/Surrogate$Parser
Event: 22.091 loading class sun/nio/cs/Surrogate$Parser done
Event: 22.091 loading class sun/nio/cs/Surrogate
Event: 22.092 loading class sun/nio/cs/Surrogate done


Dynamic libraries:
0x00007ff7ff310000 - 0x00007ff7ff31e000 	C:\Users\JPiccione\.p2\pool\plugins\org.eclipse.justj.openjdk.hotspot.jre.full.win32.x86_64_17.0.8.v20230831-1047\jre\bin\javaw.exe
0x0000021fbd770000 - 0x0000021fbd967000 	C:\windows\SYSTEM32\ntd1l.dll
0x0000021fbd200000 - 0x0000021fbd2bd000 	C:\windows\System32\kern3l32.dll
0x00007ffd84d90000 - 0x00007ffd84f87000 	C:\windows\SYSTEM32\ntdll.dll
0x00007ffd84be0000 - 0x00007ffd84c9d000 	C:\windows\System32\KERNEL32.DLL
0x00007ffd82630000 - 0x00007ffd82926000 	C:\windows\System32\KERNELBASE.dll
0x00007ffd81ee0000 - 0x00007ffd821f3000 	C:\Program Files\SentinelOne\Sentinel Agent 23.1.4.650\InProcessClient64.dll
0x00007ffd83ab0000 - 0x00007ffd83b5e000 	C:\windows\System32\ADVAPI32.dll
0x00007ffd843a0000 - 0x00007ffd8443e000 	C:\windows\System32\msvcrt.dll
0x00007ffd82df0000 - 0x00007ffd82e8c000 	C:\windows\System32\sechost.dll
0x00007ffd83130000 - 0x00007ffd83256000 	C:\windows\System32\RPCRT4.dll
0x00007ffd82a60000 - 0x00007ffd82b60000 	C:\windows\System32\ucrtbase.dll
0x00007ffd7a4d0000 - 0x00007ffd7a4e7000 	C:\Users\JPiccione\.p2\pool\plugins\org.eclipse.justj.openjdk.hotspot.jre.full.win32.x86_64_17.0.8.v20230831-1047\jre\bin\jli.dll
0x00007ffd74b20000 - 0x00007ffd74b39000 	C:\Users\JPiccione\.p2\pool\plugins\org.eclipse.justj.openjdk.hotspot.jre.full.win32.x86_64_17.0.8.v20230831-1047\jre\bin\VCRUNTIME140.dll
0x00007ffd84770000 - 0x00007ffd8490e000 	C:\windows\System32\USER32.dll
0x00007ffd82600000 - 0x00007ffd82622000 	C:\windows\System32\win32u.dll
0x00007ffd57d80000 - 0x00007ffd5801a000 	C:\windows\WinSxS\amd64_microsoft.windows.common-controls_6595b64144ccf1df_6.0.19041.3570_none_60bb2a3971f3e41a\COMCTL32.dll
0x00007ffd83b60000 - 0x00007ffd83b8c000 	C:\windows\System32\GDI32.dll
0x00007ffd824e0000 - 0x00007ffd825fa000 	C:\windows\System32\gdi32full.dll
0x00007ffd82930000 - 0x00007ffd829cd000 	C:\windows\System32\msvcp_win.dll
0x00007ffd81ed0000 - 0x00007ffd81eda000 	C:\windows\SYSTEM32\VERSION.dll
0x00007ffd81ec0000 - 0x00007ffd81ecb000 	C:\windows\SYSTEM32\FLTLIB.DLL
0x00007ffd830a0000 - 0x00007ffd830d0000 	C:\windows\System32\IMM32.DLL
0x00007ffd7a5a0000 - 0x00007ffd7a5ac000 	C:\Users\JPiccione\.p2\pool\plugins\org.eclipse.justj.openjdk.hotspot.jre.full.win32.x86_64_17.0.8.v20230831-1047\jre\bin\vcruntime140_1.dll
0x00007ffd58d40000 - 0x00007ffd58dd1000 	C:\Users\JPiccione\.p2\pool\plugins\org.eclipse.justj.openjdk.hotspot.jre.full.win32.x86_64_17.0.8.v20230831-1047\jre\bin\msvcp140.dll
0x00007ffd35390000 - 0x00007ffd35fdc000 	C:\Users\JPiccione\.p2\pool\plugins\org.eclipse.justj.openjdk.hotspot.jre.full.win32.x86_64_17.0.8.v20230831-1047\jre\bin\server\jvm.dll
0x00007ffd81690000 - 0x00007ffd816db000 	C:\windows\SYSTEM32\POWRPROF.dll
0x00007ffd78b90000 - 0x00007ffd78b99000 	C:\windows\SYSTEM32\WSOCK32.dll
0x00007ffd844d0000 - 0x00007ffd8453b000 	C:\windows\System32\WS2_32.dll
0x00007ffd67830000 - 0x00007ffd67857000 	C:\windows\SYSTEM32\WINMM.dll
0x00007ffd81550000 - 0x00007ffd81562000 	C:\windows\SYSTEM32\UMPDC.dll
0x00007ffd7fd70000 - 0x00007ffd7fd82000 	C:\windows\SYSTEM32\kernel.appcore.dll
0x00007ffd7b530000 - 0x00007ffd7b53a000 	C:\Users\JPiccione\.p2\pool\plugins\org.eclipse.justj.openjdk.hotspot.jre.full.win32.x86_64_17.0.8.v20230831-1047\jre\bin\jimage.dll
0x00007ffd78610000 - 0x00007ffd787f4000 	C:\windows\SYSTEM32\DBGHELP.DLL
0x00007ffd782a0000 - 0x00007ffd782d4000 	C:\windows\SYSTEM32\dbgcore.DLL
0x00007ffd829d0000 - 0x00007ffd82a52000 	C:\windows\System32\bcryptPrimitives.dll
0x00007ffd58ad0000 - 0x00007ffd58b4b000 	C:\Program Files\SentinelOne\Sentinel Agent 23.1.4.650\SentinelJava64.dll
0x00007ffd84910000 - 0x00007ffd84a3b000 	C:\windows\System32\ole32.dll
0x00007ffd832e0000 - 0x00007ffd83634000 	C:\windows\System32\combase.dll
0x00007ffd7a550000 - 0x00007ffd7a575000 	C:\Users\JPiccione\.p2\pool\plugins\org.eclipse.justj.openjdk.hotspot.jre.full.win32.x86_64_17.0.8.v20230831-1047\jre\bin\java.dll
0x00007ffd79c70000 - 0x00007ffd79c88000 	C:\Users\JPiccione\.p2\pool\plugins\org.eclipse.justj.openjdk.hotspot.jre.full.win32.x86_64_17.0.8.v20230831-1047\jre\bin\zip.dll
0x00007ffd83c50000 - 0x00007ffd84394000 	C:\windows\System32\SHELL32.dll
0x00007ffd7fee0000 - 0x00007ffd8067b000 	C:\windows\SYSTEM32\windows.storage.dll
0x00007ffd81b70000 - 0x00007ffd81b9d000 	C:\windows\SYSTEM32\Wldp.dll
0x00007ffd83ba0000 - 0x00007ffd83c4d000 	C:\windows\System32\SHCORE.dll
0x00007ffd82e90000 - 0x00007ffd82ee5000 	C:\windows\System32\shlwapi.dll
0x00007ffd823a0000 - 0x00007ffd823c5000 	C:\windows\SYSTEM32\profapi.dll
0x00007ffd79c30000 - 0x00007ffd79c49000 	C:\Users\JPiccione\.p2\pool\plugins\org.eclipse.justj.openjdk.hotspot.jre.full.win32.x86_64_17.0.8.v20230831-1047\jre\bin\net.dll
0x00007ffd810f0000 - 0x00007ffd811fa000 	C:\windows\SYSTEM32\WINHTTP.dll
0x00007ffd818d0000 - 0x00007ffd8193a000 	C:\windows\system32\mswsock.dll
0x00007ffd77750000 - 0x00007ffd77765000 	C:\Users\JPiccione\.p2\pool\plugins\org.eclipse.justj.openjdk.hotspot.jre.full.win32.x86_64_17.0.8.v20230831-1047\jre\bin\nio.dll
0x00007ffd81ac0000 - 0x00007ffd81ad8000 	C:\windows\SYSTEM32\CRYPTSP.dll
0x00007ffd81060000 - 0x00007ffd81094000 	C:\windows\system32\rsaenh.dll
0x00007ffd82bb0000 - 0x00007ffd82bd7000 	C:\windows\System32\bcrypt.dll
0x00007ffd82360000 - 0x00007ffd8238e000 	C:\windows\SYSTEM32\USERENV.dll
0x00007ffd81ae0000 - 0x00007ffd81aec000 	C:\windows\SYSTEM32\CRYPTBASE.dll
0x00007ffd81570000 - 0x00007ffd815ab000 	C:\windows\SYSTEM32\IPHLPAPI.DLL
0x00007ffd84a50000 - 0x00007ffd84a58000 	C:\windows\System32\NSI.dll
0x00007ffd7bbd0000 - 0x00007ffd7bbe7000 	C:\windows\SYSTEM32\dhcpcsvc6.DLL
0x00007ffd7ba80000 - 0x00007ffd7ba9d000 	C:\windows\SYSTEM32\dhcpcsvc.DLL
0x00007ffd815c0000 - 0x00007ffd8168a000 	C:\windows\SYSTEM32\DNSAPI.dll
0x00007ffd7a900000 - 0x00007ffd7a90e000 	C:\Users\JPiccione\.p2\pool\plugins\org.eclipse.justj.openjdk.hotspot.jre.full.win32.x86_64_17.0.8.v20230831-1047\jre\bin\sunmscapi.dll
0x00007ffd82be0000 - 0x00007ffd82d3d000 	C:\windows\System32\CRYPT32.dll
0x00007ffd81be0000 - 0x00007ffd81c07000 	C:\windows\SYSTEM32\ncrypt.dll
0x00007ffd81ba0000 - 0x00007ffd81bdb000 	C:\windows\SYSTEM32\NTASN1.dll
0x00007ffd79c60000 - 0x00007ffd79c69000 	C:\Users\JPiccione\.p2\pool\plugins\org.eclipse.justj.openjdk.hotspot.jre.full.win32.x86_64_17.0.8.v20230831-1047\jre\bin\management.dll
0x00007ffd78120000 - 0x00007ffd7812b000 	C:\Users\JPiccione\.p2\pool\plugins\org.eclipse.justj.openjdk.hotspot.jre.full.win32.x86_64_17.0.8.v20230831-1047\jre\bin\management_ext.dll
0x00007ffd84a40000 - 0x00007ffd84a48000 	C:\windows\System32\PSAPI.DLL
0x00007ffd7b520000 - 0x00007ffd7b530000 	C:\Users\JPiccione\.p2\pool\plugins\org.eclipse.justj.openjdk.hotspot.jre.full.win32.x86_64_17.0.8.v20230831-1047\jre\bin\verify.dll
0x00007ffd78150000 - 0x00007ffd7815a000 	C:\Windows\System32\rasadhlp.dll
0x00007ffd7ca40000 - 0x00007ffd7cac2000 	C:\windows\System32\fwpuclnt.dll
0x00007ffd75540000 - 0x00007ffd75557000 	C:\windows\system32\napinsp.dll
0x00007ffd75480000 - 0x00007ffd7549b000 	C:\windows\system32\pnrpnsp.dll
0x00007ffd7d700000 - 0x00007ffd7d715000 	C:\windows\system32\wshbth.dll
0x00007ffd7a400000 - 0x00007ffd7a41d000 	C:\windows\system32\NLAapi.dll
0x00007ffd74ea0000 - 0x00007ffd74eb2000 	C:\windows\System32\winrnr.dll
0x00007ffd776a0000 - 0x00007ffd776a7000 	C:\windows\system32\wshunix.dll

dbghelp: loaded successfully - version: 4.0.5 - missing functions: none
symbol engine: initialized successfully - sym options: 0x614 - pdb path: .;C:\Users\JPiccione\.p2\pool\plugins\org.eclipse.justj.openjdk.hotspot.jre.full.win32.x86_64_17.0.8.v20230831-1047\jre\bin;C:\windows\SYSTEM32;C:\Program Files\SentinelOne\Sentinel Agent 23.1.4.650;C:\windows\WinSxS\amd64_microsoft.windows.common-controls_6595b64144ccf1df_6.0.19041.3570_none_60bb2a3971f3e41a;C:\Users\JPiccione\.p2\pool\plugins\org.eclipse.justj.openjdk.hotspot.jre.full.win32.x86_64_17.0.8.v20230831-1047\jre\bin\server

VM Arguments:
jvm_args: -Dfile.encoding=UTF-8 -XX:+ShowCodeDetailsInExceptionMessages -agentpath:C:\Program Files\SentinelOne\Sentinel Agent 23.1.4.650\SentinelJava64.dll 
java_command: com.spencer.ItemApp.ItemAppApplication
java_class_path (initial): C:\Users\JPiccione\OneDrive - Spencer Gifts LLC\Documents\ItemApp\target\classes;C:\Users\JPiccione\.m2\repository\org\springframework\boot\spring-boot-starter-data-jpa\3.1.4\spring-boot-starter-data-jpa-3.1.4.jar;C:\Users\JPiccione\.m2\repository\org\springframework\boot\spring-boot-starter-aop\3.1.4\spring-boot-starter-aop-3.1.4.jar;C:\Users\JPiccione\.m2\repository\org\aspectj\aspectjweaver\1.9.20\aspectjweaver-1.9.20.jar;C:\Users\JPiccione\.m2\repository\org\springframework\boot\spring-boot-starter-jdbc\3.1.4\spring-boot-starter-jdbc-3.1.4.jar;C:\Users\JPiccione\.m2\repository\com\zaxxer\HikariCP\5.0.1\HikariCP-5.0.1.jar;C:\Users\JPiccione\.m2\repository\org\springframework\spring-jdbc\6.0.12\spring-jdbc-6.0.12.jar;C:\Users\JPiccione\.m2\repository\org\hibernate\orm\hibernate-core\6.2.9.Final\hibernate-core-6.2.9.Final.jar;C:\Users\JPiccione\.m2\repository\jakarta\persistence\jakarta.persistence-api\3.1.0\jakarta.persistence-api-3.1.0.jar;C:\Users\JPiccione\.m2\repository\jakarta\transaction\jakarta.transaction-api\2.0.1\jakarta.transaction-api-2.0.1.jar;C:\Users\JPiccione\.m2\repository\org\jboss\logging\jboss-logging\3.5.3.Final\jboss-logging-3.5.3.Final.jar;C:\Users\JPiccione\.m2\repository\org\hibernate\common\hibernate-commons-annotations\6.0.6.Final\hibernate-commons-annotations-6.0.6.Final.jar;C:\Users\JPiccione\.m2\repository\io\smallrye\jandex\3.0.5\jandex-3.0.5.jar;C:\Users\JPiccione\.m2\repository\com\fasterxml\classmate\1.5.1\classmate-1.5.1.jar;C:\Users\JPiccione\.m2\repository\net\bytebuddy\byte-buddy\1.14.8\byte-buddy-1.14.8.jar;C:\Users\JPiccione\.m2\repository\org\glassfish\jaxb\jaxb-runtime\4.0.3\jaxb-runtime-4.0.3.jar;C:\Users\JPiccione\.m2\repository\org\glassfish\jaxb\jaxb-core\4.0.3\jaxb-core-4.0.3.jar;C:\Users\JPiccione\.m2\repository\org\eclipse\angus\angus-activation\2.0.1\angus-activation-2.0.1.jar;C:\Users\JPiccione\.m2\repository\org\glassfish\jaxb\txw2\4.0.3\txw2-4.0.3.jar;C:\Users\JPiccione\.m2\repositor
Launcher Type: SUN_STANDARD

[Global flags]
     intx CICompilerCount                          = 3                                         {product} {ergonomic}
     uint ConcGCThreads                            = 1                                         {product} {ergonomic}
     uint G1ConcRefinementThreads                  = 4                                         {product} {ergonomic}
   size_t G1HeapRegionSize                         = 2097152                                   {product} {ergonomic}
    uintx GCDrainStackTargetSize                   = 64                                        {product} {ergonomic}
   size_t InitialHeapSize                          = 264241152                                 {product} {ergonomic}
   size_t MarkStackSize                            = 4194304                                   {product} {ergonomic}
   size_t MaxHeapSize                              = 4215275520                                {product} {ergonomic}
   size_t MaxNewSize                               = 2529165312                                {product} {ergonomic}
   size_t MinHeapDeltaBytes                        = 2097152                                   {product} {ergonomic}
   size_t MinHeapSize                              = 8388608                                   {product} {ergonomic}
    uintx NonNMethodCodeHeapSize                   = 5832780                                {pd product} {ergonomic}
    uintx NonProfiledCodeHeapSize                  = 122912730                              {pd product} {ergonomic}
    uintx ProfiledCodeHeapSize                     = 122912730                              {pd product} {ergonomic}
    uintx ReservedCodeCacheSize                    = 251658240                              {pd product} {ergonomic}
     bool SegmentedCodeCache                       = true                                      {product} {ergonomic}
     bool ShowCodeDetailsInExceptionMessages       = true                                   {manageable} {command line}
   size_t SoftMaxHeapSize                          = 4215275520                             {manageable} {ergonomic}
     bool UseCompressedClassPointers               = true                           {product lp64_product} {ergonomic}
     bool UseCompressedOops                        = true                           {product lp64_product} {ergonomic}
     bool UseG1GC                                  = true                                      {product} {ergonomic}
     bool UseLargePagesIndividualAllocation        = false                                  {pd product} {ergonomic}

Logging:
Log output configuration:
 #0: stdout all=warning uptime,level,tags
 #1: stderr all=off uptime,level,tags

Environment Variables:
PATH=C:/Users/JPiccione/.p2/pool/plugins/org.eclipse.justj.openjdk.hotspot.jre.full.win32.x86_64_17.0.8.v20230831-1047/jre/bin/server;C:/Users/JPiccione/.p2/pool/plugins/org.eclipse.justj.openjdk.hotspot.jre.full.win32.x86_64_17.0.8.v20230831-1047/jre/bin;C:\Program Files\Common Files\Oracle\Java\javapath;C:\Program Files (x86)\Common Files\Oracle\Java\javapath;C:\Program Files\Microsoft\jdk-11.0.16.101-hotspot\bin;C:\Program Files (x86)\Business Objects\Common\3.5\bin\NOTES\;C:\Program Files (x86)\Business Objects\Common\3.5\bin\NOTES\DATA\;C:\windows\system32;C:\windows;C:\windows\System32\Wbem;C:\windows\System32\WindowsPowerShell\v1.0\;C:\windows\System32\OpenSSH\;C:\Program Files (x86)\IBM\Client Access\Emulator;C:\Program Files (x86)\IBM\Client Access\Shared;C:\Program Files (x86)\IBM\Client Access\;C:\Program Files (x86)\HEAT\;C:\Program Files (x86)\Microsoft SQL Server\160\DTS\Binn\;C:\Program Files\Azure Data Studio\bin;C:\Program Files\PuTTY\;C:\Program Files\Git\cmd;C:\Program Files\Microsoft SQL Server\150\Tools\Binn\;C:\Program Files\Microsoft SQL Server\Client SDK\ODBC\170\Tools\Binn\;C:\Program Files\dotnet\;C:\Program Files (x86)\Windows Kits\10\Windows Performance Toolkit\;c:\Program Files (x86)\Microsoft SQL Server\110\Tools\Binn\;c:\Program Files\Microsoft SQL Server\110\Tools\Binn\;c:\Program Files\Microsoft SQL Server\110\DTS\Binn\;C:\Program Files (x86)\Microsoft SQL Server\150\Tools\Binn\;C:\Program Files\Microsoft SQL Server\150\DTS\Binn\;C:\Users\JPiccione\AppData\Local\Microsoft\WindowsApps;C:\Program Files\Azure Data Studio\bin;C:\Users\JPiccione\.dotnet\tools;C:\Users\JPiccione\AppData\Local\Programs\Azure Data Studio\bin;C:\Program Files\JetBrains\IntelliJ IDEA 2023.2\bin;;C:\Users\JPiccione\AppData\Local\GitHubDesktop\bin;C:\Users\JPiccione\OneDrive - Spencer Gifts LLC\Desktop;
USERNAME=JPiccione
OS=Windows_NT
PROCESSOR_IDENTIFIER=Intel64 Family 6 Model 61 Stepping 4, GenuineIntel
TMP=C:\Users\JPICCI~1\AppData\Local\Temp
TEMP=C:\Users\JPICCI~1\AppData\Local\Temp



---------------  S Y S T E M  ---------------

OS:
 Windows 10 , 64 bit Build 19041 (10.0.19041.3570)
OS uptime: 14 days 1:22 hours

CPU: total 4 (initial active 4) (2 cores per cpu, 2 threads per core) family 6 model 61 stepping 4 microcode 0x2d, cx8, cmov, fxsr, ht, mmx, 3dnowpref, sse, sse2, sse3, ssse3, sse4.1, sse4.2, popcnt, lzcnt, tsc, tscinvbit, avx, avx2, aes, erms, clmul, bmi1, bmi2, rtm, adx, fma, vzeroupper, clflush
Processor Information for all 4 processors :
  Max Mhz: 2594, Current Mhz: 2594, Mhz Limit: 2594

Memory: 4k page, system-wide physical 16079M (6804M free)
TotalPageFile size 18511M (AvailPageFile size 6567M)
current process WorkingSet (physical memory assigned to process): 303M, peak: 433M
current process commit charge ("private bytes"): 320M, peak: 451M

vm_info: OpenJDK 64-Bit Server VM (17.0.8.1+1) for windows-amd64 JRE (17.0.8.1+1), built on Aug 23 2023 15:29:17 by "admin" with MS VC++ 16.7 (VS2019)

END.
