#
# A fatal error has been detected by the Java Runtime Environment:
#
#  EXCEPTION_ACCESS_VIOLATION (0xc0000005) at pc=0x000001fd646ed137, pid=12144, tid=12880
#
# JRE version: OpenJDK Runtime Environment Temurin-17.0.8.1+1 (17.0.8.1+1) (build 17.0.8.1+1)
# Java VM: OpenJDK 64-Bit Server VM Temurin-17.0.8.1+1 (17.0.8.1+1, mixed mode, tiered, compressed oops, compressed class ptrs, g1 gc, windows-amd64)
# Problematic frame:
# j  jakarta.servlet.ServletRequestWrapper.isWrapperFor(Ljakarta/servlet/ServletRequest;)Z+0
#
# No core dump will be written. Minidumps are not enabled by default on client versions of Windows
#
# If you would like to submit a bug report, please visit:
#   https://github.com/adoptium/adoptium-support/issues
#

---------------  S U M M A R Y ------------

Command Line: -Dfile.encoding=UTF-8 -XX:+ShowCodeDetailsInExceptionMessages -agentpath:C:\Program Files\SentinelOne\Sentinel Agent 23.1.4.650\SentinelJava64.dll com.spencer.ItemApp.ItemAppApplication

Host: Intel(R) Core(TM) i7-5600U CPU @ 2.60GHz, 4 cores, 15G,  Windows 10 , 64 bit Build 19041 (10.0.19041.3393)
Time: Thu Oct  5 16:03:21 2023 Eastern Daylight Time elapsed time: 31.044405 seconds (0d 0h 0m 31s)

---------------  T H R E A D  ---------------

Current thread (0x000001fd7eb62a70):  JavaThread "http-nio-8080-exec-2" daemon [_thread_in_Java, id=12880, stack(0x000000a73bb00000,0x000000a73bc00000)]

Stack: [0x000000a73bb00000,0x000000a73bc00000],  sp=0x000000a73bbf9778,  free space=997k
Native frames: (J=compiled Java code, j=interpreted, Vv=VM code, C=native code)
C  0x000001fd646ed137


siginfo: EXCEPTION_ACCESS_VIOLATION (0xc0000005), reading address 0x00000001c4b45a48


Register to memory mapping:

RIP=0x000001fd646ed137 is at code_begin+247 in an Interpreter codelet
instanceof  193 instanceof  [0x000001fd646ed040, 0x000001fd646ed2a0]  608 bytes
RAX=0x00000001c4b45a40 is an unknown value
RBX=0x000000000000002b is an unknown value
RCX=0x000001fd7bd08000 is pointing into metadata
RDX=0x000001fd7bd07e98 is pointing into metadata
RSP=0x000000a73bbf9778 is pointing into the stack for thread: 0x000001fd7eb62a70
RBP=0x000000a73bbf97c0 is pointing into the stack for thread: 0x000001fd7eb62a70
RSI=0x000000a73bbf9c10 is pointing into the stack for thread: 0x000001fd7eb62a70
RDI=0x000001fd7eb62a70 is a thread
R8 =0x0000000000000006 is an unknown value
R9 =0x00000000000000cb is an unknown value
R10=0x00007ffd29195590 jvm.dll
R11={method} {0x000001fd7bd0a378} 'isWrapperFor' '(Ljakarta/servlet/ServletRequest;)Z' in 'jakarta/servlet/ServletRequestWrapper'
R12=0x0 is NULL
R13=0x000001fd7bd0a336 is pointing into metadata
R14=0x000000a73bbf97d8 is pointing into the stack for thread: 0x000001fd7eb62a70
R15=0x000001fd7eb62a70 is a thread


Registers:
RAX=0x00000001c4b45a40, RBX=0x000000000000002b, RCX=0x000001fd7bd08000, RDX=0x000001fd7bd07e98
RSP=0x000000a73bbf9778, RBP=0x000000a73bbf97c0, RSI=0x000000a73bbf9c10, RDI=0x000001fd7eb62a70
R8 =0x0000000000000006, R9 =0x00000000000000cb, R10=0x00007ffd29195590, R11=0x000001fd7bd0a370
R12=0x0000000000000000, R13=0x000001fd7bd0a336, R14=0x000000a73bbf97d8, R15=0x000001fd7eb62a70
RIP=0x000001fd646ed137, EFLAGS=0x0000000000010246

Top of Stack: (sp=0x000000a73bbf9778)
0x000000a73bbf9778:   000000a73bbf9778 000001fd7bd0a328
0x000000a73bbf9788:   000000a73bbf97d8 000001fd7bfe0ef0
0x000000a73bbf9798:   0000000000000000 000000070602be98
0x000000a73bbf97a8:   000001fd7bd0a370 0000000000000000
0x000000a73bbf97b8:   000000a73bbf97d0 000000a73bbf99b0
0x000000a73bbf97c8:   000001fd646d1010 000000070757de20
0x000000a73bbf97d8:   00007ffdc49fb3c7 000001fd571f0000
0x000000a73bbf97e8:   0000000000000003 000000000000002b
0x000000a73bbf97f8:   0000000000000000 0000d309850550e2
0x000000a73bbf9808:   0000000000000000 00000002000001dc
0x000000a73bbf9818:   00007ffdc1b88f89 0000000000000000
0x000000a73bbf9828:   00007ffdc4a207c0 0000000000000000
0x000000a73bbf9838:   0000000000000000 0000000000000000
0x000000a73bbf9848:   0000000000000000 0000000000000000
0x000000a73bbf9858:   0000000000000000 00002da5ed49a8b6
0x000000a73bbf9868:   00007ffdc1b88ed2 0000000000000000 

Instructions: (pc=0x000001fd646ed137)
0x000001fd646ed037:   00 00 00 00 00 00 00 00 00 58 48 85 c0 0f 84 09
0x000001fd646ed047:   02 00 00 48 8b 4d e8 48 8b 49 08 48 8b 49 08 48
0x000001fd646ed057:   8b 51 08 41 0f b7 5d 01 0f cb c1 eb 10 80 7c 1a
0x000001fd646ed067:   04 07 0f 84 c8 00 00 00 50 e8 05 00 00 00 e9 98
0x000001fd646ed077:   00 00 00 48 8d 44 24 08 4c 89 6d c0 49 8b cf c5
0x000001fd646ed087:   f8 77 49 89 af a0 02 00 00 49 89 87 90 02 00 00
0x000001fd646ed097:   48 83 ec 20 f7 c4 0f 00 00 00 0f 84 1a 00 00 00
0x000001fd646ed0a7:   48 83 ec 08 49 ba 90 4c 98 28 fd 7f 00 00 41 ff
0x000001fd646ed0b7:   d2 48 83 c4 08 e9 0d 00 00 00 49 ba 90 4c 98 28
0x000001fd646ed0c7:   fd 7f 00 00 41 ff d2 48 83 c4 20 49 c7 87 90 02
0x000001fd646ed0d7:   00 00 00 00 00 00 49 c7 87 a0 02 00 00 00 00 00
0x000001fd646ed0e7:   00 49 c7 87 98 02 00 00 00 00 00 00 c5 f8 77 49
0x000001fd646ed0f7:   81 7f 08 00 00 00 00 0f 84 05 00 00 00 e9 f7 3d
0x000001fd646ed107:   fe ff 4c 8b 6d c0 4c 8b 75 c8 c3 49 8b 87 f0 02
0x000001fd646ed117:   00 00 49 c7 87 f0 02 00 00 00 00 00 00 5a 8b 52
0x000001fd646ed127:   08 49 ba 00 00 00 00 08 00 00 00 49 03 d2 eb 1e
0x000001fd646ed137:   8b 50 08 49 ba 00 00 00 00 08 00 00 00 49 03 d2
0x000001fd646ed147:   66 8b 5c d9 48 48 8b 49 28 48 8b 44 d9 08 48 8b
0x000001fd646ed157:   4d d8 48 85 c9 0f 84 8a 00 00 00 48 8b 79 18 48
0x000001fd646ed167:   3b fa 0f 85 0f 00 00 00 48 83 41 20 01 48 83 59
0x000001fd646ed177:   20 00 e9 66 00 00 00 48 85 ff 0f 84 37 00 00 00
0x000001fd646ed187:   48 8b 79 28 48 3b fa 0f 85 0f 00 00 00 48 83 41
0x000001fd646ed197:   30 01 48 83 59 30 00 e9 41 00 00 00 48 85 ff 0f
0x000001fd646ed1a7:   85 38 00 00 00 48 89 51 28 bf 01 00 00 00 48 89
0x000001fd646ed1b7:   79 30 e9 26 00 00 00 48 3b 51 28 0f 85 0f 00 00
0x000001fd646ed1c7:   00 48 83 41 30 01 48 83 59 30 00 e9 0d 00 00 00
0x000001fd646ed1d7:   48 89 51 18 bf 01 00 00 00 48 89 79 20 48 83 c1
0x000001fd646ed1e7:   38 48 89 4d d8 48 3b d0 0f 84 54 00 00 00 8b 48
0x000001fd646ed1f7:   14 48 3b 04 0a 0f 84 47 00 00 00 83 f9 20 0f 85
0x000001fd646ed207:   1d 00 00 00 57 48 8b 7a 28 8b 0f 48 83 c7 08 48
0x000001fd646ed217:   85 c0 f2 48 af 5f 75 09 48 89 42 20 e9 21 00 00
0x000001fd646ed227:   00 48 8b 4d d8 48 85 c9 0f 84 10 00 00 00 48 83 


Stack slot to memory mapping:
stack at sp + 0 slots: 0x000000a73bbf9778 is pointing into the stack for thread: 0x000001fd7eb62a70
stack at sp + 1 slots: 0x000001fd7bd0a328 is pointing into metadata
stack at sp + 2 slots: 0x000000a73bbf97d8 is pointing into the stack for thread: 0x000001fd7eb62a70
stack at sp + 3 slots: 0x000001fd7bfe0ef0 is pointing into metadata
stack at sp + 4 slots: 0x0 is NULL
stack at sp + 5 slots: 0x000000070602be98 is an oop: java.lang.Class 
{0x000000070602be98} - klass: 'java/lang/Class'
 - ---- fields (total size 15 words):
 - private volatile transient 'classRedefinedCount' 'I' @12  0
 - private volatile transient 'cachedConstructor' 'Ljava/lang/reflect/Constructor;' @40  NULL (0)
 - private transient 'name' 'Ljava/lang/String;' @44  "jakarta.servlet.ServletRequestWrapper"{0x000000070602d830} (e0c05b06)
 - private transient 'module' 'Ljava/lang/Module;' @48  a 'java/lang/Module'{0x0000000704f8a860} (e09f150c)
 - private final 'classLoader' 'Ljava/lang/ClassLoader;' @52  a 'jdk/internal/loader/ClassLoaders$AppClassLoader'{0x0000000704f76000} (e09eec00)
 - private transient 'classData' 'Ljava/lang/Object;' @56  NULL (0)
 - private transient 'packageName' 'Ljava/lang/String;' @60  "jakarta.servlet"{0x0000000705211788} (e0a422f1)
 - private final 'componentType' 'Ljava/lang/Class;' @64  NULL (0)
 - private volatile transient 'reflectionData' 'Ljava/lang/ref/SoftReference;' @68  NULL (0)
 - private volatile transient 'genericInfo' 'Lsun/reflect/generics/repository/ClassRepository;' @72  NULL (0)
 - private volatile transient 'enumConstants' '[Ljava/lang/Object;' @76  NULL (0)
 - private volatile transient 'enumConstantDirectory' 'Ljava/util/Map;' @80  NULL (0)
 - private volatile transient 'annotationData' 'Ljava/lang/Class$AnnotationData;' @84  NULL (0)
 - private volatile transient 'annotationType' 'Lsun/reflect/annotation/AnnotationType;' @88  NULL (0)
 - transient 'classValueMap' 'Ljava/lang/ClassValue$ClassValueMap;' @92  NULL (0)
 - signature: Ljakarta/servlet/ServletRequestWrapper;
 - fake entry for mirror: 'jakarta/servlet/ServletRequestWrapper'
 - fake entry for array: NULL
 - fake entry for oop_size: 15
 - fake entry for static_oop_field_count: 2
 - private static final 'LSTRING_FILE' 'Ljava/lang/String;' @112  "jakarta.servlet.LocalStrings"{0x00000007051f3ab0} (e0a3e756)
 - private static final 'lStrings' 'Ljava/util/ResourceBundle;' @116  a 'java/util/PropertyResourceBundle'{0x0000000705a31fc8} (e0b463f9)
stack at sp + 6 slots: {method} {0x000001fd7bd0a378} 'isWrapperFor' '(Ljakarta/servlet/ServletRequest;)Z' in 'jakarta/servlet/ServletRequestWrapper'
stack at sp + 7 slots: 0x0 is NULL

instanceof  193 instanceof  [0x000001fd646ed040, 0x000001fd646ed2a0]  608 bytes
[MachCode]
  0x000001fd646ed040: 5848 85c0 | 0f84 0902 | 0000 488b | 4de8 488b | 4908 488b | 4908 488b | 5108 410f | b75d 010f 
  0x000001fd646ed060: cbc1 eb10 | 807c 1a04 | 070f 84c8 | 0000 0050 | e805 0000 | 00e9 9800 | 0000 488d | 4424 084c 
  0x000001fd646ed080: 896d c049 | 8bcf c5f8 | 7749 89af | a002 0000 | 4989 8790 | 0200 0048 | 83ec 20f7 | c40f 0000 
  0x000001fd646ed0a0: 000f 841a | 0000 0048 | 83ec 0849 | ba90 4c98 | 28fd 7f00 | 0041 ffd2 | 4883 c408 | e90d 0000 
  0x000001fd646ed0c0: 0049 ba90 | 4c98 28fd | 7f00 0041 | ffd2 4883 | c420 49c7 | 8790 0200 | 0000 0000 | 0049 c787 
  0x000001fd646ed0e0: a002 0000 | 0000 0000 | 49c7 8798 | 0200 0000 | 0000 00c5 | f877 4981 | 7f08 0000 | 0000 0f84 
  0x000001fd646ed100: 0500 0000 | e9f7 3dfe | ff4c 8b6d | c04c 8b75 | c8c3 498b | 87f0 0200 | 0049 c787 | f002 0000 
  0x000001fd646ed120: 0000 0000 | 5a8b 5208 | 49ba 0000 | 0000 0800 | 0000 4903 | d2eb 1e8b | 5008 49ba | 0000 0000 
  0x000001fd646ed140: 0800 0000 | 4903 d266 | 8b5c d948 | 488b 4928 | 488b 44d9 | 0848 8b4d | d848 85c9 | 0f84 8a00 
  0x000001fd646ed160: 0000 488b | 7918 483b | fa0f 850f | 0000 0048 | 8341 2001 | 4883 5920 | 00e9 6600 | 0000 4885 
  0x000001fd646ed180: ff0f 8437 | 0000 0048 | 8b79 2848 | 3bfa 0f85 | 0f00 0000 | 4883 4130 | 0148 8359 | 3000 e941 
  0x000001fd646ed1a0: 0000 0048 | 85ff 0f85 | 3800 0000 | 4889 5128 | bf01 0000 | 0048 8979 | 30e9 2600 | 0000 483b 
  0x000001fd646ed1c0: 5128 0f85 | 0f00 0000 | 4883 4130 | 0148 8359 | 3000 e90d | 0000 0048 | 8951 18bf | 0100 0000 
  0x000001fd646ed1e0: 4889 7920 | 4883 c138 | 4889 4dd8 | 483b d00f | 8454 0000 | 008b 4814 | 483b 040a | 0f84 4700 
  0x000001fd646ed200: 0000 83f9 | 200f 851d | 0000 0057 | 488b 7a28 | 8b0f 4883 | c708 4885 | c0f2 48af | 5f75 0948 
  0x000001fd646ed220: 8942 20e9 | 2100 0000 | 488b 4dd8 | 4885 c90f | 8410 0000 | 0048 8341 | d0ff 0f88 | 0500 0000 
  0x000001fd646ed240: 4883 41d0 | 0133 c0eb | 23b8 0100 | 0000 e919 | 0000 0048 | 8b4d d848 | 85c9 0f84 | 0c00 0000 
  0x000001fd646ed260: 8049 0101 | 4883 c138 | 4889 4dd8 | 410f b65d | 0349 83c5 | 0349 ba90 | 2d19 29fd | 7f00 0041 
  0x000001fd646ed280: ff24 da0f | 1f44 0000 | 0000 0000 | 0000 0000 | 0000 0000 | 0000 0000 | 0000 0000 | 0000 0000 
[/MachCode]

---------------  P R O C E S S  ---------------

Threads class SMR info:
_java_thread_list=0x000001fd01774d40, length=30, elements={
0x000001fd7c06add0, 0x000001fd7c06df40, 0x000001fd7c0ad270, 0x000001fd7c0aecd0,
0x000001fd7c0b0010, 0x000001fd7c0b4850, 0x000001fd7c0c0530, 0x000001fd7c0c6f50,
0x000001fd7c0e80f0, 0x000001fd7c248830, 0x000001fd7c2499c0, 0x000001fd7e34b850,
0x000001fd7e34a410, 0x000001fd7e3480a0, 0x000001fd7e34a920, 0x000001fd7e3494e0,
0x000001fd7eb5d460, 0x000001fd7eb62a70, 0x000001fd7eb62f80, 0x000001fd7eb5cf50,
0x000001fd7eb5c530, 0x000001fd7eb61b40, 0x000001fd7eb60700, 0x000001fd7eb63490,
0x000001fd7eb5c020, 0x000001fd7eb601f0, 0x000001fd7eb5f2c0, 0x000001fd7eb61630,
0x000001fd7eb60c10, 0x000001fd7e8535a0
}

Java Threads: ( => current thread )
  0x000001fd7c06add0 JavaThread "Reference Handler" daemon [_thread_blocked, id=3496, stack(0x000000a73a200000,0x000000a73a300000)]
  0x000001fd7c06df40 JavaThread "Finalizer" daemon [_thread_blocked, id=676, stack(0x000000a73a300000,0x000000a73a400000)]
  0x000001fd7c0ad270 JavaThread "Signal Dispatcher" daemon [_thread_blocked, id=10432, stack(0x000000a73a400000,0x000000a73a500000)]
  0x000001fd7c0aecd0 JavaThread "Attach Listener" daemon [_thread_blocked, id=10472, stack(0x000000a73a500000,0x000000a73a600000)]
  0x000001fd7c0b0010 JavaThread "Service Thread" daemon [_thread_blocked, id=16116, stack(0x000000a73a600000,0x000000a73a700000)]
  0x000001fd7c0b4850 JavaThread "Monitor Deflation Thread" daemon [_thread_blocked, id=884, stack(0x000000a73a700000,0x000000a73a800000)]
  0x000001fd7c0c0530 JavaThread "C2 CompilerThread0" daemon [_thread_in_native, id=7548, stack(0x000000a73a800000,0x000000a73a900000)]
  0x000001fd7c0c6f50 JavaThread "C1 CompilerThread0" daemon [_thread_blocked, id=7932, stack(0x000000a73a900000,0x000000a73aa00000)]
  0x000001fd7c0e80f0 JavaThread "Sweeper thread" daemon [_thread_blocked, id=9900, stack(0x000000a73aa00000,0x000000a73ab00000)]
  0x000001fd7c248830 JavaThread "Notification Thread" daemon [_thread_blocked, id=5272, stack(0x000000a73ab00000,0x000000a73ac00000)]
  0x000001fd7c2499c0 JavaThread "Common-Cleaner" daemon [_thread_blocked, id=7364, stack(0x000000a73ad00000,0x000000a73ae00000)]
  0x000001fd7e34b850 JavaThread "Catalina-utility-1" [_thread_blocked, id=12724, stack(0x000000a73b300000,0x000000a73b400000)]
  0x000001fd7e34a410 JavaThread "Catalina-utility-2" [_thread_blocked, id=13552, stack(0x000000a73b400000,0x000000a73b500000)]
  0x000001fd7e3480a0 JavaThread "container-0" [_thread_blocked, id=15092, stack(0x000000a73b500000,0x000000a73b600000)]
  0x000001fd7e34a920 JavaThread "mssql-jdbc-shared-timer-core-0" daemon [_thread_blocked, id=10736, stack(0x000000a73b700000,0x000000a73b800000)]
  0x000001fd7e3494e0 JavaThread "HikariPool-1 housekeeper" daemon [_thread_blocked, id=15916, stack(0x000000a73b800000,0x000000a73b900000)]
  0x000001fd7eb5d460 JavaThread "http-nio-8080-exec-1" daemon [_thread_blocked, id=9544, stack(0x000000a73ba00000,0x000000a73bb00000)]
=>0x000001fd7eb62a70 JavaThread "http-nio-8080-exec-2" daemon [_thread_in_Java, id=12880, stack(0x000000a73bb00000,0x000000a73bc00000)]
  0x000001fd7eb62f80 JavaThread "http-nio-8080-exec-3" daemon [_thread_blocked, id=16680, stack(0x000000a73bc00000,0x000000a73bd00000)]
  0x000001fd7eb5cf50 JavaThread "http-nio-8080-exec-4" daemon [_thread_blocked, id=8240, stack(0x000000a73bd00000,0x000000a73be00000)]
  0x000001fd7eb5c530 JavaThread "http-nio-8080-exec-5" daemon [_thread_blocked, id=8744, stack(0x000000a73be00000,0x000000a73bf00000)]
  0x000001fd7eb61b40 JavaThread "http-nio-8080-exec-6" daemon [_thread_blocked, id=16616, stack(0x000000a73bf00000,0x000000a73c000000)]
  0x000001fd7eb60700 JavaThread "http-nio-8080-exec-7" daemon [_thread_blocked, id=14820, stack(0x000000a73c000000,0x000000a73c100000)]
  0x000001fd7eb63490 JavaThread "http-nio-8080-exec-8" daemon [_thread_blocked, id=16676, stack(0x000000a73c100000,0x000000a73c200000)]
  0x000001fd7eb5c020 JavaThread "http-nio-8080-exec-9" daemon [_thread_blocked, id=16812, stack(0x000000a73c200000,0x000000a73c300000)]
  0x000001fd7eb601f0 JavaThread "http-nio-8080-exec-10" daemon [_thread_blocked, id=6156, stack(0x000000a73c300000,0x000000a73c400000)]
  0x000001fd7eb5f2c0 JavaThread "http-nio-8080-Poller" daemon [_thread_in_native, id=18112, stack(0x000000a73c400000,0x000000a73c500000)]
  0x000001fd7eb61630 JavaThread "http-nio-8080-Acceptor" daemon [_thread_in_native, id=3640, stack(0x000000a73c500000,0x000000a73c600000)]
  0x000001fd7eb60c10 JavaThread "DestroyJavaVM" [_thread_blocked, id=6608, stack(0x000000a739b00000,0x000000a739c00000)]
  0x000001fd7e8535a0 JavaThread "C2 CompilerThread1" daemon [_thread_blocked, id=8848, stack(0x000000a73b200000,0x000000a73b300000)]

Other Threads:
  0x000001fd7c063d70 VMThread "VM Thread" [stack: 0x000000a73a100000,0x000000a73a200000] [id=17772]
  0x000001fd7c249320 WatcherThread [stack: 0x000000a73ac00000,0x000000a73ad00000] [id=7132]
  0x000001fd59b9cad0 GCTaskThread "GC Thread#0" [stack: 0x000000a739c00000,0x000000a739d00000] [id=12188]
  0x000001fd7d004430 GCTaskThread "GC Thread#1" [stack: 0x000000a73af00000,0x000000a73b000000] [id=15380]
  0x000001fd7d8ab1a0 GCTaskThread "GC Thread#2" [stack: 0x000000a73b000000,0x000000a73b100000] [id=9140]
  0x000001fd7d93a8d0 GCTaskThread "GC Thread#3" [stack: 0x000000a73b100000,0x000000a73b200000] [id=14260]
  0x000001fd756efe30 ConcurrentGCThread "G1 Main Marker" [stack: 0x000000a739d00000,0x000000a739e00000] [id=14704]
  0x000001fd59b9dea0 ConcurrentGCThread "G1 Conc#0" [stack: 0x000000a739e00000,0x000000a739f00000] [id=6576]
  0x000001fd75793420 ConcurrentGCThread "G1 Refine#0" [stack: 0x000000a739f00000,0x000000a73a000000] [id=7264]
  0x000001fd7db6d040 ConcurrentGCThread "G1 Refine#1" [stack: 0x000000a73ae00000,0x000000a73af00000] [id=5544]
  0x000001fd75794fb0 ConcurrentGCThread "G1 Service" [stack: 0x000000a73a000000,0x000000a73a100000] [id=17140]

Threads with active compile tasks:
C2 CompilerThread0    31210 6441       4       org.eclipse.jdt.internal.compiler.lookup.BinaryTypeBinding::createMethod (1719 bytes)

VM state: not at safepoint (normal execution)

VM Mutex/Monitor currently owned by a thread: None

Heap address: 0x0000000704c00000, size: 4020 MB, Compressed Oops mode: Zero based, Oop shift amount: 3

CDS archive(s) not mapped
Compressed class space mapped at: 0x0000000800000000-0x0000000840000000, reserved size: 1073741824
Narrow klass base: 0x0000000800000000, Narrow klass shift: 0, Narrow klass range: 0x40000000

GC Precious Log:
 CPUs: 4 total, 4 available
 Memory: 16079M
 Large Page Support: Disabled
 NUMA Support: Disabled
 Compressed Oops: Enabled (Zero based)
 Heap Region Size: 2M
 Heap Min Capacity: 8M
 Heap Initial Capacity: 252M
 Heap Max Capacity: 4020M
 Pre-touch: Disabled
 Parallel Workers: 4
 Concurrent Workers: 1
 Concurrent Refinement Workers: 4
 Periodic GC: Disabled

Heap:
 garbage-first heap   total 69632K, used 37342K [0x0000000704c00000, 0x0000000800000000)
  region size 2048K, 5 young (10240K), 2 survivors (4096K)
 Metaspace       used 83791K, committed 84416K, reserved 1179648K
  class space    used 10361K, committed 10624K, reserved 1048576K

Heap Regions: E=young(eden), S=young(survivor), O=old, HS=humongous(starts), HC=humongous(continues), CS=collection set, F=free, OA=open archive, CA=closed archive, TAMS=top-at-mark-start (previous, next)
|   0|0x0000000704c00000, 0x0000000704e00000, 0x0000000704e00000|100%| O|  |TAMS 0x0000000704e00000, 0x0000000704c00000| Untracked 
|   1|0x0000000704e00000, 0x0000000705000000, 0x0000000705000000|100%| O|  |TAMS 0x0000000705000000, 0x0000000704e00000| Untracked 
|   2|0x0000000705000000, 0x0000000705200000, 0x0000000705200000|100%| O|  |TAMS 0x0000000705200000, 0x0000000705000000| Untracked 
|   3|0x0000000705200000, 0x0000000705400000, 0x0000000705400000|100%| O|  |TAMS 0x0000000705400000, 0x0000000705200000| Untracked 
|   4|0x0000000705400000, 0x0000000705600000, 0x0000000705600000|100%| O|  |TAMS 0x0000000705600000, 0x0000000705400000| Untracked 
|   5|0x0000000705600000, 0x0000000705800000, 0x0000000705800000|100%| O|  |TAMS 0x0000000705800000, 0x0000000705600000| Untracked 
|   6|0x0000000705800000, 0x0000000705a00000, 0x0000000705a00000|100%| O|  |TAMS 0x0000000705a00000, 0x0000000705800000| Untracked 
|   7|0x0000000705a00000, 0x0000000705b01c00, 0x0000000705c00000| 50%| O|  |TAMS 0x0000000705a00000, 0x0000000705a00000| Untracked 
|   8|0x0000000705c00000, 0x0000000705e00000, 0x0000000705e00000|100%| O|  |TAMS 0x0000000705e00000, 0x0000000705c00000| Untracked 
|   9|0x0000000705e00000, 0x0000000706000000, 0x0000000706000000|100%| O|  |TAMS 0x0000000706000000, 0x0000000705e00000| Untracked 
|  10|0x0000000706000000, 0x0000000706200000, 0x0000000706200000|100%| O|  |TAMS 0x0000000706000000, 0x0000000706000000| Untracked 
|  11|0x0000000706200000, 0x0000000706400000, 0x0000000706400000|100%| O|  |TAMS 0x0000000706400000, 0x0000000706200000| Untracked 
|  12|0x0000000706400000, 0x0000000706600000, 0x0000000706600000|100%| O|  |TAMS 0x000000070659a400, 0x0000000706400000| Untracked 
|  13|0x0000000706600000, 0x0000000706800000, 0x0000000706800000|100%| O|  |TAMS 0x0000000706600000, 0x0000000706600000| Untracked 
|  14|0x0000000706800000, 0x0000000706a00000, 0x0000000706a00000|100%| O|  |TAMS 0x0000000706800000, 0x0000000706800000| Untracked 
|  15|0x0000000706a00000, 0x0000000706a00000, 0x0000000706c00000|  0%| F|  |TAMS 0x0000000706a00000, 0x0000000706a00000| Untracked 
|  16|0x0000000706c00000, 0x0000000706c00000, 0x0000000706e00000|  0%| F|  |TAMS 0x0000000706c00000, 0x0000000706c00000| Untracked 
|  17|0x0000000706e00000, 0x0000000706e00000, 0x0000000707000000|  0%| F|  |TAMS 0x0000000706e00000, 0x0000000706e00000| Untracked 
|  18|0x0000000707000000, 0x0000000707000000, 0x0000000707200000|  0%| F|  |TAMS 0x0000000707000000, 0x0000000707000000| Untracked 
|  19|0x0000000707200000, 0x0000000707375da0, 0x0000000707400000| 73%| S|CS|TAMS 0x0000000707200000, 0x0000000707200000| Complete 
|  20|0x0000000707400000, 0x0000000707600000, 0x0000000707600000|100%| S|CS|TAMS 0x0000000707400000, 0x0000000707400000| Complete 
|  21|0x0000000707600000, 0x0000000707600000, 0x0000000707800000|  0%| F|  |TAMS 0x0000000707600000, 0x0000000707600000| Untracked 
|  22|0x0000000707800000, 0x0000000707800000, 0x0000000707a00000|  0%| F|  |TAMS 0x0000000707800000, 0x0000000707800000| Untracked 
|  23|0x0000000707a00000, 0x0000000707a00000, 0x0000000707c00000|  0%| F|  |TAMS 0x0000000707a00000, 0x0000000707a00000| Untracked 
|  24|0x0000000707c00000, 0x0000000707c00000, 0x0000000707e00000|  0%| F|  |TAMS 0x0000000707c00000, 0x0000000707c00000| Untracked 
|  25|0x0000000707e00000, 0x0000000707e00000, 0x0000000708000000|  0%| F|  |TAMS 0x0000000707e00000, 0x0000000707e00000| Untracked 
|  26|0x0000000708000000, 0x0000000708000000, 0x0000000708200000|  0%| F|  |TAMS 0x0000000708000000, 0x0000000708000000| Untracked 
|  27|0x0000000708200000, 0x0000000708200000, 0x0000000708400000|  0%| F|  |TAMS 0x0000000708200000, 0x0000000708200000| Untracked 
|  28|0x0000000708400000, 0x0000000708400000, 0x0000000708600000|  0%| F|  |TAMS 0x0000000708400000, 0x0000000708400000| Untracked 
|  29|0x0000000708600000, 0x0000000708600000, 0x0000000708800000|  0%| F|  |TAMS 0x0000000708600000, 0x0000000708600000| Untracked 
|  49|0x000000070ae00000, 0x000000070ae00000, 0x000000070b000000|  0%| F|  |TAMS 0x000000070ae00000, 0x000000070ae00000| Untracked 
|  50|0x000000070b000000, 0x000000070b0d9958, 0x000000070b200000| 42%| E|  |TAMS 0x000000070b000000, 0x000000070b000000| Complete 
|  51|0x000000070b200000, 0x000000070b400000, 0x000000070b400000|100%| E|CS|TAMS 0x000000070b200000, 0x000000070b200000| Complete 
| 125|0x0000000714600000, 0x0000000714800000, 0x0000000714800000|100%| E|CS|TAMS 0x0000000714600000, 0x0000000714600000| Complete 

Card table byte_map: [0x000001fd6c980000,0x000001fd6d160000] _byte_map_base: 0x000001fd6915a000

Marking Bits (Prev, Next): (CMBitMap*) 0x000001fd59b9cf00, (CMBitMap*) 0x000001fd59b9cf40
 Prev Bits: [0x000001fd6d940000, 0x000001fd71810000)
 Next Bits: [0x000001fd71810000, 0x000001fd756e0000)

Polling page: 0x000001fd592a0000

Metaspace:

Usage:
  Non-class:     71.71 MB used.
      Class:     10.12 MB used.
       Both:     81.83 MB used.

Virtual space:
  Non-class space:      128.00 MB reserved,      72.06 MB ( 56%) committed,  2 nodes.
      Class space:        1.00 GB reserved,      10.38 MB (  1%) committed,  1 nodes.
             Both:        1.12 GB reserved,      82.44 MB (  7%) committed. 

Chunk freelists:
   Non-Class:  7.98 MB
       Class:  5.64 MB
        Both:  13.62 MB

MaxMetaspaceSize: unlimited
CompressedClassSpaceSize: 1.00 GB
Initial GC threshold: 21.00 MB
Current GC threshold: 113.44 MB
CDS: off
MetaspaceReclaimPolicy: balanced
 - commit_granule_bytes: 65536.
 - commit_granule_words: 8192.
 - virtual_space_node_default_size: 8388608.
 - enlarge_chunks_in_place: 1.
 - new_chunks_are_fully_committed: 0.
 - uncommit_free_chunks: 1.
 - use_allocation_guard: 0.
 - handle_deallocations: 1.


Internal statistics:

num_allocs_failed_limit: 12.
num_arena_births: 842.
num_arena_deaths: 0.
num_vsnodes_births: 3.
num_vsnodes_deaths: 0.
num_space_committed: 1319.
num_space_uncommitted: 0.
num_chunks_returned_to_freelist: 12.
num_chunks_taken_from_freelist: 3372.
num_chunk_merges: 9.
num_chunk_splits: 2494.
num_chunks_enlarged: 1952.
num_inconsistent_stats: 0.

CodeHeap 'non-profiled nmethods': size=120000Kb used=4326Kb max_used=4326Kb free=115673Kb
 bounds [0x000001fd64c70000, 0x000001fd650b0000, 0x000001fd6c1a0000]
CodeHeap 'profiled nmethods': size=120000Kb used=12291Kb max_used=12291Kb free=107708Kb
 bounds [0x000001fd5d1a0000, 0x000001fd5ddb0000, 0x000001fd646d0000]
CodeHeap 'non-nmethods': size=5760Kb used=1401Kb max_used=1471Kb free=4358Kb
 bounds [0x000001fd646d0000, 0x000001fd64940000, 0x000001fd64c70000]
 total_blobs=6508 nmethods=5770 adapters=648
 compilation: enabled
              stopped_count=0, restarted_count=0
 full_count=0

Compilation events (20 events):
Event: 31.014 Thread 0x000001fd7c0c6f50 6511       3       org.apache.jasper.compiler.SmapUtil$SDEInstaller::writeBytes (45 bytes)
Event: 31.014 Thread 0x000001fd7c0c6f50 nmethod 6511 0x000001fd5dd9de10 code [0x000001fd5dd9dfc0, 0x000001fd5dd9e1d8]
Event: 31.014 Thread 0x000001fd7c0c6f50 6513       3       java.nio.charset.Charset::lookup (44 bytes)
Event: 31.015 Thread 0x000001fd7c0c6f50 nmethod 6513 0x000001fd5dd9e310 code [0x000001fd5dd9e500, 0x000001fd5dd9e968]
Event: 31.015 Thread 0x000001fd7c0c6f50 6514       3       org.apache.jasper.compiler.SmapUtil$SDEInstaller::copy (46 bytes)
Event: 31.015 Thread 0x000001fd7c0c6f50 nmethod 6514 0x000001fd5dd9eb10 code [0x000001fd5dd9ecc0, 0x000001fd5dd9eef8]
Event: 31.015 Thread 0x000001fd7c0c6f50 6512       3       java.nio.charset.Charset::forName (20 bytes)
Event: 31.015 Thread 0x000001fd7c0c6f50 nmethod 6512 0x000001fd5dd9f090 code [0x000001fd5dd9f240, 0x000001fd5dd9f458]
Event: 31.017 Thread 0x000001fd7c0c6f50 6515       3       java.lang.invoke.MethodHandle::withVarargs (39 bytes)
Event: 31.018 Thread 0x000001fd7c0c6f50 nmethod 6515 0x000001fd5dd9f510 code [0x000001fd5dd9f6e0, 0x000001fd5dd9fac8]
Event: 31.018 Thread 0x000001fd7c0c6f50 6516       3       java.lang.invoke.MethodType::lastParameterType (25 bytes)
Event: 31.018 Thread 0x000001fd7c0c6f50 nmethod 6516 0x000001fd5dd9fc10 code [0x000001fd5dd9fdc0, 0x000001fd5dd9ff78]
Event: 31.018 Thread 0x000001fd7c0c6f50 6517       3       java.lang.invoke.MethodHandleImpl::makeVarargsCollector (47 bytes)
Event: 31.019 Thread 0x000001fd7c0c6f50 nmethod 6517 0x000001fd5dda0090 code [0x000001fd5dda02e0, 0x000001fd5dda1028]
Event: 31.027 Thread 0x000001fd7c0c6f50 6518       3       java.lang.ClassLoader::getParent (32 bytes)
Event: 31.028 Thread 0x000001fd7e8535a0 6519       4       java.lang.ClassLoader::findLoadedClass (15 bytes)
Event: 31.028 Thread 0x000001fd7c0c6f50 nmethod 6518 0x000001fd5dda1490 code [0x000001fd5dda16c0, 0x000001fd5dda20d8]
Event: 31.029 Thread 0x000001fd7c0c6f50 6520       3       org.apache.catalina.core.DefaultInstanceManager::findLifecycleCallback (110 bytes)
Event: 31.030 Thread 0x000001fd7c0c6f50 nmethod 6520 0x000001fd5dda2410 code [0x000001fd5dda2740, 0x000001fd5dda3bd8]
Event: 31.031 Thread 0x000001fd7e8535a0 nmethod 6519 0x000001fd650a9510 code [0x000001fd650a96a0, 0x000001fd650a98c8]

GC Heap History (20 events):
Event: 8.876 GC heap before
{Heap before GC invocations=14 (full 0):
 garbage-first heap   total 69632K, used 49821K [0x0000000704c00000, 0x0000000800000000)
  region size 2048K, 15 young (30720K), 1 survivors (2048K)
 Metaspace       used 57176K, committed 57600K, reserved 1114112K
  class space    used 6869K, committed 7104K, reserved 1048576K
}
Event: 8.880 GC heap after
{Heap after GC invocations=15 (full 0):
 garbage-first heap   total 69632K, used 23182K [0x0000000704c00000, 0x0000000800000000)
  region size 2048K, 2 young (4096K), 2 survivors (4096K)
 Metaspace       used 57176K, committed 57600K, reserved 1114112K
  class space    used 6869K, committed 7104K, reserved 1048576K
}
Event: 9.135 GC heap before
{Heap before GC invocations=15 (full 0):
 garbage-first heap   total 69632K, used 29326K [0x0000000704c00000, 0x0000000800000000)
  region size 2048K, 6 young (12288K), 2 survivors (4096K)
 Metaspace       used 59741K, committed 60160K, reserved 1114112K
  class space    used 7300K, committed 7488K, reserved 1048576K
}
Event: 9.141 GC heap after
{Heap after GC invocations=16 (full 0):
 garbage-first heap   total 69632K, used 24036K [0x0000000704c00000, 0x0000000800000000)
  region size 2048K, 2 young (4096K), 2 survivors (4096K)
 Metaspace       used 59741K, committed 60160K, reserved 1114112K
  class space    used 7300K, committed 7488K, reserved 1048576K
}
Event: 9.970 GC heap before
{Heap before GC invocations=17 (full 0):
 garbage-first heap   total 69632K, used 48612K [0x0000000704c00000, 0x0000000800000000)
  region size 2048K, 14 young (28672K), 2 survivors (4096K)
 Metaspace       used 64603K, committed 65024K, reserved 1114112K
  class space    used 8178K, committed 8384K, reserved 1048576K
}
Event: 9.974 GC heap after
{Heap after GC invocations=18 (full 0):
 garbage-first heap   total 69632K, used 24911K [0x0000000704c00000, 0x0000000800000000)
  region size 2048K, 1 young (2048K), 1 survivors (2048K)
 Metaspace       used 64603K, committed 65024K, reserved 1114112K
  class space    used 8178K, committed 8384K, reserved 1048576K
}
Event: 10.024 GC heap before
{Heap before GC invocations=18 (full 0):
 garbage-first heap   total 69632K, used 26959K [0x0000000704c00000, 0x0000000800000000)
  region size 2048K, 2 young (4096K), 1 survivors (2048K)
 Metaspace       used 65031K, committed 65472K, reserved 1114112K
  class space    used 8248K, committed 8448K, reserved 1048576K
}
Event: 10.030 GC heap after
{Heap after GC invocations=19 (full 0):
 garbage-first heap   total 69632K, used 24432K [0x0000000704c00000, 0x0000000800000000)
  region size 2048K, 1 young (2048K), 1 survivors (2048K)
 Metaspace       used 65031K, committed 65472K, reserved 1114112K
  class space    used 8248K, committed 8448K, reserved 1048576K
}
Event: 12.016 GC heap before
{Heap before GC invocations=19 (full 0):
 garbage-first heap   total 69632K, used 51056K [0x0000000704c00000, 0x0000000800000000)
  region size 2048K, 14 young (28672K), 1 survivors (2048K)
 Metaspace       used 69108K, committed 69568K, reserved 1114112K
  class space    used 8758K, committed 8960K, reserved 1048576K
}
Event: 12.022 GC heap after
{Heap after GC invocations=20 (full 0):
 garbage-first heap   total 69632K, used 26370K [0x0000000704c00000, 0x0000000800000000)
  region size 2048K, 2 young (4096K), 2 survivors (4096K)
 Metaspace       used 69108K, committed 69568K, reserved 1114112K
  class space    used 8758K, committed 8960K, reserved 1048576K
}
Event: 12.677 GC heap before
{Heap before GC invocations=21 (full 0):
 garbage-first heap   total 69632K, used 50946K [0x0000000704c00000, 0x0000000800000000)
  region size 2048K, 14 young (28672K), 2 survivors (4096K)
 Metaspace       used 71444K, committed 72000K, reserved 1114112K
  class space    used 9144K, committed 9408K, reserved 1048576K
}
Event: 12.683 GC heap after
{Heap after GC invocations=22 (full 0):
 garbage-first heap   total 69632K, used 27971K [0x0000000704c00000, 0x0000000800000000)
  region size 2048K, 2 young (4096K), 2 survivors (4096K)
 Metaspace       used 71444K, committed 72000K, reserved 1114112K
  class space    used 9144K, committed 9408K, reserved 1048576K
}
Event: 12.746 GC heap before
{Heap before GC invocations=22 (full 0):
 garbage-first heap   total 69632K, used 30019K [0x0000000704c00000, 0x0000000800000000)
  region size 2048K, 3 young (6144K), 2 survivors (4096K)
 Metaspace       used 71582K, committed 72192K, reserved 1114112K
  class space    used 9166K, committed 9472K, reserved 1048576K
}
Event: 12.754 GC heap after
{Heap after GC invocations=23 (full 0):
 garbage-first heap   total 69632K, used 28062K [0x0000000704c00000, 0x0000000800000000)
  region size 2048K, 1 young (2048K), 1 survivors (2048K)
 Metaspace       used 71582K, committed 72192K, reserved 1114112K
  class space    used 9166K, committed 9472K, reserved 1048576K
}
Event: 29.457 GC heap before
{Heap before GC invocations=23 (full 0):
 garbage-first heap   total 69632K, used 52638K [0x0000000704c00000, 0x0000000800000000)
  region size 2048K, 13 young (26624K), 1 survivors (2048K)
 Metaspace       used 74837K, committed 75328K, reserved 1179648K
  class space    used 9580K, committed 9792K, reserved 1048576K
}
Event: 29.463 GC heap after
{Heap after GC invocations=24 (full 0):
 garbage-first heap   total 69632K, used 29754K [0x0000000704c00000, 0x0000000800000000)
  region size 2048K, 2 young (4096K), 2 survivors (4096K)
 Metaspace       used 74837K, committed 75328K, reserved 1179648K
  class space    used 9580K, committed 9792K, reserved 1048576K
}
Event: 30.115 GC heap before
{Heap before GC invocations=24 (full 0):
 garbage-first heap   total 69632K, used 50234K [0x0000000704c00000, 0x0000000800000000)
  region size 2048K, 13 young (26624K), 2 survivors (4096K)
 Metaspace       used 78514K, committed 79104K, reserved 1179648K
  class space    used 9914K, committed 10176K, reserved 1048576K
}
Event: 30.123 GC heap after
{Heap after GC invocations=25 (full 0):
 garbage-first heap   total 69632K, used 31825K [0x0000000704c00000, 0x0000000800000000)
  region size 2048K, 2 young (4096K), 2 survivors (4096K)
 Metaspace       used 78514K, committed 79104K, reserved 1179648K
  class space    used 9914K, committed 10176K, reserved 1048576K
}
Event: 30.829 GC heap before
{Heap before GC invocations=25 (full 0):
 garbage-first heap   total 69632K, used 52305K [0x0000000704c00000, 0x0000000800000000)
  region size 2048K, 13 young (26624K), 2 survivors (4096K)
 Metaspace       used 83118K, committed 83648K, reserved 1179648K
  class space    used 10309K, committed 10560K, reserved 1048576K
}
Event: 30.836 GC heap after
{Heap after GC invocations=26 (full 0):
 garbage-first heap   total 69632K, used 33246K [0x0000000704c00000, 0x0000000800000000)
  region size 2048K, 2 young (4096K), 2 survivors (4096K)
 Metaspace       used 83118K, committed 83648K, reserved 1179648K
  class space    used 10309K, committed 10560K, reserved 1048576K
}

Dll operation events (9 events):
Event: 0.030 Loaded shared library C:\Users\JPiccione\.p2\pool\plugins\org.eclipse.justj.openjdk.hotspot.jre.full.win32.x86_64_17.0.8.v20230831-1047\jre\bin\java.dll
Event: 0.277 Loaded shared library C:\Users\JPiccione\.p2\pool\plugins\org.eclipse.justj.openjdk.hotspot.jre.full.win32.x86_64_17.0.8.v20230831-1047\jre\bin\jimage.dll
Event: 0.293 Loaded shared library C:\Users\JPiccione\.p2\pool\plugins\org.eclipse.justj.openjdk.hotspot.jre.full.win32.x86_64_17.0.8.v20230831-1047\jre\bin\net.dll
Event: 0.295 Loaded shared library C:\Users\JPiccione\.p2\pool\plugins\org.eclipse.justj.openjdk.hotspot.jre.full.win32.x86_64_17.0.8.v20230831-1047\jre\bin\nio.dll
Event: 0.301 Loaded shared library C:\Users\JPiccione\.p2\pool\plugins\org.eclipse.justj.openjdk.hotspot.jre.full.win32.x86_64_17.0.8.v20230831-1047\jre\bin\zip.dll
Event: 5.555 Loaded shared library C:\Users\JPiccione\.p2\pool\plugins\org.eclipse.justj.openjdk.hotspot.jre.full.win32.x86_64_17.0.8.v20230831-1047\jre\bin\sunmscapi.dll
Event: 5.566 Loaded shared library C:\Users\JPiccione\.p2\pool\plugins\org.eclipse.justj.openjdk.hotspot.jre.full.win32.x86_64_17.0.8.v20230831-1047\jre\bin\management.dll
Event: 5.569 Loaded shared library C:\Users\JPiccione\.p2\pool\plugins\org.eclipse.justj.openjdk.hotspot.jre.full.win32.x86_64_17.0.8.v20230831-1047\jre\bin\management_ext.dll
Event: 7.044 Loaded shared library C:\Users\JPiccione\.p2\pool\plugins\org.eclipse.justj.openjdk.hotspot.jre.full.win32.x86_64_17.0.8.v20230831-1047\jre\bin\verify.dll

Deoptimization events (20 events):
Event: 30.728 Thread 0x000001fd7eb62a70 Uncommon trap: trap_request=0xffffff6e fr.pc=0x000001fd6508febc relative=0x000000000000049c
Event: 30.728 Thread 0x000001fd7eb62a70 Uncommon trap: reason=loop_limit_check action=maybe_recompile pc=0x000001fd6508febc method=org.eclipse.jdt.internal.compiler.classfmt.ClassFileStruct.utf8At(II)[C @ 143 c2
Event: 30.728 Thread 0x000001fd7eb62a70 DEOPT PACKING pc=0x000001fd6508febc sp=0x000000a73bbf99d0
Event: 30.728 Thread 0x000001fd7eb62a70 DEOPT UNPACKING pc=0x000001fd647269a3 sp=0x000000a73bbf9968 mode 2
Event: 30.774 Thread 0x000001fd7eb62a70 Uncommon trap: trap_request=0xffffffcc fr.pc=0x000001fd65094b20 relative=0x0000000000000280
Event: 30.774 Thread 0x000001fd7eb62a70 Uncommon trap: reason=intrinsic_or_type_checked_inlining action=make_not_entrant pc=0x000001fd65094b20 method=java.util.ArrayList.toArray([Ljava/lang/Object;)[Ljava/lang/Object; @ 36 c2
Event: 30.774 Thread 0x000001fd7eb62a70 DEOPT PACKING pc=0x000001fd65094b20 sp=0x000000a73bbf8880
Event: 30.774 Thread 0x000001fd7eb62a70 DEOPT UNPACKING pc=0x000001fd647269a3 sp=0x000000a73bbf8830 mode 2
Event: 30.781 Thread 0x000001fd7eb62a70 Uncommon trap: trap_request=0xffffff45 fr.pc=0x000001fd64e5245c relative=0x000000000000033c
Event: 30.781 Thread 0x000001fd7eb62a70 Uncommon trap: reason=unstable_if action=reinterpret pc=0x000001fd64e5245c method=java.util.HashMap.getNode(Ljava/lang/Object;)Ljava/util/HashMap$Node; @ 66 c2
Event: 30.781 Thread 0x000001fd7eb62a70 DEOPT PACKING pc=0x000001fd64e5245c sp=0x000000a73bbf8dc0
Event: 30.781 Thread 0x000001fd7eb62a70 DEOPT UNPACKING pc=0x000001fd647269a3 sp=0x000000a73bbf8d00 mode 2
Event: 30.781 Thread 0x000001fd7eb62a70 Uncommon trap: trap_request=0xffffff45 fr.pc=0x000001fd64d52fe4 relative=0x0000000000000344
Event: 30.781 Thread 0x000001fd7eb62a70 Uncommon trap: reason=unstable_if action=reinterpret pc=0x000001fd64d52fe4 method=java.util.HashMap.getNode(Ljava/lang/Object;)Ljava/util/HashMap$Node; @ 66 c2
Event: 30.781 Thread 0x000001fd7eb62a70 DEOPT PACKING pc=0x000001fd64d52fe4 sp=0x000000a73bbf8d90
Event: 30.781 Thread 0x000001fd7eb62a70 DEOPT UNPACKING pc=0x000001fd647269a3 sp=0x000000a73bbf8d30 mode 2
Event: 31.019 Thread 0x000001fd7eb62a70 Uncommon trap: trap_request=0xffffffde fr.pc=0x000001fd64cde934 relative=0x0000000000001334
Event: 31.019 Thread 0x000001fd7eb62a70 Uncommon trap: reason=class_check action=maybe_recompile pc=0x000001fd64cde934 method=jdk.internal.loader.URLClassPath.getLoader(I)Ljdk/internal/loader/URLClassPath$Loader; @ 88 c2
Event: 31.019 Thread 0x000001fd7eb62a70 DEOPT PACKING pc=0x000001fd64cde934 sp=0x000000a73bbfa000
Event: 31.019 Thread 0x000001fd7eb62a70 DEOPT UNPACKING pc=0x000001fd647269a3 sp=0x000000a73bbfa040 mode 2

Classes unloaded (0 events):
No events

Classes redefined (0 events):
No events

Internal exceptions (20 events):
Event: 12.745 Thread 0x000001fd59b31a20 Exception <a 'sun/nio/fs/WindowsException'{0x00000007147fd910}> (0x00000007147fd910) 
thrown [s\src\hotspot\share\prims\jni.cpp, line 516]
Event: 12.820 Thread 0x000001fd59b31a20 Exception <a 'java/lang/IncompatibleClassChangeError'{0x000000070b172a20}: Found class java.lang.Object, but interface was expected> (0x000000070b172a20) 
thrown [s\src\hotspot\share\interpreter\linkResolver.cpp, line 826]
Event: 12.915 Thread 0x000001fd59b31a20 Exception <a 'java/lang/NoSuchMethodError'{0x000000070860f088}: 'void java.lang.invoke.DirectMethodHandle$Holder.invokeVirtual(java.lang.Object, java.lang.Object, long)'> (0x000000070860f088) 
thrown [s\src\hotspot\share\interpreter\linkResolver.cpp, line 759]
Event: 13.138 Thread 0x000001fd59b31a20 Exception <a 'java/lang/NoSuchMethodError'{0x0000000707e8ce98}: 'java.lang.Object java.lang.invoke.DirectMethodHandle$Holder.newInvokeSpecial(java.lang.Object, java.lang.Object, int, java.lang.Object, java.lang.Object)'> (0x0000000707e8ce98) 
thrown [s\src\hotspot\share\interpreter\linkResolver.cpp, line 759]
Event: 13.139 Thread 0x000001fd59b31a20 Exception <a 'java/lang/NoSuchMethodError'{0x0000000707e98510}: 'java.lang.Object java.lang.invoke.DirectMethodHandle$Holder.invokeSpecial(java.lang.Object, java.lang.Object, int, java.lang.Object, int, java.lang.Object)'> (0x0000000707e98510) 
thrown [s\src\hotspot\share\interpreter\linkResolver.cpp, line 759]
Event: 13.140 Thread 0x000001fd59b31a20 Exception <a 'java/lang/NoSuchMethodError'{0x0000000707ea0318}: 'java.lang.Object java.lang.invoke.DirectMethodHandle$Holder.newInvokeSpecial(java.lang.Object, java.lang.Object, int, java.lang.Object, int)'> (0x0000000707ea0318) 
thrown [s\src\hotspot\share\interpreter\linkResolver.cpp, line 759]
Event: 13.140 Thread 0x000001fd59b31a20 Exception <a 'java/lang/NoSuchMethodError'{0x0000000707ea4418}: 'java.lang.Object java.lang.invoke.DirectMethodHandle$Holder.invokeSpecial(java.lang.Object, java.lang.Object, java.lang.Object, int, java.lang.Object, int)'> (0x0000000707ea4418) 
thrown [s\src\hotspot\share\interpreter\linkResolver.cpp, line 759]
Event: 29.342 Thread 0x000001fd7eb5d460 Exception <a 'java/lang/NoSuchMethodError'{0x0000000707904b58}: 'java.lang.Object java.lang.invoke.DirectMethodHandle$Holder.invokeSpecial(java.lang.Object, java.lang.Object, java.lang.Object, java.lang.Object, java.lang.Object, long)'> (0x0000000707904b58) 
thrown [s\src\hotspot\share\interpreter\linkResolver.cpp, line 759]
Event: 29.342 Thread 0x000001fd7eb5d460 Exception <a 'java/lang/NoSuchMethodError'{0x0000000707908598}: 'java.lang.Object java.lang.invoke.Invokers$Holder.linkToTargetMethod(java.lang.Object, java.lang.Object, java.lang.Object, long, java.lang.Object)'> (0x0000000707908598) 
thrown [s\src\hotspot\share\interpreter\linkResolver.cpp, line 759]
Event: 29.386 Thread 0x000001fd7eb5d460 Exception <a 'java/lang/NoSuchMethodError'{0x000000070763dca8}: getSession> (0x000000070763dca8) 
thrown [s\src\hotspot\share\prims\jni.cpp, line 1073]
Event: 29.776 Thread 0x000001fd7eb62a70 Implicit null exception at 0x000001fd64cf48d7 to 0x000001fd64cf4ec4
Event: 29.776 Thread 0x000001fd7eb62a70 Implicit null exception at 0x000001fd64cb3757 to 0x000001fd64cb3d18
Event: 29.923 Thread 0x000001fd7eb62a70 Exception <a 'java/lang/ClassNotFoundException'{0x00000007082f8a20}: org/apache/taglibs/standard/tag/rt/core/IfTagBeanInfo> (0x00000007082f8a20) 
thrown [s\src\hotspot\share\classfile\systemDictionary.cpp, line 256]
Event: 29.925 Thread 0x000001fd7eb62a70 Exception <a 'java/lang/ClassNotFoundException'{0x0000000708300f58}: jakarta/servlet/jsp/jstl/core/ConditionalTagSupportBeanInfo> (0x0000000708300f58) 
thrown [s\src\hotspot\share\classfile\systemDictionary.cpp, line 256]
Event: 29.926 Thread 0x000001fd7eb62a70 Exception <a 'java/lang/ClassNotFoundException'{0x0000000708308d20}: jakarta/servlet/jsp/tagext/TagSupportBeanInfo> (0x0000000708308d20) 
thrown [s\src\hotspot\share\classfile\systemDictionary.cpp, line 256]
Event: 29.928 Thread 0x000001fd7eb62a70 Exception <a 'java/lang/ClassNotFoundException'{0x000000070830d998}: java/lang/ObjectBeanInfo> (0x000000070830d998) 
thrown [s\src\hotspot\share\classfile\systemDictionary.cpp, line 256]
Event: 29.929 Thread 0x000001fd7eb62a70 Exception <a 'java/lang/ClassNotFoundException'{0x0000000708312c18}: java/lang/ObjectCustomizer> (0x0000000708312c18) 
thrown [s\src\hotspot\share\classfile\systemDictionary.cpp, line 256]
Event: 29.936 Thread 0x000001fd7eb62a70 Exception <a 'java/lang/ClassNotFoundException'{0x00000007083226a0}: jakarta/servlet/jsp/tagext/TagSupportCustomizer> (0x00000007083226a0) 
thrown [s\src\hotspot\share\classfile\systemDictionary.cpp, line 256]
Event: 29.941 Thread 0x000001fd7eb62a70 Exception <a 'java/lang/ClassNotFoundException'{0x0000000708339f18}: jakarta/servlet/jsp/jstl/core/ConditionalTagSupportCustomizer> (0x0000000708339f18) 
thrown [s\src\hotspot\share\classfile\systemDictionary.cpp, line 256]
Event: 29.944 Thread 0x000001fd7eb62a70 Exception <a 'java/lang/ClassNotFoundException'{0x0000000708348020}: org/apache/taglibs/standard/tag/rt/core/IfTagCustomizer> (0x0000000708348020) 
thrown [s\src\hotspot\share\classfile\systemDictionary.cpp, line 256]

VM Operations (20 events):
Event: 29.725 Executing VM operation: HandshakeAllThreads
Event: 29.725 Executing VM operation: HandshakeAllThreads done
Event: 29.725 Executing VM operation: HandshakeAllThreads
Event: 29.725 Executing VM operation: HandshakeAllThreads done
Event: 29.743 Executing VM operation: HandshakeAllThreads
Event: 29.743 Executing VM operation: HandshakeAllThreads done
Event: 30.114 Executing VM operation: G1CollectForAllocation
Event: 30.123 Executing VM operation: G1CollectForAllocation done
Event: 30.690 Executing VM operation: HandshakeAllThreads
Event: 30.690 Executing VM operation: HandshakeAllThreads done
Event: 30.829 Executing VM operation: G1CollectForAllocation
Event: 30.836 Executing VM operation: G1CollectForAllocation done
Event: 31.025 Executing VM operation: ChangeBreakpoints
Event: 31.026 Executing VM operation: ChangeBreakpoints done
Event: 31.026 Executing VM operation: ChangeBreakpoints
Event: 31.027 Executing VM operation: ChangeBreakpoints done
Event: 31.032 Executing VM operation: get/set locals
Event: 31.032 Executing VM operation: get/set locals done
Event: 31.032 Executing VM operation: get/set locals
Event: 31.032 Executing VM operation: get/set locals done

Events (20 events):
Event: 30.009 loading class sun/util/ResourceBundleEnumeration
Event: 30.009 loading class sun/util/ResourceBundleEnumeration done
Event: 30.255 loading class java/io/FileWriter
Event: 30.255 loading class java/io/FileWriter done
Event: 30.522 loading class java/lang/NegativeArraySizeException
Event: 30.522 loading class java/lang/NegativeArraySizeException done
Event: 30.555 loading class java/net/URLClassLoader$2
Event: 30.555 loading class java/net/URLClassLoader$2 done
Event: 30.669 loading class sun/net/www/protocol/jrt/JavaRuntimeURLConnection
Event: 30.670 loading class sun/net/www/protocol/jrt/JavaRuntimeURLConnection done
Event: 30.670 loading class sun/net/www/protocol/jrt/JavaRuntimeURLConnection$1
Event: 30.670 loading class sun/net/www/protocol/jrt/JavaRuntimeURLConnection$1 done
Event: 30.678 loading class java/text/MessageFormat$Field
Event: 30.678 loading class java/text/MessageFormat$Field done
Event: 30.758 loading class jdk/internal/access/foreign/MemorySegmentProxy
Event: 30.758 loading class jdk/internal/access/foreign/MemorySegmentProxy done
Event: 31.009 loading class java/util/Hashtable$ValueCollection
Event: 31.009 loading class java/util/Hashtable$ValueCollection done
Event: 31.018 loading class java/net/URLClassLoader$1
Event: 31.018 loading class java/net/URLClassLoader$1 done


Dynamic libraries:
0x00007ff6a3270000 - 0x00007ff6a327e000 	C:\Users\JPiccione\.p2\pool\plugins\org.eclipse.justj.openjdk.hotspot.jre.full.win32.x86_64_17.0.8.v20230831-1047\jre\bin\javaw.exe
0x000001fd577e0000 - 0x000001fd579d8000 	C:\windows\SYSTEM32\ntd1l.dll
0x000001fd579e0000 - 0x000001fd57a9d000 	C:\windows\System32\kern3l32.dll
0x00007ffdc49d0000 - 0x00007ffdc4bc8000 	C:\windows\SYSTEM32\ntdll.dll
0x00007ffdc3fb0000 - 0x00007ffdc406d000 	C:\windows\System32\KERNEL32.DLL
0x00007ffdc21b0000 - 0x00007ffdc24a6000 	C:\windows\System32\KERNELBASE.dll
0x00007ffdc1b20000 - 0x00007ffdc1e33000 	C:\Program Files\SentinelOne\Sentinel Agent 23.1.4.650\InProcessClient64.dll
0x00007ffdc2c80000 - 0x00007ffdc2d2e000 	C:\windows\System32\ADVAPI32.dll
0x00007ffdc3e80000 - 0x00007ffdc3f1e000 	C:\windows\System32\msvcrt.dll
0x00007ffdc3c80000 - 0x00007ffdc3d1c000 	C:\windows\System32\sechost.dll
0x00007ffdc34b0000 - 0x00007ffdc35d6000 	C:\windows\System32\RPCRT4.dll
0x00007ffdc2890000 - 0x00007ffdc2990000 	C:\windows\System32\ucrtbase.dll
0x00007ffdb8050000 - 0x00007ffdb8067000 	C:\Users\JPiccione\.p2\pool\plugins\org.eclipse.justj.openjdk.hotspot.jre.full.win32.x86_64_17.0.8.v20230831-1047\jre\bin\jli.dll
0x00007ffdc4070000 - 0x00007ffdc420e000 	C:\windows\System32\USER32.dll
0x00007ffdc2830000 - 0x00007ffdc2852000 	C:\windows\System32\win32u.dll
0x00007ffdc3710000 - 0x00007ffdc373c000 	C:\windows\System32\GDI32.dll
0x00007ffdc2500000 - 0x00007ffdc261a000 	C:\windows\System32\gdi32full.dll
0x00007ffdc2990000 - 0x00007ffdc2a2d000 	C:\windows\System32\msvcp_win.dll
0x00007ffda4160000 - 0x00007ffda4179000 	C:\Users\JPiccione\.p2\pool\plugins\org.eclipse.justj.openjdk.hotspot.jre.full.win32.x86_64_17.0.8.v20230831-1047\jre\bin\VCRUNTIME140.dll
0x00007ffd9b050000 - 0x00007ffd9b2ea000 	C:\windows\WinSxS\amd64_microsoft.windows.common-controls_6595b64144ccf1df_6.0.19041.1110_none_60b5254171f9507e\COMCTL32.dll
0x00007ffdc1b10000 - 0x00007ffdc1b1a000 	C:\windows\SYSTEM32\VERSION.dll
0x00007ffdc1b00000 - 0x00007ffdc1b0b000 	C:\windows\SYSTEM32\FLTLIB.DLL
0x00007ffdc4210000 - 0x00007ffdc4240000 	C:\windows\System32\IMM32.DLL
0x00007ffdb80e0000 - 0x00007ffdb80ec000 	C:\Users\JPiccione\.p2\pool\plugins\org.eclipse.justj.openjdk.hotspot.jre.full.win32.x86_64_17.0.8.v20230831-1047\jre\bin\vcruntime140_1.dll
0x00007ffd86380000 - 0x00007ffd86411000 	C:\Users\JPiccione\.p2\pool\plugins\org.eclipse.justj.openjdk.hotspot.jre.full.win32.x86_64_17.0.8.v20230831-1047\jre\bin\msvcp140.dll
0x00007ffd28600000 - 0x00007ffd2924c000 	C:\Users\JPiccione\.p2\pool\plugins\org.eclipse.justj.openjdk.hotspot.jre.full.win32.x86_64_17.0.8.v20230831-1047\jre\bin\server\jvm.dll
0x00007ffdc12d0000 - 0x00007ffdc131b000 	C:\windows\SYSTEM32\POWRPROF.dll
0x00007ffdbb4e0000 - 0x00007ffdbb4e9000 	C:\windows\SYSTEM32\WSOCK32.dll
0x00007ffdc2d90000 - 0x00007ffdc2dfb000 	C:\windows\System32\WS2_32.dll
0x00007ffda5120000 - 0x00007ffda5147000 	C:\windows\SYSTEM32\WINMM.dll
0x00007ffdc1190000 - 0x00007ffdc11a2000 	C:\windows\SYSTEM32\UMPDC.dll
0x00007ffdbf960000 - 0x00007ffdbf972000 	C:\windows\SYSTEM32\kernel.appcore.dll
0x00007ffdbcb50000 - 0x00007ffdbcb5a000 	C:\Users\JPiccione\.p2\pool\plugins\org.eclipse.justj.openjdk.hotspot.jre.full.win32.x86_64_17.0.8.v20230831-1047\jre\bin\jimage.dll
0x00007ffdb2960000 - 0x00007ffdb2b44000 	C:\windows\SYSTEM32\DBGHELP.DLL
0x00007ffdb2920000 - 0x00007ffdb2954000 	C:\windows\SYSTEM32\dbgcore.DLL
0x00007ffdc2120000 - 0x00007ffdc21a2000 	C:\windows\System32\bcryptPrimitives.dll
0x00007ffd88720000 - 0x00007ffd8879b000 	C:\Program Files\SentinelOne\Sentinel Agent 23.1.4.650\SentinelJava64.dll
0x00007ffdc2a30000 - 0x00007ffdc2b5a000 	C:\windows\System32\ole32.dll
0x00007ffdc30a0000 - 0x00007ffdc33f4000 	C:\windows\System32\combase.dll
0x00007ffdba550000 - 0x00007ffdba575000 	C:\Users\JPiccione\.p2\pool\plugins\org.eclipse.justj.openjdk.hotspot.jre.full.win32.x86_64_17.0.8.v20230831-1047\jre\bin\java.dll
0x00007ffdb8570000 - 0x00007ffdb8588000 	C:\Users\JPiccione\.p2\pool\plugins\org.eclipse.justj.openjdk.hotspot.jre.full.win32.x86_64_17.0.8.v20230831-1047\jre\bin\zip.dll
0x000001fd7c400000 - 0x000001fd7cb45000 	C:\windows\System32\SHELL32.dll
0x00007ffdbfb10000 - 0x00007ffdc02ab000 	C:\windows\SYSTEM32\windows.storage.dll
0x00007ffdc17b0000 - 0x00007ffdc17de000 	C:\windows\SYSTEM32\Wldp.dll
0x00007ffdc2b60000 - 0x00007ffdc2c0d000 	C:\windows\System32\SHCORE.dll
0x00007ffdc2d30000 - 0x00007ffdc2d85000 	C:\windows\System32\shlwapi.dll
0x00007ffdc1fe0000 - 0x00007ffdc2005000 	C:\windows\SYSTEM32\profapi.dll
0x00007ffdb8000000 - 0x00007ffdb8019000 	C:\Users\JPiccione\.p2\pool\plugins\org.eclipse.justj.openjdk.hotspot.jre.full.win32.x86_64_17.0.8.v20230831-1047\jre\bin\net.dll
0x00007ffdc0d30000 - 0x00007ffdc0e3a000 	C:\windows\SYSTEM32\WINHTTP.dll
0x00007ffdc1510000 - 0x00007ffdc157a000 	C:\windows\system32\mswsock.dll
0x00007ffdb7ec0000 - 0x00007ffdb7ed5000 	C:\Users\JPiccione\.p2\pool\plugins\org.eclipse.justj.openjdk.hotspot.jre.full.win32.x86_64_17.0.8.v20230831-1047\jre\bin\nio.dll
0x00007ffdc1700000 - 0x00007ffdc1718000 	C:\windows\SYSTEM32\CRYPTSP.dll
0x00007ffdc0ca0000 - 0x00007ffdc0cd4000 	C:\windows\system32\rsaenh.dll
0x00007ffdc2860000 - 0x00007ffdc2887000 	C:\windows\System32\bcrypt.dll
0x00007ffdc1f60000 - 0x00007ffdc1f8e000 	C:\windows\SYSTEM32\USERENV.dll
0x00007ffdc1720000 - 0x00007ffdc172c000 	C:\windows\SYSTEM32\CRYPTBASE.dll
0x00007ffdc11b0000 - 0x00007ffdc11eb000 	C:\windows\SYSTEM32\IPHLPAPI.DLL
0x00007ffdc3700000 - 0x00007ffdc3708000 	C:\windows\System32\NSI.dll
0x00007ffdbaa20000 - 0x00007ffdbaa37000 	C:\windows\SYSTEM32\dhcpcsvc6.DLL
0x00007ffdba180000 - 0x00007ffdba19d000 	C:\windows\SYSTEM32\dhcpcsvc.DLL
0x00007ffdc1200000 - 0x00007ffdc12ca000 	C:\windows\SYSTEM32\DNSAPI.dll
0x00007ffdbca70000 - 0x00007ffdbca7e000 	C:\Users\JPiccione\.p2\pool\plugins\org.eclipse.justj.openjdk.hotspot.jre.full.win32.x86_64_17.0.8.v20230831-1047\jre\bin\sunmscapi.dll
0x00007ffdc26d0000 - 0x00007ffdc282e000 	C:\windows\System32\CRYPT32.dll
0x00007ffdc1820000 - 0x00007ffdc1848000 	C:\windows\SYSTEM32\ncrypt.dll
0x00007ffdc17e0000 - 0x00007ffdc181b000 	C:\windows\SYSTEM32\NTASN1.dll
0x00007ffdb8020000 - 0x00007ffdb8029000 	C:\Users\JPiccione\.p2\pool\plugins\org.eclipse.justj.openjdk.hotspot.jre.full.win32.x86_64_17.0.8.v20230831-1047\jre\bin\management.dll
0x00007ffdb64e0000 - 0x00007ffdb64eb000 	C:\Users\JPiccione\.p2\pool\plugins\org.eclipse.justj.openjdk.hotspot.jre.full.win32.x86_64_17.0.8.v20230831-1047\jre\bin\management_ext.dll
0x00007ffdc2c70000 - 0x00007ffdc2c78000 	C:\windows\System32\PSAPI.DLL
0x00007ffdbcb20000 - 0x00007ffdbcb30000 	C:\Users\JPiccione\.p2\pool\plugins\org.eclipse.justj.openjdk.hotspot.jre.full.win32.x86_64_17.0.8.v20230831-1047\jre\bin\verify.dll
0x00007ffdb7c00000 - 0x00007ffdb7c0a000 	C:\Windows\System32\rasadhlp.dll
0x00007ffdbb8a0000 - 0x00007ffdbb922000 	C:\windows\System32\fwpuclnt.dll
0x00007ffd9a1e0000 - 0x00007ffd9a1f7000 	C:\windows\system32\napinsp.dll
0x00007ffd9dea0000 - 0x00007ffd9debb000 	C:\windows\system32\pnrpnsp.dll
0x00007ffdbba50000 - 0x00007ffdbba65000 	C:\windows\system32\wshbth.dll
0x00007ffdbc830000 - 0x00007ffdbc84d000 	C:\windows\system32\NLAapi.dll
0x00007ffd9dba0000 - 0x00007ffd9dbb2000 	C:\windows\System32\winrnr.dll
0x00007ffd8e670000 - 0x00007ffd8e677000 	C:\windows\system32\wshunix.dll

dbghelp: loaded successfully - version: 4.0.5 - missing functions: none
symbol engine: initialized successfully - sym options: 0x614 - pdb path: .;C:\Users\JPiccione\.p2\pool\plugins\org.eclipse.justj.openjdk.hotspot.jre.full.win32.x86_64_17.0.8.v20230831-1047\jre\bin;C:\windows\SYSTEM32;C:\Program Files\SentinelOne\Sentinel Agent 23.1.4.650;C:\windows\WinSxS\amd64_microsoft.windows.common-controls_6595b64144ccf1df_6.0.19041.1110_none_60b5254171f9507e;C:\Users\JPiccione\.p2\pool\plugins\org.eclipse.justj.openjdk.hotspot.jre.full.win32.x86_64_17.0.8.v20230831-1047\jre\bin\server

VM Arguments:
jvm_args: -Dfile.encoding=UTF-8 -XX:+ShowCodeDetailsInExceptionMessages -agentpath:C:\Program Files\SentinelOne\Sentinel Agent 23.1.4.650\SentinelJava64.dll 
java_command: com.spencer.ItemApp.ItemAppApplication
java_class_path (initial): C:\Users\JPiccione\OneDrive - Spencer Gifts LLC\Documents\ItemApp\target\classes;C:\Users\JPiccione\.m2\repository\org\springframework\boot\spring-boot-starter-data-jpa\3.1.4\spring-boot-starter-data-jpa-3.1.4.jar;C:\Users\JPiccione\.m2\repository\org\springframework\boot\spring-boot-starter-aop\3.1.4\spring-boot-starter-aop-3.1.4.jar;C:\Users\JPiccione\.m2\repository\org\aspectj\aspectjweaver\1.9.20\aspectjweaver-1.9.20.jar;C:\Users\JPiccione\.m2\repository\org\springframework\boot\spring-boot-starter-jdbc\3.1.4\spring-boot-starter-jdbc-3.1.4.jar;C:\Users\JPiccione\.m2\repository\com\zaxxer\HikariCP\5.0.1\HikariCP-5.0.1.jar;C:\Users\JPiccione\.m2\repository\org\springframework\spring-jdbc\6.0.12\spring-jdbc-6.0.12.jar;C:\Users\JPiccione\.m2\repository\org\hibernate\orm\hibernate-core\6.2.9.Final\hibernate-core-6.2.9.Final.jar;C:\Users\JPiccione\.m2\repository\jakarta\persistence\jakarta.persistence-api\3.1.0\jakarta.persistence-api-3.1.0.jar;C:\Users\JPiccione\.m2\repository\jakarta\transaction\jakarta.transaction-api\2.0.1\jakarta.transaction-api-2.0.1.jar;C:\Users\JPiccione\.m2\repository\org\jboss\logging\jboss-logging\3.5.3.Final\jboss-logging-3.5.3.Final.jar;C:\Users\JPiccione\.m2\repository\org\hibernate\common\hibernate-commons-annotations\6.0.6.Final\hibernate-commons-annotations-6.0.6.Final.jar;C:\Users\JPiccione\.m2\repository\io\smallrye\jandex\3.0.5\jandex-3.0.5.jar;C:\Users\JPiccione\.m2\repository\com\fasterxml\classmate\1.5.1\classmate-1.5.1.jar;C:\Users\JPiccione\.m2\repository\net\bytebuddy\byte-buddy\1.14.8\byte-buddy-1.14.8.jar;C:\Users\JPiccione\.m2\repository\org\glassfish\jaxb\jaxb-runtime\4.0.3\jaxb-runtime-4.0.3.jar;C:\Users\JPiccione\.m2\repository\org\glassfish\jaxb\jaxb-core\4.0.3\jaxb-core-4.0.3.jar;C:\Users\JPiccione\.m2\repository\org\eclipse\angus\angus-activation\2.0.1\angus-activation-2.0.1.jar;C:\Users\JPiccione\.m2\repository\org\glassfish\jaxb\txw2\4.0.3\txw2-4.0.3.jar;C:\Users\JPiccione\.m2\repositor
Launcher Type: SUN_STANDARD

[Global flags]
     intx CICompilerCount                          = 3                                         {product} {ergonomic}
     uint ConcGCThreads                            = 1                                         {product} {ergonomic}
     uint G1ConcRefinementThreads                  = 4                                         {product} {ergonomic}
   size_t G1HeapRegionSize                         = 2097152                                   {product} {ergonomic}
    uintx GCDrainStackTargetSize                   = 64                                        {product} {ergonomic}
   size_t InitialHeapSize                          = 264241152                                 {product} {ergonomic}
   size_t MarkStackSize                            = 4194304                                   {product} {ergonomic}
   size_t MaxHeapSize                              = 4215275520                                {product} {ergonomic}
   size_t MaxNewSize                               = 2529165312                                {product} {ergonomic}
   size_t MinHeapDeltaBytes                        = 2097152                                   {product} {ergonomic}
   size_t MinHeapSize                              = 8388608                                   {product} {ergonomic}
    uintx NonNMethodCodeHeapSize                   = 5832780                                {pd product} {ergonomic}
    uintx NonProfiledCodeHeapSize                  = 122912730                              {pd product} {ergonomic}
    uintx ProfiledCodeHeapSize                     = 122912730                              {pd product} {ergonomic}
    uintx ReservedCodeCacheSize                    = 251658240                              {pd product} {ergonomic}
     bool SegmentedCodeCache                       = true                                      {product} {ergonomic}
     bool ShowCodeDetailsInExceptionMessages       = true                                   {manageable} {command line}
   size_t SoftMaxHeapSize                          = 4215275520                             {manageable} {ergonomic}
     bool UseCompressedClassPointers               = true                           {product lp64_product} {ergonomic}
     bool UseCompressedOops                        = true                           {product lp64_product} {ergonomic}
     bool UseG1GC                                  = true                                      {product} {ergonomic}
     bool UseLargePagesIndividualAllocation        = false                                  {pd product} {ergonomic}

Logging:
Log output configuration:
 #0: stdout all=warning uptime,level,tags
 #1: stderr all=off uptime,level,tags

Environment Variables:
PATH=C:/Users/JPiccione/.p2/pool/plugins/org.eclipse.justj.openjdk.hotspot.jre.full.win32.x86_64_17.0.8.v20230831-1047/jre/bin/server;C:/Users/JPiccione/.p2/pool/plugins/org.eclipse.justj.openjdk.hotspot.jre.full.win32.x86_64_17.0.8.v20230831-1047/jre/bin;C:\Program Files\Common Files\Oracle\Java\javapath;C:\Program Files (x86)\Common Files\Oracle\Java\javapath;C:\Program Files\Microsoft\jdk-11.0.16.101-hotspot\bin;C:\Program Files (x86)\Business Objects\Common\3.5\bin\NOTES\;C:\Program Files (x86)\Business Objects\Common\3.5\bin\NOTES\DATA\;C:\windows\system32;C:\windows;C:\windows\System32\Wbem;C:\windows\System32\WindowsPowerShell\v1.0\;C:\windows\System32\OpenSSH\;C:\Program Files (x86)\IBM\Client Access\Emulator;C:\Program Files (x86)\IBM\Client Access\Shared;C:\Program Files (x86)\IBM\Client Access\;C:\Program Files (x86)\HEAT\;C:\Program Files (x86)\Microsoft SQL Server\160\DTS\Binn\;C:\Program Files\Azure Data Studio\bin;C:\Program Files\PuTTY\;C:\Program Files\Git\cmd;C:\Program Files\Microsoft SQL Server\150\Tools\Binn\;C:\Program Files\Microsoft SQL Server\Client SDK\ODBC\170\Tools\Binn\;C:\Program Files\dotnet\;C:\Program Files (x86)\Windows Kits\10\Windows Performance Toolkit\;c:\Program Files (x86)\Microsoft SQL Server\110\Tools\Binn\;c:\Program Files\Microsoft SQL Server\110\Tools\Binn\;c:\Program Files\Microsoft SQL Server\110\DTS\Binn\;C:\Program Files (x86)\Microsoft SQL Server\150\Tools\Binn\;C:\Program Files\Microsoft SQL Server\150\DTS\Binn\;C:\Users\JPiccione\AppData\Local\Microsoft\WindowsApps;C:\Program Files\Azure Data Studio\bin;C:\Users\JPiccione\.dotnet\tools;C:\Users\JPiccione\AppData\Local\Programs\Azure Data Studio\bin;C:\Program Files\JetBrains\IntelliJ IDEA 2023.2\bin;;C:\Users\JPiccione\AppData\Local\GitHubDesktop\bin;C:\Users\JPiccione\OneDrive - Spencer Gifts LLC\Desktop;
USERNAME=JPiccione
OS=Windows_NT
PROCESSOR_IDENTIFIER=Intel64 Family 6 Model 61 Stepping 4, GenuineIntel
TMP=C:\Users\JPICCI~1\AppData\Local\Temp
TEMP=C:\Users\JPICCI~1\AppData\Local\Temp



---------------  S Y S T E M  ---------------

OS:
 Windows 10 , 64 bit Build 19041 (10.0.19041.3393)
OS uptime: 1 days 6:08 hours

CPU: total 4 (initial active 4) (2 cores per cpu, 2 threads per core) family 6 model 61 stepping 4 microcode 0x2d, cx8, cmov, fxsr, ht, mmx, 3dnowpref, sse, sse2, sse3, ssse3, sse4.1, sse4.2, popcnt, lzcnt, tsc, tscinvbit, avx, avx2, aes, erms, clmul, bmi1, bmi2, rtm, adx, fma, vzeroupper, clflush
Processor Information for all 4 processors :
  Max Mhz: 2594, Current Mhz: 2594, Mhz Limit: 2594

Memory: 4k page, system-wide physical 16079M (7624M free)
TotalPageFile size 18511M (AvailPageFile size 7860M)
current process WorkingSet (physical memory assigned to process): 286M, peak: 363M
current process commit charge ("private bytes"): 304M, peak: 379M

vm_info: OpenJDK 64-Bit Server VM (17.0.8.1+1) for windows-amd64 JRE (17.0.8.1+1), built on Aug 23 2023 15:29:17 by "admin" with MS VC++ 16.7 (VS2019)

END.
