#
# A fatal error has been detected by the Java Runtime Environment:
#
#  EXCEPTION_ACCESS_VIOLATION (0xc0000005) at pc=0x000002b2770a9170, pid=18304, tid=19116
#
# JRE version: OpenJDK Runtime Environment Temurin-17.0.8.1+1 (17.0.8.1+1) (build 17.0.8.1+1)
# Java VM: OpenJDK 64-Bit Server VM Temurin-17.0.8.1+1 (17.0.8.1+1, mixed mode, tiered, compressed oops, compressed class ptrs, g1 gc, windows-amd64)
# Problematic frame:
# j  org.springframework.security.web.servletapi.HttpServlet3RequestFactory$Servlet3SecurityContextHolderAwareRequestWrapper.authenticate(Ljakarta/servlet/http/HttpServletResponse;)Z+4
#
# No core dump will be written. Minidumps are not enabled by default on client versions of Windows
#
# If you would like to submit a bug report, please visit:
#   https://github.com/adoptium/adoptium-support/issues
#

---------------  S U M M A R Y ------------

Command Line: -Dfile.encoding=UTF-8 -XX:+ShowCodeDetailsInExceptionMessages -agentpath:C:\Program Files\SentinelOne\Sentinel Agent 23.1.4.650\SentinelJava64.dll com.spencer.ItemApp.ItemAppApplication

Host: Intel(R) Core(TM) i7-5600U CPU @ 2.60GHz, 4 cores, 15G,  Windows 10 , 64 bit Build 19041 (10.0.19041.3570)
Time: Thu Nov  9 14:39:57 2023 Eastern Standard Time elapsed time: 36.247432 seconds (0d 0h 0m 36s)

---------------  T H R E A D  ---------------

Current thread (0x000002b2126f3dc0):  JavaThread "http-nio-8080-exec-1" daemon [_thread_in_Java, id=19116, stack(0x000000b70fb00000,0x000000b70fc00000)]

Stack: [0x000000b70fb00000,0x000000b70fc00000],  sp=0x000000b70fbf99a0,  free space=998k
Native frames: (J=compiled Java code, j=interpreted, Vv=VM code, C=native code)
C  0x000002b2770a9170


siginfo: EXCEPTION_ACCESS_VIOLATION (0xc0000005), reading address 0x000000007dfd3880


Register to memory mapping:

RIP=0x000002b2770a9170 is at code_begin+272 in an Interpreter codelet
getfield  180 getfield  [0x000002b2770a9060, 0x000002b2770a9980]  2336 bytes
RAX=0x0000000084000005 is an unknown value
RBX=0x0000000000000020 is an unknown value
RCX=0x000002b21a052a88 is pointing into metadata
RDX=0x0000000000000020 is an unknown value
RSP=0x000000b70fbf99a0 is pointing into the stack for thread: 0x000002b2126f3dc0
RBP=0x000000b70fbf99e8 is pointing into the stack for thread: 0x000002b2126f3dc0
RSI=0x000000b70fbf9e40 is pointing into the stack for thread: 0x000002b2126f3dc0
RDI=0x000002b2126f3dc0 is a thread
R8 =0x0000000000000006 is an unknown value
R9 =0x000000007dfd3880 is an unknown value
R10=0x000002b217b80920 points into unknown readable memory: 0x0000001e00000005 | 05 00 00 00 1e 00 00 00
R11=0x000002b20ed597e8 is pointing into metadata
R12=0x0 is NULL
R13=0x000002b21a0510b4 is pointing into metadata
R14=0x000000b70fbf9a08 is pointing into the stack for thread: 0x000002b2126f3dc0
R15=0x000002b2126f3dc0 is a thread


Registers:
RAX=0x0000000084000005, RBX=0x0000000000000020, RCX=0x000002b21a052a88, RDX=0x0000000000000020
RSP=0x000000b70fbf99a0, RBP=0x000000b70fbf99e8, RSI=0x000000b70fbf9e40, RDI=0x000002b2126f3dc0
R8 =0x0000000000000006, R9 =0x000000007dfd3880, R10=0x000002b217b80920, R11=0x000002b20ed597e8
R12=0x0000000000000000, R13=0x000002b21a0510b4, R14=0x000000b70fbf9a08, R15=0x000002b2126f3dc0
RIP=0x000002b2770a9170, EFLAGS=0x0000000000010202

Top of Stack: (sp=0x000000b70fbf99a0)
0x000000b70fbf99a0:   000000b70fbf99a0 000002b21a0510b4
0x000000b70fbf99b0:   000000b70fbf9a08 000002b21a052a88
0x000000b70fbf99c0:   0000000000000000 0000000707edc390
0x000000b70fbf99d0:   000002b21a051130 0000000000000000
0x000000b70fbf99e0:   000000b70fbf9a00 000000b70fbf9be0
0x000000b70fbf99f0:   000002b277091010 0000000000000000
0x000000b70fbf9a00:   0000000707e6f768 000000b70fbfa600
0x000000b70fbf9a10:   000002b277098e10 0000000700000000
0x000000b70fbf9a20:   0000000000000000 0000000000000000
0x000000b70fbf9a30:   0000000000000000 0000000000000000
0x000000b70fbf9a40:   0000000000000000 0000000000000000
0x000000b70fbf9a50:   0000000000000000 0000000000000000
0x000000b70fbf9a60:   0000000709592b10 0000000000000000
0x000000b70fbf9a70:   0000000000000000 0000000000000000
0x000000b70fbf9a80:   00000000e12b23c7 0000000000000000
0x000000b70fbf9a90:   c880a57e2f40de10 0000000000000000 

Instructions: (pc=0x000002b2770a9170)
0x000002b2770a9070:   fb 11 04 24 eb 14 48 83 ec 10 48 89 04 24 48 c7
0x000002b2770a9080:   44 24 08 00 00 00 00 eb 01 50 41 0f b7 55 01 48
0x000002b2770a9090:   8b 4d d0 c1 e2 02 8b 5c d1 20 c1 eb 10 81 e3 ff
0x000002b2770a90a0:   00 00 00 81 fb b4 00 00 00 0f 84 b6 00 00 00 bb
0x000002b2770a90b0:   b4 00 00 00 e8 05 00 00 00 e9 9b 00 00 00 48 8b
0x000002b2770a90c0:   d3 48 8d 44 24 08 4c 89 6d c0 49 8b cf c5 f8 77
0x000002b2770a90d0:   49 89 af a0 02 00 00 49 89 87 90 02 00 00 48 83
0x000002b2770a90e0:   ec 20 f7 c4 0f 00 00 00 0f 84 1a 00 00 00 48 83
0x000002b2770a90f0:   ec 08 49 ba 10 4f 1e c1 fd 7f 00 00 41 ff d2 48
0x000002b2770a9100:   83 c4 08 e9 0d 00 00 00 49 ba 10 4f 1e c1 fd 7f
0x000002b2770a9110:   00 00 41 ff d2 48 83 c4 20 49 c7 87 90 02 00 00
0x000002b2770a9120:   00 00 00 00 49 c7 87 a0 02 00 00 00 00 00 00 49
0x000002b2770a9130:   c7 87 98 02 00 00 00 00 00 00 c5 f8 77 49 81 7f
0x000002b2770a9140:   08 00 00 00 00 0f 84 05 00 00 00 e9 b0 7d fe ff
0x000002b2770a9150:   4c 8b 6d c0 4c 8b 75 c8 c3 41 0f b7 55 01 48 8b
0x000002b2770a9160:   4d d0 c1 e2 02 48 8b 5c d1 30 8b 44 d1 38 41 59
0x000002b2770a9170:   49 3b 01 c1 e8 1c 83 e0 0f 0f 85 d4 00 00 00 41
0x000002b2770a9180:   0f be 04 19 50 41 b9 cc 00 00 00 41 0f b6 5d 00
0x000002b2770a9190:   81 fb ca 00 00 00 0f 85 ae 00 00 00 48 8b 5d e8
0x000002b2770a91a0:   e8 05 00 00 00 e9 9e 00 00 00 4d 8b c5 48 8b d3
0x000002b2770a91b0:   48 8d 44 24 08 4c 89 6d c0 49 8b cf c5 f8 77 49
0x000002b2770a91c0:   89 af a0 02 00 00 49 89 87 90 02 00 00 48 83 ec
0x000002b2770a91d0:   20 f7 c4 0f 00 00 00 0f 84 1a 00 00 00 48 83 ec
0x000002b2770a91e0:   08 49 ba 80 5d 1e c1 fd 7f 00 00 41 ff d2 48 83
0x000002b2770a91f0:   c4 08 e9 0d 00 00 00 49 ba 80 5d 1e c1 fd 7f 00
0x000002b2770a9200:   00 41 ff d2 48 83 c4 20 49 c7 87 90 02 00 00 00
0x000002b2770a9210:   00 00 00 49 c7 87 a0 02 00 00 00 00 00 00 49 c7
0x000002b2770a9220:   87 98 02 00 00 00 00 00 00 c5 f8 77 49 81 7f 08
0x000002b2770a9230:   00 00 00 00 0f 84 05 00 00 00 e9 c1 7c fe ff 4c
0x000002b2770a9240:   8b 6d c0 4c 8b 75 c8 c3 eb 04 45 88 4d 00 e9 fd
0x000002b2770a9250:   06 00 00 83 f8 01 0f 85 d4 00 00 00 41 0f b6 04
0x000002b2770a9260:   19 50 41 b9 cc 00 00 00 41 0f b6 5d 00 81 fb ca 


Stack slot to memory mapping:
stack at sp + 0 slots: 0x000000b70fbf99a0 is pointing into the stack for thread: 0x000002b2126f3dc0
stack at sp + 1 slots: 0x000002b21a0510b4 is pointing into metadata
stack at sp + 2 slots: 0x000000b70fbf9a08 is pointing into the stack for thread: 0x000002b2126f3dc0
stack at sp + 3 slots: 0x000002b21a052a88 is pointing into metadata
stack at sp + 4 slots: 0x0 is NULL
stack at sp + 5 slots: 0x0000000707edc390 is an oop: java.lang.Class 
{0x0000000707edc390} - klass: 'java/lang/Class'
 - ---- fields (total size 14 words):
 - private volatile transient 'classRedefinedCount' 'I' @12  0
 - private volatile transient 'cachedConstructor' 'Ljava/lang/reflect/Constructor;' @40  NULL (0)
 - private transient 'name' 'Ljava/lang/String;' @44  "org.springframework.security.web.servletapi.HttpServlet3RequestFactory$Servlet3SecurityContextHolderAwareRequestWrapper"{0x0000000707eddcc8} (e0fdbb99)
 - private transient 'module' 'Ljava/lang/Module;' @48  a 'java/lang/Module'{0x0000000704ff4ed8} (e09fe9db)
 - private final 'classLoader' 'Ljava/lang/ClassLoader;' @52  a 'jdk/internal/loader/ClassLoaders$AppClassLoader'{0x0000000704fda600} (e09fb4c0)
 - private transient 'classData' 'Ljava/lang/Object;' @56  NULL (0)
 - private transient 'packageName' 'Ljava/lang/String;' @60  "org.springframework.security.web.servletapi"{0x00000007071cc3c8} (e0e39879)
 - private final 'componentType' 'Ljava/lang/Class;' @64  NULL (0)
 - private volatile transient 'reflectionData' 'Ljava/lang/ref/SoftReference;' @68  NULL (0)
 - private volatile transient 'genericInfo' 'Lsun/reflect/generics/repository/ClassRepository;' @72  NULL (0)
 - private volatile transient 'enumConstants' '[Ljava/lang/Object;' @76  NULL (0)
 - private volatile transient 'enumConstantDirectory' 'Ljava/util/Map;' @80  NULL (0)
 - private volatile transient 'annotationData' 'Ljava/lang/Class$AnnotationData;' @84  NULL (0)
 - private volatile transient 'annotationType' 'Lsun/reflect/annotation/AnnotationType;' @88  NULL (0)
 - transient 'classValueMap' 'Ljava/lang/ClassValue$ClassValueMap;' @92  NULL (0)
 - signature: Lorg/springframework/security/web/servletapi/HttpServlet3RequestFactory$Servlet3SecurityContextHolderAwareRequestWrapper;
 - fake entry for mirror: 'org/springframework/security/web/servletapi/HttpServlet3RequestFactory$Servlet3SecurityContextHolderAwareRequestWrapper'
 - fake entry for array: NULL
 - fake entry for oop_size: 14
 - fake entry for static_oop_field_count: 0
stack at sp + 6 slots: {method} {0x000002b21a051138} 'authenticate' '(Ljakarta/servlet/http/HttpServletResponse;)Z' in 'org/springframework/security/web/servletapi/HttpServlet3RequestFactory$Servlet3SecurityContextHolderAwareRequestWrapper'
stack at sp + 7 slots: 0x0 is NULL

getfield  180 getfield  [0x000002b2770a9060, 0x000002b2770a9980]  2336 bytes
[MachCode]
  0x000002b2770a9060: 4883 ec08 | c5fa 1104 | 24eb 1f48 | 83ec 10c5 | fb11 0424 | eb14 4883 | ec10 4889 | 0424 48c7 
  0x000002b2770a9080: 4424 0800 | 0000 00eb | 0150 410f | b755 0148 | 8b4d d0c1 | e202 8b5c | d120 c1eb | 1081 e3ff 
  0x000002b2770a90a0: 0000 0081 | fbb4 0000 | 000f 84b6 | 0000 00bb | b400 0000 | e805 0000 | 00e9 9b00 | 0000 488b 
  0x000002b2770a90c0: d348 8d44 | 2408 4c89 | 6dc0 498b | cfc5 f877 | 4989 afa0 | 0200 0049 | 8987 9002 | 0000 4883 
  0x000002b2770a90e0: ec20 f7c4 | 0f00 0000 | 0f84 1a00 | 0000 4883 | ec08 49ba | 104f 1ec1 | fd7f 0000 | 41ff d248 
  0x000002b2770a9100: 83c4 08e9 | 0d00 0000 | 49ba 104f | 1ec1 fd7f | 0000 41ff | d248 83c4 | 2049 c787 | 9002 0000 
  0x000002b2770a9120: 0000 0000 | 49c7 87a0 | 0200 0000 | 0000 0049 | c787 9802 | 0000 0000 | 0000 c5f8 | 7749 817f 
  0x000002b2770a9140: 0800 0000 | 000f 8405 | 0000 00e9 | b07d feff | 4c8b 6dc0 | 4c8b 75c8 | c341 0fb7 | 5501 488b 
  0x000002b2770a9160: 4dd0 c1e2 | 0248 8b5c | d130 8b44 | d138 4159 | 493b 01c1 | e81c 83e0 | 0f0f 85d4 | 0000 0041 
  0x000002b2770a9180: 0fbe 0419 | 5041 b9cc | 0000 0041 | 0fb6 5d00 | 81fb ca00 | 0000 0f85 | ae00 0000 | 488b 5de8 
  0x000002b2770a91a0: e805 0000 | 00e9 9e00 | 0000 4d8b | c548 8bd3 | 488d 4424 | 084c 896d | c049 8bcf | c5f8 7749 
  0x000002b2770a91c0: 89af a002 | 0000 4989 | 8790 0200 | 0048 83ec | 20f7 c40f | 0000 000f | 841a 0000 | 0048 83ec 
  0x000002b2770a91e0: 0849 ba80 | 5d1e c1fd | 7f00 0041 | ffd2 4883 | c408 e90d | 0000 0049 | ba80 5d1e | c1fd 7f00 
  0x000002b2770a9200: 0041 ffd2 | 4883 c420 | 49c7 8790 | 0200 0000 | 0000 0049 | c787 a002 | 0000 0000 | 0000 49c7 
  0x000002b2770a9220: 8798 0200 | 0000 0000 | 00c5 f877 | 4981 7f08 | 0000 0000 | 0f84 0500 | 0000 e9c1 | 7cfe ff4c 
  0x000002b2770a9240: 8b6d c04c | 8b75 c8c3 | eb04 4588 | 4d00 e9fd | 0600 0083 | f801 0f85 | d400 0000 | 410f b604 
  0x000002b2770a9260: 1950 41b9 | cc00 0000 | 410f b65d | 0081 fbca | 0000 000f | 85ae 0000 | 0048 8b5d | e8e8 0500 
  0x000002b2770a9280: 0000 e99e | 0000 004d | 8bc5 488b | d348 8d44 | 2408 4c89 | 6dc0 498b | cfc5 f877 | 4989 afa0 
  0x000002b2770a92a0: 0200 0049 | 8987 9002 | 0000 4883 | ec20 f7c4 | 0f00 0000 | 0f84 1a00 | 0000 4883 | ec08 49ba 
  0x000002b2770a92c0: 805d 1ec1 | fd7f 0000 | 41ff d248 | 83c4 08e9 | 0d00 0000 | 49ba 805d | 1ec1 fd7f | 0000 41ff 
  0x000002b2770a92e0: d248 83c4 | 2049 c787 | 9002 0000 | 0000 0000 | 49c7 87a0 | 0200 0000 | 0000 0049 | c787 9802 
  0x000002b2770a9300: 0000 0000 | 0000 c5f8 | 7749 817f | 0800 0000 | 000f 8405 | 0000 00e9 | e47b feff | 4c8b 6dc0 
  0x000002b2770a9320: 4c8b 75c8 | c3eb 0445 | 884d 00e9 | 2006 0000 | 83f8 080f | 85d7 0000 | 0041 8b04 | 1948 c1e0 
  0x000002b2770a9340: 0350 41b9 | cb00 0000 | 410f b65d | 0081 fbca | 0000 000f | 85ae 0000 | 0048 8b5d | e8e8 0500 
  0x000002b2770a9360: 0000 e99e | 0000 004d | 8bc5 488b | d348 8d44 | 2408 4c89 | 6dc0 498b | cfc5 f877 | 4989 afa0 
  0x000002b2770a9380: 0200 0049 | 8987 9002 | 0000 4883 | ec20 f7c4 | 0f00 0000 | 0f84 1a00 | 0000 4883 | ec08 49ba 
  0x000002b2770a93a0: 805d 1ec1 | fd7f 0000 | 41ff d248 | 83c4 08e9 | 0d00 0000 | 49ba 805d | 1ec1 fd7f | 0000 41ff 
  0x000002b2770a93c0: d248 83c4 | 2049 c787 | 9002 0000 | 0000 0000 | 49c7 87a0 | 0200 0000 | 0000 0049 | c787 9802 
  0x000002b2770a93e0: 0000 0000 | 0000 c5f8 | 7749 817f | 0800 0000 | 000f 8405 | 0000 00e9 | 047b feff | 4c8b 6dc0 
  0x000002b2770a9400: 4c8b 75c8 | c3eb 0445 | 884d 00e9 | 4005 0000 | 83f8 040f | 85d3 0000 | 0041 8b04 | 1950 41b9 
  0x000002b2770a9420: d000 0000 | 410f b65d | 0081 fbca | 0000 000f | 85ae 0000 | 0048 8b5d | e8e8 0500 | 0000 e99e 
  0x000002b2770a9440: 0000 004d | 8bc5 488b | d348 8d44 | 2408 4c89 | 6dc0 498b | cfc5 f877 | 4989 afa0 | 0200 0049 
  0x000002b2770a9460: 8987 9002 | 0000 4883 | ec20 f7c4 | 0f00 0000 | 0f84 1a00 | 0000 4883 | ec08 49ba | 805d 1ec1 
  0x000002b2770a9480: fd7f 0000 | 41ff d248 | 83c4 08e9 | 0d00 0000 | 49ba 805d | 1ec1 fd7f | 0000 41ff | d248 83c4 
  0x000002b2770a94a0: 2049 c787 | 9002 0000 | 0000 0000 | 49c7 87a0 | 0200 0000 | 0000 0049 | c787 9802 | 0000 0000 
  0x000002b2770a94c0: 0000 c5f8 | 7749 817f | 0800 0000 | 000f 8405 | 0000 00e9 | 287a feff | 4c8b 6dc0 | 4c8b 75c8 
  0x000002b2770a94e0: c3eb 0445 | 884d 00e9 | 6404 0000 | 83f8 020f | 85d4 0000 | 0041 0fb7 | 0419 5041 | b9cd 0000 
  0x000002b2770a9500: 0041 0fb6 | 5d00 81fb | ca00 0000 | 0f85 ae00 | 0000 488b | 5de8 e805 | 0000 00e9 | 9e00 0000 
  0x000002b2770a9520: 4d8b c548 | 8bd3 488d | 4424 084c | 896d c049 | 8bcf c5f8 | 7749 89af | a002 0000 | 4989 8790 
  0x000002b2770a9540: 0200 0048 | 83ec 20f7 | c40f 0000 | 000f 841a | 0000 0048 | 83ec 0849 | ba80 5d1e | c1fd 7f00 
  0x000002b2770a9560: 0041 ffd2 | 4883 c408 | e90d 0000 | 0049 ba80 | 5d1e c1fd | 7f00 0041 | ffd2 4883 | c420 49c7 
  0x000002b2770a9580: 8790 0200 | 0000 0000 | 0049 c787 | a002 0000 | 0000 0000 | 49c7 8798 | 0200 0000 | 0000 00c5 
  0x000002b2770a95a0: f877 4981 | 7f08 0000 | 0000 0f84 | 0500 0000 | e94b 79fe | ff4c 8b6d | c04c 8b75 | c8c3 eb04 
  0x000002b2770a95c0: 4588 4d00 | e987 0300 | 0083 f803 | 0f85 d400 | 0000 410f | bf04 1950 | 41b9 d200 | 0000 410f 
  0x000002b2770a95e0: b65d 0081 | fbca 0000 | 000f 85ae | 0000 0048 | 8b5d e8e8 | 0500 0000 | e99e 0000 | 004d 8bc5 
  0x000002b2770a9600: 488b d348 | 8d44 2408 | 4c89 6dc0 | 498b cfc5 | f877 4989 | afa0 0200 | 0049 8987 | 9002 0000 
  0x000002b2770a9620: 4883 ec20 | f7c4 0f00 | 0000 0f84 | 1a00 0000 | 4883 ec08 | 49ba 805d | 1ec1 fd7f | 0000 41ff 
  0x000002b2770a9640: d248 83c4 | 08e9 0d00 | 0000 49ba | 805d 1ec1 | fd7f 0000 | 41ff d248 | 83c4 2049 | c787 9002 
  0x000002b2770a9660: 0000 0000 | 0000 49c7 | 87a0 0200 | 0000 0000 | 0049 c787 | 9802 0000 | 0000 0000 | c5f8 7749 
  0x000002b2770a9680: 817f 0800 | 0000 000f | 8405 0000 | 00e9 6e78 | feff 4c8b | 6dc0 4c8b | 75c8 c3eb | 0445 884d 
  0x000002b2770a96a0: 00e9 aa02 | 0000 83f8 | 050f 85e3 | 0000 0049 | 8b04 1948 | 83ec 1048 | 8904 2448 | c744 2408 
  0x000002b2770a96c0: 0000 0000 | 41b9 d100 | 0000 410f | b65d 0081 | fbca 0000 | 000f 85ae | 0000 0048 | 8b5d e8e8 
  0x000002b2770a96e0: 0500 0000 | e99e 0000 | 004d 8bc5 | 488b d348 | 8d44 2408 | 4c89 6dc0 | 498b cfc5 | f877 4989 
  0x000002b2770a9700: afa0 0200 | 0049 8987 | 9002 0000 | 4883 ec20 | f7c4 0f00 | 0000 0f84 | 1a00 0000 | 4883 ec08 
  0x000002b2770a9720: 49ba 805d | 1ec1 fd7f | 0000 41ff | d248 83c4 | 08e9 0d00 | 0000 49ba | 805d 1ec1 | fd7f 0000 
  0x000002b2770a9740: 41ff d248 | 83c4 2049 | c787 9002 | 0000 0000 | 0000 49c7 | 87a0 0200 | 0000 0000 | 0049 c787 
  0x000002b2770a9760: 9802 0000 | 0000 0000 | c5f8 7749 | 817f 0800 | 0000 000f | 8405 0000 | 00e9 8277 | feff 4c8b 
  0x000002b2770a9780: 6dc0 4c8b | 75c8 c3eb | 0445 884d | 00e9 be01 | 0000 83f8 | 060f 85dd | 0000 00c4 | c17a 1004 
  0x000002b2770a97a0: 1948 83ec | 08c5 fa11 | 0424 41b9 | cf00 0000 | 410f b65d | 0081 fbca | 0000 000f | 85ae 0000 
  0x000002b2770a97c0: 0048 8b5d | e8e8 0500 | 0000 e99e | 0000 004d | 8bc5 488b | d348 8d44 | 2408 4c89 | 6dc0 498b 
  0x000002b2770a97e0: cfc5 f877 | 4989 afa0 | 0200 0049 | 8987 9002 | 0000 4883 | ec20 f7c4 | 0f00 0000 | 0f84 1a00 
  0x000002b2770a9800: 0000 4883 | ec08 49ba | 805d 1ec1 | fd7f 0000 | 41ff d248 | 83c4 08e9 | 0d00 0000 | 49ba 805d 
  0x000002b2770a9820: 1ec1 fd7f | 0000 41ff | d248 83c4 | 2049 c787 | 9002 0000 | 0000 0000 | 49c7 87a0 | 0200 0000 
  0x000002b2770a9840: 0000 0049 | c787 9802 | 0000 0000 | 0000 c5f8 | 7749 817f | 0800 0000 | 000f 8405 | 0000 00e9 
  0x000002b2770a9860: 9c76 feff | 4c8b 6dc0 | 4c8b 75c8 | c3eb 0445 | 884d 00e9 | d800 0000 | c4c1 7b10 | 0419 4883 
  0x000002b2770a9880: ec10 c5fb | 1104 2441 | b9ce 0000 | 0041 0fb6 | 5d00 81fb | ca00 0000 | 0f85 ae00 | 0000 488b 
  0x000002b2770a98a0: 5de8 e805 | 0000 00e9 | 9e00 0000 | 4d8b c548 | 8bd3 488d | 4424 084c | 896d c049 | 8bcf c5f8 
  0x000002b2770a98c0: 7749 89af | a002 0000 | 4989 8790 | 0200 0048 | 83ec 20f7 | c40f 0000 | 000f 841a | 0000 0048 
  0x000002b2770a98e0: 83ec 0849 | ba80 5d1e | c1fd 7f00 | 0041 ffd2 | 4883 c408 | e90d 0000 | 0049 ba80 | 5d1e c1fd 
  0x000002b2770a9900: 7f00 0041 | ffd2 4883 | c420 49c7 | 8790 0200 | 0000 0000 | 0049 c787 | a002 0000 | 0000 0000 
  0x000002b2770a9920: 49c7 8798 | 0200 0000 | 0000 00c5 | f877 4981 | 7f08 0000 | 0000 0f84 | 0500 0000 | e9bf 75fe 
  0x000002b2770a9940: ff4c 8b6d | c04c 8b75 | c8c3 eb04 | 4588 4d00 | 410f b65d | 0349 83c5 | 0349 ba90 | 559f c1fd 
  0x000002b2770a9960: 7f00 0041 | ff24 da90 | 0000 0000 | 0000 0000 | 0000 0000 | 0000 0000 | 0000 0000 | 0000 0000 
[/MachCode]

---------------  P R O C E S S  ---------------

Threads class SMR info:
_java_thread_list=0x000002b2120f6080, length=29, elements={
0x000002b20f074950, 0x000002b20f075b80, 0x000002b20f0b7020, 0x000002b20f0b7500,
0x000002b20f0c02d0, 0x000002b20f0c28b0, 0x000002b20f0d30f0, 0x000002b20f0d37b0,
0x000002b20f10fd60, 0x000002b20f258480, 0x000002b20f2829b0, 0x000002b210825750,
0x000002b210825c60, 0x000002b2126f0100, 0x000002b2126f2470, 0x000002b2126f2e90,
0x000002b2126f3dc0, 0x000002b2126f1f60, 0x000002b2126f2980, 0x000002b2126ee7b0,
0x000002b2126f47e0, 0x000002b2126f33a0, 0x000002b2126f38b0, 0x000002b2126ed880,
0x000002b2126f42d0, 0x000002b2126f1a50, 0x000002b2126ed370, 0x000002b2126f4cf0,
0x000002b2126edd90
}

Java Threads: ( => current thread )
  0x000002b20f074950 JavaThread "Reference Handler" daemon [_thread_blocked, id=16396, stack(0x000000b70e400000,0x000000b70e500000)]
  0x000002b20f075b80 JavaThread "Finalizer" daemon [_thread_blocked, id=1472, stack(0x000000b70e500000,0x000000b70e600000)]
  0x000002b20f0b7020 JavaThread "Signal Dispatcher" daemon [_thread_blocked, id=15312, stack(0x000000b70e600000,0x000000b70e700000)]
  0x000002b20f0b7500 JavaThread "Attach Listener" daemon [_thread_blocked, id=9720, stack(0x000000b70e700000,0x000000b70e800000)]
  0x000002b20f0c02d0 JavaThread "Service Thread" daemon [_thread_blocked, id=10948, stack(0x000000b70e800000,0x000000b70e900000)]
  0x000002b20f0c28b0 JavaThread "Monitor Deflation Thread" daemon [_thread_blocked, id=14944, stack(0x000000b70e900000,0x000000b70ea00000)]
  0x000002b20f0d30f0 JavaThread "C2 CompilerThread0" daemon [_thread_blocked, id=2552, stack(0x000000b70ea00000,0x000000b70eb00000)]
  0x000002b20f0d37b0 JavaThread "C1 CompilerThread0" daemon [_thread_blocked, id=11824, stack(0x000000b70eb00000,0x000000b70ec00000)]
  0x000002b20f10fd60 JavaThread "Sweeper thread" daemon [_thread_blocked, id=18624, stack(0x000000b70ec00000,0x000000b70ed00000)]
  0x000002b20f258480 JavaThread "Notification Thread" daemon [_thread_blocked, id=11640, stack(0x000000b70ed00000,0x000000b70ee00000)]
  0x000002b20f2829b0 JavaThread "Common-Cleaner" daemon [_thread_blocked, id=14416, stack(0x000000b70ef00000,0x000000b70f000000)]
  0x000002b210825750 JavaThread "Catalina-utility-1" [_thread_blocked, id=10728, stack(0x000000b70f400000,0x000000b70f500000)]
  0x000002b210825c60 JavaThread "Catalina-utility-2" [_thread_blocked, id=7672, stack(0x000000b70f500000,0x000000b70f600000)]
  0x000002b2126f0100 JavaThread "container-0" [_thread_blocked, id=15676, stack(0x000000b70f600000,0x000000b70f700000)]
  0x000002b2126f2470 JavaThread "mssql-jdbc-shared-timer-core-0" daemon [_thread_blocked, id=4184, stack(0x000000b70f800000,0x000000b70f900000)]
  0x000002b2126f2e90 JavaThread "HikariPool-1 housekeeper" daemon [_thread_blocked, id=1080, stack(0x000000b70f900000,0x000000b70fa00000)]
=>0x000002b2126f3dc0 JavaThread "http-nio-8080-exec-1" daemon [_thread_in_Java, id=19116, stack(0x000000b70fb00000,0x000000b70fc00000)]
  0x000002b2126f1f60 JavaThread "http-nio-8080-exec-2" daemon [_thread_blocked, id=18692, stack(0x000000b70fc00000,0x000000b70fd00000)]
  0x000002b2126f2980 JavaThread "http-nio-8080-exec-3" daemon [_thread_blocked, id=17076, stack(0x000000b70fd00000,0x000000b70fe00000)]
  0x000002b2126ee7b0 JavaThread "http-nio-8080-exec-4" daemon [_thread_blocked, id=3772, stack(0x000000b70fe00000,0x000000b70ff00000)]
  0x000002b2126f47e0 JavaThread "http-nio-8080-exec-5" daemon [_thread_blocked, id=6828, stack(0x000000b70ff00000,0x000000b710000000)]
  0x000002b2126f33a0 JavaThread "http-nio-8080-exec-6" daemon [_thread_blocked, id=16016, stack(0x000000b710000000,0x000000b710100000)]
  0x000002b2126f38b0 JavaThread "http-nio-8080-exec-7" daemon [_thread_blocked, id=10196, stack(0x000000b710100000,0x000000b710200000)]
  0x000002b2126ed880 JavaThread "http-nio-8080-exec-8" daemon [_thread_blocked, id=8296, stack(0x000000b710200000,0x000000b710300000)]
  0x000002b2126f42d0 JavaThread "http-nio-8080-exec-9" daemon [_thread_blocked, id=18028, stack(0x000000b710300000,0x000000b710400000)]
  0x000002b2126f1a50 JavaThread "http-nio-8080-exec-10" daemon [_thread_blocked, id=584, stack(0x000000b710400000,0x000000b710500000)]
  0x000002b2126ed370 JavaThread "http-nio-8080-Poller" daemon [_thread_in_native, id=17484, stack(0x000000b710500000,0x000000b710600000)]
  0x000002b2126f4cf0 JavaThread "http-nio-8080-Acceptor" daemon [_thread_in_native, id=12660, stack(0x000000b710600000,0x000000b710700000)]
  0x000002b2126edd90 JavaThread "DestroyJavaVM" [_thread_blocked, id=9272, stack(0x000000b70dd00000,0x000000b70de00000)]

Other Threads:
  0x000002b20f06ea60 VMThread "VM Thread" [stack: 0x000000b70e300000,0x000000b70e400000] [id=8164]
  0x000002b20f25b190 WatcherThread [stack: 0x000000b70ee00000,0x000000b70ef00000] [id=5684]
  0x000002b26ad8c470 GCTaskThread "GC Thread#0" [stack: 0x000000b70de00000,0x000000b70df00000] [id=4124]
  0x000002b20f0ade30 GCTaskThread "GC Thread#1" [stack: 0x000000b70f100000,0x000000b70f200000] [id=18100]
  0x000002b20f0ae0f0 GCTaskThread "GC Thread#2" [stack: 0x000000b70f200000,0x000000b70f300000] [id=10656]
  0x000002b20f0ad330 GCTaskThread "GC Thread#3" [stack: 0x000000b70f300000,0x000000b70f400000] [id=19108]
  0x000002b26ad8e170 ConcurrentGCThread "G1 Main Marker" [stack: 0x000000b70df00000,0x000000b70e000000] [id=1696]
  0x000002b27f9e8fb0 ConcurrentGCThread "G1 Conc#0" [stack: 0x000000b70e000000,0x000000b70e100000] [id=11820]
  0x000002b27fa8d180 ConcurrentGCThread "G1 Refine#0" [stack: 0x000000b70e100000,0x000000b70e200000] [id=11736]
  0x000002b27fa8f310 ConcurrentGCThread "G1 Service" [stack: 0x000000b70e200000,0x000000b70e300000] [id=3996]

Threads with active compile tasks:

VM state: not at safepoint (normal execution)

VM Mutex/Monitor currently owned by a thread: None

Heap address: 0x0000000704c00000, size: 4020 MB, Compressed Oops mode: Zero based, Oop shift amount: 3

CDS archive(s) not mapped
Compressed class space mapped at: 0x0000000800000000-0x0000000840000000, reserved size: 1073741824
Narrow klass base: 0x0000000800000000, Narrow klass shift: 0, Narrow klass range: 0x40000000

GC Precious Log:
 CPUs: 4 total, 4 available
 Memory: 16079M
 Large Page Support: Disabled
 NUMA Support: Disabled
 Compressed Oops: Enabled (Zero based)
 Heap Region Size: 2M
 Heap Min Capacity: 8M
 Heap Initial Capacity: 252M
 Heap Max Capacity: 4020M
 Pre-touch: Disabled
 Parallel Workers: 4
 Concurrent Workers: 1
 Concurrent Refinement Workers: 4
 Periodic GC: Disabled

Heap:
 garbage-first heap   total 90112K, used 46363K [0x0000000704c00000, 0x0000000800000000)
  region size 2048K, 10 young (20480K), 2 survivors (4096K)
 Metaspace       used 83068K, committed 83648K, reserved 1179648K
  class space    used 10263K, committed 10560K, reserved 1048576K

Heap Regions: E=young(eden), S=young(survivor), O=old, HS=humongous(starts), HC=humongous(continues), CS=collection set, F=free, OA=open archive, CA=closed archive, TAMS=top-at-mark-start (previous, next)
|   0|0x0000000704c00000, 0x0000000704e00000, 0x0000000704e00000|100%| O|  |TAMS 0x0000000704e00000, 0x0000000704c00000| Untracked 
|   1|0x0000000704e00000, 0x0000000705000000, 0x0000000705000000|100%| O|  |TAMS 0x0000000705000000, 0x0000000704e00000| Untracked 
|   2|0x0000000705000000, 0x00000007051d3600, 0x0000000705200000| 91%| O|  |TAMS 0x00000007051d3600, 0x0000000705000000| Untracked 
|   3|0x0000000705200000, 0x0000000705400000, 0x0000000705400000|100%| O|  |TAMS 0x0000000705400000, 0x0000000705200000| Untracked 
|   4|0x0000000705400000, 0x0000000705600000, 0x0000000705600000|100%| O|  |TAMS 0x0000000705600000, 0x0000000705400000| Untracked 
|   5|0x0000000705600000, 0x0000000705800000, 0x0000000705800000|100%| O|  |TAMS 0x0000000705800000, 0x0000000705600000| Untracked 
|   6|0x0000000705800000, 0x0000000705a00000, 0x0000000705a00000|100%| O|  |TAMS 0x0000000705a00000, 0x0000000705800000| Untracked 
|   7|0x0000000705a00000, 0x0000000705c00000, 0x0000000705c00000|100%| O|  |TAMS 0x0000000705c00000, 0x0000000705a00000| Untracked 
|   8|0x0000000705c00000, 0x0000000705e00000, 0x0000000705e00000|100%| O|  |TAMS 0x0000000705c00000, 0x0000000705c00000| Untracked 
|   9|0x0000000705e00000, 0x0000000706000000, 0x0000000706000000|100%| O|  |TAMS 0x0000000705e00000, 0x0000000705e00000| Untracked 
|  10|0x0000000706000000, 0x0000000706200000, 0x0000000706200000|100%| O|  |TAMS 0x0000000706000000, 0x0000000706000000| Untracked 
|  11|0x0000000706200000, 0x00000007062e0c00, 0x0000000706400000| 43%| O|  |TAMS 0x0000000706200000, 0x0000000706200000| Untracked 
|  12|0x0000000706400000, 0x0000000706400000, 0x0000000706600000|  0%| F|  |TAMS 0x0000000706400000, 0x0000000706400000| Untracked 
|  13|0x0000000706600000, 0x0000000706600000, 0x0000000706800000|  0%| F|  |TAMS 0x0000000706600000, 0x0000000706600000| Untracked 
|  14|0x0000000706800000, 0x0000000706800000, 0x0000000706a00000|  0%| F|  |TAMS 0x0000000706800000, 0x0000000706800000| Untracked 
|  15|0x0000000706a00000, 0x0000000706a00000, 0x0000000706c00000|  0%| F|  |TAMS 0x0000000706a00000, 0x0000000706a00000| Untracked 
|  16|0x0000000706c00000, 0x0000000706e00000, 0x0000000706e00000|100%| O|  |TAMS 0x0000000706c00000, 0x0000000706c00000| Untracked 
|  17|0x0000000706e00000, 0x0000000707000000, 0x0000000707000000|100%| O|  |TAMS 0x0000000706e00000, 0x0000000706e00000| Untracked 
|  18|0x0000000707000000, 0x0000000707200000, 0x0000000707200000|100%| O|  |TAMS 0x0000000707000000, 0x0000000707000000| Untracked 
|  19|0x0000000707200000, 0x0000000707200000, 0x0000000707400000|  0%| F|  |TAMS 0x0000000707200000, 0x0000000707200000| Untracked 
|  20|0x0000000707400000, 0x0000000707400000, 0x0000000707600000|  0%| F|  |TAMS 0x0000000707400000, 0x0000000707400000| Untracked 
|  21|0x0000000707600000, 0x0000000707600000, 0x0000000707800000|  0%| F|  |TAMS 0x0000000707600000, 0x0000000707600000| Untracked 
|  22|0x0000000707800000, 0x0000000707800000, 0x0000000707a00000|  0%| F|  |TAMS 0x0000000707800000, 0x0000000707800000| Untracked 
|  23|0x0000000707a00000, 0x0000000707a00000, 0x0000000707c00000|  0%| F|  |TAMS 0x0000000707a00000, 0x0000000707a00000| Untracked 
|  24|0x0000000707c00000, 0x0000000707c92be0, 0x0000000707e00000| 28%| S|CS|TAMS 0x0000000707c00000, 0x0000000707c00000| Complete 
|  25|0x0000000707e00000, 0x0000000708000000, 0x0000000708000000|100%| S|CS|TAMS 0x0000000707e00000, 0x0000000707e00000| Complete 
|  26|0x0000000708000000, 0x0000000708000000, 0x0000000708200000|  0%| F|  |TAMS 0x0000000708000000, 0x0000000708000000| Untracked 
|  27|0x0000000708200000, 0x0000000708200000, 0x0000000708400000|  0%| F|  |TAMS 0x0000000708200000, 0x0000000708200000| Untracked 
|  28|0x0000000708400000, 0x0000000708400000, 0x0000000708600000|  0%| F|  |TAMS 0x0000000708400000, 0x0000000708400000| Untracked 
|  29|0x0000000708600000, 0x0000000708600000, 0x0000000708800000|  0%| F|  |TAMS 0x0000000708600000, 0x0000000708600000| Untracked 
|  30|0x0000000708800000, 0x0000000708800000, 0x0000000708a00000|  0%| F|  |TAMS 0x0000000708800000, 0x0000000708800000| Untracked 
|  31|0x0000000708a00000, 0x0000000708a00000, 0x0000000708c00000|  0%| F|  |TAMS 0x0000000708a00000, 0x0000000708a00000| Untracked 
|  32|0x0000000708c00000, 0x0000000708c00000, 0x0000000708e00000|  0%| F|  |TAMS 0x0000000708c00000, 0x0000000708c00000| Untracked 
|  33|0x0000000708e00000, 0x0000000708e00000, 0x0000000709000000|  0%| F|  |TAMS 0x0000000708e00000, 0x0000000708e00000| Untracked 
|  34|0x0000000709000000, 0x0000000709000000, 0x0000000709200000|  0%| F|  |TAMS 0x0000000709000000, 0x0000000709000000| Untracked 
|  35|0x0000000709200000, 0x0000000709200000, 0x0000000709400000|  0%| F|  |TAMS 0x0000000709200000, 0x0000000709200000| Untracked 
|  36|0x0000000709400000, 0x00000007095be790, 0x0000000709600000| 87%| E|  |TAMS 0x0000000709400000, 0x0000000709400000| Complete 
|  37|0x0000000709600000, 0x0000000709800000, 0x0000000709800000|100%| E|CS|TAMS 0x0000000709600000, 0x0000000709600000| Complete 
|  38|0x0000000709800000, 0x0000000709a00000, 0x0000000709a00000|100%| E|CS|TAMS 0x0000000709800000, 0x0000000709800000| Complete 
|  39|0x0000000709a00000, 0x0000000709c00000, 0x0000000709c00000|100%| E|CS|TAMS 0x0000000709a00000, 0x0000000709a00000| Complete 
|  66|0x000000070d000000, 0x000000070d200000, 0x000000070d200000|100%| E|CS|TAMS 0x000000070d000000, 0x000000070d000000| Complete 
|  67|0x000000070d200000, 0x000000070d400000, 0x000000070d400000|100%| E|CS|TAMS 0x000000070d200000, 0x000000070d200000| Complete 
|  68|0x000000070d400000, 0x000000070d600000, 0x000000070d600000|100%| E|CS|TAMS 0x000000070d400000, 0x000000070d400000| Complete 
| 125|0x0000000714600000, 0x0000000714800000, 0x0000000714800000|100%| E|CS|TAMS 0x0000000714600000, 0x0000000714600000| Complete 

Card table byte_map: [0x000002b200000000,0x000002b2007e0000] _byte_map_base: 0x000002b1fc7da000

Marking Bits (Prev, Next): (CMBitMap*) 0x000002b26ad8cf80, (CMBitMap*) 0x000002b26ad8cf40
 Prev Bits: [0x000002b204e90000, 0x000002b208d60000)
 Next Bits: [0x000002b200fc0000, 0x000002b204e90000)

Polling page: 0x000002b26a530000

Metaspace:

Usage:
  Non-class:     71.10 MB used.
      Class:     10.02 MB used.
       Both:     81.12 MB used.

Virtual space:
  Non-class space:      128.00 MB reserved,      71.38 MB ( 56%) committed,  2 nodes.
      Class space:        1.00 GB reserved,      10.31 MB (  1%) committed,  1 nodes.
             Both:        1.12 GB reserved,      81.69 MB (  7%) committed. 

Chunk freelists:
   Non-Class:  8.59 MB
       Class:  5.73 MB
        Both:  14.32 MB

MaxMetaspaceSize: unlimited
CompressedClassSpaceSize: 1.00 GB
Initial GC threshold: 21.00 MB
Current GC threshold: 98.88 MB
CDS: off
MetaspaceReclaimPolicy: balanced
 - commit_granule_bytes: 65536.
 - commit_granule_words: 8192.
 - virtual_space_node_default_size: 8388608.
 - enlarge_chunks_in_place: 1.
 - new_chunks_are_fully_committed: 0.
 - uncommit_free_chunks: 1.
 - use_allocation_guard: 0.
 - handle_deallocations: 1.


Internal statistics:

num_allocs_failed_limit: 11.
num_arena_births: 802.
num_arena_deaths: 0.
num_vsnodes_births: 3.
num_vsnodes_deaths: 0.
num_space_committed: 1307.
num_space_uncommitted: 0.
num_chunks_returned_to_freelist: 11.
num_chunks_taken_from_freelist: 3315.
num_chunk_merges: 11.
num_chunk_splits: 2436.
num_chunks_enlarged: 1912.
num_inconsistent_stats: 0.

CodeHeap 'non-profiled nmethods': size=120000Kb used=4442Kb max_used=4442Kb free=115558Kb
 bounds [0x000002b277630000, 0x000002b277a90000, 0x000002b27eb60000]
CodeHeap 'profiled nmethods': size=120000Kb used=12229Kb max_used=12229Kb free=107771Kb
 bounds [0x000002b26fb60000, 0x000002b270760000, 0x000002b277090000]
CodeHeap 'non-nmethods': size=5760Kb used=1396Kb max_used=1464Kb free=4363Kb
 bounds [0x000002b277090000, 0x000002b277300000, 0x000002b277630000]
 total_blobs=6484 nmethods=5751 adapters=644
 compilation: enabled
              stopped_count=0, restarted_count=0
 full_count=0

Compilation events (20 events):
Event: 36.216 Thread 0x000002b20f0d37b0 nmethod 6462 0x000002b277a7dc10 code [0x000002b277a7dda0, 0x000002b277a7de78]
Event: 36.217 Thread 0x000002b20f0d37b0 6471       1       java.lang.invoke.LambdaForm::arity (5 bytes)
Event: 36.217 Thread 0x000002b20f0d37b0 nmethod 6471 0x000002b277a7df10 code [0x000002b277a7e0a0, 0x000002b277a7e178]
Event: 36.218 Thread 0x000002b20f0d37b0 6472       3       java.lang.invoke.LambdaFormBuffer::endEdit (313 bytes)
Event: 36.219 Thread 0x000002b20f0d37b0 nmethod 6472 0x000002b27074bf90 code [0x000002b27074c200, 0x000002b27074d078]
Event: 36.219 Thread 0x000002b20f0d37b0 6473       3       java.lang.invoke.LambdaFormBuffer::replaceName (124 bytes)
Event: 36.220 Thread 0x000002b20f0d37b0 nmethod 6473 0x000002b27074d490 code [0x000002b27074d640, 0x000002b27074d828]
Event: 36.224 Thread 0x000002b20f0d37b0 6474       3       org.apache.jasper.compiler.SmapUtil$SDEInstaller::readU1 (21 bytes)
Event: 36.224 Thread 0x000002b20f0d37b0 nmethod 6474 0x000002b27074d910 code [0x000002b27074daa0, 0x000002b27074dbf8]
Event: 36.225 Thread 0x000002b20f0d37b0 6475       3       org.apache.jasper.compiler.SmapUtil$SDEInstaller::writeU1 (19 bytes)
Event: 36.225 Thread 0x000002b20f0d37b0 nmethod 6475 0x000002b27074dd10 code [0x000002b27074dea0, 0x000002b27074dff8]
Event: 36.225 Thread 0x000002b20f0d37b0 6476       3       org.apache.jasper.compiler.SmapUtil$SDEInstaller::readBytes (38 bytes)
Event: 36.225 Thread 0x000002b20f0d37b0 nmethod 6476 0x000002b27074e110 code [0x000002b27074e2c0, 0x000002b27074e578]
Event: 36.225 Thread 0x000002b20f0d37b0 6477       3       org.apache.jasper.compiler.SmapUtil$SDEInstaller::writeBytes (45 bytes)
Event: 36.225 Thread 0x000002b20f0d37b0 nmethod 6477 0x000002b27074e690 code [0x000002b27074e840, 0x000002b27074ea58]
Event: 36.225 Thread 0x000002b20f0d37b0 6478       3       org.apache.jasper.compiler.SmapUtil$SDEInstaller::copy (46 bytes)
Event: 36.226 Thread 0x000002b20f0d37b0 nmethod 6478 0x000002b27074eb90 code [0x000002b27074ed40, 0x000002b27074ef78]
Event: 36.226 Thread 0x000002b20f0d37b0 6479       3       org.apache.jasper.compiler.SmapUtil$SDEInstaller::writeU2 (18 bytes)
Event: 36.226 Thread 0x000002b20f0d37b0 nmethod 6479 0x000002b27074f110 code [0x000002b27074f2c0, 0x000002b27074f478]
Event: 36.238 Thread 0x000002b20f0d37b0 6480       3       org.apache.catalina.core.DefaultInstanceManager::findLifecycleCallback (110 bytes)

GC Heap History (20 events):
Event: 5.571 GC heap before
{Heap before GC invocations=10 (full 0):
 garbage-first heap   total 40960K, used 30410K [0x0000000704c00000, 0x0000000800000000)
  region size 2048K, 9 young (18432K), 1 survivors (2048K)
 Metaspace       used 32964K, committed 33344K, reserved 1114112K
  class space    used 3879K, committed 4096K, reserved 1048576K
}
Event: 5.580 GC heap after
{Heap after GC invocations=11 (full 0):
 garbage-first heap   total 40960K, used 16074K [0x0000000704c00000, 0x0000000800000000)
  region size 2048K, 2 young (4096K), 2 survivors (4096K)
 Metaspace       used 32964K, committed 33344K, reserved 1114112K
  class space    used 3879K, committed 4096K, reserved 1048576K
}
Event: 6.088 GC heap before
{Heap before GC invocations=11 (full 0):
 garbage-first heap   total 40960K, used 26314K [0x0000000704c00000, 0x0000000800000000)
  region size 2048K, 8 young (16384K), 2 survivors (4096K)
 Metaspace       used 35748K, committed 36096K, reserved 1114112K
  class space    used 4169K, committed 4352K, reserved 1048576K
}
Event: 6.098 GC heap after
{Heap after GC invocations=12 (full 0):
 garbage-first heap   total 40960K, used 17263K [0x0000000704c00000, 0x0000000800000000)
  region size 2048K, 1 young (2048K), 1 survivors (2048K)
 Metaspace       used 35748K, committed 36096K, reserved 1114112K
  class space    used 4169K, committed 4352K, reserved 1048576K
}
Event: 6.551 GC heap before
{Heap before GC invocations=13 (full 0):
 garbage-first heap   total 40960K, used 27503K [0x0000000704c00000, 0x0000000800000000)
  region size 2048K, 7 young (14336K), 1 survivors (2048K)
 Metaspace       used 37982K, committed 38400K, reserved 1114112K
  class space    used 4424K, committed 4672K, reserved 1048576K
}
Event: 6.556 GC heap after
{Heap after GC invocations=14 (full 0):
 garbage-first heap   total 40960K, used 18217K [0x0000000704c00000, 0x0000000800000000)
  region size 2048K, 1 young (2048K), 1 survivors (2048K)
 Metaspace       used 37982K, committed 38400K, reserved 1114112K
  class space    used 4424K, committed 4672K, reserved 1048576K
}
Event: 6.611 GC heap before
{Heap before GC invocations=14 (full 0):
 garbage-first heap   total 40960K, used 20265K [0x0000000704c00000, 0x0000000800000000)
  region size 2048K, 2 young (4096K), 1 survivors (2048K)
 Metaspace       used 38154K, committed 38656K, reserved 1114112K
  class space    used 4436K, committed 4672K, reserved 1048576K
}
Event: 6.620 GC heap after
{Heap after GC invocations=15 (full 0):
 garbage-first heap   total 149504K, used 17679K [0x0000000704c00000, 0x0000000800000000)
  region size 2048K, 1 young (2048K), 1 survivors (2048K)
 Metaspace       used 38154K, committed 38656K, reserved 1114112K
  class space    used 4436K, committed 4672K, reserved 1048576K
}
Event: 9.610 GC heap before
{Heap before GC invocations=15 (full 0):
 garbage-first heap   total 149504K, used 97551K [0x0000000704c00000, 0x0000000800000000)
  region size 2048K, 40 young (81920K), 1 survivors (2048K)
 Metaspace       used 57221K, committed 57600K, reserved 1114112K
  class space    used 6920K, committed 7104K, reserved 1048576K
}
Event: 9.620 GC heap after
{Heap after GC invocations=16 (full 0):
 garbage-first heap   total 149504K, used 23024K [0x0000000704c00000, 0x0000000800000000)
  region size 2048K, 4 young (8192K), 4 survivors (8192K)
 Metaspace       used 57221K, committed 57600K, reserved 1114112K
  class space    used 6920K, committed 7104K, reserved 1048576K
}
Event: 9.859 GC heap before
{Heap before GC invocations=16 (full 0):
 garbage-first heap   total 149504K, used 29168K [0x0000000704c00000, 0x0000000800000000)
  region size 2048K, 8 young (16384K), 4 survivors (8192K)
 Metaspace       used 60047K, committed 60416K, reserved 1114112K
  class space    used 7362K, committed 7552K, reserved 1048576K
}
Event: 9.867 GC heap after
{Heap after GC invocations=17 (full 0):
 garbage-first heap   total 149504K, used 23600K [0x0000000704c00000, 0x0000000800000000)
  region size 2048K, 3 young (6144K), 3 survivors (6144K)
 Metaspace       used 60047K, committed 60416K, reserved 1114112K
  class space    used 7362K, committed 7552K, reserved 1048576K
}
Event: 11.872 GC heap before
{Heap before GC invocations=18 (full 0):
 garbage-first heap   total 90112K, used 72752K [0x0000000704c00000, 0x0000000800000000)
  region size 2048K, 28 young (57344K), 3 survivors (6144K)
 Metaspace       used 69377K, committed 69952K, reserved 1114112K
  class space    used 8808K, committed 9088K, reserved 1048576K
}
Event: 11.883 GC heap after
{Heap after GC invocations=19 (full 0):
 garbage-first heap   total 90112K, used 26998K [0x0000000704c00000, 0x0000000800000000)
  region size 2048K, 5 young (10240K), 5 survivors (10240K)
 Metaspace       used 69377K, committed 69952K, reserved 1114112K
  class space    used 8808K, committed 9088K, reserved 1048576K
}
Event: 11.934 GC heap before
{Heap before GC invocations=19 (full 0):
 garbage-first heap   total 90112K, used 29046K [0x0000000704c00000, 0x0000000800000000)
  region size 2048K, 6 young (12288K), 5 survivors (10240K)
 Metaspace       used 69448K, committed 70016K, reserved 1114112K
  class space    used 8816K, committed 9088K, reserved 1048576K
}
Event: 11.944 GC heap after
{Heap after GC invocations=20 (full 0):
 garbage-first heap   total 90112K, used 27813K [0x0000000704c00000, 0x0000000800000000)
  region size 2048K, 1 young (2048K), 1 survivors (2048K)
 Metaspace       used 69448K, committed 70016K, reserved 1114112K
  class space    used 8816K, committed 9088K, reserved 1048576K
}
Event: 12.994 GC heap before
{Heap before GC invocations=20 (full 0):
 garbage-first heap   total 90112K, used 66725K [0x0000000704c00000, 0x0000000800000000)
  region size 2048K, 20 young (40960K), 1 survivors (2048K)
 Metaspace       used 73242K, committed 73856K, reserved 1114112K
  class space    used 9374K, committed 9664K, reserved 1048576K
}
Event: 13.002 GC heap after
{Heap after GC invocations=21 (full 0):
 garbage-first heap   total 90112K, used 29572K [0x0000000704c00000, 0x0000000800000000)
  region size 2048K, 2 young (4096K), 2 survivors (4096K)
 Metaspace       used 73242K, committed 73856K, reserved 1114112K
  class space    used 9374K, committed 9664K, reserved 1048576K
}
Event: 35.759 GC heap before
{Heap before GC invocations=21 (full 0):
 garbage-first heap   total 90112K, used 64388K [0x0000000704c00000, 0x0000000800000000)
  region size 2048K, 20 young (40960K), 2 survivors (4096K)
 Metaspace       used 80023K, committed 80576K, reserved 1179648K
  class space    used 10023K, committed 10304K, reserved 1048576K
}
Event: 35.766 GC heap after
{Heap after GC invocations=22 (full 0):
 garbage-first heap   total 90112K, used 32027K [0x0000000704c00000, 0x0000000800000000)
  region size 2048K, 2 young (4096K), 2 survivors (4096K)
 Metaspace       used 80023K, committed 80576K, reserved 1179648K
  class space    used 10023K, committed 10304K, reserved 1048576K
}

Dll operation events (9 events):
Event: 0.032 Loaded shared library C:\Users\JPiccione\.p2\pool\plugins\org.eclipse.justj.openjdk.hotspot.jre.full.win32.x86_64_17.0.8.v20230831-1047\jre\bin\java.dll
Event: 0.241 Loaded shared library C:\Users\JPiccione\.p2\pool\plugins\org.eclipse.justj.openjdk.hotspot.jre.full.win32.x86_64_17.0.8.v20230831-1047\jre\bin\jimage.dll
Event: 0.256 Loaded shared library C:\Users\JPiccione\.p2\pool\plugins\org.eclipse.justj.openjdk.hotspot.jre.full.win32.x86_64_17.0.8.v20230831-1047\jre\bin\net.dll
Event: 0.258 Loaded shared library C:\Users\JPiccione\.p2\pool\plugins\org.eclipse.justj.openjdk.hotspot.jre.full.win32.x86_64_17.0.8.v20230831-1047\jre\bin\nio.dll
Event: 0.264 Loaded shared library C:\Users\JPiccione\.p2\pool\plugins\org.eclipse.justj.openjdk.hotspot.jre.full.win32.x86_64_17.0.8.v20230831-1047\jre\bin\zip.dll
Event: 6.161 Loaded shared library C:\Users\JPiccione\.p2\pool\plugins\org.eclipse.justj.openjdk.hotspot.jre.full.win32.x86_64_17.0.8.v20230831-1047\jre\bin\sunmscapi.dll
Event: 6.201 Loaded shared library C:\Users\JPiccione\.p2\pool\plugins\org.eclipse.justj.openjdk.hotspot.jre.full.win32.x86_64_17.0.8.v20230831-1047\jre\bin\management.dll
Event: 6.204 Loaded shared library C:\Users\JPiccione\.p2\pool\plugins\org.eclipse.justj.openjdk.hotspot.jre.full.win32.x86_64_17.0.8.v20230831-1047\jre\bin\management_ext.dll
Event: 7.815 Loaded shared library C:\Users\JPiccione\.p2\pool\plugins\org.eclipse.justj.openjdk.hotspot.jre.full.win32.x86_64_17.0.8.v20230831-1047\jre\bin\verify.dll

Deoptimization events (20 events):
Event: 36.015 Thread 0x000002b2126f3dc0 Uncommon trap: trap_request=0xffffff6e fr.pc=0x000002b277a6e53c relative=0x000000000000049c
Event: 36.015 Thread 0x000002b2126f3dc0 Uncommon trap: reason=loop_limit_check action=maybe_recompile pc=0x000002b277a6e53c method=org.eclipse.jdt.internal.compiler.classfmt.ClassFileStruct.utf8At(II)[C @ 143 c2
Event: 36.015 Thread 0x000002b2126f3dc0 DEOPT PACKING pc=0x000002b277a6e53c sp=0x000000b70fbf9c00
Event: 36.015 Thread 0x000002b2126f3dc0 DEOPT UNPACKING pc=0x000002b2770e69a3 sp=0x000000b70fbf9b98 mode 2
Event: 36.052 Thread 0x000002b2126f3dc0 Uncommon trap: trap_request=0xffffffcc fr.pc=0x000002b277a70da0 relative=0x0000000000000280
Event: 36.052 Thread 0x000002b2126f3dc0 Uncommon trap: reason=intrinsic_or_type_checked_inlining action=make_not_entrant pc=0x000002b277a70da0 method=java.util.ArrayList.toArray([Ljava/lang/Object;)[Ljava/lang/Object; @ 36 c2
Event: 36.052 Thread 0x000002b2126f3dc0 DEOPT PACKING pc=0x000002b277a70da0 sp=0x000000b70fbf94c0
Event: 36.052 Thread 0x000002b2126f3dc0 DEOPT UNPACKING pc=0x000002b2770e69a3 sp=0x000000b70fbf9480 mode 2
Event: 36.063 Thread 0x000002b2126f3dc0 Uncommon trap: trap_request=0xffffff45 fr.pc=0x000002b277872ccc relative=0x000000000000032c
Event: 36.063 Thread 0x000002b2126f3dc0 Uncommon trap: reason=unstable_if action=reinterpret pc=0x000002b277872ccc method=java.util.HashMap.getNode(Ljava/lang/Object;)Ljava/util/HashMap$Node; @ 66 c2
Event: 36.063 Thread 0x000002b2126f3dc0 DEOPT PACKING pc=0x000002b277872ccc sp=0x000000b70fbf8ff0
Event: 36.063 Thread 0x000002b2126f3dc0 DEOPT UNPACKING pc=0x000002b2770e69a3 sp=0x000000b70fbf8f30 mode 2
Event: 36.063 Thread 0x000002b2126f3dc0 Uncommon trap: trap_request=0xffffff45 fr.pc=0x000002b2777257e0 relative=0x0000000000000340
Event: 36.063 Thread 0x000002b2126f3dc0 Uncommon trap: reason=unstable_if action=reinterpret pc=0x000002b2777257e0 method=java.util.HashMap.getNode(Ljava/lang/Object;)Ljava/util/HashMap$Node; @ 66 c2
Event: 36.063 Thread 0x000002b2126f3dc0 DEOPT PACKING pc=0x000002b2777257e0 sp=0x000000b70fbf8fc0
Event: 36.063 Thread 0x000002b2126f3dc0 DEOPT UNPACKING pc=0x000002b2770e69a3 sp=0x000000b70fbf8f60 mode 2
Event: 36.230 Thread 0x000002b2126f3dc0 Uncommon trap: trap_request=0xffffffde fr.pc=0x000002b27769bff8 relative=0x00000000000014f8
Event: 36.230 Thread 0x000002b2126f3dc0 Uncommon trap: reason=class_check action=maybe_recompile pc=0x000002b27769bff8 method=jdk.internal.loader.URLClassPath.getLoader(I)Ljdk/internal/loader/URLClassPath$Loader; @ 88 c2
Event: 36.230 Thread 0x000002b2126f3dc0 DEOPT PACKING pc=0x000002b27769bff8 sp=0x000000b70fbfa260
Event: 36.230 Thread 0x000002b2126f3dc0 DEOPT UNPACKING pc=0x000002b2770e69a3 sp=0x000000b70fbfa2a0 mode 2

Classes unloaded (0 events):
No events

Classes redefined (0 events):
No events

Internal exceptions (20 events):
Event: 11.727 Thread 0x000002b26a4e9e40 Exception <a 'java/lang/reflect/InvocationTargetException'{0x0000000706ebff90}> (0x0000000706ebff90) 
thrown [s\src\hotspot\share\runtime\reflection.cpp, line 1121]
Event: 11.730 Thread 0x000002b26a4e9e40 Exception <a 'java/lang/reflect/InvocationTargetException'{0x0000000706eccb18}> (0x0000000706eccb18) 
thrown [s\src\hotspot\share\runtime\reflection.cpp, line 1121]
Event: 11.734 Thread 0x000002b26a4e9e40 Exception <a 'java/lang/reflect/InvocationTargetException'{0x0000000706edcc30}> (0x0000000706edcc30) 
thrown [s\src\hotspot\share\runtime\reflection.cpp, line 1121]
Event: 11.774 Thread 0x000002b26a4e9e40 Exception <a 'java/lang/NoSuchMethodError'{0x0000000706fa4338}: 'int java.lang.invoke.DirectMethodHandle$Holder.invokeStatic(java.lang.Object, java.lang.Object, int)'> (0x0000000706fa4338) 
thrown [s\src\hotspot\share\interpreter\linkResolver.cpp, line 759]
Event: 11.778 Thread 0x000002b26a4e9e40 Exception <a 'java/lang/NoSuchMethodError'{0x0000000706fc3260}: 'java.lang.Object java.lang.invoke.DirectMethodHandle$Holder.newInvokeSpecial(java.lang.Object, java.lang.Object, int)'> (0x0000000706fc3260) 
thrown [s\src\hotspot\share\interpreter\linkResolver.cpp, line 759]
Event: 11.783 Thread 0x000002b26a4e9e40 Exception <a 'java/lang/NoSuchMethodError'{0x0000000706fe53e8}: 'java.lang.Object java.lang.invoke.Invokers$Holder.invoke_MT(java.lang.Object, java.lang.Object, java.lang.Object, java.lang.Object, java.lang.Object, java.lang.Object, java.lang.Object, java.lang.Object, java.lang.Object)'> (0x0000000706fe53e8) 
thrown [s\src\hotspot\share\interpreter\linkResolver.cpp, line 759]
Event: 11.789 Thread 0x000002b26a4e9e40 Exception <a 'java/lang/IncompatibleClassChangeError'{0x0000000706c0f840}: Found class java.lang.Object, but interface was expected> (0x0000000706c0f840) 
thrown [s\src\hotspot\share\interpreter\linkResolver.cpp, line 826]
Event: 12.156 Thread 0x000002b26a4e9e40 Implicit null exception at 0x000002b27775fac1 to 0x000002b27775fb82
Event: 12.603 Thread 0x000002b26a4e9e40 Exception <a 'sun/nio/fs/WindowsException'{0x0000000708bcb4c0}> (0x0000000708bcb4c0) 
thrown [s\src\hotspot\share\prims\jni.cpp, line 516]
Event: 12.669 Thread 0x000002b26a4e9e40 Exception <a 'java/lang/IncompatibleClassChangeError'{0x0000000708713338}: Found class java.lang.Object, but interface was expected> (0x0000000708713338) 
thrown [s\src\hotspot\share\interpreter\linkResolver.cpp, line 826]
Event: 12.766 Thread 0x000002b26a4e9e40 Exception <a 'java/lang/NoSuchMethodError'{0x00000007085b03f8}: 'void java.lang.invoke.DirectMethodHandle$Holder.invokeVirtual(java.lang.Object, java.lang.Object, long)'> (0x00000007085b03f8) 
thrown [s\src\hotspot\share\interpreter\linkResolver.cpp, line 759]
Event: 13.009 Thread 0x000002b26a4e9e40 Exception <a 'java/lang/NoSuchMethodError'{0x000000071464ff60}: 'java.lang.Object java.lang.invoke.DirectMethodHandle$Holder.newInvokeSpecial(java.lang.Object, java.lang.Object, int, java.lang.Object, java.lang.Object)'> (0x000000071464ff60) 
thrown [s\src\hotspot\share\interpreter\linkResolver.cpp, line 759]
Event: 13.010 Thread 0x000002b26a4e9e40 Exception <a 'java/lang/NoSuchMethodError'{0x000000071465b5d8}: 'java.lang.Object java.lang.invoke.DirectMethodHandle$Holder.invokeSpecial(java.lang.Object, java.lang.Object, int, java.lang.Object, int, java.lang.Object)'> (0x000000071465b5d8) 
thrown [s\src\hotspot\share\interpreter\linkResolver.cpp, line 759]
Event: 13.011 Thread 0x000002b26a4e9e40 Exception <a 'java/lang/NoSuchMethodError'{0x00000007146633e0}: 'java.lang.Object java.lang.invoke.DirectMethodHandle$Holder.newInvokeSpecial(java.lang.Object, java.lang.Object, int, java.lang.Object, int)'> (0x00000007146633e0) 
thrown [s\src\hotspot\share\interpreter\linkResolver.cpp, line 759]
Event: 13.011 Thread 0x000002b26a4e9e40 Exception <a 'java/lang/NoSuchMethodError'{0x00000007146674e0}: 'java.lang.Object java.lang.invoke.DirectMethodHandle$Holder.invokeSpecial(java.lang.Object, java.lang.Object, java.lang.Object, int, java.lang.Object, int)'> (0x00000007146674e0) 
thrown [s\src\hotspot\share\interpreter\linkResolver.cpp, line 759]
Event: 34.970 Thread 0x000002b2126f3dc0 Exception <a 'java/lang/NoSuchMethodError'{0x000000070d0fd670}: 'java.lang.Object java.lang.invoke.DirectMethodHandle$Holder.invokeSpecial(java.lang.Object, java.lang.Object, java.lang.Object, java.lang.Object, java.lang.Object, long)'> (0x000000070d0fd670) 
thrown [s\src\hotspot\share\interpreter\linkResolver.cpp, line 759]
Event: 34.970 Thread 0x000002b2126f3dc0 Exception <a 'java/lang/NoSuchMethodError'{0x000000070d1010b0}: 'java.lang.Object java.lang.invoke.Invokers$Holder.linkToTargetMethod(java.lang.Object, java.lang.Object, java.lang.Object, long, java.lang.Object)'> (0x000000070d1010b0) 
thrown [s\src\hotspot\share\interpreter\linkResolver.cpp, line 759]
Event: 35.022 Thread 0x000002b2126f3dc0 Exception <a 'java/lang/NoSuchMethodError'{0x0000000709a355d0}: getSession> (0x0000000709a355d0) 
thrown [s\src\hotspot\share\prims\jni.cpp, line 1073]
Event: 35.355 Thread 0x000002b2126f3dc0 Implicit null exception at 0x000002b2776b4857 to 0x000002b2776b4e44
Event: 35.355 Thread 0x000002b2126f3dc0 Implicit null exception at 0x000002b277675757 to 0x000002b277675d18

VM Operations (20 events):
Event: 35.154 Executing VM operation: HandshakeAllThreads
Event: 35.154 Executing VM operation: HandshakeAllThreads done
Event: 35.160 Executing VM operation: HandshakeAllThreads
Event: 35.160 Executing VM operation: HandshakeAllThreads done
Event: 35.171 Executing VM operation: HandshakeAllThreads
Event: 35.171 Executing VM operation: HandshakeAllThreads done
Event: 35.291 Executing VM operation: HandshakeAllThreads
Event: 35.291 Executing VM operation: HandshakeAllThreads done
Event: 35.309 Executing VM operation: HandshakeAllThreads
Event: 35.309 Executing VM operation: HandshakeAllThreads done
Event: 35.758 Executing VM operation: G1CollectForAllocation
Event: 35.766 Executing VM operation: G1CollectForAllocation done
Event: 36.234 Executing VM operation: ChangeBreakpoints
Event: 36.236 Executing VM operation: ChangeBreakpoints done
Event: 36.236 Executing VM operation: ChangeBreakpoints
Event: 36.237 Executing VM operation: ChangeBreakpoints done
Event: 36.238 Executing VM operation: get/set locals
Event: 36.239 Executing VM operation: get/set locals done
Event: 36.239 Executing VM operation: get/set locals
Event: 36.239 Executing VM operation: get/set locals done

Events (20 events):
Event: 35.487 loading class sun/util/ResourceBundleEnumeration done
Event: 35.711 loading class java/io/FileWriter
Event: 35.711 loading class java/io/FileWriter done
Event: 35.858 loading class java/lang/NegativeArraySizeException
Event: 35.858 loading class java/lang/NegativeArraySizeException done
Event: 35.880 loading class java/net/URLClassLoader$2
Event: 35.880 loading class java/net/URLClassLoader$2 done
Event: 35.939 Thread 0x000002b2103b2770 Thread exited: 0x000002b2103b2770
Event: 35.964 loading class sun/net/www/protocol/jrt/JavaRuntimeURLConnection
Event: 35.964 loading class sun/net/www/protocol/jrt/JavaRuntimeURLConnection done
Event: 35.964 loading class sun/net/www/protocol/jrt/JavaRuntimeURLConnection$1
Event: 35.965 loading class sun/net/www/protocol/jrt/JavaRuntimeURLConnection$1 done
Event: 35.973 loading class java/text/MessageFormat$Field
Event: 35.973 loading class java/text/MessageFormat$Field done
Event: 36.168 loading class jdk/internal/access/foreign/MemorySegmentProxy
Event: 36.168 loading class jdk/internal/access/foreign/MemorySegmentProxy done
Event: 36.215 loading class java/util/Hashtable$ValueCollection
Event: 36.215 loading class java/util/Hashtable$ValueCollection done
Event: 36.229 loading class java/net/URLClassLoader$1
Event: 36.229 loading class java/net/URLClassLoader$1 done


Dynamic libraries:
0x00007ff764760000 - 0x00007ff76476e000 	C:\Users\JPiccione\.p2\pool\plugins\org.eclipse.justj.openjdk.hotspot.jre.full.win32.x86_64_17.0.8.v20230831-1047\jre\bin\javaw.exe
0x000002b26a9d0000 - 0x000002b26abc7000 	C:\windows\SYSTEM32\ntd1l.dll
0x000002b26abd0000 - 0x000002b26ac8d000 	C:\windows\System32\kern3l32.dll
0x00007ffe167d0000 - 0x00007ffe169c7000 	C:\windows\SYSTEM32\ntdll.dll
0x00007ffe14a40000 - 0x00007ffe14afd000 	C:\windows\System32\KERNEL32.DLL
0x00007ffe13fa0000 - 0x00007ffe14296000 	C:\windows\System32\KERNELBASE.dll
0x00007ffe13920000 - 0x00007ffe13c33000 	C:\Program Files\SentinelOne\Sentinel Agent 23.1.4.650\InProcessClient64.dll
0x00007ffe15b00000 - 0x00007ffe15bae000 	C:\windows\System32\ADVAPI32.dll
0x00007ffe15ef0000 - 0x00007ffe15f8e000 	C:\windows\System32\msvcrt.dll
0x00007ffe14b00000 - 0x00007ffe14b9c000 	C:\windows\System32\sechost.dll
0x00007ffe15dc0000 - 0x00007ffe15ee6000 	C:\windows\System32\RPCRT4.dll
0x00007ffe14530000 - 0x00007ffe14630000 	C:\windows\System32\ucrtbase.dll
0x00007ffe0d130000 - 0x00007ffe0d149000 	C:\Users\JPiccione\.p2\pool\plugins\org.eclipse.justj.openjdk.hotspot.jre.full.win32.x86_64_17.0.8.v20230831-1047\jre\bin\VCRUNTIME140.dll
0x00007ffe08a00000 - 0x00007ffe08a17000 	C:\Users\JPiccione\.p2\pool\plugins\org.eclipse.justj.openjdk.hotspot.jre.full.win32.x86_64_17.0.8.v20230831-1047\jre\bin\jli.dll
0x00007ffe15670000 - 0x00007ffe1580e000 	C:\windows\System32\USER32.dll
0x00007ffe14800000 - 0x00007ffe14822000 	C:\windows\System32\win32u.dll
0x00007ffe15bb0000 - 0x00007ffe15bdc000 	C:\windows\System32\GDI32.dll
0x00007ffe146e0000 - 0x00007ffe147fa000 	C:\windows\System32\gdi32full.dll
0x00007ffe14490000 - 0x00007ffe1452d000 	C:\windows\System32\msvcp_win.dll
0x00007ffe06950000 - 0x00007ffe06bea000 	C:\windows\WinSxS\amd64_microsoft.windows.common-controls_6595b64144ccf1df_6.0.19041.3570_none_60bb2a3971f3e41a\COMCTL32.dll
0x00007ffe13910000 - 0x00007ffe1391a000 	C:\windows\SYSTEM32\VERSION.dll
0x00007ffe13900000 - 0x00007ffe1390b000 	C:\windows\SYSTEM32\FLTLIB.DLL
0x00007ffe15a40000 - 0x00007ffe15a70000 	C:\windows\System32\IMM32.DLL
0x00007ffe0eae0000 - 0x00007ffe0eaec000 	C:\Users\JPiccione\.p2\pool\plugins\org.eclipse.justj.openjdk.hotspot.jre.full.win32.x86_64_17.0.8.v20230831-1047\jre\bin\vcruntime140_1.dll
0x00007ffddb9d0000 - 0x00007ffddba61000 	C:\Users\JPiccione\.p2\pool\plugins\org.eclipse.justj.openjdk.hotspot.jre.full.win32.x86_64_17.0.8.v20230831-1047\jre\bin\msvcp140.dll
0x00007ffdc0e60000 - 0x00007ffdc1aac000 	C:\Users\JPiccione\.p2\pool\plugins\org.eclipse.justj.openjdk.hotspot.jre.full.win32.x86_64_17.0.8.v20230831-1047\jre\bin\server\jvm.dll
0x00007ffe130d0000 - 0x00007ffe1311b000 	C:\windows\SYSTEM32\POWRPROF.dll
0x00007ffdf9c20000 - 0x00007ffdf9c29000 	C:\windows\SYSTEM32\WSOCK32.dll
0x00007ffe15810000 - 0x00007ffe1587b000 	C:\windows\System32\WS2_32.dll
0x00007ffdfc5c0000 - 0x00007ffdfc5e7000 	C:\windows\SYSTEM32\WINMM.dll
0x00007ffe12f90000 - 0x00007ffe12fa2000 	C:\windows\SYSTEM32\UMPDC.dll
0x00007ffe117b0000 - 0x00007ffe117c2000 	C:\windows\SYSTEM32\kernel.appcore.dll
0x00007ffe0eb10000 - 0x00007ffe0eb1a000 	C:\Users\JPiccione\.p2\pool\plugins\org.eclipse.justj.openjdk.hotspot.jre.full.win32.x86_64_17.0.8.v20230831-1047\jre\bin\jimage.dll
0x00007ffe07370000 - 0x00007ffe07554000 	C:\windows\SYSTEM32\DBGHELP.DLL
0x00007ffe07330000 - 0x00007ffe07364000 	C:\windows\SYSTEM32\dbgcore.DLL
0x00007ffe142a0000 - 0x00007ffe14322000 	C:\windows\System32\bcryptPrimitives.dll
0x00007ffdee410000 - 0x00007ffdee48b000 	C:\Program Files\SentinelOne\Sentinel Agent 23.1.4.650\SentinelJava64.dll
0x00007ffe14830000 - 0x00007ffe1495b000 	C:\windows\System32\ole32.dll
0x00007ffe152e0000 - 0x00007ffe15634000 	C:\windows\System32\combase.dll
0x00007ffe0aef0000 - 0x00007ffe0af15000 	C:\Users\JPiccione\.p2\pool\plugins\org.eclipse.justj.openjdk.hotspot.jre.full.win32.x86_64_17.0.8.v20230831-1047\jre\bin\java.dll
0x00007ffe0b010000 - 0x00007ffe0b028000 	C:\Users\JPiccione\.p2\pool\plugins\org.eclipse.justj.openjdk.hotspot.jre.full.win32.x86_64_17.0.8.v20230831-1047\jre\bin\zip.dll
0x00007ffe16040000 - 0x00007ffe16784000 	C:\windows\System32\SHELL32.dll
0x00007ffe11920000 - 0x00007ffe120bb000 	C:\windows\SYSTEM32\windows.storage.dll
0x00007ffe135b0000 - 0x00007ffe135dd000 	C:\windows\SYSTEM32\Wldp.dll
0x00007ffe15f90000 - 0x00007ffe1603d000 	C:\windows\System32\SHCORE.dll
0x00007ffe150c0000 - 0x00007ffe15115000 	C:\windows\System32\shlwapi.dll
0x00007ffe13de0000 - 0x00007ffe13e05000 	C:\windows\SYSTEM32\profapi.dll
0x00007ffe0afe0000 - 0x00007ffe0aff9000 	C:\Users\JPiccione\.p2\pool\plugins\org.eclipse.justj.openjdk.hotspot.jre.full.win32.x86_64_17.0.8.v20230831-1047\jre\bin\net.dll
0x00007ffe12b30000 - 0x00007ffe12c3a000 	C:\windows\SYSTEM32\WINHTTP.dll
0x00007ffe13310000 - 0x00007ffe1337a000 	C:\windows\system32\mswsock.dll
0x00007ffe08a60000 - 0x00007ffe08a75000 	C:\Users\JPiccione\.p2\pool\plugins\org.eclipse.justj.openjdk.hotspot.jre.full.win32.x86_64_17.0.8.v20230831-1047\jre\bin\nio.dll
0x00007ffe13500000 - 0x00007ffe13518000 	C:\windows\SYSTEM32\CRYPTSP.dll
0x00007ffe12aa0000 - 0x00007ffe12ad4000 	C:\windows\system32\rsaenh.dll
0x00007ffe13f70000 - 0x00007ffe13f97000 	C:\windows\System32\bcrypt.dll
0x00007ffe13d60000 - 0x00007ffe13d8e000 	C:\windows\SYSTEM32\USERENV.dll
0x00007ffe13520000 - 0x00007ffe1352c000 	C:\windows\SYSTEM32\CRYPTBASE.dll
0x00007ffe12fb0000 - 0x00007ffe12feb000 	C:\windows\SYSTEM32\IPHLPAPI.DLL
0x00007ffe15660000 - 0x00007ffe15668000 	C:\windows\System32\NSI.dll
0x00007ffe0d300000 - 0x00007ffe0d317000 	C:\windows\SYSTEM32\dhcpcsvc6.DLL
0x00007ffe0cec0000 - 0x00007ffe0cedd000 	C:\windows\SYSTEM32\dhcpcsvc.DLL
0x00007ffe13000000 - 0x00007ffe130ca000 	C:\windows\SYSTEM32\DNSAPI.dll
0x00007ffe0d110000 - 0x00007ffe0d11e000 	C:\Users\JPiccione\.p2\pool\plugins\org.eclipse.justj.openjdk.hotspot.jre.full.win32.x86_64_17.0.8.v20230831-1047\jre\bin\sunmscapi.dll
0x00007ffe14330000 - 0x00007ffe1448d000 	C:\windows\System32\CRYPT32.dll
0x00007ffe13620000 - 0x00007ffe13647000 	C:\windows\SYSTEM32\ncrypt.dll
0x00007ffe135e0000 - 0x00007ffe1361b000 	C:\windows\SYSTEM32\NTASN1.dll
0x00007ffe0c4a0000 - 0x00007ffe0c4a9000 	C:\Users\JPiccione\.p2\pool\plugins\org.eclipse.justj.openjdk.hotspot.jre.full.win32.x86_64_17.0.8.v20230831-1047\jre\bin\management.dll
0x00007ffe0b030000 - 0x00007ffe0b03b000 	C:\Users\JPiccione\.p2\pool\plugins\org.eclipse.justj.openjdk.hotspot.jre.full.win32.x86_64_17.0.8.v20230831-1047\jre\bin\management_ext.dll
0x00007ffe15880000 - 0x00007ffe15888000 	C:\windows\System32\PSAPI.DLL
0x00007ffe0ea40000 - 0x00007ffe0ea50000 	C:\Users\JPiccione\.p2\pool\plugins\org.eclipse.justj.openjdk.hotspot.jre.full.win32.x86_64_17.0.8.v20230831-1047\jre\bin\verify.dll
0x00007ffe07e20000 - 0x00007ffe07e2a000 	C:\Windows\System32\rasadhlp.dll
0x00007ffe0d670000 - 0x00007ffe0d6f2000 	C:\windows\System32\fwpuclnt.dll
0x00007ffdf0070000 - 0x00007ffdf0087000 	C:\windows\system32\napinsp.dll
0x00007ffe0aa00000 - 0x00007ffe0aa1b000 	C:\windows\system32\pnrpnsp.dll
0x00007ffe0d150000 - 0x00007ffe0d165000 	C:\windows\system32\wshbth.dll
0x00007ffe0e560000 - 0x00007ffe0e57d000 	C:\windows\system32\NLAapi.dll
0x00007ffdf0090000 - 0x00007ffdf00a2000 	C:\windows\System32\winrnr.dll
0x00007ffddecb0000 - 0x00007ffddecb7000 	C:\windows\system32\wshunix.dll

dbghelp: loaded successfully - version: 4.0.5 - missing functions: none
symbol engine: initialized successfully - sym options: 0x614 - pdb path: .;C:\Users\JPiccione\.p2\pool\plugins\org.eclipse.justj.openjdk.hotspot.jre.full.win32.x86_64_17.0.8.v20230831-1047\jre\bin;C:\windows\SYSTEM32;C:\Program Files\SentinelOne\Sentinel Agent 23.1.4.650;C:\windows\WinSxS\amd64_microsoft.windows.common-controls_6595b64144ccf1df_6.0.19041.3570_none_60bb2a3971f3e41a;C:\Users\JPiccione\.p2\pool\plugins\org.eclipse.justj.openjdk.hotspot.jre.full.win32.x86_64_17.0.8.v20230831-1047\jre\bin\server

VM Arguments:
jvm_args: -Dfile.encoding=UTF-8 -XX:+ShowCodeDetailsInExceptionMessages -agentpath:C:\Program Files\SentinelOne\Sentinel Agent 23.1.4.650\SentinelJava64.dll 
java_command: com.spencer.ItemApp.ItemAppApplication
java_class_path (initial): C:\Users\JPiccione\OneDrive - Spencer Gifts LLC\Documents\ItemApp\target\classes;C:\Users\JPiccione\.m2\repository\org\springframework\boot\spring-boot-starter-data-jpa\3.1.4\spring-boot-starter-data-jpa-3.1.4.jar;C:\Users\JPiccione\.m2\repository\org\springframework\boot\spring-boot-starter-aop\3.1.4\spring-boot-starter-aop-3.1.4.jar;C:\Users\JPiccione\.m2\repository\org\aspectj\aspectjweaver\1.9.20\aspectjweaver-1.9.20.jar;C:\Users\JPiccione\.m2\repository\org\springframework\boot\spring-boot-starter-jdbc\3.1.4\spring-boot-starter-jdbc-3.1.4.jar;C:\Users\JPiccione\.m2\repository\com\zaxxer\HikariCP\5.0.1\HikariCP-5.0.1.jar;C:\Users\JPiccione\.m2\repository\org\springframework\spring-jdbc\6.0.12\spring-jdbc-6.0.12.jar;C:\Users\JPiccione\.m2\repository\org\hibernate\orm\hibernate-core\6.2.9.Final\hibernate-core-6.2.9.Final.jar;C:\Users\JPiccione\.m2\repository\jakarta\persistence\jakarta.persistence-api\3.1.0\jakarta.persistence-api-3.1.0.jar;C:\Users\JPiccione\.m2\repository\jakarta\transaction\jakarta.transaction-api\2.0.1\jakarta.transaction-api-2.0.1.jar;C:\Users\JPiccione\.m2\repository\org\jboss\logging\jboss-logging\3.5.3.Final\jboss-logging-3.5.3.Final.jar;C:\Users\JPiccione\.m2\repository\org\hibernate\common\hibernate-commons-annotations\6.0.6.Final\hibernate-commons-annotations-6.0.6.Final.jar;C:\Users\JPiccione\.m2\repository\io\smallrye\jandex\3.0.5\jandex-3.0.5.jar;C:\Users\JPiccione\.m2\repository\com\fasterxml\classmate\1.5.1\classmate-1.5.1.jar;C:\Users\JPiccione\.m2\repository\net\bytebuddy\byte-buddy\1.14.8\byte-buddy-1.14.8.jar;C:\Users\JPiccione\.m2\repository\org\glassfish\jaxb\jaxb-runtime\4.0.3\jaxb-runtime-4.0.3.jar;C:\Users\JPiccione\.m2\repository\org\glassfish\jaxb\jaxb-core\4.0.3\jaxb-core-4.0.3.jar;C:\Users\JPiccione\.m2\repository\org\eclipse\angus\angus-activation\2.0.1\angus-activation-2.0.1.jar;C:\Users\JPiccione\.m2\repository\org\glassfish\jaxb\txw2\4.0.3\txw2-4.0.3.jar;C:\Users\JPiccione\.m2\repositor
Launcher Type: SUN_STANDARD

[Global flags]
     intx CICompilerCount                          = 3                                         {product} {ergonomic}
     uint ConcGCThreads                            = 1                                         {product} {ergonomic}
     uint G1ConcRefinementThreads                  = 4                                         {product} {ergonomic}
   size_t G1HeapRegionSize                         = 2097152                                   {product} {ergonomic}
    uintx GCDrainStackTargetSize                   = 64                                        {product} {ergonomic}
   size_t InitialHeapSize                          = 264241152                                 {product} {ergonomic}
   size_t MarkStackSize                            = 4194304                                   {product} {ergonomic}
   size_t MaxHeapSize                              = 4215275520                                {product} {ergonomic}
   size_t MaxNewSize                               = 2529165312                                {product} {ergonomic}
   size_t MinHeapDeltaBytes                        = 2097152                                   {product} {ergonomic}
   size_t MinHeapSize                              = 8388608                                   {product} {ergonomic}
    uintx NonNMethodCodeHeapSize                   = 5832780                                {pd product} {ergonomic}
    uintx NonProfiledCodeHeapSize                  = 122912730                              {pd product} {ergonomic}
    uintx ProfiledCodeHeapSize                     = 122912730                              {pd product} {ergonomic}
    uintx ReservedCodeCacheSize                    = 251658240                              {pd product} {ergonomic}
     bool SegmentedCodeCache                       = true                                      {product} {ergonomic}
     bool ShowCodeDetailsInExceptionMessages       = true                                   {manageable} {command line}
   size_t SoftMaxHeapSize                          = 4215275520                             {manageable} {ergonomic}
     bool UseCompressedClassPointers               = true                           {product lp64_product} {ergonomic}
     bool UseCompressedOops                        = true                           {product lp64_product} {ergonomic}
     bool UseG1GC                                  = true                                      {product} {ergonomic}
     bool UseLargePagesIndividualAllocation        = false                                  {pd product} {ergonomic}

Logging:
Log output configuration:
 #0: stdout all=warning uptime,level,tags
 #1: stderr all=off uptime,level,tags

Environment Variables:
PATH=C:/Users/JPiccione/.p2/pool/plugins/org.eclipse.justj.openjdk.hotspot.jre.full.win32.x86_64_17.0.8.v20230831-1047/jre/bin/server;C:/Users/JPiccione/.p2/pool/plugins/org.eclipse.justj.openjdk.hotspot.jre.full.win32.x86_64_17.0.8.v20230831-1047/jre/bin;C:\Program Files\Common Files\Oracle\Java\javapath;C:\Program Files (x86)\Common Files\Oracle\Java\javapath;C:\Program Files\Microsoft\jdk-11.0.16.101-hotspot\bin;C:\Program Files (x86)\Business Objects\Common\3.5\bin\NOTES\;C:\Program Files (x86)\Business Objects\Common\3.5\bin\NOTES\DATA\;C:\windows\system32;C:\windows;C:\windows\System32\Wbem;C:\windows\System32\WindowsPowerShell\v1.0\;C:\windows\System32\OpenSSH\;C:\Program Files (x86)\IBM\Client Access\Emulator;C:\Program Files (x86)\IBM\Client Access\Shared;C:\Program Files (x86)\IBM\Client Access\;C:\Program Files (x86)\HEAT\;C:\Program Files (x86)\Microsoft SQL Server\160\DTS\Binn\;C:\Program Files\Azure Data Studio\bin;C:\Program Files\PuTTY\;C:\Program Files\Git\cmd;C:\Program Files\Microsoft SQL Server\150\Tools\Binn\;C:\Program Files\Microsoft SQL Server\Client SDK\ODBC\170\Tools\Binn\;C:\Program Files\dotnet\;C:\Program Files (x86)\Windows Kits\10\Windows Performance Toolkit\;c:\Program Files (x86)\Microsoft SQL Server\110\Tools\Binn\;c:\Program Files\Microsoft SQL Server\110\Tools\Binn\;c:\Program Files\Microsoft SQL Server\110\DTS\Binn\;C:\Program Files (x86)\Microsoft SQL Server\150\Tools\Binn\;C:\Program Files\Microsoft SQL Server\150\DTS\Binn\;C:\Users\JPiccione\AppData\Local\Microsoft\WindowsApps;C:\Program Files\Azure Data Studio\bin;C:\Users\JPiccione\.dotnet\tools;C:\Users\JPiccione\AppData\Local\Programs\Azure Data Studio\bin;C:\Program Files\JetBrains\IntelliJ IDEA 2023.2\bin;;C:\Users\JPiccione\AppData\Local\GitHubDesktop\bin;C:\windows\system32;
USERNAME=JPiccione
OS=Windows_NT
PROCESSOR_IDENTIFIER=Intel64 Family 6 Model 61 Stepping 4, GenuineIntel
TMP=C:\Users\JPICCI~1\AppData\Local\Temp
TEMP=C:\Users\JPICCI~1\AppData\Local\Temp



---------------  S Y S T E M  ---------------

OS:
 Windows 10 , 64 bit Build 19041 (10.0.19041.3570)
OS uptime: 5 days 19:50 hours

CPU: total 4 (initial active 4) (2 cores per cpu, 2 threads per core) family 6 model 61 stepping 4 microcode 0x2d, cx8, cmov, fxsr, ht, mmx, 3dnowpref, sse, sse2, sse3, ssse3, sse4.1, sse4.2, popcnt, lzcnt, tsc, tscinvbit, avx, avx2, aes, erms, clmul, bmi1, bmi2, rtm, adx, fma, vzeroupper, clflush
Processor Information for all 4 processors :
  Max Mhz: 2594, Current Mhz: 2594, Mhz Limit: 2594

Memory: 4k page, system-wide physical 16079M (7184M free)
TotalPageFile size 18511M (AvailPageFile size 7232M)
current process WorkingSet (physical memory assigned to process): 291M, peak: 363M
current process commit charge ("private bytes"): 309M, peak: 379M

vm_info: OpenJDK 64-Bit Server VM (17.0.8.1+1) for windows-amd64 JRE (17.0.8.1+1), built on Aug 23 2023 15:29:17 by "admin" with MS VC++ 16.7 (VS2019)

END.
