#
# A fatal error has been detected by the Java Runtime Environment:
#
#  EXCEPTION_ACCESS_VIOLATION (0xc0000005) at pc=0x00007ffb63be0451, pid=12876, tid=1260
#
# JRE version: OpenJDK Runtime Environment Temurin-17.0.8.1+1 (17.0.8.1+1) (build 17.0.8.1+1)
# Java VM: OpenJDK 64-Bit Server VM Temurin-17.0.8.1+1 (17.0.8.1+1, mixed mode, tiered, compressed oops, compressed class ptrs, g1 gc, windows-amd64)
# Problematic frame:
# V  [jvm.dll+0x560451]
#
# No core dump will be written. Minidumps are not enabled by default on client versions of Windows
#
# If you would like to submit a bug report, please visit:
#   https://github.com/adoptium/adoptium-support/issues
#

---------------  S U M M A R Y ------------

Command Line: -Dfile.encoding=UTF-8 -XX:+ShowCodeDetailsInExceptionMessages -agentpath:C:\Program Files\SentinelOne\Sentinel Agent 23.1.4.650\SentinelJava64.dll com.spencer.ItemApp.ItemAppApplication

Host: Intel(R) Core(TM) i7-5600U CPU @ 2.60GHz, 4 cores, 15G,  Windows 10 , 64 bit Build 19041 (10.0.19041.3570)
Time: Tue Nov 14 10:47:22 2023 Eastern Standard Time elapsed time: 22.452290 seconds (0d 0h 0m 22s)

---------------  T H R E A D  ---------------

Current thread (0x000002681383f370):  JavaThread "http-nio-8080-exec-3" daemon [_thread_in_vm, id=1260, stack(0x00000074e8200000,0x00000074e8300000)]

Stack: [0x00000074e8200000,0x00000074e8300000],  sp=0x00000074e82f8ea0,  free space=995k
Native frames: (J=compiled Java code, j=interpreted, Vv=VM code, C=native code)
V  [jvm.dll+0x560451]
V  [jvm.dll+0x385914]
V  [jvm.dll+0x384f7f]
C  0x000002687678bb99

Java frames: (J=compiled Java code, j=interpreted, Vv=VM code)
j  jakarta.servlet.ServletRequestWrapper.getParameterValues(Ljava/lang/String;)[Ljava/lang/String;+5
v  ~StubRoutines::call_stub
j  org.apache.jasper.runtime.HttpJspBase.service(Ljakarta/servlet/http/HttpServletRequest;Ljakarta/servlet/http/HttpServletResponse;)V+6
j  jakarta.servlet.http.HttpServlet.service(Ljakarta/servlet/ServletRequest;Ljakarta/servlet/ServletResponse;)V+36
j  org.apache.jasper.servlet.JspServletWrapper.service(Ljakarta/servlet/http/HttpServletRequest;Ljakarta/servlet/http/HttpServletResponse;Z)V+372
j  org.apache.jasper.servlet.JspServlet.serviceJspFile(Ljakarta/servlet/http/HttpServletRequest;Ljakarta/servlet/http/HttpServletResponse;Ljava/lang/String;Z)V+112
j  org.apache.jasper.servlet.JspServlet.service(Ljakarta/servlet/http/HttpServletRequest;Ljakarta/servlet/http/HttpServletResponse;)V+228
j  jakarta.servlet.http.HttpServlet.service(Ljakarta/servlet/ServletRequest;Ljakarta/servlet/ServletResponse;)V+36
j  org.apache.catalina.core.ApplicationFilterChain.internalDoFilter(Ljakarta/servlet/ServletRequest;Ljakarta/servlet/ServletResponse;)V+305
j  org.apache.catalina.core.ApplicationFilterChain.doFilter(Ljakarta/servlet/ServletRequest;Ljakarta/servlet/ServletResponse;)V+99
j  org.apache.tomcat.websocket.server.WsFilter.doFilter(Ljakarta/servlet/ServletRequest;Ljakarta/servlet/ServletResponse;Ljakarta/servlet/FilterChain;)V+21
j  org.apache.catalina.core.ApplicationFilterChain.internalDoFilter(Ljakarta/servlet/ServletRequest;Ljakarta/servlet/ServletResponse;)V+135
j  org.apache.catalina.core.ApplicationFilterChain.doFilter(Ljakarta/servlet/ServletRequest;Ljakarta/servlet/ServletResponse;)V+99
j  org.springframework.security.web.FilterChainProxy.lambda$doFilterInternal$3(Lorg/springframework/security/web/firewall/FirewalledRequest;Ljakarta/servlet/FilterChain;Ljakarta/servlet/ServletRequest;Ljakarta/servlet/ServletResponse;)V+35
j  org.springframework.security.web.FilterChainProxy$$Lambda$1366+0x0000000800998dc8.doFilter(Ljakarta/servlet/ServletRequest;Ljakarta/servlet/ServletResponse;)V+10
j  org.springframework.security.web.FilterChainProxy$VirtualFilterChain.doFilter(Ljakarta/servlet/ServletRequest;Ljakarta/servlet/ServletResponse;)V+17
j  org.springframework.security.web.access.intercept.AuthorizationFilter.doFilter(Ljakarta/servlet/ServletRequest;Ljakarta/servlet/ServletResponse;Ljakarta/servlet/FilterChain;)V+143
j  org.springframework.security.web.FilterChainProxy$VirtualFilterChain.doFilter(Ljakarta/servlet/ServletRequest;Ljakarta/servlet/ServletResponse;)V+105
j  org.springframework.security.web.access.ExceptionTranslationFilter.doFilter(Ljakarta/servlet/http/HttpServletRequest;Ljakarta/servlet/http/HttpServletResponse;Ljakarta/servlet/FilterChain;)V+3
j  org.springframework.security.web.access.ExceptionTranslationFilter.doFilter(Ljakarta/servlet/ServletRequest;Ljakarta/servlet/ServletResponse;Ljakarta/servlet/FilterChain;)V+10
j  org.springframework.security.web.FilterChainProxy$VirtualFilterChain.doFilter(Ljakarta/servlet/ServletRequest;Ljakarta/servlet/ServletResponse;)V+105
j  org.springframework.security.web.authentication.AnonymousAuthenticationFilter.doFilter(Ljakarta/servlet/ServletRequest;Ljakarta/servlet/ServletResponse;Ljakarta/servlet/FilterChain;)V+33
j  org.springframework.security.web.FilterChainProxy$VirtualFilterChain.doFilter(Ljakarta/servlet/ServletRequest;Ljakarta/servlet/ServletResponse;)V+105
j  org.springframework.security.web.servletapi.SecurityContextHolderAwareRequestFilter.doFilter(Ljakarta/servlet/ServletRequest;Ljakarta/servlet/ServletResponse;Ljakarta/servlet/FilterChain;)V+19
j  org.springframework.security.web.FilterChainProxy$VirtualFilterChain.doFilter(Ljakarta/servlet/ServletRequest;Ljakarta/servlet/ServletResponse;)V+105
j  org.springframework.security.web.savedrequest.RequestCacheAwareFilter.doFilter(Ljakarta/servlet/ServletRequest;Ljakarta/servlet/ServletResponse;Ljakarta/servlet/FilterChain;)V+32
j  org.springframework.security.web.FilterChainProxy$VirtualFilterChain.doFilter(Ljakarta/servlet/ServletRequest;Ljakarta/servlet/ServletResponse;)V+105
j  org.springframework.security.web.authentication.AbstractAuthenticationProcessingFilter.doFilter(Ljakarta/servlet/http/HttpServletRequest;Ljakarta/servlet/http/HttpServletResponse;Ljakarta/servlet/FilterChain;)V+12
j  org.springframework.security.web.authentication.AbstractAuthenticationProcessingFilter.doFilter(Ljakarta/servlet/ServletRequest;Ljakarta/servlet/ServletResponse;Ljakarta/servlet/FilterChain;)V+10
j  org.springframework.security.web.FilterChainProxy$VirtualFilterChain.doFilter(Ljakarta/servlet/ServletRequest;Ljakarta/servlet/ServletResponse;)V+105
j  org.springframework.security.web.authentication.logout.LogoutFilter.doFilter(Ljakarta/servlet/http/HttpServletRequest;Ljakarta/servlet/http/HttpServletResponse;Ljakarta/servlet/FilterChain;)V+83
j  org.springframework.security.web.authentication.logout.LogoutFilter.doFilter(Ljakarta/servlet/ServletRequest;Ljakarta/servlet/ServletResponse;Ljakarta/servlet/FilterChain;)V+10
j  org.springframework.security.web.FilterChainProxy$VirtualFilterChain.doFilter(Ljakarta/servlet/ServletRequest;Ljakarta/servlet/ServletResponse;)V+105
j  org.springframework.web.filter.OncePerRequestFilter.doFilter(Ljakarta/servlet/ServletRequest;Ljakarta/servlet/ServletResponse;Ljakarta/servlet/FilterChain;)V+125
j  org.springframework.security.web.FilterChainProxy$VirtualFilterChain.doFilter(Ljakarta/servlet/ServletRequest;Ljakarta/servlet/ServletResponse;)V+105
j  org.springframework.security.web.context.SecurityContextHolderFilter.doFilter(Ljakarta/servlet/http/HttpServletRequest;Ljakarta/servlet/http/HttpServletResponse;Ljakarta/servlet/FilterChain;)V+15
j  org.springframework.security.web.context.SecurityContextHolderFilter.doFilter(Ljakarta/servlet/ServletRequest;Ljakarta/servlet/ServletResponse;Ljakarta/servlet/FilterChain;)V+10
j  org.springframework.security.web.FilterChainProxy$VirtualFilterChain.doFilter(Ljakarta/servlet/ServletRequest;Ljakarta/servlet/ServletResponse;)V+105
j  org.springframework.web.filter.OncePerRequestFilter.doFilter(Ljakarta/servlet/ServletRequest;Ljakarta/servlet/ServletResponse;Ljakarta/servlet/FilterChain;)V+125
j  org.springframework.security.web.FilterChainProxy$VirtualFilterChain.doFilter(Ljakarta/servlet/ServletRequest;Ljakarta/servlet/ServletResponse;)V+105
j  org.springframework.web.filter.OncePerRequestFilter.doFilter(Ljakarta/servlet/ServletRequest;Ljakarta/servlet/ServletResponse;Ljakarta/servlet/FilterChain;)V+125
j  org.springframework.security.web.FilterChainProxy$VirtualFilterChain.doFilter(Ljakarta/servlet/ServletRequest;Ljakarta/servlet/ServletResponse;)V+105
j  org.springframework.security.web.FilterChainProxy.doFilterInternal(Ljakarta/servlet/ServletRequest;Ljakarta/servlet/ServletResponse;Ljakarta/servlet/FilterChain;)V+163
j  org.springframework.security.web.FilterChainProxy.doFilter(Ljakarta/servlet/ServletRequest;Ljakarta/servlet/ServletResponse;Ljakarta/servlet/FilterChain;)V+28
j  org.springframework.web.filter.DelegatingFilterProxy.invokeDelegate(Ljakarta/servlet/Filter;Ljakarta/servlet/ServletRequest;Ljakarta/servlet/ServletResponse;Ljakarta/servlet/FilterChain;)V+5
j  org.springframework.web.filter.DelegatingFilterProxy.doFilter(Ljakarta/servlet/ServletRequest;Ljakarta/servlet/ServletResponse;Ljakarta/servlet/FilterChain;)V+85
j  org.apache.catalina.core.ApplicationFilterChain.internalDoFilter(Ljakarta/servlet/ServletRequest;Ljakarta/servlet/ServletResponse;)V+135
j  org.apache.catalina.core.ApplicationFilterChain.doFilter(Ljakarta/servlet/ServletRequest;Ljakarta/servlet/ServletResponse;)V+99
j  org.springframework.web.filter.OncePerRequestFilter.doFilter(Ljakarta/servlet/ServletRequest;Ljakarta/servlet/ServletResponse;Ljakarta/servlet/FilterChain;)V+125
j  org.apache.catalina.core.ApplicationFilterChain.internalDoFilter(Ljakarta/servlet/ServletRequest;Ljakarta/servlet/ServletResponse;)V+135
j  org.apache.catalina.core.ApplicationFilterChain.doFilter(Ljakarta/servlet/ServletRequest;Ljakarta/servlet/ServletResponse;)V+99
j  org.springframework.web.filter.OncePerRequestFilter.doFilter(Ljakarta/servlet/ServletRequest;Ljakarta/servlet/ServletResponse;Ljakarta/servlet/FilterChain;)V+125
j  org.apache.catalina.core.ApplicationFilterChain.internalDoFilter(Ljakarta/servlet/ServletRequest;Ljakarta/servlet/ServletResponse;)V+135
j  org.apache.catalina.core.ApplicationFilterChain.doFilter(Ljakarta/servlet/ServletRequest;Ljakarta/servlet/ServletResponse;)V+99
j  org.springframework.web.filter.OncePerRequestFilter.doFilter(Ljakarta/servlet/ServletRequest;Ljakarta/servlet/ServletResponse;Ljakarta/servlet/FilterChain;)V+125
j  org.apache.catalina.core.ApplicationFilterChain.internalDoFilter(Ljakarta/servlet/ServletRequest;Ljakarta/servlet/ServletResponse;)V+135
j  org.apache.catalina.core.ApplicationFilterChain.doFilter(Ljakarta/servlet/ServletRequest;Ljakarta/servlet/ServletResponse;)V+99
j  org.apache.catalina.core.ApplicationDispatcher.invoke(Ljakarta/servlet/ServletRequest;Ljakarta/servlet/ServletResponse;Lorg/apache/catalina/core/ApplicationDispatcher$State;)V+341
j  org.apache.catalina.core.ApplicationDispatcher.processRequest(Ljakarta/servlet/ServletRequest;Ljakarta/servlet/ServletResponse;Lorg/apache/catalina/core/ApplicationDispatcher$State;)V+98
j  org.apache.catalina.core.ApplicationDispatcher.doForward(Ljakarta/servlet/ServletRequest;Ljakarta/servlet/ServletResponse;)V+363
j  org.apache.catalina.core.ApplicationDispatcher.forward(Ljakarta/servlet/ServletRequest;Ljakarta/servlet/ServletResponse;)V+55
j  org.springframework.security.web.header.HeaderWriterFilter$HeaderWriterRequestDispatcher.forward(Ljakarta/servlet/ServletRequest;Ljakarta/servlet/ServletResponse;)V+6
j  org.springframework.web.servlet.view.InternalResourceView.renderMergedOutputModel(Ljava/util/Map;Ljakarta/servlet/http/HttpServletRequest;Ljakarta/servlet/http/HttpServletResponse;)V+145
j  org.springframework.web.servlet.view.AbstractView.render(Ljava/util/Map;Ljakarta/servlet/http/HttpServletRequest;Ljakarta/servlet/http/HttpServletResponse;)V+91
j  org.springframework.web.servlet.DispatcherServlet.render(Lorg/springframework/web/servlet/ModelAndView;Ljakarta/servlet/http/HttpServletRequest;Ljakarta/servlet/http/HttpServletResponse;)V+188
j  org.springframework.web.servlet.DispatcherServlet.processDispatchResult(Ljakarta/servlet/http/HttpServletRequest;Ljakarta/servlet/http/HttpServletResponse;Lorg/springframework/web/servlet/HandlerExecutionChain;Lorg/springframework/web/servlet/ModelAndView;Ljava/lang/Exception;)V+103
j  org.springframework.web.servlet.DispatcherServlet.doDispatch(Ljakarta/servlet/http/HttpServletRequest;Ljakarta/servlet/http/HttpServletResponse;)V+365
j  org.springframework.web.servlet.DispatcherServlet.doService(Ljakarta/servlet/http/HttpServletRequest;Ljakarta/servlet/http/HttpServletResponse;)V+242
j  org.springframework.web.servlet.FrameworkServlet.processRequest(Ljakarta/servlet/http/HttpServletRequest;Ljakarta/servlet/http/HttpServletResponse;)V+70
j  org.springframework.web.servlet.FrameworkServlet.doGet(Ljakarta/servlet/http/HttpServletRequest;Ljakarta/servlet/http/HttpServletResponse;)V+3
j  jakarta.servlet.http.HttpServlet.service(Ljakarta/servlet/http/HttpServletRequest;Ljakarta/servlet/http/HttpServletResponse;)V+35
j  org.springframework.web.servlet.FrameworkServlet.service(Ljakarta/servlet/http/HttpServletRequest;Ljakarta/servlet/http/HttpServletResponse;)V+20
j  jakarta.servlet.http.HttpServlet.service(Ljakarta/servlet/ServletRequest;Ljakarta/servlet/ServletResponse;)V+36
j  org.apache.catalina.core.ApplicationFilterChain.internalDoFilter(Ljakarta/servlet/ServletRequest;Ljakarta/servlet/ServletResponse;)V+305
j  org.apache.catalina.core.ApplicationFilterChain.doFilter(Ljakarta/servlet/ServletRequest;Ljakarta/servlet/ServletResponse;)V+99
j  org.apache.tomcat.websocket.server.WsFilter.doFilter(Ljakarta/servlet/ServletRequest;Ljakarta/servlet/ServletResponse;Ljakarta/servlet/FilterChain;)V+21
j  org.apache.catalina.core.ApplicationFilterChain.internalDoFilter(Ljakarta/servlet/ServletRequest;Ljakarta/servlet/ServletResponse;)V+135
j  org.apache.catalina.core.ApplicationFilterChain.doFilter(Ljakarta/servlet/ServletRequest;Ljakarta/servlet/ServletResponse;)V+99
j  org.springframework.security.web.FilterChainProxy.lambda$doFilterInternal$3(Lorg/springframework/security/web/firewall/FirewalledRequest;Ljakarta/servlet/FilterChain;Ljakarta/servlet/ServletRequest;Ljakarta/servlet/ServletResponse;)V+35
j  org.springframework.security.web.FilterChainProxy$$Lambda$1366+0x0000000800998dc8.doFilter(Ljakarta/servlet/ServletRequest;Ljakarta/servlet/ServletResponse;)V+10
j  org.springframework.security.web.FilterChainProxy$VirtualFilterChain.doFilter(Ljakarta/servlet/ServletRequest;Ljakarta/servlet/ServletResponse;)V+17
j  org.springframework.security.web.access.intercept.AuthorizationFilter.doFilter(Ljakarta/servlet/ServletRequest;Ljakarta/servlet/ServletResponse;Ljakarta/servlet/FilterChain;)V+143
j  org.springframework.security.web.FilterChainProxy$VirtualFilterChain.doFilter(Ljakarta/servlet/ServletRequest;Ljakarta/servlet/ServletResponse;)V+105
j  org.springframework.security.web.access.ExceptionTranslationFilter.doFilter(Ljakarta/servlet/http/HttpServletRequest;Ljakarta/servlet/http/HttpServletResponse;Ljakarta/servlet/FilterChain;)V+3
j  org.springframework.security.web.access.ExceptionTranslationFilter.doFilter(Ljakarta/servlet/ServletRequest;Ljakarta/servlet/ServletResponse;Ljakarta/servlet/FilterChain;)V+10
j  org.springframework.security.web.FilterChainProxy$VirtualFilterChain.doFilter(Ljakarta/servlet/ServletRequest;Ljakarta/servlet/ServletResponse;)V+105
j  org.springframework.security.web.authentication.AnonymousAuthenticationFilter.doFilter(Ljakarta/servlet/ServletRequest;Ljakarta/servlet/ServletResponse;Ljakarta/servlet/FilterChain;)V+33
j  org.springframework.security.web.FilterChainProxy$VirtualFilterChain.doFilter(Ljakarta/servlet/ServletRequest;Ljakarta/servlet/ServletResponse;)V+105
j  org.springframework.security.web.servletapi.SecurityContextHolderAwareRequestFilter.doFilter(Ljakarta/servlet/ServletRequest;Ljakarta/servlet/ServletResponse;Ljakarta/servlet/FilterChain;)V+19
j  org.springframework.security.web.FilterChainProxy$VirtualFilterChain.doFilter(Ljakarta/servlet/ServletRequest;Ljakarta/servlet/ServletResponse;)V+105
j  org.springframework.security.web.savedrequest.RequestCacheAwareFilter.doFilter(Ljakarta/servlet/ServletRequest;Ljakarta/servlet/ServletResponse;Ljakarta/servlet/FilterChain;)V+32
j  org.springframework.security.web.FilterChainProxy$VirtualFilterChain.doFilter(Ljakarta/servlet/ServletRequest;Ljakarta/servlet/ServletResponse;)V+105
j  org.springframework.security.web.authentication.AbstractAuthenticationProcessingFilter.doFilter(Ljakarta/servlet/http/HttpServletRequest;Ljakarta/servlet/http/HttpServletResponse;Ljakarta/servlet/FilterChain;)V+12
j  org.springframework.security.web.authentication.AbstractAuthenticationProcessingFilter.doFilter(Ljakarta/servlet/ServletRequest;Ljakarta/servlet/ServletResponse;Ljakarta/servlet/FilterChain;)V+10
j  org.springframework.security.web.FilterChainProxy$VirtualFilterChain.doFilter(Ljakarta/servlet/ServletRequest;Ljakarta/servlet/ServletResponse;)V+105
j  org.springframework.security.web.authentication.logout.LogoutFilter.doFilter(Ljakarta/servlet/http/HttpServletRequest;Ljakarta/servlet/http/HttpServletResponse;Ljakarta/servlet/FilterChain;)V+83
j  org.springframework.security.web.authentication.logout.LogoutFilter.doFilter(Ljakarta/servlet/ServletRequest;Ljakarta/servlet/ServletResponse;Ljakarta/servlet/FilterChain;)V+10
j  org.springframework.security.web.FilterChainProxy$VirtualFilterChain.doFilter(Ljakarta/servlet/ServletRequest;Ljakarta/servlet/ServletResponse;)V+105
j  org.springframework.security.web.header.HeaderWriterFilter.doHeadersAfter(Ljakarta/servlet/http/HttpServletRequest;Ljakarta/servlet/http/HttpServletResponse;Ljakarta/servlet/FilterChain;)V+29
j  org.springframework.security.web.header.HeaderWriterFilter.doFilterInternal(Ljakarta/servlet/http/HttpServletRequest;Ljakarta/servlet/http/HttpServletResponse;Ljakarta/servlet/FilterChain;)V+21
j  org.springframework.web.filter.OncePerRequestFilter.doFilter(Ljakarta/servlet/ServletRequest;Ljakarta/servlet/ServletResponse;Ljakarta/servlet/FilterChain;)V+150
j  org.springframework.security.web.FilterChainProxy$VirtualFilterChain.doFilter(Ljakarta/servlet/ServletRequest;Ljakarta/servlet/ServletResponse;)V+105
j  org.springframework.security.web.context.SecurityContextHolderFilter.doFilter(Ljakarta/servlet/http/HttpServletRequest;Ljakarta/servlet/http/HttpServletResponse;Ljakarta/servlet/FilterChain;)V+59
j  org.springframework.security.web.context.SecurityContextHolderFilter.doFilter(Ljakarta/servlet/ServletRequest;Ljakarta/servlet/ServletResponse;Ljakarta/servlet/FilterChain;)V+10
j  org.springframework.security.web.FilterChainProxy$VirtualFilterChain.doFilter(Ljakarta/servlet/ServletRequest;Ljakarta/servlet/ServletResponse;)V+105
j  org.springframework.security.web.context.request.async.WebAsyncManagerIntegrationFilter.doFilterInternal(Ljakarta/servlet/http/HttpServletRequest;Ljakarta/servlet/http/HttpServletResponse;Ljakarta/servlet/FilterChain;)V+55
j  org.springframework.web.filter.OncePerRequestFilter.doFilter(Ljakarta/servlet/ServletRequest;Ljakarta/servlet/ServletResponse;Ljakarta/servlet/FilterChain;)V+150
j  org.springframework.security.web.FilterChainProxy$VirtualFilterChain.doFilter(Ljakarta/servlet/ServletRequest;Ljakarta/servlet/ServletResponse;)V+105
j  org.springframework.security.web.session.DisableEncodeUrlFilter.doFilterInternal(Ljakarta/servlet/http/HttpServletRequest;Ljakarta/servlet/http/HttpServletResponse;Ljakarta/servlet/FilterChain;)V+10
j  org.springframework.web.filter.OncePerRequestFilter.doFilter(Ljakarta/servlet/ServletRequest;Ljakarta/servlet/ServletResponse;Ljakarta/servlet/FilterChain;)V+150
j  org.springframework.security.web.FilterChainProxy$VirtualFilterChain.doFilter(Ljakarta/servlet/ServletRequest;Ljakarta/servlet/ServletResponse;)V+105
j  org.springframework.security.web.FilterChainProxy.doFilterInternal(Ljakarta/servlet/ServletRequest;Ljakarta/servlet/ServletResponse;Ljakarta/servlet/FilterChain;)V+163
j  org.springframework.security.web.FilterChainProxy.doFilter(Ljakarta/servlet/ServletRequest;Ljakarta/servlet/ServletResponse;Ljakarta/servlet/FilterChain;)V+48
j  org.springframework.web.filter.DelegatingFilterProxy.invokeDelegate(Ljakarta/servlet/Filter;Ljakarta/servlet/ServletRequest;Ljakarta/servlet/ServletResponse;Ljakarta/servlet/FilterChain;)V+5
j  org.springframework.web.filter.DelegatingFilterProxy.doFilter(Ljakarta/servlet/ServletRequest;Ljakarta/servlet/ServletResponse;Ljakarta/servlet/FilterChain;)V+85
j  org.apache.catalina.core.ApplicationFilterChain.internalDoFilter(Ljakarta/servlet/ServletRequest;Ljakarta/servlet/ServletResponse;)V+135
j  org.apache.catalina.core.ApplicationFilterChain.doFilter(Ljakarta/servlet/ServletRequest;Ljakarta/servlet/ServletResponse;)V+99
j  org.springframework.web.filter.RequestContextFilter.doFilterInternal(Ljakarta/servlet/http/HttpServletRequest;Ljakarta/servlet/http/HttpServletResponse;Ljakarta/servlet/FilterChain;)V+21
j  org.springframework.web.filter.OncePerRequestFilter.doFilter(Ljakarta/servlet/ServletRequest;Ljakarta/servlet/ServletResponse;Ljakarta/servlet/FilterChain;)V+150
j  org.apache.catalina.core.ApplicationFilterChain.internalDoFilter(Ljakarta/servlet/ServletRequest;Ljakarta/servlet/ServletResponse;)V+135
j  org.apache.catalina.core.ApplicationFilterChain.doFilter(Ljakarta/servlet/ServletRequest;Ljakarta/servlet/ServletResponse;)V+99
j  org.springframework.web.filter.FormContentFilter.doFilterInternal(Ljakarta/servlet/http/HttpServletRequest;Ljakarta/servlet/http/HttpServletResponse;Ljakarta/servlet/FilterChain;)V+38
j  org.springframework.web.filter.OncePerRequestFilter.doFilter(Ljakarta/servlet/ServletRequest;Ljakarta/servlet/ServletResponse;Ljakarta/servlet/FilterChain;)V+150
j  org.apache.catalina.core.ApplicationFilterChain.internalDoFilter(Ljakarta/servlet/ServletRequest;Ljakarta/servlet/ServletResponse;)V+135
j  org.apache.catalina.core.ApplicationFilterChain.doFilter(Ljakarta/servlet/ServletRequest;Ljakarta/servlet/ServletResponse;)V+99
j  org.springframework.web.filter.CharacterEncodingFilter.doFilterInternal(Ljakarta/servlet/http/HttpServletRequest;Ljakarta/servlet/http/HttpServletResponse;Ljakarta/servlet/FilterChain;)V+53
j  org.springframework.web.filter.OncePerRequestFilter.doFilter(Ljakarta/servlet/ServletRequest;Ljakarta/servlet/ServletResponse;Ljakarta/servlet/FilterChain;)V+150
j  org.apache.catalina.core.ApplicationFilterChain.internalDoFilter(Ljakarta/servlet/ServletRequest;Ljakarta/servlet/ServletResponse;)V+135
j  org.apache.catalina.core.ApplicationFilterChain.doFilter(Ljakarta/servlet/ServletRequest;Ljakarta/servlet/ServletResponse;)V+99
j  org.apache.catalina.core.StandardWrapperValve.invoke(Lorg/apache/catalina/connector/Request;Lorg/apache/catalina/connector/Response;)V+514
j  org.apache.catalina.core.StandardContextValve.invoke(Lorg/apache/catalina/connector/Request;Lorg/apache/catalina/connector/Response;)V+169
j  org.apache.catalina.authenticator.AuthenticatorBase.invoke(Lorg/apache/catalina/connector/Request;Lorg/apache/catalina/connector/Response;)V+218
j  org.apache.catalina.core.StandardHostValve.invoke(Lorg/apache/catalina/connector/Request;Lorg/apache/catalina/connector/Response;)V+131
j  org.apache.catalina.valves.ErrorReportValve.invoke(Lorg/apache/catalina/connector/Request;Lorg/apache/catalina/connector/Response;)V+6
j  org.apache.catalina.core.StandardEngineValve.invoke(Lorg/apache/catalina/connector/Request;Lorg/apache/catalina/connector/Response;)V+59
j  org.apache.catalina.connector.CoyoteAdapter.service(Lorg/apache/coyote/Request;Lorg/apache/coyote/Response;)V+187
j  org.apache.coyote.http11.Http11Processor.service(Lorg/apache/tomcat/util/net/SocketWrapperBase;)Lorg/apache/tomcat/util/net/AbstractEndpoint$Handler$SocketState;+785
j  org.apache.coyote.AbstractProcessorLight.process(Lorg/apache/tomcat/util/net/SocketWrapperBase;Lorg/apache/tomcat/util/net/SocketEvent;)Lorg/apache/tomcat/util/net/AbstractEndpoint$Handler$SocketState;+152
j  org.apache.coyote.AbstractProtocol$ConnectionHandler.process(Lorg/apache/tomcat/util/net/SocketWrapperBase;Lorg/apache/tomcat/util/net/SocketEvent;)Lorg/apache/tomcat/util/net/AbstractEndpoint$Handler$SocketState;+482
j  org.apache.tomcat.util.net.NioEndpoint$SocketProcessor.doRun()V+249
j  org.apache.tomcat.util.net.SocketProcessorBase.run()V+32
j  org.apache.tomcat.util.threads.ThreadPoolExecutor.runWorker(Lorg/apache/tomcat/util/threads/ThreadPoolExecutor$Worker;)V+92
j  org.apache.tomcat.util.threads.ThreadPoolExecutor$Worker.run()V+5
j  org.apache.tomcat.util.threads.TaskThread$WrappingRunnable.run()V+4
j  java.lang.Thread.run()V+11 java.base@17.0.8.1
v  ~StubRoutines::call_stub

siginfo: EXCEPTION_ACCESS_VIOLATION (0xc0000005), reading address 0x00000002fae20af0


Register to memory mapping:

RIP=0x00007ffb63be0451 jvm.dll
RAX=0x00000074e82f8ef8 is pointing into the stack for thread: 0x000002681383f370
RBX=0x0000026816ce76d0 points into unknown readable memory: 0x00000002fae20ae8 | e8 0a e2 fa 02 00 00 00
RCX=0x00000074e82f8e70 is pointing into the stack for thread: 0x000002681383f370
RDX=0x00000074e82f8e70 is pointing into the stack for thread: 0x000002681383f370
RSP=0x00000074e82f8ea0 is pointing into the stack for thread: 0x000002681383f370
RBP=0x00000074e82f8ee9 is pointing into the stack for thread: 0x000002681383f370
RSI=0x000002681383f370 is a thread
RDI=0x00000002fae20ae8 is an unknown value
R8 =0x0 is NULL
R9 =0x00000268190e4ac8 is pointing into metadata
R10=0x000002680dd0cf38 is pointing into metadata
R11=0x0 is NULL
R12=0x0 is NULL
R13=0x000002680dd0e2a5 is pointing into metadata
R14=0x00000074e82f9010 is pointing into the stack for thread: 0x000002681383f370
R15=0x000002680dd0e2a5 is pointing into metadata


Registers:
RAX=0x00000074e82f8ef8, RBX=0x0000026816ce76d0, RCX=0x00000074e82f8e70, RDX=0x00000074e82f8e70
RSP=0x00000074e82f8ea0, RBP=0x00000074e82f8ee9, RSI=0x000002681383f370, RDI=0x00000002fae20ae8
R8 =0x0000000000000000, R9 =0x00000268190e4ac8, R10=0x000002680dd0cf38, R11=0x0000000000000000
R12=0x0000000000000000, R13=0x000002680dd0e2a5, R14=0x00000074e82f9010, R15=0x000002680dd0e2a5
RIP=0x00007ffb63be0451, EFLAGS=0x0000000000010202

Top of Stack: (sp=0x00000074e82f8ea0)
0x00000074e82f8ea0:   000000080099270b 0000026816ce76d0
0x00000074e82f8eb0:   00000074e82f8ee9 0000002700000014
0x00000074e82f8ec0:   0000000100000027 000000030000000d
0x00000074e82f8ed0:   000002687faf11f0 0000000000000000
0x00000074e82f8ee0:   00000000000000b9 00007ffb63949b9f
0x00000074e82f8ef0:   00000074e82f9710 000002680faaf6f0
0x00000074e82f8f00:   000002687fafd820 0000000800234778
0x00000074e82f8f10:   0000000800927368 0000000000000000
0x00000074e82f8f20:   0000000000000000 00000268000b0101
0x00000074e82f8f30:   00000074e82f9040 00007ffb63a05914
0x00000074e82f8f40:   000002680e9cff00 000002681383f370
0x00000074e82f8f50:   0000026816ce76d0 00000000000000b9
0x00000074e82f8f60:   00000268000000b9 000002681383f370
0x00000074e82f8f70:   000002680dd0e2d0 000002681383f370
0x00000074e82f8f80:   0000000000000000 0000000000000000
0x00000074e82f8f90:   000002680dd0cf38 000002681383f370 

Instructions: (pc=0x00007ffb63be0451)
0x00007ffb63be0351:   6b d0 ff ff 48 83 7e 08 00 0f 85 6e 01 00 00 48
0x00007ffb63be0361:   85 db 75 04 33 ff eb 25 80 3d 0e e3 60 00 00 48
0x00007ffb63be0371:   8b 3b 74 15 8b 7f 08 8b 0d 8a 1f 5a 00 48 d3 e7
0x00007ffb63be0381:   48 03 3d 78 1f 5a 00 eb 04 48 8b 7f 08 48 8b d6
0x00007ffb63be0391:   48 8d 4d 0f e8 56 e5 ff ff 48 83 7e 08 00 0f 85
0x00007ffb63be03a1:   29 01 00 00 48 89 45 ff 48 89 75 07 48 85 c0 74
0x00007ffb63be03b1:   14 48 8b 8e 48 02 00 00 48 8d 55 f7 48 89 45 f7
0x00007ffb63be03c1:   e8 9a a6 aa ff 4c 8b 45 1f 48 8d 55 ff 48 89 74
0x00007ffb63be03d1:   24 30 4c 8b cb c6 44 24 28 01 49 8b ce 48 89 7c
0x00007ffb63be03e1:   24 20 e8 48 1e 00 00 e9 d8 00 00 00 4c 8b 4d 7f
0x00007ffb63be03f1:   45 8b c2 49 8b d3 49 8b ce e8 31 03 00 00 e9 d3
0x00007ffb63be0401:   00 00 00 4c 8b 4d 7f 45 8b c2 49 8b d3 49 8b ce
0x00007ffb63be0411:   e8 3a 01 00 00 e9 bc 00 00 00 48 8b 75 7f 48 8d
0x00007ffb63be0421:   4d 0f 4c 8b ce 45 8b c2 49 8b d3 e8 8f cf ff ff
0x00007ffb63be0431:   48 83 7e 08 00 0f 85 92 00 00 00 48 85 db 75 04
0x00007ffb63be0441:   33 ff eb 25 80 3d 32 e2 60 00 00 48 8b 3b 74 15
0x00007ffb63be0451:   8b 7f 08 8b 0d ae 1e 5a 00 48 d3 e7 48 03 3d 9c
0x00007ffb63be0461:   1e 5a 00 eb 04 48 8b 7f 08 4c 8b c6 48 8d 4d 0f
0x00007ffb63be0471:   ba b9 00 00 00 e8 85 f6 ff ff 48 83 7e 08 00 75
0x00007ffb63be0481:   4c 48 89 45 ff 48 89 75 07 48 85 c0 74 14 48 8b
0x00007ffb63be0491:   8e 48 02 00 00 48 8d 55 f7 48 89 45 f7 e8 bd a5
0x00007ffb63be04a1:   aa ff 4c 8b 45 1f 48 8d 55 ff 48 89 74 24 30 4c
0x00007ffb63be04b1:   8b cb c6 44 24 28 01 49 8b ce 48 89 7c 24 20 e8
0x00007ffb63be04c1:   cb 13 00 00 48 8d 4d ff e8 22 cc de ff 48 8d 4d
0x00007ffb63be04d1:   2f e8 19 cc de ff 48 8b b4 24 a0 00 00 00 48 8b
0x00007ffb63be04e1:   bc 24 a8 00 00 00 4c 8d 9c 24 90 00 00 00 49 8b
0x00007ffb63be04f1:   5b 20 4d 8b 73 28 49 8b e3 5d c3 3f 03 56 00 c9
0x00007ffb63be0501:   02 56 00 91 02 56 00 1b 04 56 00 04 04 56 00 ed
0x00007ffb63be0511:   03 56 00 d7 04 56 00 00 01 02 03 04 06 06 06 06
0x00007ffb63be0521:   06 06 06 06 06 06 06 06 06 06 06 06 06 06 06 06
0x00007ffb63be0531:   06 06 06 06 06 06 06 06 06 06 06 06 06 06 06 06
0x00007ffb63be0541:   06 06 06 06 06 06 06 06 06 06 05 cc cc cc cc 40 


Stack slot to memory mapping:
stack at sp + 0 slots: 0x000000080099270b is pointing into metadata
stack at sp + 1 slots: 0x0000026816ce76d0 points into unknown readable memory: 0x00000002fae20ae8 | e8 0a e2 fa 02 00 00 00
stack at sp + 2 slots: 0x00000074e82f8ee9 is pointing into the stack for thread: 0x000002681383f370
stack at sp + 3 slots: 0x0000002700000014 is an unknown value
stack at sp + 4 slots: 0x0000000100000027 is an unknown value
stack at sp + 5 slots: 0x000000030000000d is an unknown value
stack at sp + 6 slots: 0x000002687faf11f0 points into unknown readable memory: 0x616a00106e30ffff | ff ff 30 6e 10 00 6a 61
stack at sp + 7 slots: 0x0 is NULL


---------------  P R O C E S S  ---------------

Threads class SMR info:
_java_thread_list=0x0000026811b004c0, length=30, elements={
0x000002680e0903e0, 0x000002680e0922f0, 0x000002680e0aa620, 0x000002680e0aafe0,
0x000002680e0bd040, 0x000002680e0c0e10, 0x000002680e0d0e50, 0x000002680e0dc030,
0x000002680e0f9d40, 0x000002680e263310, 0x000002680e26f610, 0x00000268106d48b0,
0x00000268106d7130, 0x00000268106d52d0, 0x00000268106d4dc0, 0x00000268106d6c20,
0x00000268106d57e0, 0x000002681383fd90, 0x000002681383f370, 0x000002681383ee60,
0x000002681383e950, 0x0000026813842610, 0x0000026813842b20, 0x000002681383df30,
0x00000268138402a0, 0x00000268138407b0, 0x00000268138416e0, 0x0000026813842100,
0x0000026813843030, 0x00000268120a6fe0
}

Java Threads: ( => current thread )
  0x000002680e0903e0 JavaThread "Reference Handler" daemon [_thread_blocked, id=7848, stack(0x00000074e6700000,0x00000074e6800000)]
  0x000002680e0922f0 JavaThread "Finalizer" daemon [_thread_blocked, id=16664, stack(0x00000074e6800000,0x00000074e6900000)]
  0x000002680e0aa620 JavaThread "Signal Dispatcher" daemon [_thread_blocked, id=16396, stack(0x00000074e6900000,0x00000074e6a00000)]
  0x000002680e0aafe0 JavaThread "Attach Listener" daemon [_thread_blocked, id=16472, stack(0x00000074e6a00000,0x00000074e6b00000)]
  0x000002680e0bd040 JavaThread "Service Thread" daemon [_thread_blocked, id=6956, stack(0x00000074e6b00000,0x00000074e6c00000)]
  0x000002680e0c0e10 JavaThread "Monitor Deflation Thread" daemon [_thread_blocked, id=7664, stack(0x00000074e6c00000,0x00000074e6d00000)]
  0x000002680e0d0e50 JavaThread "C2 CompilerThread0" daemon [_thread_blocked, id=8440, stack(0x00000074e6d00000,0x00000074e6e00000)]
  0x000002680e0dc030 JavaThread "C1 CompilerThread0" daemon [_thread_blocked, id=15104, stack(0x00000074e6e00000,0x00000074e6f00000)]
  0x000002680e0f9d40 JavaThread "Sweeper thread" daemon [_thread_blocked, id=12044, stack(0x00000074e6f00000,0x00000074e7000000)]
  0x000002680e263310 JavaThread "Notification Thread" daemon [_thread_blocked, id=9876, stack(0x00000074e7000000,0x00000074e7100000)]
  0x000002680e26f610 JavaThread "Common-Cleaner" daemon [_thread_blocked, id=1008, stack(0x00000074e7200000,0x00000074e7300000)]
  0x00000268106d48b0 JavaThread "Catalina-utility-1" [_thread_blocked, id=11872, stack(0x00000074e7a00000,0x00000074e7b00000)]
  0x00000268106d7130 JavaThread "Catalina-utility-2" [_thread_blocked, id=16552, stack(0x00000074e7b00000,0x00000074e7c00000)]
  0x00000268106d52d0 JavaThread "container-0" [_thread_blocked, id=18148, stack(0x00000074e7c00000,0x00000074e7d00000)]
  0x00000268106d4dc0 JavaThread "mssql-jdbc-shared-timer-core-0" daemon [_thread_blocked, id=9892, stack(0x00000074e7e00000,0x00000074e7f00000)]
  0x00000268106d6c20 JavaThread "HikariPool-1 housekeeper" daemon [_thread_blocked, id=6800, stack(0x00000074e7f00000,0x00000074e8000000)]
  0x00000268106d57e0 JavaThread "http-nio-8080-exec-1" daemon [_thread_blocked, id=6964, stack(0x00000074e8000000,0x00000074e8100000)]
  0x000002681383fd90 JavaThread "http-nio-8080-exec-2" daemon [_thread_blocked, id=16816, stack(0x00000074e8100000,0x00000074e8200000)]
=>0x000002681383f370 JavaThread "http-nio-8080-exec-3" daemon [_thread_in_vm, id=1260, stack(0x00000074e8200000,0x00000074e8300000)]
  0x000002681383ee60 JavaThread "http-nio-8080-exec-4" daemon [_thread_blocked, id=13324, stack(0x00000074e8300000,0x00000074e8400000)]
  0x000002681383e950 JavaThread "http-nio-8080-exec-5" daemon [_thread_blocked, id=16184, stack(0x00000074e8400000,0x00000074e8500000)]
  0x0000026813842610 JavaThread "http-nio-8080-exec-6" daemon [_thread_blocked, id=14168, stack(0x00000074e8500000,0x00000074e8600000)]
  0x0000026813842b20 JavaThread "http-nio-8080-exec-7" daemon [_thread_blocked, id=7892, stack(0x00000074e8600000,0x00000074e8700000)]
  0x000002681383df30 JavaThread "http-nio-8080-exec-8" daemon [_thread_blocked, id=11764, stack(0x00000074e8700000,0x00000074e8800000)]
  0x00000268138402a0 JavaThread "http-nio-8080-exec-9" daemon [_thread_blocked, id=4644, stack(0x00000074e8800000,0x00000074e8900000)]
  0x00000268138407b0 JavaThread "http-nio-8080-exec-10" daemon [_thread_blocked, id=10488, stack(0x00000074e8900000,0x00000074e8a00000)]
  0x00000268138416e0 JavaThread "http-nio-8080-Poller" daemon [_thread_in_native, id=14644, stack(0x00000074e8a00000,0x00000074e8b00000)]
  0x0000026813842100 JavaThread "http-nio-8080-Acceptor" daemon [_thread_in_native, id=4392, stack(0x00000074e8b00000,0x00000074e8c00000)]
  0x0000026813843030 JavaThread "DestroyJavaVM" [_thread_blocked, id=17000, stack(0x00000074e6000000,0x00000074e6100000)]
  0x00000268120a6fe0 JavaThread "C2 CompilerThread1" daemon [_thread_blocked, id=13028, stack(0x00000074e7300000,0x00000074e7400000)]

Other Threads:
  0x000002680e068a40 VMThread "VM Thread" [stack: 0x00000074e6600000,0x00000074e6700000] [id=14704]
  0x000002680e07a970 WatcherThread [stack: 0x00000074e7100000,0x00000074e7200000] [id=12576]
  0x000002686bc3cd30 GCTaskThread "GC Thread#0" [stack: 0x00000074e6100000,0x00000074e6200000] [id=16136]
  0x000002680e29d400 GCTaskThread "GC Thread#1" [stack: 0x00000074e7400000,0x00000074e7500000] [id=8004]
  0x000002680e29e1c0 GCTaskThread "GC Thread#2" [stack: 0x00000074e7500000,0x00000074e7600000] [id=10188]
  0x000002680e29c900 GCTaskThread "GC Thread#3" [stack: 0x00000074e7600000,0x00000074e7700000] [id=15516]
  0x000002686bc3eb80 ConcurrentGCThread "G1 Main Marker" [stack: 0x00000074e6200000,0x00000074e6300000] [id=6356]
  0x000002687f9f21d0 ConcurrentGCThread "G1 Conc#0" [stack: 0x00000074e6300000,0x00000074e6400000] [id=17468]
  0x000002687fa96390 ConcurrentGCThread "G1 Refine#0" [stack: 0x00000074e6400000,0x00000074e6500000] [id=16964]
  0x000002681000ce90 ConcurrentGCThread "G1 Refine#1" [stack: 0x00000074e7700000,0x00000074e7800000] [id=17036]
  0x000002680fefb810 ConcurrentGCThread "G1 Refine#2" [stack: 0x00000074e7800000,0x00000074e7900000] [id=8160]
  0x000002680f9b1da0 ConcurrentGCThread "G1 Refine#3" [stack: 0x00000074e7900000,0x00000074e7a00000] [id=14420]
  0x000002687fa9bce0 ConcurrentGCThread "G1 Service" [stack: 0x00000074e6500000,0x00000074e6600000] [id=18092]

Threads with active compile tasks:

VM state: not at safepoint (normal execution)

VM Mutex/Monitor currently owned by a thread: None

Heap address: 0x0000000704c00000, size: 4020 MB, Compressed Oops mode: Zero based, Oop shift amount: 3

CDS archive(s) not mapped
Compressed class space mapped at: 0x0000000800000000-0x0000000840000000, reserved size: 1073741824
Narrow klass base: 0x0000000800000000, Narrow klass shift: 0, Narrow klass range: 0x40000000

GC Precious Log:
 CPUs: 4 total, 4 available
 Memory: 16079M
 Large Page Support: Disabled
 NUMA Support: Disabled
 Compressed Oops: Enabled (Zero based)
 Heap Region Size: 2M
 Heap Min Capacity: 8M
 Heap Initial Capacity: 252M
 Heap Max Capacity: 4020M
 Pre-touch: Disabled
 Parallel Workers: 4
 Concurrent Workers: 1
 Concurrent Refinement Workers: 4
 Periodic GC: Disabled

Heap:
 garbage-first heap   total 69632K, used 49393K [0x0000000704c00000, 0x0000000800000000)
  region size 2048K, 12 young (24576K), 2 survivors (4096K)
 Metaspace       used 83596K, committed 84096K, reserved 1179648K
  class space    used 10322K, committed 10560K, reserved 1048576K

Heap Regions: E=young(eden), S=young(survivor), O=old, HS=humongous(starts), HC=humongous(continues), CS=collection set, F=free, OA=open archive, CA=closed archive, TAMS=top-at-mark-start (previous, next)
|   0|0x0000000704c00000, 0x0000000704e00000, 0x0000000704e00000|100%| O|  |TAMS 0x0000000704e00000, 0x0000000704c00000| Untracked 
|   1|0x0000000704e00000, 0x0000000705000000, 0x0000000705000000|100%| O|  |TAMS 0x0000000705000000, 0x0000000704e00000| Untracked 
|   2|0x0000000705000000, 0x0000000705200000, 0x0000000705200000|100%| O|  |TAMS 0x0000000705200000, 0x0000000705000000| Untracked 
|   3|0x0000000705200000, 0x0000000705400000, 0x0000000705400000|100%| O|  |TAMS 0x0000000705400000, 0x0000000705200000| Untracked 
|   4|0x0000000705400000, 0x0000000705600000, 0x0000000705600000|100%| O|  |TAMS 0x0000000705600000, 0x0000000705400000| Untracked 
|   5|0x0000000705600000, 0x0000000705800000, 0x0000000705800000|100%| O|  |TAMS 0x0000000705800000, 0x0000000705600000| Untracked 
|   6|0x0000000705800000, 0x00000007059ab200, 0x0000000705a00000| 83%| O|  |TAMS 0x00000007059ab200, 0x0000000705800000| Untracked 
|   7|0x0000000705a00000, 0x0000000705c00000, 0x0000000705c00000|100%| O|  |TAMS 0x0000000705c00000, 0x0000000705a00000| Untracked 
|   8|0x0000000705c00000, 0x0000000705e00000, 0x0000000705e00000|100%| O|  |TAMS 0x0000000705e00000, 0x0000000705c00000| Untracked 
|   9|0x0000000705e00000, 0x0000000706000000, 0x0000000706000000|100%| O|  |TAMS 0x0000000705fa5400, 0x0000000705e00000| Untracked 
|  10|0x0000000706000000, 0x0000000706200000, 0x0000000706200000|100%| O|  |TAMS 0x0000000706000000, 0x0000000706000000| Untracked 
|  11|0x0000000706200000, 0x0000000706400000, 0x0000000706400000|100%| O|  |TAMS 0x0000000706200000, 0x0000000706200000| Untracked 
|  12|0x0000000706400000, 0x0000000706600000, 0x0000000706600000|100%| O|  |TAMS 0x0000000706400000, 0x0000000706400000| Untracked 
|  13|0x0000000706600000, 0x0000000706800000, 0x0000000706800000|100%| O|  |TAMS 0x0000000706600000, 0x0000000706600000| Untracked 
|  14|0x0000000706800000, 0x0000000706921000, 0x0000000706a00000| 56%| O|  |TAMS 0x0000000706800000, 0x0000000706800000| Untracked 
|  15|0x0000000706a00000, 0x0000000706a00000, 0x0000000706c00000|  0%| F|  |TAMS 0x0000000706a00000, 0x0000000706a00000| Untracked 
|  16|0x0000000706c00000, 0x0000000706c00000, 0x0000000706e00000|  0%| F|  |TAMS 0x0000000706c00000, 0x0000000706c00000| Untracked 
|  17|0x0000000706e00000, 0x0000000706e00000, 0x0000000707000000|  0%| F|  |TAMS 0x0000000706e00000, 0x0000000706e00000| Untracked 
|  18|0x0000000707000000, 0x0000000707000000, 0x0000000707200000|  0%| F|  |TAMS 0x0000000707000000, 0x0000000707000000| Untracked 
|  19|0x0000000707200000, 0x0000000707200000, 0x0000000707400000|  0%| F|  |TAMS 0x0000000707200000, 0x0000000707200000| Untracked 
|  20|0x0000000707400000, 0x00000007075702f0, 0x0000000707600000| 71%| S|CS|TAMS 0x0000000707400000, 0x0000000707400000| Complete 
|  21|0x0000000707600000, 0x0000000707800000, 0x0000000707800000|100%| S|CS|TAMS 0x0000000707600000, 0x0000000707600000| Complete 
|  22|0x0000000707800000, 0x0000000707800000, 0x0000000707a00000|  0%| F|  |TAMS 0x0000000707800000, 0x0000000707800000| Untracked 
|  23|0x0000000707a00000, 0x0000000707a00000, 0x0000000707c00000|  0%| F|  |TAMS 0x0000000707a00000, 0x0000000707a00000| Untracked 
|  24|0x0000000707c00000, 0x0000000707d40ac8, 0x0000000707e00000| 62%| E|  |TAMS 0x0000000707c00000, 0x0000000707c00000| Complete 
|  25|0x0000000707e00000, 0x0000000708000000, 0x0000000708000000|100%| E|CS|TAMS 0x0000000707e00000, 0x0000000707e00000| Complete 
|  26|0x0000000708000000, 0x0000000708200000, 0x0000000708200000|100%| E|CS|TAMS 0x0000000708000000, 0x0000000708000000| Complete 
|  27|0x0000000708200000, 0x0000000708400000, 0x0000000708400000|100%| E|CS|TAMS 0x0000000708200000, 0x0000000708200000| Complete 
|  28|0x0000000708400000, 0x0000000708600000, 0x0000000708600000|100%| E|  |TAMS 0x0000000708400000, 0x0000000708400000| Complete 
|  29|0x0000000708600000, 0x0000000708800000, 0x0000000708800000|100%| E|CS|TAMS 0x0000000708600000, 0x0000000708600000| Complete 
|  30|0x0000000708800000, 0x0000000708a00000, 0x0000000708a00000|100%| E|CS|TAMS 0x0000000708800000, 0x0000000708800000| Complete 
|  31|0x0000000708a00000, 0x0000000708c00000, 0x0000000708c00000|100%| E|CS|TAMS 0x0000000708a00000, 0x0000000708a00000| Complete 
|  32|0x0000000708c00000, 0x0000000708e00000, 0x0000000708e00000|100%| E|CS|TAMS 0x0000000708c00000, 0x0000000708c00000| Complete 
| 125|0x0000000714600000, 0x0000000714800000, 0x0000000714800000|100%| E|CS|TAMS 0x0000000714600000, 0x0000000714600000| Complete 

Card table byte_map: [0x000002687ea20000,0x000002687f200000] _byte_map_base: 0x000002687b1fa000

Marking Bits (Prev, Next): (CMBitMap*) 0x000002686bc3def0, (CMBitMap*) 0x000002686bc3deb0
 Prev Bits: [0x0000026803ed0000, 0x0000026807da0000)
 Next Bits: [0x0000026800000000, 0x0000026803ed0000)

Polling page: 0x0000026869ac0000

Metaspace:

Usage:
  Non-class:     71.56 MB used.
      Class:     10.08 MB used.
       Both:     81.64 MB used.

Virtual space:
  Non-class space:      128.00 MB reserved,      71.81 MB ( 56%) committed,  2 nodes.
      Class space:        1.00 GB reserved,      10.31 MB (  1%) committed,  1 nodes.
             Both:        1.12 GB reserved,      82.12 MB (  7%) committed. 

Chunk freelists:
   Non-Class:  7.70 MB
       Class:  5.70 MB
        Both:  13.40 MB

MaxMetaspaceSize: unlimited
CompressedClassSpaceSize: 1.00 GB
Initial GC threshold: 21.00 MB
Current GC threshold: 98.56 MB
CDS: off
MetaspaceReclaimPolicy: balanced
 - commit_granule_bytes: 65536.
 - commit_granule_words: 8192.
 - virtual_space_node_default_size: 8388608.
 - enlarge_chunks_in_place: 1.
 - new_chunks_are_fully_committed: 0.
 - uncommit_free_chunks: 1.
 - use_allocation_guard: 0.
 - handle_deallocations: 1.


Internal statistics:

num_allocs_failed_limit: 11.
num_arena_births: 802.
num_arena_deaths: 0.
num_vsnodes_births: 3.
num_vsnodes_deaths: 0.
num_space_committed: 1314.
num_space_uncommitted: 0.
num_chunks_returned_to_freelist: 11.
num_chunks_taken_from_freelist: 3344.
num_chunk_merges: 5.
num_chunk_splits: 2432.
num_chunks_enlarged: 1928.
num_inconsistent_stats: 0.

CodeHeap 'non-profiled nmethods': size=120000Kb used=4908Kb max_used=4908Kb free=115091Kb
 bounds [0x0000026876d10000, 0x00000268771e0000, 0x000002687e240000]
CodeHeap 'profiled nmethods': size=120000Kb used=12496Kb max_used=12496Kb free=107503Kb
 bounds [0x000002686f240000, 0x000002686fe80000, 0x0000026876770000]
CodeHeap 'non-nmethods': size=5760Kb used=1394Kb max_used=1443Kb free=4366Kb
 bounds [0x0000026876770000, 0x00000268769e0000, 0x0000026876d10000]
 total_blobs=6586 nmethods=5853 adapters=645
 compilation: enabled
              stopped_count=0, restarted_count=0
 full_count=0

Compilation events (20 events):
Event: 22.391 Thread 0x000002680e0dc030 6569       3       java.lang.invoke.LambdaFormBuffer::replaceName (124 bytes)
Event: 22.391 Thread 0x000002680e0dc030 nmethod 6569 0x000002686fe71b10 code [0x000002686fe71cc0, 0x000002686fe71ea8]
Event: 22.393 Thread 0x000002680e0dc030 6570       1       java.util.logging.LogManager$LoggerWeakRef::setParentRef (6 bytes)
Event: 22.393 Thread 0x000002680e0dc030 nmethod 6570 0x00000268771d9e90 code [0x00000268771da020, 0x00000268771da138]
Event: 22.394 Thread 0x000002680e0dc030 6571       3       org.apache.jasper.compiler.SmapUtil$SDEInstaller::readU1 (21 bytes)
Event: 22.394 Thread 0x000002680e0dc030 nmethod 6571 0x000002686fe71f90 code [0x000002686fe72120, 0x000002686fe72278]
Event: 22.394 Thread 0x000002680e0dc030 6572       3       org.apache.jasper.compiler.SmapUtil$SDEInstaller::writeU1 (19 bytes)
Event: 22.395 Thread 0x000002680e0dc030 nmethod 6572 0x000002686fe72390 code [0x000002686fe72520, 0x000002686fe72678]
Event: 22.395 Thread 0x000002680e0dc030 6573       3       org.apache.jasper.compiler.SmapUtil$SDEInstaller::readBytes (38 bytes)
Event: 22.395 Thread 0x000002680e0dc030 nmethod 6573 0x000002686fe72790 code [0x000002686fe72940, 0x000002686fe72bf8]
Event: 22.395 Thread 0x000002680e0dc030 6574       3       org.apache.jasper.compiler.SmapUtil$SDEInstaller::writeBytes (45 bytes)
Event: 22.395 Thread 0x000002680e0dc030 nmethod 6574 0x000002686fe72d10 code [0x000002686fe72ec0, 0x000002686fe730d8]
Event: 22.395 Thread 0x000002680e0dc030 6575       3       org.apache.jasper.compiler.SmapUtil$SDEInstaller::copy (46 bytes)
Event: 22.395 Thread 0x000002680e0dc030 nmethod 6575 0x000002686fe73210 code [0x000002686fe733c0, 0x000002686fe735f8]
Event: 22.406 Thread 0x00000268120a6fe0 6576       4       java.lang.ClassLoader::findLoadedClass (15 bytes)
Event: 22.407 Thread 0x000002680e0d0e50 6577       4       java.lang.reflect.Method::getAnnotation (6 bytes)
Event: 22.407 Thread 0x000002680e0dc030 6578       3       org.apache.catalina.core.DefaultInstanceManager::findLifecycleCallback (110 bytes)
Event: 22.408 Thread 0x000002680e0dc030 nmethod 6578 0x000002686fe73790 code [0x000002686fe73ac0, 0x000002686fe74f58]
Event: 22.409 Thread 0x00000268120a6fe0 nmethod 6576 0x00000268771da190 code [0x00000268771da320, 0x00000268771da548]
Event: 22.412 Thread 0x000002680e0d0e50 nmethod 6577 0x00000268771da710 code [0x00000268771da8c0, 0x00000268771dace8]

GC Heap History (20 events):
Event: 7.247 GC heap before
{Heap before GC invocations=11 (full 0):
 garbage-first heap   total 40960K, used 24468K [0x0000000704c00000, 0x0000000800000000)
  region size 2048K, 7 young (14336K), 2 survivors (4096K)
 Metaspace       used 35605K, committed 35968K, reserved 1114112K
  class space    used 4167K, committed 4352K, reserved 1048576K
}
Event: 7.258 GC heap after
{Heap after GC invocations=12 (full 0):
 garbage-first heap   total 149504K, used 17049K [0x0000000704c00000, 0x0000000800000000)
  region size 2048K, 1 young (2048K), 1 survivors (2048K)
 Metaspace       used 35605K, committed 35968K, reserved 1114112K
  class space    used 4167K, committed 4352K, reserved 1048576K
}
Event: 10.238 GC heap before
{Heap before GC invocations=13 (full 0):
 garbage-first heap   total 69632K, used 55961K [0x0000000704c00000, 0x0000000800000000)
  region size 2048K, 20 young (40960K), 1 survivors (2048K)
 Metaspace       used 42263K, committed 42752K, reserved 1114112K
  class space    used 4939K, committed 5184K, reserved 1048576K
}
Event: 10.244 GC heap after
{Heap after GC invocations=14 (full 0):
 garbage-first heap   total 69632K, used 19820K [0x0000000704c00000, 0x0000000800000000)
  region size 2048K, 2 young (4096K), 2 survivors (4096K)
 Metaspace       used 42263K, committed 42752K, reserved 1114112K
  class space    used 4939K, committed 5184K, reserved 1048576K
}
Event: 11.835 GC heap before
{Heap before GC invocations=14 (full 0):
 garbage-first heap   total 69632K, used 48492K [0x0000000704c00000, 0x0000000800000000)
  region size 2048K, 17 young (34816K), 2 survivors (4096K)
 Metaspace       used 52179K, committed 52672K, reserved 1114112K
  class space    used 6230K, committed 6464K, reserved 1048576K
}
Event: 11.844 GC heap after
{Heap after GC invocations=15 (full 0):
 garbage-first heap   total 69632K, used 21808K [0x0000000704c00000, 0x0000000800000000)
  region size 2048K, 3 young (6144K), 3 survivors (6144K)
 Metaspace       used 52179K, committed 52672K, reserved 1114112K
  class space    used 6230K, committed 6464K, reserved 1048576K
}
Event: 13.385 GC heap before
{Heap before GC invocations=15 (full 0):
 garbage-first heap   total 69632K, used 48432K [0x0000000704c00000, 0x0000000800000000)
  region size 2048K, 17 young (34816K), 3 survivors (6144K)
 Metaspace       used 58506K, committed 58944K, reserved 1114112K
  class space    used 7175K, committed 7360K, reserved 1048576K
}
Event: 13.394 GC heap after
{Heap after GC invocations=16 (full 0):
 garbage-first heap   total 69632K, used 24287K [0x0000000704c00000, 0x0000000800000000)
  region size 2048K, 3 young (6144K), 3 survivors (6144K)
 Metaspace       used 58506K, committed 58944K, reserved 1114112K
  class space    used 7175K, committed 7360K, reserved 1048576K
}
Event: 13.580 GC heap before
{Heap before GC invocations=16 (full 0):
 garbage-first heap   total 69632K, used 26335K [0x0000000704c00000, 0x0000000800000000)
  region size 2048K, 5 young (10240K), 3 survivors (6144K)
 Metaspace       used 59798K, committed 60288K, reserved 1114112K
  class space    used 7331K, committed 7552K, reserved 1048576K
}
Event: 13.585 GC heap after
{Heap after GC invocations=17 (full 0):
 garbage-first heap   total 69632K, used 24545K [0x0000000704c00000, 0x0000000800000000)
  region size 2048K, 1 young (2048K), 1 survivors (2048K)
 Metaspace       used 59798K, committed 60288K, reserved 1114112K
  class space    used 7331K, committed 7552K, reserved 1048576K
}
Event: 15.570 GC heap before
{Heap before GC invocations=18 (full 0):
 garbage-first heap   total 69632K, used 53217K [0x0000000704c00000, 0x0000000800000000)
  region size 2048K, 15 young (30720K), 1 survivors (2048K)
 Metaspace       used 65602K, committed 66112K, reserved 1114112K
  class space    used 8316K, committed 8576K, reserved 1048576K
}
Event: 15.573 GC heap after
{Heap after GC invocations=19 (full 0):
 garbage-first heap   total 69632K, used 25231K [0x0000000704c00000, 0x0000000800000000)
  region size 2048K, 1 young (2048K), 1 survivors (2048K)
 Metaspace       used 65602K, committed 66112K, reserved 1114112K
  class space    used 8316K, committed 8576K, reserved 1048576K
}
Event: 16.738 GC heap before
{Heap before GC invocations=19 (full 0):
 garbage-first heap   total 69632K, used 53903K [0x0000000704c00000, 0x0000000800000000)
  region size 2048K, 15 young (30720K), 1 survivors (2048K)
 Metaspace       used 69448K, committed 70016K, reserved 1114112K
  class space    used 8820K, committed 9088K, reserved 1048576K
}
Event: 16.747 GC heap after
{Heap after GC invocations=20 (full 0):
 garbage-first heap   total 69632K, used 27246K [0x0000000704c00000, 0x0000000800000000)
  region size 2048K, 2 young (4096K), 2 survivors (4096K)
 Metaspace       used 69448K, committed 70016K, reserved 1114112K
  class space    used 8820K, committed 9088K, reserved 1048576K
}
Event: 18.009 GC heap before
{Heap before GC invocations=20 (full 0):
 garbage-first heap   total 69632K, used 53870K [0x0000000704c00000, 0x0000000800000000)
  region size 2048K, 15 young (30720K), 2 survivors (4096K)
 Metaspace       used 72295K, committed 72832K, reserved 1114112K
  class space    used 9239K, committed 9472K, reserved 1048576K
}
Event: 18.022 GC heap after
{Heap after GC invocations=21 (full 0):
 garbage-first heap   total 69632K, used 29631K [0x0000000704c00000, 0x0000000800000000)
  region size 2048K, 2 young (4096K), 2 survivors (4096K)
 Metaspace       used 72295K, committed 72832K, reserved 1114112K
  class space    used 9239K, committed 9472K, reserved 1048576K
}
Event: 21.100 GC heap before
{Heap before GC invocations=21 (full 0):
 garbage-first heap   total 69632K, used 52159K [0x0000000704c00000, 0x0000000800000000)
  region size 2048K, 13 young (26624K), 2 survivors (4096K)
 Metaspace       used 75723K, committed 76352K, reserved 1179648K
  class space    used 9675K, committed 9984K, reserved 1048576K
}
Event: 21.107 GC heap after
{Heap after GC invocations=22 (full 0):
 garbage-first heap   total 69632K, used 31393K [0x0000000704c00000, 0x0000000800000000)
  region size 2048K, 1 young (2048K), 1 survivors (2048K)
 Metaspace       used 75723K, committed 76352K, reserved 1179648K
  class space    used 9675K, committed 9984K, reserved 1048576K
}
Event: 21.721 GC heap before
{Heap before GC invocations=22 (full 0):
 garbage-first heap   total 69632K, used 51873K [0x0000000704c00000, 0x0000000800000000)
  region size 2048K, 12 young (24576K), 1 survivors (2048K)
 Metaspace       used 79801K, committed 80320K, reserved 1179648K
  class space    used 9983K, committed 10240K, reserved 1048576K
}
Event: 21.726 GC heap after
{Heap after GC invocations=23 (full 0):
 garbage-first heap   total 69632K, used 33009K [0x0000000704c00000, 0x0000000800000000)
  region size 2048K, 2 young (4096K), 2 survivors (4096K)
 Metaspace       used 79801K, committed 80320K, reserved 1179648K
  class space    used 9983K, committed 10240K, reserved 1048576K
}

Dll operation events (9 events):
Event: 0.026 Loaded shared library C:\Users\JPiccione\.p2\pool\plugins\org.eclipse.justj.openjdk.hotspot.jre.full.win32.x86_64_17.0.8.v20230831-1047\jre\bin\java.dll
Event: 0.275 Loaded shared library C:\Users\JPiccione\.p2\pool\plugins\org.eclipse.justj.openjdk.hotspot.jre.full.win32.x86_64_17.0.8.v20230831-1047\jre\bin\jimage.dll
Event: 0.290 Loaded shared library C:\Users\JPiccione\.p2\pool\plugins\org.eclipse.justj.openjdk.hotspot.jre.full.win32.x86_64_17.0.8.v20230831-1047\jre\bin\net.dll
Event: 0.292 Loaded shared library C:\Users\JPiccione\.p2\pool\plugins\org.eclipse.justj.openjdk.hotspot.jre.full.win32.x86_64_17.0.8.v20230831-1047\jre\bin\nio.dll
Event: 0.299 Loaded shared library C:\Users\JPiccione\.p2\pool\plugins\org.eclipse.justj.openjdk.hotspot.jre.full.win32.x86_64_17.0.8.v20230831-1047\jre\bin\zip.dll
Event: 7.382 Loaded shared library C:\Users\JPiccione\.p2\pool\plugins\org.eclipse.justj.openjdk.hotspot.jre.full.win32.x86_64_17.0.8.v20230831-1047\jre\bin\sunmscapi.dll
Event: 7.398 Loaded shared library C:\Users\JPiccione\.p2\pool\plugins\org.eclipse.justj.openjdk.hotspot.jre.full.win32.x86_64_17.0.8.v20230831-1047\jre\bin\management.dll
Event: 7.401 Loaded shared library C:\Users\JPiccione\.p2\pool\plugins\org.eclipse.justj.openjdk.hotspot.jre.full.win32.x86_64_17.0.8.v20230831-1047\jre\bin\management_ext.dll
Event: 10.746 Loaded shared library C:\Users\JPiccione\.p2\pool\plugins\org.eclipse.justj.openjdk.hotspot.jre.full.win32.x86_64_17.0.8.v20230831-1047\jre\bin\verify.dll

Deoptimization events (20 events):
Event: 21.906 Thread 0x000002681383f370 Uncommon trap: trap_request=0xffffff45 fr.pc=0x0000026876fe3e98 relative=0x0000000000001138
Event: 21.906 Thread 0x000002681383f370 Uncommon trap: reason=unstable_if action=reinterpret pc=0x0000026876fe3e98 method=jdk.internal.loader.URLClassPath$FileLoader.getResource(Ljava/lang/String;Z)Ljdk/internal/loader/Resource; @ 50 c2
Event: 21.907 Thread 0x000002681383f370 DEOPT PACKING pc=0x0000026876fe3e98 sp=0x00000074e82f9600
Event: 21.907 Thread 0x000002681383f370 DEOPT UNPACKING pc=0x00000268767c69a3 sp=0x00000074e82f9600 mode 2
Event: 21.995 Thread 0x000002681383f370 Uncommon trap: trap_request=0xffffff45 fr.pc=0x0000026876f45eb4 relative=0x00000000000001b4
Event: 21.995 Thread 0x000002681383f370 Uncommon trap: reason=unstable_if action=reinterpret pc=0x0000026876f45eb4 method=java.lang.ClassLoader.getResource(Ljava/lang/String;)Ljava/net/URL; @ 30 c2
Event: 21.995 Thread 0x000002681383f370 DEOPT PACKING pc=0x0000026876f45eb4 sp=0x00000074e82f9040
Event: 21.995 Thread 0x000002681383f370 DEOPT UNPACKING pc=0x00000268767c69a3 sp=0x00000074e82f8f78 mode 2
Event: 22.111 Thread 0x000002681383f370 Uncommon trap: trap_request=0xffffff6e fr.pc=0x00000268771bf9bc relative=0x000000000000049c
Event: 22.111 Thread 0x000002681383f370 Uncommon trap: reason=loop_limit_check action=maybe_recompile pc=0x00000268771bf9bc method=org.eclipse.jdt.internal.compiler.classfmt.ClassFileStruct.utf8At(II)[C @ 143 c2
Event: 22.111 Thread 0x000002681383f370 DEOPT PACKING pc=0x00000268771bf9bc sp=0x00000074e82f9230
Event: 22.111 Thread 0x000002681383f370 DEOPT UNPACKING pc=0x00000268767c69a3 sp=0x00000074e82f91c8 mode 2
Event: 22.119 Thread 0x000002681383f370 Uncommon trap: trap_request=0xffffffcc fr.pc=0x00000268771c0920 relative=0x0000000000000280
Event: 22.119 Thread 0x000002681383f370 Uncommon trap: reason=intrinsic_or_type_checked_inlining action=make_not_entrant pc=0x00000268771c0920 method=java.util.ArrayList.toArray([Ljava/lang/Object;)[Ljava/lang/Object; @ 36 c2
Event: 22.119 Thread 0x000002681383f370 DEOPT PACKING pc=0x00000268771c0920 sp=0x00000074e82f8fd0
Event: 22.119 Thread 0x000002681383f370 DEOPT UNPACKING pc=0x00000268767c69a3 sp=0x00000074e82f8f90 mode 2
Event: 22.399 Thread 0x000002681383f370 Uncommon trap: trap_request=0xffffffde fr.pc=0x0000026876d868f4 relative=0x00000000000014f4
Event: 22.399 Thread 0x000002681383f370 Uncommon trap: reason=class_check action=maybe_recompile pc=0x0000026876d868f4 method=jdk.internal.loader.URLClassPath.getLoader(I)Ljdk/internal/loader/URLClassPath$Loader; @ 88 c2
Event: 22.399 Thread 0x000002681383f370 DEOPT PACKING pc=0x0000026876d868f4 sp=0x00000074e82f9b20
Event: 22.399 Thread 0x000002681383f370 DEOPT UNPACKING pc=0x00000268767c69a3 sp=0x00000074e82f9b60 mode 2

Classes unloaded (0 events):
No events

Classes redefined (0 events):
No events

Internal exceptions (20 events):
Event: 16.856 Thread 0x000002686bbd3760 Exception <a 'java/lang/reflect/InvocationTargetException'{0x0000000708c7d6d0}> (0x0000000708c7d6d0) 
thrown [s\src\hotspot\share\runtime\reflection.cpp, line 1121]
Event: 16.859 Thread 0x000002686bbd3760 Exception <a 'java/lang/reflect/InvocationTargetException'{0x0000000708c8ac48}> (0x0000000708c8ac48) 
thrown [s\src\hotspot\share\runtime\reflection.cpp, line 1121]
Event: 16.864 Thread 0x000002686bbd3760 Exception <a 'java/lang/reflect/InvocationTargetException'{0x0000000708c9b348}> (0x0000000708c9b348) 
thrown [s\src\hotspot\share\runtime\reflection.cpp, line 1121]
Event: 16.869 Thread 0x000002686bbd3760 Exception <a 'java/lang/reflect/InvocationTargetException'{0x0000000708ca7d08}> (0x0000000708ca7d08) 
thrown [s\src\hotspot\share\runtime\reflection.cpp, line 1121]
Event: 16.872 Thread 0x000002686bbd3760 Exception <a 'java/lang/reflect/InvocationTargetException'{0x0000000708cb3b18}> (0x0000000708cb3b18) 
thrown [s\src\hotspot\share\runtime\reflection.cpp, line 1121]
Event: 16.877 Thread 0x000002686bbd3760 Exception <a 'java/lang/reflect/InvocationTargetException'{0x0000000708cc1198}> (0x0000000708cc1198) 
thrown [s\src\hotspot\share\runtime\reflection.cpp, line 1121]
Event: 16.883 Thread 0x000002686bbd3760 Exception <a 'java/lang/reflect/InvocationTargetException'{0x0000000708cd22a0}> (0x0000000708cd22a0) 
thrown [s\src\hotspot\share\runtime\reflection.cpp, line 1121]
Event: 17.109 Thread 0x000002686bbd3760 Implicit null exception at 0x0000026876e3fc41 to 0x0000026876e3fd02
Event: 17.842 Thread 0x000002686bbd3760 Exception <a 'sun/nio/fs/WindowsException'{0x000000070784b2b0}> (0x000000070784b2b0) 
thrown [s\src\hotspot\share\prims\jni.cpp, line 516]
Event: 17.998 Thread 0x000002686bbd3760 Exception <a 'java/lang/IncompatibleClassChangeError'{0x00000007077b32f8}: Found class java.lang.Object, but interface was expected> (0x00000007077b32f8) 
thrown [s\src\hotspot\share\interpreter\linkResolver.cpp, line 826]
Event: 18.211 Thread 0x000002686bbd3760 Exception <a 'java/lang/NoSuchMethodError'{0x0000000708c51bb0}: 'void java.lang.invoke.DirectMethodHandle$Holder.invokeVirtual(java.lang.Object, java.lang.Object, long)'> (0x0000000708c51bb0) 
thrown [s\src\hotspot\share\interpreter\linkResolver.cpp, line 759]
Event: 18.539 Thread 0x000002686bbd3760 Exception <a 'java/lang/NoSuchMethodError'{0x00000007084dcce0}: 'java.lang.Object java.lang.invoke.DirectMethodHandle$Holder.newInvokeSpecial(java.lang.Object, java.lang.Object, int, java.lang.Object, java.lang.Object)'> (0x00000007084dcce0) 
thrown [s\src\hotspot\share\interpreter\linkResolver.cpp, line 759]
Event: 18.541 Thread 0x000002686bbd3760 Exception <a 'java/lang/NoSuchMethodError'{0x00000007084e8358}: 'java.lang.Object java.lang.invoke.DirectMethodHandle$Holder.invokeSpecial(java.lang.Object, java.lang.Object, int, java.lang.Object, int, java.lang.Object)'> (0x00000007084e8358) 
thrown [s\src\hotspot\share\interpreter\linkResolver.cpp, line 759]
Event: 18.541 Thread 0x000002686bbd3760 Exception <a 'java/lang/NoSuchMethodError'{0x00000007084f0160}: 'java.lang.Object java.lang.invoke.DirectMethodHandle$Holder.newInvokeSpecial(java.lang.Object, java.lang.Object, int, java.lang.Object, int)'> (0x00000007084f0160) 
thrown [s\src\hotspot\share\interpreter\linkResolver.cpp, line 759]
Event: 18.542 Thread 0x000002686bbd3760 Exception <a 'java/lang/NoSuchMethodError'{0x00000007084f4260}: 'java.lang.Object java.lang.invoke.DirectMethodHandle$Holder.invokeSpecial(java.lang.Object, java.lang.Object, java.lang.Object, int, java.lang.Object, int)'> (0x00000007084f4260) 
thrown [s\src\hotspot\share\interpreter\linkResolver.cpp, line 759]
Event: 20.594 Thread 0x00000268106d57e0 Exception <a 'java/lang/NoSuchMethodError'{0x00000007081d6c88}: 'java.lang.Object java.lang.invoke.DirectMethodHandle$Holder.invokeSpecial(java.lang.Object, java.lang.Object, java.lang.Object, java.lang.Object, java.lang.Object, long)'> (0x00000007081d6c88) 
thrown [s\src\hotspot\share\interpreter\linkResolver.cpp, line 759]
Event: 20.595 Thread 0x00000268106d57e0 Exception <a 'java/lang/NoSuchMethodError'{0x00000007081da6c8}: 'java.lang.Object java.lang.invoke.Invokers$Holder.linkToTargetMethod(java.lang.Object, java.lang.Object, java.lang.Object, long, java.lang.Object)'> (0x00000007081da6c8) 
thrown [s\src\hotspot\share\interpreter\linkResolver.cpp, line 759]
Event: 20.660 Thread 0x00000268106d57e0 Exception <a 'java/lang/NoSuchMethodError'{0x0000000707f0fb20}: getSession> (0x0000000707f0fb20) 
thrown [s\src\hotspot\share\prims\jni.cpp, line 1073]
Event: 21.304 Thread 0x000002681383f370 Implicit null exception at 0x0000026876d4b9d7 to 0x0000026876d4bfc4
Event: 21.304 Thread 0x000002681383f370 Implicit null exception at 0x0000026876d4c757 to 0x0000026876d4cd18

VM Operations (20 events):
Event: 21.367 Executing VM operation: HandshakeAllThreads
Event: 21.368 Executing VM operation: HandshakeAllThreads done
Event: 21.720 Executing VM operation: G1CollectForAllocation
Event: 21.726 Executing VM operation: G1CollectForAllocation done
Event: 22.402 Executing VM operation: ChangeBreakpoints
Event: 22.404 Executing VM operation: ChangeBreakpoints done
Event: 22.404 Executing VM operation: ChangeBreakpoints
Event: 22.406 Executing VM operation: ChangeBreakpoints done
Event: 22.407 Executing VM operation: get/set locals
Event: 22.407 Executing VM operation: get/set locals done
Event: 22.408 Executing VM operation: get/set locals
Event: 22.408 Executing VM operation: get/set locals done
Event: 22.425 Executing VM operation: HandshakeAllThreads
Event: 22.425 Executing VM operation: HandshakeAllThreads done
Event: 22.426 Executing VM operation: HandshakeAllThreads
Event: 22.426 Executing VM operation: HandshakeAllThreads done
Event: 22.427 Executing VM operation: get/set locals
Event: 22.427 Executing VM operation: get/set locals done
Event: 22.427 Executing VM operation: get/set locals
Event: 22.427 Executing VM operation: get/set locals done

Events (20 events):
Event: 21.883 loading class java/lang/NegativeArraySizeException done
Event: 21.906 loading class java/net/URLClassLoader$2
Event: 21.906 loading class java/net/URLClassLoader$2 done
Event: 21.995 loading class sun/net/www/protocol/jrt/JavaRuntimeURLConnection
Event: 21.996 loading class sun/net/www/protocol/jrt/JavaRuntimeURLConnection done
Event: 21.996 loading class sun/net/www/protocol/jrt/JavaRuntimeURLConnection$1
Event: 21.996 loading class sun/net/www/protocol/jrt/JavaRuntimeURLConnection$1 done
Event: 22.007 loading class java/text/MessageFormat$Field
Event: 22.007 loading class java/text/MessageFormat$Field done
Event: 22.069 Thread 0x00000268120a6fe0 Thread added: 0x00000268120a6fe0
Event: 22.388 loading class java/util/Hashtable$ValueCollection
Event: 22.388 loading class java/util/Hashtable$ValueCollection done
Event: 22.398 loading class java/net/URLClassLoader$1
Event: 22.398 loading class java/net/URLClassLoader$1 done
Event: 22.425 loading class sun/nio/cs/ISO_8859_1$Encoder
Event: 22.426 loading class sun/nio/cs/ISO_8859_1$Encoder done
Event: 22.426 loading class sun/nio/cs/Surrogate$Parser
Event: 22.426 loading class sun/nio/cs/Surrogate$Parser done
Event: 22.426 loading class sun/nio/cs/Surrogate
Event: 22.426 loading class sun/nio/cs/Surrogate done


Dynamic libraries:
0x00007ff67e610000 - 0x00007ff67e61e000 	C:\Users\JPiccione\.p2\pool\plugins\org.eclipse.justj.openjdk.hotspot.jre.full.win32.x86_64_17.0.8.v20230831-1047\jre\bin\javaw.exe
0x0000026869800000 - 0x00000268699f7000 	C:\windows\SYSTEM32\ntd1l.dll
0x0000026869a00000 - 0x0000026869abd000 	C:\windows\System32\kern3l32.dll
0x00007ffc02f70000 - 0x00007ffc03167000 	C:\windows\SYSTEM32\ntdll.dll
0x00007ffc01f90000 - 0x00007ffc0204d000 	C:\windows\System32\KERNEL32.DLL
0x00007ffc00650000 - 0x00007ffc00946000 	C:\windows\System32\KERNELBASE.dll
0x00007ffc000c0000 - 0x00007ffc003d3000 	C:\Program Files\SentinelOne\Sentinel Agent 23.1.4.650\InProcessClient64.dll
0x00007ffc01930000 - 0x00007ffc019de000 	C:\windows\System32\ADVAPI32.dll
0x00007ffc01dd0000 - 0x00007ffc01e6e000 	C:\windows\System32\msvcrt.dll
0x00007ffc02d90000 - 0x00007ffc02e2c000 	C:\windows\System32\sechost.dll
0x00007ffc02a60000 - 0x00007ffc02b86000 	C:\windows\System32\RPCRT4.dll
0x00007ffc00cd0000 - 0x00007ffc00dd0000 	C:\windows\System32\ucrtbase.dll
0x00007ffbfbd20000 - 0x00007ffbfbd37000 	C:\Users\JPiccione\.p2\pool\plugins\org.eclipse.justj.openjdk.hotspot.jre.full.win32.x86_64_17.0.8.v20230831-1047\jre\bin\jli.dll
0x00007ffbfbd00000 - 0x00007ffbfbd19000 	C:\Users\JPiccione\.p2\pool\plugins\org.eclipse.justj.openjdk.hotspot.jre.full.win32.x86_64_17.0.8.v20230831-1047\jre\bin\VCRUNTIME140.dll
0x00007ffc02bf0000 - 0x00007ffc02d8e000 	C:\windows\System32\USER32.dll
0x00007ffc00950000 - 0x00007ffc00972000 	C:\windows\System32\win32u.dll
0x00007ffc01da0000 - 0x00007ffc01dcc000 	C:\windows\System32\GDI32.dll
0x00007ffc00b10000 - 0x00007ffc00c2a000 	C:\windows\System32\gdi32full.dll
0x00007ffc00c30000 - 0x00007ffc00ccd000 	C:\windows\System32\msvcp_win.dll
0x00007ffbd7fe0000 - 0x00007ffbd827a000 	C:\windows\WinSxS\amd64_microsoft.windows.common-controls_6595b64144ccf1df_6.0.19041.3570_none_60bb2a3971f3e41a\COMCTL32.dll
0x00007ffc000b0000 - 0x00007ffc000ba000 	C:\windows\SYSTEM32\VERSION.dll
0x00007ffc000a0000 - 0x00007ffc000ab000 	C:\windows\SYSTEM32\FLTLIB.DLL
0x00007ffc01f60000 - 0x00007ffc01f90000 	C:\windows\System32\IMM32.DLL
0x00007ffbfbcf0000 - 0x00007ffbfbcfc000 	C:\Users\JPiccione\.p2\pool\plugins\org.eclipse.justj.openjdk.hotspot.jre.full.win32.x86_64_17.0.8.v20230831-1047\jre\bin\vcruntime140_1.dll
0x00007ffbdf1d0000 - 0x00007ffbdf261000 	C:\Users\JPiccione\.p2\pool\plugins\org.eclipse.justj.openjdk.hotspot.jre.full.win32.x86_64_17.0.8.v20230831-1047\jre\bin\msvcp140.dll
0x00007ffb63680000 - 0x00007ffb642cc000 	C:\Users\JPiccione\.p2\pool\plugins\org.eclipse.justj.openjdk.hotspot.jre.full.win32.x86_64_17.0.8.v20230831-1047\jre\bin\server\jvm.dll
0x00007ffbff870000 - 0x00007ffbff8bb000 	C:\windows\SYSTEM32\POWRPROF.dll
0x00007ffbf8ea0000 - 0x00007ffbf8ea9000 	C:\windows\SYSTEM32\WSOCK32.dll
0x00007ffc02e30000 - 0x00007ffc02e9b000 	C:\windows\System32\WS2_32.dll
0x00007ffbe58a0000 - 0x00007ffbe58c7000 	C:\windows\SYSTEM32\WINMM.dll
0x00007ffbff730000 - 0x00007ffbff742000 	C:\windows\SYSTEM32\UMPDC.dll
0x00007ffbfdf30000 - 0x00007ffbfdf42000 	C:\windows\SYSTEM32\kernel.appcore.dll
0x00007ffbf7f50000 - 0x00007ffbf7f5a000 	C:\Users\JPiccione\.p2\pool\plugins\org.eclipse.justj.openjdk.hotspot.jre.full.win32.x86_64_17.0.8.v20230831-1047\jre\bin\jimage.dll
0x00007ffbf0ca0000 - 0x00007ffbf0e84000 	C:\windows\SYSTEM32\DBGHELP.DLL
0x00007ffbf10a0000 - 0x00007ffbf10d4000 	C:\windows\SYSTEM32\dbgcore.DLL
0x00007ffc00a30000 - 0x00007ffc00ab2000 	C:\windows\System32\bcryptPrimitives.dll
0x00007ffbdd5c0000 - 0x00007ffbdd63b000 	C:\Program Files\SentinelOne\Sentinel Agent 23.1.4.650\SentinelJava64.dll
0x00007ffc02460000 - 0x00007ffc0258b000 	C:\windows\System32\ole32.dll
0x00007ffc01a40000 - 0x00007ffc01d94000 	C:\windows\System32\combase.dll
0x00007ffbf0f70000 - 0x00007ffbf0f95000 	C:\Users\JPiccione\.p2\pool\plugins\org.eclipse.justj.openjdk.hotspot.jre.full.win32.x86_64_17.0.8.v20230831-1047\jre\bin\java.dll
0x00007ffbf08b0000 - 0x00007ffbf08c8000 	C:\Users\JPiccione\.p2\pool\plugins\org.eclipse.justj.openjdk.hotspot.jre.full.win32.x86_64_17.0.8.v20230831-1047\jre\bin\zip.dll
0x00007ffc00fd0000 - 0x00007ffc01714000 	C:\windows\System32\SHELL32.dll
0x00007ffbfe0c0000 - 0x00007ffbfe85b000 	C:\windows\SYSTEM32\windows.storage.dll
0x00007ffbffd50000 - 0x00007ffbffd7d000 	C:\windows\SYSTEM32\Wldp.dll
0x00007ffc022f0000 - 0x00007ffc0239d000 	C:\windows\System32\SHCORE.dll
0x00007ffc01720000 - 0x00007ffc01775000 	C:\windows\System32\shlwapi.dll
0x00007ffc00580000 - 0x00007ffc005a5000 	C:\windows\SYSTEM32\profapi.dll
0x00007ffbf0890000 - 0x00007ffbf08a9000 	C:\Users\JPiccione\.p2\pool\plugins\org.eclipse.justj.openjdk.hotspot.jre.full.win32.x86_64_17.0.8.v20230831-1047\jre\bin\net.dll
0x00007ffbff2d0000 - 0x00007ffbff3da000 	C:\windows\SYSTEM32\WINHTTP.dll
0x00007ffbffab0000 - 0x00007ffbffb1a000 	C:\windows\system32\mswsock.dll
0x00007ffbe1b50000 - 0x00007ffbe1b65000 	C:\Users\JPiccione\.p2\pool\plugins\org.eclipse.justj.openjdk.hotspot.jre.full.win32.x86_64_17.0.8.v20230831-1047\jre\bin\nio.dll
0x00007ffbffca0000 - 0x00007ffbffcb8000 	C:\windows\SYSTEM32\CRYPTSP.dll
0x00007ffbff240000 - 0x00007ffbff274000 	C:\windows\system32\rsaenh.dll
0x00007ffc00e40000 - 0x00007ffc00e67000 	C:\windows\System32\bcrypt.dll
0x00007ffc00500000 - 0x00007ffc0052e000 	C:\windows\SYSTEM32\USERENV.dll
0x00007ffbffcc0000 - 0x00007ffbffccc000 	C:\windows\SYSTEM32\CRYPTBASE.dll
0x00007ffbff750000 - 0x00007ffbff78b000 	C:\windows\SYSTEM32\IPHLPAPI.DLL
0x00007ffc01e70000 - 0x00007ffc01e78000 	C:\windows\System32\NSI.dll
0x00007ffbf9760000 - 0x00007ffbf9777000 	C:\windows\SYSTEM32\dhcpcsvc6.DLL
0x00007ffbf9590000 - 0x00007ffbf95ad000 	C:\windows\SYSTEM32\dhcpcsvc.DLL
0x00007ffbff7a0000 - 0x00007ffbff86a000 	C:\windows\SYSTEM32\DNSAPI.dll
0x00007ffbf7f00000 - 0x00007ffbf7f0e000 	C:\Users\JPiccione\.p2\pool\plugins\org.eclipse.justj.openjdk.hotspot.jre.full.win32.x86_64_17.0.8.v20230831-1047\jre\bin\sunmscapi.dll
0x00007ffc00e70000 - 0x00007ffc00fcd000 	C:\windows\System32\CRYPT32.dll
0x00007ffbffdc0000 - 0x00007ffbffde7000 	C:\windows\SYSTEM32\ncrypt.dll
0x00007ffbffd80000 - 0x00007ffbffdbb000 	C:\windows\SYSTEM32\NTASN1.dll
0x00007ffbfbd70000 - 0x00007ffbfbd79000 	C:\Users\JPiccione\.p2\pool\plugins\org.eclipse.justj.openjdk.hotspot.jre.full.win32.x86_64_17.0.8.v20230831-1047\jre\bin\management.dll
0x00007ffbfbd60000 - 0x00007ffbfbd6b000 	C:\Users\JPiccione\.p2\pool\plugins\org.eclipse.justj.openjdk.hotspot.jre.full.win32.x86_64_17.0.8.v20230831-1047\jre\bin\management_ext.dll
0x00007ffc02450000 - 0x00007ffc02458000 	C:\windows\System32\PSAPI.DLL
0x00007ffbf7f40000 - 0x00007ffbf7f50000 	C:\Users\JPiccione\.p2\pool\plugins\org.eclipse.justj.openjdk.hotspot.jre.full.win32.x86_64_17.0.8.v20230831-1047\jre\bin\verify.dll
0x00007ffbf0bf0000 - 0x00007ffbf0bfa000 	C:\Windows\System32\rasadhlp.dll
0x00007ffbf9b00000 - 0x00007ffbf9b82000 	C:\windows\System32\fwpuclnt.dll
0x00007ffbe0900000 - 0x00007ffbe0917000 	C:\windows\system32\napinsp.dll
0x00007ffbe0a40000 - 0x00007ffbe0a5b000 	C:\windows\system32\pnrpnsp.dll
0x00007ffbf9b90000 - 0x00007ffbf9ba5000 	C:\windows\system32\wshbth.dll
0x00007ffbfb650000 - 0x00007ffbfb66d000 	C:\windows\system32\NLAapi.dll
0x00007ffbe0a60000 - 0x00007ffbe0a72000 	C:\windows\System32\winrnr.dll
0x00007ffbe19f0000 - 0x00007ffbe19f7000 	C:\windows\system32\wshunix.dll

dbghelp: loaded successfully - version: 4.0.5 - missing functions: none
symbol engine: initialized successfully - sym options: 0x614 - pdb path: .;C:\Users\JPiccione\.p2\pool\plugins\org.eclipse.justj.openjdk.hotspot.jre.full.win32.x86_64_17.0.8.v20230831-1047\jre\bin;C:\windows\SYSTEM32;C:\Program Files\SentinelOne\Sentinel Agent 23.1.4.650;C:\windows\WinSxS\amd64_microsoft.windows.common-controls_6595b64144ccf1df_6.0.19041.3570_none_60bb2a3971f3e41a;C:\Users\JPiccione\.p2\pool\plugins\org.eclipse.justj.openjdk.hotspot.jre.full.win32.x86_64_17.0.8.v20230831-1047\jre\bin\server

VM Arguments:
jvm_args: -Dfile.encoding=UTF-8 -XX:+ShowCodeDetailsInExceptionMessages -agentpath:C:\Program Files\SentinelOne\Sentinel Agent 23.1.4.650\SentinelJava64.dll 
java_command: com.spencer.ItemApp.ItemAppApplication
java_class_path (initial): C:\Users\JPiccione\OneDrive - Spencer Gifts LLC\Documents\ItemApp\target\classes;C:\Users\JPiccione\.m2\repository\org\springframework\boot\spring-boot-starter-data-jpa\3.1.4\spring-boot-starter-data-jpa-3.1.4.jar;C:\Users\JPiccione\.m2\repository\org\springframework\boot\spring-boot-starter-aop\3.1.4\spring-boot-starter-aop-3.1.4.jar;C:\Users\JPiccione\.m2\repository\org\aspectj\aspectjweaver\1.9.20\aspectjweaver-1.9.20.jar;C:\Users\JPiccione\.m2\repository\org\springframework\boot\spring-boot-starter-jdbc\3.1.4\spring-boot-starter-jdbc-3.1.4.jar;C:\Users\JPiccione\.m2\repository\com\zaxxer\HikariCP\5.0.1\HikariCP-5.0.1.jar;C:\Users\JPiccione\.m2\repository\org\springframework\spring-jdbc\6.0.12\spring-jdbc-6.0.12.jar;C:\Users\JPiccione\.m2\repository\org\hibernate\orm\hibernate-core\6.2.9.Final\hibernate-core-6.2.9.Final.jar;C:\Users\JPiccione\.m2\repository\jakarta\persistence\jakarta.persistence-api\3.1.0\jakarta.persistence-api-3.1.0.jar;C:\Users\JPiccione\.m2\repository\jakarta\transaction\jakarta.transaction-api\2.0.1\jakarta.transaction-api-2.0.1.jar;C:\Users\JPiccione\.m2\repository\org\jboss\logging\jboss-logging\3.5.3.Final\jboss-logging-3.5.3.Final.jar;C:\Users\JPiccione\.m2\repository\org\hibernate\common\hibernate-commons-annotations\6.0.6.Final\hibernate-commons-annotations-6.0.6.Final.jar;C:\Users\JPiccione\.m2\repository\io\smallrye\jandex\3.0.5\jandex-3.0.5.jar;C:\Users\JPiccione\.m2\repository\com\fasterxml\classmate\1.5.1\classmate-1.5.1.jar;C:\Users\JPiccione\.m2\repository\net\bytebuddy\byte-buddy\1.14.8\byte-buddy-1.14.8.jar;C:\Users\JPiccione\.m2\repository\org\glassfish\jaxb\jaxb-runtime\4.0.3\jaxb-runtime-4.0.3.jar;C:\Users\JPiccione\.m2\repository\org\glassfish\jaxb\jaxb-core\4.0.3\jaxb-core-4.0.3.jar;C:\Users\JPiccione\.m2\repository\org\eclipse\angus\angus-activation\2.0.1\angus-activation-2.0.1.jar;C:\Users\JPiccione\.m2\repository\org\glassfish\jaxb\txw2\4.0.3\txw2-4.0.3.jar;C:\Users\JPiccione\.m2\repositor
Launcher Type: SUN_STANDARD

[Global flags]
     intx CICompilerCount                          = 3                                         {product} {ergonomic}
     uint ConcGCThreads                            = 1                                         {product} {ergonomic}
     uint G1ConcRefinementThreads                  = 4                                         {product} {ergonomic}
   size_t G1HeapRegionSize                         = 2097152                                   {product} {ergonomic}
    uintx GCDrainStackTargetSize                   = 64                                        {product} {ergonomic}
   size_t InitialHeapSize                          = 264241152                                 {product} {ergonomic}
   size_t MarkStackSize                            = 4194304                                   {product} {ergonomic}
   size_t MaxHeapSize                              = 4215275520                                {product} {ergonomic}
   size_t MaxNewSize                               = 2529165312                                {product} {ergonomic}
   size_t MinHeapDeltaBytes                        = 2097152                                   {product} {ergonomic}
   size_t MinHeapSize                              = 8388608                                   {product} {ergonomic}
    uintx NonNMethodCodeHeapSize                   = 5832780                                {pd product} {ergonomic}
    uintx NonProfiledCodeHeapSize                  = 122912730                              {pd product} {ergonomic}
    uintx ProfiledCodeHeapSize                     = 122912730                              {pd product} {ergonomic}
    uintx ReservedCodeCacheSize                    = 251658240                              {pd product} {ergonomic}
     bool SegmentedCodeCache                       = true                                      {product} {ergonomic}
     bool ShowCodeDetailsInExceptionMessages       = true                                   {manageable} {command line}
   size_t SoftMaxHeapSize                          = 4215275520                             {manageable} {ergonomic}
     bool UseCompressedClassPointers               = true                           {product lp64_product} {ergonomic}
     bool UseCompressedOops                        = true                           {product lp64_product} {ergonomic}
     bool UseG1GC                                  = true                                      {product} {ergonomic}
     bool UseLargePagesIndividualAllocation        = false                                  {pd product} {ergonomic}

Logging:
Log output configuration:
 #0: stdout all=warning uptime,level,tags
 #1: stderr all=off uptime,level,tags

Environment Variables:
PATH=C:/Users/JPiccione/.p2/pool/plugins/org.eclipse.justj.openjdk.hotspot.jre.full.win32.x86_64_17.0.8.v20230831-1047/jre/bin/server;C:/Users/JPiccione/.p2/pool/plugins/org.eclipse.justj.openjdk.hotspot.jre.full.win32.x86_64_17.0.8.v20230831-1047/jre/bin;C:\Program Files\Common Files\Oracle\Java\javapath;C:\Program Files (x86)\Common Files\Oracle\Java\javapath;C:\Program Files\Microsoft\jdk-11.0.16.101-hotspot\bin;C:\Program Files (x86)\Business Objects\Common\3.5\bin\NOTES\;C:\Program Files (x86)\Business Objects\Common\3.5\bin\NOTES\DATA\;C:\windows\system32;C:\windows;C:\windows\System32\Wbem;C:\windows\System32\WindowsPowerShell\v1.0\;C:\windows\System32\OpenSSH\;C:\Program Files (x86)\IBM\Client Access\Emulator;C:\Program Files (x86)\IBM\Client Access\Shared;C:\Program Files (x86)\IBM\Client Access\;C:\Program Files (x86)\HEAT\;C:\Program Files (x86)\Microsoft SQL Server\160\DTS\Binn\;C:\Program Files\Azure Data Studio\bin;C:\Program Files\PuTTY\;C:\Program Files\Git\cmd;C:\Program Files\Microsoft SQL Server\150\Tools\Binn\;C:\Program Files\Microsoft SQL Server\Client SDK\ODBC\170\Tools\Binn\;C:\Program Files\dotnet\;C:\Program Files (x86)\Windows Kits\10\Windows Performance Toolkit\;c:\Program Files (x86)\Microsoft SQL Server\110\Tools\Binn\;c:\Program Files\Microsoft SQL Server\110\Tools\Binn\;c:\Program Files\Microsoft SQL Server\110\DTS\Binn\;C:\Program Files (x86)\Microsoft SQL Server\150\Tools\Binn\;C:\Program Files\Microsoft SQL Server\150\DTS\Binn\;C:\Users\JPiccione\AppData\Local\Microsoft\WindowsApps;C:\Program Files\Azure Data Studio\bin;C:\Users\JPiccione\.dotnet\tools;C:\Users\JPiccione\AppData\Local\Programs\Azure Data Studio\bin;C:\Program Files\JetBrains\IntelliJ IDEA 2023.2\bin;;C:\Users\JPiccione\AppData\Local\GitHubDesktop\bin;C:\windows\system32;
USERNAME=JPiccione
OS=Windows_NT
PROCESSOR_IDENTIFIER=Intel64 Family 6 Model 61 Stepping 4, GenuineIntel
TMP=C:\Users\JPICCI~1\AppData\Local\Temp
TEMP=C:\Users\JPICCI~1\AppData\Local\Temp



---------------  S Y S T E M  ---------------

OS:
 Windows 10 , 64 bit Build 19041 (10.0.19041.3570)
OS uptime: 0 days 1:20 hours

CPU: total 4 (initial active 4) (2 cores per cpu, 2 threads per core) family 6 model 61 stepping 4 microcode 0x2d, cx8, cmov, fxsr, ht, mmx, 3dnowpref, sse, sse2, sse3, ssse3, sse4.1, sse4.2, popcnt, lzcnt, tsc, tscinvbit, avx, avx2, aes, erms, clmul, bmi1, bmi2, rtm, adx, fma, vzeroupper, clflush
Processor Information for all 4 processors :
  Max Mhz: 2594, Current Mhz: 2594, Mhz Limit: 2594

Memory: 4k page, system-wide physical 16079M (6538M free)
TotalPageFile size 18511M (AvailPageFile size 4966M)
current process WorkingSet (physical memory assigned to process): 284M, peak: 352M
current process commit charge ("private bytes"): 300M, peak: 374M

vm_info: OpenJDK 64-Bit Server VM (17.0.8.1+1) for windows-amd64 JRE (17.0.8.1+1), built on Aug 23 2023 15:29:17 by "admin" with MS VC++ 16.7 (VS2019)

END.
