#
# A fatal error has been detected by the Java Runtime Environment:
#
#  EXCEPTION_ACCESS_VIOLATION (0xc0000005) at pc=0x000001c96097b169, pid=1712, tid=13824
#
# JRE version: OpenJDK Runtime Environment Temurin-17.0.8.1+1 (17.0.8.1+1) (build 17.0.8.1+1)
# Java VM: OpenJDK 64-Bit Server VM Temurin-17.0.8.1+1 (17.0.8.1+1, mixed mode, tiered, compressed oops, compressed class ptrs, g1 gc, windows-amd64)
# Problematic frame:
# j  org.springframework.security.web.servletapi.HttpServlet3RequestFactory$Servlet3SecurityContextHolderAwareRequestWrapper.login(Ljava/lang/String;Ljava/lang/String;)V+1
#
# No core dump will be written. Minidumps are not enabled by default on client versions of Windows
#
# If you would like to submit a bug report, please visit:
#   https://github.com/adoptium/adoptium-support/issues
#

---------------  S U M M A R Y ------------

Command Line: -Dfile.encoding=UTF-8 -XX:+ShowCodeDetailsInExceptionMessages -agentpath:C:\Program Files\SentinelOne\Sentinel Agent 23.1.4.650\SentinelJava64.dll com.spencer.ItemApp.ItemAppApplication

Host: Intel(R) Core(TM) i7-5600U CPU @ 2.60GHz, 4 cores, 15G,  Windows 10 , 64 bit Build 19041 (10.0.19041.3570)
Time: Mon Nov 20 11:19:46 2023 Eastern Standard Time elapsed time: 23.214248 seconds (0d 0h 0m 23s)

---------------  T H R E A D  ---------------

Current thread (0x000001c97defa670):  JavaThread "http-nio-8080-exec-7" daemon [_thread_in_Java, id=13824, stack(0x000000a9a1700000,0x000000a9a1800000)]

Stack: [0x000000a9a1700000,0x000000a9a1800000],  sp=0x000000a9a17f99d0,  free space=998k
Native frames: (J=compiled Java code, j=interpreted, Vv=VM code, C=native code)
C  0x000001c96097b169


siginfo: EXCEPTION_ACCESS_VIOLATION (0xc0000005), reading address 0x000000a900000080


Register to memory mapping:

RIP=0x000001c96097b169 is at code_begin+329 in an Interpreter codelet
invokevirtual  182 invokevirtual  [0x000001c96097b020, 0x000001c96097b500]  1248 bytes
RAX=1048576 is a compressed pointer to class: 0x0000000800100000
org.springframework.core.SerializableTypeWrapper$SerializableTypeProxy {0x0000000800100008}
 - instance size:     2
 - klass size:        63
 - access:            interface abstract 
 - state:             fully_initialized
 - name:              'org/springframework/core/SerializableTypeWrapper$SerializableTypeProxy'
 - super:             'java/lang/Object'
 - sub:               
 - nof implementors:  2
 - arrays:            NULL
 - methods:           Array<T>(0x000001c9749c1098)
 - method ordering:   Array<T>(0x000001c974000018)
 - default_methods:   Array<T>(0x0000000000000000)
 - local interfaces:  Array<T>(0x000001c974000058)
 - trans. interfaces: Array<T>(0x000001c974000058)
 - constants:         constant pool [17] {0x000001c9749c0f98} for 'org/springframework/core/SerializableTypeWrapper$SerializableTypeProxy' cache=0x000001c974c841e0
 - class loader data:  loader data: 0x000001c9780b3e20 for instance a 'jdk/internal/loader/ClassLoaders$AppClassLoader'{0x0000000704fbdc00}
 - source file:       'SerializableTypeWrapper.java'
 - class annotations:       Array<T>(0x0000000000000000)
 - class type annotations:  Array<T>(0x0000000000000000)
 - field annotations:       Array<T>(0x0000000000000000)
 - field type annotations:  Array<T>(0x0000000000000000)
 - inner classes:     Array<T>(0x000001c9749c1130)
 - nest members:     Array<T>(0x000001c974000028)
 - permitted subclasses:     Array<T>(0x000001c974000028)
 - java mirror:       a 'java/lang/Class'{0x000000070525a338} = 'org/springframework/core/SerializableTypeWrapper$SerializableTypeProxy'
 - vtable length      5  (start addr: 0x00000008001001c8)
 - itable length      0 (start addr: 0x00000008001001f0)
 - ---- static fields (0 words):
 - ---- non-static fields (0 words):
 - non-static oop maps: 
RBX={method} {0x000001c905047a60} 'isAuthenticated' '()Z' in 'org/springframework/security/web/servletapi/HttpServlet3RequestFactory$Servlet3SecurityContextHolderAwareRequestWrapper'
RCX=0x000000a900000080 is an unknown value
RDX=0x0000000010100001 is an unknown value
RSP=0x000000a9a17f99d0 is pointing into the stack for thread: 0x000001c97defa670
RBP=0x000000a9a17f9a28 is pointing into the stack for thread: 0x000001c97defa670
RSI=0x000000a9a17f9e90 is pointing into the stack for thread: 0x000001c97defa670
RDI=0x000001c97defa670 is a thread
R8 =0x000000a9a17f9ea0 is pointing into the stack for thread: 0x000001c97defa670
R9 =0x0000000000000001 is an unknown value
R10=0x00007ffb7e200ca0 jvm.dll
R11=0x000000a9a17f9c38 is pointing into the stack for thread: 0x000001c97defa670
R12=0x0 is NULL
R13=0x000001c905047609 is pointing into metadata
R14=0x000000a9a17f9a60 is pointing into the stack for thread: 0x000001c97defa670
R15=0x000001c97defa670 is a thread


Registers:
RAX=0x0000000000100000, RBX=0x000001c905047a58, RCX=0x000000a900000080, RDX=0x0000000010100001
RSP=0x000000a9a17f99d0, RBP=0x000000a9a17f9a28, RSI=0x000000a9a17f9e90, RDI=0x000001c97defa670
R8 =0x000000a9a17f9ea0, R9 =0x0000000000000001, R10=0x00007ffb7e200ca0, R11=0x000000a9a17f9c38
R12=0x0000000000000000, R13=0x000001c905047609, R14=0x000000a9a17f9a60, R15=0x000001c97defa670
RIP=0x000001c96097b169, EFLAGS=0x0000000000010206

Top of Stack: (sp=0x000000a9a17f99d0)
0x000000a9a17f99d0:   000001c960969612 000000a900000080
0x000000a9a17f99e0:   000000a9a17f99e0 000001c905047609
0x000000a9a17f99f0:   000000a9a17f9a60 000001c905048f60
0x000000a9a17f9a00:   0000000000000000 000000070757bfc0
0x000000a9a17f9a10:   000001c9050476f0 0000000000000000
0x000000a9a17f9a20:   000000a9a17f9a50 000000a9a17f9c30
0x000000a9a17f9a30:   000001c960961010 0000000000000000
0x000000a9a17f9a40:   0000000000000000 0000000000000000
0x000000a9a17f9a50:   00000007080ef558 000000a905026780
0x000000a9a17f9a60:   000000a900000080 0000000000000000
0x000000a9a17f9a70:   0000c31c050b0f00 000001c905026748
0x000000a9a17f9a80:   000001c905003f38 000000a905079ca0
0x000000a9a17f9a90:   000000000504b250 000000a9050c9308
0x000000a9a17f9aa0:   000000a9050ca758 00000000050c9340
0x000000a9a17f9ab0:   000000a90509baf0 00007ffb0504e130
0x000000a9a17f9ac0:   000001c90501f458 0000000805026780 

Instructions: (pc=0x000001c96097b169)
0x000001c96097b069:   b6 00 00 00 0f 84 b6 00 00 00 bb b6 00 00 00 e8
0x000001c96097b079:   05 00 00 00 e9 9b 00 00 00 48 8b d3 48 8d 44 24
0x000001c96097b089:   08 4c 89 6d c0 49 8b cf c5 f8 77 49 89 af a0 02
0x000001c96097b099:   00 00 49 89 87 90 02 00 00 48 83 ec 20 f7 c4 0f
0x000001c96097b0a9:   00 00 00 0f 84 1a 00 00 00 48 83 ec 08 49 ba 10
0x000001c96097b0b9:   4f 9f 7d fb 7f 00 00 41 ff d2 48 83 c4 08 e9 0d
0x000001c96097b0c9:   00 00 00 49 ba 10 4f 9f 7d fb 7f 00 00 41 ff d2
0x000001c96097b0d9:   48 83 c4 20 49 c7 87 90 02 00 00 00 00 00 00 49
0x000001c96097b0e9:   c7 87 a0 02 00 00 00 00 00 00 49 c7 87 98 02 00
0x000001c96097b0f9:   00 00 00 00 00 c5 f8 77 49 81 7f 08 00 00 00 00
0x000001c96097b109:   0f 84 05 00 00 00 e9 ec 5d fe ff 4c 8b 6d c0 4c
0x000001c96097b119:   8b 75 c8 c3 41 0f b7 55 01 48 8b 4d d0 c1 e2 02
0x000001c96097b129:   48 8b 5c d1 30 8b 54 d1 38 8b ca 81 e1 ff 00 00
0x000001c96097b139:   00 48 8b 4c cc f8 44 8b ea c1 ea 1c 49 ba a0 0c
0x000001c96097b149:   20 7e fb 7f 00 00 49 8b 14 d2 52 41 8b d5 4c 8b
0x000001c96097b159:   6d c0 8b c2 81 e0 00 00 10 00 0f 84 70 01 00 00
0x000001c96097b169:   48 3b 01 48 8b 45 d8 48 85 c0 0f 84 12 00 00 00
0x000001c96097b179:   48 83 40 08 01 48 83 58 08 00 48 83 c0 38 48 89
0x000001c96097b189:   45 d8 48 8b 45 d8 48 85 c0 0f 84 35 01 00 00 80
0x000001c96097b199:   78 c8 0b 0f 85 2b 01 00 00 48 83 c0 08 4c 8b 68
0x000001c96097b1a9:   f8 41 83 ed 00 41 83 fd 02 0f 8c 0a 01 00 00 4c
0x000001c96097b1b9:   8b 6b 08 45 0f b7 6d 2c 4c 2b 28 41 83 ed 01 4e
0x000001c96097b1c9:   8b 6c ec 08 4d 85 ed 75 07 48 83 48 08 01 eb 53
0x000001c96097b1d9:   45 8b 6d 08 49 ba 00 00 00 00 08 00 00 00 4d 03
0x000001c96097b1e9:   ea 4c 33 68 08 49 f7 c5 fc ff ff ff 74 35 49 f7
0x000001c96097b1f9:   c5 02 00 00 00 75 2c 48 81 78 08 00 00 00 00 74
0x000001c96097b209:   1e 48 81 78 08 01 00 00 00 74 14 4c 33 68 08 49
0x000001c96097b219:   f7 c5 fc ff ff ff 74 0b 48 83 48 08 02 eb 04 4c
0x000001c96097b229:   89 68 08 48 83 c0 10 4c 8b 68 e8 41 83 ed 02 41
0x000001c96097b239:   83 fd 02 0f 8c 80 00 00 00 4c 8b 6b 08 45 0f b7
0x000001c96097b249:   6d 2c 4c 2b 28 41 83 ed 01 4e 8b 6c ec 08 4d 85
0x000001c96097b259:   ed 75 07 48 83 48 08 01 eb 53 45 8b 6d 08 49 ba 


Stack slot to memory mapping:
stack at sp + 0 slots: 0x000001c960969612 is at code_begin+1394 in an Interpreter codelet
return entry points  [0x000001c9609690a0, 0x000001c960969ba0]  2816 bytes
stack at sp + 1 slots: 0x000000a900000080 is an unknown value
stack at sp + 2 slots: 0x000000a9a17f99e0 is pointing into the stack for thread: 0x000001c97defa670
stack at sp + 3 slots: 0x000001c905047609 is pointing into metadata
stack at sp + 4 slots: 0x000000a9a17f9a60 is pointing into the stack for thread: 0x000001c97defa670
stack at sp + 5 slots: 0x000001c905048f60 is pointing into metadata
stack at sp + 6 slots: 0x0 is NULL
stack at sp + 7 slots: 0x000000070757bfc0 is an oop: java.lang.Class 
{0x000000070757bfc0} - klass: 'java/lang/Class'
 - ---- fields (total size 14 words):
 - private volatile transient 'classRedefinedCount' 'I' @12  0
 - private volatile transient 'cachedConstructor' 'Ljava/lang/reflect/Constructor;' @40  NULL (0)
 - private transient 'name' 'Ljava/lang/String;' @44  "org.springframework.security.web.servletapi.HttpServlet3RequestFactory$Servlet3SecurityContextHolderAwareRequestWrapper"{0x000000070757d298} (e0eafa53)
 - private transient 'module' 'Ljava/lang/Module;' @48  a 'java/lang/Module'{0x0000000704fd9850} (e09fb30a)
 - private final 'classLoader' 'Ljava/lang/ClassLoader;' @52  a 'jdk/internal/loader/ClassLoaders$AppClassLoader'{0x0000000704fbdc00} (e09f7b80)
 - private transient 'classData' 'Ljava/lang/Object;' @56  NULL (0)
 - private transient 'packageName' 'Ljava/lang/String;' @60  "org.springframework.security.web.servletapi"{0x00000007061eedb0} (e0c3ddb6)
 - private final 'componentType' 'Ljava/lang/Class;' @64  NULL (0)
 - private volatile transient 'reflectionData' 'Ljava/lang/ref/SoftReference;' @68  NULL (0)
 - private volatile transient 'genericInfo' 'Lsun/reflect/generics/repository/ClassRepository;' @72  NULL (0)
 - private volatile transient 'enumConstants' '[Ljava/lang/Object;' @76  NULL (0)
 - private volatile transient 'enumConstantDirectory' 'Ljava/util/Map;' @80  NULL (0)
 - private volatile transient 'annotationData' 'Ljava/lang/Class$AnnotationData;' @84  NULL (0)
 - private volatile transient 'annotationType' 'Lsun/reflect/annotation/AnnotationType;' @88  NULL (0)
 - transient 'classValueMap' 'Ljava/lang/ClassValue$ClassValueMap;' @92  NULL (0)
 - signature: Lorg/springframework/security/web/servletapi/HttpServlet3RequestFactory$Servlet3SecurityContextHolderAwareRequestWrapper;
 - fake entry for mirror: 'org/springframework/security/web/servletapi/HttpServlet3RequestFactory$Servlet3SecurityContextHolderAwareRequestWrapper'
 - fake entry for array: NULL
 - fake entry for oop_size: 14
 - fake entry for static_oop_field_count: 0

invokevirtual  182 invokevirtual  [0x000001c96097b020, 0x000001c96097b500]  1248 bytes
[MachCode]
  0x000001c96097b020: 4883 ec08 | c5fa 1104 | 24eb 1f48 | 83ec 10c5 | fb11 0424 | eb14 4883 | ec10 4889 | 0424 48c7 
  0x000001c96097b040: 4424 0800 | 0000 00eb | 0150 4c89 | 6dc0 410f | b755 0148 | 8b4d d0c1 | e202 8b5c | d120 c1eb 
  0x000001c96097b060: 1881 e3ff | 0000 0081 | fbb6 0000 | 000f 84b6 | 0000 00bb | b600 0000 | e805 0000 | 00e9 9b00 
  0x000001c96097b080: 0000 488b | d348 8d44 | 2408 4c89 | 6dc0 498b | cfc5 f877 | 4989 afa0 | 0200 0049 | 8987 9002 
  0x000001c96097b0a0: 0000 4883 | ec20 f7c4 | 0f00 0000 | 0f84 1a00 | 0000 4883 | ec08 49ba | 104f 9f7d | fb7f 0000 
  0x000001c96097b0c0: 41ff d248 | 83c4 08e9 | 0d00 0000 | 49ba 104f | 9f7d fb7f | 0000 41ff | d248 83c4 | 2049 c787 
  0x000001c96097b0e0: 9002 0000 | 0000 0000 | 49c7 87a0 | 0200 0000 | 0000 0049 | c787 9802 | 0000 0000 | 0000 c5f8 
  0x000001c96097b100: 7749 817f | 0800 0000 | 000f 8405 | 0000 00e9 | ec5d feff | 4c8b 6dc0 | 4c8b 75c8 | c341 0fb7 
  0x000001c96097b120: 5501 488b | 4dd0 c1e2 | 0248 8b5c | d130 8b54 | d138 8bca | 81e1 ff00 | 0000 488b | 4ccc f844 
  0x000001c96097b140: 8bea c1ea | 1c49 baa0 | 0c20 7efb | 7f00 0049 | 8b14 d252 | 418b d54c | 8b6d c08b | c281 e000 
  0x000001c96097b160: 0010 000f | 8470 0100 | 0048 3b01 | 488b 45d8 | 4885 c00f | 8412 0000 | 0048 8340 | 0801 4883 
  0x000001c96097b180: 5808 0048 | 83c0 3848 | 8945 d848 | 8b45 d848 | 85c0 0f84 | 3501 0000 | 8078 c80b | 0f85 2b01 
  0x000001c96097b1a0: 0000 4883 | c008 4c8b | 68f8 4183 | ed00 4183 | fd02 0f8c | 0a01 0000 | 4c8b 6b08 | 450f b76d 
  0x000001c96097b1c0: 2c4c 2b28 | 4183 ed01 | 4e8b 6cec | 084d 85ed | 7507 4883 | 4808 01eb | 5345 8b6d | 0849 ba00 
  0x000001c96097b1e0: 0000 0008 | 0000 004d | 03ea 4c33 | 6808 49f7 | c5fc ffff | ff74 3549 | f7c5 0200 | 0000 752c 
  0x000001c96097b200: 4881 7808 | 0000 0000 | 741e 4881 | 7808 0100 | 0000 7414 | 4c33 6808 | 49f7 c5fc | ffff ff74 
  0x000001c96097b220: 0b48 8348 | 0802 eb04 | 4c89 6808 | 4883 c010 | 4c8b 68e8 | 4183 ed02 | 4183 fd02 | 0f8c 8000 
  0x000001c96097b240: 0000 4c8b | 6b08 450f | b76d 2c4c | 2b28 4183 | ed01 4e8b | 6cec 084d | 85ed 7507 | 4883 4808 
  0x000001c96097b260: 01eb 5345 | 8b6d 0849 | ba00 0000 | 0008 0000 | 004d 03ea | 4c33 6808 | 49f7 c5fc | ffff ff74 
  0x000001c96097b280: 3549 f7c5 | 0200 0000 | 752c 4881 | 7808 0000 | 0000 741e | 4881 7808 | 0100 0000 | 7414 4c33 
  0x000001c96097b2a0: 6808 49f7 | c5fc ffff | ff74 0b48 | 8348 0802 | eb04 4c89 | 6808 4883 | c010 4c8b | 68d8 4183 
  0x000001c96097b2c0: ed04 41c1 | e503 4903 | c548 8945 | d84c 8d6c | 2408 4c89 | 6df0 ff63 | 508b 4108 | 49ba 0000 
  0x000001c96097b2e0: 0000 0800 | 0000 4903 | c24c 8b75 | d84d 85f6 | 0f84 9500 | 0000 498b | 5618 483b | d00f 850f 
  0x000001c96097b300: 0000 0049 | 8346 2001 | 4983 5e20 | 00e9 7100 | 0000 4885 | d20f 8442 | 0000 0049 | 8b56 2848 
  0x000001c96097b320: 3bd0 0f85 | 0f00 0000 | 4983 4630 | 0149 835e | 3000 e94c | 0000 0048 | 85d2 740f | 4983 4608 
  0x000001c96097b340: 0149 835e | 0800 e938 | 0000 0049 | 8946 28ba | 0100 0000 | 4989 5630 | e926 0000 | 0049 3b46 
  0x000001c96097b360: 280f 850f | 0000 0049 | 8346 3001 | 4983 5e30 | 00e9 0d00 | 0000 4989 | 4618 ba01 | 0000 0049 
  0x000001c96097b380: 8956 2049 | 83c6 384c | 8975 d848 | 8b9c d8c8 | 0100 0048 | 8b55 d848 | 85d2 0f84 | 3501 0000 
  0x000001c96097b3a0: 807a c80b | 0f85 2b01 | 0000 4883 | c208 4c8b | 6af8 4183 | ed00 4183 | fd02 0f8c | 0a01 0000 
  0x000001c96097b3c0: 4c8b 6b08 | 450f b76d | 2c4c 2b2a | 4183 ed01 | 4e8b 6cec | 084d 85ed | 7507 4883 | 4a08 01eb 
  0x000001c96097b3e0: 5345 8b6d | 0849 ba00 | 0000 0008 | 0000 004d | 03ea 4c33 | 6a08 49f7 | c5fc ffff | ff74 3549 
  0x000001c96097b400: f7c5 0200 | 0000 752c | 4881 7a08 | 0000 0000 | 741e 4881 | 7a08 0100 | 0000 7414 | 4c33 6a08 
  0x000001c96097b420: 49f7 c5fc | ffff ff74 | 0b48 834a | 0802 eb04 | 4c89 6a08 | 4883 c210 | 4c8b 6ae8 | 4183 ed02 
  0x000001c96097b440: 4183 fd02 | 0f8c 8000 | 0000 4c8b | 6b08 450f | b76d 2c4c | 2b2a 4183 | ed01 4e8b | 6cec 084d 
  0x000001c96097b460: 85ed 7507 | 4883 4a08 | 01eb 5345 | 8b6d 0849 | ba00 0000 | 0008 0000 | 004d 03ea | 4c33 6a08 
  0x000001c96097b480: 49f7 c5fc | ffff ff74 | 3549 f7c5 | 0200 0000 | 752c 4881 | 7a08 0000 | 0000 741e | 4881 7a08 
  0x000001c96097b4a0: 0100 0000 | 7414 4c33 | 6a08 49f7 | c5fc ffff | ff74 0b48 | 834a 0802 | eb04 4c89 | 6a08 4883 
  0x000001c96097b4c0: c210 4c8b | 6ad8 4183 | ed04 41c1 | e503 4903 | d548 8955 | d84c 8d6c | 2408 4c89 | 6df0 ff63 
  0x000001c96097b4e0: 500f 1f80 | 0000 0000 | 0000 0000 | 0000 0000 | 0000 0000 | 0000 0000 | 0000 0000 | 0000 0000 
[/MachCode]

---------------  P R O C E S S  ---------------

Threads class SMR info:
_java_thread_list=0x000001c900750180, length=30, elements={
0x000001c97806fad0, 0x000001c978071fb0, 0x000001c9780b1010, 0x000001c9780b18e0,
0x000001c9780bc3b0, 0x000001c9780c0360, 0x000001c9780cf3c0, 0x000001c9780d04b0,
0x000001c97813f500, 0x000001c978273960, 0x000001c97829bb10, 0x000001c97cfc77f0,
0x000001c97a739000, 0x000001c97a7394e0, 0x000001c978da3290, 0x000001c978da2360,
0x000001c97def5a80, 0x000001c97def78e0, 0x000001c97def9230, 0x000001c97defbfc0,
0x000001c97def8d20, 0x000001c97def9740, 0x000001c97defa670, 0x000001c97def5f90,
0x000001c97def5060, 0x000001c97def64a0, 0x000001c97def73d0, 0x000001c97def6ec0,
0x000001c97def7df0, 0x000001c97ab97010
}

Java Threads: ( => current thread )
  0x000001c97806fad0 JavaThread "Reference Handler" daemon [_thread_blocked, id=13536, stack(0x000000a99f800000,0x000000a99f900000)]
  0x000001c978071fb0 JavaThread "Finalizer" daemon [_thread_blocked, id=488, stack(0x000000a99f900000,0x000000a99fa00000)]
  0x000001c9780b1010 JavaThread "Signal Dispatcher" daemon [_thread_blocked, id=13244, stack(0x000000a99fa00000,0x000000a99fb00000)]
  0x000001c9780b18e0 JavaThread "Attach Listener" daemon [_thread_blocked, id=17944, stack(0x000000a99fb00000,0x000000a99fc00000)]
  0x000001c9780bc3b0 JavaThread "Service Thread" daemon [_thread_blocked, id=4948, stack(0x000000a99fc00000,0x000000a99fd00000)]
  0x000001c9780c0360 JavaThread "Monitor Deflation Thread" daemon [_thread_blocked, id=17056, stack(0x000000a99fd00000,0x000000a99fe00000)]
  0x000001c9780cf3c0 JavaThread "C2 CompilerThread0" daemon [_thread_blocked, id=3620, stack(0x000000a99fe00000,0x000000a99ff00000)]
  0x000001c9780d04b0 JavaThread "C1 CompilerThread0" daemon [_thread_blocked, id=7800, stack(0x000000a99ff00000,0x000000a9a0000000)]
  0x000001c97813f500 JavaThread "Sweeper thread" daemon [_thread_blocked, id=11268, stack(0x000000a9a0000000,0x000000a9a0100000)]
  0x000001c978273960 JavaThread "Notification Thread" daemon [_thread_blocked, id=15716, stack(0x000000a9a0100000,0x000000a9a0200000)]
  0x000001c97829bb10 JavaThread "Common-Cleaner" daemon [_thread_blocked, id=14388, stack(0x000000a9a0300000,0x000000a9a0400000)]
  0x000001c97cfc77f0 JavaThread "Catalina-utility-1" [_thread_blocked, id=7984, stack(0x000000a9a0800000,0x000000a9a0900000)]
  0x000001c97a739000 JavaThread "Catalina-utility-2" [_thread_blocked, id=2104, stack(0x000000a9a0900000,0x000000a9a0a00000)]
  0x000001c97a7394e0 JavaThread "container-0" [_thread_blocked, id=7228, stack(0x000000a9a0a00000,0x000000a9a0b00000)]
  0x000001c978da3290 JavaThread "mssql-jdbc-shared-timer-core-0" daemon [_thread_blocked, id=11560, stack(0x000000a9a0e00000,0x000000a9a0f00000)]
  0x000001c978da2360 JavaThread "HikariPool-1 housekeeper" daemon [_thread_blocked, id=896, stack(0x000000a9a0f00000,0x000000a9a1000000)]
  0x000001c97def5a80 JavaThread "http-nio-8080-exec-1" daemon [_thread_blocked, id=10924, stack(0x000000a9a1100000,0x000000a9a1200000)]
  0x000001c97def78e0 JavaThread "http-nio-8080-exec-2" daemon [_thread_blocked, id=16528, stack(0x000000a9a1200000,0x000000a9a1300000)]
  0x000001c97def9230 JavaThread "http-nio-8080-exec-3" daemon [_thread_blocked, id=16424, stack(0x000000a9a1300000,0x000000a9a1400000)]
  0x000001c97defbfc0 JavaThread "http-nio-8080-exec-4" daemon [_thread_blocked, id=11500, stack(0x000000a9a1400000,0x000000a9a1500000)]
  0x000001c97def8d20 JavaThread "http-nio-8080-exec-5" daemon [_thread_blocked, id=11332, stack(0x000000a9a1500000,0x000000a9a1600000)]
  0x000001c97def9740 JavaThread "http-nio-8080-exec-6" daemon [_thread_blocked, id=8156, stack(0x000000a9a1600000,0x000000a9a1700000)]
=>0x000001c97defa670 JavaThread "http-nio-8080-exec-7" daemon [_thread_in_Java, id=13824, stack(0x000000a9a1700000,0x000000a9a1800000)]
  0x000001c97def5f90 JavaThread "http-nio-8080-exec-8" daemon [_thread_blocked, id=18328, stack(0x000000a9a1800000,0x000000a9a1900000)]
  0x000001c97def5060 JavaThread "http-nio-8080-exec-9" daemon [_thread_blocked, id=17792, stack(0x000000a9a1900000,0x000000a9a1a00000)]
  0x000001c97def64a0 JavaThread "http-nio-8080-exec-10" daemon [_thread_blocked, id=12720, stack(0x000000a9a1a00000,0x000000a9a1b00000)]
  0x000001c97def73d0 JavaThread "http-nio-8080-Poller" daemon [_thread_in_native, id=4344, stack(0x000000a9a1b00000,0x000000a9a1c00000)]
  0x000001c97def6ec0 JavaThread "http-nio-8080-Acceptor" daemon [_thread_in_native, id=17872, stack(0x000000a9a1c00000,0x000000a9a1d00000)]
  0x000001c97def7df0 JavaThread "DestroyJavaVM" [_thread_blocked, id=11960, stack(0x000000a99f100000,0x000000a99f200000)]
  0x000001c97ab97010 JavaThread "C2 CompilerThread1" daemon [_thread_blocked, id=7692, stack(0x000000a9a0400000,0x000000a9a0500000)]

Other Threads:
  0x000001c97806a640 VMThread "VM Thread" [stack: 0x000000a99f700000,0x000000a99f800000] [id=5456]
  0x000001c97198cbb0 WatcherThread [stack: 0x000000a9a0200000,0x000000a9a0300000] [id=10752]
  0x000001c955e2e330 GCTaskThread "GC Thread#0" [stack: 0x000000a99f200000,0x000000a99f300000] [id=16740]
  0x000001c9782b1d50 GCTaskThread "GC Thread#1" [stack: 0x000000a9a0500000,0x000000a9a0600000] [id=9476]
  0x000001c9782b2010 GCTaskThread "GC Thread#2" [stack: 0x000000a9a0600000,0x000000a9a0700000] [id=484]
  0x000001c9782b22d0 GCTaskThread "GC Thread#3" [stack: 0x000000a9a0700000,0x000000a9a0800000] [id=2780]
  0x000001c971980e30 ConcurrentGCThread "G1 Main Marker" [stack: 0x000000a99f300000,0x000000a99f400000] [id=9500]
  0x000001c971985c10 ConcurrentGCThread "G1 Conc#0" [stack: 0x000000a99f400000,0x000000a99f500000] [id=6896]
  0x000001c971a2c0a0 ConcurrentGCThread "G1 Refine#0" [stack: 0x000000a99f500000,0x000000a99f600000] [id=13684]
  0x000001c97858e2e0 ConcurrentGCThread "G1 Refine#1" [stack: 0x000000a9a0b00000,0x000000a9a0c00000] [id=1376]
  0x000001c97a7e43c0 ConcurrentGCThread "G1 Refine#2" [stack: 0x000000a9a0c00000,0x000000a9a0d00000] [id=9144]
  0x000001c971a2d3a0 ConcurrentGCThread "G1 Service" [stack: 0x000000a99f600000,0x000000a99f700000] [id=18388]

Threads with active compile tasks:

VM state: not at safepoint (normal execution)

VM Mutex/Monitor currently owned by a thread: None

Heap address: 0x0000000704c00000, size: 4020 MB, Compressed Oops mode: Zero based, Oop shift amount: 3

CDS archive(s) not mapped
Compressed class space mapped at: 0x0000000800000000-0x0000000840000000, reserved size: 1073741824
Narrow klass base: 0x0000000800000000, Narrow klass shift: 0, Narrow klass range: 0x40000000

GC Precious Log:
 CPUs: 4 total, 4 available
 Memory: 16079M
 Large Page Support: Disabled
 NUMA Support: Disabled
 Compressed Oops: Enabled (Zero based)
 Heap Region Size: 2M
 Heap Min Capacity: 8M
 Heap Initial Capacity: 252M
 Heap Max Capacity: 4020M
 Pre-touch: Disabled
 Parallel Workers: 4
 Concurrent Workers: 1
 Concurrent Refinement Workers: 4
 Periodic GC: Disabled

Heap:
 garbage-first heap   total 69632K, used 46236K [0x0000000704c00000, 0x0000000800000000)
  region size 2048K, 10 young (20480K), 2 survivors (4096K)
 Metaspace       used 86149K, committed 86720K, reserved 1179648K
  class space    used 10696K, committed 10944K, reserved 1048576K

Heap Regions: E=young(eden), S=young(survivor), O=old, HS=humongous(starts), HC=humongous(continues), CS=collection set, F=free, OA=open archive, CA=closed archive, TAMS=top-at-mark-start (previous, next)
|   0|0x0000000704c00000, 0x0000000704e00000, 0x0000000704e00000|100%| O|  |TAMS 0x0000000704e00000, 0x0000000704c00000| Untracked 
|   1|0x0000000704e00000, 0x0000000705000000, 0x0000000705000000|100%| O|  |TAMS 0x0000000705000000, 0x0000000704e00000| Untracked 
|   2|0x0000000705000000, 0x00000007051cd800, 0x0000000705200000| 90%| O|  |TAMS 0x00000007051cd800, 0x0000000705000000| Untracked 
|   3|0x0000000705200000, 0x0000000705400000, 0x0000000705400000|100%| O|  |TAMS 0x0000000705400000, 0x0000000705200000| Untracked 
|   4|0x0000000705400000, 0x0000000705600000, 0x0000000705600000|100%| O|  |TAMS 0x0000000705600000, 0x0000000705400000| Untracked 
|   5|0x0000000705600000, 0x0000000705800000, 0x0000000705800000|100%| O|  |TAMS 0x0000000705800000, 0x0000000705600000| Untracked 
|   6|0x0000000705800000, 0x0000000705a00000, 0x0000000705a00000|100%| O|  |TAMS 0x0000000705a00000, 0x0000000705800000| Untracked 
|   7|0x0000000705a00000, 0x0000000705c00000, 0x0000000705c00000|100%| O|  |TAMS 0x0000000705c00000, 0x0000000705a00000| Untracked 
|   8|0x0000000705c00000, 0x0000000705e00000, 0x0000000705e00000|100%| O|  |TAMS 0x0000000705c00000, 0x0000000705c00000| Untracked 
|   9|0x0000000705e00000, 0x0000000706000000, 0x0000000706000000|100%| O|  |TAMS 0x0000000706000000, 0x0000000705e00000| Untracked 
|  10|0x0000000706000000, 0x0000000706200000, 0x0000000706200000|100%| O|  |TAMS 0x0000000706000000, 0x0000000706000000| Untracked 
|  11|0x0000000706200000, 0x0000000706400000, 0x0000000706400000|100%| O|  |TAMS 0x0000000706200000, 0x0000000706200000| Untracked 
|  12|0x0000000706400000, 0x0000000706600000, 0x0000000706600000|100%| O|  |TAMS 0x0000000706400000, 0x0000000706400000| Untracked 
|  13|0x0000000706600000, 0x0000000706800000, 0x0000000706800000|100%| O|  |TAMS 0x0000000706600000, 0x0000000706600000| Untracked 
|  14|0x0000000706800000, 0x00000007069e1a00, 0x0000000706a00000| 94%| O|  |TAMS 0x0000000706800000, 0x0000000706800000| Untracked 
|  15|0x0000000706a00000, 0x0000000706a00000, 0x0000000706c00000|  0%| F|  |TAMS 0x0000000706a00000, 0x0000000706a00000| Untracked 
|  16|0x0000000706c00000, 0x0000000706c00000, 0x0000000706e00000|  0%| F|  |TAMS 0x0000000706c00000, 0x0000000706c00000| Untracked 
|  17|0x0000000706e00000, 0x0000000706e00000, 0x0000000707000000|  0%| F|  |TAMS 0x0000000706e00000, 0x0000000706e00000| Untracked 
|  18|0x0000000707000000, 0x0000000707000000, 0x0000000707200000|  0%| F|  |TAMS 0x0000000707000000, 0x0000000707000000| Untracked 
|  19|0x0000000707200000, 0x0000000707378080, 0x0000000707400000| 73%| S|CS|TAMS 0x0000000707200000, 0x0000000707200000| Complete 
|  20|0x0000000707400000, 0x0000000707600000, 0x0000000707600000|100%| S|CS|TAMS 0x0000000707400000, 0x0000000707400000| Complete 
|  21|0x0000000707600000, 0x0000000707600000, 0x0000000707800000|  0%| F|  |TAMS 0x0000000707600000, 0x0000000707600000| Untracked 
|  22|0x0000000707800000, 0x0000000707800000, 0x0000000707a00000|  0%| F|  |TAMS 0x0000000707800000, 0x0000000707800000| Untracked 
|  23|0x0000000707a00000, 0x0000000707a00000, 0x0000000707c00000|  0%| F|  |TAMS 0x0000000707a00000, 0x0000000707a00000| Untracked 
|  24|0x0000000707c00000, 0x0000000707c00000, 0x0000000707e00000|  0%| F|  |TAMS 0x0000000707c00000, 0x0000000707c00000| Untracked 
|  25|0x0000000707e00000, 0x0000000707e00000, 0x0000000708000000|  0%| F|  |TAMS 0x0000000707e00000, 0x0000000707e00000| Untracked 
|  26|0x0000000708000000, 0x00000007080fcae0, 0x0000000708200000| 49%| E|  |TAMS 0x0000000708000000, 0x0000000708000000| Complete 
|  27|0x0000000708200000, 0x0000000708400000, 0x0000000708400000|100%| E|CS|TAMS 0x0000000708200000, 0x0000000708200000| Complete 
|  28|0x0000000708400000, 0x0000000708600000, 0x0000000708600000|100%| E|CS|TAMS 0x0000000708400000, 0x0000000708400000| Complete 
|  29|0x0000000708600000, 0x0000000708800000, 0x0000000708800000|100%| E|  |TAMS 0x0000000708600000, 0x0000000708600000| Complete 
|  49|0x000000070ae00000, 0x000000070b000000, 0x000000070b000000|100%| E|CS|TAMS 0x000000070ae00000, 0x000000070ae00000| Complete 
|  50|0x000000070b000000, 0x000000070b200000, 0x000000070b200000|100%| E|CS|TAMS 0x000000070b000000, 0x000000070b000000| Complete 
|  51|0x000000070b200000, 0x000000070b400000, 0x000000070b400000|100%| E|CS|TAMS 0x000000070b200000, 0x000000070b200000| Complete 
| 125|0x0000000714600000, 0x0000000714800000, 0x0000000714800000|100%| E|CS|TAMS 0x0000000714600000, 0x0000000714600000| Complete 

Card table byte_map: [0x000001c968c10000,0x000001c9693f0000] _byte_map_base: 0x000001c9653ea000

Marking Bits (Prev, Next): (CMBitMap*) 0x000001c9719700d0, (CMBitMap*) 0x000001c971970090
 Prev Bits: [0x000001c96daa0000, 0x000001c971970000)
 Next Bits: [0x000001c969bd0000, 0x000001c96daa0000)

Polling page: 0x000001c953580000

Metaspace:

Usage:
  Non-class:     73.69 MB used.
      Class:     10.45 MB used.
       Both:     84.13 MB used.

Virtual space:
  Non-class space:      128.00 MB reserved,      74.00 MB ( 58%) committed,  2 nodes.
      Class space:        1.00 GB reserved,      10.69 MB (  1%) committed,  1 nodes.
             Both:        1.12 GB reserved,      84.69 MB (  7%) committed. 

Chunk freelists:
   Non-Class:  5.97 MB
       Class:  5.33 MB
        Both:  11.30 MB

MaxMetaspaceSize: unlimited
CompressedClassSpaceSize: 1.00 GB
Initial GC threshold: 21.00 MB
Current GC threshold: 98.69 MB
CDS: off
MetaspaceReclaimPolicy: balanced
 - commit_granule_bytes: 65536.
 - commit_granule_words: 8192.
 - virtual_space_node_default_size: 8388608.
 - enlarge_chunks_in_place: 1.
 - new_chunks_are_fully_committed: 0.
 - uncommit_free_chunks: 1.
 - use_allocation_guard: 0.
 - handle_deallocations: 1.


Internal statistics:

num_allocs_failed_limit: 9.
num_arena_births: 808.
num_arena_deaths: 0.
num_vsnodes_births: 3.
num_vsnodes_deaths: 0.
num_space_committed: 1355.
num_space_uncommitted: 0.
num_chunks_returned_to_freelist: 9.
num_chunks_taken_from_freelist: 3438.
num_chunk_merges: 6.
num_chunk_splits: 2503.
num_chunks_enlarged: 1993.
num_inconsistent_stats: 0.

CodeHeap 'non-profiled nmethods': size=120000Kb used=4364Kb max_used=4364Kb free=115635Kb
 bounds [0x000001c960f00000, 0x000001c961350000, 0x000001c968430000]
CodeHeap 'profiled nmethods': size=120000Kb used=12377Kb max_used=12377Kb free=107622Kb
 bounds [0x000001c959430000, 0x000001c95a050000, 0x000001c960960000]
CodeHeap 'non-nmethods': size=5760Kb used=1397Kb max_used=1474Kb free=4363Kb
 bounds [0x000001c960960000, 0x000001c960bd0000, 0x000001c960f00000]
 total_blobs=6694 nmethods=5957 adapters=649
 compilation: enabled
              stopped_count=0, restarted_count=0
 full_count=0

Compilation events (20 events):
Event: 23.198 Thread 0x000001c97ab97010 6734       4       org.springframework.core.SerializableTypeWrapper::unwrap (36 bytes)
Event: 23.198 Thread 0x000001c9780d04b0 6735       3       org.apache.catalina.connector.ResponseFacade::checkFacade (24 bytes)
Event: 23.198 Thread 0x000001c9780d04b0 nmethod 6735 0x000001c95a03eb90 code [0x000001c95a03ed40, 0x000001c95a03efb8]
Event: 23.198 Thread 0x000001c9780d04b0 6737       3       java.lang.ThreadLocal$ThreadLocalMap::remove (68 bytes)
Event: 23.198 Thread 0x000001c9780cf3c0 6738       4       java.nio.Buffer::position (52 bytes)
Event: 23.199 Thread 0x000001c9780d04b0 nmethod 6737 0x000001c95a03f090 code [0x000001c95a03f280, 0x000001c95a03f868]
Event: 23.199 Thread 0x000001c9780d04b0 6736       3       org.apache.catalina.connector.Request::getContext (8 bytes)
Event: 23.199 Thread 0x000001c9780d04b0 nmethod 6736 0x000001c95a03fb10 code [0x000001c95a03fca0, 0x000001c95a03fdb8]
Event: 23.199 Thread 0x000001c9780cf3c0 nmethod 6738 0x000001c961340e90 code [0x000001c961341000, 0x000001c9613410d8]
Event: 23.200 Thread 0x000001c97ab97010 nmethod 6734 0x000001c961341190 code [0x000001c961341340, 0x000001c961341498]
Event: 23.202 Thread 0x000001c9780d04b0 6739       1       org.apache.tomcat.util.net.SocketWrapperBase::getSocket (5 bytes)
Event: 23.202 Thread 0x000001c9780d04b0 nmethod 6739 0x000001c961341690 code [0x000001c961341820, 0x000001c9613418f8]
Event: 23.203 Thread 0x000001c9780d04b0 6740       3       org.apache.coyote.http11.Http11InputBuffer::parseHeader (1001 bytes)
Event: 23.204 Thread 0x000001c9780cf3c0 6746       4       java.util.regex.Pattern$CharPredicate$$Lambda$1185/0x000000080061fa58::is (15 bytes)
Event: 23.205 Thread 0x000001c9780d04b0 nmethod 6740 0x000001c95a03fe90 code [0x000001c95a040420, 0x000001c95a043318]
Event: 23.205 Thread 0x000001c9780d04b0 6743       3       org.apache.tomcat.util.buf.ByteChunk::equalsIgnoreCase (76 bytes)
Event: 23.206 Thread 0x000001c9780d04b0 nmethod 6743 0x000001c95a043f90 code [0x000001c95a0441e0, 0x000001c95a044c18]
Event: 23.206 Thread 0x000001c9780d04b0 6744       3       java.util.regex.CharPredicates$$Lambda$1245/0x0000000800621c80::is (5 bytes)
Event: 23.207 Thread 0x000001c9780d04b0 nmethod 6744 0x000001c95a045110 code [0x000001c95a0452e0, 0x000001c95a0455f8]
Event: 23.207 Thread 0x000001c9780d04b0 6745       3       java.util.regex.CharPredicates$$Lambda$1246/0x0000000800621ed8::is (5 bytes)

GC Heap History (20 events):
Event: 7.520 GC heap before
{Heap before GC invocations=13 (full 0):
 garbage-first heap   total 69632K, used 48364K [0x0000000704c00000, 0x0000000800000000)
  region size 2048K, 15 young (30720K), 1 survivors (2048K)
 Metaspace       used 50946K, committed 51456K, reserved 1114112K
  class space    used 6113K, committed 6336K, reserved 1048576K
}
Event: 7.524 GC heap after
{Heap after GC invocations=14 (full 0):
 garbage-first heap   total 69632K, used 20979K [0x0000000704c00000, 0x0000000800000000)
  region size 2048K, 1 young (2048K), 1 survivors (2048K)
 Metaspace       used 50946K, committed 51456K, reserved 1114112K
  class space    used 6113K, committed 6336K, reserved 1048576K
}
Event: 8.550 GC heap before
{Heap before GC invocations=14 (full 0):
 garbage-first heap   total 69632K, used 49651K [0x0000000704c00000, 0x0000000800000000)
  region size 2048K, 15 young (30720K), 1 survivors (2048K)
 Metaspace       used 57008K, committed 57472K, reserved 1114112K
  class space    used 6882K, committed 7104K, reserved 1048576K
}
Event: 8.555 GC heap after
{Heap after GC invocations=15 (full 0):
 garbage-first heap   total 69632K, used 22988K [0x0000000704c00000, 0x0000000800000000)
  region size 2048K, 2 young (4096K), 2 survivors (4096K)
 Metaspace       used 57008K, committed 57472K, reserved 1114112K
  class space    used 6882K, committed 7104K, reserved 1048576K
}
Event: 8.764 GC heap before
{Heap before GC invocations=15 (full 0):
 garbage-first heap   total 69632K, used 27084K [0x0000000704c00000, 0x0000000800000000)
  region size 2048K, 6 young (12288K), 2 survivors (4096K)
 Metaspace       used 59853K, committed 60288K, reserved 1114112K
  class space    used 7333K, committed 7552K, reserved 1048576K
}
Event: 8.770 GC heap after
{Heap after GC invocations=16 (full 0):
 garbage-first heap   total 69632K, used 23553K [0x0000000704c00000, 0x0000000800000000)
  region size 2048K, 2 young (4096K), 2 survivors (4096K)
 Metaspace       used 59853K, committed 60288K, reserved 1114112K
  class space    used 7333K, committed 7552K, reserved 1048576K
}
Event: 9.614 GC heap before
{Heap before GC invocations=17 (full 0):
 garbage-first heap   total 69632K, used 48129K [0x0000000704c00000, 0x0000000800000000)
  region size 2048K, 14 young (28672K), 2 survivors (4096K)
 Metaspace       used 64371K, committed 64896K, reserved 1114112K
  class space    used 8178K, committed 8384K, reserved 1048576K
}
Event: 9.618 GC heap after
{Heap after GC invocations=18 (full 0):
 garbage-first heap   total 69632K, used 24540K [0x0000000704c00000, 0x0000000800000000)
  region size 2048K, 1 young (2048K), 1 survivors (2048K)
 Metaspace       used 64371K, committed 64896K, reserved 1114112K
  class space    used 8178K, committed 8384K, reserved 1048576K
}
Event: 9.668 GC heap before
{Heap before GC invocations=18 (full 0):
 garbage-first heap   total 69632K, used 24540K [0x0000000704c00000, 0x0000000800000000)
  region size 2048K, 2 young (4096K), 1 survivors (2048K)
 Metaspace       used 64738K, committed 65216K, reserved 1114112K
  class space    used 8243K, committed 8448K, reserved 1048576K
}
Event: 9.674 GC heap after
{Heap after GC invocations=19 (full 0):
 garbage-first heap   total 69632K, used 24491K [0x0000000704c00000, 0x0000000800000000)
  region size 2048K, 1 young (2048K), 1 survivors (2048K)
 Metaspace       used 64738K, committed 65216K, reserved 1114112K
  class space    used 8243K, committed 8448K, reserved 1048576K
}
Event: 11.276 GC heap before
{Heap before GC invocations=19 (full 0):
 garbage-first heap   total 69632K, used 49067K [0x0000000704c00000, 0x0000000800000000)
  region size 2048K, 14 young (28672K), 1 survivors (2048K)
 Metaspace       used 69173K, committed 69696K, reserved 1114112K
  class space    used 8788K, committed 9088K, reserved 1048576K
}
Event: 11.283 GC heap after
{Heap after GC invocations=20 (full 0):
 garbage-first heap   total 69632K, used 26260K [0x0000000704c00000, 0x0000000800000000)
  region size 2048K, 2 young (4096K), 2 survivors (4096K)
 Metaspace       used 69173K, committed 69696K, reserved 1114112K
  class space    used 8788K, committed 9088K, reserved 1048576K
}
Event: 12.432 GC heap before
{Heap before GC invocations=20 (full 0):
 garbage-first heap   total 69632K, used 50836K [0x0000000704c00000, 0x0000000800000000)
  region size 2048K, 14 young (28672K), 2 survivors (4096K)
 Metaspace       used 71823K, committed 72448K, reserved 1114112K
  class space    used 9174K, committed 9472K, reserved 1048576K
}
Event: 12.441 GC heap after
{Heap after GC invocations=21 (full 0):
 garbage-first heap   total 69632K, used 28298K [0x0000000704c00000, 0x0000000800000000)
  region size 2048K, 2 young (4096K), 2 survivors (4096K)
 Metaspace       used 71823K, committed 72448K, reserved 1114112K
  class space    used 9174K, committed 9472K, reserved 1048576K
}
Event: 13.377 GC heap before
{Heap before GC invocations=21 (full 0):
 garbage-first heap   total 69632K, used 52874K [0x0000000704c00000, 0x0000000800000000)
  region size 2048K, 14 young (28672K), 2 survivors (4096K)
 Metaspace       used 74835K, committed 75328K, reserved 1179648K
  class space    used 9558K, committed 9792K, reserved 1048576K
}
Event: 13.388 GC heap after
{Heap after GC invocations=22 (full 0):
 garbage-first heap   total 69632K, used 30349K [0x0000000704c00000, 0x0000000800000000)
  region size 2048K, 2 young (4096K), 2 survivors (4096K)
 Metaspace       used 74835K, committed 75328K, reserved 1179648K
  class space    used 9558K, committed 9792K, reserved 1048576K
}
Event: 14.432 GC heap before
{Heap before GC invocations=22 (full 0):
 garbage-first heap   total 69632K, used 50829K [0x0000000704c00000, 0x0000000800000000)
  region size 2048K, 13 young (26624K), 2 survivors (4096K)
 Metaspace       used 78622K, committed 79168K, reserved 1179648K
  class space    used 9891K, committed 10176K, reserved 1048576K
}
Event: 14.444 GC heap after
{Heap after GC invocations=23 (full 0):
 garbage-first heap   total 69632K, used 32310K [0x0000000704c00000, 0x0000000800000000)
  region size 2048K, 2 young (4096K), 2 survivors (4096K)
 Metaspace       used 78622K, committed 79168K, reserved 1179648K
  class space    used 9891K, committed 10176K, reserved 1048576K
}
Event: 15.197 GC heap before
{Heap before GC invocations=23 (full 0):
 garbage-first heap   total 69632K, used 52790K [0x0000000704c00000, 0x0000000800000000)
  region size 2048K, 13 young (26624K), 2 survivors (4096K)
 Metaspace       used 83063K, committed 83648K, reserved 1179648K
  class space    used 10270K, committed 10560K, reserved 1048576K
}
Event: 15.203 GC heap after
{Heap after GC invocations=24 (full 0):
 garbage-first heap   total 69632K, used 33948K [0x0000000704c00000, 0x0000000800000000)
  region size 2048K, 2 young (4096K), 2 survivors (4096K)
 Metaspace       used 83063K, committed 83648K, reserved 1179648K
  class space    used 10270K, committed 10560K, reserved 1048576K
}

Dll operation events (9 events):
Event: 0.019 Loaded shared library C:\Users\JPiccione\.p2\pool\plugins\org.eclipse.justj.openjdk.hotspot.jre.full.win32.x86_64_17.0.8.v20230831-1047\jre\bin\java.dll
Event: 0.270 Loaded shared library C:\Users\JPiccione\.p2\pool\plugins\org.eclipse.justj.openjdk.hotspot.jre.full.win32.x86_64_17.0.8.v20230831-1047\jre\bin\jimage.dll
Event: 0.288 Loaded shared library C:\Users\JPiccione\.p2\pool\plugins\org.eclipse.justj.openjdk.hotspot.jre.full.win32.x86_64_17.0.8.v20230831-1047\jre\bin\net.dll
Event: 0.290 Loaded shared library C:\Users\JPiccione\.p2\pool\plugins\org.eclipse.justj.openjdk.hotspot.jre.full.win32.x86_64_17.0.8.v20230831-1047\jre\bin\nio.dll
Event: 0.296 Loaded shared library C:\Users\JPiccione\.p2\pool\plugins\org.eclipse.justj.openjdk.hotspot.jre.full.win32.x86_64_17.0.8.v20230831-1047\jre\bin\zip.dll
Event: 5.256 Loaded shared library C:\Users\JPiccione\.p2\pool\plugins\org.eclipse.justj.openjdk.hotspot.jre.full.win32.x86_64_17.0.8.v20230831-1047\jre\bin\sunmscapi.dll
Event: 5.267 Loaded shared library C:\Users\JPiccione\.p2\pool\plugins\org.eclipse.justj.openjdk.hotspot.jre.full.win32.x86_64_17.0.8.v20230831-1047\jre\bin\management.dll
Event: 5.271 Loaded shared library C:\Users\JPiccione\.p2\pool\plugins\org.eclipse.justj.openjdk.hotspot.jre.full.win32.x86_64_17.0.8.v20230831-1047\jre\bin\management_ext.dll
Event: 6.765 Loaded shared library C:\Users\JPiccione\.p2\pool\plugins\org.eclipse.justj.openjdk.hotspot.jre.full.win32.x86_64_17.0.8.v20230831-1047\jre\bin\verify.dll

Deoptimization events (20 events):
Event: 22.703 Thread 0x000001c97def9740 DEOPT PACKING pc=0x000001c95a035d92 sp=0x000000a9a16fcd10
Event: 22.703 Thread 0x000001c97def9740 DEOPT UNPACKING pc=0x000001c9609b7143 sp=0x000000a9a16fc1f0 mode 0
Event: 22.703 Thread 0x000001c97def9740 DEOPT PACKING pc=0x000001c95a035d92 sp=0x000000a9a16fcd10
Event: 22.703 Thread 0x000001c97def9740 DEOPT UNPACKING pc=0x000001c9609b7143 sp=0x000000a9a16fc1f0 mode 0
Event: 22.705 Thread 0x000001c97def9740 DEOPT PACKING pc=0x000001c95a035d92 sp=0x000000a9a16fcd10
Event: 22.705 Thread 0x000001c97def9740 DEOPT UNPACKING pc=0x000001c9609b7143 sp=0x000000a9a16fc1f0 mode 0
Event: 22.708 Thread 0x000001c97def9740 DEOPT PACKING pc=0x000001c95a035d92 sp=0x000000a9a16fcd10
Event: 22.708 Thread 0x000001c97def9740 DEOPT UNPACKING pc=0x000001c9609b7143 sp=0x000000a9a16fc1f0 mode 0
Event: 22.709 Thread 0x000001c97def9740 DEOPT PACKING pc=0x000001c95a035d92 sp=0x000000a9a16fcd10
Event: 22.709 Thread 0x000001c97def9740 DEOPT UNPACKING pc=0x000001c9609b7143 sp=0x000000a9a16fc1f0 mode 0
Event: 22.710 Thread 0x000001c97def9740 DEOPT PACKING pc=0x000001c95a035d92 sp=0x000000a9a16fcd10
Event: 22.710 Thread 0x000001c97def9740 DEOPT UNPACKING pc=0x000001c9609b7143 sp=0x000000a9a16fc1f0 mode 0
Event: 22.711 Thread 0x000001c97def9740 DEOPT PACKING pc=0x000001c95a035d92 sp=0x000000a9a16fcd10
Event: 22.711 Thread 0x000001c97def9740 DEOPT UNPACKING pc=0x000001c9609b7143 sp=0x000000a9a16fc1f0 mode 0
Event: 22.712 Thread 0x000001c97def9740 DEOPT PACKING pc=0x000001c95a035d92 sp=0x000000a9a16fcd10
Event: 22.712 Thread 0x000001c97def9740 DEOPT UNPACKING pc=0x000001c9609b7143 sp=0x000000a9a16fc1f0 mode 0
Event: 22.779 Thread 0x000001c97def9740 Uncommon trap: trap_request=0xffffffbe fr.pc=0x000001c9612cf88c relative=0x00000000000013cc
Event: 22.779 Thread 0x000001c97def9740 Uncommon trap: reason=profile_predicate action=maybe_recompile pc=0x000001c9612cf88c method=org.springframework.transaction.annotation.AnnotationTransactionAttributeSource.determineTransactionAttribute(Ljava/lang/reflect/AnnotatedElement;)Lorg/springframe
Event: 22.779 Thread 0x000001c97def9740 DEOPT PACKING pc=0x000001c9612cf88c sp=0x000000a9a16fc7b0
Event: 22.779 Thread 0x000001c97def9740 DEOPT UNPACKING pc=0x000001c9609b69a3 sp=0x000000a9a16fc7f8 mode 2

Classes unloaded (0 events):
No events

Classes redefined (0 events):
No events

Internal exceptions (20 events):
Event: 11.579 Thread 0x000001c955dc2e80 Exception <a 'java/lang/reflect/InvocationTargetException'{0x000000070ae262d8}> (0x000000070ae262d8) 
thrown [s\src\hotspot\share\runtime\reflection.cpp, line 1121]
Event: 11.583 Thread 0x000001c955dc2e80 Exception <a 'java/lang/reflect/InvocationTargetException'{0x000000070ae33948}> (0x000000070ae33948) 
thrown [s\src\hotspot\share\runtime\reflection.cpp, line 1121]
Event: 11.586 Thread 0x000001c955dc2e80 Exception <a 'java/lang/reflect/InvocationTargetException'{0x000000070ae44a60}> (0x000000070ae44a60) 
thrown [s\src\hotspot\share\runtime\reflection.cpp, line 1121]
Event: 11.870 Thread 0x000001c955dc2e80 Implicit null exception at 0x000001c961004f41 to 0x000001c961005002
Event: 12.491 Thread 0x000001c955dc2e80 Exception <a 'sun/nio/fs/WindowsException'{0x000000071475d310}> (0x000000071475d310) 
thrown [s\src\hotspot\share\prims\jni.cpp, line 516]
Event: 12.560 Thread 0x000001c955dc2e80 Exception <a 'java/lang/IncompatibleClassChangeError'{0x000000070b0cf6e8}: Found class java.lang.Object, but interface was expected> (0x000000070b0cf6e8) 
thrown [s\src\hotspot\share\interpreter\linkResolver.cpp, line 826]
Event: 12.655 Thread 0x000001c955dc2e80 Exception <a 'java/lang/NoSuchMethodError'{0x000000070af6a4f8}: 'void java.lang.invoke.DirectMethodHandle$Holder.invokeVirtual(java.lang.Object, java.lang.Object, long)'> (0x000000070af6a4f8) 
thrown [s\src\hotspot\share\interpreter\linkResolver.cpp, line 759]
Event: 13.056 Thread 0x000001c955dc2e80 Exception <a 'java/lang/NoSuchMethodError'{0x0000000707e114b8}: 'java.lang.Object java.lang.invoke.DirectMethodHandle$Holder.newInvokeSpecial(java.lang.Object, java.lang.Object, int, java.lang.Object, java.lang.Object)'> (0x0000000707e114b8) 
thrown [s\src\hotspot\share\interpreter\linkResolver.cpp, line 759]
Event: 13.058 Thread 0x000001c955dc2e80 Exception <a 'java/lang/NoSuchMethodError'{0x0000000707e1cb30}: 'java.lang.Object java.lang.invoke.DirectMethodHandle$Holder.invokeSpecial(java.lang.Object, java.lang.Object, int, java.lang.Object, int, java.lang.Object)'> (0x0000000707e1cb30) 
thrown [s\src\hotspot\share\interpreter\linkResolver.cpp, line 759]
Event: 13.064 Thread 0x000001c955dc2e80 Exception <a 'java/lang/NoSuchMethodError'{0x0000000707e24938}: 'java.lang.Object java.lang.invoke.DirectMethodHandle$Holder.newInvokeSpecial(java.lang.Object, java.lang.Object, int, java.lang.Object, int)'> (0x0000000707e24938) 
thrown [s\src\hotspot\share\interpreter\linkResolver.cpp, line 759]
Event: 13.065 Thread 0x000001c955dc2e80 Exception <a 'java/lang/NoSuchMethodError'{0x0000000707e28a38}: 'java.lang.Object java.lang.invoke.DirectMethodHandle$Holder.invokeSpecial(java.lang.Object, java.lang.Object, java.lang.Object, int, java.lang.Object, int)'> (0x0000000707e28a38) 
thrown [s\src\hotspot\share\interpreter\linkResolver.cpp, line 759]
Event: 13.299 Thread 0x000001c97def5a80 Exception <a 'java/lang/NoSuchMethodError'{0x00000007078617f8}: 'java.lang.Object java.lang.invoke.DirectMethodHandle$Holder.invokeSpecial(java.lang.Object, java.lang.Object, java.lang.Object, java.lang.Object, java.lang.Object, long)'> (0x00000007078617f8) 
thrown [s\src\hotspot\share\interpreter\linkResolver.cpp, line 759]
Event: 13.299 Thread 0x000001c97def5a80 Exception <a 'java/lang/NoSuchMethodError'{0x0000000707865238}: 'java.lang.Object java.lang.invoke.Invokers$Holder.linkToTargetMethod(java.lang.Object, java.lang.Object, java.lang.Object, long, java.lang.Object)'> (0x0000000707865238) 
thrown [s\src\hotspot\share\interpreter\linkResolver.cpp, line 759]
Event: 13.355 Thread 0x000001c97def5a80 Exception <a 'java/lang/NoSuchMethodError'{0x000000070799a150}: getSession> (0x000000070799a150) 
thrown [s\src\hotspot\share\prims\jni.cpp, line 1073]
Event: 14.086 Thread 0x000001c97def78e0 Implicit null exception at 0x000001c960f55b57 to 0x000001c960f56144
Event: 14.087 Thread 0x000001c97def78e0 Implicit null exception at 0x000001c960f51657 to 0x000001c960f51c18
Event: 15.256 Thread 0x000001c97def78e0 Exception <a 'java/lang/AbstractMethodError'{0x000000071471abf0}: Receiver class <unknown> does not define or inherit an implementation of the resolved method 'java.security.Principal getUserPrincipal()' of class org.springframework.security.web.servletapi.SecurityContextHolderAwareRequestWrapper.> (0x000000071471abf0) 
thrown [s\src\hotspot\share\interpreter\linkResolver.cpp, line 1855]
Event: 15.269 Thread 0x000001c97def78e0 Exception <a 'java/lang/AbstractMethodError'{0x0000000714761708}: Receiver class <unknown> does not define or inherit an implementation of the resolved method 'java.security.Principal getUserPrincipal()' of class org.springframework.security.web.servletapi.SecurityContextHolderAwareRequestWrapper.> (0x0000000714761708) 
thrown [s\src\hotspot\share\interpreter\linkResolver.cpp, line 1855]
Event: 15.343 Thread 0x000001c97def9230 Exception <a 'java/lang/NoSuchMethodError'{0x00000007147b1250}: 'java.lang.Object java.lang.invoke.DirectMethodHandle$Holder.invokeStatic(java.lang.Object, int, int)'> (0x00000007147b1250) 
thrown [s\src\hotspot\share\interpreter\linkResolver.cpp, line 759]
Event: 22.990 Thread 0x000001c97def9740 Exception <a 'java/lang/NoSuchMethodError'{0x00000007085f2c88}: 'void java.lang.invoke.DirectMethodHandle$Holder.invokeSpecialIFC(java.lang.Object, java.lang.Object, int, java.lang.Object, java.lang.Object, java.lang.Object, java.lang.Object)'> (0x00000007085f2c88) 
thrown [s\src\hotspot\share\interpreter\linkResolver.cpp, line 759]

VM Operations (20 events):
Event: 15.256 Executing VM operation: get/set locals
Event: 15.256 Executing VM operation: get/set locals done
Event: 15.266 Executing VM operation: HandshakeAllThreads
Event: 15.266 Executing VM operation: HandshakeAllThreads done
Event: 15.268 Executing VM operation: HandshakeAllThreads
Event: 15.268 Executing VM operation: HandshakeAllThreads done
Event: 15.269 Executing VM operation: get/set locals
Event: 15.269 Executing VM operation: get/set locals done
Event: 15.269 Executing VM operation: get/set locals
Event: 15.269 Executing VM operation: get/set locals done
Event: 16.277 Executing VM operation: Cleanup
Event: 16.277 Executing VM operation: Cleanup done
Event: 22.841 Executing VM operation: HandshakeAllThreads
Event: 22.841 Executing VM operation: HandshakeAllThreads done
Event: 22.841 Executing VM operation: Cleanup
Event: 22.841 Executing VM operation: Cleanup done
Event: 23.206 Executing VM operation: get/set locals
Event: 23.206 Executing VM operation: get/set locals done
Event: 23.207 Executing VM operation: get/set locals
Event: 23.207 Executing VM operation: get/set locals done

Events (20 events):
Event: 23.082 loading class java/io/ObjectStreamClass$2
Event: 23.082 loading class java/io/ObjectStreamClass$2 done
Event: 23.082 loading class jdk/internal/reflect/UnsafeQualifiedStaticLongFieldAccessorImpl
Event: 23.083 loading class jdk/internal/reflect/UnsafeQualifiedStaticLongFieldAccessorImpl done
Event: 23.083 loading class jdk/internal/reflect/SerializationConstructorAccessorImpl
Event: 23.083 loading class jdk/internal/reflect/SerializationConstructorAccessorImpl done
Event: 23.084 loading class java/io/ClassCache$CacheRef
Event: 23.084 loading class java/io/ClassCache$CacheRef done
Event: 23.084 loading class java/io/ObjectStreamClass$FieldReflectorKey
Event: 23.084 loading class java/io/ObjectStreamClass$FieldReflectorKey done
Event: 23.084 loading class java/io/ObjectStreamClass$FieldReflector
Event: 23.084 loading class java/io/ObjectStreamClass$FieldReflector done
Event: 23.085 loading class java/io/ObjectStreamClass$ClassDataSlot
Event: 23.085 loading class java/io/ObjectStreamClass$ClassDataSlot done
Event: 23.085 loading class java/io/ObjectInputStream$FieldValues
Event: 23.085 loading class java/io/ObjectInputStream$GetField
Event: 23.086 loading class java/io/ObjectInputStream$GetField done
Event: 23.086 loading class java/io/ObjectInputStream$FieldValues done
Event: 23.086 loading class java/io/SerialCallbackContext
Event: 23.086 loading class java/io/SerialCallbackContext done


Dynamic libraries:
0x00007ff6ee300000 - 0x00007ff6ee30e000 	C:\Users\JPiccione\.p2\pool\plugins\org.eclipse.justj.openjdk.hotspot.jre.full.win32.x86_64_17.0.8.v20230831-1047\jre\bin\javaw.exe
0x000001c953a60000 - 0x000001c953c57000 	C:\windows\SYSTEM32\ntd1l.dll
0x000001c953c60000 - 0x000001c953d1d000 	C:\windows\System32\kern3l32.dll
0x00007ffc02f70000 - 0x00007ffc03167000 	C:\windows\SYSTEM32\ntdll.dll
0x00007ffc01f90000 - 0x00007ffc0204d000 	C:\windows\System32\KERNEL32.DLL
0x00007ffc00650000 - 0x00007ffc00946000 	C:\windows\System32\KERNELBASE.dll
0x00007ffc000c0000 - 0x00007ffc003d3000 	C:\Program Files\SentinelOne\Sentinel Agent 23.1.4.650\InProcessClient64.dll
0x00007ffc01930000 - 0x00007ffc019de000 	C:\windows\System32\ADVAPI32.dll
0x00007ffc01dd0000 - 0x00007ffc01e6e000 	C:\windows\System32\msvcrt.dll
0x00007ffc02d90000 - 0x00007ffc02e2c000 	C:\windows\System32\sechost.dll
0x00007ffc02a60000 - 0x00007ffc02b86000 	C:\windows\System32\RPCRT4.dll
0x00007ffc00cd0000 - 0x00007ffc00dd0000 	C:\windows\System32\ucrtbase.dll
0x00007ffbfbd40000 - 0x00007ffbfbd57000 	C:\Users\JPiccione\.p2\pool\plugins\org.eclipse.justj.openjdk.hotspot.jre.full.win32.x86_64_17.0.8.v20230831-1047\jre\bin\jli.dll
0x00007ffc02bf0000 - 0x00007ffc02d8e000 	C:\windows\System32\USER32.dll
0x00007ffc00950000 - 0x00007ffc00972000 	C:\windows\System32\win32u.dll
0x00007ffc01da0000 - 0x00007ffc01dcc000 	C:\windows\System32\GDI32.dll
0x00007ffc00b10000 - 0x00007ffc00c2a000 	C:\windows\System32\gdi32full.dll
0x00007ffc00c30000 - 0x00007ffc00ccd000 	C:\windows\System32\msvcp_win.dll
0x00007ffbfbc80000 - 0x00007ffbfbc99000 	C:\Users\JPiccione\.p2\pool\plugins\org.eclipse.justj.openjdk.hotspot.jre.full.win32.x86_64_17.0.8.v20230831-1047\jre\bin\VCRUNTIME140.dll
0x00007ffbd7fe0000 - 0x00007ffbd827a000 	C:\windows\WinSxS\amd64_microsoft.windows.common-controls_6595b64144ccf1df_6.0.19041.3570_none_60bb2a3971f3e41a\COMCTL32.dll
0x00007ffc000b0000 - 0x00007ffc000ba000 	C:\windows\SYSTEM32\VERSION.dll
0x00007ffc000a0000 - 0x00007ffc000ab000 	C:\windows\SYSTEM32\FLTLIB.DLL
0x00007ffc01f60000 - 0x00007ffc01f90000 	C:\windows\System32\IMM32.DLL
0x00007ffbfbd20000 - 0x00007ffbfbd2c000 	C:\Users\JPiccione\.p2\pool\plugins\org.eclipse.justj.openjdk.hotspot.jre.full.win32.x86_64_17.0.8.v20230831-1047\jre\bin\vcruntime140_1.dll
0x00007ffbda210000 - 0x00007ffbda2a1000 	C:\Users\JPiccione\.p2\pool\plugins\org.eclipse.justj.openjdk.hotspot.jre.full.win32.x86_64_17.0.8.v20230831-1047\jre\bin\msvcp140.dll
0x00007ffb7d670000 - 0x00007ffb7e2bc000 	C:\Users\JPiccione\.p2\pool\plugins\org.eclipse.justj.openjdk.hotspot.jre.full.win32.x86_64_17.0.8.v20230831-1047\jre\bin\server\jvm.dll
0x00007ffbff870000 - 0x00007ffbff8bb000 	C:\windows\SYSTEM32\POWRPROF.dll
0x00007ffbf8ea0000 - 0x00007ffbf8ea9000 	C:\windows\SYSTEM32\WSOCK32.dll
0x00007ffc02e30000 - 0x00007ffc02e9b000 	C:\windows\System32\WS2_32.dll
0x00007ffbe58a0000 - 0x00007ffbe58c7000 	C:\windows\SYSTEM32\WINMM.dll
0x00007ffbff730000 - 0x00007ffbff742000 	C:\windows\SYSTEM32\UMPDC.dll
0x00007ffbfdf30000 - 0x00007ffbfdf42000 	C:\windows\SYSTEM32\kernel.appcore.dll
0x00007ffbf0410000 - 0x00007ffbf041a000 	C:\Users\JPiccione\.p2\pool\plugins\org.eclipse.justj.openjdk.hotspot.jre.full.win32.x86_64_17.0.8.v20230831-1047\jre\bin\jimage.dll
0x00007ffbf0ca0000 - 0x00007ffbf0e84000 	C:\windows\SYSTEM32\DBGHELP.DLL
0x00007ffbf10a0000 - 0x00007ffbf10d4000 	C:\windows\SYSTEM32\dbgcore.DLL
0x00007ffc00a30000 - 0x00007ffc00ab2000 	C:\windows\System32\bcryptPrimitives.dll
0x00007ffbb64c0000 - 0x00007ffbb653b000 	C:\Program Files\SentinelOne\Sentinel Agent 23.1.4.650\SentinelJava64.dll
0x00007ffc02460000 - 0x00007ffc0258b000 	C:\windows\System32\ole32.dll
0x00007ffc01a40000 - 0x00007ffc01d94000 	C:\windows\System32\combase.dll
0x00007ffbdf240000 - 0x00007ffbdf265000 	C:\Users\JPiccione\.p2\pool\plugins\org.eclipse.justj.openjdk.hotspot.jre.full.win32.x86_64_17.0.8.v20230831-1047\jre\bin\java.dll
0x00007ffbdf040000 - 0x00007ffbdf058000 	C:\Users\JPiccione\.p2\pool\plugins\org.eclipse.justj.openjdk.hotspot.jre.full.win32.x86_64_17.0.8.v20230831-1047\jre\bin\zip.dll
0x00007ffc00fd0000 - 0x00007ffc01714000 	C:\windows\System32\SHELL32.dll
0x00007ffbfe0c0000 - 0x00007ffbfe85b000 	C:\windows\SYSTEM32\windows.storage.dll
0x00007ffbffd50000 - 0x00007ffbffd7d000 	C:\windows\SYSTEM32\Wldp.dll
0x00007ffc022f0000 - 0x00007ffc0239d000 	C:\windows\System32\SHCORE.dll
0x00007ffc01720000 - 0x00007ffc01775000 	C:\windows\System32\shlwapi.dll
0x00007ffc00580000 - 0x00007ffc005a5000 	C:\windows\SYSTEM32\profapi.dll
0x00007ffbdf130000 - 0x00007ffbdf149000 	C:\Users\JPiccione\.p2\pool\plugins\org.eclipse.justj.openjdk.hotspot.jre.full.win32.x86_64_17.0.8.v20230831-1047\jre\bin\net.dll
0x00007ffbff2d0000 - 0x00007ffbff3da000 	C:\windows\SYSTEM32\WINHTTP.dll
0x00007ffbffab0000 - 0x00007ffbffb1a000 	C:\windows\system32\mswsock.dll
0x00007ffbdf070000 - 0x00007ffbdf085000 	C:\Users\JPiccione\.p2\pool\plugins\org.eclipse.justj.openjdk.hotspot.jre.full.win32.x86_64_17.0.8.v20230831-1047\jre\bin\nio.dll
0x00007ffbffca0000 - 0x00007ffbffcb8000 	C:\windows\SYSTEM32\CRYPTSP.dll
0x00007ffbff240000 - 0x00007ffbff274000 	C:\windows\system32\rsaenh.dll
0x00007ffc00e40000 - 0x00007ffc00e67000 	C:\windows\System32\bcrypt.dll
0x00007ffc00500000 - 0x00007ffc0052e000 	C:\windows\SYSTEM32\USERENV.dll
0x00007ffbffcc0000 - 0x00007ffbffccc000 	C:\windows\SYSTEM32\CRYPTBASE.dll
0x00007ffbff750000 - 0x00007ffbff78b000 	C:\windows\SYSTEM32\IPHLPAPI.DLL
0x00007ffc01e70000 - 0x00007ffc01e78000 	C:\windows\System32\NSI.dll
0x00007ffbf9760000 - 0x00007ffbf9777000 	C:\windows\SYSTEM32\dhcpcsvc6.DLL
0x00007ffbf9590000 - 0x00007ffbf95ad000 	C:\windows\SYSTEM32\dhcpcsvc.DLL
0x00007ffbff7a0000 - 0x00007ffbff86a000 	C:\windows\SYSTEM32\DNSAPI.dll
0x00007ffbe2950000 - 0x00007ffbe295e000 	C:\Users\JPiccione\.p2\pool\plugins\org.eclipse.justj.openjdk.hotspot.jre.full.win32.x86_64_17.0.8.v20230831-1047\jre\bin\sunmscapi.dll
0x00007ffc00e70000 - 0x00007ffc00fcd000 	C:\windows\System32\CRYPT32.dll
0x00007ffbffdc0000 - 0x00007ffbffde7000 	C:\windows\SYSTEM32\ncrypt.dll
0x00007ffbffd80000 - 0x00007ffbffdbb000 	C:\windows\SYSTEM32\NTASN1.dll
0x00007ffbfbc50000 - 0x00007ffbfbc59000 	C:\Users\JPiccione\.p2\pool\plugins\org.eclipse.justj.openjdk.hotspot.jre.full.win32.x86_64_17.0.8.v20230831-1047\jre\bin\management.dll
0x00007ffbf98c0000 - 0x00007ffbf98cb000 	C:\Users\JPiccione\.p2\pool\plugins\org.eclipse.justj.openjdk.hotspot.jre.full.win32.x86_64_17.0.8.v20230831-1047\jre\bin\management_ext.dll
0x00007ffc02450000 - 0x00007ffc02458000 	C:\windows\System32\PSAPI.DLL
0x00007ffbec5b0000 - 0x00007ffbec5c0000 	C:\Users\JPiccione\.p2\pool\plugins\org.eclipse.justj.openjdk.hotspot.jre.full.win32.x86_64_17.0.8.v20230831-1047\jre\bin\verify.dll
0x00007ffbf0bf0000 - 0x00007ffbf0bfa000 	C:\Windows\System32\rasadhlp.dll
0x00007ffbf9b00000 - 0x00007ffbf9b82000 	C:\windows\System32\fwpuclnt.dll
0x00007ffbe0900000 - 0x00007ffbe0917000 	C:\windows\system32\napinsp.dll
0x00007ffbe0a40000 - 0x00007ffbe0a5b000 	C:\windows\system32\pnrpnsp.dll
0x00007ffbf9b90000 - 0x00007ffbf9ba5000 	C:\windows\system32\wshbth.dll
0x00007ffbfb650000 - 0x00007ffbfb66d000 	C:\windows\system32\NLAapi.dll
0x00007ffbe0a60000 - 0x00007ffbe0a72000 	C:\windows\System32\winrnr.dll
0x00007ffbe19f0000 - 0x00007ffbe19f7000 	C:\windows\system32\wshunix.dll

dbghelp: loaded successfully - version: 4.0.5 - missing functions: none
symbol engine: initialized successfully - sym options: 0x614 - pdb path: .;C:\Users\JPiccione\.p2\pool\plugins\org.eclipse.justj.openjdk.hotspot.jre.full.win32.x86_64_17.0.8.v20230831-1047\jre\bin;C:\windows\SYSTEM32;C:\Program Files\SentinelOne\Sentinel Agent 23.1.4.650;C:\windows\WinSxS\amd64_microsoft.windows.common-controls_6595b64144ccf1df_6.0.19041.3570_none_60bb2a3971f3e41a;C:\Users\JPiccione\.p2\pool\plugins\org.eclipse.justj.openjdk.hotspot.jre.full.win32.x86_64_17.0.8.v20230831-1047\jre\bin\server

VM Arguments:
jvm_args: -Dfile.encoding=UTF-8 -XX:+ShowCodeDetailsInExceptionMessages -agentpath:C:\Program Files\SentinelOne\Sentinel Agent 23.1.4.650\SentinelJava64.dll 
java_command: com.spencer.ItemApp.ItemAppApplication
java_class_path (initial): C:\Users\JPiccione\OneDrive - Spencer Gifts LLC\Documents\ItemApp\target\classes;C:\Users\JPiccione\.m2\repository\org\springframework\boot\spring-boot-starter-data-jpa\3.1.4\spring-boot-starter-data-jpa-3.1.4.jar;C:\Users\JPiccione\.m2\repository\org\springframework\boot\spring-boot-starter-aop\3.1.4\spring-boot-starter-aop-3.1.4.jar;C:\Users\JPiccione\.m2\repository\org\aspectj\aspectjweaver\1.9.20\aspectjweaver-1.9.20.jar;C:\Users\JPiccione\.m2\repository\org\springframework\boot\spring-boot-starter-jdbc\3.1.4\spring-boot-starter-jdbc-3.1.4.jar;C:\Users\JPiccione\.m2\repository\com\zaxxer\HikariCP\5.0.1\HikariCP-5.0.1.jar;C:\Users\JPiccione\.m2\repository\org\springframework\spring-jdbc\6.0.12\spring-jdbc-6.0.12.jar;C:\Users\JPiccione\.m2\repository\org\hibernate\orm\hibernate-core\6.2.9.Final\hibernate-core-6.2.9.Final.jar;C:\Users\JPiccione\.m2\repository\jakarta\persistence\jakarta.persistence-api\3.1.0\jakarta.persistence-api-3.1.0.jar;C:\Users\JPiccione\.m2\repository\jakarta\transaction\jakarta.transaction-api\2.0.1\jakarta.transaction-api-2.0.1.jar;C:\Users\JPiccione\.m2\repository\org\jboss\logging\jboss-logging\3.5.3.Final\jboss-logging-3.5.3.Final.jar;C:\Users\JPiccione\.m2\repository\org\hibernate\common\hibernate-commons-annotations\6.0.6.Final\hibernate-commons-annotations-6.0.6.Final.jar;C:\Users\JPiccione\.m2\repository\io\smallrye\jandex\3.0.5\jandex-3.0.5.jar;C:\Users\JPiccione\.m2\repository\com\fasterxml\classmate\1.5.1\classmate-1.5.1.jar;C:\Users\JPiccione\.m2\repository\net\bytebuddy\byte-buddy\1.14.8\byte-buddy-1.14.8.jar;C:\Users\JPiccione\.m2\repository\org\glassfish\jaxb\jaxb-runtime\4.0.3\jaxb-runtime-4.0.3.jar;C:\Users\JPiccione\.m2\repository\org\glassfish\jaxb\jaxb-core\4.0.3\jaxb-core-4.0.3.jar;C:\Users\JPiccione\.m2\repository\org\eclipse\angus\angus-activation\2.0.1\angus-activation-2.0.1.jar;C:\Users\JPiccione\.m2\repository\org\glassfish\jaxb\txw2\4.0.3\txw2-4.0.3.jar;C:\Users\JPiccione\.m2\repositor
Launcher Type: SUN_STANDARD

[Global flags]
     intx CICompilerCount                          = 3                                         {product} {ergonomic}
     uint ConcGCThreads                            = 1                                         {product} {ergonomic}
     uint G1ConcRefinementThreads                  = 4                                         {product} {ergonomic}
   size_t G1HeapRegionSize                         = 2097152                                   {product} {ergonomic}
    uintx GCDrainStackTargetSize                   = 64                                        {product} {ergonomic}
   size_t InitialHeapSize                          = 264241152                                 {product} {ergonomic}
   size_t MarkStackSize                            = 4194304                                   {product} {ergonomic}
   size_t MaxHeapSize                              = 4215275520                                {product} {ergonomic}
   size_t MaxNewSize                               = 2529165312                                {product} {ergonomic}
   size_t MinHeapDeltaBytes                        = 2097152                                   {product} {ergonomic}
   size_t MinHeapSize                              = 8388608                                   {product} {ergonomic}
    uintx NonNMethodCodeHeapSize                   = 5832780                                {pd product} {ergonomic}
    uintx NonProfiledCodeHeapSize                  = 122912730                              {pd product} {ergonomic}
    uintx ProfiledCodeHeapSize                     = 122912730                              {pd product} {ergonomic}
    uintx ReservedCodeCacheSize                    = 251658240                              {pd product} {ergonomic}
     bool SegmentedCodeCache                       = true                                      {product} {ergonomic}
     bool ShowCodeDetailsInExceptionMessages       = true                                   {manageable} {command line}
   size_t SoftMaxHeapSize                          = 4215275520                             {manageable} {ergonomic}
     bool UseCompressedClassPointers               = true                           {product lp64_product} {ergonomic}
     bool UseCompressedOops                        = true                           {product lp64_product} {ergonomic}
     bool UseG1GC                                  = true                                      {product} {ergonomic}
     bool UseLargePagesIndividualAllocation        = false                                  {pd product} {ergonomic}

Logging:
Log output configuration:
 #0: stdout all=warning uptime,level,tags
 #1: stderr all=off uptime,level,tags

Environment Variables:
PATH=C:/Users/JPiccione/.p2/pool/plugins/org.eclipse.justj.openjdk.hotspot.jre.full.win32.x86_64_17.0.8.v20230831-1047/jre/bin/server;C:/Users/JPiccione/.p2/pool/plugins/org.eclipse.justj.openjdk.hotspot.jre.full.win32.x86_64_17.0.8.v20230831-1047/jre/bin;C:\Program Files\Common Files\Oracle\Java\javapath;C:\Program Files (x86)\Common Files\Oracle\Java\javapath;C:\Program Files\Microsoft\jdk-11.0.16.101-hotspot\bin;C:\Program Files (x86)\Business Objects\Common\3.5\bin\NOTES\;C:\Program Files (x86)\Business Objects\Common\3.5\bin\NOTES\DATA\;C:\windows\system32;C:\windows;C:\windows\System32\Wbem;C:\windows\System32\WindowsPowerShell\v1.0\;C:\windows\System32\OpenSSH\;C:\Program Files (x86)\IBM\Client Access\Emulator;C:\Program Files (x86)\IBM\Client Access\Shared;C:\Program Files (x86)\IBM\Client Access\;C:\Program Files (x86)\HEAT\;C:\Program Files (x86)\Microsoft SQL Server\160\DTS\Binn\;C:\Program Files\Azure Data Studio\bin;C:\Program Files\PuTTY\;C:\Program Files\Git\cmd;C:\Program Files\Microsoft SQL Server\150\Tools\Binn\;C:\Program Files\Microsoft SQL Server\Client SDK\ODBC\170\Tools\Binn\;C:\Program Files\dotnet\;C:\Program Files (x86)\Windows Kits\10\Windows Performance Toolkit\;c:\Program Files (x86)\Microsoft SQL Server\110\Tools\Binn\;c:\Program Files\Microsoft SQL Server\110\Tools\Binn\;c:\Program Files\Microsoft SQL Server\110\DTS\Binn\;C:\Program Files (x86)\Microsoft SQL Server\150\Tools\Binn\;C:\Program Files\Microsoft SQL Server\150\DTS\Binn\;C:\Users\JPiccione\AppData\Local\Microsoft\WindowsApps;C:\Program Files\Azure Data Studio\bin;C:\Users\JPiccione\.dotnet\tools;C:\Users\JPiccione\AppData\Local\Programs\Azure Data Studio\bin;C:\Program Files\JetBrains\IntelliJ IDEA 2023.2\bin;;C:\Users\JPiccione\AppData\Local\GitHubDesktop\bin;C:\windows\system32;
USERNAME=JPiccione
OS=Windows_NT
PROCESSOR_IDENTIFIER=Intel64 Family 6 Model 61 Stepping 4, GenuineIntel
TMP=C:\Users\JPICCI~1\AppData\Local\Temp
TEMP=C:\Users\JPICCI~1\AppData\Local\Temp



---------------  S Y S T E M  ---------------

OS:
 Windows 10 , 64 bit Build 19041 (10.0.19041.3570)
OS uptime: 6 days 1:53 hours

CPU: total 4 (initial active 4) (2 cores per cpu, 2 threads per core) family 6 model 61 stepping 4 microcode 0x2d, cx8, cmov, fxsr, ht, mmx, 3dnowpref, sse, sse2, sse3, ssse3, sse4.1, sse4.2, popcnt, lzcnt, tsc, tscinvbit, avx, avx2, aes, erms, clmul, bmi1, bmi2, rtm, adx, fma, vzeroupper, clflush
Processor Information for all 4 processors :
  Max Mhz: 2594, Current Mhz: 2594, Mhz Limit: 2594

Memory: 4k page, system-wide physical 16079M (7042M free)
TotalPageFile size 18511M (AvailPageFile size 7340M)
current process WorkingSet (physical memory assigned to process): 264M, peak: 350M
current process commit charge ("private bytes"): 279M, peak: 369M

vm_info: OpenJDK 64-Bit Server VM (17.0.8.1+1) for windows-amd64 JRE (17.0.8.1+1), built on Aug 23 2023 15:29:17 by "admin" with MS VC++ 16.7 (VS2019)

END.
