#
# A fatal error has been detected by the Java Runtime Environment:
#
#  EXCEPTION_ACCESS_VIOLATION (0xc0000005) at pc=0x00007ffd4188e8a3, pid=13604, tid=16848
#
# JRE version: OpenJDK Runtime Environment Temurin-17.0.8.1+1 (17.0.8.1+1) (build 17.0.8.1+1)
# Java VM: OpenJDK 64-Bit Server VM Temurin-17.0.8.1+1 (17.0.8.1+1, mixed mode, tiered, compressed oops, compressed class ptrs, g1 gc, windows-amd64)
# Problematic frame:
# V  [jvm.dll+0x53e8a3]
#
# No core dump will be written. Minidumps are not enabled by default on client versions of Windows
#
# If you would like to submit a bug report, please visit:
#   https://github.com/adoptium/adoptium-support/issues
#

---------------  S U M M A R Y ------------

Command Line: -Dfile.encoding=UTF-8 -XX:+ShowCodeDetailsInExceptionMessages -agentpath:C:\Program Files\SentinelOne\Sentinel Agent 23.1.4.650\SentinelJava64.dll com.spencer.ItemApp.ItemAppApplication

Host: Intel(R) Core(TM) i7-5600U CPU @ 2.60GHz, 4 cores, 15G,  Windows 10 , 64 bit Build 19041 (10.0.19041.3570)
Time: Tue Oct 24 15:41:31 2023 Eastern Daylight Time elapsed time: 32.011322 seconds (0d 0h 0m 32s)

---------------  T H R E A D  ---------------

Current thread (0x00000200befba9e0):  JavaThread "http-nio-8080-exec-8" daemon [_thread_in_vm, id=16848, stack(0x000000fc5a600000,0x000000fc5a700000)]

Stack: [0x000000fc5a600000,0x000000fc5a700000],  sp=0x000000fc5a6f9458,  free space=997k
Native frames: (J=compiled Java code, j=interpreted, Vv=VM code, C=native code)
V  [jvm.dll+0x53e8a3]

Java frames: (J=compiled Java code, j=interpreted, Vv=VM code)
j  org.springframework.security.web.servletapi.HttpServlet3RequestFactory$Servlet3SecurityContextHolderAwareRequestWrapper.isAuthenticated()Z+1
j  org.springframework.security.web.servletapi.HttpServlet3RequestFactory$Servlet3SecurityContextHolderAwareRequestWrapper.login(Ljava/lang/String;Ljava/lang/String;)V+1
v  ~StubRoutines::call_stub
j  org.apache.jasper.runtime.HttpJspBase.service(Ljakarta/servlet/http/HttpServletRequest;Ljakarta/servlet/http/HttpServletResponse;)V+0
j  jakarta.servlet.http.HttpServlet.service(Ljakarta/servlet/ServletRequest;Ljakarta/servlet/ServletResponse;)V+36
j  org.apache.jasper.servlet.JspServletWrapper.service(Ljakarta/servlet/http/HttpServletRequest;Ljakarta/servlet/http/HttpServletResponse;Z)V+372
j  org.apache.jasper.servlet.JspServlet.serviceJspFile(Ljakarta/servlet/http/HttpServletRequest;Ljakarta/servlet/http/HttpServletResponse;Ljava/lang/String;Z)V+112
j  org.apache.jasper.servlet.JspServlet.service(Ljakarta/servlet/http/HttpServletRequest;Ljakarta/servlet/http/HttpServletResponse;)V+228
j  jakarta.servlet.http.HttpServlet.service(Ljakarta/servlet/ServletRequest;Ljakarta/servlet/ServletResponse;)V+36
j  org.apache.catalina.core.ApplicationFilterChain.internalDoFilter(Ljakarta/servlet/ServletRequest;Ljakarta/servlet/ServletResponse;)V+305
j  org.apache.catalina.core.ApplicationFilterChain.doFilter(Ljakarta/servlet/ServletRequest;Ljakarta/servlet/ServletResponse;)V+99
j  org.apache.tomcat.websocket.server.WsFilter.doFilter(Ljakarta/servlet/ServletRequest;Ljakarta/servlet/ServletResponse;Ljakarta/servlet/FilterChain;)V+21
j  org.apache.catalina.core.ApplicationFilterChain.internalDoFilter(Ljakarta/servlet/ServletRequest;Ljakarta/servlet/ServletResponse;)V+135
j  org.apache.catalina.core.ApplicationFilterChain.doFilter(Ljakarta/servlet/ServletRequest;Ljakarta/servlet/ServletResponse;)V+99
j  org.springframework.security.web.FilterChainProxy.lambda$doFilterInternal$3(Lorg/springframework/security/web/firewall/FirewalledRequest;Ljakarta/servlet/FilterChain;Ljakarta/servlet/ServletRequest;Ljakarta/servlet/ServletResponse;)V+35
j  org.springframework.security.web.FilterChainProxy$$Lambda$1361+0x00000008009949a8.doFilter(Ljakarta/servlet/ServletRequest;Ljakarta/servlet/ServletResponse;)V+10
j  org.springframework.security.web.FilterChainProxy$VirtualFilterChain.doFilter(Ljakarta/servlet/ServletRequest;Ljakarta/servlet/ServletResponse;)V+17
j  org.springframework.security.web.access.intercept.AuthorizationFilter.doFilter(Ljakarta/servlet/ServletRequest;Ljakarta/servlet/ServletResponse;Ljakarta/servlet/FilterChain;)V+143
j  org.springframework.security.web.FilterChainProxy$VirtualFilterChain.doFilter(Ljakarta/servlet/ServletRequest;Ljakarta/servlet/ServletResponse;)V+105
j  org.springframework.security.web.access.ExceptionTranslationFilter.doFilter(Ljakarta/servlet/http/HttpServletRequest;Ljakarta/servlet/http/HttpServletResponse;Ljakarta/servlet/FilterChain;)V+3
j  org.springframework.security.web.access.ExceptionTranslationFilter.doFilter(Ljakarta/servlet/ServletRequest;Ljakarta/servlet/ServletResponse;Ljakarta/servlet/FilterChain;)V+10
j  org.springframework.security.web.FilterChainProxy$VirtualFilterChain.doFilter(Ljakarta/servlet/ServletRequest;Ljakarta/servlet/ServletResponse;)V+105
j  org.springframework.security.web.authentication.AnonymousAuthenticationFilter.doFilter(Ljakarta/servlet/ServletRequest;Ljakarta/servlet/ServletResponse;Ljakarta/servlet/FilterChain;)V+33
j  org.springframework.security.web.FilterChainProxy$VirtualFilterChain.doFilter(Ljakarta/servlet/ServletRequest;Ljakarta/servlet/ServletResponse;)V+105
j  org.springframework.security.web.servletapi.SecurityContextHolderAwareRequestFilter.doFilter(Ljakarta/servlet/ServletRequest;Ljakarta/servlet/ServletResponse;Ljakarta/servlet/FilterChain;)V+19
j  org.springframework.security.web.FilterChainProxy$VirtualFilterChain.doFilter(Ljakarta/servlet/ServletRequest;Ljakarta/servlet/ServletResponse;)V+105
j  org.springframework.security.web.savedrequest.RequestCacheAwareFilter.doFilter(Ljakarta/servlet/ServletRequest;Ljakarta/servlet/ServletResponse;Ljakarta/servlet/FilterChain;)V+32
j  org.springframework.security.web.FilterChainProxy$VirtualFilterChain.doFilter(Ljakarta/servlet/ServletRequest;Ljakarta/servlet/ServletResponse;)V+105
j  org.springframework.security.web.authentication.AbstractAuthenticationProcessingFilter.doFilter(Ljakarta/servlet/http/HttpServletRequest;Ljakarta/servlet/http/HttpServletResponse;Ljakarta/servlet/FilterChain;)V+12
j  org.springframework.security.web.authentication.AbstractAuthenticationProcessingFilter.doFilter(Ljakarta/servlet/ServletRequest;Ljakarta/servlet/ServletResponse;Ljakarta/servlet/FilterChain;)V+10
j  org.springframework.security.web.FilterChainProxy$VirtualFilterChain.doFilter(Ljakarta/servlet/ServletRequest;Ljakarta/servlet/ServletResponse;)V+105
j  org.springframework.security.web.authentication.logout.LogoutFilter.doFilter(Ljakarta/servlet/http/HttpServletRequest;Ljakarta/servlet/http/HttpServletResponse;Ljakarta/servlet/FilterChain;)V+83
j  org.springframework.security.web.authentication.logout.LogoutFilter.doFilter(Ljakarta/servlet/ServletRequest;Ljakarta/servlet/ServletResponse;Ljakarta/servlet/FilterChain;)V+10
j  org.springframework.security.web.FilterChainProxy$VirtualFilterChain.doFilter(Ljakarta/servlet/ServletRequest;Ljakarta/servlet/ServletResponse;)V+105
j  org.springframework.web.filter.OncePerRequestFilter.doFilter(Ljakarta/servlet/ServletRequest;Ljakarta/servlet/ServletResponse;Ljakarta/servlet/FilterChain;)V+125
j  org.springframework.security.web.FilterChainProxy$VirtualFilterChain.doFilter(Ljakarta/servlet/ServletRequest;Ljakarta/servlet/ServletResponse;)V+105
j  org.springframework.security.web.context.SecurityContextHolderFilter.doFilter(Ljakarta/servlet/http/HttpServletRequest;Ljakarta/servlet/http/HttpServletResponse;Ljakarta/servlet/FilterChain;)V+15
j  org.springframework.security.web.context.SecurityContextHolderFilter.doFilter(Ljakarta/servlet/ServletRequest;Ljakarta/servlet/ServletResponse;Ljakarta/servlet/FilterChain;)V+10
j  org.springframework.security.web.FilterChainProxy$VirtualFilterChain.doFilter(Ljakarta/servlet/ServletRequest;Ljakarta/servlet/ServletResponse;)V+105
j  org.springframework.web.filter.OncePerRequestFilter.doFilter(Ljakarta/servlet/ServletRequest;Ljakarta/servlet/ServletResponse;Ljakarta/servlet/FilterChain;)V+125
j  org.springframework.security.web.FilterChainProxy$VirtualFilterChain.doFilter(Ljakarta/servlet/ServletRequest;Ljakarta/servlet/ServletResponse;)V+105
j  org.springframework.web.filter.OncePerRequestFilter.doFilter(Ljakarta/servlet/ServletRequest;Ljakarta/servlet/ServletResponse;Ljakarta/servlet/FilterChain;)V+125
j  org.springframework.security.web.FilterChainProxy$VirtualFilterChain.doFilter(Ljakarta/servlet/ServletRequest;Ljakarta/servlet/ServletResponse;)V+105
j  org.springframework.security.web.FilterChainProxy.doFilterInternal(Ljakarta/servlet/ServletRequest;Ljakarta/servlet/ServletResponse;Ljakarta/servlet/FilterChain;)V+163
j  org.springframework.security.web.FilterChainProxy.doFilter(Ljakarta/servlet/ServletRequest;Ljakarta/servlet/ServletResponse;Ljakarta/servlet/FilterChain;)V+28
j  org.springframework.web.filter.DelegatingFilterProxy.invokeDelegate(Ljakarta/servlet/Filter;Ljakarta/servlet/ServletRequest;Ljakarta/servlet/ServletResponse;Ljakarta/servlet/FilterChain;)V+5
j  org.springframework.web.filter.DelegatingFilterProxy.doFilter(Ljakarta/servlet/ServletRequest;Ljakarta/servlet/ServletResponse;Ljakarta/servlet/FilterChain;)V+85
j  org.apache.catalina.core.ApplicationFilterChain.internalDoFilter(Ljakarta/servlet/ServletRequest;Ljakarta/servlet/ServletResponse;)V+135
j  org.apache.catalina.core.ApplicationFilterChain.doFilter(Ljakarta/servlet/ServletRequest;Ljakarta/servlet/ServletResponse;)V+99
j  org.springframework.web.filter.OncePerRequestFilter.doFilter(Ljakarta/servlet/ServletRequest;Ljakarta/servlet/ServletResponse;Ljakarta/servlet/FilterChain;)V+125
j  org.apache.catalina.core.ApplicationFilterChain.internalDoFilter(Ljakarta/servlet/ServletRequest;Ljakarta/servlet/ServletResponse;)V+135
j  org.apache.catalina.core.ApplicationFilterChain.doFilter(Ljakarta/servlet/ServletRequest;Ljakarta/servlet/ServletResponse;)V+99
j  org.springframework.web.filter.OncePerRequestFilter.doFilter(Ljakarta/servlet/ServletRequest;Ljakarta/servlet/ServletResponse;Ljakarta/servlet/FilterChain;)V+125
j  org.apache.catalina.core.ApplicationFilterChain.internalDoFilter(Ljakarta/servlet/ServletRequest;Ljakarta/servlet/ServletResponse;)V+135
j  org.apache.catalina.core.ApplicationFilterChain.doFilter(Ljakarta/servlet/ServletRequest;Ljakarta/servlet/ServletResponse;)V+99
j  org.springframework.web.filter.OncePerRequestFilter.doFilter(Ljakarta/servlet/ServletRequest;Ljakarta/servlet/ServletResponse;Ljakarta/servlet/FilterChain;)V+125
j  org.apache.catalina.core.ApplicationFilterChain.internalDoFilter(Ljakarta/servlet/ServletRequest;Ljakarta/servlet/ServletResponse;)V+135
j  org.apache.catalina.core.ApplicationFilterChain.doFilter(Ljakarta/servlet/ServletRequest;Ljakarta/servlet/ServletResponse;)V+99
j  org.apache.catalina.core.ApplicationDispatcher.invoke(Ljakarta/servlet/ServletRequest;Ljakarta/servlet/ServletResponse;Lorg/apache/catalina/core/ApplicationDispatcher$State;)V+341
j  org.apache.catalina.core.ApplicationDispatcher.processRequest(Ljakarta/servlet/ServletRequest;Ljakarta/servlet/ServletResponse;Lorg/apache/catalina/core/ApplicationDispatcher$State;)V+98
j  org.apache.catalina.core.ApplicationDispatcher.doForward(Ljakarta/servlet/ServletRequest;Ljakarta/servlet/ServletResponse;)V+363
j  org.apache.catalina.core.ApplicationDispatcher.forward(Ljakarta/servlet/ServletRequest;Ljakarta/servlet/ServletResponse;)V+55
j  org.springframework.security.web.header.HeaderWriterFilter$HeaderWriterRequestDispatcher.forward(Ljakarta/servlet/ServletRequest;Ljakarta/servlet/ServletResponse;)V+6
j  org.springframework.web.servlet.view.InternalResourceView.renderMergedOutputModel(Ljava/util/Map;Ljakarta/servlet/http/HttpServletRequest;Ljakarta/servlet/http/HttpServletResponse;)V+145
j  org.springframework.web.servlet.view.AbstractView.render(Ljava/util/Map;Ljakarta/servlet/http/HttpServletRequest;Ljakarta/servlet/http/HttpServletResponse;)V+91
j  org.springframework.web.servlet.DispatcherServlet.render(Lorg/springframework/web/servlet/ModelAndView;Ljakarta/servlet/http/HttpServletRequest;Ljakarta/servlet/http/HttpServletResponse;)V+188
j  org.springframework.web.servlet.DispatcherServlet.processDispatchResult(Ljakarta/servlet/http/HttpServletRequest;Ljakarta/servlet/http/HttpServletResponse;Lorg/springframework/web/servlet/HandlerExecutionChain;Lorg/springframework/web/servlet/ModelAndView;Ljava/lang/Exception;)V+103
j  org.springframework.web.servlet.DispatcherServlet.doDispatch(Ljakarta/servlet/http/HttpServletRequest;Ljakarta/servlet/http/HttpServletResponse;)V+365
j  org.springframework.web.servlet.DispatcherServlet.doService(Ljakarta/servlet/http/HttpServletRequest;Ljakarta/servlet/http/HttpServletResponse;)V+242
j  org.springframework.web.servlet.FrameworkServlet.processRequest(Ljakarta/servlet/http/HttpServletRequest;Ljakarta/servlet/http/HttpServletResponse;)V+70
j  org.springframework.web.servlet.FrameworkServlet.doGet(Ljakarta/servlet/http/HttpServletRequest;Ljakarta/servlet/http/HttpServletResponse;)V+3
j  jakarta.servlet.http.HttpServlet.service(Ljakarta/servlet/http/HttpServletRequest;Ljakarta/servlet/http/HttpServletResponse;)V+35
j  org.springframework.web.servlet.FrameworkServlet.service(Ljakarta/servlet/http/HttpServletRequest;Ljakarta/servlet/http/HttpServletResponse;)V+20
j  jakarta.servlet.http.HttpServlet.service(Ljakarta/servlet/ServletRequest;Ljakarta/servlet/ServletResponse;)V+36
j  org.apache.catalina.core.ApplicationFilterChain.internalDoFilter(Ljakarta/servlet/ServletRequest;Ljakarta/servlet/ServletResponse;)V+305
j  org.apache.catalina.core.ApplicationFilterChain.doFilter(Ljakarta/servlet/ServletRequest;Ljakarta/servlet/ServletResponse;)V+99
j  org.apache.tomcat.websocket.server.WsFilter.doFilter(Ljakarta/servlet/ServletRequest;Ljakarta/servlet/ServletResponse;Ljakarta/servlet/FilterChain;)V+21
j  org.apache.catalina.core.ApplicationFilterChain.internalDoFilter(Ljakarta/servlet/ServletRequest;Ljakarta/servlet/ServletResponse;)V+135
j  org.apache.catalina.core.ApplicationFilterChain.doFilter(Ljakarta/servlet/ServletRequest;Ljakarta/servlet/ServletResponse;)V+99
j  org.springframework.security.web.FilterChainProxy.lambda$doFilterInternal$3(Lorg/springframework/security/web/firewall/FirewalledRequest;Ljakarta/servlet/FilterChain;Ljakarta/servlet/ServletRequest;Ljakarta/servlet/ServletResponse;)V+35
j  org.springframework.security.web.FilterChainProxy$$Lambda$1361+0x00000008009949a8.doFilter(Ljakarta/servlet/ServletRequest;Ljakarta/servlet/ServletResponse;)V+10
j  org.springframework.security.web.FilterChainProxy$VirtualFilterChain.doFilter(Ljakarta/servlet/ServletRequest;Ljakarta/servlet/ServletResponse;)V+17
j  org.springframework.security.web.access.intercept.AuthorizationFilter.doFilter(Ljakarta/servlet/ServletRequest;Ljakarta/servlet/ServletResponse;Ljakarta/servlet/FilterChain;)V+143
j  org.springframework.security.web.FilterChainProxy$VirtualFilterChain.doFilter(Ljakarta/servlet/ServletRequest;Ljakarta/servlet/ServletResponse;)V+105
j  org.springframework.security.web.access.ExceptionTranslationFilter.doFilter(Ljakarta/servlet/http/HttpServletRequest;Ljakarta/servlet/http/HttpServletResponse;Ljakarta/servlet/FilterChain;)V+3
j  org.springframework.security.web.access.ExceptionTranslationFilter.doFilter(Ljakarta/servlet/ServletRequest;Ljakarta/servlet/ServletResponse;Ljakarta/servlet/FilterChain;)V+10
j  org.springframework.security.web.FilterChainProxy$VirtualFilterChain.doFilter(Ljakarta/servlet/ServletRequest;Ljakarta/servlet/ServletResponse;)V+105
j  org.springframework.security.web.authentication.AnonymousAuthenticationFilter.doFilter(Ljakarta/servlet/ServletRequest;Ljakarta/servlet/ServletResponse;Ljakarta/servlet/FilterChain;)V+33
j  org.springframework.security.web.FilterChainProxy$VirtualFilterChain.doFilter(Ljakarta/servlet/ServletRequest;Ljakarta/servlet/ServletResponse;)V+105
j  org.springframework.security.web.servletapi.SecurityContextHolderAwareRequestFilter.doFilter(Ljakarta/servlet/ServletRequest;Ljakarta/servlet/ServletResponse;Ljakarta/servlet/FilterChain;)V+19
j  org.springframework.security.web.FilterChainProxy$VirtualFilterChain.doFilter(Ljakarta/servlet/ServletRequest;Ljakarta/servlet/ServletResponse;)V+105
j  org.springframework.security.web.savedrequest.RequestCacheAwareFilter.doFilter(Ljakarta/servlet/ServletRequest;Ljakarta/servlet/ServletResponse;Ljakarta/servlet/FilterChain;)V+32
j  org.springframework.security.web.FilterChainProxy$VirtualFilterChain.doFilter(Ljakarta/servlet/ServletRequest;Ljakarta/servlet/ServletResponse;)V+105
j  org.springframework.security.web.authentication.AbstractAuthenticationProcessingFilter.doFilter(Ljakarta/servlet/http/HttpServletRequest;Ljakarta/servlet/http/HttpServletResponse;Ljakarta/servlet/FilterChain;)V+12
j  org.springframework.security.web.authentication.AbstractAuthenticationProcessingFilter.doFilter(Ljakarta/servlet/ServletRequest;Ljakarta/servlet/ServletResponse;Ljakarta/servlet/FilterChain;)V+10
j  org.springframework.security.web.FilterChainProxy$VirtualFilterChain.doFilter(Ljakarta/servlet/ServletRequest;Ljakarta/servlet/ServletResponse;)V+105
j  org.springframework.security.web.authentication.logout.LogoutFilter.doFilter(Ljakarta/servlet/http/HttpServletRequest;Ljakarta/servlet/http/HttpServletResponse;Ljakarta/servlet/FilterChain;)V+83
j  org.springframework.security.web.authentication.logout.LogoutFilter.doFilter(Ljakarta/servlet/ServletRequest;Ljakarta/servlet/ServletResponse;Ljakarta/servlet/FilterChain;)V+10
j  org.springframework.security.web.FilterChainProxy$VirtualFilterChain.doFilter(Ljakarta/servlet/ServletRequest;Ljakarta/servlet/ServletResponse;)V+105
j  org.springframework.security.web.header.HeaderWriterFilter.doHeadersAfter(Ljakarta/servlet/http/HttpServletRequest;Ljakarta/servlet/http/HttpServletResponse;Ljakarta/servlet/FilterChain;)V+29
j  org.springframework.security.web.header.HeaderWriterFilter.doFilterInternal(Ljakarta/servlet/http/HttpServletRequest;Ljakarta/servlet/http/HttpServletResponse;Ljakarta/servlet/FilterChain;)V+21
j  org.springframework.web.filter.OncePerRequestFilter.doFilter(Ljakarta/servlet/ServletRequest;Ljakarta/servlet/ServletResponse;Ljakarta/servlet/FilterChain;)V+150
j  org.springframework.security.web.FilterChainProxy$VirtualFilterChain.doFilter(Ljakarta/servlet/ServletRequest;Ljakarta/servlet/ServletResponse;)V+105
j  org.springframework.security.web.context.SecurityContextHolderFilter.doFilter(Ljakarta/servlet/http/HttpServletRequest;Ljakarta/servlet/http/HttpServletResponse;Ljakarta/servlet/FilterChain;)V+59
j  org.springframework.security.web.context.SecurityContextHolderFilter.doFilter(Ljakarta/servlet/ServletRequest;Ljakarta/servlet/ServletResponse;Ljakarta/servlet/FilterChain;)V+10
j  org.springframework.security.web.FilterChainProxy$VirtualFilterChain.doFilter(Ljakarta/servlet/ServletRequest;Ljakarta/servlet/ServletResponse;)V+105
j  org.springframework.security.web.context.request.async.WebAsyncManagerIntegrationFilter.doFilterInternal(Ljakarta/servlet/http/HttpServletRequest;Ljakarta/servlet/http/HttpServletResponse;Ljakarta/servlet/FilterChain;)V+55
j  org.springframework.web.filter.OncePerRequestFilter.doFilter(Ljakarta/servlet/ServletRequest;Ljakarta/servlet/ServletResponse;Ljakarta/servlet/FilterChain;)V+150
j  org.springframework.security.web.FilterChainProxy$VirtualFilterChain.doFilter(Ljakarta/servlet/ServletRequest;Ljakarta/servlet/ServletResponse;)V+105
j  org.springframework.security.web.session.DisableEncodeUrlFilter.doFilterInternal(Ljakarta/servlet/http/HttpServletRequest;Ljakarta/servlet/http/HttpServletResponse;Ljakarta/servlet/FilterChain;)V+10
j  org.springframework.web.filter.OncePerRequestFilter.doFilter(Ljakarta/servlet/ServletRequest;Ljakarta/servlet/ServletResponse;Ljakarta/servlet/FilterChain;)V+150
j  org.springframework.security.web.FilterChainProxy$VirtualFilterChain.doFilter(Ljakarta/servlet/ServletRequest;Ljakarta/servlet/ServletResponse;)V+105
j  org.springframework.security.web.FilterChainProxy.doFilterInternal(Ljakarta/servlet/ServletRequest;Ljakarta/servlet/ServletResponse;Ljakarta/servlet/FilterChain;)V+163
j  org.springframework.security.web.FilterChainProxy.doFilter(Ljakarta/servlet/ServletRequest;Ljakarta/servlet/ServletResponse;Ljakarta/servlet/FilterChain;)V+48
j  org.springframework.web.filter.DelegatingFilterProxy.invokeDelegate(Ljakarta/servlet/Filter;Ljakarta/servlet/ServletRequest;Ljakarta/servlet/ServletResponse;Ljakarta/servlet/FilterChain;)V+5
j  org.springframework.web.filter.DelegatingFilterProxy.doFilter(Ljakarta/servlet/ServletRequest;Ljakarta/servlet/ServletResponse;Ljakarta/servlet/FilterChain;)V+85
j  org.apache.catalina.core.ApplicationFilterChain.internalDoFilter(Ljakarta/servlet/ServletRequest;Ljakarta/servlet/ServletResponse;)V+135
j  org.apache.catalina.core.ApplicationFilterChain.doFilter(Ljakarta/servlet/ServletRequest;Ljakarta/servlet/ServletResponse;)V+99
j  org.springframework.web.filter.RequestContextFilter.doFilterInternal(Ljakarta/servlet/http/HttpServletRequest;Ljakarta/servlet/http/HttpServletResponse;Ljakarta/servlet/FilterChain;)V+21
j  org.springframework.web.filter.OncePerRequestFilter.doFilter(Ljakarta/servlet/ServletRequest;Ljakarta/servlet/ServletResponse;Ljakarta/servlet/FilterChain;)V+150
j  org.apache.catalina.core.ApplicationFilterChain.internalDoFilter(Ljakarta/servlet/ServletRequest;Ljakarta/servlet/ServletResponse;)V+135
j  org.apache.catalina.core.ApplicationFilterChain.doFilter(Ljakarta/servlet/ServletRequest;Ljakarta/servlet/ServletResponse;)V+99
j  org.springframework.web.filter.FormContentFilter.doFilterInternal(Ljakarta/servlet/http/HttpServletRequest;Ljakarta/servlet/http/HttpServletResponse;Ljakarta/servlet/FilterChain;)V+38
j  org.springframework.web.filter.OncePerRequestFilter.doFilter(Ljakarta/servlet/ServletRequest;Ljakarta/servlet/ServletResponse;Ljakarta/servlet/FilterChain;)V+150
j  org.apache.catalina.core.ApplicationFilterChain.internalDoFilter(Ljakarta/servlet/ServletRequest;Ljakarta/servlet/ServletResponse;)V+135
j  org.apache.catalina.core.ApplicationFilterChain.doFilter(Ljakarta/servlet/ServletRequest;Ljakarta/servlet/ServletResponse;)V+99
j  org.springframework.web.filter.CharacterEncodingFilter.doFilterInternal(Ljakarta/servlet/http/HttpServletRequest;Ljakarta/servlet/http/HttpServletResponse;Ljakarta/servlet/FilterChain;)V+53
j  org.springframework.web.filter.OncePerRequestFilter.doFilter(Ljakarta/servlet/ServletRequest;Ljakarta/servlet/ServletResponse;Ljakarta/servlet/FilterChain;)V+150
j  org.apache.catalina.core.ApplicationFilterChain.internalDoFilter(Ljakarta/servlet/ServletRequest;Ljakarta/servlet/ServletResponse;)V+135
j  org.apache.catalina.core.ApplicationFilterChain.doFilter(Ljakarta/servlet/ServletRequest;Ljakarta/servlet/ServletResponse;)V+99
j  org.apache.catalina.core.StandardWrapperValve.invoke(Lorg/apache/catalina/connector/Request;Lorg/apache/catalina/connector/Response;)V+514
j  org.apache.catalina.core.StandardContextValve.invoke(Lorg/apache/catalina/connector/Request;Lorg/apache/catalina/connector/Response;)V+169
j  org.apache.catalina.authenticator.AuthenticatorBase.invoke(Lorg/apache/catalina/connector/Request;Lorg/apache/catalina/connector/Response;)V+218
j  org.apache.catalina.core.StandardHostValve.invoke(Lorg/apache/catalina/connector/Request;Lorg/apache/catalina/connector/Response;)V+131
j  org.apache.catalina.valves.ErrorReportValve.invoke(Lorg/apache/catalina/connector/Request;Lorg/apache/catalina/connector/Response;)V+6
j  org.apache.catalina.core.StandardEngineValve.invoke(Lorg/apache/catalina/connector/Request;Lorg/apache/catalina/connector/Response;)V+59
j  org.apache.catalina.connector.CoyoteAdapter.service(Lorg/apache/coyote/Request;Lorg/apache/coyote/Response;)V+187
j  org.apache.coyote.http11.Http11Processor.service(Lorg/apache/tomcat/util/net/SocketWrapperBase;)Lorg/apache/tomcat/util/net/AbstractEndpoint$Handler$SocketState;+785
j  org.apache.coyote.AbstractProcessorLight.process(Lorg/apache/tomcat/util/net/SocketWrapperBase;Lorg/apache/tomcat/util/net/SocketEvent;)Lorg/apache/tomcat/util/net/AbstractEndpoint$Handler$SocketState;+152
j  org.apache.coyote.AbstractProtocol$ConnectionHandler.process(Lorg/apache/tomcat/util/net/SocketWrapperBase;Lorg/apache/tomcat/util/net/SocketEvent;)Lorg/apache/tomcat/util/net/AbstractEndpoint$Handler$SocketState;+482
j  org.apache.tomcat.util.net.NioEndpoint$SocketProcessor.doRun()V+249
j  org.apache.tomcat.util.net.SocketProcessorBase.run()V+32
j  org.apache.tomcat.util.threads.ThreadPoolExecutor.runWorker(Lorg/apache/tomcat/util/threads/ThreadPoolExecutor$Worker;)V+92
j  org.apache.tomcat.util.threads.ThreadPoolExecutor$Worker.run()V+5
j  org.apache.tomcat.util.threads.TaskThread$WrappingRunnable.run()V+4
j  java.lang.Thread.run()V+11 java.base@17.0.8.1
v  ~StubRoutines::call_stub

siginfo: EXCEPTION_ACCESS_VIOLATION (0xc0000005), reading address 0x00000008c6a92040


Register to memory mapping:

RIP=0x00007ffd4188e8a3 jvm.dll
RAX=0x000000000000003c is an unknown value
RBX=0x00000200befba9e0 is a thread
RCX=0x00000008c6a91c98 is an unknown value
RDX=0x000000000000003c is an unknown value
RSP=0x000000fc5a6f9458 is pointing into the stack for thread: 0x00000200befba9e0
RBP=0x000000fc5a6f94c0 is pointing into the stack for thread: 0x00000200befba9e0
RSI=0x000000fc5a6f9528 is pointing into the stack for thread: 0x00000200befba9e0
RDI=0x000000000000003c is an unknown value
R8 =0x0000000800998828 is a pointer to class: 
org.springframework.security.web.servletapi.HttpServlet3RequestFactory$Servlet3SecurityContextHolderAwareRequestWrapper {0x0000000800998830}
 - instance size:     5
 - klass size:        261
 - access:            synchronized 
 - state:             fully_initialized
 - name:              'org/springframework/security/web/servletapi/HttpServlet3RequestFactory$Servlet3SecurityContextHolderAwareRequestWrapper'
 - super:             'org/springframework/security/web/servletapi/SecurityContextHolderAwareRequestWrapper'
 - sub:               
 - arrays:            NULL
 - methods:           Array<T>(0x00000200c600a540)
 - method ordering:   Array<T>(0x00000200b9000018)
 - default_methods:   Array<T>(0x0000000000000000)
 - local interfaces:  Array<T>(0x00000200b9000058)
 - trans. interfaces: Array<T>(0x00000200bcd219e8)
 - constants:         constant pool [276]/operands[5] {0x00000200c6009b68} for 'org/springframework/security/web/servletapi/HttpServlet3RequestFactory$Servlet3SecurityContextHolderAwareRequestWrapper' cache=0x00000200c600c2f0
 - class loader data:  loader data: 0x00000200b8b16a60 for instance a 'jdk/internal/loader/ClassLoaders$AppClassLoader'{0x0000000704fa1b88}
 - source file:       'HttpServlet3RequestFactory.java'
 - class annotations:       Array<T>(0x0000000000000000)
 - class type annotations:  Array<T>(0x0000000000000000)
 - field annotations:       Array<T>(0x0000000000000000)
 - field type annotations:  Array<T>(0x0000000000000000)
 - inner classes:     Array<T>(0x00000200c600aef8)
 - nest members:     Array<T>(0x00000200b9000028)
 - permitted subclasses:     Array<T>(0x00000200b9000028)
 - java mirror:       a 'java/lang/Class'{0x0000000706952250} = 'org/springframework/security/web/servletapi/HttpServlet3RequestFactory$Servlet3SecurityContextHolderAwareRequestWrapper'
 - vtable length      84  (start addr: 0x00000008009989f0)
 - itable length      119 (start addr: 0x0000000800998c90)
 - ---- static fields (0 words):
 - ---- non-static fields (6 words):
 - private 'request' 'Ljakarta/servlet/ServletRequest;' @12 
 - private 'securityContextHolderStrategy' 'Lorg/springframework/security/core/context/SecurityContextHolderStrategy;' @16 
 - private final 'trustResolver' 'Lorg/springframework/security/authentication/AuthenticationTrustResolver;' @20 
 - private final 'rolePrefix' 'Ljava/lang/String;' @24 
 - private final 'response' 'Ljakarta/servlet/http/HttpServletResponse;' @28 
 - final synthetic 'this$0' 'Lorg/springframework/security/web/servletapi/HttpServlet3RequestFactory;' @32 
 - non-static oop maps: 12-32 
R9 =0x00000200bef5efd0 points into unknown readable memory: 0x000000fc5a6fa5e0 | e0 a5 6f 5a fc 00 00 00
R10=0x00000200c01af520 points into unknown readable memory: 0x0000001e00000007 | 07 00 00 00 1e 00 00 00
R11={method} {0x00000200c600bb08} 'getUserPrincipal' '()Ljava/security/Principal;' in 'org/springframework/security/web/servletapi/SecurityContextHolderAwareRequestWrapper'
R12=0x0 is NULL
R13=0x0000000800998828 is a pointer to class: 
org.springframework.security.web.servletapi.HttpServlet3RequestFactory$Servlet3SecurityContextHolderAwareRequestWrapper {0x0000000800998830}
 - instance size:     5
 - klass size:        261
 - access:            synchronized 
 - state:             fully_initialized
 - name:              'org/springframework/security/web/servletapi/HttpServlet3RequestFactory$Servlet3SecurityContextHolderAwareRequestWrapper'
 - super:             'org/springframework/security/web/servletapi/SecurityContextHolderAwareRequestWrapper'
 - sub:               
 - arrays:            NULL
 - methods:           Array<T>(0x00000200c600a540)
 - method ordering:   Array<T>(0x00000200b9000018)
 - default_methods:   Array<T>(0x0000000000000000)
 - local interfaces:  Array<T>(0x00000200b9000058)
 - trans. interfaces: Array<T>(0x00000200bcd219e8)
 - constants:         constant pool [276]/operands[5] {0x00000200c6009b68} for 'org/springframework/security/web/servletapi/HttpServlet3RequestFactory$Servlet3SecurityContextHolderAwareRequestWrapper' cache=0x00000200c600c2f0
 - class loader data:  loader data: 0x00000200b8b16a60 for instance a 'jdk/internal/loader/ClassLoaders$AppClassLoader'{0x0000000704fa1b88}
 - source file:       'HttpServlet3RequestFactory.java'
 - class annotations:       Array<T>(0x0000000000000000)
 - class type annotations:  Array<T>(0x0000000000000000)
 - field annotations:       Array<T>(0x0000000000000000)
 - field type annotations:  Array<T>(0x0000000000000000)
 - inner classes:     Array<T>(0x00000200c600aef8)
 - nest members:     Array<T>(0x00000200b9000028)
 - permitted subclasses:     Array<T>(0x00000200b9000028)
 - java mirror:       a 'java/lang/Class'{0x0000000706952250} = 'org/springframework/security/web/servletapi/HttpServlet3RequestFactory$Servlet3SecurityContextHolderAwareRequestWrapper'
 - vtable length      84  (start addr: 0x00000008009989f0)
 - itable length      119 (start addr: 0x0000000800998c90)
 - ---- static fields (0 words):
 - ---- non-static fields (6 words):
 - private 'request' 'Ljakarta/servlet/ServletRequest;' @12 
 - private 'securityContextHolderStrategy' 'Lorg/springframework/security/core/context/SecurityContextHolderStrategy;' @16 
 - private final 'trustResolver' 'Lorg/springframework/security/authentication/AuthenticationTrustResolver;' @20 
 - private final 'rolePrefix' 'Ljava/lang/String;' @24 
 - private final 'response' 'Ljakarta/servlet/http/HttpServletResponse;' @28 
 - final synthetic 'this$0' 'Lorg/springframework/security/web/servletapi/HttpServlet3RequestFactory;' @32 
 - non-static oop maps: 12-32 
R14=0x00000008c6a91c98 is an unknown value
R15=0x000000fc5a6f9650 is pointing into the stack for thread: 0x00000200befba9e0


Registers:
RAX=0x000000000000003c, RBX=0x00000200befba9e0, RCX=0x00000008c6a91c98, RDX=0x000000000000003c
RSP=0x000000fc5a6f9458, RBP=0x000000fc5a6f94c0, RSI=0x000000fc5a6f9528, RDI=0x000000000000003c
R8 =0x0000000800998828, R9 =0x00000200bef5efd0, R10=0x00000200c01af520, R11=0x00000200c600bb00
R12=0x0000000000000000, R13=0x0000000800998828, R14=0x00000008c6a91c98, R15=0x000000fc5a6f9650
RIP=0x00007ffd4188e8a3, EFLAGS=0x0000000000010213

Top of Stack: (sp=0x000000fc5a6f9458)
0x000000fc5a6f9458:   00007ffd418b22ef 00000200befbac90
0x000000fc5a6f9468:   000000fc5a6f95a0 00000200c6009b60
0x000000fc5a6f9478:   00000200befba9e0 000000fc5a6f9538
0x000000fc5a6f9488:   00007ffd418ad46b 00001e7027405dba
0x000000fc5a6f9498:   0000000000000000 0000000000000000
0x000000fc5a6f94a8:   000000fc5a6f9650 0000000000000000
0x000000fc5a6f94b8:   0000000000000000 00000200c600ae61
0x000000fc5a6f94c8:   00000200c600ae61 000000fc5a6f9529
0x000000fc5a6f94d8:   00007ffd418b03e8 00000200bef5efd0
0x000000fc5a6f94e8:   00000008c6a91c98 000000fc5a6f9650
0x000000fc5a6f94f8:   00000200befba9e0 00000008c6a91c98
0x000000fc5a6f9508:   0000000300000001 00000200befba9e0
0x000000fc5a6f9518:   0000000000000000 00000200c600bb00
0x000000fc5a6f9528:   00000200c600bb00 00000200befba9e0
0x000000fc5a6f9538:   00000200be556860 00000200bdff5830
0x000000fc5a6f9548:   0000000800998828 0000000800998828 

Instructions: (pc=0x00007ffd4188e8a3)
0x00007ffd4188e7a3:   8d 8e 88 00 00 00 c7 40 08 02 00 00 00 48 89 48
0x00007ffd4188e7b3:   20 c6 40 0c 00 48 89 58 10 48 89 58 18 4c 89 38
0x00007ffd4188e7c3:   eb 03 48 8b c3 48 8b d0 49 8b ce e8 9d 1c 0e 00
0x00007ffd4188e7d3:   45 33 c0 41 8d 50 17 8d 4a 11 e8 0e 81 b6 ff 48
0x00007ffd4188e7e3:   85 c0 74 23 48 8d 8e 90 00 00 00 c7 40 08 02 00
0x00007ffd4188e7f3:   00 00 48 89 48 20 c6 40 0c 00 48 89 58 10 48 89
0x00007ffd4188e803:   58 18 4c 89 38 eb 03 48 8b c3 48 8b d0 49 8b ce
0x00007ffd4188e813:   e8 58 1c 0e 00 83 be a0 00 00 00 00 8b fb 4c 8b
0x00007ffd4188e823:   7c 24 48 7e 5b 48 8d 2d e9 6b 42 00 90 45 33 c0
0x00007ffd4188e833:   41 8d 50 17 8d 4a 11 e8 b1 80 b6 ff 48 85 c0 74
0x00007ffd4188e843:   27 48 63 d7 48 83 c2 39 c7 40 08 02 00 00 00 c6
0x00007ffd4188e853:   40 0c 00 48 89 58 10 48 89 58 18 48 8d 14 d6 48
0x00007ffd4188e863:   89 28 48 89 50 20 eb 03 48 8b c3 48 8b d0 49 8b
0x00007ffd4188e873:   ce e8 f7 1b 0e 00 ff c7 3b be a0 00 00 00 7c ad
0x00007ffd4188e883:   48 8b 5c 24 50 48 8b 6c 24 58 48 83 c4 20 41 5e
0x00007ffd4188e893:   5f 5e c3 cc cc cc cc cc cc cc cc cc cc 48 63 c2
0x00007ffd4188e8a3:   48 8b 84 c1 c8 01 00 00 c3 cc cc cc cc 48 89 5c
0x00007ffd4188e8b3:   24 08 48 89 6c 24 10 48 89 74 24 18 57 41 54 41
0x00007ffd4188e8c3:   55 41 56 41 57 48 83 ec 20 48 8b 99 88 00 00 00
0x00007ffd4188e8d3:   44 0f b6 e2 48 85 db 0f 84 32 01 00 00 8b 0d d2
0x00007ffd4188e8e3:   f1 66 00 65 48 8b 04 25 58 00 00 00 be 50 00 00
0x00007ffd4188e8f3:   00 bd 20 00 00 00 4c 8d 2c c8 0f 1f 00 48 8b 8b
0x00007ffd4188e903:   98 00 00 00 e8 84 74 cb ff 84 c0 0f 85 1d 01 00
0x00007ffd4188e913:   00 45 84 e4 0f 84 e5 00 00 00 48 8b 15 fc 0c 63
0x00007ffd4188e923:   00 48 85 d2 0f 84 d5 00 00 00 49 8b 7d 00 8b c6
0x00007ffd4188e933:   80 3c 38 00 75 0c e8 1a 22 35 00 48 8b 15 db 0c
0x00007ffd4188e943:   63 00 8b c5 48 8b 0c 38 48 8b b9 38 02 00 00 48
0x00007ffd4188e953:   8b 77 10 48 8b 6f 18 4c 8b 77 20 4c 8b 7f 28 48
0x00007ffd4188e963:   85 d2 74 6c 8b 43 08 85 c0 7e 18 8b 83 a4 00 00
0x00007ffd4188e973:   00 c1 e8 1a a8 01 74 32 48 8b 4b 18 e8 dc f3 ff
0x00007ffd4188e983:   ff eb 3e 3d 00 00 00 c0 7d 20 48 8b 83 e8 00 00
0x00007ffd4188e993:   00 8b 88 a4 00 00 00 c1 e9 1a f6 c1 01 74 0b 48 


Stack slot to memory mapping:
stack at sp + 0 slots: 0x00007ffd418b22ef jvm.dll
stack at sp + 1 slots: 0x00000200befbac90 points into unknown readable memory: 0x00007ffd41e54810 | 10 48 e5 41 fd 7f 00 00
stack at sp + 2 slots: 0x000000fc5a6f95a0 is pointing into the stack for thread: 0x00000200befba9e0
stack at sp + 3 slots: 0x00000200c6009b60 is pointing into metadata
stack at sp + 4 slots: 0x00000200befba9e0 is a thread
stack at sp + 5 slots: 0x000000fc5a6f9538 is pointing into the stack for thread: 0x00000200befba9e0
stack at sp + 6 slots: 0x00007ffd418ad46b jvm.dll
stack at sp + 7 slots: 0x00001e7027405dba is an unknown value


---------------  P R O C E S S  ---------------

Threads class SMR info:
_java_thread_list=0x00000200be2fbb10, length=30, elements={
0x00000200b8b3b2b0, 0x00000200b8b3d910, 0x00000200b8b60440, 0x00000200b8b64070,
0x00000200b8b65a40, 0x00000200b8b66400, 0x00000200b8b14170, 0x00000200b8b88040,
0x00000200b8ba1100, 0x00000200b8d06070, 0x00000200b8d258c0, 0x00000200be392030,
0x00000200c16734d0, 0x00000200bf639e80, 0x00000200bf639460, 0x00000200bf638020,
0x00000200bf63b2c0, 0x00000200bf638530, 0x00000200bf638f50, 0x00000200bf639970,
0x00000200bf63a8a0, 0x00000200befb3060, 0x00000200befb8670, 0x00000200befba9e0,
0x00000200befb95a0, 0x00000200befb7230, 0x00000200befba4d0, 0x00000200befb4ec0,
0x00000200befb49b0, 0x00000200c1738cb0
}

Java Threads: ( => current thread )
  0x00000200b8b3b2b0 JavaThread "Reference Handler" daemon [_thread_blocked, id=14068, stack(0x000000fc58800000,0x000000fc58900000)]
  0x00000200b8b3d910 JavaThread "Finalizer" daemon [_thread_blocked, id=16932, stack(0x000000fc58900000,0x000000fc58a00000)]
  0x00000200b8b60440 JavaThread "Signal Dispatcher" daemon [_thread_blocked, id=14032, stack(0x000000fc58a00000,0x000000fc58b00000)]
  0x00000200b8b64070 JavaThread "Attach Listener" daemon [_thread_blocked, id=11980, stack(0x000000fc58b00000,0x000000fc58c00000)]
  0x00000200b8b65a40 JavaThread "Service Thread" daemon [_thread_blocked, id=1572, stack(0x000000fc58c00000,0x000000fc58d00000)]
  0x00000200b8b66400 JavaThread "Monitor Deflation Thread" daemon [_thread_blocked, id=13748, stack(0x000000fc58d00000,0x000000fc58e00000)]
  0x00000200b8b14170 JavaThread "C2 CompilerThread0" daemon [_thread_blocked, id=15216, stack(0x000000fc58e00000,0x000000fc58f00000)]
  0x00000200b8b88040 JavaThread "C1 CompilerThread0" daemon [_thread_blocked, id=4784, stack(0x000000fc58f00000,0x000000fc59000000)]
  0x00000200b8ba1100 JavaThread "Sweeper thread" daemon [_thread_blocked, id=16412, stack(0x000000fc59000000,0x000000fc59100000)]
  0x00000200b8d06070 JavaThread "Notification Thread" daemon [_thread_blocked, id=3936, stack(0x000000fc59100000,0x000000fc59200000)]
  0x00000200b8d258c0 JavaThread "Common-Cleaner" daemon [_thread_blocked, id=10124, stack(0x000000fc59300000,0x000000fc59400000)]
  0x00000200be392030 JavaThread "Catalina-utility-1" [_thread_blocked, id=12204, stack(0x000000fc59800000,0x000000fc59900000)]
  0x00000200c16734d0 JavaThread "Catalina-utility-2" [_thread_blocked, id=13416, stack(0x000000fc59900000,0x000000fc59a00000)]
  0x00000200bf639e80 JavaThread "container-0" [_thread_blocked, id=8420, stack(0x000000fc59a00000,0x000000fc59b00000)]
  0x00000200bf639460 JavaThread "mssql-jdbc-shared-timer-core-0" daemon [_thread_blocked, id=12124, stack(0x000000fc59c00000,0x000000fc59d00000)]
  0x00000200bf638020 JavaThread "HikariPool-1 housekeeper" daemon [_thread_blocked, id=10412, stack(0x000000fc59d00000,0x000000fc59e00000)]
  0x00000200bf63b2c0 JavaThread "http-nio-8080-exec-1" daemon [_thread_blocked, id=13300, stack(0x000000fc59f00000,0x000000fc5a000000)]
  0x00000200bf638530 JavaThread "http-nio-8080-exec-2" daemon [_thread_blocked, id=12836, stack(0x000000fc5a000000,0x000000fc5a100000)]
  0x00000200bf638f50 JavaThread "http-nio-8080-exec-3" daemon [_thread_blocked, id=3532, stack(0x000000fc5a100000,0x000000fc5a200000)]
  0x00000200bf639970 JavaThread "http-nio-8080-exec-4" daemon [_thread_blocked, id=15024, stack(0x000000fc5a200000,0x000000fc5a300000)]
  0x00000200bf63a8a0 JavaThread "http-nio-8080-exec-5" daemon [_thread_blocked, id=6092, stack(0x000000fc5a300000,0x000000fc5a400000)]
  0x00000200befb3060 JavaThread "http-nio-8080-exec-6" daemon [_thread_blocked, id=12044, stack(0x000000fc5a400000,0x000000fc5a500000)]
  0x00000200befb8670 JavaThread "http-nio-8080-exec-7" daemon [_thread_blocked, id=13284, stack(0x000000fc5a500000,0x000000fc5a600000)]
=>0x00000200befba9e0 JavaThread "http-nio-8080-exec-8" daemon [_thread_in_vm, id=16848, stack(0x000000fc5a600000,0x000000fc5a700000)]
  0x00000200befb95a0 JavaThread "http-nio-8080-exec-9" daemon [_thread_blocked, id=14884, stack(0x000000fc5a700000,0x000000fc5a800000)]
  0x00000200befb7230 JavaThread "http-nio-8080-exec-10" daemon [_thread_blocked, id=8592, stack(0x000000fc5a800000,0x000000fc5a900000)]
  0x00000200befba4d0 JavaThread "http-nio-8080-Poller" daemon [_thread_in_native, id=13228, stack(0x000000fc5a900000,0x000000fc5aa00000)]
  0x00000200befb4ec0 JavaThread "http-nio-8080-Acceptor" daemon [_thread_in_native, id=13872, stack(0x000000fc5aa00000,0x000000fc5ab00000)]
  0x00000200befb49b0 JavaThread "DestroyJavaVM" [_thread_blocked, id=7252, stack(0x000000fc58100000,0x000000fc58200000)]
  0x00000200c1738cb0 JavaThread "C2 CompilerThread1" daemon [_thread_in_native, id=14892, stack(0x000000fc59400000,0x000000fc59500000)]

Other Threads:
  0x00000200b8abd3c0 VMThread "VM Thread" [stack: 0x000000fc58700000,0x000000fc58800000] [id=12868]
  0x00000200b8d08560 WatcherThread [stack: 0x000000fc59200000,0x000000fc59300000] [id=8052]
  0x000002009aa3bd40 GCTaskThread "GC Thread#0" [stack: 0x000000fc58200000,0x000000fc58300000] [id=15816]
  0x00000200bd9ce7d0 GCTaskThread "GC Thread#1" [stack: 0x000000fc59500000,0x000000fc59600000] [id=12016]
  0x00000200bd9cea90 GCTaskThread "GC Thread#2" [stack: 0x000000fc59600000,0x000000fc59700000] [id=18212]
  0x00000200bda21860 GCTaskThread "GC Thread#3" [stack: 0x000000fc59700000,0x000000fc59800000] [id=17520]
  0x00000200b6590200 ConcurrentGCThread "G1 Main Marker" [stack: 0x000000fc58300000,0x000000fc58400000] [id=17420]
  0x000002009aa3e0f0 ConcurrentGCThread "G1 Conc#0" [stack: 0x000000fc58400000,0x000000fc58500000] [id=8804]
  0x00000200b6634910 ConcurrentGCThread "G1 Refine#0" [stack: 0x000000fc58500000,0x000000fc58600000] [id=17480]
  0x00000200b6635420 ConcurrentGCThread "G1 Service" [stack: 0x000000fc58600000,0x000000fc58700000] [id=14204]

Threads with active compile tasks:
C2 CompilerThread1    32311 6731       4       org.eclipse.jdt.internal.compiler.lookup.BinaryTypeBinding::createMethod (1719 bytes)

VM state: not at safepoint (normal execution)

VM Mutex/Monitor currently owned by a thread: None

Heap address: 0x0000000704c00000, size: 4020 MB, Compressed Oops mode: Zero based, Oop shift amount: 3

CDS archive(s) not mapped
Compressed class space mapped at: 0x0000000800000000-0x0000000840000000, reserved size: 1073741824
Narrow klass base: 0x0000000800000000, Narrow klass shift: 0, Narrow klass range: 0x40000000

GC Precious Log:
 CPUs: 4 total, 4 available
 Memory: 16079M
 Large Page Support: Disabled
 NUMA Support: Disabled
 Compressed Oops: Enabled (Zero based)
 Heap Region Size: 2M
 Heap Min Capacity: 8M
 Heap Initial Capacity: 252M
 Heap Max Capacity: 4020M
 Pre-touch: Disabled
 Parallel Workers: 4
 Concurrent Workers: 1
 Concurrent Refinement Workers: 4
 Periodic GC: Disabled

Heap:
 garbage-first heap   total 75776K, used 36777K [0x0000000704c00000, 0x0000000800000000)
  region size 2048K, 5 young (10240K), 2 survivors (4096K)
 Metaspace       used 86564K, committed 87168K, reserved 1179648K
  class space    used 10708K, committed 11008K, reserved 1048576K

Heap Regions: E=young(eden), S=young(survivor), O=old, HS=humongous(starts), HC=humongous(continues), CS=collection set, F=free, OA=open archive, CA=closed archive, TAMS=top-at-mark-start (previous, next)
|   0|0x0000000704c00000, 0x0000000704e00000, 0x0000000704e00000|100%| O|  |TAMS 0x0000000704e00000, 0x0000000704c00000| Untracked 
|   1|0x0000000704e00000, 0x0000000705000000, 0x0000000705000000|100%| O|  |TAMS 0x0000000705000000, 0x0000000704e00000| Untracked 
|   2|0x0000000705000000, 0x0000000705200000, 0x0000000705200000|100%| O|  |TAMS 0x0000000705200000, 0x0000000705000000| Untracked 
|   3|0x0000000705200000, 0x0000000705400000, 0x0000000705400000|100%| O|  |TAMS 0x0000000705400000, 0x0000000705200000| Untracked 
|   4|0x0000000705400000, 0x0000000705600000, 0x0000000705600000|100%| O|  |TAMS 0x0000000705400000, 0x0000000705400000| Untracked 
|   5|0x0000000705600000, 0x0000000705800000, 0x0000000705800000|100%| O|  |TAMS 0x0000000705800000, 0x0000000705600000| Untracked 
|   6|0x0000000705800000, 0x0000000705a00000, 0x0000000705a00000|100%| O|  |TAMS 0x0000000705a00000, 0x0000000705800000| Untracked 
|   7|0x0000000705a00000, 0x0000000705c00000, 0x0000000705c00000|100%| O|  |TAMS 0x0000000705c00000, 0x0000000705a00000| Untracked 
|   8|0x0000000705c00000, 0x0000000705e00000, 0x0000000705e00000|100%| O|  |TAMS 0x0000000705c00000, 0x0000000705c00000| Untracked 
|   9|0x0000000705e00000, 0x0000000706000000, 0x0000000706000000|100%| O|  |TAMS 0x0000000706000000, 0x0000000705e00000| Untracked 
|  10|0x0000000706000000, 0x0000000706200000, 0x0000000706200000|100%| O|  |TAMS 0x0000000706114600, 0x0000000706000000| Untracked 
|  11|0x0000000706200000, 0x0000000706400000, 0x0000000706400000|100%| O|  |TAMS 0x0000000706200000, 0x0000000706200000| Untracked 
|  12|0x0000000706400000, 0x0000000706600000, 0x0000000706600000|100%| O|  |TAMS 0x0000000706400000, 0x0000000706400000| Untracked 
|  13|0x0000000706600000, 0x0000000706800000, 0x0000000706800000|100%| O|  |TAMS 0x0000000706600000, 0x0000000706600000| Untracked 
|  14|0x0000000706800000, 0x0000000706a00000, 0x0000000706a00000|100%| O|  |TAMS 0x0000000706800000, 0x0000000706800000| Untracked 
|  15|0x0000000706a00000, 0x0000000706b46600, 0x0000000706c00000| 63%| O|  |TAMS 0x0000000706a00000, 0x0000000706a00000| Untracked 
|  16|0x0000000706c00000, 0x0000000706c00000, 0x0000000706e00000|  0%| F|  |TAMS 0x0000000706c00000, 0x0000000706c00000| Untracked 
|  17|0x0000000706e00000, 0x0000000706e00000, 0x0000000707000000|  0%| F|  |TAMS 0x0000000706e00000, 0x0000000706e00000| Untracked 
|  18|0x0000000707000000, 0x0000000707000000, 0x0000000707200000|  0%| F|  |TAMS 0x0000000707000000, 0x0000000707000000| Untracked 
|  19|0x0000000707200000, 0x0000000707200000, 0x0000000707400000|  0%| F|  |TAMS 0x0000000707200000, 0x0000000707200000| Untracked 
|  20|0x0000000707400000, 0x0000000707400000, 0x0000000707600000|  0%| F|  |TAMS 0x0000000707400000, 0x0000000707400000| Untracked 
|  21|0x0000000707600000, 0x00000007076a40a8, 0x0000000707800000| 32%| S|CS|TAMS 0x0000000707600000, 0x0000000707600000| Complete 
|  22|0x0000000707800000, 0x0000000707a00000, 0x0000000707a00000|100%| S|CS|TAMS 0x0000000707800000, 0x0000000707800000| Complete 
|  23|0x0000000707a00000, 0x0000000707a00000, 0x0000000707c00000|  0%| F|  |TAMS 0x0000000707a00000, 0x0000000707a00000| Untracked 
|  24|0x0000000707c00000, 0x0000000707c00000, 0x0000000707e00000|  0%| F|  |TAMS 0x0000000707c00000, 0x0000000707c00000| Untracked 
|  25|0x0000000707e00000, 0x0000000707e00000, 0x0000000708000000|  0%| F|  |TAMS 0x0000000707e00000, 0x0000000707e00000| Untracked 
|  26|0x0000000708000000, 0x0000000708000000, 0x0000000708200000|  0%| F|  |TAMS 0x0000000708000000, 0x0000000708000000| Untracked 
|  27|0x0000000708200000, 0x0000000708200000, 0x0000000708400000|  0%| F|  |TAMS 0x0000000708200000, 0x0000000708200000| Untracked 
|  28|0x0000000708400000, 0x0000000708400000, 0x0000000708600000|  0%| F|  |TAMS 0x0000000708400000, 0x0000000708400000| Untracked 
|  29|0x0000000708600000, 0x0000000708600000, 0x0000000708800000|  0%| F|  |TAMS 0x0000000708600000, 0x0000000708600000| Untracked 
|  30|0x0000000708800000, 0x0000000708800000, 0x0000000708a00000|  0%| F|  |TAMS 0x0000000708800000, 0x0000000708800000| Untracked 
|  31|0x0000000708a00000, 0x0000000708a00000, 0x0000000708c00000|  0%| F|  |TAMS 0x0000000708a00000, 0x0000000708a00000| Untracked 
|  42|0x000000070a000000, 0x000000070a000000, 0x000000070a200000|  0%| F|  |TAMS 0x000000070a000000, 0x000000070a000000| Untracked 
|  43|0x000000070a200000, 0x000000070a200000, 0x000000070a400000|  0%| F|  |TAMS 0x000000070a200000, 0x000000070a200000| Untracked 
|  44|0x000000070a400000, 0x000000070a590598, 0x000000070a600000| 78%| E|  |TAMS 0x000000070a400000, 0x000000070a400000| Complete 
|  45|0x000000070a600000, 0x000000070a800000, 0x000000070a800000|100%| E|  |TAMS 0x000000070a600000, 0x000000070a600000| Complete 
| 125|0x0000000714600000, 0x0000000714800000, 0x0000000714800000|100%| E|CS|TAMS 0x0000000714600000, 0x0000000714600000| Complete 

Card table byte_map: [0x00000200ad820000,0x00000200ae000000] _byte_map_base: 0x00000200a9ffa000

Marking Bits (Prev, Next): (CMBitMap*) 0x000002009aa3c760, (CMBitMap*) 0x000002009aa3c720
 Prev Bits: [0x00000200b26b0000, 0x00000200b6580000)
 Next Bits: [0x00000200ae7e0000, 0x00000200b26b0000)

Polling page: 0x0000020098300000

Metaspace:

Usage:
  Non-class:     74.08 MB used.
      Class:     10.46 MB used.
       Both:     84.54 MB used.

Virtual space:
  Non-class space:      128.00 MB reserved,      74.38 MB ( 58%) committed,  2 nodes.
      Class space:        1.00 GB reserved,      10.75 MB (  1%) committed,  1 nodes.
             Both:        1.12 GB reserved,      85.12 MB (  7%) committed. 

Chunk freelists:
   Non-Class:  5.42 MB
       Class:  5.31 MB
        Both:  10.73 MB

MaxMetaspaceSize: unlimited
CompressedClassSpaceSize: 1.00 GB
Initial GC threshold: 21.00 MB
Current GC threshold: 98.75 MB
CDS: off
MetaspaceReclaimPolicy: balanced
 - commit_granule_bytes: 65536.
 - commit_granule_words: 8192.
 - virtual_space_node_default_size: 8388608.
 - enlarge_chunks_in_place: 1.
 - new_chunks_are_fully_committed: 0.
 - uncommit_free_chunks: 1.
 - use_allocation_guard: 0.
 - handle_deallocations: 1.


Internal statistics:

num_allocs_failed_limit: 9.
num_arena_births: 820.
num_arena_deaths: 0.
num_vsnodes_births: 3.
num_vsnodes_deaths: 0.
num_space_committed: 1362.
num_space_uncommitted: 0.
num_chunks_returned_to_freelist: 9.
num_chunks_taken_from_freelist: 3467.
num_chunk_merges: 9.
num_chunk_splits: 2542.
num_chunks_enlarged: 2006.
num_inconsistent_stats: 0.

CodeHeap 'non-profiled nmethods': size=120000Kb used=4910Kb max_used=4910Kb free=115089Kb
 bounds [0x00000200a5b10000, 0x00000200a5fe0000, 0x00000200ad040000]
CodeHeap 'profiled nmethods': size=120000Kb used=13339Kb max_used=13339Kb free=106660Kb
 bounds [0x000002009e040000, 0x000002009ed50000, 0x00000200a5570000]
CodeHeap 'non-nmethods': size=5760Kb used=1399Kb max_used=1447Kb free=4360Kb
 bounds [0x00000200a5570000, 0x00000200a57e0000, 0x00000200a5b10000]
 total_blobs=6862 nmethods=6125 adapters=648
 compilation: enabled
              stopped_count=0, restarted_count=0
 full_count=0

Compilation events (20 events):
Event: 31.973 Thread 0x00000200b8b14170 6890       4       org.eclipse.jdt.internal.compiler.ClassFile::u1At (10 bytes)
Event: 31.973 Thread 0x00000200b8b88040 6892       3       org.eclipse.jdt.internal.compiler.lookup.LookupEnvironment::getResolvedType (80 bytes)
Event: 31.974 Thread 0x00000200b8b88040 nmethod 6892 0x000002009ed45f90 code [0x000002009ed46180, 0x000002009ed465d8]
Event: 31.974 Thread 0x00000200b8b88040 6879       3       org.eclipse.jdt.internal.compiler.codegen.ConstantPool::putInCacheIfAbsent (213 bytes)
Event: 31.974 Thread 0x00000200b8b14170 nmethod 6890 0x00000200a5fda090 code [0x00000200a5fda200, 0x00000200a5fda2d8]
Event: 31.974 Thread 0x00000200b8b14170 6786       4       org.eclipse.jdt.internal.compiler.lookup.Scope::environment (8 bytes)
Event: 31.975 Thread 0x00000200b8b14170 nmethod 6786 0x00000200a5fda390 code [0x00000200a5fda500, 0x00000200a5fda598]
Event: 31.975 Thread 0x00000200b8b14170 6896       4       org.apache.jasper.compiler.SmapUtil$SDEInstaller::writeU1 (19 bytes)
Event: 31.975 Thread 0x00000200b8b88040 nmethod 6879 0x000002009ed46810 code [0x000002009ed46ae0, 0x000002009ed47a58]
Event: 31.975 Thread 0x00000200b8b88040 6874       1       org.eclipse.jdt.internal.compiler.impl.StringConstant::stringValue (5 bytes)
Event: 31.976 Thread 0x00000200b8b88040 nmethod 6874 0x00000200a5fda690 code [0x00000200a5fda820, 0x00000200a5fda8f8]
Event: 31.976 Thread 0x00000200b8b14170 nmethod 6896 0x00000200a5fda990 code [0x00000200a5fdab00, 0x00000200a5fdabd8]
Event: 31.976 Thread 0x00000200b8b14170 6751       4       org.eclipse.jdt.internal.compiler.env.ITypeAnnotationWalker$1::toMethodParameter (2 bytes)
Event: 31.976 Thread 0x00000200b8b14170 nmethod 6751 0x00000200a5fdac90 code [0x00000200a5fdae00, 0x00000200a5fdae78]
Event: 31.976 Thread 0x00000200b8b14170 6889       4       org.eclipse.jdt.internal.compiler.ClassFile::u2At (29 bytes)
Event: 31.978 Thread 0x00000200b8b14170 nmethod 6889 0x00000200a5fdaf90 code [0x00000200a5fdb100, 0x00000200a5fdb218]
Event: 31.978 Thread 0x00000200b8b14170 6753       4       org.eclipse.jdt.internal.compiler.env.ITypeAnnotationWalker$1::toReceiver (2 bytes)
Event: 31.978 Thread 0x00000200b8b14170 nmethod 6753 0x00000200a5fdb310 code [0x00000200a5fdb480, 0x00000200a5fdb4f8]
Event: 31.978 Thread 0x00000200b8b14170 6762       4       org.eclipse.jdt.internal.compiler.env.ITypeAnnotationWalker$1::toMethodReturn (2 bytes)
Event: 31.978 Thread 0x00000200b8b14170 nmethod 6762 0x00000200a5fdb610 code [0x00000200a5fdb780, 0x00000200a5fdb7f8]

GC Heap History (20 events):
Event: 6.802 GC heap before
{Heap before GC invocations=11 (full 0):
 garbage-first heap   total 75776K, used 21809K [0x0000000704c00000, 0x0000000800000000)
  region size 2048K, 3 young (6144K), 2 survivors (4096K)
 Metaspace       used 42338K, committed 42816K, reserved 1114112K
  class space    used 4952K, committed 5184K, reserved 1048576K
}
Event: 6.809 GC heap after
{Heap after GC invocations=12 (full 0):
 garbage-first heap   total 75776K, used 19850K [0x0000000704c00000, 0x0000000800000000)
  region size 2048K, 1 young (2048K), 1 survivors (2048K)
 Metaspace       used 42338K, committed 42816K, reserved 1114112K
  class space    used 4952K, committed 5184K, reserved 1048576K
}
Event: 8.111 GC heap before
{Heap before GC invocations=12 (full 0):
 garbage-first heap   total 75776K, used 50570K [0x0000000704c00000, 0x0000000800000000)
  region size 2048K, 17 young (34816K), 1 survivors (2048K)
 Metaspace       used 52420K, committed 52928K, reserved 1114112K
  class space    used 6268K, committed 6528K, reserved 1048576K
}
Event: 8.116 GC heap after
{Heap after GC invocations=13 (full 0):
 garbage-first heap   total 75776K, used 21679K [0x0000000704c00000, 0x0000000800000000)
  region size 2048K, 2 young (4096K), 2 survivors (4096K)
 Metaspace       used 52420K, committed 52928K, reserved 1114112K
  class space    used 6268K, committed 6528K, reserved 1048576K
}
Event: 9.380 GC heap before
{Heap before GC invocations=13 (full 0):
 garbage-first heap   total 75776K, used 52399K [0x0000000704c00000, 0x0000000800000000)
  region size 2048K, 18 young (36864K), 2 survivors (4096K)
 Metaspace       used 60045K, committed 60416K, reserved 1114112K
  class space    used 7368K, committed 7552K, reserved 1048576K
}
Event: 9.388 GC heap after
{Heap after GC invocations=14 (full 0):
 garbage-first heap   total 75776K, used 23964K [0x0000000704c00000, 0x0000000800000000)
  region size 2048K, 3 young (6144K), 3 survivors (6144K)
 Metaspace       used 60045K, committed 60416K, reserved 1114112K
  class space    used 7368K, committed 7552K, reserved 1048576K
}
Event: 10.468 GC heap before
{Heap before GC invocations=15 (full 0):
 garbage-first heap   total 75776K, used 54684K [0x0000000704c00000, 0x0000000800000000)
  region size 2048K, 18 young (36864K), 3 survivors (6144K)
 Metaspace       used 65907K, committed 66368K, reserved 1114112K
  class space    used 8327K, committed 8512K, reserved 1048576K
}
Event: 10.477 GC heap after
{Heap after GC invocations=16 (full 0):
 garbage-first heap   total 75776K, used 25552K [0x0000000704c00000, 0x0000000800000000)
  region size 2048K, 2 young (4096K), 2 survivors (4096K)
 Metaspace       used 65907K, committed 66368K, reserved 1114112K
  class space    used 8327K, committed 8512K, reserved 1048576K
}
Event: 10.540 GC heap before
{Heap before GC invocations=16 (full 0):
 garbage-first heap   total 75776K, used 27600K [0x0000000704c00000, 0x0000000800000000)
  region size 2048K, 3 young (6144K), 2 survivors (4096K)
 Metaspace       used 66183K, committed 66688K, reserved 1114112K
  class space    used 8364K, committed 8640K, reserved 1048576K
}
Event: 10.554 GC heap after
{Heap after GC invocations=17 (full 0):
 garbage-first heap   total 75776K, used 25598K [0x0000000704c00000, 0x0000000800000000)
  region size 2048K, 1 young (2048K), 1 survivors (2048K)
 Metaspace       used 66183K, committed 66688K, reserved 1114112K
  class space    used 8364K, committed 8640K, reserved 1048576K
}
Event: 11.261 GC heap before
{Heap before GC invocations=17 (full 0):
 garbage-first heap   total 75776K, used 56318K [0x0000000704c00000, 0x0000000800000000)
  region size 2048K, 16 young (32768K), 1 survivors (2048K)
 Metaspace       used 69386K, committed 69952K, reserved 1114112K
  class space    used 8811K, committed 9088K, reserved 1048576K
}
Event: 11.264 GC heap after
{Heap after GC invocations=18 (full 0):
 garbage-first heap   total 75776K, used 26764K [0x0000000704c00000, 0x0000000800000000)
  region size 2048K, 1 young (2048K), 1 survivors (2048K)
 Metaspace       used 69386K, committed 69952K, reserved 1114112K
  class space    used 8811K, committed 9088K, reserved 1048576K
}
Event: 12.159 GC heap before
{Heap before GC invocations=18 (full 0):
 garbage-first heap   total 75776K, used 57484K [0x0000000704c00000, 0x0000000800000000)
  region size 2048K, 16 young (32768K), 1 survivors (2048K)
 Metaspace       used 72885K, committed 73408K, reserved 1114112K
  class space    used 9330K, committed 9600K, reserved 1048576K
}
Event: 12.166 GC heap after
{Heap after GC invocations=19 (full 0):
 garbage-first heap   total 75776K, used 29289K [0x0000000704c00000, 0x0000000800000000)
  region size 2048K, 2 young (4096K), 2 survivors (4096K)
 Metaspace       used 72885K, committed 73408K, reserved 1114112K
  class space    used 9330K, committed 9600K, reserved 1048576K
}
Event: 24.000 GC heap before
{Heap before GC invocations=19 (full 0):
 garbage-first heap   total 75776K, used 55913K [0x0000000704c00000, 0x0000000800000000)
  region size 2048K, 16 young (32768K), 2 survivors (4096K)
 Metaspace       used 76816K, committed 77376K, reserved 1179648K
  class space    used 9776K, committed 10048K, reserved 1048576K
}
Event: 24.012 GC heap after
{Heap after GC invocations=20 (full 0):
 garbage-first heap   total 75776K, used 32180K [0x0000000704c00000, 0x0000000800000000)
  region size 2048K, 2 young (4096K), 2 survivors (4096K)
 Metaspace       used 76816K, committed 77376K, reserved 1179648K
  class space    used 9776K, committed 10048K, reserved 1048576K
}
Event: 24.677 GC heap before
{Heap before GC invocations=20 (full 0):
 garbage-first heap   total 75776K, used 54708K [0x0000000704c00000, 0x0000000800000000)
  region size 2048K, 14 young (28672K), 2 survivors (4096K)
 Metaspace       used 82306K, committed 82880K, reserved 1179648K
  class space    used 10204K, committed 10496K, reserved 1048576K
}
Event: 24.683 GC heap after
{Heap after GC invocations=21 (full 0):
 garbage-first heap   total 75776K, used 33464K [0x0000000704c00000, 0x0000000800000000)
  region size 2048K, 1 young (2048K), 1 survivors (2048K)
 Metaspace       used 82306K, committed 82880K, reserved 1179648K
  class space    used 10204K, committed 10496K, reserved 1048576K
}
Event: 31.793 GC heap before
{Heap before GC invocations=21 (full 0):
 garbage-first heap   total 75776K, used 58040K [0x0000000704c00000, 0x0000000800000000)
  region size 2048K, 14 young (28672K), 1 survivors (2048K)
 Metaspace       used 86318K, committed 86848K, reserved 1179648K
  class space    used 10706K, committed 10944K, reserved 1048576K
}
Event: 31.798 GC heap after
{Heap after GC invocations=22 (full 0):
 garbage-first heap   total 75776K, used 34729K [0x0000000704c00000, 0x0000000800000000)
  region size 2048K, 2 young (4096K), 2 survivors (4096K)
 Metaspace       used 86318K, committed 86848K, reserved 1179648K
  class space    used 10706K, committed 10944K, reserved 1048576K
}

Dll operation events (9 events):
Event: 0.017 Loaded shared library C:\Users\JPiccione\.p2\pool\plugins\org.eclipse.justj.openjdk.hotspot.jre.full.win32.x86_64_17.0.8.v20230831-1047\jre\bin\java.dll
Event: 0.237 Loaded shared library C:\Users\JPiccione\.p2\pool\plugins\org.eclipse.justj.openjdk.hotspot.jre.full.win32.x86_64_17.0.8.v20230831-1047\jre\bin\jimage.dll
Event: 0.252 Loaded shared library C:\Users\JPiccione\.p2\pool\plugins\org.eclipse.justj.openjdk.hotspot.jre.full.win32.x86_64_17.0.8.v20230831-1047\jre\bin\net.dll
Event: 0.255 Loaded shared library C:\Users\JPiccione\.p2\pool\plugins\org.eclipse.justj.openjdk.hotspot.jre.full.win32.x86_64_17.0.8.v20230831-1047\jre\bin\nio.dll
Event: 0.262 Loaded shared library C:\Users\JPiccione\.p2\pool\plugins\org.eclipse.justj.openjdk.hotspot.jre.full.win32.x86_64_17.0.8.v20230831-1047\jre\bin\zip.dll
Event: 5.502 Loaded shared library C:\Users\JPiccione\.p2\pool\plugins\org.eclipse.justj.openjdk.hotspot.jre.full.win32.x86_64_17.0.8.v20230831-1047\jre\bin\sunmscapi.dll
Event: 5.536 Loaded shared library C:\Users\JPiccione\.p2\pool\plugins\org.eclipse.justj.openjdk.hotspot.jre.full.win32.x86_64_17.0.8.v20230831-1047\jre\bin\management.dll
Event: 5.540 Loaded shared library C:\Users\JPiccione\.p2\pool\plugins\org.eclipse.justj.openjdk.hotspot.jre.full.win32.x86_64_17.0.8.v20230831-1047\jre\bin\management_ext.dll
Event: 7.122 Loaded shared library C:\Users\JPiccione\.p2\pool\plugins\org.eclipse.justj.openjdk.hotspot.jre.full.win32.x86_64_17.0.8.v20230831-1047\jre\bin\verify.dll

Deoptimization events (20 events):
Event: 31.516 Thread 0x00000200befb8670 DEOPT PACKING pc=0x000002009ec4fb92 sp=0x000000fc5a5fcea0
Event: 31.516 Thread 0x00000200befb8670 DEOPT UNPACKING pc=0x00000200a55c7143 sp=0x000000fc5a5fc380 mode 0
Event: 31.517 Thread 0x00000200befb8670 DEOPT PACKING pc=0x000002009ec4fb92 sp=0x000000fc5a5fcea0
Event: 31.517 Thread 0x00000200befb8670 DEOPT UNPACKING pc=0x00000200a55c7143 sp=0x000000fc5a5fc380 mode 0
Event: 31.518 Thread 0x00000200befb8670 DEOPT PACKING pc=0x000002009ec4fb92 sp=0x000000fc5a5fcea0
Event: 31.518 Thread 0x00000200befb8670 DEOPT UNPACKING pc=0x00000200a55c7143 sp=0x000000fc5a5fc380 mode 0
Event: 31.519 Thread 0x00000200befb8670 DEOPT PACKING pc=0x000002009ec4fb92 sp=0x000000fc5a5fcea0
Event: 31.519 Thread 0x00000200befb8670 DEOPT UNPACKING pc=0x00000200a55c7143 sp=0x000000fc5a5fc380 mode 0
Event: 31.661 Thread 0x00000200befba9e0 Uncommon trap: trap_request=0xffffff45 fr.pc=0x00000200a5c00748 relative=0x0000000000000048
Event: 31.661 Thread 0x00000200befba9e0 Uncommon trap: reason=unstable_if action=reinterpret pc=0x00000200a5c00748 method=java.lang.StringConcatHelper.stringOf(Ljava/lang/Object;)Ljava/lang/String; @ 1 c2
Event: 31.661 Thread 0x00000200befba9e0 DEOPT PACKING pc=0x00000200a5c00748 sp=0x000000fc5a6f9e40
Event: 31.661 Thread 0x00000200befba9e0 DEOPT UNPACKING pc=0x00000200a55c69a3 sp=0x000000fc5a6f9dd0 mode 2
Event: 31.679 Thread 0x00000200befba9e0 Uncommon trap: trap_request=0xffffffde fr.pc=0x00000200a5b7b958 relative=0x0000000000001358
Event: 31.679 Thread 0x00000200befba9e0 Uncommon trap: reason=class_check action=maybe_recompile pc=0x00000200a5b7b958 method=jdk.internal.loader.URLClassPath.getLoader(I)Ljdk/internal/loader/URLClassPath$Loader; @ 88 c2
Event: 31.679 Thread 0x00000200befba9e0 DEOPT PACKING pc=0x00000200a5b7b958 sp=0x000000fc5a6f9c60
Event: 31.679 Thread 0x00000200befba9e0 DEOPT UNPACKING pc=0x00000200a55c69a3 sp=0x000000fc5a6f9ca0 mode 2
Event: 31.978 Thread 0x00000200befba9e0 Uncommon trap: trap_request=0xffffffde fr.pc=0x00000200a5b7b958 relative=0x0000000000001358
Event: 31.978 Thread 0x00000200befba9e0 Uncommon trap: reason=class_check action=maybe_recompile pc=0x00000200a5b7b958 method=jdk.internal.loader.URLClassPath.getLoader(I)Ljdk/internal/loader/URLClassPath$Loader; @ 88 c2
Event: 31.978 Thread 0x00000200befba9e0 DEOPT PACKING pc=0x00000200a5b7b958 sp=0x000000fc5a6fa1e0
Event: 31.978 Thread 0x00000200befba9e0 DEOPT UNPACKING pc=0x00000200a55c69a3 sp=0x000000fc5a6fa220 mode 2

Classes unloaded (0 events):
No events

Classes redefined (0 events):
No events

Internal exceptions (20 events):
Event: 11.415 Thread 0x000002009a9d1d80 Implicit null exception at 0x00000200a5c3d3c1 to 0x00000200a5c3d482
Event: 11.872 Thread 0x000002009a9d1d80 Exception <a 'sun/nio/fs/WindowsException'{0x00000007083da440}> (0x00000007083da440) 
thrown [s\src\hotspot\share\prims\jni.cpp, line 516]
Event: 11.949 Thread 0x000002009a9d1d80 Exception <a 'java/lang/IncompatibleClassChangeError'{0x0000000707f27450}: Found class java.lang.Object, but interface was expected> (0x0000000707f27450) 
thrown [s\src\hotspot\share\interpreter\linkResolver.cpp, line 826]
Event: 12.054 Thread 0x000002009a9d1d80 Exception <a 'java/lang/NoSuchMethodError'{0x0000000707dc2bf8}: 'void java.lang.invoke.DirectMethodHandle$Holder.invokeVirtual(java.lang.Object, java.lang.Object, long)'> (0x0000000707dc2bf8) 
thrown [s\src\hotspot\share\interpreter\linkResolver.cpp, line 759]
Event: 12.296 Thread 0x000002009a9d1d80 Exception <a 'java/lang/NoSuchMethodError'{0x000000070a464a70}: 'java.lang.Object java.lang.invoke.DirectMethodHandle$Holder.newInvokeSpecial(java.lang.Object, java.lang.Object, int, java.lang.Object, java.lang.Object)'> (0x000000070a464a70) 
thrown [s\src\hotspot\share\interpreter\linkResolver.cpp, line 759]
Event: 12.297 Thread 0x000002009a9d1d80 Exception <a 'java/lang/NoSuchMethodError'{0x000000070a4700e8}: 'java.lang.Object java.lang.invoke.DirectMethodHandle$Holder.invokeSpecial(java.lang.Object, java.lang.Object, int, java.lang.Object, int, java.lang.Object)'> (0x000000070a4700e8) 
thrown [s\src\hotspot\share\interpreter\linkResolver.cpp, line 759]
Event: 12.298 Thread 0x000002009a9d1d80 Exception <a 'java/lang/NoSuchMethodError'{0x000000070a477ef0}: 'java.lang.Object java.lang.invoke.DirectMethodHandle$Holder.newInvokeSpecial(java.lang.Object, java.lang.Object, int, java.lang.Object, int)'> (0x000000070a477ef0) 
thrown [s\src\hotspot\share\interpreter\linkResolver.cpp, line 759]
Event: 12.298 Thread 0x000002009a9d1d80 Exception <a 'java/lang/NoSuchMethodError'{0x000000070a47bff0}: 'java.lang.Object java.lang.invoke.DirectMethodHandle$Holder.invokeSpecial(java.lang.Object, java.lang.Object, java.lang.Object, int, java.lang.Object, int)'> (0x000000070a47bff0) 
thrown [s\src\hotspot\share\interpreter\linkResolver.cpp, line 759]
Event: 23.204 Thread 0x00000200bf63b2c0 Exception <a 'java/lang/NoSuchMethodError'{0x0000000708a7c820}: 'java.lang.Object java.lang.invoke.DirectMethodHandle$Holder.invokeSpecial(java.lang.Object, java.lang.Object, java.lang.Object, java.lang.Object, java.lang.Object, long)'> (0x0000000708a7c820) 
thrown [s\src\hotspot\share\interpreter\linkResolver.cpp, line 759]
Event: 23.205 Thread 0x00000200bf63b2c0 Exception <a 'java/lang/NoSuchMethodError'{0x0000000708a80260}: 'java.lang.Object java.lang.invoke.Invokers$Holder.linkToTargetMethod(java.lang.Object, java.lang.Object, java.lang.Object, long, java.lang.Object)'> (0x0000000708a80260) 
thrown [s\src\hotspot\share\interpreter\linkResolver.cpp, line 759]
Event: 23.261 Thread 0x00000200bf63b2c0 Exception <a 'java/lang/NoSuchMethodError'{0x0000000708bb6498}: getSession> (0x0000000708bb6498) 
thrown [s\src\hotspot\share\prims\jni.cpp, line 1073]
Event: 23.764 Thread 0x00000200bf638530 Implicit null exception at 0x00000200a5b5acd7 to 0x00000200a5b5b2c4
Event: 23.764 Thread 0x00000200bf638530 Implicit null exception at 0x00000200a5b53157 to 0x00000200a5b53718
Event: 24.858 Thread 0x00000200bf638530 Exception <a 'java/lang/AbstractMethodError'{0x000000070a478248}: Receiver class <unknown> does not define or inherit an implementation of the resolved method 'java.security.Principal getUserPrincipal()' of class org.springframework.security.web.servletapi.SecurityContextHolderAwareRequestWrapper.> (0x000000070a478248) 
thrown [s\src\hotspot\share\interpreter\linkResolver.cpp, line 1855]
Event: 24.875 Thread 0x00000200bf638530 Exception <a 'java/lang/AbstractMethodError'{0x000000070a4bf2c0}: Receiver class <unknown> does not define or inherit an implementation of the resolved method 'java.security.Principal getUserPrincipal()' of class org.springframework.security.web.servletapi.SecurityContextHolderAwareRequestWrapper.> (0x000000070a4bf2c0) 
thrown [s\src\hotspot\share\interpreter\linkResolver.cpp, line 1855]
Event: 24.940 Thread 0x00000200bf639970 Exception <a 'java/lang/NoSuchMethodError'{0x000000070a5bb880}: 'java.lang.Object java.lang.invoke.DirectMethodHandle$Holder.invokeStatic(java.lang.Object, int, int)'> (0x000000070a5bb880) 
thrown [s\src\hotspot\share\interpreter\linkResolver.cpp, line 759]
Event: 24.940 Thread 0x00000200befb3060 Exception <a 'java/lang/NoSuchMethodError'{0x000000070a5b6f18}: 'java.lang.Object java.lang.invoke.DirectMethodHandle$Holder.invokeStatic(java.lang.Object, int, int)'> (0x000000070a5b6f18) 
thrown [s\src\hotspot\share\interpreter\linkResolver.cpp, line 759]
Event: 24.940 Thread 0x00000200bf63a8a0 Exception <a 'java/lang/NoSuchMethodError'{0x000000070a576dd0}: 'java.lang.Object java.lang.invoke.DirectMethodHandle$Holder.invokeStatic(java.lang.Object, int, int)'> (0x000000070a576dd0) 
thrown [s\src\hotspot\share\interpreter\linkResolver.cpp, line 759]
Event: 24.940 Thread 0x00000200bf638f50 Exception <a 'java/lang/NoSuchMethodError'{0x000000070a52c430}: 'java.lang.Object java.lang.invoke.DirectMethodHandle$Holder.invokeStatic(java.lang.Object, int, int)'> (0x000000070a52c430) 
thrown [s\src\hotspot\share\interpreter\linkResolver.cpp, line 759]
Event: 31.327 Thread 0x00000200befb8670 Exception <a 'java/lang/NoSuchMethodError'{0x0000000708568178}: 'void java.lang.invoke.DirectMethodHandle$Holder.invokeSpecialIFC(java.lang.Object, java.lang.Object, int, java.lang.Object, java.lang.Object, java.lang.Object, java.lang.Object)'> (0x0000000708568178) 
thrown [s\src\hotspot\share\interpreter\linkResolver.cpp, line 759]

VM Operations (20 events):
Event: 24.871 Executing VM operation: HandshakeAllThreads
Event: 24.871 Executing VM operation: HandshakeAllThreads done
Event: 24.873 Executing VM operation: HandshakeAllThreads
Event: 24.873 Executing VM operation: HandshakeAllThreads done
Event: 24.874 Executing VM operation: get/set locals
Event: 24.874 Executing VM operation: get/set locals done
Event: 24.875 Executing VM operation: get/set locals
Event: 24.875 Executing VM operation: get/set locals done
Event: 25.887 Executing VM operation: Cleanup
Event: 25.887 Executing VM operation: Cleanup done
Event: 30.928 Executing VM operation: Cleanup
Event: 30.930 Executing VM operation: Cleanup done
Event: 31.157 Executing VM operation: HandshakeAllThreads
Event: 31.157 Executing VM operation: HandshakeAllThreads done
Event: 31.793 Executing VM operation: G1CollectForAllocation
Event: 31.798 Executing VM operation: G1CollectForAllocation done
Event: 31.983 Executing VM operation: get/set locals
Event: 31.983 Executing VM operation: get/set locals done
Event: 31.983 Executing VM operation: get/set locals
Event: 31.983 Executing VM operation: get/set locals done

Events (20 events):
Event: 24.846 loading class java/net/URLClassLoader$1 done
Event: 24.872 loading class sun/nio/cs/ISO_8859_1$Encoder
Event: 24.873 loading class sun/nio/cs/ISO_8859_1$Encoder done
Event: 24.873 loading class sun/nio/cs/Surrogate$Parser
Event: 24.873 loading class sun/nio/cs/Surrogate$Parser done
Event: 24.874 loading class sun/nio/cs/Surrogate
Event: 24.874 loading class sun/nio/cs/Surrogate done
Event: 24.920 loading class jdk/internal/access/foreign/MemorySegmentProxy
Event: 24.920 loading class jdk/internal/access/foreign/MemorySegmentProxy done
Event: 24.927 loading class java/util/concurrent/locks/ReentrantReadWriteLock$Sync$HoldCounter
Event: 24.927 loading class java/util/concurrent/locks/ReentrantReadWriteLock$Sync$HoldCounter done
Event: 24.932 Thread 0x00000200c102ff70 Thread added: 0x00000200c102ff70
Event: 24.941 loading class java/util/ArrayList$SubList$2
Event: 24.941 loading class java/util/ArrayList$SubList$2 done
Event: 24.963 loading class java/time/format/DateTimeFormatterBuilder$ZoneTextPrinterParser
Event: 24.966 loading class java/time/format/DateTimeFormatterBuilder$ZoneTextPrinterParser done
Event: 24.966 loading class java/time/format/DateTimeFormatterBuilder$ReducedPrinterParser
Event: 24.967 loading class java/time/format/DateTimeFormatterBuilder$ReducedPrinterParser done
Event: 26.218 Thread 0x00000200c102ff70 Thread exited: 0x00000200c102ff70
Event: 31.092 Thread 0x00000200c1738cb0 Thread added: 0x00000200c1738cb0


Dynamic libraries:
0x00007ff666180000 - 0x00007ff66618e000 	C:\Users\JPiccione\.p2\pool\plugins\org.eclipse.justj.openjdk.hotspot.jre.full.win32.x86_64_17.0.8.v20230831-1047\jre\bin\javaw.exe
0x00000200986d0000 - 0x00000200988c7000 	C:\windows\SYSTEM32\ntd1l.dll
0x00000200988d0000 - 0x000002009898d000 	C:\windows\System32\kern3l32.dll
0x00007ffd84d90000 - 0x00007ffd84f87000 	C:\windows\SYSTEM32\ntdll.dll
0x00007ffd84be0000 - 0x00007ffd84c9d000 	C:\windows\System32\KERNEL32.DLL
0x00007ffd82630000 - 0x00007ffd82926000 	C:\windows\System32\KERNELBASE.dll
0x00007ffd81ee0000 - 0x00007ffd821f3000 	C:\Program Files\SentinelOne\Sentinel Agent 23.1.4.650\InProcessClient64.dll
0x00007ffd83ab0000 - 0x00007ffd83b5e000 	C:\windows\System32\ADVAPI32.dll
0x00007ffd843a0000 - 0x00007ffd8443e000 	C:\windows\System32\msvcrt.dll
0x00007ffd82df0000 - 0x00007ffd82e8c000 	C:\windows\System32\sechost.dll
0x00007ffd83130000 - 0x00007ffd83256000 	C:\windows\System32\RPCRT4.dll
0x00007ffd82a60000 - 0x00007ffd82b60000 	C:\windows\System32\ucrtbase.dll
0x00007ffd76110000 - 0x00007ffd76127000 	C:\Users\JPiccione\.p2\pool\plugins\org.eclipse.justj.openjdk.hotspot.jre.full.win32.x86_64_17.0.8.v20230831-1047\jre\bin\jli.dll
0x00007ffd60ef0000 - 0x00007ffd60f09000 	C:\Users\JPiccione\.p2\pool\plugins\org.eclipse.justj.openjdk.hotspot.jre.full.win32.x86_64_17.0.8.v20230831-1047\jre\bin\VCRUNTIME140.dll
0x00007ffd84770000 - 0x00007ffd8490e000 	C:\windows\System32\USER32.dll
0x00007ffd57d80000 - 0x00007ffd5801a000 	C:\windows\WinSxS\amd64_microsoft.windows.common-controls_6595b64144ccf1df_6.0.19041.3570_none_60bb2a3971f3e41a\COMCTL32.dll
0x00007ffd82600000 - 0x00007ffd82622000 	C:\windows\System32\win32u.dll
0x00007ffd83b60000 - 0x00007ffd83b8c000 	C:\windows\System32\GDI32.dll
0x00007ffd824e0000 - 0x00007ffd825fa000 	C:\windows\System32\gdi32full.dll
0x00007ffd82930000 - 0x00007ffd829cd000 	C:\windows\System32\msvcp_win.dll
0x00007ffd81ed0000 - 0x00007ffd81eda000 	C:\windows\SYSTEM32\VERSION.dll
0x00007ffd81ec0000 - 0x00007ffd81ecb000 	C:\windows\SYSTEM32\FLTLIB.DLL
0x00007ffd830a0000 - 0x00007ffd830d0000 	C:\windows\System32\IMM32.DLL
0x00007ffd7a900000 - 0x00007ffd7a90c000 	C:\Users\JPiccione\.p2\pool\plugins\org.eclipse.justj.openjdk.hotspot.jre.full.win32.x86_64_17.0.8.v20230831-1047\jre\bin\vcruntime140_1.dll
0x00007ffd58cf0000 - 0x00007ffd58d81000 	C:\Users\JPiccione\.p2\pool\plugins\org.eclipse.justj.openjdk.hotspot.jre.full.win32.x86_64_17.0.8.v20230831-1047\jre\bin\msvcp140.dll
0x00007ffd41350000 - 0x00007ffd41f9c000 	C:\Users\JPiccione\.p2\pool\plugins\org.eclipse.justj.openjdk.hotspot.jre.full.win32.x86_64_17.0.8.v20230831-1047\jre\bin\server\jvm.dll
0x00007ffd81690000 - 0x00007ffd816db000 	C:\windows\SYSTEM32\POWRPROF.dll
0x00007ffd78b90000 - 0x00007ffd78b99000 	C:\windows\SYSTEM32\WSOCK32.dll
0x00007ffd844d0000 - 0x00007ffd8453b000 	C:\windows\System32\WS2_32.dll
0x00007ffd67830000 - 0x00007ffd67857000 	C:\windows\SYSTEM32\WINMM.dll
0x00007ffd81550000 - 0x00007ffd81562000 	C:\windows\SYSTEM32\UMPDC.dll
0x00007ffd7fd70000 - 0x00007ffd7fd82000 	C:\windows\SYSTEM32\kernel.appcore.dll
0x00007ffd7a5a0000 - 0x00007ffd7a5aa000 	C:\Users\JPiccione\.p2\pool\plugins\org.eclipse.justj.openjdk.hotspot.jre.full.win32.x86_64_17.0.8.v20230831-1047\jre\bin\jimage.dll
0x00007ffd78610000 - 0x00007ffd787f4000 	C:\windows\SYSTEM32\DBGHELP.DLL
0x00007ffd782a0000 - 0x00007ffd782d4000 	C:\windows\SYSTEM32\dbgcore.DLL
0x00007ffd829d0000 - 0x00007ffd82a52000 	C:\windows\System32\bcryptPrimitives.dll
0x00007ffd5b300000 - 0x00007ffd5b37b000 	C:\Program Files\SentinelOne\Sentinel Agent 23.1.4.650\SentinelJava64.dll
0x00007ffd84910000 - 0x00007ffd84a3b000 	C:\windows\System32\ole32.dll
0x00007ffd832e0000 - 0x00007ffd83634000 	C:\windows\System32\combase.dll
0x00007ffd7a4c0000 - 0x00007ffd7a4e5000 	C:\Users\JPiccione\.p2\pool\plugins\org.eclipse.justj.openjdk.hotspot.jre.full.win32.x86_64_17.0.8.v20230831-1047\jre\bin\java.dll
0x00007ffd79c30000 - 0x00007ffd79c48000 	C:\Users\JPiccione\.p2\pool\plugins\org.eclipse.justj.openjdk.hotspot.jre.full.win32.x86_64_17.0.8.v20230831-1047\jre\bin\zip.dll
0x00007ffd83c50000 - 0x00007ffd84394000 	C:\windows\System32\SHELL32.dll
0x00007ffd7fee0000 - 0x00007ffd8067b000 	C:\windows\SYSTEM32\windows.storage.dll
0x00007ffd81b70000 - 0x00007ffd81b9d000 	C:\windows\SYSTEM32\Wldp.dll
0x00007ffd83ba0000 - 0x00007ffd83c4d000 	C:\windows\System32\SHCORE.dll
0x00007ffd82e90000 - 0x00007ffd82ee5000 	C:\windows\System32\shlwapi.dll
0x00007ffd823a0000 - 0x00007ffd823c5000 	C:\windows\SYSTEM32\profapi.dll
0x00007ffd79730000 - 0x00007ffd79749000 	C:\Users\JPiccione\.p2\pool\plugins\org.eclipse.justj.openjdk.hotspot.jre.full.win32.x86_64_17.0.8.v20230831-1047\jre\bin\net.dll
0x00007ffd810f0000 - 0x00007ffd811fa000 	C:\windows\SYSTEM32\WINHTTP.dll
0x00007ffd818d0000 - 0x00007ffd8193a000 	C:\windows\system32\mswsock.dll
0x00007ffd78a50000 - 0x00007ffd78a65000 	C:\Users\JPiccione\.p2\pool\plugins\org.eclipse.justj.openjdk.hotspot.jre.full.win32.x86_64_17.0.8.v20230831-1047\jre\bin\nio.dll
0x00007ffd81ac0000 - 0x00007ffd81ad8000 	C:\windows\SYSTEM32\CRYPTSP.dll
0x00007ffd81060000 - 0x00007ffd81094000 	C:\windows\system32\rsaenh.dll
0x00007ffd82bb0000 - 0x00007ffd82bd7000 	C:\windows\System32\bcrypt.dll
0x00007ffd82360000 - 0x00007ffd8238e000 	C:\windows\SYSTEM32\USERENV.dll
0x00007ffd81ae0000 - 0x00007ffd81aec000 	C:\windows\SYSTEM32\CRYPTBASE.dll
0x00007ffd81570000 - 0x00007ffd815ab000 	C:\windows\SYSTEM32\IPHLPAPI.DLL
0x00007ffd84a50000 - 0x00007ffd84a58000 	C:\windows\System32\NSI.dll
0x00007ffd7bbd0000 - 0x00007ffd7bbe7000 	C:\windows\SYSTEM32\dhcpcsvc6.DLL
0x00007ffd7ba80000 - 0x00007ffd7ba9d000 	C:\windows\SYSTEM32\dhcpcsvc.DLL
0x00007ffd815c0000 - 0x00007ffd8168a000 	C:\windows\SYSTEM32\DNSAPI.dll
0x00007ffd7a4b0000 - 0x00007ffd7a4be000 	C:\Users\JPiccione\.p2\pool\plugins\org.eclipse.justj.openjdk.hotspot.jre.full.win32.x86_64_17.0.8.v20230831-1047\jre\bin\sunmscapi.dll
0x00007ffd82be0000 - 0x00007ffd82d3d000 	C:\windows\System32\CRYPT32.dll
0x00007ffd81be0000 - 0x00007ffd81c07000 	C:\windows\SYSTEM32\ncrypt.dll
0x00007ffd81ba0000 - 0x00007ffd81bdb000 	C:\windows\SYSTEM32\NTASN1.dll
0x00007ffd78b70000 - 0x00007ffd78b79000 	C:\Users\JPiccione\.p2\pool\plugins\org.eclipse.justj.openjdk.hotspot.jre.full.win32.x86_64_17.0.8.v20230831-1047\jre\bin\management.dll
0x00007ffd75e90000 - 0x00007ffd75e9b000 	C:\Users\JPiccione\.p2\pool\plugins\org.eclipse.justj.openjdk.hotspot.jre.full.win32.x86_64_17.0.8.v20230831-1047\jre\bin\management_ext.dll
0x00007ffd84a40000 - 0x00007ffd84a48000 	C:\windows\System32\PSAPI.DLL
0x00007ffd7a590000 - 0x00007ffd7a5a0000 	C:\Users\JPiccione\.p2\pool\plugins\org.eclipse.justj.openjdk.hotspot.jre.full.win32.x86_64_17.0.8.v20230831-1047\jre\bin\verify.dll
0x00007ffd78150000 - 0x00007ffd7815a000 	C:\Windows\System32\rasadhlp.dll
0x00007ffd7ca40000 - 0x00007ffd7cac2000 	C:\windows\System32\fwpuclnt.dll
0x00007ffd75540000 - 0x00007ffd75557000 	C:\windows\system32\napinsp.dll
0x00007ffd75480000 - 0x00007ffd7549b000 	C:\windows\system32\pnrpnsp.dll
0x00007ffd7d700000 - 0x00007ffd7d715000 	C:\windows\system32\wshbth.dll
0x00007ffd7a400000 - 0x00007ffd7a41d000 	C:\windows\system32\NLAapi.dll
0x00007ffd74ea0000 - 0x00007ffd74eb2000 	C:\windows\System32\winrnr.dll
0x00007ffd75ed0000 - 0x00007ffd75ed7000 	C:\windows\system32\wshunix.dll

dbghelp: loaded successfully - version: 4.0.5 - missing functions: none
symbol engine: initialized successfully - sym options: 0x614 - pdb path: .;C:\Users\JPiccione\.p2\pool\plugins\org.eclipse.justj.openjdk.hotspot.jre.full.win32.x86_64_17.0.8.v20230831-1047\jre\bin;C:\windows\SYSTEM32;C:\Program Files\SentinelOne\Sentinel Agent 23.1.4.650;C:\windows\WinSxS\amd64_microsoft.windows.common-controls_6595b64144ccf1df_6.0.19041.3570_none_60bb2a3971f3e41a;C:\Users\JPiccione\.p2\pool\plugins\org.eclipse.justj.openjdk.hotspot.jre.full.win32.x86_64_17.0.8.v20230831-1047\jre\bin\server

VM Arguments:
jvm_args: -Dfile.encoding=UTF-8 -XX:+ShowCodeDetailsInExceptionMessages -agentpath:C:\Program Files\SentinelOne\Sentinel Agent 23.1.4.650\SentinelJava64.dll 
java_command: com.spencer.ItemApp.ItemAppApplication
java_class_path (initial): C:\Users\JPiccione\OneDrive - Spencer Gifts LLC\Documents\ItemApp\target\classes;C:\Users\JPiccione\.m2\repository\org\springframework\boot\spring-boot-starter-data-jpa\3.1.4\spring-boot-starter-data-jpa-3.1.4.jar;C:\Users\JPiccione\.m2\repository\org\springframework\boot\spring-boot-starter-aop\3.1.4\spring-boot-starter-aop-3.1.4.jar;C:\Users\JPiccione\.m2\repository\org\aspectj\aspectjweaver\1.9.20\aspectjweaver-1.9.20.jar;C:\Users\JPiccione\.m2\repository\org\springframework\boot\spring-boot-starter-jdbc\3.1.4\spring-boot-starter-jdbc-3.1.4.jar;C:\Users\JPiccione\.m2\repository\com\zaxxer\HikariCP\5.0.1\HikariCP-5.0.1.jar;C:\Users\JPiccione\.m2\repository\org\springframework\spring-jdbc\6.0.12\spring-jdbc-6.0.12.jar;C:\Users\JPiccione\.m2\repository\org\hibernate\orm\hibernate-core\6.2.9.Final\hibernate-core-6.2.9.Final.jar;C:\Users\JPiccione\.m2\repository\jakarta\persistence\jakarta.persistence-api\3.1.0\jakarta.persistence-api-3.1.0.jar;C:\Users\JPiccione\.m2\repository\jakarta\transaction\jakarta.transaction-api\2.0.1\jakarta.transaction-api-2.0.1.jar;C:\Users\JPiccione\.m2\repository\org\jboss\logging\jboss-logging\3.5.3.Final\jboss-logging-3.5.3.Final.jar;C:\Users\JPiccione\.m2\repository\org\hibernate\common\hibernate-commons-annotations\6.0.6.Final\hibernate-commons-annotations-6.0.6.Final.jar;C:\Users\JPiccione\.m2\repository\io\smallrye\jandex\3.0.5\jandex-3.0.5.jar;C:\Users\JPiccione\.m2\repository\com\fasterxml\classmate\1.5.1\classmate-1.5.1.jar;C:\Users\JPiccione\.m2\repository\net\bytebuddy\byte-buddy\1.14.8\byte-buddy-1.14.8.jar;C:\Users\JPiccione\.m2\repository\org\glassfish\jaxb\jaxb-runtime\4.0.3\jaxb-runtime-4.0.3.jar;C:\Users\JPiccione\.m2\repository\org\glassfish\jaxb\jaxb-core\4.0.3\jaxb-core-4.0.3.jar;C:\Users\JPiccione\.m2\repository\org\eclipse\angus\angus-activation\2.0.1\angus-activation-2.0.1.jar;C:\Users\JPiccione\.m2\repository\org\glassfish\jaxb\txw2\4.0.3\txw2-4.0.3.jar;C:\Users\JPiccione\.m2\repositor
Launcher Type: SUN_STANDARD

[Global flags]
     intx CICompilerCount                          = 3                                         {product} {ergonomic}
     uint ConcGCThreads                            = 1                                         {product} {ergonomic}
     uint G1ConcRefinementThreads                  = 4                                         {product} {ergonomic}
   size_t G1HeapRegionSize                         = 2097152                                   {product} {ergonomic}
    uintx GCDrainStackTargetSize                   = 64                                        {product} {ergonomic}
   size_t InitialHeapSize                          = 264241152                                 {product} {ergonomic}
   size_t MarkStackSize                            = 4194304                                   {product} {ergonomic}
   size_t MaxHeapSize                              = 4215275520                                {product} {ergonomic}
   size_t MaxNewSize                               = 2529165312                                {product} {ergonomic}
   size_t MinHeapDeltaBytes                        = 2097152                                   {product} {ergonomic}
   size_t MinHeapSize                              = 8388608                                   {product} {ergonomic}
    uintx NonNMethodCodeHeapSize                   = 5832780                                {pd product} {ergonomic}
    uintx NonProfiledCodeHeapSize                  = 122912730                              {pd product} {ergonomic}
    uintx ProfiledCodeHeapSize                     = 122912730                              {pd product} {ergonomic}
    uintx ReservedCodeCacheSize                    = 251658240                              {pd product} {ergonomic}
     bool SegmentedCodeCache                       = true                                      {product} {ergonomic}
     bool ShowCodeDetailsInExceptionMessages       = true                                   {manageable} {command line}
   size_t SoftMaxHeapSize                          = 4215275520                             {manageable} {ergonomic}
     bool UseCompressedClassPointers               = true                           {product lp64_product} {ergonomic}
     bool UseCompressedOops                        = true                           {product lp64_product} {ergonomic}
     bool UseG1GC                                  = true                                      {product} {ergonomic}
     bool UseLargePagesIndividualAllocation        = false                                  {pd product} {ergonomic}

Logging:
Log output configuration:
 #0: stdout all=warning uptime,level,tags
 #1: stderr all=off uptime,level,tags

Environment Variables:
PATH=C:/Users/JPiccione/.p2/pool/plugins/org.eclipse.justj.openjdk.hotspot.jre.full.win32.x86_64_17.0.8.v20230831-1047/jre/bin/server;C:/Users/JPiccione/.p2/pool/plugins/org.eclipse.justj.openjdk.hotspot.jre.full.win32.x86_64_17.0.8.v20230831-1047/jre/bin;C:\Program Files\Common Files\Oracle\Java\javapath;C:\Program Files (x86)\Common Files\Oracle\Java\javapath;C:\Program Files\Microsoft\jdk-11.0.16.101-hotspot\bin;C:\Program Files (x86)\Business Objects\Common\3.5\bin\NOTES\;C:\Program Files (x86)\Business Objects\Common\3.5\bin\NOTES\DATA\;C:\windows\system32;C:\windows;C:\windows\System32\Wbem;C:\windows\System32\WindowsPowerShell\v1.0\;C:\windows\System32\OpenSSH\;C:\Program Files (x86)\IBM\Client Access\Emulator;C:\Program Files (x86)\IBM\Client Access\Shared;C:\Program Files (x86)\IBM\Client Access\;C:\Program Files (x86)\HEAT\;C:\Program Files (x86)\Microsoft SQL Server\160\DTS\Binn\;C:\Program Files\Azure Data Studio\bin;C:\Program Files\PuTTY\;C:\Program Files\Git\cmd;C:\Program Files\Microsoft SQL Server\150\Tools\Binn\;C:\Program Files\Microsoft SQL Server\Client SDK\ODBC\170\Tools\Binn\;C:\Program Files\dotnet\;C:\Program Files (x86)\Windows Kits\10\Windows Performance Toolkit\;c:\Program Files (x86)\Microsoft SQL Server\110\Tools\Binn\;c:\Program Files\Microsoft SQL Server\110\Tools\Binn\;c:\Program Files\Microsoft SQL Server\110\DTS\Binn\;C:\Program Files (x86)\Microsoft SQL Server\150\Tools\Binn\;C:\Program Files\Microsoft SQL Server\150\DTS\Binn\;C:\Users\JPiccione\AppData\Local\Microsoft\WindowsApps;C:\Program Files\Azure Data Studio\bin;C:\Users\JPiccione\.dotnet\tools;C:\Users\JPiccione\AppData\Local\Programs\Azure Data Studio\bin;C:\Program Files\JetBrains\IntelliJ IDEA 2023.2\bin;;C:\Users\JPiccione\AppData\Local\GitHubDesktop\bin;C:\Users\JPiccione\OneDrive - Spencer Gifts LLC\Desktop;
USERNAME=JPiccione
OS=Windows_NT
PROCESSOR_IDENTIFIER=Intel64 Family 6 Model 61 Stepping 4, GenuineIntel
TMP=C:\Users\JPICCI~1\AppData\Local\Temp
TEMP=C:\Users\JPICCI~1\AppData\Local\Temp



---------------  S Y S T E M  ---------------

OS:
 Windows 10 , 64 bit Build 19041 (10.0.19041.3570)
OS uptime: 7 days 1:37 hours

CPU: total 4 (initial active 4) (2 cores per cpu, 2 threads per core) family 6 model 61 stepping 4 microcode 0x2d, cx8, cmov, fxsr, ht, mmx, 3dnowpref, sse, sse2, sse3, ssse3, sse4.1, sse4.2, popcnt, lzcnt, tsc, tscinvbit, avx, avx2, aes, erms, clmul, bmi1, bmi2, rtm, adx, fma, vzeroupper, clflush
Processor Information for all 4 processors :
  Max Mhz: 2594, Current Mhz: 2594, Mhz Limit: 2594

Memory: 4k page, system-wide physical 16079M (6717M free)
TotalPageFile size 18511M (AvailPageFile size 7147M)
current process WorkingSet (physical memory assigned to process): 305M, peak: 327M
current process commit charge ("private bytes"): 323M, peak: 373M

vm_info: OpenJDK 64-Bit Server VM (17.0.8.1+1) for windows-amd64 JRE (17.0.8.1+1), built on Aug 23 2023 15:29:17 by "admin" with MS VC++ 16.7 (VS2019)

END.
